2021-03-18 21:46:18,864 INFO  [main] root: Creating Storage Files
2021-03-18 21:46:18,866 INFO  [main] root: File created: server9.json
2021-03-18 21:46:18,866 INFO  [main] root: File created: server9_replica_1.json
2021-03-18 21:46:18,867 INFO  [main] root: File created: server9_replica_2.json
2021-03-18 21:46:18,868 INFO  [Thread-0] root: Initialize server ...
2021-03-18 21:46:18,889 INFO  [Thread-0] root: Server listening on port: 50008
2021-03-18 21:46:18,921 INFO  [Thread-0] org.apache.zookeeper.ZooKeeper: Client environment:zookeeper.version=3.6.2--803c7f1a12f85978cb049af5e4ef23bd8b688715, built on 09/04/2020 12:44 GMT
2021-03-18 21:46:18,922 INFO  [Thread-0] org.apache.zookeeper.ZooKeeper: Client environment:host.name=localhost
2021-03-18 21:46:18,922 INFO  [Thread-0] org.apache.zookeeper.ZooKeeper: Client environment:java.version=11.0.10
2021-03-18 21:46:18,922 INFO  [Thread-0] org.apache.zookeeper.ZooKeeper: Client environment:java.vendor=Azul Systems, Inc.
2021-03-18 21:46:18,922 INFO  [Thread-0] org.apache.zookeeper.ZooKeeper: Client environment:java.home=/Users/steve/Library/Java/JavaVirtualMachines/azul-11.0.10/Contents/Home
2021-03-18 21:46:18,922 INFO  [Thread-0] org.apache.zookeeper.ZooKeeper: Client environment:java.class.path=/Users/steve/Desktop/UofT/year4/winter2021/ECE419/milestone3/m3-server.jar
2021-03-18 21:46:18,922 INFO  [Thread-0] org.apache.zookeeper.ZooKeeper: Client environment:java.library.path=/Users/steve/Library/Java/Extensions:/Library/Java/Extensions:/Network/Library/Java/Extensions:/System/Library/Java/Extensions:/usr/lib/java:.
2021-03-18 21:46:18,922 INFO  [Thread-0] org.apache.zookeeper.ZooKeeper: Client environment:java.io.tmpdir=/var/folders/kz/3gb57nkn6ks6_07_dtt5lqvr0000gn/T/
2021-03-18 21:46:18,922 INFO  [Thread-0] org.apache.zookeeper.ZooKeeper: Client environment:java.compiler=<NA>
2021-03-18 21:46:18,923 INFO  [Thread-0] org.apache.zookeeper.ZooKeeper: Client environment:os.name=Mac OS X
2021-03-18 21:46:18,923 INFO  [Thread-0] org.apache.zookeeper.ZooKeeper: Client environment:os.arch=x86_64
2021-03-18 21:46:18,923 INFO  [Thread-0] org.apache.zookeeper.ZooKeeper: Client environment:os.version=10.16
2021-03-18 21:46:18,923 INFO  [Thread-0] org.apache.zookeeper.ZooKeeper: Client environment:user.name=steve
2021-03-18 21:46:18,923 INFO  [Thread-0] org.apache.zookeeper.ZooKeeper: Client environment:user.home=/Users/steve
2021-03-18 21:46:18,923 INFO  [Thread-0] org.apache.zookeeper.ZooKeeper: Client environment:user.dir=/Users/steve
2021-03-18 21:46:18,923 INFO  [Thread-0] org.apache.zookeeper.ZooKeeper: Client environment:os.memory.free=249MB
2021-03-18 21:46:18,923 INFO  [Thread-0] org.apache.zookeeper.ZooKeeper: Client environment:os.memory.max=4096MB
2021-03-18 21:46:18,924 INFO  [Thread-0] org.apache.zookeeper.ZooKeeper: Client environment:os.memory.total=256MB
2021-03-18 21:46:18,928 INFO  [Thread-0] org.apache.zookeeper.ZooKeeper: Initiating client connection, connectString=localhost:2181 sessionTimeout=3000 watcher=app_kvServer.KVServer$1@5a87eda6
2021-03-18 21:46:18,933 INFO  [Thread-0] org.apache.zookeeper.common.X509Util: Setting -D jdk.tls.rejectClientInitiatedRenegotiation=true to disable client-initiated TLS renegotiation
2021-03-18 21:46:18,950 INFO  [Thread-0] org.apache.zookeeper.ClientCnxnSocket: jute.maxbuffer value is 1048575 Bytes
2021-03-18 21:46:18,959 INFO  [Thread-0] org.apache.zookeeper.ClientCnxn: zookeeper.request.timeout value is 0. feature enabled=false
2021-03-18 21:46:18,973 DEBUG [Thread-0-SendThread(localhost:2181)] org.apache.zookeeper.SaslServerPrincipal: Canonicalized address to localhost
2021-03-18 21:46:18,975 INFO  [Thread-0-SendThread(localhost:2181)] org.apache.zookeeper.ClientCnxn: Opening socket connection to server localhost/0:0:0:0:0:0:0:1:2181.
2021-03-18 21:46:18,975 INFO  [Thread-0-SendThread(localhost:2181)] org.apache.zookeeper.ClientCnxn: SASL config status: Will not attempt to authenticate using SASL (unknown error)
2021-03-18 21:46:18,999 INFO  [Thread-0-SendThread(localhost:2181)] org.apache.zookeeper.ClientCnxn: Socket connection established, initiating session, client: /0:0:0:0:0:0:0:1:50768, server: localhost/0:0:0:0:0:0:0:1:2181
2021-03-18 21:46:19,000 DEBUG [Thread-0-SendThread(localhost:2181)] org.apache.zookeeper.ClientCnxn: Session establishment request sent on localhost/0:0:0:0:0:0:0:1:2181
2021-03-18 21:46:19,032 TRACE [Thread-0-SendThread(localhost:2181)] org.apache.zookeeper.ClientCnxnSocket: readConnectResult 37 0x[0,0,0,0,0,0,f,ffffffa0,1,0,14,ffffffbd,52,70,0,1e,0,0,0,10,ffffffef,2,2b,28,ffffff87,36,fffffff0,ffffffdb,51,6e,6b,ffffffe3,72,7a,ffffff80,ffffff96,0,]
2021-03-18 21:46:19,033 INFO  [Thread-0-SendThread(localhost:2181)] org.apache.zookeeper.ClientCnxn: Session establishment complete on server localhost/0:0:0:0:0:0:0:1:2181, session id = 0x10014bd5270001e, negotiated timeout = 4000
2021-03-18 21:46:19,036 DEBUG [Thread-0-EventThread] root: ZK event: 
2021-03-18 21:46:19,036 DEBUG [Thread-0-EventThread] root: WatchedEvent state:SyncConnected type:None path:null
2021-03-18 21:46:19,064 DEBUG [Thread-0-SendThread(localhost:2181)] org.apache.zookeeper.ClientCnxn: Reading reply session id: 0x10014bd5270001e, packet:: clientPath:null serverPath:null finished:false header:: 1,1  replyHeader:: 1,92,0  request:: '/keeper/server9,,v{s{31,s{'world,'anyone}}},1  response:: '/keeper/server9 
2021-03-18 21:46:19,070 DEBUG [Thread-0-SendThread(localhost:2181)] org.apache.zookeeper.ClientCnxn: Reading reply session id: 0x10014bd5270001e, packet:: clientPath:null serverPath:null finished:false header:: 2,3  replyHeader:: 2,92,0  request:: '/keeper/server9,T  response:: s{92,92,1616118379036,1616118379036,0,0,0,72080397402374174,0,0,92} 
2021-03-18 21:46:19,097 DEBUG [Thread-0-SendThread(localhost:2181)] org.apache.zookeeper.ClientCnxn: Got notification session id: 0x10014bd5270001e
2021-03-18 21:46:19,099 DEBUG [Thread-0-SendThread(localhost:2181)] org.apache.zookeeper.ClientCnxn: Got WatchedEvent state:SyncConnected type:NodeDataChanged path:/keeper/server9 for session id 0x10014bd5270001e
2021-03-18 21:46:19,100 DEBUG [Thread-0-EventThread] root: ZK event: 
2021-03-18 21:46:19,100 DEBUG [Thread-0-EventThread] root: WatchedEvent state:SyncConnected type:NodeDataChanged path:/keeper/server9
2021-03-18 21:46:19,101 DEBUG [Thread-0-SendThread(localhost:2181)] org.apache.zookeeper.ClientCnxn: Reading reply session id: 0x10014bd5270001e, packet:: clientPath:null serverPath:null finished:false header:: 3,5  replyHeader:: 3,93,0  request:: '/keeper/server9,#3132372e302e302e313a3530303038,0  response:: s{92,93,1616118379036,1616118379071,1,0,0,72080397402374174,15,0,92} 
2021-03-18 21:46:19,102 INFO  [Thread-0] root: Node created at: /keeper/server9
Starting commModule
2021-03-18 21:46:19,109 INFO  [Thread-0] root: Server communication module connected
2021-03-18 21:46:19,110 INFO  [Thread-0] root: Connected to localhost on port 50769
2021-03-18 21:46:19,122 INFO  [Thread-1] root: Message received by server -> Status: INIT_SERVER
received adminmsg
2021-03-18 21:46:19,123 INFO  [Thread-1] root: Message sent by server -> Status: INIT_SERVER_SUCCESS
2021-03-18 21:46:19,125 INFO  [Thread-1] root: Message received by server -> Status: START
received adminmsg
2021-03-18 21:46:19,125 INFO  [Thread-1] root: Message sent by server -> Status: START_SUCCESS
Starting commModule
2021-03-18 21:46:19,168 INFO  [Thread-0] root: Server communication module connected
2021-03-18 21:46:19,169 INFO  [Thread-0] root: Connected to localhost on port 50787
Starting commModule
2021-03-18 21:46:19,188 INFO  [Thread-0] root: Server communication module connected
2021-03-18 21:46:19,189 INFO  [Thread-0] root: Connected to localhost on port 50792
Starting commModule
2021-03-18 21:46:19,210 INFO  [Thread-0] root: Server communication module connected
2021-03-18 21:46:19,211 INFO  [Thread-0] root: Connected to localhost on port 50795
Starting commModule
2021-03-18 21:46:19,238 INFO  [Thread-0] root: Server communication module connected
2021-03-18 21:46:19,240 INFO  [Thread-0] root: Connected to localhost on port 50802
2021-03-18 21:46:19,241 INFO  [Thread-5] root: Message received by server -> Status: UPDATE
received adminmsg
2021-03-18 21:46:19,244 INFO  [Thread-5] root: Message sent by server -> Status: UPDATE_SUCCESS
Starting commModule
2021-03-18 21:46:19,266 INFO  [Thread-0] root: Server communication module connected
2021-03-18 21:46:19,267 INFO  [Thread-0] root: Connected to localhost on port 50814
Starting commModule
2021-03-18 21:46:19,274 INFO  [Thread-0] root: Server communication module connected
2021-03-18 21:46:19,275 INFO  [Thread-0] root: Connected to localhost on port 50819
Starting commModule
2021-03-18 21:46:19,276 INFO  [Thread-0] root: Server communication module connected
2021-03-18 21:46:19,277 INFO  [Thread-0] root: Connected to localhost on port 50821
2021-03-18 21:46:19,278 INFO  [Thread-8] root: Message received by server -> Status: PROPAGATE_ADMIN
received adminmsg
2021-03-18 21:46:19,284 DEBUG [Thread-8] root: Getting successors
2021-03-18 21:46:19,284 DEBUG [Thread-8] root: Got successors
2021-03-18 21:46:19,285 DEBUG [Thread-8] root: Propagating to: 127.0.0.1:50093 127.0.0.1:50072
2021-03-18 21:46:19,287 INFO  [Thread-8] root: Client communication module connected
2021-03-18 21:46:19,288 INFO  [Thread-8] root: Client communication module connected
2021-03-18 21:46:19,288 DEBUG [Thread-8] root: {}
2021-03-18 21:46:19,288 INFO  [Thread-8] root: Message sent by server -> Status: PROPAGATE_SUCCESS
Starting commModule
2021-03-18 21:46:20,092 INFO  [Thread-0] root: Server communication module connected
2021-03-18 21:46:20,093 INFO  [Thread-0] root: Connected to localhost on port 50833
2021-03-18 21:46:20,094 INFO  [Thread-9] root: Message received by server -> Status: UPDATE
received adminmsg
2021-03-18 21:46:20,096 INFO  [Thread-9] root: Message sent by server -> Status: UPDATE_SUCCESS
Starting commModule
2021-03-18 21:46:20,112 INFO  [Thread-0] root: Server communication module connected
2021-03-18 21:46:20,113 INFO  [Thread-0] root: Connected to localhost on port 50845
Starting commModule
2021-03-18 21:46:20,120 INFO  [Thread-0] root: Server communication module connected
2021-03-18 21:46:20,120 INFO  [Thread-0] root: Connected to localhost on port 50850
Starting commModule
2021-03-18 21:46:20,122 INFO  [Thread-0] root: Server communication module connected
2021-03-18 21:46:20,123 INFO  [Thread-0] root: Connected to localhost on port 50852
2021-03-18 21:46:20,125 INFO  [Thread-12] root: Message received by server -> Status: PROPAGATE_ADMIN
received adminmsg
2021-03-18 21:46:20,125 DEBUG [Thread-12] root: Getting successors
2021-03-18 21:46:20,125 DEBUG [Thread-12] root: Got successors
2021-03-18 21:46:20,125 DEBUG [Thread-12] root: Propagating to: 127.0.0.1:50093 127.0.0.1:50072
2021-03-18 21:46:20,126 INFO  [Thread-12] root: Client communication module connected
2021-03-18 21:46:20,127 INFO  [Thread-12] root: Client communication module connected
2021-03-18 21:46:20,127 DEBUG [Thread-12] root: {}
2021-03-18 21:46:20,127 INFO  [Thread-12] root: Message sent by server -> Status: PROPAGATE_SUCCESS
Starting commModule
2021-03-18 21:46:20,167 INFO  [Thread-0] root: Server communication module connected
2021-03-18 21:46:20,168 INFO  [Thread-0] root: Connected to localhost on port 50863
2021-03-18 21:46:20,169 INFO  [Thread-13] root: Message received by server -> Status: UPDATE
received adminmsg
2021-03-18 21:46:20,170 INFO  [Thread-13] root: Message sent by server -> Status: UPDATE_SUCCESS
Starting commModule
2021-03-18 21:46:20,199 INFO  [Thread-0] root: Server communication module connected
2021-03-18 21:46:20,200 INFO  [Thread-0] root: Connected to localhost on port 50876
Starting commModule
2021-03-18 21:46:20,209 INFO  [Thread-0] root: Server communication module connected
2021-03-18 21:46:20,210 INFO  [Thread-0] root: Connected to localhost on port 50881
Starting commModule
2021-03-18 21:46:20,211 INFO  [Thread-0] root: Server communication module connected
2021-03-18 21:46:20,212 INFO  [Thread-0] root: Connected to localhost on port 50883
2021-03-18 21:46:20,213 INFO  [Thread-16] root: Message received by server -> Status: PROPAGATE_ADMIN
received adminmsg
2021-03-18 21:46:20,213 DEBUG [Thread-16] root: Getting successors
2021-03-18 21:46:20,213 DEBUG [Thread-16] root: Got successors
2021-03-18 21:46:20,214 DEBUG [Thread-16] root: Propagating to: 127.0.0.1:50093 127.0.0.1:50072
2021-03-18 21:46:20,214 INFO  [Thread-16] root: Client communication module connected
2021-03-18 21:46:20,215 INFO  [Thread-16] root: Client communication module connected
2021-03-18 21:46:20,215 DEBUG [Thread-16] root: {}
2021-03-18 21:46:20,215 INFO  [Thread-16] root: Message sent by server -> Status: PROPAGATE_SUCCESS
Starting commModule
2021-03-18 21:46:20,234 INFO  [Thread-0] root: Server communication module connected
2021-03-18 21:46:20,235 INFO  [Thread-0] root: Connected to localhost on port 50889
2021-03-18 21:46:20,235 INFO  [Thread-17] root: Message received by server -> Status: STOP
received adminmsg
2021-03-18 21:46:20,235 INFO  [Thread-17] root: Message sent by server -> Status: STOP_SUCCESS
2021-03-18 21:46:20,405 DEBUG [Thread-0-SendThread(localhost:2181)] org.apache.zookeeper.ClientCnxn: Got ping response for session id: 0x10014bd5270001e after 0ms.
2021-03-18 21:46:21,740 DEBUG [Thread-0-SendThread(localhost:2181)] org.apache.zookeeper.ClientCnxn: Got ping response for session id: 0x10014bd5270001e after 1ms.
2021-03-18 21:46:23,075 DEBUG [Thread-0-SendThread(localhost:2181)] org.apache.zookeeper.ClientCnxn: Got ping response for session id: 0x10014bd5270001e after 0ms.
2021-03-18 21:46:24,408 DEBUG [Thread-0-SendThread(localhost:2181)] org.apache.zookeeper.ClientCnxn: Got ping response for session id: 0x10014bd5270001e after 1ms.
2021-03-18 21:46:25,746 DEBUG [Thread-0-SendThread(localhost:2181)] org.apache.zookeeper.ClientCnxn: Got ping response for session id: 0x10014bd5270001e after 1ms.
2021-03-18 21:46:27,080 DEBUG [Thread-0-SendThread(localhost:2181)] org.apache.zookeeper.ClientCnxn: Got ping response for session id: 0x10014bd5270001e after 1ms.
2021-03-18 21:46:28,418 DEBUG [Thread-0-SendThread(localhost:2181)] org.apache.zookeeper.ClientCnxn: Got ping response for session id: 0x10014bd5270001e after 1ms.
2021-03-18 21:46:29,753 DEBUG [Thread-0-SendThread(localhost:2181)] org.apache.zookeeper.ClientCnxn: Got ping response for session id: 0x10014bd5270001e after 0ms.
Starting commModule
2021-03-18 21:46:30,256 INFO  [Thread-0] root: Server communication module connected
2021-03-18 21:46:30,257 INFO  [Thread-0] root: Connected to localhost on port 50897
2021-03-18 21:46:30,257 INFO  [Thread-18] root: Message received by server -> Status: SHUTDOWN
received adminmsg
2021-03-18 21:46:30,258 DEBUG [Thread-18] root: Closing the program
2021-03-18 21:46:30,258 INFO  [Thread-18] root: Message sent by server -> Status: SHUTDOWN_SUCCESS
2021-03-18 21:46:30,259 ERROR [Thread-0] root: Error! Unable to establish connection. 

java.net.SocketException: Socket closed
	at java.base/java.net.PlainSocketImpl.socketAccept(Native Method)
	at java.base/java.net.AbstractPlainSocketImpl.accept(AbstractPlainSocketImpl.java:458)
	at java.base/java.net.ServerSocket.implAccept(ServerSocket.java:565)
	at java.base/java.net.ServerSocket.accept(ServerSocket.java:533)
	at app_kvServer.KVServer.run(KVServer.java:408)
2021-03-18 21:46:30,261 INFO  [Thread-0] root: Server stopped.
2021-03-18 21:46:30,261 INFO  [Thread-0] root: Clearing KV Storage...
2021-03-18 21:48:09,034 INFO  [Thread-0] root: Initialize server ...
2021-03-18 21:48:09,047 INFO  [Thread-0] root: Server listening on port: 50008
2021-03-18 21:48:09,068 INFO  [Thread-0] org.apache.zookeeper.ZooKeeper: Client environment:zookeeper.version=3.6.2--803c7f1a12f85978cb049af5e4ef23bd8b688715, built on 09/04/2020 12:44 GMT
2021-03-18 21:48:09,068 INFO  [Thread-0] org.apache.zookeeper.ZooKeeper: Client environment:host.name=localhost
2021-03-18 21:48:09,068 INFO  [Thread-0] org.apache.zookeeper.ZooKeeper: Client environment:java.version=11.0.10
2021-03-18 21:48:09,068 INFO  [Thread-0] org.apache.zookeeper.ZooKeeper: Client environment:java.vendor=Azul Systems, Inc.
2021-03-18 21:48:09,068 INFO  [Thread-0] org.apache.zookeeper.ZooKeeper: Client environment:java.home=/Users/steve/Library/Java/JavaVirtualMachines/azul-11.0.10/Contents/Home
2021-03-18 21:48:09,068 INFO  [Thread-0] org.apache.zookeeper.ZooKeeper: Client environment:java.class.path=/Users/steve/Desktop/UofT/year4/winter2021/ECE419/milestone3/m3-server.jar
2021-03-18 21:48:09,068 INFO  [Thread-0] org.apache.zookeeper.ZooKeeper: Client environment:java.library.path=/Users/steve/Library/Java/Extensions:/Library/Java/Extensions:/Network/Library/Java/Extensions:/System/Library/Java/Extensions:/usr/lib/java:.
2021-03-18 21:48:09,069 INFO  [Thread-0] org.apache.zookeeper.ZooKeeper: Client environment:java.io.tmpdir=/var/folders/kz/3gb57nkn6ks6_07_dtt5lqvr0000gn/T/
2021-03-18 21:48:09,069 INFO  [Thread-0] org.apache.zookeeper.ZooKeeper: Client environment:java.compiler=<NA>
2021-03-18 21:48:09,069 INFO  [Thread-0] org.apache.zookeeper.ZooKeeper: Client environment:os.name=Mac OS X
2021-03-18 21:48:09,069 INFO  [Thread-0] org.apache.zookeeper.ZooKeeper: Client environment:os.arch=x86_64
2021-03-18 21:48:09,069 INFO  [Thread-0] org.apache.zookeeper.ZooKeeper: Client environment:os.version=10.16
2021-03-18 21:48:09,069 INFO  [Thread-0] org.apache.zookeeper.ZooKeeper: Client environment:user.name=steve
2021-03-18 21:48:09,069 INFO  [Thread-0] org.apache.zookeeper.ZooKeeper: Client environment:user.home=/Users/steve
2021-03-18 21:48:09,069 INFO  [Thread-0] org.apache.zookeeper.ZooKeeper: Client environment:user.dir=/Users/steve
2021-03-18 21:48:09,069 INFO  [Thread-0] org.apache.zookeeper.ZooKeeper: Client environment:os.memory.free=249MB
2021-03-18 21:48:09,069 INFO  [Thread-0] org.apache.zookeeper.ZooKeeper: Client environment:os.memory.max=4096MB
2021-03-18 21:48:09,069 INFO  [Thread-0] org.apache.zookeeper.ZooKeeper: Client environment:os.memory.total=256MB
2021-03-18 21:48:09,072 INFO  [Thread-0] org.apache.zookeeper.ZooKeeper: Initiating client connection, connectString=localhost:2181 sessionTimeout=3000 watcher=app_kvServer.KVServer$1@7a8d20e7
2021-03-18 21:48:09,076 INFO  [Thread-0] org.apache.zookeeper.common.X509Util: Setting -D jdk.tls.rejectClientInitiatedRenegotiation=true to disable client-initiated TLS renegotiation
2021-03-18 21:48:09,088 INFO  [Thread-0] org.apache.zookeeper.ClientCnxnSocket: jute.maxbuffer value is 1048575 Bytes
2021-03-18 21:48:09,094 INFO  [Thread-0] org.apache.zookeeper.ClientCnxn: zookeeper.request.timeout value is 0. feature enabled=false
2021-03-18 21:48:09,104 DEBUG [Thread-0-SendThread(localhost:2181)] org.apache.zookeeper.SaslServerPrincipal: Canonicalized address to localhost
2021-03-18 21:48:09,105 INFO  [Thread-0-SendThread(localhost:2181)] org.apache.zookeeper.ClientCnxn: Opening socket connection to server localhost/127.0.0.1:2181.
2021-03-18 21:48:09,105 INFO  [Thread-0-SendThread(localhost:2181)] org.apache.zookeeper.ClientCnxn: SASL config status: Will not attempt to authenticate using SASL (unknown error)
2021-03-18 21:48:09,120 INFO  [Thread-0-SendThread(localhost:2181)] org.apache.zookeeper.ClientCnxn: Socket connection established, initiating session, client: /127.0.0.1:51207, server: localhost/127.0.0.1:2181
2021-03-18 21:48:09,121 DEBUG [Thread-0-SendThread(localhost:2181)] org.apache.zookeeper.ClientCnxn: Session establishment request sent on localhost/127.0.0.1:2181
2021-03-18 21:48:09,151 TRACE [Thread-0-SendThread(localhost:2181)] org.apache.zookeeper.ClientCnxnSocket: readConnectResult 37 0x[0,0,0,0,0,0,f,ffffffa0,1,0,14,ffffffbd,52,70,0,34,0,0,0,10,ffffffe0,5e,ffffff92,27,ffffffc6,ffffffe4,ffffff9d,ffffffda,39,3b,ffffffe8,4b,fffffff1,5f,ffffff96,6a,0,]
2021-03-18 21:48:09,154 INFO  [Thread-0-SendThread(localhost:2181)] org.apache.zookeeper.ClientCnxn: Session establishment complete on server localhost/127.0.0.1:2181, session id = 0x10014bd52700034, negotiated timeout = 4000
2021-03-18 21:48:09,157 DEBUG [Thread-0-EventThread] root: ZK event: 
2021-03-18 21:48:09,157 DEBUG [Thread-0-EventThread] root: WatchedEvent state:SyncConnected type:None path:null
2021-03-18 21:48:09,186 DEBUG [Thread-0-SendThread(localhost:2181)] org.apache.zookeeper.ClientCnxn: Reading reply session id: 0x10014bd52700034, packet:: clientPath:null serverPath:null finished:false header:: 1,1  replyHeader:: 1,165,0  request:: '/keeper/server9,,v{s{31,s{'world,'anyone}}},1  response:: '/keeper/server9 
2021-03-18 21:48:09,190 DEBUG [Thread-0-SendThread(localhost:2181)] org.apache.zookeeper.ClientCnxn: Reading reply session id: 0x10014bd52700034, packet:: clientPath:null serverPath:null finished:false header:: 2,3  replyHeader:: 2,165,0  request:: '/keeper/server9,T  response:: s{165,165,1616118489157,1616118489157,0,0,0,72080397402374196,0,0,165} 
2021-03-18 21:48:09,217 DEBUG [Thread-0-SendThread(localhost:2181)] org.apache.zookeeper.ClientCnxn: Got notification session id: 0x10014bd52700034
2021-03-18 21:48:09,218 DEBUG [Thread-0-SendThread(localhost:2181)] org.apache.zookeeper.ClientCnxn: Got WatchedEvent state:SyncConnected type:NodeDataChanged path:/keeper/server9 for session id 0x10014bd52700034
2021-03-18 21:48:09,220 DEBUG [Thread-0-EventThread] root: ZK event: 
2021-03-18 21:48:09,220 DEBUG [Thread-0-EventThread] root: WatchedEvent state:SyncConnected type:NodeDataChanged path:/keeper/server9
2021-03-18 21:48:09,221 DEBUG [Thread-0-SendThread(localhost:2181)] org.apache.zookeeper.ClientCnxn: Reading reply session id: 0x10014bd52700034, packet:: clientPath:null serverPath:null finished:false header:: 3,5  replyHeader:: 3,166,0  request:: '/keeper/server9,#3132372e302e302e313a3530303038,0  response:: s{165,166,1616118489157,1616118489191,1,0,0,72080397402374196,15,0,165} 
2021-03-18 21:48:09,221 INFO  [Thread-0] root: Node created at: /keeper/server9
Starting commModule
2021-03-18 21:48:09,228 INFO  [Thread-0] root: Server communication module connected
2021-03-18 21:48:09,229 INFO  [Thread-0] root: Connected to localhost on port 51208
2021-03-18 21:48:09,237 INFO  [Thread-1] root: Message received by server -> Status: INIT_SERVER
received adminmsg
2021-03-18 21:48:09,238 INFO  [Thread-1] root: Message sent by server -> Status: INIT_SERVER_SUCCESS
2021-03-18 21:48:09,238 INFO  [Thread-1] root: Message received by server -> Status: START
received adminmsg
2021-03-18 21:48:09,239 INFO  [Thread-1] root: Message sent by server -> Status: START_SUCCESS
Starting commModule
2021-03-18 21:48:09,244 INFO  [Thread-0] root: Server communication module connected
2021-03-18 21:48:09,245 INFO  [Thread-0] root: Connected to localhost on port 51211
Starting commModule
2021-03-18 21:48:09,248 INFO  [Thread-0] root: Server communication module connected
2021-03-18 21:48:09,248 INFO  [Thread-0] root: Connected to localhost on port 51214
Starting commModule
2021-03-18 21:48:09,252 INFO  [Thread-0] root: Server communication module connected
2021-03-18 21:48:09,252 INFO  [Thread-0] root: Connected to localhost on port 51216
2021-03-18 21:48:09,253 INFO  [Thread-4] root: Message received by server -> Status: UPDATE
received adminmsg
2021-03-18 21:48:09,254 INFO  [Thread-4] root: Message sent by server -> Status: UPDATE_SUCCESS
Starting commModule
2021-03-18 21:48:09,256 INFO  [Thread-0] root: Server communication module connected
2021-03-18 21:48:09,257 INFO  [Thread-0] root: Connected to localhost on port 51218
Starting commModule
2021-03-18 21:48:09,258 INFO  [Thread-0] root: Server communication module connected
2021-03-18 21:48:09,259 INFO  [Thread-0] root: Connected to localhost on port 51220
2021-03-18 21:48:09,259 INFO  [Thread-6] root: Message received by server -> Status: PROPAGATE_ADMIN
received adminmsg
2021-03-18 21:48:09,264 DEBUG [Thread-6] root: Getting successors
2021-03-18 21:48:09,264 DEBUG [Thread-6] root: Got successors
2021-03-18 21:48:09,264 DEBUG [Thread-6] root: Propagating to: 127.0.0.1:50090 127.0.0.1:50008
2021-03-18 21:48:09,267 INFO  [Thread-6] root: Client communication module connected
Starting commModule
2021-03-18 21:48:09,267 INFO  [Thread-0] root: Server communication module connected
2021-03-18 21:48:09,267 INFO  [Thread-6] root: Client communication module connected
2021-03-18 21:48:09,268 DEBUG [Thread-6] root: {}
2021-03-18 21:48:09,268 INFO  [Thread-0] root: Connected to localhost on port 51222
2021-03-18 21:48:09,268 INFO  [Thread-6] root: Message sent by server -> Status: PROPAGATE_SUCCESS
2021-03-18 21:48:10,527 DEBUG [Thread-0-SendThread(localhost:2181)] org.apache.zookeeper.ClientCnxn: Got ping response for session id: 0x10014bd52700034 after 1ms.
2021-03-18 21:48:11,863 DEBUG [Thread-0-SendThread(localhost:2181)] org.apache.zookeeper.ClientCnxn: Got ping response for session id: 0x10014bd52700034 after 1ms.
2021-03-18 21:48:13,196 DEBUG [Thread-0-SendThread(localhost:2181)] org.apache.zookeeper.ClientCnxn: Got ping response for session id: 0x10014bd52700034 after 0ms.
2021-03-18 21:48:14,530 DEBUG [Thread-0-SendThread(localhost:2181)] org.apache.zookeeper.ClientCnxn: Got ping response for session id: 0x10014bd52700034 after 0ms.
2021-03-18 21:48:15,864 DEBUG [Thread-0-SendThread(localhost:2181)] org.apache.zookeeper.ClientCnxn: Got ping response for session id: 0x10014bd52700034 after 0ms.
2021-03-18 21:48:17,203 DEBUG [Thread-0-SendThread(localhost:2181)] org.apache.zookeeper.ClientCnxn: Got ping response for session id: 0x10014bd52700034 after 1ms.
2021-03-18 21:48:18,541 DEBUG [Thread-0-SendThread(localhost:2181)] org.apache.zookeeper.ClientCnxn: Got ping response for session id: 0x10014bd52700034 after 0ms.
Starting commModule
2021-03-18 21:48:19,275 INFO  [Thread-0] root: Server communication module connected
2021-03-18 21:48:19,276 INFO  [Thread-0] root: Connected to localhost on port 51226
2021-03-18 21:48:19,276 INFO  [Thread-8] root: Message received by server -> Status: SHUTDOWN
received adminmsg
2021-03-18 21:48:19,276 DEBUG [Thread-8] root: Closing the program
2021-03-18 21:48:19,277 INFO  [Thread-8] root: Message sent by server -> Status: SHUTDOWN_SUCCESS
2021-03-18 21:48:19,277 ERROR [Thread-0] root: Error! Unable to establish connection. 

java.net.SocketException: Socket closed
	at java.base/java.net.PlainSocketImpl.socketAccept(Native Method)
	at java.base/java.net.AbstractPlainSocketImpl.accept(AbstractPlainSocketImpl.java:458)
	at java.base/java.net.ServerSocket.implAccept(ServerSocket.java:565)
	at java.base/java.net.ServerSocket.accept(ServerSocket.java:533)
	at app_kvServer.KVServer.run(KVServer.java:408)
2021-03-18 21:48:19,279 INFO  [Thread-0] root: Server stopped.
2021-03-18 21:48:19,279 INFO  [Thread-0] root: Clearing KV Storage...
