2021-03-18 22:44:48,522 INFO  [main] root: Creating Storage Files
2021-03-18 22:44:48,523 INFO  [main] root: File created: server140.json
2021-03-18 22:44:48,523 INFO  [main] root: File created: server140_replica_1.json
2021-03-18 22:44:48,523 INFO  [main] root: File created: server140_replica_2.json
2021-03-18 22:44:48,523 INFO  [Thread-0] root: Initialize server ...
2021-03-18 22:44:48,536 INFO  [Thread-0] root: Server listening on port: 50139
2021-03-18 22:44:48,559 INFO  [Thread-0] org.apache.zookeeper.ZooKeeper: Client environment:zookeeper.version=3.6.2--803c7f1a12f85978cb049af5e4ef23bd8b688715, built on 09/04/2020 12:44 GMT
2021-03-18 22:44:48,559 INFO  [Thread-0] org.apache.zookeeper.ZooKeeper: Client environment:host.name=localhost
2021-03-18 22:44:48,559 INFO  [Thread-0] org.apache.zookeeper.ZooKeeper: Client environment:java.version=11.0.10
2021-03-18 22:44:48,560 INFO  [Thread-0] org.apache.zookeeper.ZooKeeper: Client environment:java.vendor=Azul Systems, Inc.
2021-03-18 22:44:48,560 INFO  [Thread-0] org.apache.zookeeper.ZooKeeper: Client environment:java.home=/Users/steve/Library/Java/JavaVirtualMachines/azul-11.0.10/Contents/Home
2021-03-18 22:44:48,560 INFO  [Thread-0] org.apache.zookeeper.ZooKeeper: Client environment:java.class.path=/Users/steve/Desktop/UofT/year4/winter2021/ECE419/milestone3/m3-server.jar
2021-03-18 22:44:48,560 INFO  [Thread-0] org.apache.zookeeper.ZooKeeper: Client environment:java.library.path=/Users/steve/Library/Java/Extensions:/Library/Java/Extensions:/Network/Library/Java/Extensions:/System/Library/Java/Extensions:/usr/lib/java:.
2021-03-18 22:44:48,560 INFO  [Thread-0] org.apache.zookeeper.ZooKeeper: Client environment:java.io.tmpdir=/var/folders/kz/3gb57nkn6ks6_07_dtt5lqvr0000gn/T/
2021-03-18 22:44:48,560 INFO  [Thread-0] org.apache.zookeeper.ZooKeeper: Client environment:java.compiler=<NA>
2021-03-18 22:44:48,560 INFO  [Thread-0] org.apache.zookeeper.ZooKeeper: Client environment:os.name=Mac OS X
2021-03-18 22:44:48,560 INFO  [Thread-0] org.apache.zookeeper.ZooKeeper: Client environment:os.arch=x86_64
2021-03-18 22:44:48,560 INFO  [Thread-0] org.apache.zookeeper.ZooKeeper: Client environment:os.version=10.16
2021-03-18 22:44:48,560 INFO  [Thread-0] org.apache.zookeeper.ZooKeeper: Client environment:user.name=steve
2021-03-18 22:44:48,560 INFO  [Thread-0] org.apache.zookeeper.ZooKeeper: Client environment:user.home=/Users/steve
2021-03-18 22:44:48,560 INFO  [Thread-0] org.apache.zookeeper.ZooKeeper: Client environment:user.dir=/Users/steve
2021-03-18 22:44:48,560 INFO  [Thread-0] org.apache.zookeeper.ZooKeeper: Client environment:os.memory.free=249MB
2021-03-18 22:44:48,561 INFO  [Thread-0] org.apache.zookeeper.ZooKeeper: Client environment:os.memory.max=4096MB
2021-03-18 22:44:48,561 INFO  [Thread-0] org.apache.zookeeper.ZooKeeper: Client environment:os.memory.total=256MB
2021-03-18 22:44:48,564 INFO  [Thread-0] org.apache.zookeeper.ZooKeeper: Initiating client connection, connectString=localhost:2181 sessionTimeout=3000 watcher=app_kvServer.KVServer$1@5a87eda6
2021-03-18 22:44:48,567 INFO  [Thread-0] org.apache.zookeeper.common.X509Util: Setting -D jdk.tls.rejectClientInitiatedRenegotiation=true to disable client-initiated TLS renegotiation
2021-03-18 22:44:48,580 INFO  [Thread-0] org.apache.zookeeper.ClientCnxnSocket: jute.maxbuffer value is 1048575 Bytes
2021-03-18 22:44:48,587 INFO  [Thread-0] org.apache.zookeeper.ClientCnxn: zookeeper.request.timeout value is 0. feature enabled=false
2021-03-18 22:44:48,597 DEBUG [Thread-0-SendThread(localhost:2181)] org.apache.zookeeper.SaslServerPrincipal: Canonicalized address to localhost
2021-03-18 22:44:48,598 INFO  [Thread-0-SendThread(localhost:2181)] org.apache.zookeeper.ClientCnxn: Opening socket connection to server localhost/0:0:0:0:0:0:0:1:2181.
2021-03-18 22:44:48,598 INFO  [Thread-0-SendThread(localhost:2181)] org.apache.zookeeper.ClientCnxn: SASL config status: Will not attempt to authenticate using SASL (unknown error)
2021-03-18 22:44:48,615 INFO  [Thread-0-SendThread(localhost:2181)] org.apache.zookeeper.ClientCnxn: Socket connection established, initiating session, client: /0:0:0:0:0:0:0:1:52910, server: localhost/0:0:0:0:0:0:0:1:2181
2021-03-18 22:44:48,616 DEBUG [Thread-0-SendThread(localhost:2181)] org.apache.zookeeper.ClientCnxn: Session establishment request sent on localhost/0:0:0:0:0:0:0:1:2181
2021-03-18 22:44:48,646 TRACE [Thread-0-SendThread(localhost:2181)] org.apache.zookeeper.ClientCnxnSocket: readConnectResult 37 0x[0,0,0,0,0,0,f,ffffffa0,1,0,14,ffffffbd,52,70,0,ffffff82,0,0,0,10,ffffffaf,fffffffd,2,2b,c,ffffff95,ffffffc7,7f,ffffff88,ffffffff,66,ffffffdd,fffffff0,33,ffffff8e,40,0,]
2021-03-18 22:44:48,648 INFO  [Thread-0-SendThread(localhost:2181)] org.apache.zookeeper.ClientCnxn: Session establishment complete on server localhost/0:0:0:0:0:0:0:1:2181, session id = 0x10014bd52700082, negotiated timeout = 4000
2021-03-18 22:44:48,651 DEBUG [Thread-0-EventThread] root: ZK event: 
2021-03-18 22:44:48,651 DEBUG [Thread-0-EventThread] root: WatchedEvent state:SyncConnected type:None path:null
2021-03-18 22:44:48,687 DEBUG [Thread-0-SendThread(localhost:2181)] org.apache.zookeeper.ClientCnxn: Reading reply session id: 0x10014bd52700082, packet:: clientPath:null serverPath:null finished:false header:: 1,1  replyHeader:: 1,439,0  request:: '/keeper/server140,,v{s{31,s{'world,'anyone}}},1  response:: '/keeper/server140 
2021-03-18 22:44:48,692 DEBUG [Thread-0-SendThread(localhost:2181)] org.apache.zookeeper.ClientCnxn: Reading reply session id: 0x10014bd52700082, packet:: clientPath:null serverPath:null finished:false header:: 2,3  replyHeader:: 2,439,0  request:: '/keeper/server140,T  response:: s{439,439,1616121888651,1616121888651,0,0,0,72080397402374274,0,0,439} 
2021-03-18 22:44:48,718 DEBUG [Thread-0-SendThread(localhost:2181)] org.apache.zookeeper.ClientCnxn: Got notification session id: 0x10014bd52700082
2021-03-18 22:44:48,719 DEBUG [Thread-0-SendThread(localhost:2181)] org.apache.zookeeper.ClientCnxn: Got WatchedEvent state:SyncConnected type:NodeDataChanged path:/keeper/server140 for session id 0x10014bd52700082
2021-03-18 22:44:48,720 DEBUG [Thread-0-EventThread] root: ZK event: 
2021-03-18 22:44:48,720 DEBUG [Thread-0-EventThread] root: WatchedEvent state:SyncConnected type:NodeDataChanged path:/keeper/server140
2021-03-18 22:44:48,720 DEBUG [Thread-0-SendThread(localhost:2181)] org.apache.zookeeper.ClientCnxn: Reading reply session id: 0x10014bd52700082, packet:: clientPath:null serverPath:null finished:false header:: 3,5  replyHeader:: 3,440,0  request:: '/keeper/server140,#3132372e302e302e313a3530313339,0  response:: s{439,440,1616121888651,1616121888693,1,0,0,72080397402374274,15,0,439} 
2021-03-18 22:44:48,720 INFO  [Thread-0] root: Node created at: /keeper/server140
Starting commModule
2021-03-18 22:44:48,726 INFO  [Thread-0] root: Server communication module connected
2021-03-18 22:44:48,727 INFO  [Thread-0] root: Connected to localhost on port 52911
2021-03-18 22:44:48,734 INFO  [Thread-1] root: Message received by server -> Status: INIT_SERVER
received adminmsg
2021-03-18 22:44:48,735 INFO  [Thread-1] root: Message sent by server -> Status: INIT_SERVER_SUCCESS
2021-03-18 22:44:48,736 INFO  [Thread-1] root: Message received by server -> Status: START
received adminmsg
2021-03-18 22:44:48,736 INFO  [Thread-1] root: Message sent by server -> Status: START_SUCCESS
Starting commModule
2021-03-18 22:44:48,736 INFO  [Thread-0] root: Server communication module connected
2021-03-18 22:44:48,737 INFO  [Thread-0] root: Connected to localhost on port 52912
2021-03-18 22:44:48,738 INFO  [Thread-2] root: Message received by server -> Status: UPDATE
received adminmsg
2021-03-18 22:44:48,739 INFO  [Thread-2] root: Message sent by server -> Status: UPDATE_SUCCESS
Starting commModule
2021-03-18 22:44:48,740 INFO  [Thread-0] root: Server communication module connected
2021-03-18 22:44:48,741 INFO  [Thread-0] root: Connected to localhost on port 52913
2021-03-18 22:44:48,741 INFO  [Thread-3] root: Message received by server -> Status: PROPAGATE_ADMIN
received adminmsg
2021-03-18 22:44:48,747 DEBUG [Thread-3] root: Getting successors
2021-03-18 22:44:48,747 DEBUG [Thread-3] root: Got successors
2021-03-18 22:44:48,747 DEBUG [Thread-3] root: Propagating to: 127.0.0.1:50139 127.0.0.1:50139
Starting commModule
2021-03-18 22:44:48,749 INFO  [Thread-0] root: Server communication module connected
2021-03-18 22:44:48,749 INFO  [Thread-3] root: Client communication module connected
2021-03-18 22:44:48,750 INFO  [Thread-0] root: Connected to localhost on port 52914
Starting commModule
2021-03-18 22:44:48,750 INFO  [Thread-0] root: Server communication module connected
2021-03-18 22:44:48,750 INFO  [Thread-3] root: Client communication module connected
2021-03-18 22:44:48,750 DEBUG [Thread-3] root: {}
2021-03-18 22:44:48,751 INFO  [Thread-3] root: Message sent by server -> Status: PROPAGATE_SUCCESS
2021-03-18 22:44:48,751 INFO  [Thread-0] root: Connected to localhost on port 52915
Starting commModule
2021-03-18 22:44:49,231 INFO  [Thread-0] root: Server communication module connected
2021-03-18 22:44:49,232 INFO  [Thread-0] root: Connected to localhost on port 52919
2021-03-18 22:44:49,232 INFO  [Thread-6] root: Message received by server -> Status: UPDATE
received adminmsg
2021-03-18 22:44:49,233 INFO  [Thread-6] root: Message sent by server -> Status: UPDATE_SUCCESS
Starting commModule
2021-03-18 22:44:49,234 INFO  [Thread-0] root: Server communication module connected
2021-03-18 22:44:49,235 INFO  [Thread-0] root: Connected to localhost on port 52920
2021-03-18 22:44:49,236 INFO  [Thread-7] root: Message received by server -> Status: PROPAGATE_ADMIN
received adminmsg
2021-03-18 22:44:49,236 DEBUG [Thread-7] root: Getting successors
2021-03-18 22:44:49,236 DEBUG [Thread-7] root: Got successors
2021-03-18 22:44:49,236 DEBUG [Thread-7] root: Propagating to: 127.0.0.1:50101 127.0.0.1:50139
2021-03-18 22:44:49,237 INFO  [Thread-7] root: Client communication module connected
Starting commModule
2021-03-18 22:44:49,237 INFO  [Thread-0] root: Server communication module connected
2021-03-18 22:44:49,237 INFO  [Thread-7] root: Client communication module connected
2021-03-18 22:44:49,237 DEBUG [Thread-7] root: {}
2021-03-18 22:44:49,238 INFO  [Thread-7] root: Message sent by server -> Status: PROPAGATE_SUCCESS
2021-03-18 22:44:49,238 INFO  [Thread-0] root: Connected to localhost on port 52922
Starting commModule
2021-03-18 22:44:49,238 INFO  [Thread-0] root: Server communication module connected
2021-03-18 22:44:49,239 INFO  [Thread-0] root: Connected to localhost on port 52923
2021-03-18 22:44:49,239 INFO  [Thread-9] root: Message received by server -> Status: MOVE_DATA
received adminmsg
2021-03-18 22:44:49,239 DEBUG [Thread-9] root: Input data: 
2021-03-18 22:44:49,239 DEBUG [Thread-9] root: ffea52f7f08a4f6f6b2e16c759924cf8:f3d928c22c4187bc407f070c47719bc3
2021-03-18 22:44:49,239 DEBUG [Thread-9] root: 127.0.0.1:50101
2021-03-18 22:44:49,240 INFO  [Thread-9] root: Client communication module connected
2021-03-18 22:44:49,240 DEBUG [Thread-9] root: Host: 127.0.0.1
2021-03-18 22:44:49,240 DEBUG [Thread-9] root: Port: 50101
2021-03-18 22:44:49,240 DEBUG [Thread-9] root: Range: ffea52f7f08a4f6f6b2e16c759924cf8:f3d928c22c4187bc407f070c47719bc3
2021-03-18 22:44:49,240 DEBUG [Thread-9] root: Starting flush data
2021-03-18 22:44:49,241 DEBUG [Thread-9] root: Finished flush data
2021-03-18 22:44:49,241 DEBUG [Thread-9] root: Closing conn
2021-03-18 22:44:49,241 INFO  [Thread-9] root: Connection closed!
2021-03-18 22:44:49,241 DEBUG [Thread-9] root: Closed conn
2021-03-18 22:44:49,241 INFO  [Thread-9] root: Message sent by server -> Status: MOVE_DATA_SUCCESS
Starting commModule
2021-03-18 22:44:49,242 INFO  [Thread-0] root: Server communication module connected
2021-03-18 22:44:49,244 INFO  [Thread-0] root: Connected to localhost on port 52925
2021-03-18 22:44:49,245 INFO  [Thread-10] root: Message received by server -> Status: UPDATE
received adminmsg
2021-03-18 22:44:49,246 INFO  [Thread-10] root: Message sent by server -> Status: UPDATE_SUCCESS
Starting commModule
2021-03-18 22:44:49,250 INFO  [Thread-0] root: Server communication module connected
2021-03-18 22:44:49,250 INFO  [Thread-0] root: Connected to localhost on port 52927
2021-03-18 22:44:49,251 INFO  [Thread-11] root: Message received by server -> Status: PROPAGATE_ADMIN
received adminmsg
2021-03-18 22:44:49,251 DEBUG [Thread-11] root: Getting successors
2021-03-18 22:44:49,251 DEBUG [Thread-11] root: Got successors
2021-03-18 22:44:49,251 DEBUG [Thread-11] root: Propagating to: 127.0.0.1:50101 127.0.0.1:50139
2021-03-18 22:44:49,252 INFO  [Thread-11] root: Client communication module connected
Starting commModule
2021-03-18 22:44:49,252 INFO  [Thread-0] root: Server communication module connected
2021-03-18 22:44:49,252 INFO  [Thread-11] root: Client communication module connected
2021-03-18 22:44:49,252 DEBUG [Thread-11] root: {}
2021-03-18 22:44:49,253 INFO  [Thread-11] root: Message sent by server -> Status: PROPAGATE_SUCCESS
2021-03-18 22:44:49,253 INFO  [Thread-0] root: Connected to localhost on port 52929
Starting commModule
2021-03-18 22:44:49,263 INFO  [Thread-0] root: Server communication module connected
2021-03-18 22:44:49,263 INFO  [Thread-0] root: Connected to localhost on port 52931
Starting commModule
2021-03-18 22:44:49,265 INFO  [Thread-0] root: Server communication module connected
2021-03-18 22:44:49,265 INFO  [Thread-0] root: Connected to localhost on port 52933
2021-03-18 22:44:49,266 INFO  [Thread-14] root: Message received by server -> Status: PUT Key: 1 Value: SIR1
2021-03-18 22:44:49,266 DEBUG [Thread-14] root: In serve
2021-03-18 22:44:49,267 DEBUG [Thread-14] root: Checking if stopped or write locked
2021-03-18 22:44:49,267 DEBUG [Thread-14] root: PUT request being served
2021-03-18 22:44:49,267 DEBUG [Thread-14] root: Checking if it's in range
2021-03-18 22:44:49,274 DEBUG [Thread-14] root: Got hostname and port -> 127.0.0.1:50139
2021-03-18 22:44:49,274 DEBUG [Thread-14] root: Got metadata range: f3d928c22c4187bc407f070c47719bc4:ffea52f7f08a4f6f6b2e16c759924cf7
2021-03-18 22:44:49,274 DEBUG [Thread-14] root: 127.0.0.1:50139 -> f3d928c22c4187bc407f070c47719bc4:ffea52f7f08a4f6f6b2e16c759924cf7
2021-03-18 22:44:49,274 DEBUG [Thread-14] root: 127.0.0.1:50101 -> ffea52f7f08a4f6f6b2e16c759924cf8:f3d928c22c4187bc407f070c47719bc3
2021-03-18 22:44:49,274 DEBUG [Thread-14] root: Got range big ints
2021-03-18 22:44:49,274 DEBUG [Thread-14] root: Range start < range end
2021-03-18 22:44:49,274 DEBUG [Thread-14] root: Done with range check in server
2021-03-18 22:44:49,274 DEBUG [Thread-14] root: Not in range
2021-03-18 22:44:49,277 INFO  [Thread-14] root: Message sent by server -> Status: SERVER_NOT_RESPONSIBLE Key: 1 Value: null
Starting commModule
2021-03-18 22:44:49,288 INFO  [Thread-0] root: Server communication module connected
2021-03-18 22:44:49,289 INFO  [Thread-0] root: Connected to localhost on port 52935
2021-03-18 22:44:49,291 INFO  [Thread-15] root: Message received by server -> Status: PROPAGATE
2021-03-18 22:44:49,291 DEBUG [Thread-15] root: In serve
2021-03-18 22:44:49,291 DEBUG [Thread-15] root: Checking if stopped or write locked
2021-03-18 22:44:49,291 DEBUG [Thread-15] root: Case propagate
2021-03-18 22:44:49,291 DEBUG [Thread-15] root: Passing to server
2021-03-18 22:44:49,291 DEBUG [Thread-15] root: Getting Predecessors
2021-03-18 22:44:49,291 DEBUG [Thread-15] root: Looking for 127.0.0.1:50139
2021-03-18 22:44:49,291 DEBUG [Thread-15] root: [127.0.0.1:50101, 127.0.0.1:50139]
2021-03-18 22:44:49,292 DEBUG [Thread-15] root: Predecessors:
2021-03-18 22:44:49,292 DEBUG [Thread-15] root: [127.0.0.1:50139, 127.0.0.1:50101]
2021-03-18 22:44:49,292 DEBUG [Thread-15] root: Looking for 127.0.0.1:50101
2021-03-18 22:44:49,292 DEBUG [Thread-15] root: Index of predecessor: 1
2021-03-18 22:44:49,292 DEBUG [Thread-15] root: Server Stuff
2021-03-18 22:44:49,292 INFO  [Thread-15] root: Put: key = 1, value = SIR1
2021-03-18 22:44:49,293 INFO  [Thread-15] root: Message sent by server -> Status: PROPAGATE_SUCCESS Key: null Value: null
Starting commModule
2021-03-18 22:44:49,297 INFO  [Thread-0] root: Server communication module connected
2021-03-18 22:44:49,297 INFO  [Thread-0] root: Connected to localhost on port 52937
2021-03-18 22:44:49,299 INFO  [Thread-16] root: Message received by server -> Status: PROPAGATE
2021-03-18 22:44:49,299 DEBUG [Thread-16] root: In serve
2021-03-18 22:44:49,299 DEBUG [Thread-16] root: Checking if stopped or write locked
2021-03-18 22:44:49,299 DEBUG [Thread-16] root: Case propagate
2021-03-18 22:44:49,299 DEBUG [Thread-16] root: Passing to server
2021-03-18 22:44:49,299 DEBUG [Thread-16] root: Getting Predecessors
2021-03-18 22:44:49,299 DEBUG [Thread-16] root: Looking for 127.0.0.1:50139
2021-03-18 22:44:49,299 DEBUG [Thread-16] root: [127.0.0.1:50101, 127.0.0.1:50139]
2021-03-18 22:44:49,299 DEBUG [Thread-16] root: Predecessors:
2021-03-18 22:44:49,299 DEBUG [Thread-16] root: [127.0.0.1:50139, 127.0.0.1:50101]
2021-03-18 22:44:49,299 DEBUG [Thread-16] root: Looking for 127.0.0.1:50101
2021-03-18 22:44:49,299 DEBUG [Thread-16] root: Index of predecessor: 1
2021-03-18 22:44:49,299 DEBUG [Thread-16] root: Server Stuff
2021-03-18 22:44:49,300 INFO  [Thread-16] root: Put: key = 2, value = SIR2
2021-03-18 22:44:49,300 INFO  [Thread-16] root: Message sent by server -> Status: PROPAGATE_SUCCESS Key: null Value: null
Starting commModule
2021-03-18 22:44:49,303 INFO  [Thread-0] root: Server communication module connected
2021-03-18 22:44:49,304 INFO  [Thread-0] root: Connected to localhost on port 52939
2021-03-18 22:44:49,304 INFO  [Thread-17] root: Message received by server -> Status: PROPAGATE
2021-03-18 22:44:49,304 DEBUG [Thread-17] root: In serve
2021-03-18 22:44:49,304 DEBUG [Thread-17] root: Checking if stopped or write locked
2021-03-18 22:44:49,304 DEBUG [Thread-17] root: Case propagate
2021-03-18 22:44:49,304 DEBUG [Thread-17] root: Passing to server
2021-03-18 22:44:49,304 DEBUG [Thread-17] root: Getting Predecessors
2021-03-18 22:44:49,304 DEBUG [Thread-17] root: Looking for 127.0.0.1:50139
2021-03-18 22:44:49,304 DEBUG [Thread-17] root: [127.0.0.1:50101, 127.0.0.1:50139]
2021-03-18 22:44:49,304 DEBUG [Thread-17] root: Predecessors:
2021-03-18 22:44:49,304 DEBUG [Thread-17] root: [127.0.0.1:50139, 127.0.0.1:50101]
2021-03-18 22:44:49,304 DEBUG [Thread-17] root: Looking for 127.0.0.1:50101
2021-03-18 22:44:49,304 DEBUG [Thread-17] root: Index of predecessor: 1
2021-03-18 22:44:49,305 DEBUG [Thread-17] root: Server Stuff
2021-03-18 22:44:49,305 INFO  [Thread-17] root: Put: key = 3, value = SIR3
2021-03-18 22:44:49,305 INFO  [Thread-17] root: Message sent by server -> Status: PROPAGATE_SUCCESS Key: null Value: null
Starting commModule
2021-03-18 22:44:49,308 INFO  [Thread-0] root: Server communication module connected
2021-03-18 22:44:49,308 INFO  [Thread-0] root: Connected to localhost on port 52941
2021-03-18 22:44:49,309 INFO  [Thread-18] root: Message received by server -> Status: PROPAGATE
2021-03-18 22:44:49,309 DEBUG [Thread-18] root: In serve
2021-03-18 22:44:49,309 DEBUG [Thread-18] root: Checking if stopped or write locked
2021-03-18 22:44:49,309 DEBUG [Thread-18] root: Case propagate
2021-03-18 22:44:49,309 DEBUG [Thread-18] root: Passing to server
2021-03-18 22:44:49,309 DEBUG [Thread-18] root: Getting Predecessors
2021-03-18 22:44:49,309 DEBUG [Thread-18] root: Looking for 127.0.0.1:50139
2021-03-18 22:44:49,309 DEBUG [Thread-18] root: [127.0.0.1:50101, 127.0.0.1:50139]
2021-03-18 22:44:49,309 DEBUG [Thread-18] root: Predecessors:
2021-03-18 22:44:49,310 DEBUG [Thread-18] root: [127.0.0.1:50139, 127.0.0.1:50101]
2021-03-18 22:44:49,310 DEBUG [Thread-18] root: Looking for 127.0.0.1:50101
2021-03-18 22:44:49,310 DEBUG [Thread-18] root: Index of predecessor: 1
2021-03-18 22:44:49,310 DEBUG [Thread-18] root: Server Stuff
2021-03-18 22:44:49,310 INFO  [Thread-18] root: Put: key = 4, value = SIR4
2021-03-18 22:44:49,310 INFO  [Thread-18] root: Message sent by server -> Status: PROPAGATE_SUCCESS Key: null Value: null
Starting commModule
2021-03-18 22:44:49,315 INFO  [Thread-0] root: Server communication module connected
2021-03-18 22:44:49,316 INFO  [Thread-0] root: Connected to localhost on port 52944
2021-03-18 22:44:49,316 INFO  [Thread-19] root: Message received by server -> Status: MOVE_DATA
received adminmsg
2021-03-18 22:44:49,316 DEBUG [Thread-19] root: Input data: 
2021-03-18 22:44:49,316 DEBUG [Thread-19] root: f3d928c22c4187bc407f070c47719bc4:ffea52f7f08a4f6f6b2e16c759924cf7
2021-03-18 22:44:49,316 DEBUG [Thread-19] root: 127.0.0.1:50101
2021-03-18 22:44:49,317 INFO  [Thread-19] root: Client communication module connected
2021-03-18 22:44:49,317 DEBUG [Thread-19] root: Host: 127.0.0.1
2021-03-18 22:44:49,317 DEBUG [Thread-19] root: Port: 50101
2021-03-18 22:44:49,317 DEBUG [Thread-19] root: Range: f3d928c22c4187bc407f070c47719bc4:ffea52f7f08a4f6f6b2e16c759924cf7
2021-03-18 22:44:49,317 DEBUG [Thread-19] root: Starting flush data
2021-03-18 22:44:49,317 DEBUG [Thread-19] root: Finished flush data
2021-03-18 22:44:49,317 DEBUG [Thread-19] root: Closing conn
2021-03-18 22:44:49,317 INFO  [Thread-19] root: Connection closed!
2021-03-18 22:44:49,317 DEBUG [Thread-19] root: Closed conn
2021-03-18 22:44:49,317 INFO  [Thread-19] root: Message sent by server -> Status: MOVE_DATA_SUCCESS
Starting commModule
2021-03-18 22:44:49,318 INFO  [Thread-0] root: Server communication module connected
2021-03-18 22:44:49,319 INFO  [Thread-0] root: Connected to localhost on port 52946
2021-03-18 22:44:49,319 INFO  [Thread-20] root: Message received by server -> Status: UPDATE
received adminmsg
2021-03-18 22:44:49,320 INFO  [Thread-20] root: Message sent by server -> Status: UPDATE_SUCCESS
Starting commModule
2021-03-18 22:44:49,322 INFO  [Thread-0] root: Server communication module connected
2021-03-18 22:44:49,323 INFO  [Thread-0] root: Connected to localhost on port 52948
2021-03-18 22:44:49,324 INFO  [Thread-21] root: Message received by server -> Status: PROPAGATE_ADMIN
received adminmsg
2021-03-18 22:44:49,324 DEBUG [Thread-21] root: Getting successors
2021-03-18 22:44:49,324 DEBUG [Thread-21] root: Got successors
2021-03-18 22:44:49,324 DEBUG [Thread-21] root: Propagating to: 127.0.0.1:50101 127.0.0.1:50101
2021-03-18 22:44:49,325 INFO  [Thread-21] root: Client communication module connected
2021-03-18 22:44:49,325 INFO  [Thread-21] root: Client communication module connected
2021-03-18 22:44:49,325 DEBUG [Thread-21] root: {}
2021-03-18 22:44:49,326 INFO  [Thread-21] root: Message sent by server -> Status: PROPAGATE_SUCCESS
Starting commModule
2021-03-18 22:44:49,335 INFO  [Thread-0] root: Server communication module connected
2021-03-18 22:44:49,336 INFO  [Thread-0] root: Connected to localhost on port 52954
2021-03-18 22:44:49,336 INFO  [Thread-22] root: Message received by server -> Status: SHUTDOWN
received adminmsg
2021-03-18 22:44:49,336 DEBUG [Thread-22] root: Closing the program
2021-03-18 22:44:49,336 INFO  [Thread-22] root: Message sent by server -> Status: SHUTDOWN_SUCCESS
2021-03-18 22:44:49,337 ERROR [Thread-0] root: Error! Unable to establish connection. 

java.net.SocketException: Socket closed
	at java.base/java.net.PlainSocketImpl.socketAccept(Native Method)
	at java.base/java.net.AbstractPlainSocketImpl.accept(AbstractPlainSocketImpl.java:458)
	at java.base/java.net.ServerSocket.implAccept(ServerSocket.java:565)
	at java.base/java.net.ServerSocket.accept(ServerSocket.java:533)
	at app_kvServer.KVServer.run(KVServer.java:408)
2021-03-18 22:44:49,338 INFO  [Thread-0] root: Server stopped.
2021-03-18 22:44:49,338 INFO  [Thread-0] root: Clearing KV Storage...
