2021-03-19 11:59:19,944 INFO  [Thread-0] root: Initialize server ...
2021-03-19 11:59:19,959 INFO  [Thread-0] root: Server listening on port: 50088
2021-03-19 11:59:19,983 INFO  [Thread-0] org.apache.zookeeper.ZooKeeper: Client environment:zookeeper.version=3.6.2--803c7f1a12f85978cb049af5e4ef23bd8b688715, built on 09/04/2020 12:44 GMT
2021-03-19 11:59:19,983 INFO  [Thread-0] org.apache.zookeeper.ZooKeeper: Client environment:host.name=localhost
2021-03-19 11:59:19,983 INFO  [Thread-0] org.apache.zookeeper.ZooKeeper: Client environment:java.version=11.0.10
2021-03-19 11:59:19,984 INFO  [Thread-0] org.apache.zookeeper.ZooKeeper: Client environment:java.vendor=Azul Systems, Inc.
2021-03-19 11:59:19,984 INFO  [Thread-0] org.apache.zookeeper.ZooKeeper: Client environment:java.home=/Users/steve/Library/Java/JavaVirtualMachines/azul-11.0.10/Contents/Home
2021-03-19 11:59:19,984 INFO  [Thread-0] org.apache.zookeeper.ZooKeeper: Client environment:java.class.path=/Users/steve/Desktop/UofT/year4/winter2021/ECE419/milestone3/m3-server.jar
2021-03-19 11:59:19,984 INFO  [Thread-0] org.apache.zookeeper.ZooKeeper: Client environment:java.library.path=/Users/steve/Library/Java/Extensions:/Library/Java/Extensions:/Network/Library/Java/Extensions:/System/Library/Java/Extensions:/usr/lib/java:.
2021-03-19 11:59:19,984 INFO  [Thread-0] org.apache.zookeeper.ZooKeeper: Client environment:java.io.tmpdir=/var/folders/kz/3gb57nkn6ks6_07_dtt5lqvr0000gn/T/
2021-03-19 11:59:19,984 INFO  [Thread-0] org.apache.zookeeper.ZooKeeper: Client environment:java.compiler=<NA>
2021-03-19 11:59:19,984 INFO  [Thread-0] org.apache.zookeeper.ZooKeeper: Client environment:os.name=Mac OS X
2021-03-19 11:59:19,984 INFO  [Thread-0] org.apache.zookeeper.ZooKeeper: Client environment:os.arch=x86_64
2021-03-19 11:59:19,984 INFO  [Thread-0] org.apache.zookeeper.ZooKeeper: Client environment:os.version=10.16
2021-03-19 11:59:19,984 INFO  [Thread-0] org.apache.zookeeper.ZooKeeper: Client environment:user.name=steve
2021-03-19 11:59:19,984 INFO  [Thread-0] org.apache.zookeeper.ZooKeeper: Client environment:user.home=/Users/steve
2021-03-19 11:59:19,984 INFO  [Thread-0] org.apache.zookeeper.ZooKeeper: Client environment:user.dir=/Users/steve
2021-03-19 11:59:19,985 INFO  [Thread-0] org.apache.zookeeper.ZooKeeper: Client environment:os.memory.free=249MB
2021-03-19 11:59:19,985 INFO  [Thread-0] org.apache.zookeeper.ZooKeeper: Client environment:os.memory.max=4096MB
2021-03-19 11:59:19,985 INFO  [Thread-0] org.apache.zookeeper.ZooKeeper: Client environment:os.memory.total=256MB
2021-03-19 11:59:19,988 INFO  [Thread-0] org.apache.zookeeper.ZooKeeper: Initiating client connection, connectString=localhost:2181 sessionTimeout=3000 watcher=app_kvServer.KVServer$1@48a00dff
2021-03-19 11:59:19,993 INFO  [Thread-0] org.apache.zookeeper.common.X509Util: Setting -D jdk.tls.rejectClientInitiatedRenegotiation=true to disable client-initiated TLS renegotiation
2021-03-19 11:59:20,007 INFO  [Thread-0] org.apache.zookeeper.ClientCnxnSocket: jute.maxbuffer value is 1048575 Bytes
2021-03-19 11:59:20,016 INFO  [Thread-0] org.apache.zookeeper.ClientCnxn: zookeeper.request.timeout value is 0. feature enabled=false
2021-03-19 11:59:20,028 DEBUG [Thread-0-SendThread(localhost:2181)] org.apache.zookeeper.SaslServerPrincipal: Canonicalized address to localhost
2021-03-19 11:59:20,029 INFO  [Thread-0-SendThread(localhost:2181)] org.apache.zookeeper.ClientCnxn: Opening socket connection to server localhost/0:0:0:0:0:0:0:1:2181.
2021-03-19 11:59:20,029 INFO  [Thread-0-SendThread(localhost:2181)] org.apache.zookeeper.ClientCnxn: SASL config status: Will not attempt to authenticate using SASL (unknown error)
2021-03-19 11:59:20,049 INFO  [Thread-0-SendThread(localhost:2181)] org.apache.zookeeper.ClientCnxn: Socket connection established, initiating session, client: /0:0:0:0:0:0:0:1:57724, server: localhost/0:0:0:0:0:0:0:1:2181
2021-03-19 11:59:20,051 DEBUG [Thread-0-SendThread(localhost:2181)] org.apache.zookeeper.ClientCnxn: Session establishment request sent on localhost/0:0:0:0:0:0:0:1:2181
2021-03-19 11:59:20,084 TRACE [Thread-0-SendThread(localhost:2181)] org.apache.zookeeper.ClientCnxnSocket: readConnectResult 37 0x[0,0,0,0,0,0,f,ffffffa0,1,0,14,ffffffbd,52,70,1,ffffff81,0,0,0,10,ffffffcf,4d,ffffffd0,30,fffffff7,ffffffd7,19,6f,2c,ffffffd3,59,fffffff8,ffffffca,fffffffa,42,ffffff93,0,]
2021-03-19 11:59:20,086 INFO  [Thread-0-SendThread(localhost:2181)] org.apache.zookeeper.ClientCnxn: Session establishment complete on server localhost/0:0:0:0:0:0:0:1:2181, session id = 0x10014bd52700181, negotiated timeout = 4000
2021-03-19 11:59:20,089 DEBUG [Thread-0-EventThread] root: ZK event: 
2021-03-19 11:59:20,089 DEBUG [Thread-0-EventThread] root: WatchedEvent state:SyncConnected type:None path:null
2021-03-19 11:59:20,116 DEBUG [Thread-0-SendThread(localhost:2181)] org.apache.zookeeper.ClientCnxn: Reading reply session id: 0x10014bd52700181, packet:: clientPath:null serverPath:null finished:false header:: 1,1  replyHeader:: 1,1234,0  request:: '/keeper/server89,,v{s{31,s{'world,'anyone}}},1  response:: '/keeper/server89 
2021-03-19 11:59:20,121 DEBUG [Thread-0-SendThread(localhost:2181)] org.apache.zookeeper.ClientCnxn: Reading reply session id: 0x10014bd52700181, packet:: clientPath:null serverPath:null finished:false header:: 2,3  replyHeader:: 2,1234,0  request:: '/keeper/server89,T  response:: s{1234,1234,1616169560089,1616169560089,0,0,0,72080397402374529,0,0,1234} 
2021-03-19 11:59:20,164 DEBUG [Thread-0-SendThread(localhost:2181)] org.apache.zookeeper.ClientCnxn: Got notification session id: 0x10014bd52700181
2021-03-19 11:59:20,165 DEBUG [Thread-0-SendThread(localhost:2181)] org.apache.zookeeper.ClientCnxn: Got WatchedEvent state:SyncConnected type:NodeDataChanged path:/keeper/server89 for session id 0x10014bd52700181
2021-03-19 11:59:20,166 DEBUG [Thread-0-EventThread] root: ZK event: 
2021-03-19 11:59:20,167 DEBUG [Thread-0-EventThread] root: WatchedEvent state:SyncConnected type:NodeDataChanged path:/keeper/server89
2021-03-19 11:59:20,167 DEBUG [Thread-0-SendThread(localhost:2181)] org.apache.zookeeper.ClientCnxn: Reading reply session id: 0x10014bd52700181, packet:: clientPath:null serverPath:null finished:false header:: 3,5  replyHeader:: 3,1235,0  request:: '/keeper/server89,#3132372e302e302e313a3530303838,0  response:: s{1234,1235,1616169560089,1616169560122,1,0,0,72080397402374529,15,0,1234} 
2021-03-19 11:59:20,167 INFO  [Thread-0] root: Node created at: /keeper/server89
Starting commModule
2021-03-19 11:59:20,175 INFO  [Thread-0] root: Server communication module connected
2021-03-19 11:59:20,176 INFO  [Thread-0] root: Connected to localhost on port 57725
2021-03-19 11:59:20,186 INFO  [Thread-1] root: Message received by server -> Status: INIT_SERVER
received adminmsg
2021-03-19 11:59:20,187 INFO  [Thread-1] root: Message sent by server -> Status: INIT_SERVER_SUCCESS
2021-03-19 11:59:20,187 INFO  [Thread-1] root: Message received by server -> Status: START
received adminmsg
2021-03-19 11:59:20,188 INFO  [Thread-1] root: Message sent by server -> Status: START_SUCCESS
Starting commModule
2021-03-19 11:59:20,199 INFO  [Thread-0] root: Server communication module connected
2021-03-19 11:59:20,200 INFO  [Thread-0] root: Connected to localhost on port 57730
Starting commModule
2021-03-19 11:59:20,203 INFO  [Thread-0] root: Server communication module connected
2021-03-19 11:59:20,204 INFO  [Thread-0] root: Connected to localhost on port 57732
Starting commModule
2021-03-19 11:59:20,207 INFO  [Thread-0] root: Server communication module connected
2021-03-19 11:59:20,208 INFO  [Thread-0] root: Connected to localhost on port 57735
Starting commModule
2021-03-19 11:59:20,213 INFO  [Thread-0] root: Server communication module connected
2021-03-19 11:59:20,214 INFO  [Thread-0] root: Connected to localhost on port 57738
2021-03-19 11:59:20,215 INFO  [Thread-5] root: Message received by server -> Status: UPDATE
received adminmsg
2021-03-19 11:59:20,216 INFO  [Thread-5] root: Message sent by server -> Status: UPDATE_SUCCESS
Starting commModule
2021-03-19 11:59:20,220 INFO  [Thread-0] root: Server communication module connected
2021-03-19 11:59:20,221 INFO  [Thread-0] root: Connected to localhost on port 57741
Starting commModule
2021-03-19 11:59:20,224 INFO  [Thread-0] root: Server communication module connected
2021-03-19 11:59:20,224 INFO  [Thread-0] root: Connected to localhost on port 57743
Starting commModule
2021-03-19 11:59:20,225 INFO  [Thread-0] root: Server communication module connected
2021-03-19 11:59:20,226 INFO  [Thread-0] root: Connected to localhost on port 57745
2021-03-19 11:59:20,227 INFO  [Thread-8] root: Message received by server -> Status: PROPAGATE_ADMIN
received adminmsg
2021-03-19 11:59:20,233 DEBUG [Thread-8] root: Getting successors
2021-03-19 11:59:20,233 DEBUG [Thread-8] root: Got successors
2021-03-19 11:59:20,233 DEBUG [Thread-8] root: Propagating to: 127.0.0.1:50143 127.0.0.1:50028
2021-03-19 11:59:20,236 INFO  [Thread-8] root: Client communication module connected
2021-03-19 11:59:20,236 INFO  [Thread-8] root: Client communication module connected
2021-03-19 11:59:20,237 DEBUG [Thread-8] root: {}
2021-03-19 11:59:20,237 INFO  [Thread-8] root: Message sent by server -> Status: PROPAGATE_SUCCESS
2021-03-19 11:59:21,461 DEBUG [Thread-0-SendThread(localhost:2181)] org.apache.zookeeper.ClientCnxn: Got ping response for session id: 0x10014bd52700181 after 0ms.
2021-03-19 11:59:22,798 DEBUG [Thread-0-SendThread(localhost:2181)] org.apache.zookeeper.ClientCnxn: Got ping response for session id: 0x10014bd52700181 after 0ms.
2021-03-19 11:59:24,137 DEBUG [Thread-0-SendThread(localhost:2181)] org.apache.zookeeper.ClientCnxn: Got ping response for session id: 0x10014bd52700181 after 0ms.
Starting commModule
2021-03-19 11:59:25,274 INFO  [Thread-0] root: Server communication module connected
2021-03-19 11:59:25,275 INFO  [Thread-0] root: Connected to localhost on port 57751
2021-03-19 11:59:25,278 INFO  [Thread-9] root: Message received by server -> Status: PROPAGATE
2021-03-19 11:59:25,278 DEBUG [Thread-9] root: In serve
2021-03-19 11:59:25,278 DEBUG [Thread-9] root: Checking if stopped or write locked
2021-03-19 11:59:25,278 DEBUG [Thread-9] root: Case propagate
2021-03-19 11:59:25,278 DEBUG [Thread-9] root: Passing to server
2021-03-19 11:59:25,278 DEBUG [Thread-9] root: Getting Predecessors
2021-03-19 11:59:25,278 DEBUG [Thread-9] root: Looking for 127.0.0.1:50088
2021-03-19 11:59:25,278 DEBUG [Thread-9] root: [127.0.0.1:50028, 127.0.0.1:50088, 127.0.0.1:50143]
2021-03-19 11:59:25,278 DEBUG [Thread-9] root: Predecessors:
2021-03-19 11:59:25,278 DEBUG [Thread-9] root: [127.0.0.1:50143, 127.0.0.1:50028]
2021-03-19 11:59:25,279 DEBUG [Thread-9] root: Looking for 127.0.0.1:50028
2021-03-19 11:59:25,279 DEBUG [Thread-9] root: Index of predecessor: 1
2021-03-19 11:59:25,279 DEBUG [Thread-9] root: Server Stuff
2021-03-19 11:59:25,279 INFO  [Thread-9] root: Put: key = 1, value = 1
2021-03-19 11:59:25,281 INFO  [Thread-9] root: Message sent by server -> Status: PROPAGATE_SUCCESS Key: null Value: null
Starting commModule
2021-03-19 11:59:25,290 INFO  [Thread-0] root: Server communication module connected
2021-03-19 11:59:25,291 INFO  [Thread-0] root: Connected to localhost on port 57755
2021-03-19 11:59:25,291 INFO  [Thread-10] root: Message received by server -> Status: GET Key: 1 Value: null
2021-03-19 11:59:25,292 DEBUG [Thread-10] root: In serve
2021-03-19 11:59:25,292 DEBUG [Thread-10] root: Checking if stopped or write locked
2021-03-19 11:59:25,292 DEBUG [Thread-10] root: Checking if it's in range
2021-03-19 11:59:25,301 DEBUG [Thread-10] root: Got hostname and port -> 127.0.0.1:50088
2021-03-19 11:59:25,301 DEBUG [Thread-10] root: Got metadata range: 853f7b987690214e1b58d382051d6950:853f7b987690214e1b58d382051d694f
2021-03-19 11:59:25,301 DEBUG [Thread-10] root: 127.0.0.1:50028 -> 21d703007b16586aa52100c07fa01e93:21d703007b16586aa52100c07fa01e92
2021-03-19 11:59:25,301 DEBUG [Thread-10] root: 127.0.0.1:50088 -> 853f7b987690214e1b58d382051d6950:853f7b987690214e1b58d382051d694f
2021-03-19 11:59:25,301 DEBUG [Thread-10] root: 127.0.0.1:50143 -> b02ea4273f1cb071e90886dc31fb8876:b02ea4273f1cb071e90886dc31fb8875
2021-03-19 11:59:25,301 DEBUG [Thread-10] root: Got range big ints
2021-03-19 11:59:25,301 DEBUG [Thread-10] root: Range end < range start
2021-03-19 11:59:25,301 DEBUG [Thread-10] root: Done with range check in server
2021-03-19 11:59:25,302 INFO  [Thread-10] root: Get: key = 1
2021-03-19 11:59:25,303 INFO  [Thread-10] root: Message sent by server -> Status: GET_SUCCESS Key: 1 Value: 1
Starting commModule
2021-03-19 11:59:25,308 INFO  [Thread-0] root: Server communication module connected
2021-03-19 11:59:25,309 INFO  [Thread-0] root: Connected to localhost on port 57758
2021-03-19 11:59:25,309 INFO  [Thread-11] root: Message received by server -> Status: SHUTDOWN
received adminmsg
2021-03-19 11:59:25,309 DEBUG [Thread-11] root: Closing the program
2021-03-19 11:59:25,310 INFO  [Thread-11] root: Message sent by server -> Status: SHUTDOWN_SUCCESS
2021-03-19 11:59:25,310 ERROR [Thread-0] root: Error! Unable to establish connection. 

java.net.SocketException: Socket closed
	at java.base/java.net.PlainSocketImpl.socketAccept(Native Method)
	at java.base/java.net.AbstractPlainSocketImpl.accept(AbstractPlainSocketImpl.java:458)
	at java.base/java.net.ServerSocket.implAccept(ServerSocket.java:565)
	at java.base/java.net.ServerSocket.accept(ServerSocket.java:533)
	at app_kvServer.KVServer.run(KVServer.java:408)
2021-03-19 11:59:25,312 INFO  [Thread-0] root: Server stopped.
2021-03-19 11:59:25,312 INFO  [Thread-0] root: Clearing KV Storage...
