2021-03-19 10:35:39,820 INFO  [main] root: Creating Storage Files
2021-03-19 10:35:39,821 INFO  [main] root: File created: server127.json
2021-03-19 10:35:39,821 INFO  [main] root: File created: server127_replica_1.json
2021-03-19 10:35:39,821 INFO  [main] root: File created: server127_replica_2.json
2021-03-19 10:35:39,821 INFO  [Thread-0] root: Initialize server ...
2021-03-19 10:35:39,834 INFO  [Thread-0] root: Server listening on port: 50126
2021-03-19 10:35:39,854 INFO  [Thread-0] org.apache.zookeeper.ZooKeeper: Client environment:zookeeper.version=3.6.2--803c7f1a12f85978cb049af5e4ef23bd8b688715, built on 09/04/2020 12:44 GMT
2021-03-19 10:35:39,854 INFO  [Thread-0] org.apache.zookeeper.ZooKeeper: Client environment:host.name=localhost
2021-03-19 10:35:39,854 INFO  [Thread-0] org.apache.zookeeper.ZooKeeper: Client environment:java.version=11.0.10
2021-03-19 10:35:39,855 INFO  [Thread-0] org.apache.zookeeper.ZooKeeper: Client environment:java.vendor=Azul Systems, Inc.
2021-03-19 10:35:39,855 INFO  [Thread-0] org.apache.zookeeper.ZooKeeper: Client environment:java.home=/Users/steve/Library/Java/JavaVirtualMachines/azul-11.0.10/Contents/Home
2021-03-19 10:35:39,855 INFO  [Thread-0] org.apache.zookeeper.ZooKeeper: Client environment:java.class.path=/Users/steve/Desktop/UofT/year4/winter2021/ECE419/milestone3/m3-server.jar
2021-03-19 10:35:39,855 INFO  [Thread-0] org.apache.zookeeper.ZooKeeper: Client environment:java.library.path=/Users/steve/Library/Java/Extensions:/Library/Java/Extensions:/Network/Library/Java/Extensions:/System/Library/Java/Extensions:/usr/lib/java:.
2021-03-19 10:35:39,855 INFO  [Thread-0] org.apache.zookeeper.ZooKeeper: Client environment:java.io.tmpdir=/var/folders/kz/3gb57nkn6ks6_07_dtt5lqvr0000gn/T/
2021-03-19 10:35:39,855 INFO  [Thread-0] org.apache.zookeeper.ZooKeeper: Client environment:java.compiler=<NA>
2021-03-19 10:35:39,855 INFO  [Thread-0] org.apache.zookeeper.ZooKeeper: Client environment:os.name=Mac OS X
2021-03-19 10:35:39,855 INFO  [Thread-0] org.apache.zookeeper.ZooKeeper: Client environment:os.arch=x86_64
2021-03-19 10:35:39,855 INFO  [Thread-0] org.apache.zookeeper.ZooKeeper: Client environment:os.version=10.16
2021-03-19 10:35:39,855 INFO  [Thread-0] org.apache.zookeeper.ZooKeeper: Client environment:user.name=steve
2021-03-19 10:35:39,855 INFO  [Thread-0] org.apache.zookeeper.ZooKeeper: Client environment:user.home=/Users/steve
2021-03-19 10:35:39,855 INFO  [Thread-0] org.apache.zookeeper.ZooKeeper: Client environment:user.dir=/Users/steve
2021-03-19 10:35:39,855 INFO  [Thread-0] org.apache.zookeeper.ZooKeeper: Client environment:os.memory.free=249MB
2021-03-19 10:35:39,855 INFO  [Thread-0] org.apache.zookeeper.ZooKeeper: Client environment:os.memory.max=4096MB
2021-03-19 10:35:39,855 INFO  [Thread-0] org.apache.zookeeper.ZooKeeper: Client environment:os.memory.total=256MB
2021-03-19 10:35:39,858 INFO  [Thread-0] org.apache.zookeeper.ZooKeeper: Initiating client connection, connectString=localhost:2181 sessionTimeout=3000 watcher=app_kvServer.KVServer$1@42034375
2021-03-19 10:35:39,861 INFO  [Thread-0] org.apache.zookeeper.common.X509Util: Setting -D jdk.tls.rejectClientInitiatedRenegotiation=true to disable client-initiated TLS renegotiation
2021-03-19 10:35:39,871 INFO  [Thread-0] org.apache.zookeeper.ClientCnxnSocket: jute.maxbuffer value is 1048575 Bytes
2021-03-19 10:35:39,878 INFO  [Thread-0] org.apache.zookeeper.ClientCnxn: zookeeper.request.timeout value is 0. feature enabled=false
2021-03-19 10:35:39,887 DEBUG [Thread-0-SendThread(localhost:2181)] org.apache.zookeeper.SaslServerPrincipal: Canonicalized address to localhost
2021-03-19 10:35:39,889 INFO  [Thread-0-SendThread(localhost:2181)] org.apache.zookeeper.ClientCnxn: Opening socket connection to server localhost/0:0:0:0:0:0:0:1:2181.
2021-03-19 10:35:39,889 INFO  [Thread-0-SendThread(localhost:2181)] org.apache.zookeeper.ClientCnxn: SASL config status: Will not attempt to authenticate using SASL (unknown error)
2021-03-19 10:35:39,905 INFO  [Thread-0-SendThread(localhost:2181)] org.apache.zookeeper.ClientCnxn: Socket connection established, initiating session, client: /0:0:0:0:0:0:0:1:55945, server: localhost/0:0:0:0:0:0:0:1:2181
2021-03-19 10:35:39,906 DEBUG [Thread-0-SendThread(localhost:2181)] org.apache.zookeeper.ClientCnxn: Session establishment request sent on localhost/0:0:0:0:0:0:0:1:2181
2021-03-19 10:35:39,940 TRACE [Thread-0-SendThread(localhost:2181)] org.apache.zookeeper.ClientCnxnSocket: readConnectResult 37 0x[0,0,0,0,0,0,f,ffffffa0,1,0,14,ffffffbd,52,70,1,41,0,0,0,10,22,1c,69,2c,ffffffef,ffffff8f,ffffff92,16,19,b,ffffffcc,ffffff85,ffffff83,ffffff99,ffffffa9,62,0,]
2021-03-19 10:35:39,942 INFO  [Thread-0-SendThread(localhost:2181)] org.apache.zookeeper.ClientCnxn: Session establishment complete on server localhost/0:0:0:0:0:0:0:1:2181, session id = 0x10014bd52700141, negotiated timeout = 4000
2021-03-19 10:35:39,944 DEBUG [Thread-0-EventThread] root: ZK event: 
2021-03-19 10:35:39,944 DEBUG [Thread-0-EventThread] root: WatchedEvent state:SyncConnected type:None path:null
2021-03-19 10:35:39,995 DEBUG [Thread-0-SendThread(localhost:2181)] org.apache.zookeeper.ClientCnxn: Reading reply session id: 0x10014bd52700141, packet:: clientPath:null serverPath:null finished:false header:: 1,1  replyHeader:: 1,1030,0  request:: '/keeper/server127,,v{s{31,s{'world,'anyone}}},1  response:: '/keeper/server127 
2021-03-19 10:35:40,000 DEBUG [Thread-0-SendThread(localhost:2181)] org.apache.zookeeper.ClientCnxn: Reading reply session id: 0x10014bd52700141, packet:: clientPath:null serverPath:null finished:false header:: 2,3  replyHeader:: 2,1030,0  request:: '/keeper/server127,T  response:: s{1030,1030,1616164539944,1616164539944,0,0,0,72080397402374465,0,0,1030} 
2021-03-19 10:35:40,026 DEBUG [Thread-0-SendThread(localhost:2181)] org.apache.zookeeper.ClientCnxn: Got notification session id: 0x10014bd52700141
2021-03-19 10:35:40,027 DEBUG [Thread-0-SendThread(localhost:2181)] org.apache.zookeeper.ClientCnxn: Got WatchedEvent state:SyncConnected type:NodeDataChanged path:/keeper/server127 for session id 0x10014bd52700141
2021-03-19 10:35:40,028 DEBUG [Thread-0-EventThread] root: ZK event: 
2021-03-19 10:35:40,028 DEBUG [Thread-0-EventThread] root: WatchedEvent state:SyncConnected type:NodeDataChanged path:/keeper/server127
2021-03-19 10:35:40,029 DEBUG [Thread-0-SendThread(localhost:2181)] org.apache.zookeeper.ClientCnxn: Reading reply session id: 0x10014bd52700141, packet:: clientPath:null serverPath:null finished:false header:: 3,5  replyHeader:: 3,1031,0  request:: '/keeper/server127,#3132372e302e302e313a3530313236,0  response:: s{1030,1031,1616164539944,1616164540000,1,0,0,72080397402374465,15,0,1030} 
2021-03-19 10:35:40,029 INFO  [Thread-0] root: Node created at: /keeper/server127
Starting commModule
2021-03-19 10:35:40,036 INFO  [Thread-0] root: Server communication module connected
2021-03-19 10:35:40,037 INFO  [Thread-0] root: Connected to localhost on port 55946
2021-03-19 10:35:40,045 INFO  [Thread-1] root: Message received by server -> Status: INIT_SERVER
received adminmsg
2021-03-19 10:35:40,046 INFO  [Thread-1] root: Message sent by server -> Status: INIT_SERVER_SUCCESS
2021-03-19 10:35:40,047 INFO  [Thread-1] root: Message received by server -> Status: START
received adminmsg
2021-03-19 10:35:40,047 INFO  [Thread-1] root: Message sent by server -> Status: START_SUCCESS
Starting commModule
2021-03-19 10:35:40,057 INFO  [Thread-0] root: Server communication module connected
2021-03-19 10:35:40,058 INFO  [Thread-0] root: Connected to localhost on port 55951
Starting commModule
2021-03-19 10:35:40,061 INFO  [Thread-0] root: Server communication module connected
2021-03-19 10:35:40,062 INFO  [Thread-0] root: Connected to localhost on port 55953
Starting commModule
2021-03-19 10:35:40,064 INFO  [Thread-0] root: Server communication module connected
2021-03-19 10:35:40,065 INFO  [Thread-0] root: Connected to localhost on port 55956
Starting commModule
2021-03-19 10:35:40,070 INFO  [Thread-0] root: Server communication module connected
2021-03-19 10:35:40,071 INFO  [Thread-0] root: Connected to localhost on port 55959
2021-03-19 10:35:40,072 INFO  [Thread-5] root: Message received by server -> Status: UPDATE
received adminmsg
2021-03-19 10:35:40,073 INFO  [Thread-5] root: Message sent by server -> Status: UPDATE_SUCCESS
Starting commModule
2021-03-19 10:35:40,076 INFO  [Thread-0] root: Server communication module connected
2021-03-19 10:35:40,077 INFO  [Thread-0] root: Connected to localhost on port 55962
Starting commModule
2021-03-19 10:35:40,080 INFO  [Thread-0] root: Server communication module connected
2021-03-19 10:35:40,081 INFO  [Thread-0] root: Connected to localhost on port 55964
Starting commModule
2021-03-19 10:35:40,081 INFO  [Thread-0] root: Server communication module connected
2021-03-19 10:35:40,081 INFO  [Thread-0] root: Connected to localhost on port 55966
2021-03-19 10:35:40,082 INFO  [Thread-8] root: Message received by server -> Status: PROPAGATE_ADMIN
received adminmsg
2021-03-19 10:35:40,087 DEBUG [Thread-8] root: Getting successors
2021-03-19 10:35:40,087 DEBUG [Thread-8] root: Got successors
2021-03-19 10:35:40,087 DEBUG [Thread-8] root: Propagating to: 127.0.0.1:50018 127.0.0.1:50093
2021-03-19 10:35:40,090 INFO  [Thread-8] root: Client communication module connected
2021-03-19 10:35:40,090 INFO  [Thread-8] root: Client communication module connected
2021-03-19 10:35:40,090 DEBUG [Thread-8] root: {}
2021-03-19 10:35:40,091 INFO  [Thread-8] root: Message sent by server -> Status: PROPAGATE_SUCCESS
2021-03-19 10:35:41,339 DEBUG [Thread-0-SendThread(localhost:2181)] org.apache.zookeeper.ClientCnxn: Got ping response for session id: 0x10014bd52700141 after 1ms.
2021-03-19 10:35:42,676 DEBUG [Thread-0-SendThread(localhost:2181)] org.apache.zookeeper.ClientCnxn: Got ping response for session id: 0x10014bd52700141 after 0ms.
2021-03-19 10:35:44,014 DEBUG [Thread-0-SendThread(localhost:2181)] org.apache.zookeeper.ClientCnxn: Got ping response for session id: 0x10014bd52700141 after 0ms.
Starting commModule
2021-03-19 10:35:45,109 INFO  [Thread-0] root: Server communication module connected
2021-03-19 10:35:45,110 INFO  [Thread-0] root: Connected to localhost on port 55973
2021-03-19 10:35:45,111 INFO  [Thread-9] root: Message received by server -> Status: GET_METADATA Key: nothing Value: nothing
2021-03-19 10:35:45,111 DEBUG [Thread-9] root: In serve
2021-03-19 10:35:45,112 DEBUG [Thread-9] root: Checking if stopped or write locked
2021-03-19 10:35:45,112 DEBUG [Thread-9] root: Case GET_METADATA
2021-03-19 10:35:45,120 INFO  [Thread-9] root: Message sent by server -> Status: GET_METADATA_SUCCESS Key: nothing Value: nothing
2021-03-19 10:35:45,121 INFO  [Thread-9] root: Message received by server -> Status: PUT Key: 1 Value: 1
2021-03-19 10:35:45,121 DEBUG [Thread-9] root: In serve
2021-03-19 10:35:45,121 DEBUG [Thread-9] root: Checking if stopped or write locked
2021-03-19 10:35:45,121 DEBUG [Thread-9] root: PUT request being served
2021-03-19 10:35:45,121 DEBUG [Thread-9] root: Checking if it's in range
2021-03-19 10:35:45,122 DEBUG [Thread-9] root: Got hostname and port -> 127.0.0.1:50126
2021-03-19 10:35:45,123 DEBUG [Thread-9] root: Got metadata range: a54779ff0aff7edf1941f9534107087f:3f72e738a18e008de24dc31b1c10e52d
2021-03-19 10:35:45,123 DEBUG [Thread-9] root: 127.0.0.1:50126 -> a54779ff0aff7edf1941f9534107087f:3f72e738a18e008de24dc31b1c10e52d
2021-03-19 10:35:45,123 DEBUG [Thread-9] root: 127.0.0.1:50018 -> 3f72e738a18e008de24dc31b1c10e52e:9495fb970238b6455b6b6e4cac497dfc
2021-03-19 10:35:45,123 DEBUG [Thread-9] root: 127.0.0.1:50093 -> 9495fb970238b6455b6b6e4cac497dfd:a54779ff0aff7edf1941f9534107087e
2021-03-19 10:35:45,123 DEBUG [Thread-9] root: Got range big ints
2021-03-19 10:35:45,123 DEBUG [Thread-9] root: Range end < range start
2021-03-19 10:35:45,123 DEBUG [Thread-9] root: Done with range check in server
2021-03-19 10:35:45,123 DEBUG [Thread-9] root: In range
2021-03-19 10:35:45,124 INFO  [Thread-9] root: Put: key = 1, value = 1
2021-03-19 10:35:45,125 DEBUG [Thread-9] root: Getting successors
2021-03-19 10:35:45,125 DEBUG [Thread-9] root: Got successors
2021-03-19 10:35:45,125 DEBUG [Thread-9] root: Propagating to: 127.0.0.1:50018 127.0.0.1:50093
2021-03-19 10:35:45,125 INFO  [Thread-9] root: Client communication module connected
2021-03-19 10:35:45,126 INFO  [Thread-9] root: Client communication module connected
2021-03-19 10:35:45,126 DEBUG [Thread-9] root: {"1":"1"}
2021-03-19 10:35:45,127 INFO  [Thread-9] root: Message sent by client -> Status: PROPAGATE
2021-03-19 10:35:45,127 INFO  [Thread-9] root: Message sent by client -> Status: PROPAGATE
2021-03-19 10:35:45,131 INFO  [Thread-9] root: Message received by client -> Status: PROPAGATE_SUCCESS Key: null Value: null
2021-03-19 10:35:45,133 INFO  [Thread-9] root: Message received by client -> Status: PROPAGATE_SUCCESS Key: null Value: null
2021-03-19 10:35:45,133 INFO  [Thread-9] root: Message sent by server -> Status: PUT_SUCCESS Key: 1 Value: 1
Starting commModule
2021-03-19 10:35:45,151 INFO  [Thread-0] root: Server communication module connected
2021-03-19 10:35:45,152 INFO  [Thread-0] root: Connected to localhost on port 55978
2021-03-19 10:35:45,152 INFO  [Thread-10] root: Message received by server -> Status: GET Key: 1 Value: null
2021-03-19 10:35:45,152 DEBUG [Thread-10] root: In serve
2021-03-19 10:35:45,152 DEBUG [Thread-10] root: Checking if stopped or write locked
2021-03-19 10:35:45,152 DEBUG [Thread-10] root: Checking if it's in range
2021-03-19 10:35:45,152 DEBUG [Thread-10] root: Got hostname and port -> 127.0.0.1:50126
2021-03-19 10:35:45,153 DEBUG [Thread-10] root: Got metadata range: 3f72e738a18e008de24dc31b1c10e52e:3f72e738a18e008de24dc31b1c10e52d
2021-03-19 10:35:45,153 DEBUG [Thread-10] root: 127.0.0.1:50126 -> 3f72e738a18e008de24dc31b1c10e52e:3f72e738a18e008de24dc31b1c10e52d
2021-03-19 10:35:45,153 DEBUG [Thread-10] root: 127.0.0.1:50018 -> 9495fb970238b6455b6b6e4cac497dfd:9495fb970238b6455b6b6e4cac497dfc
2021-03-19 10:35:45,153 DEBUG [Thread-10] root: 127.0.0.1:50093 -> a54779ff0aff7edf1941f9534107087f:a54779ff0aff7edf1941f9534107087e
2021-03-19 10:35:45,153 DEBUG [Thread-10] root: Got range big ints
2021-03-19 10:35:45,153 DEBUG [Thread-10] root: Range end < range start
2021-03-19 10:35:45,153 DEBUG [Thread-10] root: Done with range check in server
2021-03-19 10:35:45,153 INFO  [Thread-10] root: Get: key = 1
2021-03-19 10:35:45,154 INFO  [Thread-10] root: Message sent by server -> Status: GET_SUCCESS Key: 1 Value: 1
Starting commModule
2021-03-19 10:35:45,160 INFO  [Thread-0] root: Server communication module connected
2021-03-19 10:35:45,160 INFO  [Thread-0] root: Connected to localhost on port 55981
2021-03-19 10:35:45,160 INFO  [Thread-11] root: Message received by server -> Status: SHUTDOWN
received adminmsg
2021-03-19 10:35:45,161 DEBUG [Thread-11] root: Closing the program
2021-03-19 10:35:45,161 INFO  [Thread-11] root: Message sent by server -> Status: SHUTDOWN_SUCCESS
2021-03-19 10:35:45,161 ERROR [Thread-0] root: Error! Unable to establish connection. 

java.net.SocketException: Socket closed
	at java.base/java.net.PlainSocketImpl.socketAccept(Native Method)
	at java.base/java.net.AbstractPlainSocketImpl.accept(AbstractPlainSocketImpl.java:458)
	at java.base/java.net.ServerSocket.implAccept(ServerSocket.java:565)
	at java.base/java.net.ServerSocket.accept(ServerSocket.java:533)
	at app_kvServer.KVServer.run(KVServer.java:408)
2021-03-19 10:35:45,164 INFO  [Thread-0] root: Server stopped.
2021-03-19 10:35:45,164 INFO  [Thread-0] root: Clearing KV Storage...
