2021-03-18 22:25:39,462 INFO  [main] root: Creating Storage Files
2021-03-18 22:25:39,463 INFO  [main] root: File created: server50.json
2021-03-18 22:25:39,463 INFO  [main] root: File created: server50_replica_1.json
2021-03-18 22:25:39,464 INFO  [main] root: File created: server50_replica_2.json
2021-03-18 22:25:39,464 INFO  [Thread-0] root: Initialize server ...
2021-03-18 22:25:39,478 INFO  [Thread-0] root: Server listening on port: 50049
2021-03-18 22:25:39,500 INFO  [Thread-0] org.apache.zookeeper.ZooKeeper: Client environment:zookeeper.version=3.6.2--803c7f1a12f85978cb049af5e4ef23bd8b688715, built on 09/04/2020 12:44 GMT
2021-03-18 22:25:39,500 INFO  [Thread-0] org.apache.zookeeper.ZooKeeper: Client environment:host.name=localhost
2021-03-18 22:25:39,500 INFO  [Thread-0] org.apache.zookeeper.ZooKeeper: Client environment:java.version=11.0.10
2021-03-18 22:25:39,500 INFO  [Thread-0] org.apache.zookeeper.ZooKeeper: Client environment:java.vendor=Azul Systems, Inc.
2021-03-18 22:25:39,501 INFO  [Thread-0] org.apache.zookeeper.ZooKeeper: Client environment:java.home=/Users/steve/Library/Java/JavaVirtualMachines/azul-11.0.10/Contents/Home
2021-03-18 22:25:39,501 INFO  [Thread-0] org.apache.zookeeper.ZooKeeper: Client environment:java.class.path=/Users/steve/Desktop/UofT/year4/winter2021/ECE419/milestone3/m3-server.jar
2021-03-18 22:25:39,501 INFO  [Thread-0] org.apache.zookeeper.ZooKeeper: Client environment:java.library.path=/Users/steve/Library/Java/Extensions:/Library/Java/Extensions:/Network/Library/Java/Extensions:/System/Library/Java/Extensions:/usr/lib/java:.
2021-03-18 22:25:39,501 INFO  [Thread-0] org.apache.zookeeper.ZooKeeper: Client environment:java.io.tmpdir=/var/folders/kz/3gb57nkn6ks6_07_dtt5lqvr0000gn/T/
2021-03-18 22:25:39,501 INFO  [Thread-0] org.apache.zookeeper.ZooKeeper: Client environment:java.compiler=<NA>
2021-03-18 22:25:39,501 INFO  [Thread-0] org.apache.zookeeper.ZooKeeper: Client environment:os.name=Mac OS X
2021-03-18 22:25:39,501 INFO  [Thread-0] org.apache.zookeeper.ZooKeeper: Client environment:os.arch=x86_64
2021-03-18 22:25:39,501 INFO  [Thread-0] org.apache.zookeeper.ZooKeeper: Client environment:os.version=10.16
2021-03-18 22:25:39,501 INFO  [Thread-0] org.apache.zookeeper.ZooKeeper: Client environment:user.name=steve
2021-03-18 22:25:39,501 INFO  [Thread-0] org.apache.zookeeper.ZooKeeper: Client environment:user.home=/Users/steve
2021-03-18 22:25:39,501 INFO  [Thread-0] org.apache.zookeeper.ZooKeeper: Client environment:user.dir=/Users/steve
2021-03-18 22:25:39,501 INFO  [Thread-0] org.apache.zookeeper.ZooKeeper: Client environment:os.memory.free=249MB
2021-03-18 22:25:39,501 INFO  [Thread-0] org.apache.zookeeper.ZooKeeper: Client environment:os.memory.max=4096MB
2021-03-18 22:25:39,502 INFO  [Thread-0] org.apache.zookeeper.ZooKeeper: Client environment:os.memory.total=256MB
2021-03-18 22:25:39,505 INFO  [Thread-0] org.apache.zookeeper.ZooKeeper: Initiating client connection, connectString=localhost:2181 sessionTimeout=3000 watcher=app_kvServer.KVServer$1@1b84e5c2
2021-03-18 22:25:39,508 INFO  [Thread-0] org.apache.zookeeper.common.X509Util: Setting -D jdk.tls.rejectClientInitiatedRenegotiation=true to disable client-initiated TLS renegotiation
2021-03-18 22:25:39,523 INFO  [Thread-0] org.apache.zookeeper.ClientCnxnSocket: jute.maxbuffer value is 1048575 Bytes
2021-03-18 22:25:39,530 INFO  [Thread-0] org.apache.zookeeper.ClientCnxn: zookeeper.request.timeout value is 0. feature enabled=false
2021-03-18 22:25:39,541 DEBUG [Thread-0-SendThread(localhost:2181)] org.apache.zookeeper.SaslServerPrincipal: Canonicalized address to localhost
2021-03-18 22:25:39,542 INFO  [Thread-0-SendThread(localhost:2181)] org.apache.zookeeper.ClientCnxn: Opening socket connection to server localhost/0:0:0:0:0:0:0:1:2181.
2021-03-18 22:25:39,542 INFO  [Thread-0-SendThread(localhost:2181)] org.apache.zookeeper.ClientCnxn: SASL config status: Will not attempt to authenticate using SASL (unknown error)
2021-03-18 22:25:39,559 INFO  [Thread-0-SendThread(localhost:2181)] org.apache.zookeeper.ClientCnxn: Socket connection established, initiating session, client: /0:0:0:0:0:0:0:1:52057, server: localhost/0:0:0:0:0:0:0:1:2181
2021-03-18 22:25:39,560 DEBUG [Thread-0-SendThread(localhost:2181)] org.apache.zookeeper.ClientCnxn: Session establishment request sent on localhost/0:0:0:0:0:0:0:1:2181
2021-03-18 22:25:39,589 TRACE [Thread-0-SendThread(localhost:2181)] org.apache.zookeeper.ClientCnxnSocket: readConnectResult 37 0x[0,0,0,0,0,0,f,ffffffa0,1,0,14,ffffffbd,52,70,0,54,0,0,0,10,43,ffffff81,ffffffd6,26,ffffffc5,58,ffffff87,76,ffffffe0,ffffff99,ffffffd0,ffffffb8,65,7a,27,d,0,]
2021-03-18 22:25:39,591 INFO  [Thread-0-SendThread(localhost:2181)] org.apache.zookeeper.ClientCnxn: Session establishment complete on server localhost/0:0:0:0:0:0:0:1:2181, session id = 0x10014bd52700054, negotiated timeout = 4000
2021-03-18 22:25:39,594 DEBUG [Thread-0-EventThread] root: ZK event: 
2021-03-18 22:25:39,594 DEBUG [Thread-0-EventThread] root: WatchedEvent state:SyncConnected type:None path:null
2021-03-18 22:25:39,622 DEBUG [Thread-0-SendThread(localhost:2181)] org.apache.zookeeper.ClientCnxn: Reading reply session id: 0x10014bd52700054, packet:: clientPath:null serverPath:null finished:false header:: 1,1  replyHeader:: 1,279,0  request:: '/keeper/server50,,v{s{31,s{'world,'anyone}}},1  response:: '/keeper/server50 
2021-03-18 22:25:39,626 DEBUG [Thread-0-SendThread(localhost:2181)] org.apache.zookeeper.ClientCnxn: Reading reply session id: 0x10014bd52700054, packet:: clientPath:null serverPath:null finished:false header:: 2,3  replyHeader:: 2,279,0  request:: '/keeper/server50,T  response:: s{279,279,1616120739594,1616120739594,0,0,0,72080397402374228,0,0,279} 
2021-03-18 22:25:39,654 DEBUG [Thread-0-SendThread(localhost:2181)] org.apache.zookeeper.ClientCnxn: Got notification session id: 0x10014bd52700054
2021-03-18 22:25:39,655 DEBUG [Thread-0-SendThread(localhost:2181)] org.apache.zookeeper.ClientCnxn: Got WatchedEvent state:SyncConnected type:NodeDataChanged path:/keeper/server50 for session id 0x10014bd52700054
2021-03-18 22:25:39,656 DEBUG [Thread-0-EventThread] root: ZK event: 
2021-03-18 22:25:39,656 DEBUG [Thread-0-EventThread] root: WatchedEvent state:SyncConnected type:NodeDataChanged path:/keeper/server50
2021-03-18 22:25:39,657 DEBUG [Thread-0-SendThread(localhost:2181)] org.apache.zookeeper.ClientCnxn: Reading reply session id: 0x10014bd52700054, packet:: clientPath:null serverPath:null finished:false header:: 3,5  replyHeader:: 3,280,0  request:: '/keeper/server50,#3132372e302e302e313a3530303439,0  response:: s{279,280,1616120739594,1616120739627,1,0,0,72080397402374228,15,0,279} 
2021-03-18 22:25:39,657 INFO  [Thread-0] root: Node created at: /keeper/server50
Starting commModule
2021-03-18 22:25:39,664 INFO  [Thread-0] root: Server communication module connected
2021-03-18 22:25:39,665 INFO  [Thread-0] root: Connected to localhost on port 52058
2021-03-18 22:25:39,673 INFO  [Thread-1] root: Message received by server -> Status: INIT_SERVER
received adminmsg
2021-03-18 22:25:39,674 INFO  [Thread-1] root: Message sent by server -> Status: INIT_SERVER_SUCCESS
2021-03-18 22:25:39,674 INFO  [Thread-1] root: Message received by server -> Status: START
received adminmsg
2021-03-18 22:25:39,674 INFO  [Thread-1] root: Message sent by server -> Status: START_SUCCESS
Starting commModule
2021-03-18 22:25:39,681 INFO  [Thread-0] root: Server communication module connected
2021-03-18 22:25:39,682 INFO  [Thread-0] root: Connected to localhost on port 52061
Starting commModule
2021-03-18 22:25:39,689 INFO  [Thread-0] root: Server communication module connected
2021-03-18 22:25:39,690 INFO  [Thread-0] root: Connected to localhost on port 52064
Starting commModule
2021-03-18 22:25:39,695 INFO  [Thread-0] root: Server communication module connected
2021-03-18 22:25:39,695 INFO  [Thread-0] root: Connected to localhost on port 52066
2021-03-18 22:25:39,696 INFO  [Thread-4] root: Message received by server -> Status: UPDATE
received adminmsg
2021-03-18 22:25:39,697 INFO  [Thread-4] root: Message sent by server -> Status: UPDATE_SUCCESS
Starting commModule
2021-03-18 22:25:39,700 INFO  [Thread-0] root: Server communication module connected
2021-03-18 22:25:39,701 INFO  [Thread-0] root: Connected to localhost on port 52068
Starting commModule
2021-03-18 22:25:39,702 INFO  [Thread-0] root: Server communication module connected
2021-03-18 22:25:39,703 INFO  [Thread-0] root: Connected to localhost on port 52070
2021-03-18 22:25:39,704 INFO  [Thread-6] root: Message received by server -> Status: PROPAGATE_ADMIN
received adminmsg
2021-03-18 22:25:39,709 DEBUG [Thread-6] root: Getting successors
2021-03-18 22:25:39,709 DEBUG [Thread-6] root: Got successors
2021-03-18 22:25:39,709 DEBUG [Thread-6] root: Propagating to: 127.0.0.1:50105 127.0.0.1:50049
2021-03-18 22:25:39,712 INFO  [Thread-6] root: Client communication module connected
Starting commModule
2021-03-18 22:25:39,712 INFO  [Thread-6] root: Client communication module connected
2021-03-18 22:25:39,712 DEBUG [Thread-6] root: {}
2021-03-18 22:25:39,712 INFO  [Thread-0] root: Server communication module connected
2021-03-18 22:25:39,713 INFO  [Thread-6] root: Message sent by server -> Status: PROPAGATE_SUCCESS
2021-03-18 22:25:39,713 INFO  [Thread-0] root: Connected to localhost on port 52072
Starting commModule
2021-03-18 22:25:40,300 INFO  [Thread-0] root: Server communication module connected
2021-03-18 22:25:40,301 INFO  [Thread-0] root: Connected to localhost on port 52077
2021-03-18 22:25:40,301 INFO  [Thread-8] root: Message received by server -> Status: UPDATE
received adminmsg
2021-03-18 22:25:40,302 INFO  [Thread-8] root: Message sent by server -> Status: UPDATE_SUCCESS
Starting commModule
2021-03-18 22:25:40,306 INFO  [Thread-0] root: Server communication module connected
2021-03-18 22:25:40,306 INFO  [Thread-0] root: Connected to localhost on port 52080
Starting commModule
2021-03-18 22:25:40,307 INFO  [Thread-0] root: Server communication module connected
2021-03-18 22:25:40,307 INFO  [Thread-0] root: Connected to localhost on port 52081
2021-03-18 22:25:40,308 INFO  [Thread-10] root: Message received by server -> Status: PROPAGATE_ADMIN
received adminmsg
2021-03-18 22:25:40,308 DEBUG [Thread-10] root: Getting successors
2021-03-18 22:25:40,308 DEBUG [Thread-10] root: Got successors
2021-03-18 22:25:40,309 DEBUG [Thread-10] root: Propagating to: 127.0.0.1:50105 127.0.0.1:50084
2021-03-18 22:25:40,309 INFO  [Thread-10] root: Client communication module connected
2021-03-18 22:25:40,310 INFO  [Thread-10] root: Client communication module connected
2021-03-18 22:25:40,310 DEBUG [Thread-10] root: {}
2021-03-18 22:25:40,310 INFO  [Thread-10] root: Message sent by server -> Status: PROPAGATE_SUCCESS
Starting commModule
2021-03-18 22:25:40,311 INFO  [Thread-0] root: Server communication module connected
2021-03-18 22:25:40,311 INFO  [Thread-0] root: Connected to localhost on port 52084
2021-03-18 22:25:40,311 INFO  [Thread-11] root: Message received by server -> Status: MOVE_DATA
received adminmsg
2021-03-18 22:25:40,312 DEBUG [Thread-11] root: Input data: 
2021-03-18 22:25:40,312 DEBUG [Thread-11] root: 49bb89fd99779e42738fc3f42ee45d64:a8bb92606ca27789af6c077da3955bcd
2021-03-18 22:25:40,312 DEBUG [Thread-11] root: 127.0.0.1:50084
2021-03-18 22:25:40,312 INFO  [Thread-11] root: Client communication module connected
2021-03-18 22:25:40,313 DEBUG [Thread-11] root: Host: 127.0.0.1
2021-03-18 22:25:40,313 DEBUG [Thread-11] root: Port: 50084
2021-03-18 22:25:40,313 DEBUG [Thread-11] root: Range: 49bb89fd99779e42738fc3f42ee45d64:a8bb92606ca27789af6c077da3955bcd
2021-03-18 22:25:40,313 DEBUG [Thread-11] root: Starting flush data
2021-03-18 22:25:40,313 DEBUG [Thread-11] root: Finished flush data
2021-03-18 22:25:40,313 DEBUG [Thread-11] root: Closing conn
2021-03-18 22:25:40,313 INFO  [Thread-11] root: Connection closed!
2021-03-18 22:25:40,313 DEBUG [Thread-11] root: Closed conn
2021-03-18 22:25:40,313 INFO  [Thread-11] root: Message sent by server -> Status: MOVE_DATA_SUCCESS
Starting commModule
2021-03-18 22:25:40,317 INFO  [Thread-0] root: Server communication module connected
2021-03-18 22:25:40,317 INFO  [Thread-0] root: Connected to localhost on port 52087
2021-03-18 22:25:40,318 INFO  [Thread-12] root: Message received by server -> Status: UPDATE
received adminmsg
2021-03-18 22:25:40,319 INFO  [Thread-12] root: Message sent by server -> Status: UPDATE_SUCCESS
Starting commModule
2021-03-18 22:25:40,326 INFO  [Thread-0] root: Server communication module connected
2021-03-18 22:25:40,326 INFO  [Thread-0] root: Connected to localhost on port 52091
Starting commModule
2021-03-18 22:25:40,327 INFO  [Thread-0] root: Server communication module connected
2021-03-18 22:25:40,327 INFO  [Thread-0] root: Connected to localhost on port 52092
2021-03-18 22:25:40,328 INFO  [Thread-14] root: Message received by server -> Status: PROPAGATE_ADMIN
received adminmsg
2021-03-18 22:25:40,328 DEBUG [Thread-14] root: Getting successors
2021-03-18 22:25:40,328 DEBUG [Thread-14] root: Got successors
2021-03-18 22:25:40,328 DEBUG [Thread-14] root: Propagating to: 127.0.0.1:50105 127.0.0.1:50084
2021-03-18 22:25:40,329 INFO  [Thread-14] root: Client communication module connected
2021-03-18 22:25:40,329 INFO  [Thread-14] root: Client communication module connected
2021-03-18 22:25:40,330 DEBUG [Thread-14] root: {}
2021-03-18 22:25:40,330 INFO  [Thread-14] root: Message sent by server -> Status: PROPAGATE_SUCCESS
Starting commModule
2021-03-18 22:25:40,340 INFO  [Thread-0] root: Server communication module connected
2021-03-18 22:25:40,341 INFO  [Thread-0] root: Connected to localhost on port 52096
Starting commModule
2021-03-18 22:25:40,372 INFO  [Thread-0] root: Server communication module connected
2021-03-18 22:25:40,373 INFO  [Thread-0] root: Connected to localhost on port 52099
2021-03-18 22:25:40,374 INFO  [Thread-16] root: Message received by server -> Status: PUT Key: 1 Value: 1
2021-03-18 22:25:40,374 DEBUG [Thread-16] root: In serve
2021-03-18 22:25:40,374 DEBUG [Thread-16] root: Checking if stopped or write locked
2021-03-18 22:25:40,375 DEBUG [Thread-16] root: PUT request being served
2021-03-18 22:25:40,375 DEBUG [Thread-16] root: Checking if it's in range
2021-03-18 22:25:40,382 DEBUG [Thread-16] root: Got hostname and port -> 127.0.0.1:50049
2021-03-18 22:25:40,382 DEBUG [Thread-16] root: Got metadata range: a8bb92606ca27789af6c077da3955bce:3e62539b22d2d43791905f456842e2e9
2021-03-18 22:25:40,382 DEBUG [Thread-16] root: 127.0.0.1:50049 -> a8bb92606ca27789af6c077da3955bce:3e62539b22d2d43791905f456842e2e9
2021-03-18 22:25:40,382 DEBUG [Thread-16] root: 127.0.0.1:50105 -> 3e62539b22d2d43791905f456842e2ea:49bb89fd99779e42738fc3f42ee45d63
2021-03-18 22:25:40,382 DEBUG [Thread-16] root: 127.0.0.1:50084 -> 49bb89fd99779e42738fc3f42ee45d64:a8bb92606ca27789af6c077da3955bcd
2021-03-18 22:25:40,382 DEBUG [Thread-16] root: Got range big ints
2021-03-18 22:25:40,382 DEBUG [Thread-16] root: Range end < range start
2021-03-18 22:25:40,382 DEBUG [Thread-16] root: Done with range check in server
2021-03-18 22:25:40,382 DEBUG [Thread-16] root: In range
2021-03-18 22:25:40,383 INFO  [Thread-16] root: Put: key = 1, value = 1
2021-03-18 22:25:40,384 DEBUG [Thread-16] root: Getting successors
2021-03-18 22:25:40,384 DEBUG [Thread-16] root: Got successors
2021-03-18 22:25:40,384 DEBUG [Thread-16] root: Propagating to: 127.0.0.1:50105 127.0.0.1:50084
2021-03-18 22:25:40,384 INFO  [Thread-16] root: Client communication module connected
2021-03-18 22:25:40,385 INFO  [Thread-16] root: Client communication module connected
2021-03-18 22:25:40,385 DEBUG [Thread-16] root: {"1":"1"}
2021-03-18 22:25:40,387 INFO  [Thread-16] root: Message sent by client -> Status: PROPAGATE
2021-03-18 22:25:40,387 INFO  [Thread-16] root: Message sent by client -> Status: PROPAGATE
2021-03-18 22:25:40,390 INFO  [Thread-16] root: Message received by client -> Status: PROPAGATE_SUCCESS Key: null Value: null
2021-03-18 22:25:40,392 INFO  [Thread-16] root: Message received by client -> Status: PROPAGATE_SUCCESS Key: null Value: null
2021-03-18 22:25:40,392 INFO  [Thread-16] root: Message sent by server -> Status: PUT_SUCCESS Key: 1 Value: 1
2021-03-18 22:25:40,966 DEBUG [Thread-0-SendThread(localhost:2181)] org.apache.zookeeper.ClientCnxn: Got ping response for session id: 0x10014bd52700054 after 0ms.
2021-03-18 22:25:42,303 DEBUG [Thread-0-SendThread(localhost:2181)] org.apache.zookeeper.ClientCnxn: Got ping response for session id: 0x10014bd52700054 after 0ms.
2021-03-18 22:25:43,638 DEBUG [Thread-0-SendThread(localhost:2181)] org.apache.zookeeper.ClientCnxn: Got ping response for session id: 0x10014bd52700054 after 0ms.
2021-03-18 22:25:44,972 DEBUG [Thread-0-SendThread(localhost:2181)] org.apache.zookeeper.ClientCnxn: Got ping response for session id: 0x10014bd52700054 after 0ms.
2021-03-18 22:25:46,309 DEBUG [Thread-0-SendThread(localhost:2181)] org.apache.zookeeper.ClientCnxn: Got ping response for session id: 0x10014bd52700054 after 1ms.
2021-03-18 22:25:47,645 DEBUG [Thread-0-SendThread(localhost:2181)] org.apache.zookeeper.ClientCnxn: Got ping response for session id: 0x10014bd52700054 after 1ms.
2021-03-18 22:25:48,981 DEBUG [Thread-0-SendThread(localhost:2181)] org.apache.zookeeper.ClientCnxn: Got ping response for session id: 0x10014bd52700054 after 1ms.
2021-03-18 22:25:50,317 DEBUG [Thread-0-SendThread(localhost:2181)] org.apache.zookeeper.ClientCnxn: Got ping response for session id: 0x10014bd52700054 after 0ms.
2021-03-18 22:25:51,652 DEBUG [Thread-0-SendThread(localhost:2181)] org.apache.zookeeper.ClientCnxn: Got ping response for session id: 0x10014bd52700054 after 1ms.
2021-03-18 22:25:52,989 DEBUG [Thread-0-SendThread(localhost:2181)] org.apache.zookeeper.ClientCnxn: Got ping response for session id: 0x10014bd52700054 after 0ms.
2021-03-18 22:25:54,322 DEBUG [Thread-0-SendThread(localhost:2181)] org.apache.zookeeper.ClientCnxn: Got ping response for session id: 0x10014bd52700054 after 0ms.
2021-03-18 22:25:55,656 DEBUG [Thread-0-SendThread(localhost:2181)] org.apache.zookeeper.ClientCnxn: Got ping response for session id: 0x10014bd52700054 after 0ms.
2021-03-18 22:25:56,994 DEBUG [Thread-0-SendThread(localhost:2181)] org.apache.zookeeper.ClientCnxn: Got ping response for session id: 0x10014bd52700054 after 0ms.
2021-03-18 22:25:58,327 DEBUG [Thread-0-SendThread(localhost:2181)] org.apache.zookeeper.ClientCnxn: Got ping response for session id: 0x10014bd52700054 after 0ms.
Starting commModule
2021-03-18 22:25:59,135 INFO  [Thread-0] root: Server communication module connected
2021-03-18 22:25:59,136 INFO  [Thread-0] root: Connected to localhost on port 52111
2021-03-18 22:25:59,136 INFO  [Thread-17] root: Message received by server -> Status: SHUTDOWN
received adminmsg
2021-03-18 22:25:59,136 DEBUG [Thread-17] root: Closing the program
2021-03-18 22:25:59,136 INFO  [Thread-17] root: Message sent by server -> Status: SHUTDOWN_SUCCESS
2021-03-18 22:25:59,136 ERROR [Thread-0] root: Error! Unable to establish connection. 

java.net.SocketException: Socket closed
	at java.base/java.net.PlainSocketImpl.socketAccept(Native Method)
	at java.base/java.net.AbstractPlainSocketImpl.accept(AbstractPlainSocketImpl.java:458)
	at java.base/java.net.ServerSocket.implAccept(ServerSocket.java:565)
	at java.base/java.net.ServerSocket.accept(ServerSocket.java:533)
	at app_kvServer.KVServer.run(KVServer.java:408)
2021-03-18 22:25:59,138 INFO  [Thread-0] root: Server stopped.
2021-03-18 22:25:59,138 INFO  [Thread-0] root: Clearing KV Storage...
