2021-03-19 10:27:54,122 INFO  [main] root: Creating Storage Files
2021-03-19 10:27:54,123 INFO  [main] root: File created: server110.json
2021-03-19 10:27:54,123 INFO  [main] root: File created: server110_replica_1.json
2021-03-19 10:27:54,124 INFO  [main] root: File created: server110_replica_2.json
2021-03-19 10:27:54,124 INFO  [Thread-0] root: Initialize server ...
2021-03-19 10:27:54,156 INFO  [Thread-0] root: Server listening on port: 50109
2021-03-19 10:27:54,194 INFO  [Thread-0] org.apache.zookeeper.ZooKeeper: Client environment:zookeeper.version=3.6.2--803c7f1a12f85978cb049af5e4ef23bd8b688715, built on 09/04/2020 12:44 GMT
2021-03-19 10:27:54,194 INFO  [Thread-0] org.apache.zookeeper.ZooKeeper: Client environment:host.name=localhost
2021-03-19 10:27:54,195 INFO  [Thread-0] org.apache.zookeeper.ZooKeeper: Client environment:java.version=11.0.10
2021-03-19 10:27:54,195 INFO  [Thread-0] org.apache.zookeeper.ZooKeeper: Client environment:java.vendor=Azul Systems, Inc.
2021-03-19 10:27:54,195 INFO  [Thread-0] org.apache.zookeeper.ZooKeeper: Client environment:java.home=/Users/steve/Library/Java/JavaVirtualMachines/azul-11.0.10/Contents/Home
2021-03-19 10:27:54,195 INFO  [Thread-0] org.apache.zookeeper.ZooKeeper: Client environment:java.class.path=/Users/steve/Desktop/UofT/year4/winter2021/ECE419/milestone3/m3-server.jar
2021-03-19 10:27:54,195 INFO  [Thread-0] org.apache.zookeeper.ZooKeeper: Client environment:java.library.path=/Users/steve/Library/Java/Extensions:/Library/Java/Extensions:/Network/Library/Java/Extensions:/System/Library/Java/Extensions:/usr/lib/java:.
2021-03-19 10:27:54,195 INFO  [Thread-0] org.apache.zookeeper.ZooKeeper: Client environment:java.io.tmpdir=/var/folders/kz/3gb57nkn6ks6_07_dtt5lqvr0000gn/T/
2021-03-19 10:27:54,195 INFO  [Thread-0] org.apache.zookeeper.ZooKeeper: Client environment:java.compiler=<NA>
2021-03-19 10:27:54,195 INFO  [Thread-0] org.apache.zookeeper.ZooKeeper: Client environment:os.name=Mac OS X
2021-03-19 10:27:54,195 INFO  [Thread-0] org.apache.zookeeper.ZooKeeper: Client environment:os.arch=x86_64
2021-03-19 10:27:54,195 INFO  [Thread-0] org.apache.zookeeper.ZooKeeper: Client environment:os.version=10.16
2021-03-19 10:27:54,195 INFO  [Thread-0] org.apache.zookeeper.ZooKeeper: Client environment:user.name=steve
2021-03-19 10:27:54,196 INFO  [Thread-0] org.apache.zookeeper.ZooKeeper: Client environment:user.home=/Users/steve
2021-03-19 10:27:54,196 INFO  [Thread-0] org.apache.zookeeper.ZooKeeper: Client environment:user.dir=/Users/steve
2021-03-19 10:27:54,196 INFO  [Thread-0] org.apache.zookeeper.ZooKeeper: Client environment:os.memory.free=249MB
2021-03-19 10:27:54,196 INFO  [Thread-0] org.apache.zookeeper.ZooKeeper: Client environment:os.memory.max=4096MB
2021-03-19 10:27:54,196 INFO  [Thread-0] org.apache.zookeeper.ZooKeeper: Client environment:os.memory.total=256MB
2021-03-19 10:27:54,202 INFO  [Thread-0] org.apache.zookeeper.ZooKeeper: Initiating client connection, connectString=localhost:2181 sessionTimeout=3000 watcher=app_kvServer.KVServer$1@6f049d8b
2021-03-19 10:27:54,209 INFO  [Thread-0] org.apache.zookeeper.common.X509Util: Setting -D jdk.tls.rejectClientInitiatedRenegotiation=true to disable client-initiated TLS renegotiation
2021-03-19 10:27:54,226 INFO  [Thread-0] org.apache.zookeeper.ClientCnxnSocket: jute.maxbuffer value is 1048575 Bytes
2021-03-19 10:27:54,236 INFO  [Thread-0] org.apache.zookeeper.ClientCnxn: zookeeper.request.timeout value is 0. feature enabled=false
2021-03-19 10:27:54,251 DEBUG [Thread-0-SendThread(localhost:2181)] org.apache.zookeeper.SaslServerPrincipal: Canonicalized address to localhost
2021-03-19 10:27:54,253 INFO  [Thread-0-SendThread(localhost:2181)] org.apache.zookeeper.ClientCnxn: Opening socket connection to server localhost/127.0.0.1:2181.
2021-03-19 10:27:54,253 INFO  [Thread-0-SendThread(localhost:2181)] org.apache.zookeeper.ClientCnxn: SASL config status: Will not attempt to authenticate using SASL (unknown error)
2021-03-19 10:27:54,274 INFO  [Thread-0-SendThread(localhost:2181)] org.apache.zookeeper.ClientCnxn: Socket connection established, initiating session, client: /127.0.0.1:55124, server: localhost/127.0.0.1:2181
2021-03-19 10:27:54,276 DEBUG [Thread-0-SendThread(localhost:2181)] org.apache.zookeeper.ClientCnxn: Session establishment request sent on localhost/127.0.0.1:2181
2021-03-19 10:27:54,305 TRACE [Thread-0-SendThread(localhost:2181)] org.apache.zookeeper.ClientCnxnSocket: readConnectResult 37 0x[0,0,0,0,0,0,f,ffffffa0,1,0,14,ffffffbd,52,70,1,c,0,0,0,10,2d,43,ffffffa0,2d,ffffffd1,ffffffe7,57,ffffffd4,54,2e,6b,ffffff89,ffffffb3,45,69,ffffffed,0,]
2021-03-19 10:27:54,307 INFO  [Thread-0-SendThread(localhost:2181)] org.apache.zookeeper.ClientCnxn: Session establishment complete on server localhost/127.0.0.1:2181, session id = 0x10014bd5270010c, negotiated timeout = 4000
2021-03-19 10:27:54,311 DEBUG [Thread-0-EventThread] root: ZK event: 
2021-03-19 10:27:54,311 DEBUG [Thread-0-EventThread] root: WatchedEvent state:SyncConnected type:None path:null
2021-03-19 10:27:54,340 DEBUG [Thread-0-SendThread(localhost:2181)] org.apache.zookeeper.ClientCnxn: Reading reply session id: 0x10014bd5270010c, packet:: clientPath:null serverPath:null finished:false header:: 1,1  replyHeader:: 1,865,0  request:: '/keeper/server110,,v{s{31,s{'world,'anyone}}},1  response:: '/keeper/server110 
2021-03-19 10:27:54,344 DEBUG [Thread-0-SendThread(localhost:2181)] org.apache.zookeeper.ClientCnxn: Reading reply session id: 0x10014bd5270010c, packet:: clientPath:null serverPath:null finished:false header:: 2,3  replyHeader:: 2,865,0  request:: '/keeper/server110,T  response:: s{865,865,1616164074311,1616164074311,0,0,0,72080397402374412,0,0,865} 
2021-03-19 10:27:54,371 DEBUG [Thread-0-SendThread(localhost:2181)] org.apache.zookeeper.ClientCnxn: Got notification session id: 0x10014bd5270010c
2021-03-19 10:27:54,373 DEBUG [Thread-0-SendThread(localhost:2181)] org.apache.zookeeper.ClientCnxn: Got WatchedEvent state:SyncConnected type:NodeDataChanged path:/keeper/server110 for session id 0x10014bd5270010c
2021-03-19 10:27:54,375 DEBUG [Thread-0-EventThread] root: ZK event: 
2021-03-19 10:27:54,375 DEBUG [Thread-0-EventThread] root: WatchedEvent state:SyncConnected type:NodeDataChanged path:/keeper/server110
2021-03-19 10:27:54,375 DEBUG [Thread-0-SendThread(localhost:2181)] org.apache.zookeeper.ClientCnxn: Reading reply session id: 0x10014bd5270010c, packet:: clientPath:null serverPath:null finished:false header:: 3,5  replyHeader:: 3,866,0  request:: '/keeper/server110,#3132372e302e302e313a3530313039,0  response:: s{865,866,1616164074311,1616164074345,1,0,0,72080397402374412,15,0,865} 
2021-03-19 10:27:54,375 INFO  [Thread-0] root: Node created at: /keeper/server110
Starting commModule
2021-03-19 10:27:54,383 INFO  [Thread-0] root: Server communication module connected
2021-03-19 10:27:54,385 INFO  [Thread-0] root: Connected to localhost on port 55125
2021-03-19 10:27:54,395 INFO  [Thread-1] root: Message received by server -> Status: INIT_SERVER
received adminmsg
2021-03-19 10:27:54,396 INFO  [Thread-1] root: Message sent by server -> Status: INIT_SERVER_SUCCESS
2021-03-19 10:27:54,397 INFO  [Thread-1] root: Message received by server -> Status: START
received adminmsg
2021-03-19 10:27:54,397 INFO  [Thread-1] root: Message sent by server -> Status: START_SUCCESS
Starting commModule
2021-03-19 10:27:54,409 INFO  [Thread-0] root: Server communication module connected
2021-03-19 10:27:54,410 INFO  [Thread-0] root: Connected to localhost on port 55129
Starting commModule
2021-03-19 10:27:54,416 INFO  [Thread-0] root: Server communication module connected
2021-03-19 10:27:54,418 INFO  [Thread-0] root: Connected to localhost on port 55133
Starting commModule
2021-03-19 10:27:54,422 INFO  [Thread-0] root: Server communication module connected
2021-03-19 10:27:54,423 INFO  [Thread-0] root: Connected to localhost on port 55135
Starting commModule
2021-03-19 10:27:54,432 INFO  [Thread-0] root: Server communication module connected
2021-03-19 10:27:54,433 INFO  [Thread-0] root: Connected to localhost on port 55138
2021-03-19 10:27:54,434 INFO  [Thread-5] root: Message received by server -> Status: UPDATE
received adminmsg
2021-03-19 10:27:54,436 INFO  [Thread-5] root: Message sent by server -> Status: UPDATE_SUCCESS
Starting commModule
2021-03-19 10:27:54,440 INFO  [Thread-0] root: Server communication module connected
2021-03-19 10:27:54,441 INFO  [Thread-0] root: Connected to localhost on port 55140
Starting commModule
2021-03-19 10:27:54,446 INFO  [Thread-0] root: Server communication module connected
2021-03-19 10:27:54,447 INFO  [Thread-0] root: Connected to localhost on port 55144
Starting commModule
2021-03-19 10:27:54,448 INFO  [Thread-0] root: Server communication module connected
2021-03-19 10:27:54,449 INFO  [Thread-0] root: Connected to localhost on port 55145
2021-03-19 10:27:54,450 INFO  [Thread-8] root: Message received by server -> Status: PROPAGATE_ADMIN
received adminmsg
2021-03-19 10:27:54,458 DEBUG [Thread-8] root: Getting successors
2021-03-19 10:27:54,458 DEBUG [Thread-8] root: Got successors
2021-03-19 10:27:54,459 DEBUG [Thread-8] root: Propagating to: 127.0.0.1:50022 127.0.0.1:50088
2021-03-19 10:27:54,461 INFO  [Thread-8] root: Client communication module connected
2021-03-19 10:27:54,462 INFO  [Thread-8] root: Client communication module connected
2021-03-19 10:27:54,462 DEBUG [Thread-8] root: {}
2021-03-19 10:27:54,463 INFO  [Thread-8] root: Message sent by server -> Status: PROPAGATE_SUCCESS
2021-03-19 10:27:55,679 DEBUG [Thread-0-SendThread(localhost:2181)] org.apache.zookeeper.ClientCnxn: Got ping response for session id: 0x10014bd5270010c after 0ms.
2021-03-19 10:27:57,018 DEBUG [Thread-0-SendThread(localhost:2181)] org.apache.zookeeper.ClientCnxn: Got ping response for session id: 0x10014bd5270010c after 0ms.
2021-03-19 10:27:58,355 DEBUG [Thread-0-SendThread(localhost:2181)] org.apache.zookeeper.ClientCnxn: Got ping response for session id: 0x10014bd5270010c after 0ms.
Starting commModule
2021-03-19 10:27:59,513 INFO  [Thread-0] root: Server communication module connected
2021-03-19 10:27:59,514 INFO  [Thread-0] root: Connected to localhost on port 55151
2021-03-19 10:27:59,517 INFO  [Thread-9] root: Message received by server -> Status: PROPAGATE
2021-03-19 10:27:59,517 DEBUG [Thread-9] root: In serve
2021-03-19 10:27:59,517 DEBUG [Thread-9] root: Checking if stopped or write locked
2021-03-19 10:27:59,517 DEBUG [Thread-9] root: Case propagate
2021-03-19 10:27:59,517 DEBUG [Thread-9] root: Passing to server
2021-03-19 10:27:59,517 DEBUG [Thread-9] root: Getting Predecessors
2021-03-19 10:27:59,517 DEBUG [Thread-9] root: Looking for 127.0.0.1:50109
2021-03-19 10:27:59,517 DEBUG [Thread-9] root: [127.0.0.1:50022, 127.0.0.1:50088, 127.0.0.1:50109]
2021-03-19 10:27:59,517 DEBUG [Thread-9] root: Predecessors:
2021-03-19 10:27:59,518 DEBUG [Thread-9] root: [127.0.0.1:50022, 127.0.0.1:50088]
2021-03-19 10:27:59,518 DEBUG [Thread-9] root: Looking for 127.0.0.1:50022
2021-03-19 10:27:59,518 DEBUG [Thread-9] root: Index of predecessor: 0
2021-03-19 10:27:59,518 DEBUG [Thread-9] root: Server Stuff
2021-03-19 10:27:59,518 INFO  [Thread-9] root: Put: key = 1, value = 1
2021-03-19 10:27:59,519 INFO  [Thread-9] root: Message sent by server -> Status: PROPAGATE_SUCCESS Key: null Value: null
Starting commModule
2021-03-19 10:27:59,527 INFO  [Thread-0] root: Server communication module connected
2021-03-19 10:27:59,528 INFO  [Thread-0] root: Connected to localhost on port 55154
2021-03-19 10:27:59,528 INFO  [Thread-10] root: Message received by server -> Status: GET Key: 1 Value: null
2021-03-19 10:27:59,528 DEBUG [Thread-10] root: In serve
2021-03-19 10:27:59,528 DEBUG [Thread-10] root: Checking if stopped or write locked
2021-03-19 10:27:59,528 DEBUG [Thread-10] root: Checking if it's in range
2021-03-19 10:27:59,536 DEBUG [Thread-10] root: Got hostname and port -> 127.0.0.1:50109
2021-03-19 10:27:59,536 DEBUG [Thread-10] root: Got metadata range: 99bfd1b81acd69cd1c8920156d3e744d:99bfd1b81acd69cd1c8920156d3e744c
2021-03-19 10:27:59,536 DEBUG [Thread-10] root: 127.0.0.1:50022 -> 3a137d00454638947d6fbd46b64ebe11:3a137d00454638947d6fbd46b64ebe10
2021-03-19 10:27:59,536 DEBUG [Thread-10] root: 127.0.0.1:50088 -> 853f7b987690214e1b58d382051d6950:853f7b987690214e1b58d382051d694f
2021-03-19 10:27:59,536 DEBUG [Thread-10] root: 127.0.0.1:50109 -> 99bfd1b81acd69cd1c8920156d3e744d:99bfd1b81acd69cd1c8920156d3e744c
2021-03-19 10:27:59,536 DEBUG [Thread-10] root: Got range big ints
2021-03-19 10:27:59,536 DEBUG [Thread-10] root: Range end < range start
2021-03-19 10:27:59,536 DEBUG [Thread-10] root: Done with range check in server
2021-03-19 10:27:59,536 INFO  [Thread-10] root: Get: key = 1
2021-03-19 10:27:59,538 INFO  [Thread-10] root: Message sent by server -> Status: GET_SUCCESS Key: 1 Value: 1
Starting commModule
2021-03-19 10:27:59,543 INFO  [Thread-0] root: Server communication module connected
2021-03-19 10:27:59,544 INFO  [Thread-0] root: Connected to localhost on port 55157
2021-03-19 10:27:59,544 INFO  [Thread-11] root: Message received by server -> Status: SHUTDOWN
received adminmsg
2021-03-19 10:27:59,544 DEBUG [Thread-11] root: Closing the program
2021-03-19 10:27:59,545 INFO  [Thread-11] root: Message sent by server -> Status: SHUTDOWN_SUCCESS
2021-03-19 10:27:59,545 ERROR [Thread-0] root: Error! Unable to establish connection. 

java.net.SocketException: Socket closed
	at java.base/java.net.PlainSocketImpl.socketAccept(Native Method)
	at java.base/java.net.AbstractPlainSocketImpl.accept(AbstractPlainSocketImpl.java:458)
	at java.base/java.net.ServerSocket.implAccept(ServerSocket.java:565)
	at java.base/java.net.ServerSocket.accept(ServerSocket.java:533)
	at app_kvServer.KVServer.run(KVServer.java:408)
2021-03-19 10:27:59,547 INFO  [Thread-0] root: Server stopped.
2021-03-19 10:27:59,547 INFO  [Thread-0] root: Clearing KV Storage...
