2021-03-18 21:40:40,551 INFO  [main] root: Creating Storage Files
2021-03-18 21:40:40,551 INFO  [main] root: File created: server132.json
2021-03-18 21:40:40,552 INFO  [main] root: File created: server132_replica_1.json
2021-03-18 21:40:40,552 INFO  [main] root: File created: server132_replica_2.json
2021-03-18 21:40:40,552 INFO  [Thread-0] root: Initialize server ...
2021-03-18 21:40:40,563 INFO  [Thread-0] root: Server listening on port: 50131
2021-03-18 21:40:40,584 INFO  [Thread-0] org.apache.zookeeper.ZooKeeper: Client environment:zookeeper.version=3.6.2--803c7f1a12f85978cb049af5e4ef23bd8b688715, built on 09/04/2020 12:44 GMT
2021-03-18 21:40:40,584 INFO  [Thread-0] org.apache.zookeeper.ZooKeeper: Client environment:host.name=localhost
2021-03-18 21:40:40,584 INFO  [Thread-0] org.apache.zookeeper.ZooKeeper: Client environment:java.version=11.0.10
2021-03-18 21:40:40,585 INFO  [Thread-0] org.apache.zookeeper.ZooKeeper: Client environment:java.vendor=Azul Systems, Inc.
2021-03-18 21:40:40,585 INFO  [Thread-0] org.apache.zookeeper.ZooKeeper: Client environment:java.home=/Users/steve/Library/Java/JavaVirtualMachines/azul-11.0.10/Contents/Home
2021-03-18 21:40:40,585 INFO  [Thread-0] org.apache.zookeeper.ZooKeeper: Client environment:java.class.path=/Users/steve/Desktop/UofT/year4/winter2021/ECE419/milestone3/m3-server.jar
2021-03-18 21:40:40,585 INFO  [Thread-0] org.apache.zookeeper.ZooKeeper: Client environment:java.library.path=/Users/steve/Library/Java/Extensions:/Library/Java/Extensions:/Network/Library/Java/Extensions:/System/Library/Java/Extensions:/usr/lib/java:.
2021-03-18 21:40:40,585 INFO  [Thread-0] org.apache.zookeeper.ZooKeeper: Client environment:java.io.tmpdir=/var/folders/kz/3gb57nkn6ks6_07_dtt5lqvr0000gn/T/
2021-03-18 21:40:40,585 INFO  [Thread-0] org.apache.zookeeper.ZooKeeper: Client environment:java.compiler=<NA>
2021-03-18 21:40:40,585 INFO  [Thread-0] org.apache.zookeeper.ZooKeeper: Client environment:os.name=Mac OS X
2021-03-18 21:40:40,585 INFO  [Thread-0] org.apache.zookeeper.ZooKeeper: Client environment:os.arch=x86_64
2021-03-18 21:40:40,585 INFO  [Thread-0] org.apache.zookeeper.ZooKeeper: Client environment:os.version=10.16
2021-03-18 21:40:40,585 INFO  [Thread-0] org.apache.zookeeper.ZooKeeper: Client environment:user.name=steve
2021-03-18 21:40:40,585 INFO  [Thread-0] org.apache.zookeeper.ZooKeeper: Client environment:user.home=/Users/steve
2021-03-18 21:40:40,586 INFO  [Thread-0] org.apache.zookeeper.ZooKeeper: Client environment:user.dir=/Users/steve
2021-03-18 21:40:40,586 INFO  [Thread-0] org.apache.zookeeper.ZooKeeper: Client environment:os.memory.free=249MB
2021-03-18 21:40:40,586 INFO  [Thread-0] org.apache.zookeeper.ZooKeeper: Client environment:os.memory.max=4096MB
2021-03-18 21:40:40,586 INFO  [Thread-0] org.apache.zookeeper.ZooKeeper: Client environment:os.memory.total=256MB
2021-03-18 21:40:40,589 INFO  [Thread-0] org.apache.zookeeper.ZooKeeper: Initiating client connection, connectString=localhost:2181 sessionTimeout=3000 watcher=app_kvServer.KVServer$1@1b84e5c2
2021-03-18 21:40:40,592 INFO  [Thread-0] org.apache.zookeeper.common.X509Util: Setting -D jdk.tls.rejectClientInitiatedRenegotiation=true to disable client-initiated TLS renegotiation
2021-03-18 21:40:40,604 INFO  [Thread-0] org.apache.zookeeper.ClientCnxnSocket: jute.maxbuffer value is 1048575 Bytes
2021-03-18 21:40:40,610 INFO  [Thread-0] org.apache.zookeeper.ClientCnxn: zookeeper.request.timeout value is 0. feature enabled=false
2021-03-18 21:40:40,619 DEBUG [Thread-0-SendThread(localhost:2181)] org.apache.zookeeper.SaslServerPrincipal: Canonicalized address to localhost
2021-03-18 21:40:40,620 INFO  [Thread-0-SendThread(localhost:2181)] org.apache.zookeeper.ClientCnxn: Opening socket connection to server localhost/0:0:0:0:0:0:0:1:2181.
2021-03-18 21:40:40,621 INFO  [Thread-0-SendThread(localhost:2181)] org.apache.zookeeper.ClientCnxn: SASL config status: Will not attempt to authenticate using SASL (unknown error)
2021-03-18 21:40:40,637 INFO  [Thread-0-SendThread(localhost:2181)] org.apache.zookeeper.ClientCnxn: Socket connection established, initiating session, client: /0:0:0:0:0:0:0:1:50527, server: localhost/0:0:0:0:0:0:0:1:2181
2021-03-18 21:40:40,638 DEBUG [Thread-0-SendThread(localhost:2181)] org.apache.zookeeper.ClientCnxn: Session establishment request sent on localhost/0:0:0:0:0:0:0:1:2181
2021-03-18 21:40:40,672 TRACE [Thread-0-SendThread(localhost:2181)] org.apache.zookeeper.ClientCnxnSocket: readConnectResult 37 0x[0,0,0,0,0,0,f,ffffffa0,1,0,14,ffffffbd,52,70,0,16,0,0,0,10,56,fffffffa,59,28,ffffff88,ffffffd9,fffffff5,ffffffb4,ffffffa7,56,31,ffffff88,ffffffd5,33,ffffffdc,2d,0,]
2021-03-18 21:40:40,674 INFO  [Thread-0-SendThread(localhost:2181)] org.apache.zookeeper.ClientCnxn: Session establishment complete on server localhost/0:0:0:0:0:0:0:1:2181, session id = 0x10014bd52700016, negotiated timeout = 4000
2021-03-18 21:40:40,677 DEBUG [Thread-0-EventThread] root: ZK event: 
2021-03-18 21:40:40,677 DEBUG [Thread-0-EventThread] root: WatchedEvent state:SyncConnected type:None path:null
2021-03-18 21:40:40,704 DEBUG [Thread-0-SendThread(localhost:2181)] org.apache.zookeeper.ClientCnxn: Reading reply session id: 0x10014bd52700016, packet:: clientPath:null serverPath:null finished:false header:: 1,1  replyHeader:: 1,71,0  request:: '/keeper/server132,,v{s{31,s{'world,'anyone}}},1  response:: '/keeper/server132 
2021-03-18 21:40:40,708 DEBUG [Thread-0-SendThread(localhost:2181)] org.apache.zookeeper.ClientCnxn: Reading reply session id: 0x10014bd52700016, packet:: clientPath:null serverPath:null finished:false header:: 2,3  replyHeader:: 2,71,0  request:: '/keeper/server132,T  response:: s{71,71,1616118040677,1616118040677,0,0,0,72080397402374166,0,0,71} 
2021-03-18 21:40:40,742 DEBUG [Thread-0-SendThread(localhost:2181)] org.apache.zookeeper.ClientCnxn: Got notification session id: 0x10014bd52700016
2021-03-18 21:40:40,743 DEBUG [Thread-0-SendThread(localhost:2181)] org.apache.zookeeper.ClientCnxn: Got WatchedEvent state:SyncConnected type:NodeDataChanged path:/keeper/server132 for session id 0x10014bd52700016
2021-03-18 21:40:40,744 DEBUG [Thread-0-EventThread] root: ZK event: 
2021-03-18 21:40:40,744 DEBUG [Thread-0-EventThread] root: WatchedEvent state:SyncConnected type:NodeDataChanged path:/keeper/server132
2021-03-18 21:40:40,745 DEBUG [Thread-0-SendThread(localhost:2181)] org.apache.zookeeper.ClientCnxn: Reading reply session id: 0x10014bd52700016, packet:: clientPath:null serverPath:null finished:false header:: 3,5  replyHeader:: 3,72,0  request:: '/keeper/server132,#3132372e302e302e313a3530313331,0  response:: s{71,72,1616118040677,1616118040710,1,0,0,72080397402374166,15,0,71} 
2021-03-18 21:40:40,745 INFO  [Thread-0] root: Node created at: /keeper/server132
Starting commModule
2021-03-18 21:40:40,752 INFO  [Thread-0] root: Server communication module connected
2021-03-18 21:40:40,753 INFO  [Thread-0] root: Connected to localhost on port 50528
2021-03-18 21:40:40,761 INFO  [Thread-1] root: Message received by server -> Status: INIT_SERVER
received adminmsg
2021-03-18 21:40:40,762 INFO  [Thread-1] root: Message sent by server -> Status: INIT_SERVER_SUCCESS
2021-03-18 21:40:40,762 INFO  [Thread-1] root: Message received by server -> Status: START
received adminmsg
2021-03-18 21:40:40,763 INFO  [Thread-1] root: Message sent by server -> Status: START_SUCCESS
Starting commModule
2021-03-18 21:40:40,768 INFO  [Thread-0] root: Server communication module connected
2021-03-18 21:40:40,769 INFO  [Thread-0] root: Connected to localhost on port 50531
Starting commModule
2021-03-18 21:40:40,772 INFO  [Thread-0] root: Server communication module connected
2021-03-18 21:40:40,773 INFO  [Thread-0] root: Connected to localhost on port 50534
Starting commModule
2021-03-18 21:40:40,777 INFO  [Thread-0] root: Server communication module connected
2021-03-18 21:40:40,778 INFO  [Thread-0] root: Connected to localhost on port 50536
2021-03-18 21:40:40,779 INFO  [Thread-4] root: Message received by server -> Status: UPDATE
received adminmsg
2021-03-18 21:40:40,780 INFO  [Thread-4] root: Message sent by server -> Status: UPDATE_SUCCESS
Starting commModule
2021-03-18 21:40:40,784 INFO  [Thread-0] root: Server communication module connected
2021-03-18 21:40:40,785 INFO  [Thread-0] root: Connected to localhost on port 50538
Starting commModule
2021-03-18 21:40:40,785 INFO  [Thread-0] root: Server communication module connected
2021-03-18 21:40:40,786 INFO  [Thread-0] root: Connected to localhost on port 50540
2021-03-18 21:40:40,787 INFO  [Thread-6] root: Message received by server -> Status: PROPAGATE_ADMIN
received adminmsg
2021-03-18 21:40:40,792 DEBUG [Thread-6] root: Getting successors
2021-03-18 21:40:40,793 DEBUG [Thread-6] root: Got successors
2021-03-18 21:40:40,793 DEBUG [Thread-6] root: Propagating to: 127.0.0.1:50072 127.0.0.1:50131
2021-03-18 21:40:40,796 INFO  [Thread-6] root: Client communication module connected
Starting commModule
2021-03-18 21:40:40,796 INFO  [Thread-6] root: Client communication module connected
2021-03-18 21:40:40,796 DEBUG [Thread-6] root: {}
2021-03-18 21:40:40,796 INFO  [Thread-0] root: Server communication module connected
2021-03-18 21:40:40,797 INFO  [Thread-6] root: Message sent by server -> Status: PROPAGATE_SUCCESS
2021-03-18 21:40:40,797 INFO  [Thread-0] root: Connected to localhost on port 50542
2021-03-18 21:40:42,047 DEBUG [Thread-0-SendThread(localhost:2181)] org.apache.zookeeper.ClientCnxn: Got ping response for session id: 0x10014bd52700016 after 1ms.
2021-03-18 21:40:43,383 DEBUG [Thread-0-SendThread(localhost:2181)] org.apache.zookeeper.ClientCnxn: Got ping response for session id: 0x10014bd52700016 after 1ms.
2021-03-18 21:40:44,719 DEBUG [Thread-0-SendThread(localhost:2181)] org.apache.zookeeper.ClientCnxn: Got ping response for session id: 0x10014bd52700016 after 1ms.
2021-03-18 21:40:46,052 DEBUG [Thread-0-SendThread(localhost:2181)] org.apache.zookeeper.ClientCnxn: Got ping response for session id: 0x10014bd52700016 after 0ms.
2021-03-18 21:40:47,385 DEBUG [Thread-0-SendThread(localhost:2181)] org.apache.zookeeper.ClientCnxn: Got ping response for session id: 0x10014bd52700016 after 0ms.
2021-03-18 21:40:48,722 DEBUG [Thread-0-SendThread(localhost:2181)] org.apache.zookeeper.ClientCnxn: Got ping response for session id: 0x10014bd52700016 after 0ms.
2021-03-18 21:40:50,056 DEBUG [Thread-0-SendThread(localhost:2181)] org.apache.zookeeper.ClientCnxn: Got ping response for session id: 0x10014bd52700016 after 0ms.
2021-03-18 21:40:51,392 DEBUG [Thread-0-SendThread(localhost:2181)] org.apache.zookeeper.ClientCnxn: Got ping response for session id: 0x10014bd52700016 after 0ms.
2021-03-18 21:40:52,728 DEBUG [Thread-0-SendThread(localhost:2181)] org.apache.zookeeper.ClientCnxn: Got ping response for session id: 0x10014bd52700016 after 0ms.
2021-03-18 21:40:54,067 DEBUG [Thread-0-SendThread(localhost:2181)] org.apache.zookeeper.ClientCnxn: Got ping response for session id: 0x10014bd52700016 after 2ms.
2021-03-18 21:40:55,399 DEBUG [Thread-0-SendThread(localhost:2181)] org.apache.zookeeper.ClientCnxn: Got ping response for session id: 0x10014bd52700016 after 0ms.
2021-03-18 21:40:56,733 DEBUG [Thread-0-SendThread(localhost:2181)] org.apache.zookeeper.ClientCnxn: Got ping response for session id: 0x10014bd52700016 after 0ms.
2021-03-18 21:40:58,068 DEBUG [Thread-0-SendThread(localhost:2181)] org.apache.zookeeper.ClientCnxn: Got ping response for session id: 0x10014bd52700016 after 0ms.
2021-03-18 21:40:59,404 DEBUG [Thread-0-SendThread(localhost:2181)] org.apache.zookeeper.ClientCnxn: Got ping response for session id: 0x10014bd52700016 after 0ms.
2021-03-18 21:41:00,738 DEBUG [Thread-0-SendThread(localhost:2181)] org.apache.zookeeper.ClientCnxn: Got ping response for session id: 0x10014bd52700016 after 0ms.
2021-03-18 21:41:02,073 DEBUG [Thread-0-SendThread(localhost:2181)] org.apache.zookeeper.ClientCnxn: Got ping response for session id: 0x10014bd52700016 after 0ms.
2021-03-18 21:41:03,410 DEBUG [Thread-0-SendThread(localhost:2181)] org.apache.zookeeper.ClientCnxn: Got ping response for session id: 0x10014bd52700016 after 0ms.
2021-03-18 21:41:04,747 DEBUG [Thread-0-SendThread(localhost:2181)] org.apache.zookeeper.ClientCnxn: Got ping response for session id: 0x10014bd52700016 after 0ms.
2021-03-18 21:41:06,084 DEBUG [Thread-0-SendThread(localhost:2181)] org.apache.zookeeper.ClientCnxn: Got ping response for session id: 0x10014bd52700016 after 1ms.
2021-03-18 21:41:07,421 DEBUG [Thread-0-SendThread(localhost:2181)] org.apache.zookeeper.ClientCnxn: Got ping response for session id: 0x10014bd52700016 after 0ms.
2021-03-18 21:41:08,756 DEBUG [Thread-0-SendThread(localhost:2181)] org.apache.zookeeper.ClientCnxn: Got ping response for session id: 0x10014bd52700016 after 1ms.
2021-03-18 21:41:10,091 DEBUG [Thread-0-SendThread(localhost:2181)] org.apache.zookeeper.ClientCnxn: Got ping response for session id: 0x10014bd52700016 after 0ms.
2021-03-18 21:41:11,426 DEBUG [Thread-0-SendThread(localhost:2181)] org.apache.zookeeper.ClientCnxn: Got ping response for session id: 0x10014bd52700016 after 1ms.
2021-03-18 21:41:12,763 DEBUG [Thread-0-SendThread(localhost:2181)] org.apache.zookeeper.ClientCnxn: Got ping response for session id: 0x10014bd52700016 after 0ms.
2021-03-18 21:41:14,099 DEBUG [Thread-0-SendThread(localhost:2181)] org.apache.zookeeper.ClientCnxn: Got ping response for session id: 0x10014bd52700016 after 0ms.
2021-03-18 21:41:15,438 DEBUG [Thread-0-SendThread(localhost:2181)] org.apache.zookeeper.ClientCnxn: Got ping response for session id: 0x10014bd52700016 after 1ms.
2021-03-18 21:41:16,774 DEBUG [Thread-0-SendThread(localhost:2181)] org.apache.zookeeper.ClientCnxn: Got ping response for session id: 0x10014bd52700016 after 1ms.
2021-03-18 21:41:18,112 DEBUG [Thread-0-SendThread(localhost:2181)] org.apache.zookeeper.ClientCnxn: Got ping response for session id: 0x10014bd52700016 after 1ms.
2021-03-18 21:41:19,447 DEBUG [Thread-0-SendThread(localhost:2181)] org.apache.zookeeper.ClientCnxn: Got ping response for session id: 0x10014bd52700016 after 0ms.
2021-03-18 21:41:20,780 DEBUG [Thread-0-SendThread(localhost:2181)] org.apache.zookeeper.ClientCnxn: Got ping response for session id: 0x10014bd52700016 after 0ms.
2021-03-18 21:41:22,119 DEBUG [Thread-0-SendThread(localhost:2181)] org.apache.zookeeper.ClientCnxn: Got ping response for session id: 0x10014bd52700016 after 1ms.
2021-03-18 21:41:23,456 DEBUG [Thread-0-SendThread(localhost:2181)] org.apache.zookeeper.ClientCnxn: Got ping response for session id: 0x10014bd52700016 after 0ms.
2021-03-18 21:41:24,790 DEBUG [Thread-0-SendThread(localhost:2181)] org.apache.zookeeper.ClientCnxn: Got ping response for session id: 0x10014bd52700016 after 0ms.
2021-03-18 21:41:26,126 DEBUG [Thread-0-SendThread(localhost:2181)] org.apache.zookeeper.ClientCnxn: Got ping response for session id: 0x10014bd52700016 after 0ms.
2021-03-18 21:41:27,461 DEBUG [Thread-0-SendThread(localhost:2181)] org.apache.zookeeper.ClientCnxn: Got ping response for session id: 0x10014bd52700016 after 0ms.
2021-03-18 21:41:28,798 DEBUG [Thread-0-SendThread(localhost:2181)] org.apache.zookeeper.ClientCnxn: Got ping response for session id: 0x10014bd52700016 after 0ms.
2021-03-18 21:41:30,136 DEBUG [Thread-0-SendThread(localhost:2181)] org.apache.zookeeper.ClientCnxn: Got ping response for session id: 0x10014bd52700016 after 0ms.
2021-03-18 21:41:31,472 DEBUG [Thread-0-SendThread(localhost:2181)] org.apache.zookeeper.ClientCnxn: Got ping response for session id: 0x10014bd52700016 after 1ms.
2021-03-18 21:41:32,809 DEBUG [Thread-0-SendThread(localhost:2181)] org.apache.zookeeper.ClientCnxn: Got ping response for session id: 0x10014bd52700016 after 1ms.
2021-03-18 21:41:34,147 DEBUG [Thread-0-SendThread(localhost:2181)] org.apache.zookeeper.ClientCnxn: Got ping response for session id: 0x10014bd52700016 after 0ms.
2021-03-18 21:41:35,483 DEBUG [Thread-0-SendThread(localhost:2181)] org.apache.zookeeper.ClientCnxn: Got ping response for session id: 0x10014bd52700016 after 0ms.
2021-03-18 21:41:36,821 DEBUG [Thread-0-SendThread(localhost:2181)] org.apache.zookeeper.ClientCnxn: Got ping response for session id: 0x10014bd52700016 after 0ms.
2021-03-18 21:41:38,158 DEBUG [Thread-0-SendThread(localhost:2181)] org.apache.zookeeper.ClientCnxn: Got ping response for session id: 0x10014bd52700016 after 0ms.
2021-03-18 21:41:39,497 DEBUG [Thread-0-SendThread(localhost:2181)] org.apache.zookeeper.ClientCnxn: Got ping response for session id: 0x10014bd52700016 after 1ms.
2021-03-18 21:41:40,831 DEBUG [Thread-0-SendThread(localhost:2181)] org.apache.zookeeper.ClientCnxn: Got ping response for session id: 0x10014bd52700016 after 0ms.
2021-03-18 21:41:42,164 DEBUG [Thread-0-SendThread(localhost:2181)] org.apache.zookeeper.ClientCnxn: Got ping response for session id: 0x10014bd52700016 after 0ms.
2021-03-18 21:41:43,500 DEBUG [Thread-0-SendThread(localhost:2181)] org.apache.zookeeper.ClientCnxn: Got ping response for session id: 0x10014bd52700016 after 0ms.
2021-03-18 21:41:44,836 DEBUG [Thread-0-SendThread(localhost:2181)] org.apache.zookeeper.ClientCnxn: Got ping response for session id: 0x10014bd52700016 after 0ms.
2021-03-18 21:41:46,169 DEBUG [Thread-0-SendThread(localhost:2181)] org.apache.zookeeper.ClientCnxn: Got ping response for session id: 0x10014bd52700016 after 0ms.
2021-03-18 22:18:11,657 INFO  [main] root: Creating Storage Files
2021-03-18 22:18:11,658 INFO  [main] root: File created: server132.json
2021-03-18 22:18:11,658 INFO  [main] root: File created: server132_replica_1.json
2021-03-18 22:18:11,658 INFO  [main] root: File created: server132_replica_2.json
2021-03-18 22:18:11,658 INFO  [Thread-0] root: Initialize server ...
2021-03-18 22:18:11,672 INFO  [Thread-0] root: Server listening on port: 50131
2021-03-18 22:18:11,694 INFO  [Thread-0] org.apache.zookeeper.ZooKeeper: Client environment:zookeeper.version=3.6.2--803c7f1a12f85978cb049af5e4ef23bd8b688715, built on 09/04/2020 12:44 GMT
2021-03-18 22:18:11,694 INFO  [Thread-0] org.apache.zookeeper.ZooKeeper: Client environment:host.name=localhost
2021-03-18 22:18:11,694 INFO  [Thread-0] org.apache.zookeeper.ZooKeeper: Client environment:java.version=11.0.10
2021-03-18 22:18:11,694 INFO  [Thread-0] org.apache.zookeeper.ZooKeeper: Client environment:java.vendor=Azul Systems, Inc.
2021-03-18 22:18:11,694 INFO  [Thread-0] org.apache.zookeeper.ZooKeeper: Client environment:java.home=/Users/steve/Library/Java/JavaVirtualMachines/azul-11.0.10/Contents/Home
2021-03-18 22:18:11,695 INFO  [Thread-0] org.apache.zookeeper.ZooKeeper: Client environment:java.class.path=/Users/steve/Desktop/UofT/year4/winter2021/ECE419/milestone3/m3-server.jar
2021-03-18 22:18:11,695 INFO  [Thread-0] org.apache.zookeeper.ZooKeeper: Client environment:java.library.path=/Users/steve/Library/Java/Extensions:/Library/Java/Extensions:/Network/Library/Java/Extensions:/System/Library/Java/Extensions:/usr/lib/java:.
2021-03-18 22:18:11,695 INFO  [Thread-0] org.apache.zookeeper.ZooKeeper: Client environment:java.io.tmpdir=/var/folders/kz/3gb57nkn6ks6_07_dtt5lqvr0000gn/T/
2021-03-18 22:18:11,695 INFO  [Thread-0] org.apache.zookeeper.ZooKeeper: Client environment:java.compiler=<NA>
2021-03-18 22:18:11,695 INFO  [Thread-0] org.apache.zookeeper.ZooKeeper: Client environment:os.name=Mac OS X
2021-03-18 22:18:11,695 INFO  [Thread-0] org.apache.zookeeper.ZooKeeper: Client environment:os.arch=x86_64
2021-03-18 22:18:11,695 INFO  [Thread-0] org.apache.zookeeper.ZooKeeper: Client environment:os.version=10.16
2021-03-18 22:18:11,695 INFO  [Thread-0] org.apache.zookeeper.ZooKeeper: Client environment:user.name=steve
2021-03-18 22:18:11,695 INFO  [Thread-0] org.apache.zookeeper.ZooKeeper: Client environment:user.home=/Users/steve
2021-03-18 22:18:11,695 INFO  [Thread-0] org.apache.zookeeper.ZooKeeper: Client environment:user.dir=/Users/steve
2021-03-18 22:18:11,695 INFO  [Thread-0] org.apache.zookeeper.ZooKeeper: Client environment:os.memory.free=249MB
2021-03-18 22:18:11,695 INFO  [Thread-0] org.apache.zookeeper.ZooKeeper: Client environment:os.memory.max=4096MB
2021-03-18 22:18:11,695 INFO  [Thread-0] org.apache.zookeeper.ZooKeeper: Client environment:os.memory.total=256MB
2021-03-18 22:18:11,699 INFO  [Thread-0] org.apache.zookeeper.ZooKeeper: Initiating client connection, connectString=localhost:2181 sessionTimeout=3000 watcher=app_kvServer.KVServer$1@6f049d8b
2021-03-18 22:18:11,702 INFO  [Thread-0] org.apache.zookeeper.common.X509Util: Setting -D jdk.tls.rejectClientInitiatedRenegotiation=true to disable client-initiated TLS renegotiation
2021-03-18 22:18:11,714 INFO  [Thread-0] org.apache.zookeeper.ClientCnxnSocket: jute.maxbuffer value is 1048575 Bytes
2021-03-18 22:18:11,721 INFO  [Thread-0] org.apache.zookeeper.ClientCnxn: zookeeper.request.timeout value is 0. feature enabled=false
2021-03-18 22:18:11,730 DEBUG [Thread-0-SendThread(localhost:2181)] org.apache.zookeeper.SaslServerPrincipal: Canonicalized address to localhost
2021-03-18 22:18:11,731 INFO  [Thread-0-SendThread(localhost:2181)] org.apache.zookeeper.ClientCnxn: Opening socket connection to server localhost/0:0:0:0:0:0:0:1:2181.
2021-03-18 22:18:11,731 INFO  [Thread-0-SendThread(localhost:2181)] org.apache.zookeeper.ClientCnxn: SASL config status: Will not attempt to authenticate using SASL (unknown error)
2021-03-18 22:18:11,745 INFO  [Thread-0-SendThread(localhost:2181)] org.apache.zookeeper.ClientCnxn: Socket connection established, initiating session, client: /0:0:0:0:0:0:0:1:51712, server: localhost/0:0:0:0:0:0:0:1:2181
2021-03-18 22:18:11,746 DEBUG [Thread-0-SendThread(localhost:2181)] org.apache.zookeeper.ClientCnxn: Session establishment request sent on localhost/0:0:0:0:0:0:0:1:2181
2021-03-18 22:18:11,778 TRACE [Thread-0-SendThread(localhost:2181)] org.apache.zookeeper.ClientCnxnSocket: readConnectResult 37 0x[0,0,0,0,0,0,f,ffffffa0,1,0,14,ffffffbd,52,70,0,40,0,0,0,10,28,e,ffffff90,26,45,ffffffe4,fffffffe,ffffffb0,5f,ffffffbd,ffffffa7,ffffffc1,50,ffffffe4,1d,ffffffaa,0,]
2021-03-18 22:18:11,780 INFO  [Thread-0-SendThread(localhost:2181)] org.apache.zookeeper.ClientCnxn: Session establishment complete on server localhost/0:0:0:0:0:0:0:1:2181, session id = 0x10014bd52700040, negotiated timeout = 4000
2021-03-18 22:18:11,783 DEBUG [Thread-0-EventThread] root: ZK event: 
2021-03-18 22:18:11,783 DEBUG [Thread-0-EventThread] root: WatchedEvent state:SyncConnected type:None path:null
2021-03-18 22:18:11,812 DEBUG [Thread-0-SendThread(localhost:2181)] org.apache.zookeeper.ClientCnxn: Reading reply session id: 0x10014bd52700040, packet:: clientPath:null serverPath:null finished:false header:: 1,1  replyHeader:: 1,210,0  request:: '/keeper/server132,,v{s{31,s{'world,'anyone}}},1  response:: '/keeper/server132 
2021-03-18 22:18:11,817 DEBUG [Thread-0-SendThread(localhost:2181)] org.apache.zookeeper.ClientCnxn: Reading reply session id: 0x10014bd52700040, packet:: clientPath:null serverPath:null finished:false header:: 2,3  replyHeader:: 2,210,0  request:: '/keeper/server132,T  response:: s{210,210,1616120291783,1616120291783,0,0,0,72080397402374208,0,0,210} 
2021-03-18 22:18:11,844 DEBUG [Thread-0-SendThread(localhost:2181)] org.apache.zookeeper.ClientCnxn: Got notification session id: 0x10014bd52700040
2021-03-18 22:18:11,846 DEBUG [Thread-0-SendThread(localhost:2181)] org.apache.zookeeper.ClientCnxn: Got WatchedEvent state:SyncConnected type:NodeDataChanged path:/keeper/server132 for session id 0x10014bd52700040
2021-03-18 22:18:11,848 DEBUG [Thread-0-EventThread] root: ZK event: 
2021-03-18 22:18:11,848 DEBUG [Thread-0-EventThread] root: WatchedEvent state:SyncConnected type:NodeDataChanged path:/keeper/server132
2021-03-18 22:18:11,849 DEBUG [Thread-0-SendThread(localhost:2181)] org.apache.zookeeper.ClientCnxn: Reading reply session id: 0x10014bd52700040, packet:: clientPath:null serverPath:null finished:false header:: 3,5  replyHeader:: 3,211,0  request:: '/keeper/server132,#3132372e302e302e313a3530313331,0  response:: s{210,211,1616120291783,1616120291818,1,0,0,72080397402374208,15,0,210} 
2021-03-18 22:18:11,849 INFO  [Thread-0] root: Node created at: /keeper/server132
Starting commModule
2021-03-18 22:18:11,856 INFO  [Thread-0] root: Server communication module connected
2021-03-18 22:18:11,857 INFO  [Thread-0] root: Connected to localhost on port 51713
2021-03-18 22:18:11,865 INFO  [Thread-1] root: Message received by server -> Status: INIT_SERVER
received adminmsg
2021-03-18 22:18:11,866 INFO  [Thread-1] root: Message sent by server -> Status: INIT_SERVER_SUCCESS
2021-03-18 22:18:11,866 INFO  [Thread-1] root: Message received by server -> Status: START
received adminmsg
2021-03-18 22:18:11,867 INFO  [Thread-1] root: Message sent by server -> Status: START_SUCCESS
Starting commModule
2021-03-18 22:18:11,876 INFO  [Thread-0] root: Server communication module connected
2021-03-18 22:18:11,877 INFO  [Thread-0] root: Connected to localhost on port 51718
Starting commModule
2021-03-18 22:18:11,880 INFO  [Thread-0] root: Server communication module connected
2021-03-18 22:18:11,880 INFO  [Thread-0] root: Connected to localhost on port 51720
Starting commModule
2021-03-18 22:18:11,883 INFO  [Thread-0] root: Server communication module connected
2021-03-18 22:18:11,883 INFO  [Thread-0] root: Connected to localhost on port 51723
Starting commModule
2021-03-18 22:18:11,889 INFO  [Thread-0] root: Server communication module connected
2021-03-18 22:18:11,890 INFO  [Thread-0] root: Connected to localhost on port 51726
2021-03-18 22:18:11,891 INFO  [Thread-5] root: Message received by server -> Status: UPDATE
received adminmsg
2021-03-18 22:18:11,891 INFO  [Thread-5] root: Message sent by server -> Status: UPDATE_SUCCESS
Starting commModule
2021-03-18 22:18:11,895 INFO  [Thread-0] root: Server communication module connected
2021-03-18 22:18:11,896 INFO  [Thread-0] root: Connected to localhost on port 51729
Starting commModule
2021-03-18 22:18:11,899 INFO  [Thread-0] root: Server communication module connected
2021-03-18 22:18:11,900 INFO  [Thread-0] root: Connected to localhost on port 51731
Starting commModule
2021-03-18 22:18:11,900 INFO  [Thread-0] root: Server communication module connected
2021-03-18 22:18:11,901 INFO  [Thread-0] root: Connected to localhost on port 51733
2021-03-18 22:18:11,902 INFO  [Thread-8] root: Message received by server -> Status: PROPAGATE_ADMIN
received adminmsg
2021-03-18 22:18:11,906 DEBUG [Thread-8] root: Getting successors
2021-03-18 22:18:11,907 DEBUG [Thread-8] root: Got successors
2021-03-18 22:18:11,907 DEBUG [Thread-8] root: Propagating to: 127.0.0.1:50129 127.0.0.1:50115
2021-03-18 22:18:11,909 INFO  [Thread-8] root: Client communication module connected
2021-03-18 22:18:11,909 INFO  [Thread-8] root: Client communication module connected
2021-03-18 22:18:11,909 DEBUG [Thread-8] root: {}
2021-03-18 22:18:11,910 INFO  [Thread-8] root: Message sent by server -> Status: PROPAGATE_SUCCESS
Starting commModule
2021-03-18 22:18:11,936 INFO  [Thread-0] root: Server communication module connected
2021-03-18 22:18:11,936 INFO  [Thread-0] root: Connected to localhost on port 51737
2021-03-18 22:18:11,937 INFO  [Thread-9] root: Message received by server -> Status: PUT Key: 1 Value: 1
2021-03-18 22:18:11,937 DEBUG [Thread-9] root: In serve
2021-03-18 22:18:11,937 DEBUG [Thread-9] root: Checking if stopped or write locked
2021-03-18 22:18:11,937 DEBUG [Thread-9] root: PUT request being served
2021-03-18 22:18:11,937 DEBUG [Thread-9] root: Checking if it's in range
2021-03-18 22:18:11,944 DEBUG [Thread-9] root: Got hostname and port -> 127.0.0.1:50131
2021-03-18 22:18:11,944 DEBUG [Thread-9] root: Got metadata range: 85ddbeae77d3dc962bfb48fdaadc7495:69fe0d82bcc705d53417150bc5dc3d9a
2021-03-18 22:18:11,944 DEBUG [Thread-9] root: 127.0.0.1:50115 -> 6fb1ba093f82cedea4ed1ddda26400ab:85ddbeae77d3dc962bfb48fdaadc7494
2021-03-18 22:18:11,944 DEBUG [Thread-9] root: 127.0.0.1:50131 -> 85ddbeae77d3dc962bfb48fdaadc7495:69fe0d82bcc705d53417150bc5dc3d9a
2021-03-18 22:18:11,944 DEBUG [Thread-9] root: 127.0.0.1:50129 -> 69fe0d82bcc705d53417150bc5dc3d9b:6fb1ba093f82cedea4ed1ddda26400aa
2021-03-18 22:18:11,944 DEBUG [Thread-9] root: Got range big ints
2021-03-18 22:18:11,944 DEBUG [Thread-9] root: Range end < range start
2021-03-18 22:18:11,944 DEBUG [Thread-9] root: Done with range check in server
2021-03-18 22:18:11,944 DEBUG [Thread-9] root: In range
2021-03-18 22:18:11,945 INFO  [Thread-9] root: Put: key = 1, value = 1
2021-03-18 22:18:11,946 DEBUG [Thread-9] root: Getting successors
2021-03-18 22:18:11,946 DEBUG [Thread-9] root: Got successors
2021-03-18 22:18:11,946 DEBUG [Thread-9] root: Propagating to: 127.0.0.1:50129 127.0.0.1:50115
2021-03-18 22:18:11,947 INFO  [Thread-9] root: Client communication module connected
2021-03-18 22:18:11,947 INFO  [Thread-9] root: Client communication module connected
2021-03-18 22:18:11,947 DEBUG [Thread-9] root: {"1":"1"}
2021-03-18 22:18:11,949 INFO  [Thread-9] root: Message sent by client -> Status: PROPAGATE
2021-03-18 22:18:11,949 INFO  [Thread-9] root: Message sent by client -> Status: PROPAGATE
2021-03-18 22:18:11,952 INFO  [Thread-9] root: Message received by client -> Status: PROPAGATE_SUCCESS Key: null Value: null
2021-03-18 22:18:11,955 INFO  [Thread-9] root: Message received by client -> Status: PROPAGATE_SUCCESS Key: null Value: null
2021-03-18 22:18:11,955 INFO  [Thread-9] root: Message sent by server -> Status: PUT_SUCCESS Key: 1 Value: 1
2021-03-18 22:18:13,155 DEBUG [Thread-0-SendThread(localhost:2181)] org.apache.zookeeper.ClientCnxn: Got ping response for session id: 0x10014bd52700040 after 0ms.
2021-03-18 22:18:14,488 DEBUG [Thread-0-SendThread(localhost:2181)] org.apache.zookeeper.ClientCnxn: Got ping response for session id: 0x10014bd52700040 after 0ms.
2021-03-18 22:18:15,824 DEBUG [Thread-0-SendThread(localhost:2181)] org.apache.zookeeper.ClientCnxn: Got ping response for session id: 0x10014bd52700040 after 0ms.
2021-03-18 22:18:17,161 DEBUG [Thread-0-SendThread(localhost:2181)] org.apache.zookeeper.ClientCnxn: Got ping response for session id: 0x10014bd52700040 after 0ms.
2021-03-18 22:18:18,495 DEBUG [Thread-0-SendThread(localhost:2181)] org.apache.zookeeper.ClientCnxn: Got ping response for session id: 0x10014bd52700040 after 0ms.
2021-03-18 22:18:19,833 DEBUG [Thread-0-SendThread(localhost:2181)] org.apache.zookeeper.ClientCnxn: Got ping response for session id: 0x10014bd52700040 after 1ms.
2021-03-18 22:18:21,167 DEBUG [Thread-0-SendThread(localhost:2181)] org.apache.zookeeper.ClientCnxn: Got ping response for session id: 0x10014bd52700040 after 0ms.
2021-03-18 22:18:22,503 DEBUG [Thread-0-SendThread(localhost:2181)] org.apache.zookeeper.ClientCnxn: Got ping response for session id: 0x10014bd52700040 after 0ms.
2021-03-18 22:18:23,843 DEBUG [Thread-0-SendThread(localhost:2181)] org.apache.zookeeper.ClientCnxn: Got ping response for session id: 0x10014bd52700040 after 1ms.
2021-03-18 22:18:25,177 DEBUG [Thread-0-SendThread(localhost:2181)] org.apache.zookeeper.ClientCnxn: Got ping response for session id: 0x10014bd52700040 after 1ms.
2021-03-18 22:18:26,511 DEBUG [Thread-0-SendThread(localhost:2181)] org.apache.zookeeper.ClientCnxn: Got ping response for session id: 0x10014bd52700040 after 0ms.
2021-03-18 22:18:27,848 DEBUG [Thread-0-SendThread(localhost:2181)] org.apache.zookeeper.ClientCnxn: Got ping response for session id: 0x10014bd52700040 after 1ms.
2021-03-18 22:18:29,183 DEBUG [Thread-0-SendThread(localhost:2181)] org.apache.zookeeper.ClientCnxn: Got ping response for session id: 0x10014bd52700040 after 0ms.
2021-03-18 22:18:30,518 DEBUG [Thread-0-SendThread(localhost:2181)] org.apache.zookeeper.ClientCnxn: Got ping response for session id: 0x10014bd52700040 after 0ms.
2021-03-18 22:18:31,855 DEBUG [Thread-0-SendThread(localhost:2181)] org.apache.zookeeper.ClientCnxn: Got ping response for session id: 0x10014bd52700040 after 1ms.
2021-03-18 22:18:33,191 DEBUG [Thread-0-SendThread(localhost:2181)] org.apache.zookeeper.ClientCnxn: Got ping response for session id: 0x10014bd52700040 after 2ms.
2021-03-18 22:18:34,526 DEBUG [Thread-0-SendThread(localhost:2181)] org.apache.zookeeper.ClientCnxn: Got ping response for session id: 0x10014bd52700040 after 1ms.
2021-03-18 22:18:35,861 DEBUG [Thread-0-SendThread(localhost:2181)] org.apache.zookeeper.ClientCnxn: Got ping response for session id: 0x10014bd52700040 after 0ms.
2021-03-18 22:18:37,200 DEBUG [Thread-0-SendThread(localhost:2181)] org.apache.zookeeper.ClientCnxn: Got ping response for session id: 0x10014bd52700040 after 1ms.
2021-03-18 22:18:38,537 DEBUG [Thread-0-SendThread(localhost:2181)] org.apache.zookeeper.ClientCnxn: Got ping response for session id: 0x10014bd52700040 after 0ms.
2021-03-18 22:18:39,875 DEBUG [Thread-0-SendThread(localhost:2181)] org.apache.zookeeper.ClientCnxn: Got ping response for session id: 0x10014bd52700040 after 1ms.
2021-03-18 22:18:41,212 DEBUG [Thread-0-SendThread(localhost:2181)] org.apache.zookeeper.ClientCnxn: Got ping response for session id: 0x10014bd52700040 after 0ms.
2021-03-18 22:18:42,550 DEBUG [Thread-0-SendThread(localhost:2181)] org.apache.zookeeper.ClientCnxn: Got ping response for session id: 0x10014bd52700040 after 0ms.
2021-03-18 22:18:43,883 DEBUG [Thread-0-SendThread(localhost:2181)] org.apache.zookeeper.ClientCnxn: Got ping response for session id: 0x10014bd52700040 after 0ms.
2021-03-18 22:18:45,221 DEBUG [Thread-0-SendThread(localhost:2181)] org.apache.zookeeper.ClientCnxn: Got ping response for session id: 0x10014bd52700040 after 0ms.
2021-03-18 22:18:46,555 DEBUG [Thread-0-SendThread(localhost:2181)] org.apache.zookeeper.ClientCnxn: Got ping response for session id: 0x10014bd52700040 after 1ms.
2021-03-18 22:18:47,889 DEBUG [Thread-0-SendThread(localhost:2181)] org.apache.zookeeper.ClientCnxn: Got ping response for session id: 0x10014bd52700040 after 0ms.
2021-03-18 22:18:49,228 DEBUG [Thread-0-SendThread(localhost:2181)] org.apache.zookeeper.ClientCnxn: Got ping response for session id: 0x10014bd52700040 after 1ms.
2021-03-18 22:18:50,562 DEBUG [Thread-0-SendThread(localhost:2181)] org.apache.zookeeper.ClientCnxn: Got ping response for session id: 0x10014bd52700040 after 0ms.
2021-03-18 22:18:51,896 DEBUG [Thread-0-SendThread(localhost:2181)] org.apache.zookeeper.ClientCnxn: Got ping response for session id: 0x10014bd52700040 after 0ms.
2021-03-18 22:18:53,233 DEBUG [Thread-0-SendThread(localhost:2181)] org.apache.zookeeper.ClientCnxn: Got ping response for session id: 0x10014bd52700040 after 0ms.
2021-03-18 22:18:54,567 DEBUG [Thread-0-SendThread(localhost:2181)] org.apache.zookeeper.ClientCnxn: Got ping response for session id: 0x10014bd52700040 after 0ms.
2021-03-18 22:18:55,905 DEBUG [Thread-0-SendThread(localhost:2181)] org.apache.zookeeper.ClientCnxn: Got ping response for session id: 0x10014bd52700040 after 0ms.
2021-03-18 22:18:57,239 DEBUG [Thread-0-SendThread(localhost:2181)] org.apache.zookeeper.ClientCnxn: Got ping response for session id: 0x10014bd52700040 after 0ms.
Starting commModule
2021-03-18 22:18:57,579 INFO  [Thread-0] root: Server communication module connected
2021-03-18 22:18:57,580 INFO  [Thread-10] root: Message received by server -> Status: SHUTDOWN
received adminmsg
2021-03-18 22:18:57,580 DEBUG [Thread-10] root: Closing the program
2021-03-18 22:18:57,581 INFO  [Thread-0] root: Connected to localhost on port 51750
2021-03-18 22:18:57,581 INFO  [Thread-0] root: Server stopped.
2021-03-18 22:18:57,581 INFO  [Thread-0] root: Clearing KV Storage...
2021-03-18 22:18:57,581 INFO  [Thread-10] root: Message sent by server -> Status: SHUTDOWN_SUCCESS
