2021-03-19 10:34:51,391 INFO  [Thread-0] root: Initialize server ...
2021-03-19 10:34:51,409 INFO  [Thread-0] root: Server listening on port: 50128
2021-03-19 10:34:51,440 INFO  [Thread-0] org.apache.zookeeper.ZooKeeper: Client environment:zookeeper.version=3.6.2--803c7f1a12f85978cb049af5e4ef23bd8b688715, built on 09/04/2020 12:44 GMT
2021-03-19 10:34:51,441 INFO  [Thread-0] org.apache.zookeeper.ZooKeeper: Client environment:host.name=localhost
2021-03-19 10:34:51,441 INFO  [Thread-0] org.apache.zookeeper.ZooKeeper: Client environment:java.version=11.0.10
2021-03-19 10:34:51,441 INFO  [Thread-0] org.apache.zookeeper.ZooKeeper: Client environment:java.vendor=Azul Systems, Inc.
2021-03-19 10:34:51,441 INFO  [Thread-0] org.apache.zookeeper.ZooKeeper: Client environment:java.home=/Users/steve/Library/Java/JavaVirtualMachines/azul-11.0.10/Contents/Home
2021-03-19 10:34:51,441 INFO  [Thread-0] org.apache.zookeeper.ZooKeeper: Client environment:java.class.path=/Users/steve/Desktop/UofT/year4/winter2021/ECE419/milestone3/m3-server.jar
2021-03-19 10:34:51,441 INFO  [Thread-0] org.apache.zookeeper.ZooKeeper: Client environment:java.library.path=/Users/steve/Library/Java/Extensions:/Library/Java/Extensions:/Network/Library/Java/Extensions:/System/Library/Java/Extensions:/usr/lib/java:.
2021-03-19 10:34:51,441 INFO  [Thread-0] org.apache.zookeeper.ZooKeeper: Client environment:java.io.tmpdir=/var/folders/kz/3gb57nkn6ks6_07_dtt5lqvr0000gn/T/
2021-03-19 10:34:51,441 INFO  [Thread-0] org.apache.zookeeper.ZooKeeper: Client environment:java.compiler=<NA>
2021-03-19 10:34:51,441 INFO  [Thread-0] org.apache.zookeeper.ZooKeeper: Client environment:os.name=Mac OS X
2021-03-19 10:34:51,441 INFO  [Thread-0] org.apache.zookeeper.ZooKeeper: Client environment:os.arch=x86_64
2021-03-19 10:34:51,442 INFO  [Thread-0] org.apache.zookeeper.ZooKeeper: Client environment:os.version=10.16
2021-03-19 10:34:51,442 INFO  [Thread-0] org.apache.zookeeper.ZooKeeper: Client environment:user.name=steve
2021-03-19 10:34:51,442 INFO  [Thread-0] org.apache.zookeeper.ZooKeeper: Client environment:user.home=/Users/steve
2021-03-19 10:34:51,442 INFO  [Thread-0] org.apache.zookeeper.ZooKeeper: Client environment:user.dir=/Users/steve
2021-03-19 10:34:51,442 INFO  [Thread-0] org.apache.zookeeper.ZooKeeper: Client environment:os.memory.free=249MB
2021-03-19 10:34:51,442 INFO  [Thread-0] org.apache.zookeeper.ZooKeeper: Client environment:os.memory.max=4096MB
2021-03-19 10:34:51,442 INFO  [Thread-0] org.apache.zookeeper.ZooKeeper: Client environment:os.memory.total=256MB
2021-03-19 10:34:51,447 INFO  [Thread-0] org.apache.zookeeper.ZooKeeper: Initiating client connection, connectString=localhost:2181 sessionTimeout=3000 watcher=app_kvServer.KVServer$1@403afac3
2021-03-19 10:34:51,451 INFO  [Thread-0] org.apache.zookeeper.common.X509Util: Setting -D jdk.tls.rejectClientInitiatedRenegotiation=true to disable client-initiated TLS renegotiation
2021-03-19 10:34:51,467 INFO  [Thread-0] org.apache.zookeeper.ClientCnxnSocket: jute.maxbuffer value is 1048575 Bytes
2021-03-19 10:34:51,476 INFO  [Thread-0] org.apache.zookeeper.ClientCnxn: zookeeper.request.timeout value is 0. feature enabled=false
2021-03-19 10:34:51,490 DEBUG [Thread-0-SendThread(localhost:2181)] org.apache.zookeeper.SaslServerPrincipal: Canonicalized address to localhost
2021-03-19 10:34:51,493 INFO  [Thread-0-SendThread(localhost:2181)] org.apache.zookeeper.ClientCnxn: Opening socket connection to server localhost/0:0:0:0:0:0:0:1:2181.
2021-03-19 10:34:51,493 INFO  [Thread-0-SendThread(localhost:2181)] org.apache.zookeeper.ClientCnxn: SASL config status: Will not attempt to authenticate using SASL (unknown error)
2021-03-19 10:34:51,515 INFO  [Thread-0-SendThread(localhost:2181)] org.apache.zookeeper.ClientCnxn: Socket connection established, initiating session, client: /0:0:0:0:0:0:0:1:55610, server: localhost/0:0:0:0:0:0:0:1:2181
2021-03-19 10:34:51,516 DEBUG [Thread-0-SendThread(localhost:2181)] org.apache.zookeeper.ClientCnxn: Session establishment request sent on localhost/0:0:0:0:0:0:0:1:2181
2021-03-19 10:34:51,544 TRACE [Thread-0-SendThread(localhost:2181)] org.apache.zookeeper.ClientCnxnSocket: readConnectResult 37 0x[0,0,0,0,0,0,f,ffffffa0,1,0,14,ffffffbd,52,70,1,2b,0,0,0,10,31,ffffffc0,1,2d,ffffffb0,ffffffe1,ffffffe4,17,31,3e,4f,1d,5,ffffffb4,ffffff93,ffffff8e,0,]
2021-03-19 10:34:51,545 INFO  [Thread-0-SendThread(localhost:2181)] org.apache.zookeeper.ClientCnxn: Session establishment complete on server localhost/0:0:0:0:0:0:0:1:2181, session id = 0x10014bd5270012b, negotiated timeout = 4000
2021-03-19 10:34:51,548 DEBUG [Thread-0-EventThread] root: ZK event: 
2021-03-19 10:34:51,548 DEBUG [Thread-0-EventThread] root: WatchedEvent state:SyncConnected type:None path:null
2021-03-19 10:34:51,576 DEBUG [Thread-0-SendThread(localhost:2181)] org.apache.zookeeper.ClientCnxn: Reading reply session id: 0x10014bd5270012b, packet:: clientPath:null serverPath:null finished:false header:: 1,1  replyHeader:: 1,964,0  request:: '/keeper/server129,,v{s{31,s{'world,'anyone}}},1  response:: '/keeper/server129 
2021-03-19 10:34:51,580 DEBUG [Thread-0-SendThread(localhost:2181)] org.apache.zookeeper.ClientCnxn: Reading reply session id: 0x10014bd5270012b, packet:: clientPath:null serverPath:null finished:false header:: 2,3  replyHeader:: 2,964,0  request:: '/keeper/server129,T  response:: s{964,964,1616164491548,1616164491548,0,0,0,72080397402374443,0,0,964} 
2021-03-19 10:34:51,607 DEBUG [Thread-0-SendThread(localhost:2181)] org.apache.zookeeper.ClientCnxn: Got notification session id: 0x10014bd5270012b
2021-03-19 10:34:51,608 DEBUG [Thread-0-SendThread(localhost:2181)] org.apache.zookeeper.ClientCnxn: Got WatchedEvent state:SyncConnected type:NodeDataChanged path:/keeper/server129 for session id 0x10014bd5270012b
2021-03-19 10:34:51,610 DEBUG [Thread-0-EventThread] root: ZK event: 
2021-03-19 10:34:51,610 DEBUG [Thread-0-EventThread] root: WatchedEvent state:SyncConnected type:NodeDataChanged path:/keeper/server129
2021-03-19 10:34:51,611 DEBUG [Thread-0-SendThread(localhost:2181)] org.apache.zookeeper.ClientCnxn: Reading reply session id: 0x10014bd5270012b, packet:: clientPath:null serverPath:null finished:false header:: 3,5  replyHeader:: 3,965,0  request:: '/keeper/server129,#3132372e302e302e313a3530313238,0  response:: s{964,965,1616164491548,1616164491581,1,0,0,72080397402374443,15,0,964} 
2021-03-19 10:34:51,611 INFO  [Thread-0] root: Node created at: /keeper/server129
Starting commModule
2021-03-19 10:34:51,619 INFO  [Thread-0] root: Server communication module connected
2021-03-19 10:34:51,619 INFO  [Thread-0] root: Connected to localhost on port 55611
2021-03-19 10:34:51,627 INFO  [Thread-1] root: Message received by server -> Status: INIT_SERVER
received adminmsg
2021-03-19 10:34:51,628 INFO  [Thread-1] root: Message sent by server -> Status: INIT_SERVER_SUCCESS
2021-03-19 10:34:51,629 INFO  [Thread-1] root: Message received by server -> Status: START
received adminmsg
2021-03-19 10:34:51,629 INFO  [Thread-1] root: Message sent by server -> Status: START_SUCCESS
Starting commModule
2021-03-19 10:34:51,636 INFO  [Thread-0] root: Server communication module connected
2021-03-19 10:34:51,637 INFO  [Thread-0] root: Connected to localhost on port 55614
Starting commModule
2021-03-19 10:34:51,640 INFO  [Thread-0] root: Server communication module connected
2021-03-19 10:34:51,641 INFO  [Thread-0] root: Connected to localhost on port 55617
Starting commModule
2021-03-19 10:34:51,649 INFO  [Thread-0] root: Server communication module connected
2021-03-19 10:34:51,651 INFO  [Thread-0] root: Connected to localhost on port 55619
2021-03-19 10:34:51,652 INFO  [Thread-4] root: Message received by server -> Status: UPDATE
received adminmsg
2021-03-19 10:34:51,653 INFO  [Thread-4] root: Message sent by server -> Status: UPDATE_SUCCESS
Starting commModule
2021-03-19 10:34:51,657 INFO  [Thread-0] root: Server communication module connected
2021-03-19 10:34:51,658 INFO  [Thread-0] root: Connected to localhost on port 55621
Starting commModule
2021-03-19 10:34:51,659 INFO  [Thread-0] root: Server communication module connected
2021-03-19 10:34:51,660 INFO  [Thread-0] root: Connected to localhost on port 55623
2021-03-19 10:34:51,661 INFO  [Thread-6] root: Message received by server -> Status: PROPAGATE_ADMIN
received adminmsg
2021-03-19 10:34:51,667 DEBUG [Thread-6] root: Getting successors
2021-03-19 10:34:51,667 DEBUG [Thread-6] root: Got successors
2021-03-19 10:34:51,667 DEBUG [Thread-6] root: Propagating to: 127.0.0.1:50102 127.0.0.1:50128
2021-03-19 10:34:51,670 INFO  [Thread-6] root: Client communication module connected
Starting commModule
2021-03-19 10:34:51,670 INFO  [Thread-0] root: Server communication module connected
2021-03-19 10:34:51,670 INFO  [Thread-6] root: Client communication module connected
2021-03-19 10:34:51,671 DEBUG [Thread-6] root: {}
2021-03-19 10:34:51,671 INFO  [Thread-0] root: Connected to localhost on port 55625
2021-03-19 10:34:51,671 INFO  [Thread-6] root: Message sent by server -> Status: PROPAGATE_SUCCESS
Starting commModule
2021-03-19 10:34:51,692 INFO  [Thread-0] root: Server communication module connected
2021-03-19 10:34:51,693 INFO  [Thread-0] root: Connected to localhost on port 55627
2021-03-19 10:34:51,696 INFO  [Thread-8] root: Message received by server -> Status: PROPAGATE
2021-03-19 10:34:51,696 DEBUG [Thread-8] root: In serve
2021-03-19 10:34:51,696 DEBUG [Thread-8] root: Checking if stopped or write locked
2021-03-19 10:34:51,696 DEBUG [Thread-8] root: Case propagate
2021-03-19 10:34:51,696 DEBUG [Thread-8] root: Passing to server
2021-03-19 10:34:51,696 DEBUG [Thread-8] root: Getting Predecessors
2021-03-19 10:34:51,696 DEBUG [Thread-8] root: Looking for 127.0.0.1:50128
2021-03-19 10:34:51,696 DEBUG [Thread-8] root: [127.0.0.1:50128, 127.0.0.1:50102]
2021-03-19 10:34:51,697 DEBUG [Thread-8] root: Predecessors:
2021-03-19 10:34:51,697 DEBUG [Thread-8] root: [127.0.0.1:50128, 127.0.0.1:50102]
2021-03-19 10:34:51,697 DEBUG [Thread-8] root: Looking for 127.0.0.1:50102
2021-03-19 10:34:51,697 DEBUG [Thread-8] root: Index of predecessor: 1
2021-03-19 10:34:51,697 DEBUG [Thread-8] root: Server Stuff
2021-03-19 10:34:51,697 INFO  [Thread-8] root: Put: key = 1, value = SIR1
2021-03-19 10:34:51,698 INFO  [Thread-8] root: Message sent by server -> Status: PROPAGATE_SUCCESS Key: null Value: null
Starting commModule
2021-03-19 10:34:51,701 INFO  [Thread-0] root: Server communication module connected
2021-03-19 10:34:51,702 INFO  [Thread-0] root: Connected to localhost on port 55629
2021-03-19 10:34:51,703 INFO  [Thread-9] root: Message received by server -> Status: PROPAGATE
2021-03-19 10:34:51,703 DEBUG [Thread-9] root: In serve
2021-03-19 10:34:51,703 DEBUG [Thread-9] root: Checking if stopped or write locked
2021-03-19 10:34:51,703 DEBUG [Thread-9] root: Case propagate
2021-03-19 10:34:51,703 DEBUG [Thread-9] root: Passing to server
2021-03-19 10:34:51,703 DEBUG [Thread-9] root: Getting Predecessors
2021-03-19 10:34:51,703 DEBUG [Thread-9] root: Looking for 127.0.0.1:50128
2021-03-19 10:34:51,703 DEBUG [Thread-9] root: [127.0.0.1:50128, 127.0.0.1:50102]
2021-03-19 10:34:51,704 DEBUG [Thread-9] root: Predecessors:
2021-03-19 10:34:51,704 DEBUG [Thread-9] root: [127.0.0.1:50128, 127.0.0.1:50102]
2021-03-19 10:34:51,704 DEBUG [Thread-9] root: Looking for 127.0.0.1:50102
2021-03-19 10:34:51,704 DEBUG [Thread-9] root: Index of predecessor: 1
2021-03-19 10:34:51,704 DEBUG [Thread-9] root: Server Stuff
2021-03-19 10:34:51,704 INFO  [Thread-9] root: Put: key = 2, value = SIR2
2021-03-19 10:34:51,705 INFO  [Thread-9] root: Message sent by server -> Status: PROPAGATE_SUCCESS Key: null Value: null
Starting commModule
2021-03-19 10:34:51,709 INFO  [Thread-0] root: Server communication module connected
2021-03-19 10:34:51,710 INFO  [Thread-0] root: Connected to localhost on port 55631
2021-03-19 10:34:51,711 INFO  [Thread-10] root: Message received by server -> Status: PROPAGATE
2021-03-19 10:34:51,711 DEBUG [Thread-10] root: In serve
2021-03-19 10:34:51,711 DEBUG [Thread-10] root: Checking if stopped or write locked
2021-03-19 10:34:51,711 DEBUG [Thread-10] root: Case propagate
2021-03-19 10:34:51,712 DEBUG [Thread-10] root: Passing to server
2021-03-19 10:34:51,712 DEBUG [Thread-10] root: Getting Predecessors
2021-03-19 10:34:51,712 DEBUG [Thread-10] root: Looking for 127.0.0.1:50128
2021-03-19 10:34:51,712 DEBUG [Thread-10] root: [127.0.0.1:50128, 127.0.0.1:50102]
2021-03-19 10:34:51,712 DEBUG [Thread-10] root: Predecessors:
2021-03-19 10:34:51,712 DEBUG [Thread-10] root: [127.0.0.1:50128, 127.0.0.1:50102]
2021-03-19 10:34:51,712 DEBUG [Thread-10] root: Looking for 127.0.0.1:50102
2021-03-19 10:34:51,712 DEBUG [Thread-10] root: Index of predecessor: 1
2021-03-19 10:34:51,712 DEBUG [Thread-10] root: Server Stuff
2021-03-19 10:34:51,712 INFO  [Thread-10] root: Put: key = 3, value = SIR3
2021-03-19 10:34:51,713 INFO  [Thread-10] root: Message sent by server -> Status: PROPAGATE_SUCCESS Key: null Value: null
Starting commModule
2021-03-19 10:34:51,719 INFO  [Thread-0] root: Server communication module connected
2021-03-19 10:34:51,719 INFO  [Thread-0] root: Connected to localhost on port 55633
2021-03-19 10:34:51,721 INFO  [Thread-11] root: Message received by server -> Status: PROPAGATE
2021-03-19 10:34:51,721 DEBUG [Thread-11] root: In serve
2021-03-19 10:34:51,721 DEBUG [Thread-11] root: Checking if stopped or write locked
2021-03-19 10:34:51,721 DEBUG [Thread-11] root: Case propagate
2021-03-19 10:34:51,721 DEBUG [Thread-11] root: Passing to server
2021-03-19 10:34:51,721 DEBUG [Thread-11] root: Getting Predecessors
2021-03-19 10:34:51,721 DEBUG [Thread-11] root: Looking for 127.0.0.1:50128
2021-03-19 10:34:51,721 DEBUG [Thread-11] root: [127.0.0.1:50128, 127.0.0.1:50102]
2021-03-19 10:34:51,721 DEBUG [Thread-11] root: Predecessors:
2021-03-19 10:34:51,721 DEBUG [Thread-11] root: [127.0.0.1:50128, 127.0.0.1:50102]
2021-03-19 10:34:51,721 DEBUG [Thread-11] root: Looking for 127.0.0.1:50102
2021-03-19 10:34:51,721 DEBUG [Thread-11] root: Index of predecessor: 1
2021-03-19 10:34:51,721 DEBUG [Thread-11] root: Server Stuff
2021-03-19 10:34:51,722 INFO  [Thread-11] root: Put: key = 4, value = SIR4
2021-03-19 10:34:51,723 INFO  [Thread-11] root: Message sent by server -> Status: PROPAGATE_SUCCESS Key: null Value: null
Starting commModule
2021-03-19 10:34:51,725 INFO  [Thread-0] root: Server communication module connected
2021-03-19 10:34:51,726 INFO  [Thread-0] root: Connected to localhost on port 55635
2021-03-19 10:34:51,727 INFO  [Thread-12] root: Message received by server -> Status: UPDATE
received adminmsg
2021-03-19 10:34:51,728 INFO  [Thread-12] root: Message sent by server -> Status: UPDATE_SUCCESS
Starting commModule
2021-03-19 10:34:51,731 INFO  [Thread-0] root: Server communication module connected
2021-03-19 10:34:51,731 INFO  [Thread-0] root: Connected to localhost on port 55637
2021-03-19 10:34:51,733 INFO  [Thread-13] root: Message received by server -> Status: PUT Key: 1 Value: SIR1
2021-03-19 10:34:51,733 DEBUG [Thread-13] root: In serve
2021-03-19 10:34:51,733 DEBUG [Thread-13] root: Checking if stopped or write locked
2021-03-19 10:34:51,733 DEBUG [Thread-13] root: PUT request being served
2021-03-19 10:34:51,733 DEBUG [Thread-13] root: Checking if it's in range
2021-03-19 10:34:51,741 DEBUG [Thread-13] root: Got hostname and port -> 127.0.0.1:50128
2021-03-19 10:34:51,741 DEBUG [Thread-13] root: Got metadata range: 7ab31aaa5f852209d555dc89deffa798:7ab31aaa5f852209d555dc89deffa797
2021-03-19 10:34:51,741 DEBUG [Thread-13] root: 127.0.0.1:50128 -> 7ab31aaa5f852209d555dc89deffa798:7ab31aaa5f852209d555dc89deffa797
2021-03-19 10:34:51,741 DEBUG [Thread-13] root: Got range big ints
2021-03-19 10:34:51,741 DEBUG [Thread-13] root: Range end < range start
2021-03-19 10:34:51,741 DEBUG [Thread-13] root: Done with range check in server
2021-03-19 10:34:51,741 DEBUG [Thread-13] root: In range
2021-03-19 10:34:51,742 INFO  [Thread-13] root: Put: key = 1, value = SIR1
2021-03-19 10:34:51,742 DEBUG [Thread-13] root: Getting successors
2021-03-19 10:34:51,742 DEBUG [Thread-13] root: Got successors
2021-03-19 10:34:51,742 DEBUG [Thread-13] root: Propagating to: 127.0.0.1:50128 127.0.0.1:50128
Starting commModule
2021-03-19 10:34:51,742 INFO  [Thread-13] root: Client communication module connected
2021-03-19 10:34:51,743 INFO  [Thread-0] root: Server communication module connected
2021-03-19 10:34:51,743 INFO  [Thread-0] root: Connected to localhost on port 55638
Starting commModule
2021-03-19 10:34:51,743 INFO  [Thread-0] root: Server communication module connected
2021-03-19 10:34:51,743 INFO  [Thread-13] root: Client communication module connected
2021-03-19 10:34:51,743 DEBUG [Thread-13] root: {"1":"SIR1"}
2021-03-19 10:34:51,744 INFO  [Thread-0] root: Connected to localhost on port 55639
2021-03-19 10:34:51,745 INFO  [Thread-13] root: Message sent by client -> Status: PROPAGATE
2021-03-19 10:34:51,746 INFO  [Thread-14] root: Message received by server -> Status: PROPAGATE
2021-03-19 10:34:51,746 DEBUG [Thread-14] root: In serve
2021-03-19 10:34:51,746 DEBUG [Thread-14] root: Checking if stopped or write locked
2021-03-19 10:34:51,746 INFO  [Thread-13] root: Message sent by client -> Status: PROPAGATE
2021-03-19 10:34:51,746 DEBUG [Thread-14] root: Case propagate
2021-03-19 10:34:51,746 DEBUG [Thread-14] root: Passing to server
2021-03-19 10:34:51,746 DEBUG [Thread-14] root: Getting Predecessors
2021-03-19 10:34:51,746 DEBUG [Thread-14] root: Looking for 127.0.0.1:50128
2021-03-19 10:34:51,746 DEBUG [Thread-14] root: [127.0.0.1:50128]
2021-03-19 10:34:51,746 DEBUG [Thread-14] root: Predecessors:
2021-03-19 10:34:51,746 DEBUG [Thread-14] root: [127.0.0.1:50128, 127.0.0.1:50128]
2021-03-19 10:34:51,746 DEBUG [Thread-14] root: Looking for 127.0.0.1:50128
2021-03-19 10:34:51,746 DEBUG [Thread-14] root: Index of predecessor: 0
2021-03-19 10:34:51,746 DEBUG [Thread-14] root: Server Stuff
2021-03-19 10:34:51,747 INFO  [Thread-15] root: Message received by server -> Status: PROPAGATE
2021-03-19 10:34:51,747 DEBUG [Thread-15] root: In serve
2021-03-19 10:34:51,747 DEBUG [Thread-15] root: Checking if stopped or write locked
2021-03-19 10:34:51,747 DEBUG [Thread-15] root: Case propagate
2021-03-19 10:34:51,747 INFO  [Thread-14] root: Put: key = 1, value = SIR1
2021-03-19 10:34:51,747 DEBUG [Thread-15] root: Passing to server
2021-03-19 10:34:51,747 DEBUG [Thread-15] root: Getting Predecessors
2021-03-19 10:34:51,747 DEBUG [Thread-15] root: Looking for 127.0.0.1:50128
2021-03-19 10:34:51,747 DEBUG [Thread-15] root: [127.0.0.1:50128]
2021-03-19 10:34:51,747 DEBUG [Thread-15] root: Predecessors:
2021-03-19 10:34:51,747 DEBUG [Thread-15] root: [127.0.0.1:50128, 127.0.0.1:50128]
2021-03-19 10:34:51,747 DEBUG [Thread-15] root: Looking for 127.0.0.1:50128
2021-03-19 10:34:51,747 DEBUG [Thread-15] root: Index of predecessor: 0
2021-03-19 10:34:51,747 DEBUG [Thread-15] root: Server Stuff
2021-03-19 10:34:51,747 INFO  [Thread-14] root: Message sent by server -> Status: PROPAGATE_SUCCESS Key: null Value: null
2021-03-19 10:34:51,748 INFO  [Thread-15] root: Put: key = 1, value = SIR1
2021-03-19 10:34:51,748 INFO  [Thread-13] root: Message received by client -> Status: PROPAGATE_SUCCESS Key: null Value: null
2021-03-19 10:34:51,748 INFO  [Thread-15] root: Message sent by server -> Status: PROPAGATE_SUCCESS Key: null Value: null
2021-03-19 10:34:51,748 INFO  [Thread-13] root: Message received by client -> Status: PROPAGATE_SUCCESS Key: null Value: null
2021-03-19 10:34:51,749 INFO  [Thread-13] root: Message sent by server -> Status: PUT_SUCCESS Key: 1 Value: SIR1
2021-03-19 10:34:51,750 INFO  [Thread-13] root: Message received by server -> Status: PUT Key: 2 Value: SIR2
2021-03-19 10:34:51,750 DEBUG [Thread-13] root: In serve
2021-03-19 10:34:51,750 DEBUG [Thread-13] root: Checking if stopped or write locked
2021-03-19 10:34:51,750 DEBUG [Thread-13] root: PUT request being served
2021-03-19 10:34:51,750 DEBUG [Thread-13] root: Checking if it's in range
2021-03-19 10:34:51,750 DEBUG [Thread-13] root: Got hostname and port -> 127.0.0.1:50128
2021-03-19 10:34:51,750 DEBUG [Thread-13] root: Got metadata range: 7ab31aaa5f852209d555dc89deffa798:7ab31aaa5f852209d555dc89deffa797
2021-03-19 10:34:51,750 DEBUG [Thread-13] root: 127.0.0.1:50128 -> 7ab31aaa5f852209d555dc89deffa798:7ab31aaa5f852209d555dc89deffa797
2021-03-19 10:34:51,750 DEBUG [Thread-13] root: Got range big ints
2021-03-19 10:34:51,750 DEBUG [Thread-13] root: Range end < range start
2021-03-19 10:34:51,750 DEBUG [Thread-13] root: Done with range check in server
2021-03-19 10:34:51,750 DEBUG [Thread-13] root: In range
2021-03-19 10:34:51,750 INFO  [Thread-13] root: Put: key = 2, value = SIR2
2021-03-19 10:34:51,751 DEBUG [Thread-13] root: Getting successors
2021-03-19 10:34:51,751 DEBUG [Thread-13] root: Got successors
2021-03-19 10:34:51,751 DEBUG [Thread-13] root: Propagating to: 127.0.0.1:50128 127.0.0.1:50128
Starting commModule
2021-03-19 10:34:51,751 INFO  [Thread-13] root: Client communication module connected
2021-03-19 10:34:51,751 INFO  [Thread-0] root: Server communication module connected
2021-03-19 10:34:51,752 INFO  [Thread-0] root: Connected to localhost on port 55640
Starting commModule
2021-03-19 10:34:51,752 INFO  [Thread-0] root: Server communication module connected
2021-03-19 10:34:51,752 INFO  [Thread-13] root: Client communication module connected
2021-03-19 10:34:51,752 DEBUG [Thread-13] root: {"2":"SIR2"}
2021-03-19 10:34:51,753 INFO  [Thread-0] root: Connected to localhost on port 55641
2021-03-19 10:34:51,753 INFO  [Thread-13] root: Message sent by client -> Status: PROPAGATE
2021-03-19 10:34:51,753 INFO  [Thread-13] root: Message sent by client -> Status: PROPAGATE
2021-03-19 10:34:51,753 INFO  [Thread-16] root: Message received by server -> Status: PROPAGATE
2021-03-19 10:34:51,753 DEBUG [Thread-16] root: In serve
2021-03-19 10:34:51,753 DEBUG [Thread-16] root: Checking if stopped or write locked
2021-03-19 10:34:51,754 DEBUG [Thread-16] root: Case propagate
2021-03-19 10:34:51,754 DEBUG [Thread-16] root: Passing to server
2021-03-19 10:34:51,754 DEBUG [Thread-16] root: Getting Predecessors
2021-03-19 10:34:51,754 DEBUG [Thread-16] root: Looking for 127.0.0.1:50128
2021-03-19 10:34:51,754 DEBUG [Thread-16] root: [127.0.0.1:50128]
2021-03-19 10:34:51,754 DEBUG [Thread-16] root: Predecessors:
2021-03-19 10:34:51,754 DEBUG [Thread-16] root: [127.0.0.1:50128, 127.0.0.1:50128]
2021-03-19 10:34:51,754 DEBUG [Thread-16] root: Looking for 127.0.0.1:50128
2021-03-19 10:34:51,754 DEBUG [Thread-16] root: Index of predecessor: 0
2021-03-19 10:34:51,754 DEBUG [Thread-16] root: Server Stuff
2021-03-19 10:34:51,754 INFO  [Thread-16] root: Put: key = 2, value = SIR2
2021-03-19 10:34:51,754 INFO  [Thread-17] root: Message received by server -> Status: PROPAGATE
2021-03-19 10:34:51,754 DEBUG [Thread-17] root: In serve
2021-03-19 10:34:51,755 DEBUG [Thread-17] root: Checking if stopped or write locked
2021-03-19 10:34:51,755 DEBUG [Thread-17] root: Case propagate
2021-03-19 10:34:51,755 DEBUG [Thread-17] root: Passing to server
2021-03-19 10:34:51,755 DEBUG [Thread-17] root: Getting Predecessors
2021-03-19 10:34:51,755 DEBUG [Thread-17] root: Looking for 127.0.0.1:50128
2021-03-19 10:34:51,755 DEBUG [Thread-17] root: [127.0.0.1:50128]
2021-03-19 10:34:51,755 DEBUG [Thread-17] root: Predecessors:
2021-03-19 10:34:51,755 DEBUG [Thread-17] root: [127.0.0.1:50128, 127.0.0.1:50128]
2021-03-19 10:34:51,755 INFO  [Thread-16] root: Message sent by server -> Status: PROPAGATE_SUCCESS Key: null Value: null
2021-03-19 10:34:51,755 DEBUG [Thread-17] root: Looking for 127.0.0.1:50128
2021-03-19 10:34:51,755 DEBUG [Thread-17] root: Index of predecessor: 0
2021-03-19 10:34:51,755 DEBUG [Thread-17] root: Server Stuff
2021-03-19 10:34:51,755 INFO  [Thread-13] root: Message received by client -> Status: PROPAGATE_SUCCESS Key: null Value: null
2021-03-19 10:34:51,756 INFO  [Thread-17] root: Put: key = 2, value = SIR2
2021-03-19 10:34:51,756 INFO  [Thread-17] root: Message sent by server -> Status: PROPAGATE_SUCCESS Key: null Value: null
2021-03-19 10:34:51,757 INFO  [Thread-13] root: Message received by client -> Status: PROPAGATE_SUCCESS Key: null Value: null
2021-03-19 10:34:51,757 INFO  [Thread-13] root: Message sent by server -> Status: PUT_SUCCESS Key: 2 Value: SIR2
2021-03-19 10:34:51,758 INFO  [Thread-13] root: Message received by server -> Status: PUT Key: 3 Value: SIR3
2021-03-19 10:34:51,758 DEBUG [Thread-13] root: In serve
2021-03-19 10:34:51,758 DEBUG [Thread-13] root: Checking if stopped or write locked
2021-03-19 10:34:51,758 DEBUG [Thread-13] root: PUT request being served
2021-03-19 10:34:51,758 DEBUG [Thread-13] root: Checking if it's in range
2021-03-19 10:34:51,759 DEBUG [Thread-13] root: Got hostname and port -> 127.0.0.1:50128
2021-03-19 10:34:51,759 DEBUG [Thread-13] root: Got metadata range: 7ab31aaa5f852209d555dc89deffa798:7ab31aaa5f852209d555dc89deffa797
2021-03-19 10:34:51,759 DEBUG [Thread-13] root: 127.0.0.1:50128 -> 7ab31aaa5f852209d555dc89deffa798:7ab31aaa5f852209d555dc89deffa797
2021-03-19 10:34:51,759 DEBUG [Thread-13] root: Got range big ints
2021-03-19 10:34:51,759 DEBUG [Thread-13] root: Range end < range start
2021-03-19 10:34:51,759 DEBUG [Thread-13] root: Done with range check in server
2021-03-19 10:34:51,759 DEBUG [Thread-13] root: In range
2021-03-19 10:34:51,759 INFO  [Thread-13] root: Put: key = 3, value = SIR3
2021-03-19 10:34:51,759 DEBUG [Thread-13] root: Getting successors
2021-03-19 10:34:51,759 DEBUG [Thread-13] root: Got successors
2021-03-19 10:34:51,759 DEBUG [Thread-13] root: Propagating to: 127.0.0.1:50128 127.0.0.1:50128
Starting commModule
2021-03-19 10:34:51,760 INFO  [Thread-0] root: Server communication module connected
2021-03-19 10:34:51,760 INFO  [Thread-13] root: Client communication module connected
2021-03-19 10:34:51,761 INFO  [Thread-0] root: Connected to localhost on port 55642
Starting commModule
2021-03-19 10:34:51,761 INFO  [Thread-0] root: Server communication module connected
2021-03-19 10:34:51,761 INFO  [Thread-13] root: Client communication module connected
2021-03-19 10:34:51,761 DEBUG [Thread-13] root: {"3":"SIR3"}
2021-03-19 10:34:51,762 INFO  [Thread-0] root: Connected to localhost on port 55643
2021-03-19 10:34:51,762 INFO  [Thread-13] root: Message sent by client -> Status: PROPAGATE
2021-03-19 10:34:51,762 INFO  [Thread-18] root: Message received by server -> Status: PROPAGATE
2021-03-19 10:34:51,762 DEBUG [Thread-18] root: In serve
2021-03-19 10:34:51,762 DEBUG [Thread-18] root: Checking if stopped or write locked
2021-03-19 10:34:51,762 DEBUG [Thread-18] root: Case propagate
2021-03-19 10:34:51,762 DEBUG [Thread-18] root: Passing to server
2021-03-19 10:34:51,762 DEBUG [Thread-18] root: Getting Predecessors
2021-03-19 10:34:51,762 DEBUG [Thread-18] root: Looking for 127.0.0.1:50128
2021-03-19 10:34:51,762 DEBUG [Thread-18] root: [127.0.0.1:50128]
2021-03-19 10:34:51,762 DEBUG [Thread-18] root: Predecessors:
2021-03-19 10:34:51,762 DEBUG [Thread-18] root: [127.0.0.1:50128, 127.0.0.1:50128]
2021-03-19 10:34:51,762 DEBUG [Thread-18] root: Looking for 127.0.0.1:50128
2021-03-19 10:34:51,763 DEBUG [Thread-18] root: Index of predecessor: 0
2021-03-19 10:34:51,763 DEBUG [Thread-18] root: Server Stuff
2021-03-19 10:34:51,763 INFO  [Thread-13] root: Message sent by client -> Status: PROPAGATE
2021-03-19 10:34:51,763 INFO  [Thread-18] root: Put: key = 3, value = SIR3
2021-03-19 10:34:51,763 INFO  [Thread-19] root: Message received by server -> Status: PROPAGATE
2021-03-19 10:34:51,763 DEBUG [Thread-19] root: In serve
2021-03-19 10:34:51,763 DEBUG [Thread-19] root: Checking if stopped or write locked
2021-03-19 10:34:51,763 DEBUG [Thread-19] root: Case propagate
2021-03-19 10:34:51,763 DEBUG [Thread-19] root: Passing to server
2021-03-19 10:34:51,763 DEBUG [Thread-19] root: Getting Predecessors
2021-03-19 10:34:51,763 DEBUG [Thread-19] root: Looking for 127.0.0.1:50128
2021-03-19 10:34:51,763 DEBUG [Thread-19] root: [127.0.0.1:50128]
2021-03-19 10:34:51,763 DEBUG [Thread-19] root: Predecessors:
2021-03-19 10:34:51,763 DEBUG [Thread-19] root: [127.0.0.1:50128, 127.0.0.1:50128]
2021-03-19 10:34:51,763 INFO  [Thread-18] root: Message sent by server -> Status: PROPAGATE_SUCCESS Key: null Value: null
2021-03-19 10:34:51,763 DEBUG [Thread-19] root: Looking for 127.0.0.1:50128
2021-03-19 10:34:51,763 DEBUG [Thread-19] root: Index of predecessor: 0
2021-03-19 10:34:51,764 DEBUG [Thread-19] root: Server Stuff
2021-03-19 10:34:51,764 INFO  [Thread-19] root: Put: key = 3, value = SIR3
2021-03-19 10:34:51,764 INFO  [Thread-13] root: Message received by client -> Status: PROPAGATE_SUCCESS Key: null Value: null
2021-03-19 10:34:51,764 INFO  [Thread-19] root: Message sent by server -> Status: PROPAGATE_SUCCESS Key: null Value: null
2021-03-19 10:34:51,765 INFO  [Thread-13] root: Message received by client -> Status: PROPAGATE_SUCCESS Key: null Value: null
2021-03-19 10:34:51,765 INFO  [Thread-13] root: Message sent by server -> Status: PUT_SUCCESS Key: 3 Value: SIR3
2021-03-19 10:34:51,765 INFO  [Thread-13] root: Message received by server -> Status: PUT Key: 4 Value: SIR4
2021-03-19 10:34:51,765 DEBUG [Thread-13] root: In serve
2021-03-19 10:34:51,765 DEBUG [Thread-13] root: Checking if stopped or write locked
2021-03-19 10:34:51,765 DEBUG [Thread-13] root: PUT request being served
2021-03-19 10:34:51,765 DEBUG [Thread-13] root: Checking if it's in range
2021-03-19 10:34:51,766 DEBUG [Thread-13] root: Got hostname and port -> 127.0.0.1:50128
2021-03-19 10:34:51,766 DEBUG [Thread-13] root: Got metadata range: 7ab31aaa5f852209d555dc89deffa798:7ab31aaa5f852209d555dc89deffa797
2021-03-19 10:34:51,766 DEBUG [Thread-13] root: 127.0.0.1:50128 -> 7ab31aaa5f852209d555dc89deffa798:7ab31aaa5f852209d555dc89deffa797
2021-03-19 10:34:51,766 DEBUG [Thread-13] root: Got range big ints
2021-03-19 10:34:51,766 DEBUG [Thread-13] root: Range end < range start
2021-03-19 10:34:51,766 DEBUG [Thread-13] root: Done with range check in server
2021-03-19 10:34:51,766 DEBUG [Thread-13] root: In range
2021-03-19 10:34:51,766 INFO  [Thread-13] root: Put: key = 4, value = SIR4
2021-03-19 10:34:51,766 DEBUG [Thread-13] root: Getting successors
2021-03-19 10:34:51,766 DEBUG [Thread-13] root: Got successors
2021-03-19 10:34:51,766 DEBUG [Thread-13] root: Propagating to: 127.0.0.1:50128 127.0.0.1:50128
Starting commModule
2021-03-19 10:34:51,767 INFO  [Thread-0] root: Server communication module connected
2021-03-19 10:34:51,767 INFO  [Thread-13] root: Client communication module connected
2021-03-19 10:34:51,767 INFO  [Thread-0] root: Connected to localhost on port 55644
Starting commModule
2021-03-19 10:34:51,767 INFO  [Thread-0] root: Server communication module connected
2021-03-19 10:34:51,767 INFO  [Thread-13] root: Client communication module connected
2021-03-19 10:34:51,767 DEBUG [Thread-13] root: {"4":"SIR4"}
2021-03-19 10:34:51,768 INFO  [Thread-0] root: Connected to localhost on port 55645
2021-03-19 10:34:51,768 INFO  [Thread-13] root: Message sent by client -> Status: PROPAGATE
2021-03-19 10:34:51,768 INFO  [Thread-13] root: Message sent by client -> Status: PROPAGATE
2021-03-19 10:34:51,768 INFO  [Thread-20] root: Message received by server -> Status: PROPAGATE
2021-03-19 10:34:51,768 DEBUG [Thread-20] root: In serve
2021-03-19 10:34:51,769 DEBUG [Thread-20] root: Checking if stopped or write locked
2021-03-19 10:34:51,769 DEBUG [Thread-20] root: Case propagate
2021-03-19 10:34:51,769 DEBUG [Thread-20] root: Passing to server
2021-03-19 10:34:51,769 DEBUG [Thread-20] root: Getting Predecessors
2021-03-19 10:34:51,769 DEBUG [Thread-20] root: Looking for 127.0.0.1:50128
2021-03-19 10:34:51,769 DEBUG [Thread-20] root: [127.0.0.1:50128]
2021-03-19 10:34:51,769 DEBUG [Thread-20] root: Predecessors:
2021-03-19 10:34:51,769 DEBUG [Thread-20] root: [127.0.0.1:50128, 127.0.0.1:50128]
2021-03-19 10:34:51,769 DEBUG [Thread-20] root: Looking for 127.0.0.1:50128
2021-03-19 10:34:51,769 DEBUG [Thread-20] root: Index of predecessor: 0
2021-03-19 10:34:51,769 DEBUG [Thread-20] root: Server Stuff
2021-03-19 10:34:51,769 INFO  [Thread-21] root: Message received by server -> Status: PROPAGATE
2021-03-19 10:34:51,769 DEBUG [Thread-21] root: In serve
2021-03-19 10:34:51,769 DEBUG [Thread-21] root: Checking if stopped or write locked
2021-03-19 10:34:51,769 DEBUG [Thread-21] root: Case propagate
2021-03-19 10:34:51,769 DEBUG [Thread-21] root: Passing to server
2021-03-19 10:34:51,769 DEBUG [Thread-21] root: Getting Predecessors
2021-03-19 10:34:51,769 DEBUG [Thread-21] root: Looking for 127.0.0.1:50128
2021-03-19 10:34:51,769 DEBUG [Thread-21] root: [127.0.0.1:50128]
2021-03-19 10:34:51,769 DEBUG [Thread-21] root: Predecessors:
2021-03-19 10:34:51,769 DEBUG [Thread-21] root: [127.0.0.1:50128, 127.0.0.1:50128]
2021-03-19 10:34:51,769 DEBUG [Thread-21] root: Looking for 127.0.0.1:50128
2021-03-19 10:34:51,769 DEBUG [Thread-21] root: Index of predecessor: 0
2021-03-19 10:34:51,769 DEBUG [Thread-21] root: Server Stuff
2021-03-19 10:34:51,769 INFO  [Thread-20] root: Put: key = 4, value = SIR4
2021-03-19 10:34:51,770 INFO  [Thread-20] root: Message sent by server -> Status: PROPAGATE_SUCCESS Key: null Value: null
2021-03-19 10:34:51,770 INFO  [Thread-21] root: Put: key = 4, value = SIR4
2021-03-19 10:34:51,770 INFO  [Thread-13] root: Message received by client -> Status: PROPAGATE_SUCCESS Key: null Value: null
2021-03-19 10:34:51,771 INFO  [Thread-21] root: Message sent by server -> Status: PROPAGATE_SUCCESS Key: null Value: null
2021-03-19 10:34:51,771 INFO  [Thread-13] root: Message received by client -> Status: PROPAGATE_SUCCESS Key: null Value: null
2021-03-19 10:34:51,771 INFO  [Thread-13] root: Message sent by server -> Status: PUT_SUCCESS Key: 4 Value: SIR4
Starting commModule
2021-03-19 10:34:51,778 INFO  [Thread-0] root: Server communication module connected
2021-03-19 10:34:51,779 INFO  [Thread-0] root: Connected to localhost on port 55647
2021-03-19 10:34:51,780 INFO  [Thread-22] root: Message received by server -> Status: UPDATE
received adminmsg
2021-03-19 10:34:51,781 INFO  [Thread-22] root: Message sent by server -> Status: UPDATE_SUCCESS
Starting commModule
2021-03-19 10:34:51,785 INFO  [Thread-0] root: Server communication module connected
2021-03-19 10:34:51,785 INFO  [Thread-0] root: Connected to localhost on port 55649
Starting commModule
2021-03-19 10:34:51,785 INFO  [Thread-0] root: Server communication module connected
2021-03-19 10:34:51,786 INFO  [Thread-0] root: Connected to localhost on port 55650
Starting commModule
2021-03-19 10:34:51,786 INFO  [Thread-0] root: Server communication module connected
2021-03-19 10:34:51,787 INFO  [Thread-0] root: Connected to localhost on port 55651
2021-03-19 10:34:51,788 INFO  [Thread-25] root: Message received by server -> Status: PROPAGATE_ADMIN
received adminmsg
2021-03-19 10:34:51,788 DEBUG [Thread-25] root: Getting successors
2021-03-19 10:34:51,788 DEBUG [Thread-25] root: Got successors
2021-03-19 10:34:51,788 DEBUG [Thread-25] root: Propagating to: 127.0.0.1:50128 127.0.0.1:50128
Starting commModule
2021-03-19 10:34:51,789 INFO  [Thread-0] root: Server communication module connected
2021-03-19 10:34:51,789 INFO  [Thread-25] root: Client communication module connected
2021-03-19 10:34:51,789 INFO  [Thread-0] root: Connected to localhost on port 55652
Starting commModule
2021-03-19 10:34:51,790 INFO  [Thread-25] root: Client communication module connected
2021-03-19 10:34:51,790 DEBUG [Thread-25] root: {"1":"SIR1","2":"SIR2","3":"SIR3","4":"SIR4"}
2021-03-19 10:34:51,790 INFO  [Thread-0] root: Server communication module connected
2021-03-19 10:34:51,790 INFO  [Thread-25] root: Message sent by client -> Status: PROPAGATE
2021-03-19 10:34:51,790 INFO  [Thread-0] root: Connected to localhost on port 55653
2021-03-19 10:34:51,791 INFO  [Thread-25] root: Message sent by client -> Status: PROPAGATE
2021-03-19 10:34:51,791 INFO  [Thread-26] root: Message received by server -> Status: PROPAGATE
2021-03-19 10:34:51,791 DEBUG [Thread-26] root: In serve
2021-03-19 10:34:51,791 DEBUG [Thread-26] root: Checking if stopped or write locked
2021-03-19 10:34:51,791 DEBUG [Thread-26] root: Case propagate
2021-03-19 10:34:51,791 DEBUG [Thread-26] root: Passing to server
2021-03-19 10:34:51,791 DEBUG [Thread-26] root: Getting Predecessors
2021-03-19 10:34:51,791 DEBUG [Thread-26] root: Looking for 127.0.0.1:50128
2021-03-19 10:34:51,791 DEBUG [Thread-26] root: [127.0.0.1:50128]
2021-03-19 10:34:51,791 DEBUG [Thread-26] root: Predecessors:
2021-03-19 10:34:51,791 DEBUG [Thread-26] root: [127.0.0.1:50128, 127.0.0.1:50128]
2021-03-19 10:34:51,791 DEBUG [Thread-26] root: Looking for 127.0.0.1:50128
2021-03-19 10:34:51,791 DEBUG [Thread-26] root: Index of predecessor: 0
2021-03-19 10:34:51,791 DEBUG [Thread-26] root: Server Stuff
2021-03-19 10:34:51,791 INFO  [Thread-27] root: Message received by server -> Status: PROPAGATE
2021-03-19 10:34:51,791 DEBUG [Thread-27] root: In serve
2021-03-19 10:34:51,791 DEBUG [Thread-27] root: Checking if stopped or write locked
2021-03-19 10:34:51,791 DEBUG [Thread-27] root: Case propagate
2021-03-19 10:34:51,791 DEBUG [Thread-27] root: Passing to server
2021-03-19 10:34:51,791 DEBUG [Thread-27] root: Getting Predecessors
2021-03-19 10:34:51,791 DEBUG [Thread-27] root: Looking for 127.0.0.1:50128
2021-03-19 10:34:51,791 DEBUG [Thread-27] root: [127.0.0.1:50128]
2021-03-19 10:34:51,791 INFO  [Thread-26] root: Put: key = 1, value = SIR1
2021-03-19 10:34:51,791 DEBUG [Thread-27] root: Predecessors:
2021-03-19 10:34:51,791 DEBUG [Thread-27] root: [127.0.0.1:50128, 127.0.0.1:50128]
2021-03-19 10:34:51,792 DEBUG [Thread-27] root: Looking for 127.0.0.1:50128
2021-03-19 10:34:51,792 DEBUG [Thread-27] root: Index of predecessor: 0
2021-03-19 10:34:51,792 DEBUG [Thread-27] root: Server Stuff
2021-03-19 10:34:51,792 INFO  [Thread-26] root: Put: key = 2, value = SIR2
2021-03-19 10:34:51,792 INFO  [Thread-26] root: Put: key = 3, value = SIR3
2021-03-19 10:34:51,792 INFO  [Thread-26] root: Put: key = 4, value = SIR4
2021-03-19 10:34:51,793 INFO  [Thread-27] root: Put: key = 1, value = SIR1
2021-03-19 10:34:51,793 INFO  [Thread-26] root: Message sent by server -> Status: PROPAGATE_SUCCESS Key: null Value: null
2021-03-19 10:34:51,793 INFO  [Thread-25] root: Message received by client -> Status: PROPAGATE_SUCCESS Key: null Value: null
2021-03-19 10:34:51,793 INFO  [Thread-27] root: Put: key = 2, value = SIR2
2021-03-19 10:34:51,794 INFO  [Thread-27] root: Put: key = 3, value = SIR3
2021-03-19 10:34:51,794 INFO  [Thread-27] root: Put: key = 4, value = SIR4
2021-03-19 10:34:51,795 INFO  [Thread-27] root: Message sent by server -> Status: PROPAGATE_SUCCESS Key: null Value: null
2021-03-19 10:34:51,795 INFO  [Thread-25] root: Message received by client -> Status: PROPAGATE_SUCCESS Key: null Value: null
2021-03-19 10:34:51,795 INFO  [Thread-25] root: Message sent by server -> Status: PROPAGATE_SUCCESS
2021-03-19 10:34:52,918 DEBUG [Thread-0-SendThread(localhost:2181)] org.apache.zookeeper.ClientCnxn: Got ping response for session id: 0x10014bd5270012b after 0ms.
2021-03-19 10:34:54,254 DEBUG [Thread-0-SendThread(localhost:2181)] org.apache.zookeeper.ClientCnxn: Got ping response for session id: 0x10014bd5270012b after 0ms.
2021-03-19 10:34:55,591 DEBUG [Thread-0-SendThread(localhost:2181)] org.apache.zookeeper.ClientCnxn: Got ping response for session id: 0x10014bd5270012b after 0ms.
Starting commModule
2021-03-19 10:34:56,336 INFO  [Thread-0] root: Server communication module connected
2021-03-19 10:34:56,337 INFO  [Thread-0] root: Connected to localhost on port 55655
2021-03-19 10:34:56,338 INFO  [Thread-28] root: Message received by server -> Status: GET_METADATA Key: nothing Value: nothing
2021-03-19 10:34:56,338 DEBUG [Thread-28] root: In serve
2021-03-19 10:34:56,338 DEBUG [Thread-28] root: Checking if stopped or write locked
2021-03-19 10:34:56,338 DEBUG [Thread-28] root: Case GET_METADATA
2021-03-19 10:34:56,339 INFO  [Thread-28] root: Message sent by server -> Status: GET_METADATA_SUCCESS Key: nothing Value: nothing
2021-03-19 10:34:56,340 INFO  [Thread-28] root: Message received by server -> Status: GET Key: 1 Value: 
2021-03-19 10:34:56,340 DEBUG [Thread-28] root: In serve
2021-03-19 10:34:56,340 DEBUG [Thread-28] root: Checking if stopped or write locked
2021-03-19 10:34:56,340 DEBUG [Thread-28] root: Checking if it's in range
2021-03-19 10:34:56,340 DEBUG [Thread-28] root: Got hostname and port -> 127.0.0.1:50128
2021-03-19 10:34:56,340 DEBUG [Thread-28] root: Got metadata range: 7ab31aaa5f852209d555dc89deffa798:7ab31aaa5f852209d555dc89deffa797
2021-03-19 10:34:56,340 DEBUG [Thread-28] root: 127.0.0.1:50128 -> 7ab31aaa5f852209d555dc89deffa798:7ab31aaa5f852209d555dc89deffa797
2021-03-19 10:34:56,340 DEBUG [Thread-28] root: Got range big ints
2021-03-19 10:34:56,341 DEBUG [Thread-28] root: Range end < range start
2021-03-19 10:34:56,341 DEBUG [Thread-28] root: Done with range check in server
2021-03-19 10:34:56,341 INFO  [Thread-28] root: Get: key = 1
2021-03-19 10:34:56,341 INFO  [Thread-28] root: Message sent by server -> Status: GET_SUCCESS Key: 1 Value: SIR1
2021-03-19 10:34:56,342 INFO  [Thread-28] root: Message received by server -> Status: GET Key: 2 Value: 
2021-03-19 10:34:56,342 DEBUG [Thread-28] root: In serve
2021-03-19 10:34:56,342 DEBUG [Thread-28] root: Checking if stopped or write locked
2021-03-19 10:34:56,342 DEBUG [Thread-28] root: Checking if it's in range
2021-03-19 10:34:56,342 DEBUG [Thread-28] root: Got hostname and port -> 127.0.0.1:50128
2021-03-19 10:34:56,342 DEBUG [Thread-28] root: Got metadata range: 7ab31aaa5f852209d555dc89deffa798:7ab31aaa5f852209d555dc89deffa797
2021-03-19 10:34:56,343 DEBUG [Thread-28] root: 127.0.0.1:50128 -> 7ab31aaa5f852209d555dc89deffa798:7ab31aaa5f852209d555dc89deffa797
2021-03-19 10:34:56,343 DEBUG [Thread-28] root: Got range big ints
2021-03-19 10:34:56,343 DEBUG [Thread-28] root: Range end < range start
2021-03-19 10:34:56,343 DEBUG [Thread-28] root: Done with range check in server
2021-03-19 10:34:56,343 INFO  [Thread-28] root: Get: key = 2
2021-03-19 10:34:56,343 INFO  [Thread-28] root: Message sent by server -> Status: GET_SUCCESS Key: 2 Value: SIR2
2021-03-19 10:34:56,344 INFO  [Thread-28] root: Message received by server -> Status: GET Key: 3 Value: 
2021-03-19 10:34:56,344 DEBUG [Thread-28] root: In serve
2021-03-19 10:34:56,344 DEBUG [Thread-28] root: Checking if stopped or write locked
2021-03-19 10:34:56,344 DEBUG [Thread-28] root: Checking if it's in range
2021-03-19 10:34:56,344 DEBUG [Thread-28] root: Got hostname and port -> 127.0.0.1:50128
2021-03-19 10:34:56,344 DEBUG [Thread-28] root: Got metadata range: 7ab31aaa5f852209d555dc89deffa798:7ab31aaa5f852209d555dc89deffa797
2021-03-19 10:34:56,344 DEBUG [Thread-28] root: 127.0.0.1:50128 -> 7ab31aaa5f852209d555dc89deffa798:7ab31aaa5f852209d555dc89deffa797
2021-03-19 10:34:56,344 DEBUG [Thread-28] root: Got range big ints
2021-03-19 10:34:56,344 DEBUG [Thread-28] root: Range end < range start
2021-03-19 10:34:56,344 DEBUG [Thread-28] root: Done with range check in server
2021-03-19 10:34:56,344 INFO  [Thread-28] root: Get: key = 3
2021-03-19 10:34:56,345 INFO  [Thread-28] root: Message sent by server -> Status: GET_SUCCESS Key: 3 Value: SIR3
2021-03-19 10:34:56,345 INFO  [Thread-28] root: Message received by server -> Status: GET Key: 4 Value: 
2021-03-19 10:34:56,345 DEBUG [Thread-28] root: In serve
2021-03-19 10:34:56,345 DEBUG [Thread-28] root: Checking if stopped or write locked
2021-03-19 10:34:56,345 DEBUG [Thread-28] root: Checking if it's in range
2021-03-19 10:34:56,345 DEBUG [Thread-28] root: Got hostname and port -> 127.0.0.1:50128
2021-03-19 10:34:56,345 DEBUG [Thread-28] root: Got metadata range: 7ab31aaa5f852209d555dc89deffa798:7ab31aaa5f852209d555dc89deffa797
2021-03-19 10:34:56,345 DEBUG [Thread-28] root: 127.0.0.1:50128 -> 7ab31aaa5f852209d555dc89deffa798:7ab31aaa5f852209d555dc89deffa797
2021-03-19 10:34:56,345 DEBUG [Thread-28] root: Got range big ints
2021-03-19 10:34:56,345 DEBUG [Thread-28] root: Range end < range start
2021-03-19 10:34:56,345 DEBUG [Thread-28] root: Done with range check in server
2021-03-19 10:34:56,345 INFO  [Thread-28] root: Get: key = 4
2021-03-19 10:34:56,346 INFO  [Thread-28] root: Message sent by server -> Status: GET_SUCCESS Key: 4 Value: SIR4
2021-03-19 10:34:56,346 INFO  [Thread-28] root: Message received by server -> Status: PUT Key: 1 Value: null
2021-03-19 10:34:56,346 DEBUG [Thread-28] root: In serve
2021-03-19 10:34:56,346 DEBUG [Thread-28] root: Checking if stopped or write locked
2021-03-19 10:34:56,346 DEBUG [Thread-28] root: PUT request being served
2021-03-19 10:34:56,346 DEBUG [Thread-28] root: Checking if it's in range
2021-03-19 10:34:56,346 DEBUG [Thread-28] root: Got hostname and port -> 127.0.0.1:50128
2021-03-19 10:34:56,347 DEBUG [Thread-28] root: Got metadata range: 7ab31aaa5f852209d555dc89deffa798:7ab31aaa5f852209d555dc89deffa797
2021-03-19 10:34:56,347 DEBUG [Thread-28] root: 127.0.0.1:50128 -> 7ab31aaa5f852209d555dc89deffa798:7ab31aaa5f852209d555dc89deffa797
2021-03-19 10:34:56,347 DEBUG [Thread-28] root: Got range big ints
2021-03-19 10:34:56,347 DEBUG [Thread-28] root: Range end < range start
2021-03-19 10:34:56,347 DEBUG [Thread-28] root: Done with range check in server
2021-03-19 10:34:56,347 DEBUG [Thread-28] root: In range
2021-03-19 10:34:56,347 INFO  [Thread-28] root: Delete: key = 1
2021-03-19 10:34:56,347 INFO  [Thread-28] root: Updating storage
2021-03-19 10:34:56,347 DEBUG [Thread-28] root: Getting successors
2021-03-19 10:34:56,347 DEBUG [Thread-28] root: Got successors
2021-03-19 10:34:56,347 DEBUG [Thread-28] root: Propagating to: 127.0.0.1:50128 127.0.0.1:50128
Starting commModule
2021-03-19 10:34:56,348 INFO  [Thread-0] root: Server communication module connected
2021-03-19 10:34:56,348 INFO  [Thread-28] root: Client communication module connected
2021-03-19 10:34:56,348 INFO  [Thread-0] root: Connected to localhost on port 55656
Starting commModule
2021-03-19 10:34:56,349 INFO  [Thread-0] root: Server communication module connected
2021-03-19 10:34:56,349 INFO  [Thread-28] root: Client communication module connected
2021-03-19 10:34:56,349 DEBUG [Thread-28] root: {"1":null}
2021-03-19 10:34:56,349 INFO  [Thread-0] root: Connected to localhost on port 55657
2021-03-19 10:34:56,349 INFO  [Thread-28] root: Message sent by client -> Status: PROPAGATE
2021-03-19 10:34:56,350 INFO  [Thread-28] root: Message sent by client -> Status: PROPAGATE
2021-03-19 10:34:56,350 INFO  [Thread-29] root: Message received by server -> Status: PROPAGATE
2021-03-19 10:34:56,350 DEBUG [Thread-29] root: In serve
2021-03-19 10:34:56,350 DEBUG [Thread-29] root: Checking if stopped or write locked
2021-03-19 10:34:56,350 DEBUG [Thread-29] root: Case propagate
2021-03-19 10:34:56,350 DEBUG [Thread-29] root: Passing to server
2021-03-19 10:34:56,350 DEBUG [Thread-29] root: Getting Predecessors
2021-03-19 10:34:56,350 DEBUG [Thread-29] root: Looking for 127.0.0.1:50128
2021-03-19 10:34:56,350 DEBUG [Thread-29] root: [127.0.0.1:50128]
2021-03-19 10:34:56,350 DEBUG [Thread-29] root: Predecessors:
2021-03-19 10:34:56,350 DEBUG [Thread-29] root: [127.0.0.1:50128, 127.0.0.1:50128]
2021-03-19 10:34:56,350 DEBUG [Thread-29] root: Looking for 127.0.0.1:50128
2021-03-19 10:34:56,350 DEBUG [Thread-29] root: Index of predecessor: 0
2021-03-19 10:34:56,350 DEBUG [Thread-29] root: Server Stuff
2021-03-19 10:34:56,350 INFO  [Thread-30] root: Message received by server -> Status: PROPAGATE
2021-03-19 10:34:56,350 DEBUG [Thread-30] root: In serve
2021-03-19 10:34:56,350 DEBUG [Thread-30] root: Checking if stopped or write locked
2021-03-19 10:34:56,350 DEBUG [Thread-30] root: Case propagate
2021-03-19 10:34:56,350 DEBUG [Thread-30] root: Passing to server
2021-03-19 10:34:56,350 DEBUG [Thread-30] root: Getting Predecessors
2021-03-19 10:34:56,350 DEBUG [Thread-30] root: Looking for 127.0.0.1:50128
2021-03-19 10:34:56,351 DEBUG [Thread-30] root: [127.0.0.1:50128]
2021-03-19 10:34:56,351 DEBUG [Thread-30] root: Predecessors:
2021-03-19 10:34:56,351 DEBUG [Thread-30] root: [127.0.0.1:50128, 127.0.0.1:50128]
2021-03-19 10:34:56,351 DEBUG [Thread-30] root: Looking for 127.0.0.1:50128
2021-03-19 10:34:56,351 INFO  [Thread-29] root: Delete: key = 1
2021-03-19 10:34:56,351 DEBUG [Thread-30] root: Index of predecessor: 0
2021-03-19 10:34:56,351 DEBUG [Thread-30] root: Server Stuff
2021-03-19 10:34:56,351 INFO  [Thread-29] root: Updating storage
2021-03-19 10:34:56,351 INFO  [Thread-29] root: Message sent by server -> Status: PROPAGATE_SUCCESS Key: null Value: null
2021-03-19 10:34:56,351 INFO  [Thread-30] root: Delete: key = 1
2021-03-19 10:34:56,351 ERROR [Thread-30] root: Key does not exist.
2021-03-19 10:34:56,351 INFO  [Thread-30] root: Updating storage
2021-03-19 10:34:56,352 INFO  [Thread-28] root: Message received by client -> Status: PROPAGATE_SUCCESS Key: null Value: null
2021-03-19 10:34:56,352 INFO  [Thread-30] root: Message sent by server -> Status: PROPAGATE_SUCCESS Key: null Value: null
2021-03-19 10:34:56,352 INFO  [Thread-28] root: Message received by client -> Status: PROPAGATE_SUCCESS Key: null Value: null
2021-03-19 10:34:56,352 INFO  [Thread-28] root: Message sent by server -> Status: DELETE_SUCCESS Key: 1 Value: null
2021-03-19 10:34:56,353 INFO  [Thread-28] root: Message received by server -> Status: PUT Key: 2 Value: null
2021-03-19 10:34:56,353 DEBUG [Thread-28] root: In serve
2021-03-19 10:34:56,353 DEBUG [Thread-28] root: Checking if stopped or write locked
2021-03-19 10:34:56,353 DEBUG [Thread-28] root: PUT request being served
2021-03-19 10:34:56,353 DEBUG [Thread-28] root: Checking if it's in range
2021-03-19 10:34:56,353 DEBUG [Thread-28] root: Got hostname and port -> 127.0.0.1:50128
2021-03-19 10:34:56,353 DEBUG [Thread-28] root: Got metadata range: 7ab31aaa5f852209d555dc89deffa798:7ab31aaa5f852209d555dc89deffa797
2021-03-19 10:34:56,353 DEBUG [Thread-28] root: 127.0.0.1:50128 -> 7ab31aaa5f852209d555dc89deffa798:7ab31aaa5f852209d555dc89deffa797
2021-03-19 10:34:56,353 DEBUG [Thread-28] root: Got range big ints
2021-03-19 10:34:56,353 DEBUG [Thread-28] root: Range end < range start
2021-03-19 10:34:56,353 DEBUG [Thread-28] root: Done with range check in server
2021-03-19 10:34:56,353 DEBUG [Thread-28] root: In range
2021-03-19 10:34:56,353 INFO  [Thread-28] root: Delete: key = 2
2021-03-19 10:34:56,353 INFO  [Thread-28] root: Updating storage
2021-03-19 10:34:56,354 DEBUG [Thread-28] root: Getting successors
2021-03-19 10:34:56,354 DEBUG [Thread-28] root: Got successors
2021-03-19 10:34:56,354 DEBUG [Thread-28] root: Propagating to: 127.0.0.1:50128 127.0.0.1:50128
Starting commModule
2021-03-19 10:34:56,354 INFO  [Thread-0] root: Server communication module connected
2021-03-19 10:34:56,354 INFO  [Thread-28] root: Client communication module connected
2021-03-19 10:34:56,355 INFO  [Thread-0] root: Connected to localhost on port 55658
Starting commModule
2021-03-19 10:34:56,355 INFO  [Thread-0] root: Server communication module connected
2021-03-19 10:34:56,355 INFO  [Thread-28] root: Client communication module connected
2021-03-19 10:34:56,355 DEBUG [Thread-28] root: {"2":null}
2021-03-19 10:34:56,355 INFO  [Thread-28] root: Message sent by client -> Status: PROPAGATE
2021-03-19 10:34:56,355 INFO  [Thread-0] root: Connected to localhost on port 55659
2021-03-19 10:34:56,356 INFO  [Thread-31] root: Message received by server -> Status: PROPAGATE
2021-03-19 10:34:56,356 DEBUG [Thread-31] root: In serve
2021-03-19 10:34:56,356 DEBUG [Thread-31] root: Checking if stopped or write locked
2021-03-19 10:34:56,356 DEBUG [Thread-31] root: Case propagate
2021-03-19 10:34:56,356 DEBUG [Thread-31] root: Passing to server
2021-03-19 10:34:56,356 DEBUG [Thread-31] root: Getting Predecessors
2021-03-19 10:34:56,356 DEBUG [Thread-31] root: Looking for 127.0.0.1:50128
2021-03-19 10:34:56,356 DEBUG [Thread-31] root: [127.0.0.1:50128]
2021-03-19 10:34:56,356 INFO  [Thread-32] root: Message received by server -> Status: PROPAGATE
2021-03-19 10:34:56,356 DEBUG [Thread-32] root: In serve
2021-03-19 10:34:56,356 DEBUG [Thread-32] root: Checking if stopped or write locked
2021-03-19 10:34:56,356 DEBUG [Thread-32] root: Case propagate
2021-03-19 10:34:56,356 DEBUG [Thread-32] root: Passing to server
2021-03-19 10:34:56,356 DEBUG [Thread-32] root: Getting Predecessors
2021-03-19 10:34:56,356 DEBUG [Thread-32] root: Looking for 127.0.0.1:50128
2021-03-19 10:34:56,356 DEBUG [Thread-32] root: [127.0.0.1:50128]
2021-03-19 10:34:56,356 INFO  [Thread-28] root: Message sent by client -> Status: PROPAGATE
2021-03-19 10:34:56,356 DEBUG [Thread-32] root: Predecessors:
2021-03-19 10:34:56,356 DEBUG [Thread-32] root: [127.0.0.1:50128, 127.0.0.1:50128]
2021-03-19 10:34:56,356 DEBUG [Thread-32] root: Looking for 127.0.0.1:50128
2021-03-19 10:34:56,356 DEBUG [Thread-31] root: Predecessors:
2021-03-19 10:34:56,356 DEBUG [Thread-31] root: [127.0.0.1:50128, 127.0.0.1:50128]
2021-03-19 10:34:56,356 DEBUG [Thread-32] root: Index of predecessor: 0
2021-03-19 10:34:56,356 DEBUG [Thread-32] root: Server Stuff
2021-03-19 10:34:56,356 DEBUG [Thread-31] root: Looking for 127.0.0.1:50128
2021-03-19 10:34:56,356 DEBUG [Thread-31] root: Index of predecessor: 0
2021-03-19 10:34:56,356 DEBUG [Thread-31] root: Server Stuff
2021-03-19 10:34:56,357 INFO  [Thread-32] root: Delete: key = 2
2021-03-19 10:34:56,357 INFO  [Thread-32] root: Updating storage
2021-03-19 10:34:56,357 INFO  [Thread-31] root: Delete: key = 2
2021-03-19 10:34:56,357 ERROR [Thread-31] root: Key does not exist.
2021-03-19 10:34:56,357 INFO  [Thread-32] root: Message sent by server -> Status: PROPAGATE_SUCCESS Key: null Value: null
2021-03-19 10:34:56,357 INFO  [Thread-31] root: Updating storage
2021-03-19 10:34:56,358 INFO  [Thread-31] root: Message sent by server -> Status: PROPAGATE_SUCCESS Key: null Value: null
2021-03-19 10:34:56,358 INFO  [Thread-28] root: Message received by client -> Status: PROPAGATE_SUCCESS Key: null Value: null
2021-03-19 10:34:56,359 INFO  [Thread-28] root: Message received by client -> Status: PROPAGATE_SUCCESS Key: null Value: null
2021-03-19 10:34:56,359 INFO  [Thread-28] root: Message sent by server -> Status: DELETE_SUCCESS Key: 2 Value: null
2021-03-19 10:34:56,359 INFO  [Thread-28] root: Message received by server -> Status: PUT Key: 3 Value: null
2021-03-19 10:34:56,359 DEBUG [Thread-28] root: In serve
2021-03-19 10:34:56,359 DEBUG [Thread-28] root: Checking if stopped or write locked
2021-03-19 10:34:56,359 DEBUG [Thread-28] root: PUT request being served
2021-03-19 10:34:56,359 DEBUG [Thread-28] root: Checking if it's in range
2021-03-19 10:34:56,360 DEBUG [Thread-28] root: Got hostname and port -> 127.0.0.1:50128
2021-03-19 10:34:56,360 DEBUG [Thread-28] root: Got metadata range: 7ab31aaa5f852209d555dc89deffa798:7ab31aaa5f852209d555dc89deffa797
2021-03-19 10:34:56,360 DEBUG [Thread-28] root: 127.0.0.1:50128 -> 7ab31aaa5f852209d555dc89deffa798:7ab31aaa5f852209d555dc89deffa797
2021-03-19 10:34:56,360 DEBUG [Thread-28] root: Got range big ints
2021-03-19 10:34:56,360 DEBUG [Thread-28] root: Range end < range start
2021-03-19 10:34:56,360 DEBUG [Thread-28] root: Done with range check in server
2021-03-19 10:34:56,360 DEBUG [Thread-28] root: In range
2021-03-19 10:34:56,360 INFO  [Thread-28] root: Delete: key = 3
2021-03-19 10:34:56,360 INFO  [Thread-28] root: Updating storage
2021-03-19 10:34:56,361 DEBUG [Thread-28] root: Getting successors
2021-03-19 10:34:56,361 DEBUG [Thread-28] root: Got successors
2021-03-19 10:34:56,361 DEBUG [Thread-28] root: Propagating to: 127.0.0.1:50128 127.0.0.1:50128
Starting commModule
2021-03-19 10:34:56,361 INFO  [Thread-0] root: Server communication module connected
2021-03-19 10:34:56,361 INFO  [Thread-28] root: Client communication module connected
2021-03-19 10:34:56,362 INFO  [Thread-0] root: Connected to localhost on port 55660
Starting commModule
2021-03-19 10:34:56,362 INFO  [Thread-0] root: Server communication module connected
2021-03-19 10:34:56,362 INFO  [Thread-28] root: Client communication module connected
2021-03-19 10:34:56,362 DEBUG [Thread-28] root: {"3":null}
2021-03-19 10:34:56,366 INFO  [Thread-0] root: Connected to localhost on port 55661
2021-03-19 10:34:56,366 INFO  [Thread-28] root: Message sent by client -> Status: PROPAGATE
2021-03-19 10:34:56,367 INFO  [Thread-28] root: Message sent by client -> Status: PROPAGATE
2021-03-19 10:34:56,367 INFO  [Thread-33] root: Message received by server -> Status: PROPAGATE
2021-03-19 10:34:56,367 DEBUG [Thread-33] root: In serve
2021-03-19 10:34:56,367 DEBUG [Thread-33] root: Checking if stopped or write locked
2021-03-19 10:34:56,367 DEBUG [Thread-33] root: Case propagate
2021-03-19 10:34:56,367 DEBUG [Thread-33] root: Passing to server
2021-03-19 10:34:56,367 DEBUG [Thread-33] root: Getting Predecessors
2021-03-19 10:34:56,367 DEBUG [Thread-33] root: Looking for 127.0.0.1:50128
2021-03-19 10:34:56,368 DEBUG [Thread-33] root: [127.0.0.1:50128]
2021-03-19 10:34:56,368 DEBUG [Thread-33] root: Predecessors:
2021-03-19 10:34:56,368 DEBUG [Thread-33] root: [127.0.0.1:50128, 127.0.0.1:50128]
2021-03-19 10:34:56,368 DEBUG [Thread-33] root: Looking for 127.0.0.1:50128
2021-03-19 10:34:56,369 DEBUG [Thread-33] root: Index of predecessor: 0
2021-03-19 10:34:56,369 DEBUG [Thread-33] root: Server Stuff
2021-03-19 10:34:56,369 INFO  [Thread-34] root: Message received by server -> Status: PROPAGATE
2021-03-19 10:34:56,369 DEBUG [Thread-34] root: In serve
2021-03-19 10:34:56,369 DEBUG [Thread-34] root: Checking if stopped or write locked
2021-03-19 10:34:56,369 DEBUG [Thread-34] root: Case propagate
2021-03-19 10:34:56,369 DEBUG [Thread-34] root: Passing to server
2021-03-19 10:34:56,369 DEBUG [Thread-34] root: Getting Predecessors
2021-03-19 10:34:56,369 DEBUG [Thread-34] root: Looking for 127.0.0.1:50128
2021-03-19 10:34:56,369 DEBUG [Thread-34] root: [127.0.0.1:50128]
2021-03-19 10:34:56,369 INFO  [Thread-33] root: Delete: key = 3
2021-03-19 10:34:56,369 DEBUG [Thread-34] root: Predecessors:
2021-03-19 10:34:56,369 DEBUG [Thread-34] root: [127.0.0.1:50128, 127.0.0.1:50128]
2021-03-19 10:34:56,369 DEBUG [Thread-34] root: Looking for 127.0.0.1:50128
2021-03-19 10:34:56,369 DEBUG [Thread-34] root: Index of predecessor: 0
2021-03-19 10:34:56,370 DEBUG [Thread-34] root: Server Stuff
2021-03-19 10:34:56,370 INFO  [Thread-33] root: Updating storage
2021-03-19 10:34:56,370 INFO  [Thread-34] root: Delete: key = 3
2021-03-19 10:34:56,370 INFO  [Thread-33] root: Message sent by server -> Status: PROPAGATE_SUCCESS Key: null Value: null
2021-03-19 10:34:56,370 ERROR [Thread-34] root: Key does not exist.
2021-03-19 10:34:56,370 INFO  [Thread-34] root: Updating storage
2021-03-19 10:34:56,370 INFO  [Thread-28] root: Message received by client -> Status: PROPAGATE_SUCCESS Key: null Value: null
2021-03-19 10:34:56,371 INFO  [Thread-34] root: Message sent by server -> Status: PROPAGATE_SUCCESS Key: null Value: null
2021-03-19 10:34:56,371 INFO  [Thread-28] root: Message received by client -> Status: PROPAGATE_SUCCESS Key: null Value: null
2021-03-19 10:34:56,371 INFO  [Thread-28] root: Message sent by server -> Status: DELETE_SUCCESS Key: 3 Value: null
2021-03-19 10:34:56,372 INFO  [Thread-28] root: Message received by server -> Status: PUT Key: 4 Value: null
2021-03-19 10:34:56,372 DEBUG [Thread-28] root: In serve
2021-03-19 10:34:56,372 DEBUG [Thread-28] root: Checking if stopped or write locked
2021-03-19 10:34:56,372 DEBUG [Thread-28] root: PUT request being served
2021-03-19 10:34:56,372 DEBUG [Thread-28] root: Checking if it's in range
2021-03-19 10:34:56,372 DEBUG [Thread-28] root: Got hostname and port -> 127.0.0.1:50128
2021-03-19 10:34:56,372 DEBUG [Thread-28] root: Got metadata range: 7ab31aaa5f852209d555dc89deffa798:7ab31aaa5f852209d555dc89deffa797
2021-03-19 10:34:56,372 DEBUG [Thread-28] root: 127.0.0.1:50128 -> 7ab31aaa5f852209d555dc89deffa798:7ab31aaa5f852209d555dc89deffa797
2021-03-19 10:34:56,372 DEBUG [Thread-28] root: Got range big ints
2021-03-19 10:34:56,372 DEBUG [Thread-28] root: Range end < range start
2021-03-19 10:34:56,372 DEBUG [Thread-28] root: Done with range check in server
2021-03-19 10:34:56,372 DEBUG [Thread-28] root: In range
2021-03-19 10:34:56,373 INFO  [Thread-28] root: Delete: key = 4
2021-03-19 10:34:56,373 INFO  [Thread-28] root: Updating storage
2021-03-19 10:34:56,373 DEBUG [Thread-28] root: Getting successors
2021-03-19 10:34:56,373 DEBUG [Thread-28] root: Got successors
2021-03-19 10:34:56,373 DEBUG [Thread-28] root: Propagating to: 127.0.0.1:50128 127.0.0.1:50128
Starting commModule
2021-03-19 10:34:56,374 INFO  [Thread-0] root: Server communication module connected
2021-03-19 10:34:56,374 INFO  [Thread-28] root: Client communication module connected
2021-03-19 10:34:56,374 INFO  [Thread-0] root: Connected to localhost on port 55662
Starting commModule
2021-03-19 10:34:56,374 INFO  [Thread-0] root: Server communication module connected
2021-03-19 10:34:56,374 INFO  [Thread-28] root: Client communication module connected
2021-03-19 10:34:56,375 DEBUG [Thread-28] root: {"4":null}
2021-03-19 10:34:56,375 INFO  [Thread-28] root: Message sent by client -> Status: PROPAGATE
2021-03-19 10:34:56,375 INFO  [Thread-0] root: Connected to localhost on port 55663
2021-03-19 10:34:56,375 INFO  [Thread-28] root: Message sent by client -> Status: PROPAGATE
2021-03-19 10:34:56,376 INFO  [Thread-35] root: Message received by server -> Status: PROPAGATE
2021-03-19 10:34:56,376 DEBUG [Thread-35] root: In serve
2021-03-19 10:34:56,376 DEBUG [Thread-35] root: Checking if stopped or write locked
2021-03-19 10:34:56,376 DEBUG [Thread-35] root: Case propagate
2021-03-19 10:34:56,376 DEBUG [Thread-35] root: Passing to server
2021-03-19 10:34:56,376 DEBUG [Thread-35] root: Getting Predecessors
2021-03-19 10:34:56,376 INFO  [Thread-36] root: Message received by server -> Status: PROPAGATE
2021-03-19 10:34:56,376 DEBUG [Thread-36] root: In serve
2021-03-19 10:34:56,376 DEBUG [Thread-36] root: Checking if stopped or write locked
2021-03-19 10:34:56,376 DEBUG [Thread-36] root: Case propagate
2021-03-19 10:34:56,376 DEBUG [Thread-36] root: Passing to server
2021-03-19 10:34:56,376 DEBUG [Thread-36] root: Getting Predecessors
2021-03-19 10:34:56,376 DEBUG [Thread-36] root: Looking for 127.0.0.1:50128
2021-03-19 10:34:56,376 DEBUG [Thread-36] root: [127.0.0.1:50128]
2021-03-19 10:34:56,376 DEBUG [Thread-35] root: Looking for 127.0.0.1:50128
2021-03-19 10:34:56,376 DEBUG [Thread-35] root: [127.0.0.1:50128]
2021-03-19 10:34:56,376 DEBUG [Thread-35] root: Predecessors:
2021-03-19 10:34:56,376 DEBUG [Thread-35] root: [127.0.0.1:50128, 127.0.0.1:50128]
2021-03-19 10:34:56,376 DEBUG [Thread-35] root: Looking for 127.0.0.1:50128
2021-03-19 10:34:56,376 DEBUG [Thread-35] root: Index of predecessor: 0
2021-03-19 10:34:56,376 DEBUG [Thread-35] root: Server Stuff
2021-03-19 10:34:56,376 DEBUG [Thread-36] root: Predecessors:
2021-03-19 10:34:56,376 DEBUG [Thread-36] root: [127.0.0.1:50128, 127.0.0.1:50128]
2021-03-19 10:34:56,376 DEBUG [Thread-36] root: Looking for 127.0.0.1:50128
2021-03-19 10:34:56,376 DEBUG [Thread-36] root: Index of predecessor: 0
2021-03-19 10:34:56,376 DEBUG [Thread-36] root: Server Stuff
2021-03-19 10:34:56,376 INFO  [Thread-35] root: Delete: key = 4
2021-03-19 10:34:56,376 INFO  [Thread-35] root: Updating storage
2021-03-19 10:34:56,377 INFO  [Thread-35] root: Message sent by server -> Status: PROPAGATE_SUCCESS Key: null Value: null
2021-03-19 10:34:56,377 INFO  [Thread-36] root: Delete: key = 4
2021-03-19 10:34:56,377 ERROR [Thread-36] root: Key does not exist.
2021-03-19 10:34:56,377 INFO  [Thread-36] root: Updating storage
2021-03-19 10:34:56,377 INFO  [Thread-28] root: Message received by client -> Status: PROPAGATE_SUCCESS Key: null Value: null
2021-03-19 10:34:56,377 INFO  [Thread-36] root: Message sent by server -> Status: PROPAGATE_SUCCESS Key: null Value: null
2021-03-19 10:34:56,377 INFO  [Thread-28] root: Message received by client -> Status: PROPAGATE_SUCCESS Key: null Value: null
2021-03-19 10:34:56,378 INFO  [Thread-28] root: Message sent by server -> Status: DELETE_SUCCESS Key: 4 Value: null
Starting commModule
2021-03-19 10:34:56,378 INFO  [Thread-0] root: Server communication module connected
2021-03-19 10:34:56,379 INFO  [Thread-37] root: Message received by server -> Status: SHUTDOWN
received adminmsg
2021-03-19 10:34:56,379 DEBUG [Thread-37] root: Closing the program
2021-03-19 10:34:56,379 INFO  [Thread-0] root: Connected to localhost on port 55664
2021-03-19 10:34:56,379 INFO  [Thread-0] root: Server stopped.
2021-03-19 10:34:56,379 INFO  [Thread-0] root: Clearing KV Storage...
2021-03-19 10:34:56,379 INFO  [Thread-37] root: Message sent by server -> Status: SHUTDOWN_SUCCESS
