2021-03-18 22:34:51,066 INFO  [main] root: Creating Storage Files
2021-03-18 22:34:51,067 INFO  [main] root: File created: server18.json
2021-03-18 22:34:51,067 INFO  [main] root: File created: server18_replica_1.json
2021-03-18 22:34:51,067 INFO  [main] root: File created: server18_replica_2.json
2021-03-18 22:34:51,067 INFO  [Thread-0] root: Initialize server ...
2021-03-18 22:34:51,079 INFO  [Thread-0] root: Server listening on port: 50017
2021-03-18 22:34:51,099 INFO  [Thread-0] org.apache.zookeeper.ZooKeeper: Client environment:zookeeper.version=3.6.2--803c7f1a12f85978cb049af5e4ef23bd8b688715, built on 09/04/2020 12:44 GMT
2021-03-18 22:34:51,099 INFO  [Thread-0] org.apache.zookeeper.ZooKeeper: Client environment:host.name=localhost
2021-03-18 22:34:51,099 INFO  [Thread-0] org.apache.zookeeper.ZooKeeper: Client environment:java.version=11.0.10
2021-03-18 22:34:51,099 INFO  [Thread-0] org.apache.zookeeper.ZooKeeper: Client environment:java.vendor=Azul Systems, Inc.
2021-03-18 22:34:51,099 INFO  [Thread-0] org.apache.zookeeper.ZooKeeper: Client environment:java.home=/Users/steve/Library/Java/JavaVirtualMachines/azul-11.0.10/Contents/Home
2021-03-18 22:34:51,099 INFO  [Thread-0] org.apache.zookeeper.ZooKeeper: Client environment:java.class.path=/Users/steve/Desktop/UofT/year4/winter2021/ECE419/milestone3/m3-server.jar
2021-03-18 22:34:51,099 INFO  [Thread-0] org.apache.zookeeper.ZooKeeper: Client environment:java.library.path=/Users/steve/Library/Java/Extensions:/Library/Java/Extensions:/Network/Library/Java/Extensions:/System/Library/Java/Extensions:/usr/lib/java:.
2021-03-18 22:34:51,099 INFO  [Thread-0] org.apache.zookeeper.ZooKeeper: Client environment:java.io.tmpdir=/var/folders/kz/3gb57nkn6ks6_07_dtt5lqvr0000gn/T/
2021-03-18 22:34:51,099 INFO  [Thread-0] org.apache.zookeeper.ZooKeeper: Client environment:java.compiler=<NA>
2021-03-18 22:34:51,099 INFO  [Thread-0] org.apache.zookeeper.ZooKeeper: Client environment:os.name=Mac OS X
2021-03-18 22:34:51,099 INFO  [Thread-0] org.apache.zookeeper.ZooKeeper: Client environment:os.arch=x86_64
2021-03-18 22:34:51,099 INFO  [Thread-0] org.apache.zookeeper.ZooKeeper: Client environment:os.version=10.16
2021-03-18 22:34:51,099 INFO  [Thread-0] org.apache.zookeeper.ZooKeeper: Client environment:user.name=steve
2021-03-18 22:34:51,099 INFO  [Thread-0] org.apache.zookeeper.ZooKeeper: Client environment:user.home=/Users/steve
2021-03-18 22:34:51,100 INFO  [Thread-0] org.apache.zookeeper.ZooKeeper: Client environment:user.dir=/Users/steve
2021-03-18 22:34:51,100 INFO  [Thread-0] org.apache.zookeeper.ZooKeeper: Client environment:os.memory.free=249MB
2021-03-18 22:34:51,100 INFO  [Thread-0] org.apache.zookeeper.ZooKeeper: Client environment:os.memory.max=4096MB
2021-03-18 22:34:51,100 INFO  [Thread-0] org.apache.zookeeper.ZooKeeper: Client environment:os.memory.total=256MB
2021-03-18 22:34:51,103 INFO  [Thread-0] org.apache.zookeeper.ZooKeeper: Initiating client connection, connectString=localhost:2181 sessionTimeout=3000 watcher=app_kvServer.KVServer$1@664dde4f
2021-03-18 22:34:51,106 INFO  [Thread-0] org.apache.zookeeper.common.X509Util: Setting -D jdk.tls.rejectClientInitiatedRenegotiation=true to disable client-initiated TLS renegotiation
2021-03-18 22:34:51,117 INFO  [Thread-0] org.apache.zookeeper.ClientCnxnSocket: jute.maxbuffer value is 1048575 Bytes
2021-03-18 22:34:51,123 INFO  [Thread-0] org.apache.zookeeper.ClientCnxn: zookeeper.request.timeout value is 0. feature enabled=false
2021-03-18 22:34:51,131 DEBUG [Thread-0-SendThread(localhost:2181)] org.apache.zookeeper.SaslServerPrincipal: Canonicalized address to localhost
2021-03-18 22:34:51,132 INFO  [Thread-0-SendThread(localhost:2181)] org.apache.zookeeper.ClientCnxn: Opening socket connection to server localhost/0:0:0:0:0:0:0:1:2181.
2021-03-18 22:34:51,132 INFO  [Thread-0-SendThread(localhost:2181)] org.apache.zookeeper.ClientCnxn: SASL config status: Will not attempt to authenticate using SASL (unknown error)
2021-03-18 22:34:51,146 INFO  [Thread-0-SendThread(localhost:2181)] org.apache.zookeeper.ClientCnxn: Socket connection established, initiating session, client: /0:0:0:0:0:0:0:1:52610, server: localhost/0:0:0:0:0:0:0:1:2181
2021-03-18 22:34:51,146 DEBUG [Thread-0-SendThread(localhost:2181)] org.apache.zookeeper.ClientCnxn: Session establishment request sent on localhost/0:0:0:0:0:0:0:1:2181
2021-03-18 22:34:51,175 TRACE [Thread-0-SendThread(localhost:2181)] org.apache.zookeeper.ClientCnxnSocket: readConnectResult 37 0x[0,0,0,0,0,0,f,ffffffa0,1,0,14,ffffffbd,52,70,0,74,0,0,0,10,ffffffa6,ffffffa3,1a,26,ffffffc4,ffffffcc,70,12,ffffff88,fffffff8,ffffffb8,25,ffffffd9,ffffff94,ffffffb8,ffffffaf,0,]
2021-03-18 22:34:51,177 INFO  [Thread-0-SendThread(localhost:2181)] org.apache.zookeeper.ClientCnxn: Session establishment complete on server localhost/0:0:0:0:0:0:0:1:2181, session id = 0x10014bd52700074, negotiated timeout = 4000
2021-03-18 22:34:51,179 DEBUG [Thread-0-EventThread] root: ZK event: 
2021-03-18 22:34:51,179 DEBUG [Thread-0-EventThread] root: WatchedEvent state:SyncConnected type:None path:null
2021-03-18 22:34:51,229 DEBUG [Thread-0-SendThread(localhost:2181)] org.apache.zookeeper.ClientCnxn: Reading reply session id: 0x10014bd52700074, packet:: clientPath:null serverPath:null finished:false header:: 1,1  replyHeader:: 1,391,0  request:: '/keeper/server18,,v{s{31,s{'world,'anyone}}},1  response:: '/keeper/server18 
2021-03-18 22:34:51,233 DEBUG [Thread-0-SendThread(localhost:2181)] org.apache.zookeeper.ClientCnxn: Reading reply session id: 0x10014bd52700074, packet:: clientPath:null serverPath:null finished:false header:: 2,3  replyHeader:: 2,391,0  request:: '/keeper/server18,T  response:: s{391,391,1616121291179,1616121291179,0,0,0,72080397402374260,0,0,391} 
2021-03-18 22:34:51,261 DEBUG [Thread-0-SendThread(localhost:2181)] org.apache.zookeeper.ClientCnxn: Got notification session id: 0x10014bd52700074
2021-03-18 22:34:51,262 DEBUG [Thread-0-SendThread(localhost:2181)] org.apache.zookeeper.ClientCnxn: Got WatchedEvent state:SyncConnected type:NodeDataChanged path:/keeper/server18 for session id 0x10014bd52700074
2021-03-18 22:34:51,264 DEBUG [Thread-0-EventThread] root: ZK event: 
2021-03-18 22:34:51,264 DEBUG [Thread-0-EventThread] root: WatchedEvent state:SyncConnected type:NodeDataChanged path:/keeper/server18
2021-03-18 22:34:51,265 DEBUG [Thread-0-SendThread(localhost:2181)] org.apache.zookeeper.ClientCnxn: Reading reply session id: 0x10014bd52700074, packet:: clientPath:null serverPath:null finished:false header:: 3,5  replyHeader:: 3,392,0  request:: '/keeper/server18,#3132372e302e302e313a3530303137,0  response:: s{391,392,1616121291179,1616121291234,1,0,0,72080397402374260,15,0,391} 
2021-03-18 22:34:51,265 INFO  [Thread-0] root: Node created at: /keeper/server18
Starting commModule
2021-03-18 22:34:51,273 INFO  [Thread-0] root: Server communication module connected
2021-03-18 22:34:51,273 INFO  [Thread-0] root: Connected to localhost on port 52611
2021-03-18 22:34:51,281 INFO  [Thread-1] root: Message received by server -> Status: INIT_SERVER
received adminmsg
2021-03-18 22:34:51,282 INFO  [Thread-1] root: Message sent by server -> Status: INIT_SERVER_SUCCESS
2021-03-18 22:34:51,283 INFO  [Thread-1] root: Message received by server -> Status: START
received adminmsg
2021-03-18 22:34:51,283 INFO  [Thread-1] root: Message sent by server -> Status: START_SUCCESS
Starting commModule
2021-03-18 22:34:51,289 INFO  [Thread-0] root: Server communication module connected
2021-03-18 22:34:51,290 INFO  [Thread-0] root: Connected to localhost on port 52614
Starting commModule
2021-03-18 22:34:51,297 INFO  [Thread-0] root: Server communication module connected
2021-03-18 22:34:51,298 INFO  [Thread-0] root: Connected to localhost on port 52617
Starting commModule
2021-03-18 22:34:51,302 INFO  [Thread-0] root: Server communication module connected
2021-03-18 22:34:51,302 INFO  [Thread-0] root: Connected to localhost on port 52619
2021-03-18 22:34:51,303 INFO  [Thread-4] root: Message received by server -> Status: UPDATE
received adminmsg
2021-03-18 22:34:51,304 INFO  [Thread-4] root: Message sent by server -> Status: UPDATE_SUCCESS
Starting commModule
2021-03-18 22:34:51,307 INFO  [Thread-0] root: Server communication module connected
2021-03-18 22:34:51,308 INFO  [Thread-0] root: Connected to localhost on port 52621
Starting commModule
2021-03-18 22:34:51,308 INFO  [Thread-0] root: Server communication module connected
2021-03-18 22:34:51,309 INFO  [Thread-0] root: Connected to localhost on port 52623
2021-03-18 22:34:51,310 INFO  [Thread-6] root: Message received by server -> Status: PROPAGATE_ADMIN
received adminmsg
2021-03-18 22:34:51,314 DEBUG [Thread-6] root: Getting successors
2021-03-18 22:34:51,315 DEBUG [Thread-6] root: Got successors
2021-03-18 22:34:51,315 DEBUG [Thread-6] root: Propagating to: 127.0.0.1:50140 127.0.0.1:50017
2021-03-18 22:34:51,317 INFO  [Thread-6] root: Client communication module connected
Starting commModule
2021-03-18 22:34:51,317 INFO  [Thread-0] root: Server communication module connected
2021-03-18 22:34:51,317 INFO  [Thread-6] root: Client communication module connected
2021-03-18 22:34:51,317 DEBUG [Thread-6] root: {}
2021-03-18 22:34:51,318 INFO  [Thread-0] root: Connected to localhost on port 52625
2021-03-18 22:34:51,318 INFO  [Thread-6] root: Message sent by server -> Status: PROPAGATE_SUCCESS
Starting commModule
2021-03-18 22:34:51,866 INFO  [Thread-0] root: Server communication module connected
2021-03-18 22:34:51,867 INFO  [Thread-0] root: Connected to localhost on port 52630
2021-03-18 22:34:51,868 INFO  [Thread-8] root: Message received by server -> Status: UPDATE
received adminmsg
2021-03-18 22:34:51,868 INFO  [Thread-8] root: Message sent by server -> Status: UPDATE_SUCCESS
Starting commModule
2021-03-18 22:34:51,871 INFO  [Thread-0] root: Server communication module connected
2021-03-18 22:34:51,872 INFO  [Thread-0] root: Connected to localhost on port 52632
Starting commModule
2021-03-18 22:34:51,873 INFO  [Thread-0] root: Server communication module connected
2021-03-18 22:34:51,873 INFO  [Thread-0] root: Connected to localhost on port 52634
2021-03-18 22:34:51,874 INFO  [Thread-10] root: Message received by server -> Status: PROPAGATE_ADMIN
received adminmsg
2021-03-18 22:34:51,875 DEBUG [Thread-10] root: Getting successors
2021-03-18 22:34:51,875 DEBUG [Thread-10] root: Got successors
2021-03-18 22:34:51,875 DEBUG [Thread-10] root: Propagating to: 127.0.0.1:50048 127.0.0.1:50140
2021-03-18 22:34:51,875 INFO  [Thread-10] root: Client communication module connected
2021-03-18 22:34:51,876 INFO  [Thread-10] root: Client communication module connected
2021-03-18 22:34:51,876 DEBUG [Thread-10] root: {}
2021-03-18 22:34:51,876 INFO  [Thread-10] root: Message sent by server -> Status: PROPAGATE_SUCCESS
Starting commModule
2021-03-18 22:34:51,882 INFO  [Thread-0] root: Server communication module connected
2021-03-18 22:34:51,883 INFO  [Thread-0] root: Connected to localhost on port 52640
2021-03-18 22:34:51,883 INFO  [Thread-11] root: Message received by server -> Status: UPDATE
received adminmsg
2021-03-18 22:34:51,884 INFO  [Thread-11] root: Message sent by server -> Status: UPDATE_SUCCESS
Starting commModule
2021-03-18 22:34:51,890 INFO  [Thread-0] root: Server communication module connected
2021-03-18 22:34:51,891 INFO  [Thread-0] root: Connected to localhost on port 52643
Starting commModule
2021-03-18 22:34:51,891 INFO  [Thread-0] root: Server communication module connected
2021-03-18 22:34:51,892 INFO  [Thread-0] root: Connected to localhost on port 52645
2021-03-18 22:34:51,893 INFO  [Thread-13] root: Message received by server -> Status: PROPAGATE_ADMIN
received adminmsg
2021-03-18 22:34:51,893 DEBUG [Thread-13] root: Getting successors
2021-03-18 22:34:51,893 DEBUG [Thread-13] root: Got successors
2021-03-18 22:34:51,893 DEBUG [Thread-13] root: Propagating to: 127.0.0.1:50048 127.0.0.1:50140
2021-03-18 22:34:51,894 INFO  [Thread-13] root: Client communication module connected
2021-03-18 22:34:51,894 INFO  [Thread-13] root: Client communication module connected
2021-03-18 22:34:51,894 DEBUG [Thread-13] root: {}
2021-03-18 22:34:51,894 INFO  [Thread-13] root: Message sent by server -> Status: PROPAGATE_SUCCESS
Starting commModule
2021-03-18 22:34:51,904 INFO  [Thread-0] root: Server communication module connected
2021-03-18 22:34:51,905 INFO  [Thread-0] root: Connected to localhost on port 52650
Starting commModule
2021-03-18 22:34:51,945 INFO  [Thread-0] root: Server communication module connected
2021-03-18 22:34:51,946 INFO  [Thread-0] root: Connected to localhost on port 52654
2021-03-18 22:34:51,950 INFO  [Thread-15] root: Message received by server -> Status: PROPAGATE
2021-03-18 22:34:51,950 DEBUG [Thread-15] root: In serve
2021-03-18 22:34:51,950 DEBUG [Thread-15] root: Checking if stopped or write locked
2021-03-18 22:34:51,950 DEBUG [Thread-15] root: Case propagate
2021-03-18 22:34:51,950 DEBUG [Thread-15] root: Passing to server
2021-03-18 22:34:51,950 DEBUG [Thread-15] root: Getting Predecessors
2021-03-18 22:34:51,950 DEBUG [Thread-15] root: Looking for 127.0.0.1:50017
2021-03-18 22:34:51,950 DEBUG [Thread-15] root: [127.0.0.1:50048, 127.0.0.1:50140, 127.0.0.1:50017]
2021-03-18 22:34:51,951 DEBUG [Thread-15] root: Predecessors:
2021-03-18 22:34:51,951 DEBUG [Thread-15] root: [127.0.0.1:50048, 127.0.0.1:50140]
2021-03-18 22:34:51,951 DEBUG [Thread-15] root: Looking for 127.0.0.1:50048
2021-03-18 22:34:51,951 DEBUG [Thread-15] root: Index of predecessor: 0
2021-03-18 22:34:51,951 DEBUG [Thread-15] root: Server Stuff
2021-03-18 22:34:51,951 INFO  [Thread-15] root: Put: key = 1, value = 1
2021-03-18 22:34:51,952 INFO  [Thread-15] root: Message sent by server -> Status: PROPAGATE_SUCCESS Key: null Value: null
2021-03-18 22:34:52,575 DEBUG [Thread-0-SendThread(localhost:2181)] org.apache.zookeeper.ClientCnxn: Got ping response for session id: 0x10014bd52700074 after 1ms.
2021-03-18 22:34:53,908 DEBUG [Thread-0-SendThread(localhost:2181)] org.apache.zookeeper.ClientCnxn: Got ping response for session id: 0x10014bd52700074 after 1ms.
2021-03-18 22:34:55,242 DEBUG [Thread-0-SendThread(localhost:2181)] org.apache.zookeeper.ClientCnxn: Got ping response for session id: 0x10014bd52700074 after 0ms.
2021-03-18 22:34:56,578 DEBUG [Thread-0-SendThread(localhost:2181)] org.apache.zookeeper.ClientCnxn: Got ping response for session id: 0x10014bd52700074 after 0ms.
2021-03-18 22:34:57,915 DEBUG [Thread-0-SendThread(localhost:2181)] org.apache.zookeeper.ClientCnxn: Got ping response for session id: 0x10014bd52700074 after 0ms.
2021-03-18 22:34:59,252 DEBUG [Thread-0-SendThread(localhost:2181)] org.apache.zookeeper.ClientCnxn: Got ping response for session id: 0x10014bd52700074 after 0ms.
2021-03-18 22:35:00,586 DEBUG [Thread-0-SendThread(localhost:2181)] org.apache.zookeeper.ClientCnxn: Got ping response for session id: 0x10014bd52700074 after 1ms.
2021-03-18 22:35:01,923 DEBUG [Thread-0-SendThread(localhost:2181)] org.apache.zookeeper.ClientCnxn: Got ping response for session id: 0x10014bd52700074 after 0ms.
2021-03-18 22:35:03,261 DEBUG [Thread-0-SendThread(localhost:2181)] org.apache.zookeeper.ClientCnxn: Got ping response for session id: 0x10014bd52700074 after 1ms.
2021-03-18 22:35:04,597 DEBUG [Thread-0-SendThread(localhost:2181)] org.apache.zookeeper.ClientCnxn: Got ping response for session id: 0x10014bd52700074 after 1ms.
2021-03-18 22:35:05,934 DEBUG [Thread-0-SendThread(localhost:2181)] org.apache.zookeeper.ClientCnxn: Got ping response for session id: 0x10014bd52700074 after 1ms.
2021-03-18 22:35:07,269 DEBUG [Thread-0-SendThread(localhost:2181)] org.apache.zookeeper.ClientCnxn: Got ping response for session id: 0x10014bd52700074 after 0ms.
2021-03-18 22:35:08,607 DEBUG [Thread-0-SendThread(localhost:2181)] org.apache.zookeeper.ClientCnxn: Got ping response for session id: 0x10014bd52700074 after 0ms.
2021-03-18 22:35:09,946 DEBUG [Thread-0-SendThread(localhost:2181)] org.apache.zookeeper.ClientCnxn: Got ping response for session id: 0x10014bd52700074 after 1ms.
2021-03-18 22:35:11,284 DEBUG [Thread-0-SendThread(localhost:2181)] org.apache.zookeeper.ClientCnxn: Got ping response for session id: 0x10014bd52700074 after 2ms.
2021-03-18 22:35:12,619 DEBUG [Thread-0-SendThread(localhost:2181)] org.apache.zookeeper.ClientCnxn: Got ping response for session id: 0x10014bd52700074 after 0ms.
2021-03-18 22:35:13,953 DEBUG [Thread-0-SendThread(localhost:2181)] org.apache.zookeeper.ClientCnxn: Got ping response for session id: 0x10014bd52700074 after 1ms.
2021-03-18 22:35:15,287 DEBUG [Thread-0-SendThread(localhost:2181)] org.apache.zookeeper.ClientCnxn: Got ping response for session id: 0x10014bd52700074 after 0ms.
2021-03-18 22:35:16,624 DEBUG [Thread-0-SendThread(localhost:2181)] org.apache.zookeeper.ClientCnxn: Got ping response for session id: 0x10014bd52700074 after 0ms.
2021-03-18 22:35:17,959 DEBUG [Thread-0-SendThread(localhost:2181)] org.apache.zookeeper.ClientCnxn: Got ping response for session id: 0x10014bd52700074 after 1ms.
2021-03-18 22:35:19,293 DEBUG [Thread-0-SendThread(localhost:2181)] org.apache.zookeeper.ClientCnxn: Got ping response for session id: 0x10014bd52700074 after 0ms.
2021-03-18 22:35:20,629 DEBUG [Thread-0-SendThread(localhost:2181)] org.apache.zookeeper.ClientCnxn: Got ping response for session id: 0x10014bd52700074 after 1ms.
2021-03-18 22:35:21,965 DEBUG [Thread-0-SendThread(localhost:2181)] org.apache.zookeeper.ClientCnxn: Got ping response for session id: 0x10014bd52700074 after 1ms.
2021-03-18 22:35:23,299 DEBUG [Thread-0-SendThread(localhost:2181)] org.apache.zookeeper.ClientCnxn: Got ping response for session id: 0x10014bd52700074 after 1ms.
2021-03-18 22:35:24,636 DEBUG [Thread-0-SendThread(localhost:2181)] org.apache.zookeeper.ClientCnxn: Got ping response for session id: 0x10014bd52700074 after 1ms.
2021-03-18 22:35:25,974 DEBUG [Thread-0-SendThread(localhost:2181)] org.apache.zookeeper.ClientCnxn: Got ping response for session id: 0x10014bd52700074 after 0ms.
2021-03-18 22:35:27,313 DEBUG [Thread-0-SendThread(localhost:2181)] org.apache.zookeeper.ClientCnxn: Got ping response for session id: 0x10014bd52700074 after 1ms.
2021-03-18 22:35:28,648 DEBUG [Thread-0-SendThread(localhost:2181)] org.apache.zookeeper.ClientCnxn: Got ping response for session id: 0x10014bd52700074 after 0ms.
2021-03-18 22:35:29,981 DEBUG [Thread-0-SendThread(localhost:2181)] org.apache.zookeeper.ClientCnxn: Got ping response for session id: 0x10014bd52700074 after 0ms.
2021-03-18 22:35:31,319 DEBUG [Thread-0-SendThread(localhost:2181)] org.apache.zookeeper.ClientCnxn: Got ping response for session id: 0x10014bd52700074 after 0ms.
2021-03-18 22:35:32,655 DEBUG [Thread-0-SendThread(localhost:2181)] org.apache.zookeeper.ClientCnxn: Got ping response for session id: 0x10014bd52700074 after 0ms.
2021-03-18 22:35:33,991 DEBUG [Thread-0-SendThread(localhost:2181)] org.apache.zookeeper.ClientCnxn: Got ping response for session id: 0x10014bd52700074 after 1ms.
2021-03-18 22:35:35,331 DEBUG [Thread-0-SendThread(localhost:2181)] org.apache.zookeeper.ClientCnxn: Got ping response for session id: 0x10014bd52700074 after 1ms.
2021-03-18 22:35:36,669 DEBUG [Thread-0-SendThread(localhost:2181)] org.apache.zookeeper.ClientCnxn: Got ping response for session id: 0x10014bd52700074 after 1ms.
2021-03-18 22:35:38,003 DEBUG [Thread-0-SendThread(localhost:2181)] org.apache.zookeeper.ClientCnxn: Got ping response for session id: 0x10014bd52700074 after 1ms.
2021-03-18 22:35:39,341 DEBUG [Thread-0-SendThread(localhost:2181)] org.apache.zookeeper.ClientCnxn: Got ping response for session id: 0x10014bd52700074 after 1ms.
2021-03-18 22:35:40,677 DEBUG [Thread-0-SendThread(localhost:2181)] org.apache.zookeeper.ClientCnxn: Got ping response for session id: 0x10014bd52700074 after 0ms.
2021-03-18 22:35:42,010 DEBUG [Thread-0-SendThread(localhost:2181)] org.apache.zookeeper.ClientCnxn: Got ping response for session id: 0x10014bd52700074 after 0ms.
2021-03-18 22:35:43,346 DEBUG [Thread-0-SendThread(localhost:2181)] org.apache.zookeeper.ClientCnxn: Got ping response for session id: 0x10014bd52700074 after 1ms.
2021-03-18 22:35:44,683 DEBUG [Thread-0-SendThread(localhost:2181)] org.apache.zookeeper.ClientCnxn: Got ping response for session id: 0x10014bd52700074 after 1ms.
2021-03-18 22:35:46,019 DEBUG [Thread-0-SendThread(localhost:2181)] org.apache.zookeeper.ClientCnxn: Got ping response for session id: 0x10014bd52700074 after 1ms.
2021-03-18 22:35:47,369 DEBUG [Thread-0-SendThread(localhost:2181)] org.apache.zookeeper.ClientCnxn: Got ping response for session id: 0x10014bd52700074 after 0ms.
2021-03-18 22:35:48,708 DEBUG [Thread-0-SendThread(localhost:2181)] org.apache.zookeeper.ClientCnxn: Got ping response for session id: 0x10014bd52700074 after 0ms.
2021-03-18 22:35:50,041 DEBUG [Thread-0-SendThread(localhost:2181)] org.apache.zookeeper.ClientCnxn: Got ping response for session id: 0x10014bd52700074 after 0ms.
2021-03-18 22:35:51,378 DEBUG [Thread-0-SendThread(localhost:2181)] org.apache.zookeeper.ClientCnxn: Got ping response for session id: 0x10014bd52700074 after 0ms.
2021-03-18 22:35:52,712 DEBUG [Thread-0-SendThread(localhost:2181)] org.apache.zookeeper.ClientCnxn: Got ping response for session id: 0x10014bd52700074 after 0ms.
2021-03-18 22:35:54,046 DEBUG [Thread-0-SendThread(localhost:2181)] org.apache.zookeeper.ClientCnxn: Got ping response for session id: 0x10014bd52700074 after 0ms.
2021-03-18 22:35:55,384 DEBUG [Thread-0-SendThread(localhost:2181)] org.apache.zookeeper.ClientCnxn: Got ping response for session id: 0x10014bd52700074 after 1ms.
2021-03-18 22:35:56,720 DEBUG [Thread-0-SendThread(localhost:2181)] org.apache.zookeeper.ClientCnxn: Got ping response for session id: 0x10014bd52700074 after 1ms.
2021-03-18 22:35:58,057 DEBUG [Thread-0-SendThread(localhost:2181)] org.apache.zookeeper.ClientCnxn: Got ping response for session id: 0x10014bd52700074 after 1ms.
2021-03-18 22:35:59,392 DEBUG [Thread-0-SendThread(localhost:2181)] org.apache.zookeeper.ClientCnxn: Got ping response for session id: 0x10014bd52700074 after 0ms.
2021-03-18 22:36:00,728 DEBUG [Thread-0-SendThread(localhost:2181)] org.apache.zookeeper.ClientCnxn: Got ping response for session id: 0x10014bd52700074 after 0ms.
2021-03-18 22:36:02,063 DEBUG [Thread-0-SendThread(localhost:2181)] org.apache.zookeeper.ClientCnxn: Got ping response for session id: 0x10014bd52700074 after 1ms.
2021-03-18 22:36:03,399 DEBUG [Thread-0-SendThread(localhost:2181)] org.apache.zookeeper.ClientCnxn: Got ping response for session id: 0x10014bd52700074 after 0ms.
2021-03-18 22:36:04,736 DEBUG [Thread-0-SendThread(localhost:2181)] org.apache.zookeeper.ClientCnxn: Got ping response for session id: 0x10014bd52700074 after 1ms.
2021-03-18 22:36:06,070 DEBUG [Thread-0-SendThread(localhost:2181)] org.apache.zookeeper.ClientCnxn: Got ping response for session id: 0x10014bd52700074 after 0ms.
2021-03-18 22:36:07,405 DEBUG [Thread-0-SendThread(localhost:2181)] org.apache.zookeeper.ClientCnxn: Got ping response for session id: 0x10014bd52700074 after 0ms.
2021-03-18 22:36:08,741 DEBUG [Thread-0-SendThread(localhost:2181)] org.apache.zookeeper.ClientCnxn: Got ping response for session id: 0x10014bd52700074 after 0ms.
2021-03-18 22:36:10,079 DEBUG [Thread-0-SendThread(localhost:2181)] org.apache.zookeeper.ClientCnxn: Got ping response for session id: 0x10014bd52700074 after 0ms.
2021-03-18 22:36:11,413 DEBUG [Thread-0-SendThread(localhost:2181)] org.apache.zookeeper.ClientCnxn: Got ping response for session id: 0x10014bd52700074 after 1ms.
2021-03-18 22:36:12,748 DEBUG [Thread-0-SendThread(localhost:2181)] org.apache.zookeeper.ClientCnxn: Got ping response for session id: 0x10014bd52700074 after 0ms.
2021-03-18 22:36:14,086 DEBUG [Thread-0-SendThread(localhost:2181)] org.apache.zookeeper.ClientCnxn: Got ping response for session id: 0x10014bd52700074 after 1ms.
2021-03-18 22:36:15,422 DEBUG [Thread-0-SendThread(localhost:2181)] org.apache.zookeeper.ClientCnxn: Got ping response for session id: 0x10014bd52700074 after 0ms.
2021-03-18 22:36:16,758 DEBUG [Thread-0-SendThread(localhost:2181)] org.apache.zookeeper.ClientCnxn: Got ping response for session id: 0x10014bd52700074 after 1ms.
2021-03-18 22:36:18,096 DEBUG [Thread-0-SendThread(localhost:2181)] org.apache.zookeeper.ClientCnxn: Got ping response for session id: 0x10014bd52700074 after 0ms.
2021-03-18 22:36:19,432 DEBUG [Thread-0-SendThread(localhost:2181)] org.apache.zookeeper.ClientCnxn: Got ping response for session id: 0x10014bd52700074 after 0ms.
2021-03-18 22:36:20,769 DEBUG [Thread-0-SendThread(localhost:2181)] org.apache.zookeeper.ClientCnxn: Got ping response for session id: 0x10014bd52700074 after 0ms.
2021-03-18 22:36:22,103 DEBUG [Thread-0-SendThread(localhost:2181)] org.apache.zookeeper.ClientCnxn: Got ping response for session id: 0x10014bd52700074 after 0ms.
2021-03-18 22:36:23,440 DEBUG [Thread-0-SendThread(localhost:2181)] org.apache.zookeeper.ClientCnxn: Got ping response for session id: 0x10014bd52700074 after 0ms.
2021-03-18 22:36:24,776 DEBUG [Thread-0-SendThread(localhost:2181)] org.apache.zookeeper.ClientCnxn: Got ping response for session id: 0x10014bd52700074 after 0ms.
2021-03-18 22:36:26,113 DEBUG [Thread-0-SendThread(localhost:2181)] org.apache.zookeeper.ClientCnxn: Got ping response for session id: 0x10014bd52700074 after 1ms.
2021-03-18 22:36:27,450 DEBUG [Thread-0-SendThread(localhost:2181)] org.apache.zookeeper.ClientCnxn: Got ping response for session id: 0x10014bd52700074 after 0ms.
2021-03-18 22:36:28,786 DEBUG [Thread-0-SendThread(localhost:2181)] org.apache.zookeeper.ClientCnxn: Got ping response for session id: 0x10014bd52700074 after 1ms.
2021-03-18 22:36:30,123 DEBUG [Thread-0-SendThread(localhost:2181)] org.apache.zookeeper.ClientCnxn: Got ping response for session id: 0x10014bd52700074 after 0ms.
2021-03-18 22:36:31,458 DEBUG [Thread-0-SendThread(localhost:2181)] org.apache.zookeeper.ClientCnxn: Got ping response for session id: 0x10014bd52700074 after 0ms.
2021-03-18 22:36:32,792 DEBUG [Thread-0-SendThread(localhost:2181)] org.apache.zookeeper.ClientCnxn: Got ping response for session id: 0x10014bd52700074 after 0ms.
2021-03-18 22:36:34,126 DEBUG [Thread-0-SendThread(localhost:2181)] org.apache.zookeeper.ClientCnxn: Got ping response for session id: 0x10014bd52700074 after 1ms.
2021-03-18 22:36:35,464 DEBUG [Thread-0-SendThread(localhost:2181)] org.apache.zookeeper.ClientCnxn: Got ping response for session id: 0x10014bd52700074 after 0ms.
2021-03-18 22:36:36,803 DEBUG [Thread-0-SendThread(localhost:2181)] org.apache.zookeeper.ClientCnxn: Got ping response for session id: 0x10014bd52700074 after 0ms.
2021-03-18 22:36:38,137 DEBUG [Thread-0-SendThread(localhost:2181)] org.apache.zookeeper.ClientCnxn: Got ping response for session id: 0x10014bd52700074 after 0ms.
2021-03-18 22:36:39,475 DEBUG [Thread-0-SendThread(localhost:2181)] org.apache.zookeeper.ClientCnxn: Got ping response for session id: 0x10014bd52700074 after 1ms.
2021-03-18 22:36:40,808 DEBUG [Thread-0-SendThread(localhost:2181)] org.apache.zookeeper.ClientCnxn: Got ping response for session id: 0x10014bd52700074 after 0ms.
2021-03-18 22:36:42,146 DEBUG [Thread-0-SendThread(localhost:2181)] org.apache.zookeeper.ClientCnxn: Got ping response for session id: 0x10014bd52700074 after 0ms.
2021-03-18 22:36:43,481 DEBUG [Thread-0-SendThread(localhost:2181)] org.apache.zookeeper.ClientCnxn: Got ping response for session id: 0x10014bd52700074 after 0ms.
2021-03-18 22:36:44,815 DEBUG [Thread-0-SendThread(localhost:2181)] org.apache.zookeeper.ClientCnxn: Got ping response for session id: 0x10014bd52700074 after 0ms.
2021-03-18 22:36:46,152 DEBUG [Thread-0-SendThread(localhost:2181)] org.apache.zookeeper.ClientCnxn: Got ping response for session id: 0x10014bd52700074 after 1ms.
2021-03-18 22:36:47,486 DEBUG [Thread-0-SendThread(localhost:2181)] org.apache.zookeeper.ClientCnxn: Got ping response for session id: 0x10014bd52700074 after 0ms.
2021-03-18 22:36:48,825 DEBUG [Thread-0-SendThread(localhost:2181)] org.apache.zookeeper.ClientCnxn: Got ping response for session id: 0x10014bd52700074 after 1ms.
2021-03-18 22:36:50,159 DEBUG [Thread-0-SendThread(localhost:2181)] org.apache.zookeeper.ClientCnxn: Got ping response for session id: 0x10014bd52700074 after 0ms.
2021-03-18 22:36:51,494 DEBUG [Thread-0-SendThread(localhost:2181)] org.apache.zookeeper.ClientCnxn: Got ping response for session id: 0x10014bd52700074 after 0ms.
2021-03-18 22:36:52,831 DEBUG [Thread-0-SendThread(localhost:2181)] org.apache.zookeeper.ClientCnxn: Got ping response for session id: 0x10014bd52700074 after 0ms.
2021-03-18 22:36:54,168 DEBUG [Thread-0-SendThread(localhost:2181)] org.apache.zookeeper.ClientCnxn: Got ping response for session id: 0x10014bd52700074 after 0ms.
2021-03-18 22:36:55,506 DEBUG [Thread-0-SendThread(localhost:2181)] org.apache.zookeeper.ClientCnxn: Got ping response for session id: 0x10014bd52700074 after 1ms.
2021-03-18 22:36:56,843 DEBUG [Thread-0-SendThread(localhost:2181)] org.apache.zookeeper.ClientCnxn: Got ping response for session id: 0x10014bd52700074 after 0ms.
2021-03-18 22:36:58,180 DEBUG [Thread-0-SendThread(localhost:2181)] org.apache.zookeeper.ClientCnxn: Got ping response for session id: 0x10014bd52700074 after 0ms.
2021-03-18 22:36:59,518 DEBUG [Thread-0-SendThread(localhost:2181)] org.apache.zookeeper.ClientCnxn: Got ping response for session id: 0x10014bd52700074 after 0ms.
2021-03-18 22:37:00,853 DEBUG [Thread-0-SendThread(localhost:2181)] org.apache.zookeeper.ClientCnxn: Got ping response for session id: 0x10014bd52700074 after 0ms.
2021-03-18 22:37:02,189 DEBUG [Thread-0-SendThread(localhost:2181)] org.apache.zookeeper.ClientCnxn: Got ping response for session id: 0x10014bd52700074 after 0ms.
2021-03-18 22:37:03,527 DEBUG [Thread-0-SendThread(localhost:2181)] org.apache.zookeeper.ClientCnxn: Got ping response for session id: 0x10014bd52700074 after 2ms.
2021-03-18 22:37:04,864 DEBUG [Thread-0-SendThread(localhost:2181)] org.apache.zookeeper.ClientCnxn: Got ping response for session id: 0x10014bd52700074 after 0ms.
2021-03-18 22:37:06,201 DEBUG [Thread-0-SendThread(localhost:2181)] org.apache.zookeeper.ClientCnxn: Got ping response for session id: 0x10014bd52700074 after 1ms.
2021-03-18 22:37:07,538 DEBUG [Thread-0-SendThread(localhost:2181)] org.apache.zookeeper.ClientCnxn: Got ping response for session id: 0x10014bd52700074 after 0ms.
2021-03-18 22:37:08,875 DEBUG [Thread-0-SendThread(localhost:2181)] org.apache.zookeeper.ClientCnxn: Got ping response for session id: 0x10014bd52700074 after 0ms.
2021-03-18 22:37:10,209 DEBUG [Thread-0-SendThread(localhost:2181)] org.apache.zookeeper.ClientCnxn: Got ping response for session id: 0x10014bd52700074 after 0ms.
2021-03-18 22:37:11,548 DEBUG [Thread-0-SendThread(localhost:2181)] org.apache.zookeeper.ClientCnxn: Got ping response for session id: 0x10014bd52700074 after 0ms.
2021-03-18 22:37:12,886 DEBUG [Thread-0-SendThread(localhost:2181)] org.apache.zookeeper.ClientCnxn: Got ping response for session id: 0x10014bd52700074 after 1ms.
2021-03-18 22:37:14,219 DEBUG [Thread-0-SendThread(localhost:2181)] org.apache.zookeeper.ClientCnxn: Got ping response for session id: 0x10014bd52700074 after 0ms.
2021-03-18 22:37:15,553 DEBUG [Thread-0-SendThread(localhost:2181)] org.apache.zookeeper.ClientCnxn: Got ping response for session id: 0x10014bd52700074 after 0ms.
2021-03-18 22:37:16,886 DEBUG [Thread-0-SendThread(localhost:2181)] org.apache.zookeeper.ClientCnxn: Got ping response for session id: 0x10014bd52700074 after 1ms.
2021-03-18 22:37:18,224 DEBUG [Thread-0-SendThread(localhost:2181)] org.apache.zookeeper.ClientCnxn: Got ping response for session id: 0x10014bd52700074 after 0ms.
2021-03-18 22:37:19,564 DEBUG [Thread-0-SendThread(localhost:2181)] org.apache.zookeeper.ClientCnxn: Got ping response for session id: 0x10014bd52700074 after 1ms.
2021-03-18 22:37:20,902 DEBUG [Thread-0-SendThread(localhost:2181)] org.apache.zookeeper.ClientCnxn: Got ping response for session id: 0x10014bd52700074 after 0ms.
2021-03-18 22:37:22,237 DEBUG [Thread-0-SendThread(localhost:2181)] org.apache.zookeeper.ClientCnxn: Got ping response for session id: 0x10014bd52700074 after 0ms.
2021-03-18 22:37:23,575 DEBUG [Thread-0-SendThread(localhost:2181)] org.apache.zookeeper.ClientCnxn: Got ping response for session id: 0x10014bd52700074 after 4ms.
2021-03-18 22:37:24,908 DEBUG [Thread-0-SendThread(localhost:2181)] org.apache.zookeeper.ClientCnxn: Got ping response for session id: 0x10014bd52700074 after 0ms.
2021-03-18 22:37:26,242 DEBUG [Thread-0-SendThread(localhost:2181)] org.apache.zookeeper.ClientCnxn: Got ping response for session id: 0x10014bd52700074 after 0ms.
2021-03-18 22:37:27,578 DEBUG [Thread-0-SendThread(localhost:2181)] org.apache.zookeeper.ClientCnxn: Got ping response for session id: 0x10014bd52700074 after 0ms.
Starting commModule
2021-03-18 22:37:27,826 INFO  [Thread-0] root: Server communication module connected
2021-03-18 22:37:27,827 INFO  [Thread-16] root: Message received by server -> Status: SHUTDOWN
received adminmsg
2021-03-18 22:37:27,827 DEBUG [Thread-16] root: Closing the program
2021-03-18 22:37:27,827 INFO  [Thread-16] root: Message sent by server -> Status: SHUTDOWN_SUCCESS
2021-03-18 22:37:27,828 INFO  [Thread-0] root: Connected to localhost on port 52681
2021-03-18 22:37:27,828 INFO  [Thread-0] root: Server stopped.
2021-03-18 22:37:27,828 INFO  [Thread-0] root: Clearing KV Storage...
