2021-03-19 16:18:31,441 INFO  [main] root: Creating Storage Files
2021-03-19 16:18:31,441 INFO  [main] root: File created: server16.json
2021-03-19 16:18:31,441 INFO  [main] root: File created: server16_replica_1.json
2021-03-19 16:18:31,442 INFO  [main] root: File created: server16_replica_2.json
2021-03-19 16:18:31,442 INFO  [Thread-0] root: Initialize server ...
2021-03-19 16:18:31,454 INFO  [Thread-0] root: Server listening on port: 50015
2021-03-19 16:18:31,473 INFO  [Thread-0] org.apache.zookeeper.ZooKeeper: Client environment:zookeeper.version=3.6.2--803c7f1a12f85978cb049af5e4ef23bd8b688715, built on 09/04/2020 12:44 GMT
2021-03-19 16:18:31,474 INFO  [Thread-0] org.apache.zookeeper.ZooKeeper: Client environment:host.name=localhost
2021-03-19 16:18:31,474 INFO  [Thread-0] org.apache.zookeeper.ZooKeeper: Client environment:java.version=11.0.10
2021-03-19 16:18:31,474 INFO  [Thread-0] org.apache.zookeeper.ZooKeeper: Client environment:java.vendor=Azul Systems, Inc.
2021-03-19 16:18:31,474 INFO  [Thread-0] org.apache.zookeeper.ZooKeeper: Client environment:java.home=/Users/steve/Library/Java/JavaVirtualMachines/azul-11.0.10/Contents/Home
2021-03-19 16:18:31,474 INFO  [Thread-0] org.apache.zookeeper.ZooKeeper: Client environment:java.class.path=/Users/steve/Desktop/UofT/year4/winter2021/ECE419/milestone3/m3-server.jar
2021-03-19 16:18:31,474 INFO  [Thread-0] org.apache.zookeeper.ZooKeeper: Client environment:java.library.path=/Users/steve/Library/Java/Extensions:/Library/Java/Extensions:/Network/Library/Java/Extensions:/System/Library/Java/Extensions:/usr/lib/java:.
2021-03-19 16:18:31,474 INFO  [Thread-0] org.apache.zookeeper.ZooKeeper: Client environment:java.io.tmpdir=/var/folders/kz/3gb57nkn6ks6_07_dtt5lqvr0000gn/T/
2021-03-19 16:18:31,474 INFO  [Thread-0] org.apache.zookeeper.ZooKeeper: Client environment:java.compiler=<NA>
2021-03-19 16:18:31,474 INFO  [Thread-0] org.apache.zookeeper.ZooKeeper: Client environment:os.name=Mac OS X
2021-03-19 16:18:31,474 INFO  [Thread-0] org.apache.zookeeper.ZooKeeper: Client environment:os.arch=x86_64
2021-03-19 16:18:31,474 INFO  [Thread-0] org.apache.zookeeper.ZooKeeper: Client environment:os.version=10.16
2021-03-19 16:18:31,474 INFO  [Thread-0] org.apache.zookeeper.ZooKeeper: Client environment:user.name=steve
2021-03-19 16:18:31,474 INFO  [Thread-0] org.apache.zookeeper.ZooKeeper: Client environment:user.home=/Users/steve
2021-03-19 16:18:31,474 INFO  [Thread-0] org.apache.zookeeper.ZooKeeper: Client environment:user.dir=/Users/steve
2021-03-19 16:18:31,474 INFO  [Thread-0] org.apache.zookeeper.ZooKeeper: Client environment:os.memory.free=249MB
2021-03-19 16:18:31,474 INFO  [Thread-0] org.apache.zookeeper.ZooKeeper: Client environment:os.memory.max=4096MB
2021-03-19 16:18:31,474 INFO  [Thread-0] org.apache.zookeeper.ZooKeeper: Client environment:os.memory.total=256MB
2021-03-19 16:18:31,477 INFO  [Thread-0] org.apache.zookeeper.ZooKeeper: Initiating client connection, connectString=localhost:2181 sessionTimeout=3000 watcher=app_kvServer.KVServer$1@1b84e5c2
2021-03-19 16:18:31,480 INFO  [Thread-0] org.apache.zookeeper.common.X509Util: Setting -D jdk.tls.rejectClientInitiatedRenegotiation=true to disable client-initiated TLS renegotiation
2021-03-19 16:18:31,490 INFO  [Thread-0] org.apache.zookeeper.ClientCnxnSocket: jute.maxbuffer value is 1048575 Bytes
2021-03-19 16:18:31,496 INFO  [Thread-0] org.apache.zookeeper.ClientCnxn: zookeeper.request.timeout value is 0. feature enabled=false
2021-03-19 16:18:31,504 DEBUG [Thread-0-SendThread(localhost:2181)] org.apache.zookeeper.SaslServerPrincipal: Canonicalized address to localhost
2021-03-19 16:18:31,505 INFO  [Thread-0-SendThread(localhost:2181)] org.apache.zookeeper.ClientCnxn: Opening socket connection to server localhost/0:0:0:0:0:0:0:1:2181.
2021-03-19 16:18:31,506 INFO  [Thread-0-SendThread(localhost:2181)] org.apache.zookeeper.ClientCnxn: SASL config status: Will not attempt to authenticate using SASL (unknown error)
2021-03-19 16:18:31,519 INFO  [Thread-0-SendThread(localhost:2181)] org.apache.zookeeper.ClientCnxn: Socket connection established, initiating session, client: /0:0:0:0:0:0:0:1:62369, server: localhost/0:0:0:0:0:0:0:1:2181
2021-03-19 16:18:31,520 DEBUG [Thread-0-SendThread(localhost:2181)] org.apache.zookeeper.ClientCnxn: Session establishment request sent on localhost/0:0:0:0:0:0:0:1:2181
2021-03-19 16:18:31,550 TRACE [Thread-0-SendThread(localhost:2181)] org.apache.zookeeper.ClientCnxnSocket: readConnectResult 37 0x[0,0,0,0,0,0,f,ffffffa0,1,0,14,ffffffbd,52,70,1,ffffffe9,0,0,0,10,ffffff91,ffffffbd,6d,2e,fffffff2,ffffff90,ffffffd0,69,ffffffcc,6,4d,ffffff9a,ffffffc4,ffffff90,ffffff9a,ffffffe3,0,]
2021-03-19 16:18:31,552 INFO  [Thread-0-SendThread(localhost:2181)] org.apache.zookeeper.ClientCnxn: Session establishment complete on server localhost/0:0:0:0:0:0:0:1:2181, session id = 0x10014bd527001e9, negotiated timeout = 4000
2021-03-19 16:18:31,555 DEBUG [Thread-0-EventThread] root: ZK event: 
2021-03-19 16:18:31,555 DEBUG [Thread-0-EventThread] root: WatchedEvent state:SyncConnected type:None path:null
2021-03-19 16:18:31,584 DEBUG [Thread-0-SendThread(localhost:2181)] org.apache.zookeeper.ClientCnxn: Reading reply session id: 0x10014bd527001e9, packet:: clientPath:null serverPath:null finished:false header:: 1,1  replyHeader:: 1,1586,0  request:: '/keeper/server16,,v{s{31,s{'world,'anyone}}},1  response:: '/keeper/server16 
2021-03-19 16:18:31,589 DEBUG [Thread-0-SendThread(localhost:2181)] org.apache.zookeeper.ClientCnxn: Reading reply session id: 0x10014bd527001e9, packet:: clientPath:null serverPath:null finished:false header:: 2,3  replyHeader:: 2,1586,0  request:: '/keeper/server16,T  response:: s{1586,1586,1616185111556,1616185111556,0,0,0,72080397402374633,0,0,1586} 
2021-03-19 16:18:31,615 DEBUG [Thread-0-SendThread(localhost:2181)] org.apache.zookeeper.ClientCnxn: Got notification session id: 0x10014bd527001e9
2021-03-19 16:18:31,617 DEBUG [Thread-0-SendThread(localhost:2181)] org.apache.zookeeper.ClientCnxn: Got WatchedEvent state:SyncConnected type:NodeDataChanged path:/keeper/server16 for session id 0x10014bd527001e9
2021-03-19 16:18:31,619 DEBUG [Thread-0-EventThread] root: ZK event: 
2021-03-19 16:18:31,619 DEBUG [Thread-0-EventThread] root: WatchedEvent state:SyncConnected type:NodeDataChanged path:/keeper/server16
2021-03-19 16:18:31,620 DEBUG [Thread-0-SendThread(localhost:2181)] org.apache.zookeeper.ClientCnxn: Reading reply session id: 0x10014bd527001e9, packet:: clientPath:null serverPath:null finished:false header:: 3,5  replyHeader:: 3,1587,0  request:: '/keeper/server16,#3132372e302e302e313a3530303135,0  response:: s{1586,1587,1616185111556,1616185111590,1,0,0,72080397402374633,15,0,1586} 
2021-03-19 16:18:31,620 INFO  [Thread-0] root: Node created at: /keeper/server16
Starting commModule
2021-03-19 16:18:31,627 INFO  [Thread-0] root: Server communication module connected
2021-03-19 16:18:31,628 INFO  [Thread-0] root: Connected to localhost on port 62370
2021-03-19 16:18:31,637 INFO  [Thread-1] root: Message received by server -> Status: INIT_SERVER
received adminmsg
2021-03-19 16:18:31,638 INFO  [Thread-1] root: Message sent by server -> Status: INIT_SERVER_SUCCESS
2021-03-19 16:18:31,638 INFO  [Thread-1] root: Message received by server -> Status: START
received adminmsg
2021-03-19 16:18:31,638 INFO  [Thread-1] root: Message sent by server -> Status: START_SUCCESS
Starting commModule
2021-03-19 16:18:31,653 INFO  [Thread-0] root: Server communication module connected
2021-03-19 16:18:31,654 INFO  [Thread-0] root: Connected to localhost on port 62377
Starting commModule
2021-03-19 16:18:31,656 INFO  [Thread-0] root: Server communication module connected
2021-03-19 16:18:31,657 INFO  [Thread-0] root: Connected to localhost on port 62379
Starting commModule
2021-03-19 16:18:31,666 INFO  [Thread-0] root: Server communication module connected
2021-03-19 16:18:31,667 INFO  [Thread-0] root: Connected to localhost on port 62388
Starting commModule
2021-03-19 16:18:31,678 INFO  [Thread-0] root: Server communication module connected
2021-03-19 16:18:31,678 INFO  [Thread-0] root: Connected to localhost on port 62393
2021-03-19 16:18:31,679 INFO  [Thread-5] root: Message received by server -> Status: UPDATE
received adminmsg
2021-03-19 16:18:31,680 INFO  [Thread-5] root: Message sent by server -> Status: UPDATE_SUCCESS
Starting commModule
2021-03-19 16:18:31,684 INFO  [Thread-0] root: Server communication module connected
2021-03-19 16:18:31,684 INFO  [Thread-0] root: Connected to localhost on port 62396
Starting commModule
2021-03-19 16:18:31,687 INFO  [Thread-0] root: Server communication module connected
2021-03-19 16:18:31,688 INFO  [Thread-0] root: Connected to localhost on port 62398
Starting commModule
2021-03-19 16:18:31,696 INFO  [Thread-0] root: Server communication module connected
2021-03-19 16:18:31,697 INFO  [Thread-0] root: Connected to localhost on port 62406
2021-03-19 16:18:31,698 INFO  [Thread-8] root: Message received by server -> Status: PROPAGATE_ADMIN
received adminmsg
2021-03-19 16:18:31,702 DEBUG [Thread-8] root: Getting successors
2021-03-19 16:18:31,703 DEBUG [Thread-8] root: Got successors
2021-03-19 16:18:31,703 DEBUG [Thread-8] root: Propagating to: 127.0.0.1:50025 127.0.0.1:50126
2021-03-19 16:18:31,705 INFO  [Thread-8] root: Client communication module connected
2021-03-19 16:18:31,706 INFO  [Thread-8] root: Client communication module connected
2021-03-19 16:18:31,706 DEBUG [Thread-8] root: {}
2021-03-19 16:18:31,706 INFO  [Thread-8] root: Message sent by server -> Status: PROPAGATE_SUCCESS
Starting commModule
2021-03-19 16:18:32,192 INFO  [Thread-0] root: Server communication module connected
2021-03-19 16:18:32,193 INFO  [Thread-0] root: Connected to localhost on port 62416
2021-03-19 16:18:32,193 INFO  [Thread-9] root: Message received by server -> Status: UPDATE
received adminmsg
2021-03-19 16:18:32,194 INFO  [Thread-9] root: Message sent by server -> Status: UPDATE_SUCCESS
Starting commModule
2021-03-19 16:18:32,197 INFO  [Thread-0] root: Server communication module connected
2021-03-19 16:18:32,197 INFO  [Thread-0] root: Connected to localhost on port 62419
Starting commModule
2021-03-19 16:18:32,200 INFO  [Thread-0] root: Server communication module connected
2021-03-19 16:18:32,200 INFO  [Thread-0] root: Connected to localhost on port 62421
Starting commModule
2021-03-19 16:18:32,208 INFO  [Thread-0] root: Server communication module connected
2021-03-19 16:18:32,209 INFO  [Thread-0] root: Connected to localhost on port 62429
2021-03-19 16:18:32,210 INFO  [Thread-12] root: Message received by server -> Status: PROPAGATE_ADMIN
received adminmsg
2021-03-19 16:18:32,211 DEBUG [Thread-12] root: Getting successors
2021-03-19 16:18:32,211 DEBUG [Thread-12] root: Got successors
2021-03-19 16:18:32,211 DEBUG [Thread-12] root: Propagating to: 127.0.0.1:50003 127.0.0.1:50025
2021-03-19 16:18:32,211 INFO  [Thread-12] root: Client communication module connected
2021-03-19 16:18:32,212 INFO  [Thread-12] root: Client communication module connected
2021-03-19 16:18:32,212 DEBUG [Thread-12] root: {}
2021-03-19 16:18:32,213 INFO  [Thread-12] root: Message sent by server -> Status: PROPAGATE_SUCCESS
Starting commModule
2021-03-19 16:18:32,227 INFO  [Thread-0] root: Server communication module connected
2021-03-19 16:18:32,227 INFO  [Thread-0] root: Connected to localhost on port 62438
2021-03-19 16:18:32,228 INFO  [Thread-13] root: Message received by server -> Status: UPDATE
received adminmsg
2021-03-19 16:18:32,229 INFO  [Thread-13] root: Message sent by server -> Status: UPDATE_SUCCESS
Starting commModule
2021-03-19 16:18:32,236 INFO  [Thread-0] root: Server communication module connected
2021-03-19 16:18:32,236 INFO  [Thread-0] root: Connected to localhost on port 62442
Starting commModule
2021-03-19 16:18:32,238 INFO  [Thread-0] root: Server communication module connected
2021-03-19 16:18:32,239 INFO  [Thread-0] root: Connected to localhost on port 62444
Starting commModule
2021-03-19 16:18:32,248 INFO  [Thread-0] root: Server communication module connected
2021-03-19 16:18:32,249 INFO  [Thread-0] root: Connected to localhost on port 62452
2021-03-19 16:18:32,250 INFO  [Thread-16] root: Message received by server -> Status: PROPAGATE_ADMIN
received adminmsg
2021-03-19 16:18:32,250 DEBUG [Thread-16] root: Getting successors
2021-03-19 16:18:32,251 DEBUG [Thread-16] root: Got successors
2021-03-19 16:18:32,251 DEBUG [Thread-16] root: Propagating to: 127.0.0.1:50003 127.0.0.1:50025
2021-03-19 16:18:32,251 INFO  [Thread-16] root: Client communication module connected
2021-03-19 16:18:32,252 INFO  [Thread-16] root: Client communication module connected
2021-03-19 16:18:32,252 DEBUG [Thread-16] root: {}
2021-03-19 16:18:32,252 INFO  [Thread-16] root: Message sent by server -> Status: PROPAGATE_SUCCESS
Starting commModule
2021-03-19 16:18:32,784 INFO  [Thread-0] root: Server communication module connected
2021-03-19 16:18:32,785 INFO  [Thread-0] root: Connected to localhost on port 62466
2021-03-19 16:18:32,786 INFO  [Thread-17] root: Message received by server -> Status: UPDATE
received adminmsg
2021-03-19 16:18:32,787 INFO  [Thread-17] root: Message sent by server -> Status: UPDATE_SUCCESS
Starting commModule
2021-03-19 16:18:32,793 INFO  [Thread-0] root: Server communication module connected
2021-03-19 16:18:32,794 INFO  [Thread-0] root: Connected to localhost on port 62470
Starting commModule
2021-03-19 16:18:32,796 INFO  [Thread-0] root: Server communication module connected
2021-03-19 16:18:32,797 INFO  [Thread-0] root: Connected to localhost on port 62472
Starting commModule
2021-03-19 16:18:32,805 INFO  [Thread-0] root: Server communication module connected
2021-03-19 16:18:32,805 INFO  [Thread-0] root: Connected to localhost on port 62480
2021-03-19 16:18:32,806 INFO  [Thread-20] root: Message received by server -> Status: PROPAGATE_ADMIN
received adminmsg
2021-03-19 16:18:32,806 DEBUG [Thread-20] root: Getting successors
2021-03-19 16:18:32,806 DEBUG [Thread-20] root: Got successors
2021-03-19 16:18:32,806 DEBUG [Thread-20] root: Propagating to: 127.0.0.1:50003 127.0.0.1:50112
2021-03-19 16:18:32,807 INFO  [Thread-20] root: Client communication module connected
2021-03-19 16:18:32,808 INFO  [Thread-20] root: Client communication module connected
2021-03-19 16:18:32,808 DEBUG [Thread-20] root: {}
2021-03-19 16:18:32,808 INFO  [Thread-20] root: Message sent by server -> Status: PROPAGATE_SUCCESS
Starting commModule
2021-03-19 16:18:32,826 INFO  [Thread-0] root: Server communication module connected
2021-03-19 16:18:32,827 INFO  [Thread-0] root: Connected to localhost on port 62492
2021-03-19 16:18:32,827 INFO  [Thread-21] root: Message received by server -> Status: UPDATE
received adminmsg
2021-03-19 16:18:32,828 INFO  [Thread-21] root: Message sent by server -> Status: UPDATE_SUCCESS
Starting commModule
2021-03-19 16:18:32,838 INFO  [Thread-0] root: Server communication module connected
2021-03-19 16:18:32,838 INFO  [Thread-0] root: Connected to localhost on port 62497
Starting commModule
2021-03-19 16:18:32,841 INFO  [Thread-0] root: Server communication module connected
2021-03-19 16:18:32,841 INFO  [Thread-0] root: Connected to localhost on port 62499
Starting commModule
2021-03-19 16:18:32,849 INFO  [Thread-0] root: Server communication module connected
2021-03-19 16:18:32,850 INFO  [Thread-0] root: Connected to localhost on port 62507
2021-03-19 16:18:32,851 INFO  [Thread-24] root: Message received by server -> Status: PROPAGATE_ADMIN
received adminmsg
2021-03-19 16:18:32,852 DEBUG [Thread-24] root: Getting successors
2021-03-19 16:18:32,852 DEBUG [Thread-24] root: Got successors
2021-03-19 16:18:32,852 DEBUG [Thread-24] root: Propagating to: 127.0.0.1:50003 127.0.0.1:50112
2021-03-19 16:18:32,853 INFO  [Thread-24] root: Client communication module connected
2021-03-19 16:18:32,854 INFO  [Thread-24] root: Client communication module connected
2021-03-19 16:18:32,855 DEBUG [Thread-24] root: {}
2021-03-19 16:18:32,856 INFO  [Thread-24] root: Message sent by server -> Status: PROPAGATE_SUCCESS
2021-03-19 16:18:32,925 DEBUG [Thread-0-SendThread(localhost:2181)] org.apache.zookeeper.ClientCnxn: Got ping response for session id: 0x10014bd527001e9 after 0ms.
Starting commModule
2021-03-19 16:18:33,384 INFO  [Thread-0] root: Server communication module connected
2021-03-19 16:18:33,384 INFO  [Thread-0] root: Connected to localhost on port 62523
2021-03-19 16:18:33,385 INFO  [Thread-25] root: Message received by server -> Status: UPDATE
received adminmsg
2021-03-19 16:18:33,385 INFO  [Thread-25] root: Message sent by server -> Status: UPDATE_SUCCESS
Starting commModule
2021-03-19 16:18:33,394 INFO  [Thread-0] root: Server communication module connected
2021-03-19 16:18:33,395 INFO  [Thread-0] root: Connected to localhost on port 62528
Starting commModule
2021-03-19 16:18:33,397 INFO  [Thread-0] root: Server communication module connected
2021-03-19 16:18:33,398 INFO  [Thread-0] root: Connected to localhost on port 62530
Starting commModule
2021-03-19 16:18:33,406 INFO  [Thread-0] root: Server communication module connected
2021-03-19 16:18:33,407 INFO  [Thread-0] root: Connected to localhost on port 62538
2021-03-19 16:18:33,407 INFO  [Thread-28] root: Message received by server -> Status: PROPAGATE_ADMIN
received adminmsg
2021-03-19 16:18:33,408 DEBUG [Thread-28] root: Getting successors
2021-03-19 16:18:33,408 DEBUG [Thread-28] root: Got successors
2021-03-19 16:18:33,408 DEBUG [Thread-28] root: Propagating to: 127.0.0.1:50092 127.0.0.1:50003
2021-03-19 16:18:33,408 INFO  [Thread-28] root: Client communication module connected
2021-03-19 16:18:33,409 INFO  [Thread-28] root: Client communication module connected
2021-03-19 16:18:33,409 DEBUG [Thread-28] root: {}
2021-03-19 16:18:33,409 INFO  [Thread-28] root: Message sent by server -> Status: PROPAGATE_SUCCESS
Starting commModule
2021-03-19 16:18:33,429 INFO  [Thread-0] root: Server communication module connected
2021-03-19 16:18:33,430 INFO  [Thread-0] root: Connected to localhost on port 62553
2021-03-19 16:18:33,431 INFO  [Thread-29] root: Message received by server -> Status: UPDATE
received adminmsg
2021-03-19 16:18:33,431 INFO  [Thread-29] root: Message sent by server -> Status: UPDATE_SUCCESS
Starting commModule
2021-03-19 16:18:33,443 INFO  [Thread-0] root: Server communication module connected
2021-03-19 16:18:33,443 INFO  [Thread-0] root: Connected to localhost on port 62559
Starting commModule
2021-03-19 16:18:33,445 INFO  [Thread-0] root: Server communication module connected
2021-03-19 16:18:33,446 INFO  [Thread-0] root: Connected to localhost on port 62561
Starting commModule
2021-03-19 16:18:33,454 INFO  [Thread-0] root: Server communication module connected
2021-03-19 16:18:33,455 INFO  [Thread-0] root: Connected to localhost on port 62569
2021-03-19 16:18:33,456 INFO  [Thread-32] root: Message received by server -> Status: PROPAGATE_ADMIN
received adminmsg
2021-03-19 16:18:33,456 DEBUG [Thread-32] root: Getting successors
2021-03-19 16:18:33,456 DEBUG [Thread-32] root: Got successors
2021-03-19 16:18:33,456 DEBUG [Thread-32] root: Propagating to: 127.0.0.1:50092 127.0.0.1:50003
2021-03-19 16:18:33,457 INFO  [Thread-32] root: Client communication module connected
2021-03-19 16:18:33,457 INFO  [Thread-32] root: Client communication module connected
2021-03-19 16:18:33,457 DEBUG [Thread-32] root: {}
2021-03-19 16:18:33,458 INFO  [Thread-32] root: Message sent by server -> Status: PROPAGATE_SUCCESS
Starting commModule
2021-03-19 16:18:33,670 INFO  [Thread-0] root: Server communication module connected
2021-03-19 16:18:33,671 INFO  [Thread-0] root: Connected to localhost on port 62599
2021-03-19 16:18:33,674 INFO  [Thread-33] root: Message received by server -> Status: GET_METADATA Key: nothing Value: nothing
2021-03-19 16:18:33,674 DEBUG [Thread-33] root: In serve
2021-03-19 16:18:33,674 DEBUG [Thread-33] root: Checking if stopped or write locked
2021-03-19 16:18:33,674 DEBUG [Thread-33] root: Case GET_METADATA
2021-03-19 16:18:33,692 INFO  [Thread-33] root: Message sent by server -> Status: GET_METADATA_SUCCESS Key: nothing Value: nothing
2021-03-19 16:18:33,693 INFO  [Thread-33] root: Message received by server -> Status: PUT Key: 7 Value: MNS7
2021-03-19 16:18:33,693 DEBUG [Thread-33] root: In serve
2021-03-19 16:18:33,693 DEBUG [Thread-33] root: Checking if stopped or write locked
2021-03-19 16:18:33,693 DEBUG [Thread-33] root: PUT request being served
2021-03-19 16:18:33,693 DEBUG [Thread-33] root: Checking if it's in range
2021-03-19 16:18:33,698 DEBUG [Thread-33] root: Got hostname and port -> 127.0.0.1:50015
2021-03-19 16:18:33,698 DEBUG [Thread-33] root: Got metadata range: 85ddbeae77d3dc962bfb48fdaadc7495:97afa5de704f8bf6297962a5f800476d
2021-03-19 16:18:33,698 DEBUG [Thread-33] root: 127.0.0.1:50126 -> 13b6d158f03306a6650174d3adf797ad:3f72e738a18e008de24dc31b1c10e52d
2021-03-19 16:18:33,698 DEBUG [Thread-33] root: 127.0.0.1:50115 -> 61ea39762561746102a66ebc0eea7bee:85ddbeae77d3dc962bfb48fdaadc7494
2021-03-19 16:18:33,698 DEBUG [Thread-33] root: 127.0.0.1:50015 -> 85ddbeae77d3dc962bfb48fdaadc7495:97afa5de704f8bf6297962a5f800476d
2021-03-19 16:18:33,698 DEBUG [Thread-33] root: 127.0.0.1:50025 -> dcb02541303d7b0586a5702052e3c057:13b6d158f03306a6650174d3adf797ac
2021-03-19 16:18:33,698 DEBUG [Thread-33] root: 127.0.0.1:50003 -> 9efa48c7a65ce701f7d47cdddd38f9b1:a98109598267087dfc364fae4cf24578
2021-03-19 16:18:33,698 DEBUG [Thread-33] root: 127.0.0.1:50112 -> a98109598267087dfc364fae4cf24579:dcb02541303d7b0586a5702052e3c056
2021-03-19 16:18:33,698 DEBUG [Thread-33] root: 127.0.0.1:50081 -> 3f72e738a18e008de24dc31b1c10e52e:61ea39762561746102a66ebc0eea7bed
2021-03-19 16:18:33,698 DEBUG [Thread-33] root: 127.0.0.1:50092 -> 97afa5de704f8bf6297962a5f800476e:9efa48c7a65ce701f7d47cdddd38f9b0
2021-03-19 16:18:33,699 DEBUG [Thread-33] root: Got range big ints
2021-03-19 16:18:33,699 DEBUG [Thread-33] root: Range start < range end
2021-03-19 16:18:33,699 DEBUG [Thread-33] root: Done with range check in server
2021-03-19 16:18:33,699 DEBUG [Thread-33] root: In range
2021-03-19 16:18:33,700 INFO  [Thread-33] root: Put: key = 7, value = MNS7
2021-03-19 16:18:33,702 DEBUG [Thread-33] root: Getting successors
2021-03-19 16:18:33,702 DEBUG [Thread-33] root: Got successors
2021-03-19 16:18:33,702 DEBUG [Thread-33] root: Propagating to: 127.0.0.1:50092 127.0.0.1:50003
2021-03-19 16:18:33,703 INFO  [Thread-33] root: Client communication module connected
2021-03-19 16:18:33,703 INFO  [Thread-33] root: Client communication module connected
2021-03-19 16:18:33,703 DEBUG [Thread-33] root: {"7":"MNS7"}
2021-03-19 16:18:33,705 INFO  [Thread-33] root: Message sent by client -> Status: PROPAGATE
2021-03-19 16:18:33,706 INFO  [Thread-33] root: Message sent by client -> Status: PROPAGATE
2021-03-19 16:18:33,715 INFO  [Thread-33] root: Message received by client -> Status: PROPAGATE_SUCCESS Key: null Value: null
2021-03-19 16:18:33,715 INFO  [Thread-33] root: Message received by client -> Status: PROPAGATE_SUCCESS Key: null Value: null
2021-03-19 16:18:33,716 INFO  [Thread-33] root: Message sent by server -> Status: PUT_SUCCESS Key: 7 Value: MNS7
Starting commModule
2021-03-19 16:18:33,745 INFO  [Thread-0] root: Server communication module connected
2021-03-19 16:18:33,746 INFO  [Thread-0] root: Connected to localhost on port 62607
2021-03-19 16:18:33,748 INFO  [Thread-34] root: Message received by server -> Status: PROPAGATE
2021-03-19 16:18:33,748 DEBUG [Thread-34] root: In serve
2021-03-19 16:18:33,748 DEBUG [Thread-34] root: Checking if stopped or write locked
2021-03-19 16:18:33,748 DEBUG [Thread-34] root: Case propagate
2021-03-19 16:18:33,748 DEBUG [Thread-34] root: Passing to server
2021-03-19 16:18:33,748 DEBUG [Thread-34] root: Getting Predecessors
2021-03-19 16:18:33,748 DEBUG [Thread-34] root: Looking for 127.0.0.1:50015
2021-03-19 16:18:33,748 DEBUG [Thread-34] root: [127.0.0.1:50025, 127.0.0.1:50126, 127.0.0.1:50081, 127.0.0.1:50115, 127.0.0.1:50015, 127.0.0.1:50092, 127.0.0.1:50003, 127.0.0.1:50112]
2021-03-19 16:18:33,748 DEBUG [Thread-34] root: Predecessors:
2021-03-19 16:18:33,748 DEBUG [Thread-34] root: [127.0.0.1:50081, 127.0.0.1:50115]
2021-03-19 16:18:33,749 DEBUG [Thread-34] root: Looking for 127.0.0.1:50081
2021-03-19 16:18:33,749 DEBUG [Thread-34] root: Index of predecessor: 0
2021-03-19 16:18:33,749 DEBUG [Thread-34] root: Server Stuff
2021-03-19 16:18:33,749 INFO  [Thread-34] root: Put: key = 9, value = MNS9
2021-03-19 16:18:33,750 INFO  [Thread-34] root: Message sent by server -> Status: PROPAGATE_SUCCESS Key: null Value: null
Starting commModule
2021-03-19 16:18:33,825 INFO  [Thread-0] root: Server communication module connected
2021-03-19 16:18:33,826 INFO  [Thread-0] root: Connected to localhost on port 62614
2021-03-19 16:18:33,827 INFO  [Thread-35] root: Message received by server -> Status: GET_METADATA Key: nothing Value: nothing
2021-03-19 16:18:33,827 DEBUG [Thread-35] root: In serve
2021-03-19 16:18:33,827 DEBUG [Thread-35] root: Checking if stopped or write locked
2021-03-19 16:18:33,827 DEBUG [Thread-35] root: Case GET_METADATA
2021-03-19 16:18:33,828 INFO  [Thread-35] root: Message sent by server -> Status: GET_METADATA_SUCCESS Key: nothing Value: nothing
2021-03-19 16:18:33,829 INFO  [Thread-35] root: Message received by server -> Status: GET Key: 7 Value: 
2021-03-19 16:18:33,829 DEBUG [Thread-35] root: In serve
2021-03-19 16:18:33,830 DEBUG [Thread-35] root: Checking if stopped or write locked
2021-03-19 16:18:33,830 DEBUG [Thread-35] root: Checking if it's in range
2021-03-19 16:18:33,830 DEBUG [Thread-35] root: Got hostname and port -> 127.0.0.1:50015
2021-03-19 16:18:33,830 DEBUG [Thread-35] root: Got metadata range: 3f72e738a18e008de24dc31b1c10e52e:97afa5de704f8bf6297962a5f800476d
2021-03-19 16:18:33,830 DEBUG [Thread-35] root: 127.0.0.1:50126 -> a98109598267087dfc364fae4cf24579:3f72e738a18e008de24dc31b1c10e52d
2021-03-19 16:18:33,830 DEBUG [Thread-35] root: 127.0.0.1:50115 -> 13b6d158f03306a6650174d3adf797ad:85ddbeae77d3dc962bfb48fdaadc7494
2021-03-19 16:18:33,830 DEBUG [Thread-35] root: 127.0.0.1:50015 -> 3f72e738a18e008de24dc31b1c10e52e:97afa5de704f8bf6297962a5f800476d
2021-03-19 16:18:33,830 DEBUG [Thread-35] root: 127.0.0.1:50025 -> 9efa48c7a65ce701f7d47cdddd38f9b1:13b6d158f03306a6650174d3adf797ac
2021-03-19 16:18:33,830 DEBUG [Thread-35] root: 127.0.0.1:50003 -> 85ddbeae77d3dc962bfb48fdaadc7495:a98109598267087dfc364fae4cf24578
2021-03-19 16:18:33,830 DEBUG [Thread-35] root: 127.0.0.1:50112 -> 97afa5de704f8bf6297962a5f800476e:dcb02541303d7b0586a5702052e3c056
2021-03-19 16:18:33,831 DEBUG [Thread-35] root: 127.0.0.1:50081 -> dcb02541303d7b0586a5702052e3c057:61ea39762561746102a66ebc0eea7bed
2021-03-19 16:18:33,831 DEBUG [Thread-35] root: 127.0.0.1:50092 -> 61ea39762561746102a66ebc0eea7bee:9efa48c7a65ce701f7d47cdddd38f9b0
2021-03-19 16:18:33,831 DEBUG [Thread-35] root: Got range big ints
2021-03-19 16:18:33,831 DEBUG [Thread-35] root: Range start < range end
2021-03-19 16:18:33,831 DEBUG [Thread-35] root: Done with range check in server
2021-03-19 16:18:33,831 INFO  [Thread-35] root: Get: key = 7
2021-03-19 16:18:33,832 INFO  [Thread-35] root: Message sent by server -> Status: GET_SUCCESS Key: 7 Value: MNS7
Starting commModule
2021-03-19 16:18:33,938 INFO  [Thread-0] root: Server communication module connected
2021-03-19 16:18:33,939 INFO  [Thread-0] root: Connected to localhost on port 62635
2021-03-19 16:18:33,940 INFO  [Thread-36] root: Message received by server -> Status: GET_METADATA Key: nothing Value: nothing
2021-03-19 16:18:33,940 DEBUG [Thread-36] root: In serve
2021-03-19 16:18:33,940 DEBUG [Thread-36] root: Checking if stopped or write locked
2021-03-19 16:18:33,940 DEBUG [Thread-36] root: Case GET_METADATA
2021-03-19 16:18:33,940 INFO  [Thread-36] root: Message sent by server -> Status: GET_METADATA_SUCCESS Key: nothing Value: nothing
2021-03-19 16:18:33,941 INFO  [Thread-36] root: Message received by server -> Status: PUT Key: 7 Value: null
2021-03-19 16:18:33,941 DEBUG [Thread-36] root: In serve
2021-03-19 16:18:33,941 DEBUG [Thread-36] root: Checking if stopped or write locked
2021-03-19 16:18:33,941 DEBUG [Thread-36] root: PUT request being served
2021-03-19 16:18:33,941 DEBUG [Thread-36] root: Checking if it's in range
2021-03-19 16:18:33,941 DEBUG [Thread-36] root: Got hostname and port -> 127.0.0.1:50015
2021-03-19 16:18:33,941 DEBUG [Thread-36] root: Got metadata range: 85ddbeae77d3dc962bfb48fdaadc7495:97afa5de704f8bf6297962a5f800476d
2021-03-19 16:18:33,941 DEBUG [Thread-36] root: 127.0.0.1:50126 -> 13b6d158f03306a6650174d3adf797ad:3f72e738a18e008de24dc31b1c10e52d
2021-03-19 16:18:33,941 DEBUG [Thread-36] root: 127.0.0.1:50115 -> 61ea39762561746102a66ebc0eea7bee:85ddbeae77d3dc962bfb48fdaadc7494
2021-03-19 16:18:33,941 DEBUG [Thread-36] root: 127.0.0.1:50015 -> 85ddbeae77d3dc962bfb48fdaadc7495:97afa5de704f8bf6297962a5f800476d
2021-03-19 16:18:33,941 DEBUG [Thread-36] root: 127.0.0.1:50025 -> dcb02541303d7b0586a5702052e3c057:13b6d158f03306a6650174d3adf797ac
2021-03-19 16:18:33,941 DEBUG [Thread-36] root: 127.0.0.1:50003 -> 9efa48c7a65ce701f7d47cdddd38f9b1:a98109598267087dfc364fae4cf24578
2021-03-19 16:18:33,941 DEBUG [Thread-36] root: 127.0.0.1:50112 -> a98109598267087dfc364fae4cf24579:dcb02541303d7b0586a5702052e3c056
2021-03-19 16:18:33,941 DEBUG [Thread-36] root: 127.0.0.1:50081 -> 3f72e738a18e008de24dc31b1c10e52e:61ea39762561746102a66ebc0eea7bed
2021-03-19 16:18:33,941 DEBUG [Thread-36] root: 127.0.0.1:50092 -> 97afa5de704f8bf6297962a5f800476e:9efa48c7a65ce701f7d47cdddd38f9b0
2021-03-19 16:18:33,942 DEBUG [Thread-36] root: Got range big ints
2021-03-19 16:18:33,942 DEBUG [Thread-36] root: Range start < range end
2021-03-19 16:18:33,942 DEBUG [Thread-36] root: Done with range check in server
2021-03-19 16:18:33,942 DEBUG [Thread-36] root: In range
2021-03-19 16:18:33,943 INFO  [Thread-36] root: Delete: key = 7
2021-03-19 16:18:33,943 INFO  [Thread-36] root: Updating storage
2021-03-19 16:18:33,944 DEBUG [Thread-36] root: Getting successors
2021-03-19 16:18:33,944 DEBUG [Thread-36] root: Got successors
2021-03-19 16:18:33,944 DEBUG [Thread-36] root: Propagating to: 127.0.0.1:50092 127.0.0.1:50003
2021-03-19 16:18:33,945 INFO  [Thread-36] root: Client communication module connected
2021-03-19 16:18:33,945 INFO  [Thread-36] root: Client communication module connected
2021-03-19 16:18:33,945 DEBUG [Thread-36] root: {"7":null}
2021-03-19 16:18:33,946 INFO  [Thread-36] root: Message sent by client -> Status: PROPAGATE
2021-03-19 16:18:33,946 INFO  [Thread-36] root: Message sent by client -> Status: PROPAGATE
2021-03-19 16:18:33,951 INFO  [Thread-36] root: Message received by client -> Status: PROPAGATE_SUCCESS Key: null Value: null
2021-03-19 16:18:33,951 INFO  [Thread-36] root: Message received by client -> Status: PROPAGATE_SUCCESS Key: null Value: null
2021-03-19 16:18:33,951 INFO  [Thread-36] root: Message sent by server -> Status: DELETE_SUCCESS Key: 7 Value: null
Starting commModule
2021-03-19 16:18:33,970 INFO  [Thread-0] root: Server communication module connected
2021-03-19 16:18:33,970 INFO  [Thread-0] root: Connected to localhost on port 62643
2021-03-19 16:18:33,971 INFO  [Thread-37] root: Message received by server -> Status: PROPAGATE
2021-03-19 16:18:33,971 DEBUG [Thread-37] root: In serve
2021-03-19 16:18:33,971 DEBUG [Thread-37] root: Checking if stopped or write locked
2021-03-19 16:18:33,971 DEBUG [Thread-37] root: Case propagate
2021-03-19 16:18:33,971 DEBUG [Thread-37] root: Passing to server
2021-03-19 16:18:33,971 DEBUG [Thread-37] root: Getting Predecessors
2021-03-19 16:18:33,971 DEBUG [Thread-37] root: Looking for 127.0.0.1:50015
2021-03-19 16:18:33,971 DEBUG [Thread-37] root: [127.0.0.1:50025, 127.0.0.1:50126, 127.0.0.1:50081, 127.0.0.1:50115, 127.0.0.1:50015, 127.0.0.1:50092, 127.0.0.1:50003, 127.0.0.1:50112]
2021-03-19 16:18:33,971 DEBUG [Thread-37] root: Predecessors:
2021-03-19 16:18:33,971 DEBUG [Thread-37] root: [127.0.0.1:50081, 127.0.0.1:50115]
2021-03-19 16:18:33,971 DEBUG [Thread-37] root: Looking for 127.0.0.1:50081
2021-03-19 16:18:33,971 DEBUG [Thread-37] root: Index of predecessor: 0
2021-03-19 16:18:33,971 DEBUG [Thread-37] root: Server Stuff
2021-03-19 16:18:33,972 INFO  [Thread-37] root: Delete: key = 9
2021-03-19 16:18:33,972 INFO  [Thread-37] root: Updating storage
2021-03-19 16:18:33,972 INFO  [Thread-37] root: Message sent by server -> Status: PROPAGATE_SUCCESS Key: null Value: null
Starting commModule
2021-03-19 16:18:33,991 INFO  [Thread-0] root: Server communication module connected
2021-03-19 16:18:33,992 INFO  [Thread-38] root: Message received by server -> Status: SHUTDOWN
received adminmsg
2021-03-19 16:18:33,992 DEBUG [Thread-38] root: Closing the program
2021-03-19 16:18:33,992 INFO  [Thread-0] root: Connected to localhost on port 62651
2021-03-19 16:18:33,992 INFO  [Thread-0] root: Server stopped.
2021-03-19 16:18:33,992 INFO  [Thread-0] root: Clearing KV Storage...
2021-03-19 16:18:33,993 INFO  [Thread-38] root: Message sent by server -> Status: SHUTDOWN_SUCCESS
