2021-03-18 22:45:37,154 INFO  [main] root: Creating Storage Files
2021-03-18 22:45:37,156 INFO  [main] root: File created: server147.json
2021-03-18 22:45:37,156 INFO  [main] root: File created: server147_replica_1.json
2021-03-18 22:45:37,156 INFO  [main] root: File created: server147_replica_2.json
2021-03-18 22:45:37,156 INFO  [Thread-0] root: Initialize server ...
2021-03-18 22:45:37,172 INFO  [Thread-0] root: Server listening on port: 50146
2021-03-18 22:45:37,200 INFO  [Thread-0] org.apache.zookeeper.ZooKeeper: Client environment:zookeeper.version=3.6.2--803c7f1a12f85978cb049af5e4ef23bd8b688715, built on 09/04/2020 12:44 GMT
2021-03-18 22:45:37,200 INFO  [Thread-0] org.apache.zookeeper.ZooKeeper: Client environment:host.name=localhost
2021-03-18 22:45:37,200 INFO  [Thread-0] org.apache.zookeeper.ZooKeeper: Client environment:java.version=11.0.10
2021-03-18 22:45:37,200 INFO  [Thread-0] org.apache.zookeeper.ZooKeeper: Client environment:java.vendor=Azul Systems, Inc.
2021-03-18 22:45:37,201 INFO  [Thread-0] org.apache.zookeeper.ZooKeeper: Client environment:java.home=/Users/steve/Library/Java/JavaVirtualMachines/azul-11.0.10/Contents/Home
2021-03-18 22:45:37,201 INFO  [Thread-0] org.apache.zookeeper.ZooKeeper: Client environment:java.class.path=/Users/steve/Desktop/UofT/year4/winter2021/ECE419/milestone3/m3-server.jar
2021-03-18 22:45:37,201 INFO  [Thread-0] org.apache.zookeeper.ZooKeeper: Client environment:java.library.path=/Users/steve/Library/Java/Extensions:/Library/Java/Extensions:/Network/Library/Java/Extensions:/System/Library/Java/Extensions:/usr/lib/java:.
2021-03-18 22:45:37,201 INFO  [Thread-0] org.apache.zookeeper.ZooKeeper: Client environment:java.io.tmpdir=/var/folders/kz/3gb57nkn6ks6_07_dtt5lqvr0000gn/T/
2021-03-18 22:45:37,201 INFO  [Thread-0] org.apache.zookeeper.ZooKeeper: Client environment:java.compiler=<NA>
2021-03-18 22:45:37,201 INFO  [Thread-0] org.apache.zookeeper.ZooKeeper: Client environment:os.name=Mac OS X
2021-03-18 22:45:37,201 INFO  [Thread-0] org.apache.zookeeper.ZooKeeper: Client environment:os.arch=x86_64
2021-03-18 22:45:37,201 INFO  [Thread-0] org.apache.zookeeper.ZooKeeper: Client environment:os.version=10.16
2021-03-18 22:45:37,201 INFO  [Thread-0] org.apache.zookeeper.ZooKeeper: Client environment:user.name=steve
2021-03-18 22:45:37,202 INFO  [Thread-0] org.apache.zookeeper.ZooKeeper: Client environment:user.home=/Users/steve
2021-03-18 22:45:37,202 INFO  [Thread-0] org.apache.zookeeper.ZooKeeper: Client environment:user.dir=/Users/steve
2021-03-18 22:45:37,202 INFO  [Thread-0] org.apache.zookeeper.ZooKeeper: Client environment:os.memory.free=249MB
2021-03-18 22:45:37,202 INFO  [Thread-0] org.apache.zookeeper.ZooKeeper: Client environment:os.memory.max=4096MB
2021-03-18 22:45:37,202 INFO  [Thread-0] org.apache.zookeeper.ZooKeeper: Client environment:os.memory.total=256MB
2021-03-18 22:45:37,206 INFO  [Thread-0] org.apache.zookeeper.ZooKeeper: Initiating client connection, connectString=localhost:2181 sessionTimeout=3000 watcher=app_kvServer.KVServer$1@42034375
2021-03-18 22:45:37,210 INFO  [Thread-0] org.apache.zookeeper.common.X509Util: Setting -D jdk.tls.rejectClientInitiatedRenegotiation=true to disable client-initiated TLS renegotiation
2021-03-18 22:45:37,227 INFO  [Thread-0] org.apache.zookeeper.ClientCnxnSocket: jute.maxbuffer value is 1048575 Bytes
2021-03-18 22:45:37,239 INFO  [Thread-0] org.apache.zookeeper.ClientCnxn: zookeeper.request.timeout value is 0. feature enabled=false
2021-03-18 22:45:37,255 DEBUG [Thread-0-SendThread(localhost:2181)] org.apache.zookeeper.SaslServerPrincipal: Canonicalized address to localhost
2021-03-18 22:45:37,256 INFO  [Thread-0-SendThread(localhost:2181)] org.apache.zookeeper.ClientCnxn: Opening socket connection to server localhost/0:0:0:0:0:0:0:1:2181.
2021-03-18 22:45:37,256 INFO  [Thread-0-SendThread(localhost:2181)] org.apache.zookeeper.ClientCnxn: SASL config status: Will not attempt to authenticate using SASL (unknown error)
2021-03-18 22:45:37,278 INFO  [Thread-0-SendThread(localhost:2181)] org.apache.zookeeper.ClientCnxn: Socket connection established, initiating session, client: /0:0:0:0:0:0:0:1:53229, server: localhost/0:0:0:0:0:0:0:1:2181
2021-03-18 22:45:37,278 DEBUG [Thread-0-SendThread(localhost:2181)] org.apache.zookeeper.ClientCnxn: Session establishment request sent on localhost/0:0:0:0:0:0:0:1:2181
2021-03-18 22:45:37,308 TRACE [Thread-0-SendThread(localhost:2181)] org.apache.zookeeper.ClientCnxnSocket: readConnectResult 37 0x[0,0,0,0,0,0,f,ffffffa0,1,0,14,ffffffbd,52,70,0,ffffff98,0,0,0,10,3c,37,26,2b,4d,ffffffcf,ffffff8b,ffffffe2,ffffffc9,6d,fffffffb,ffffffd8,fffffffb,fffffffe,12,72,0,]
2021-03-18 22:45:37,310 INFO  [Thread-0-SendThread(localhost:2181)] org.apache.zookeeper.ClientCnxn: Session establishment complete on server localhost/0:0:0:0:0:0:0:1:2181, session id = 0x10014bd52700098, negotiated timeout = 4000
2021-03-18 22:45:37,313 DEBUG [Thread-0-EventThread] root: ZK event: 
2021-03-18 22:45:37,313 DEBUG [Thread-0-EventThread] root: WatchedEvent state:SyncConnected type:None path:null
2021-03-18 22:45:37,342 DEBUG [Thread-0-SendThread(localhost:2181)] org.apache.zookeeper.ClientCnxn: Reading reply session id: 0x10014bd52700098, packet:: clientPath:null serverPath:null finished:false header:: 1,1  replyHeader:: 1,505,0  request:: '/keeper/server147,,v{s{31,s{'world,'anyone}}},1  response:: '/keeper/server147 
2021-03-18 22:45:37,347 DEBUG [Thread-0-SendThread(localhost:2181)] org.apache.zookeeper.ClientCnxn: Reading reply session id: 0x10014bd52700098, packet:: clientPath:null serverPath:null finished:false header:: 2,3  replyHeader:: 2,505,0  request:: '/keeper/server147,T  response:: s{505,505,1616121937313,1616121937313,0,0,0,72080397402374296,0,0,505} 
2021-03-18 22:45:37,375 DEBUG [Thread-0-SendThread(localhost:2181)] org.apache.zookeeper.ClientCnxn: Got notification session id: 0x10014bd52700098
2021-03-18 22:45:37,376 DEBUG [Thread-0-SendThread(localhost:2181)] org.apache.zookeeper.ClientCnxn: Got WatchedEvent state:SyncConnected type:NodeDataChanged path:/keeper/server147 for session id 0x10014bd52700098
2021-03-18 22:45:37,378 DEBUG [Thread-0-EventThread] root: ZK event: 
2021-03-18 22:45:37,378 DEBUG [Thread-0-EventThread] root: WatchedEvent state:SyncConnected type:NodeDataChanged path:/keeper/server147
2021-03-18 22:45:37,379 DEBUG [Thread-0-SendThread(localhost:2181)] org.apache.zookeeper.ClientCnxn: Reading reply session id: 0x10014bd52700098, packet:: clientPath:null serverPath:null finished:false header:: 3,5  replyHeader:: 3,506,0  request:: '/keeper/server147,#3132372e302e302e313a3530313436,0  response:: s{505,506,1616121937313,1616121937349,1,0,0,72080397402374296,15,0,505} 
2021-03-18 22:45:37,379 INFO  [Thread-0] root: Node created at: /keeper/server147
Starting commModule
2021-03-18 22:45:37,387 INFO  [Thread-0] root: Server communication module connected
2021-03-18 22:45:37,389 INFO  [Thread-0] root: Connected to localhost on port 53230
2021-03-18 22:45:37,398 INFO  [Thread-1] root: Message received by server -> Status: INIT_SERVER
received adminmsg
2021-03-18 22:45:37,400 INFO  [Thread-1] root: Message sent by server -> Status: INIT_SERVER_SUCCESS
2021-03-18 22:45:37,400 INFO  [Thread-1] root: Message received by server -> Status: START
received adminmsg
2021-03-18 22:45:37,400 INFO  [Thread-1] root: Message sent by server -> Status: START_SUCCESS
Starting commModule
2021-03-18 22:45:37,411 INFO  [Thread-0] root: Server communication module connected
2021-03-18 22:45:37,411 INFO  [Thread-0] root: Connected to localhost on port 53233
Starting commModule
2021-03-18 22:45:37,414 INFO  [Thread-0] root: Server communication module connected
2021-03-18 22:45:37,415 INFO  [Thread-0] root: Connected to localhost on port 53236
Starting commModule
2021-03-18 22:45:37,419 INFO  [Thread-0] root: Server communication module connected
2021-03-18 22:45:37,420 INFO  [Thread-0] root: Connected to localhost on port 53238
2021-03-18 22:45:37,421 INFO  [Thread-4] root: Message received by server -> Status: UPDATE
received adminmsg
2021-03-18 22:45:37,422 INFO  [Thread-4] root: Message sent by server -> Status: UPDATE_SUCCESS
Starting commModule
2021-03-18 22:45:37,425 INFO  [Thread-0] root: Server communication module connected
2021-03-18 22:45:37,427 INFO  [Thread-0] root: Connected to localhost on port 53240
Starting commModule
2021-03-18 22:45:37,429 INFO  [Thread-0] root: Server communication module connected
2021-03-18 22:45:37,429 INFO  [Thread-0] root: Connected to localhost on port 53242
2021-03-18 22:45:37,430 INFO  [Thread-6] root: Message received by server -> Status: PROPAGATE_ADMIN
received adminmsg
2021-03-18 22:45:37,436 DEBUG [Thread-6] root: Getting successors
2021-03-18 22:45:37,436 DEBUG [Thread-6] root: Got successors
2021-03-18 22:45:37,436 DEBUG [Thread-6] root: Propagating to: 127.0.0.1:50097 127.0.0.1:50146
2021-03-18 22:45:37,439 INFO  [Thread-6] root: Client communication module connected
Starting commModule
2021-03-18 22:45:37,440 INFO  [Thread-0] root: Server communication module connected
2021-03-18 22:45:37,440 INFO  [Thread-6] root: Client communication module connected
2021-03-18 22:45:37,440 DEBUG [Thread-6] root: {}
2021-03-18 22:45:37,440 INFO  [Thread-6] root: Message sent by server -> Status: PROPAGATE_SUCCESS
2021-03-18 22:45:37,441 INFO  [Thread-0] root: Connected to localhost on port 53244
Starting commModule
2021-03-18 22:45:37,972 INFO  [Thread-0] root: Server communication module connected
2021-03-18 22:45:37,972 INFO  [Thread-0] root: Connected to localhost on port 53250
2021-03-18 22:45:37,973 INFO  [Thread-8] root: Message received by server -> Status: UPDATE
received adminmsg
2021-03-18 22:45:37,974 INFO  [Thread-8] root: Message sent by server -> Status: UPDATE_SUCCESS
Starting commModule
2021-03-18 22:45:37,977 INFO  [Thread-0] root: Server communication module connected
2021-03-18 22:45:37,978 INFO  [Thread-0] root: Connected to localhost on port 53253
Starting commModule
2021-03-18 22:45:37,978 INFO  [Thread-0] root: Server communication module connected
2021-03-18 22:45:37,979 INFO  [Thread-0] root: Connected to localhost on port 53254
2021-03-18 22:45:37,980 INFO  [Thread-10] root: Message received by server -> Status: PROPAGATE_ADMIN
received adminmsg
2021-03-18 22:45:37,980 DEBUG [Thread-10] root: Getting successors
2021-03-18 22:45:37,980 DEBUG [Thread-10] root: Got successors
2021-03-18 22:45:37,980 DEBUG [Thread-10] root: Propagating to: 127.0.0.1:50097 127.0.0.1:50059
2021-03-18 22:45:37,981 INFO  [Thread-10] root: Client communication module connected
2021-03-18 22:45:37,981 INFO  [Thread-10] root: Client communication module connected
2021-03-18 22:45:37,981 DEBUG [Thread-10] root: {}
2021-03-18 22:45:37,982 INFO  [Thread-10] root: Message sent by server -> Status: PROPAGATE_SUCCESS
Starting commModule
2021-03-18 22:45:37,982 INFO  [Thread-0] root: Server communication module connected
2021-03-18 22:45:37,983 INFO  [Thread-0] root: Connected to localhost on port 53257
2021-03-18 22:45:37,983 INFO  [Thread-11] root: Message received by server -> Status: MOVE_DATA
received adminmsg
2021-03-18 22:45:37,983 DEBUG [Thread-11] root: Input data: 
2021-03-18 22:45:37,983 DEBUG [Thread-11] root: 99f49d4e02b4bfca988b5d64751d79d6:6644acd684155ed59c07cdb5c5ee2ec
2021-03-18 22:45:37,983 DEBUG [Thread-11] root: 127.0.0.1:50059
2021-03-18 22:45:37,984 INFO  [Thread-11] root: Client communication module connected
2021-03-18 22:45:37,984 DEBUG [Thread-11] root: Host: 127.0.0.1
2021-03-18 22:45:37,984 DEBUG [Thread-11] root: Port: 50059
2021-03-18 22:45:37,984 DEBUG [Thread-11] root: Range: 99f49d4e02b4bfca988b5d64751d79d6:6644acd684155ed59c07cdb5c5ee2ec
2021-03-18 22:45:37,984 DEBUG [Thread-11] root: Starting flush data
2021-03-18 22:45:37,985 DEBUG [Thread-11] root: Finished flush data
2021-03-18 22:45:37,985 DEBUG [Thread-11] root: Closing conn
2021-03-18 22:45:37,985 INFO  [Thread-11] root: Connection closed!
2021-03-18 22:45:37,985 DEBUG [Thread-11] root: Closed conn
2021-03-18 22:45:37,985 INFO  [Thread-11] root: Message sent by server -> Status: MOVE_DATA_SUCCESS
Starting commModule
2021-03-18 22:45:37,988 INFO  [Thread-0] root: Server communication module connected
2021-03-18 22:45:37,988 INFO  [Thread-0] root: Connected to localhost on port 53260
2021-03-18 22:45:37,989 INFO  [Thread-12] root: Message received by server -> Status: UPDATE
received adminmsg
2021-03-18 22:45:37,990 INFO  [Thread-12] root: Message sent by server -> Status: UPDATE_SUCCESS
Starting commModule
2021-03-18 22:45:37,996 INFO  [Thread-0] root: Server communication module connected
2021-03-18 22:45:37,997 INFO  [Thread-0] root: Connected to localhost on port 53264
Starting commModule
2021-03-18 22:45:37,997 INFO  [Thread-0] root: Server communication module connected
2021-03-18 22:45:37,998 INFO  [Thread-0] root: Connected to localhost on port 53265
2021-03-18 22:45:37,998 INFO  [Thread-14] root: Message received by server -> Status: PROPAGATE_ADMIN
received adminmsg
2021-03-18 22:45:37,999 DEBUG [Thread-14] root: Getting successors
2021-03-18 22:45:37,999 DEBUG [Thread-14] root: Got successors
2021-03-18 22:45:37,999 DEBUG [Thread-14] root: Propagating to: 127.0.0.1:50097 127.0.0.1:50059
2021-03-18 22:45:37,999 INFO  [Thread-14] root: Client communication module connected
2021-03-18 22:45:38,000 INFO  [Thread-14] root: Client communication module connected
2021-03-18 22:45:38,000 DEBUG [Thread-14] root: {}
2021-03-18 22:45:38,000 INFO  [Thread-14] root: Message sent by server -> Status: PROPAGATE_SUCCESS
Starting commModule
2021-03-18 22:45:38,010 INFO  [Thread-0] root: Server communication module connected
2021-03-18 22:45:38,011 INFO  [Thread-0] root: Connected to localhost on port 53269
2021-03-18 22:45:38,688 DEBUG [Thread-0-SendThread(localhost:2181)] org.apache.zookeeper.ClientCnxn: Got ping response for session id: 0x10014bd52700098 after 1ms.
2021-03-18 22:45:40,025 DEBUG [Thread-0-SendThread(localhost:2181)] org.apache.zookeeper.ClientCnxn: Got ping response for session id: 0x10014bd52700098 after 0ms.
2021-03-18 22:45:41,364 DEBUG [Thread-0-SendThread(localhost:2181)] org.apache.zookeeper.ClientCnxn: Got ping response for session id: 0x10014bd52700098 after 0ms.
2021-03-18 22:45:42,703 DEBUG [Thread-0-SendThread(localhost:2181)] org.apache.zookeeper.ClientCnxn: Got ping response for session id: 0x10014bd52700098 after 1ms.
Starting commModule
2021-03-18 22:45:43,042 INFO  [Thread-0] root: Server communication module connected
2021-03-18 22:45:43,043 INFO  [Thread-0] root: Connected to localhost on port 53275
2021-03-18 22:45:43,046 INFO  [Thread-16] root: Message received by server -> Status: PROPAGATE
2021-03-18 22:45:43,046 DEBUG [Thread-16] root: In serve
2021-03-18 22:45:43,046 DEBUG [Thread-16] root: Checking if stopped or write locked
2021-03-18 22:45:43,046 DEBUG [Thread-16] root: Case propagate
2021-03-18 22:45:43,046 DEBUG [Thread-16] root: Passing to server
2021-03-18 22:45:43,046 DEBUG [Thread-16] root: Getting Predecessors
2021-03-18 22:45:43,046 DEBUG [Thread-16] root: Looking for 127.0.0.1:50146
2021-03-18 22:45:43,046 DEBUG [Thread-16] root: [127.0.0.1:50059, 127.0.0.1:50146, 127.0.0.1:50097]
2021-03-18 22:45:43,047 DEBUG [Thread-16] root: Predecessors:
2021-03-18 22:45:43,047 DEBUG [Thread-16] root: [127.0.0.1:50097, 127.0.0.1:50059]
2021-03-18 22:45:43,047 DEBUG [Thread-16] root: Looking for 127.0.0.1:50059
2021-03-18 22:45:43,047 DEBUG [Thread-16] root: Index of predecessor: 1
2021-03-18 22:45:43,047 DEBUG [Thread-16] root: Server Stuff
2021-03-18 22:45:43,048 INFO  [Thread-16] root: Put: key = 1, value = 1
2021-03-18 22:45:43,049 INFO  [Thread-16] root: Message sent by server -> Status: PROPAGATE_SUCCESS Key: null Value: null
Starting commModule
2021-03-18 22:45:43,054 INFO  [Thread-0] root: Server communication module connected
2021-03-18 22:45:43,055 INFO  [Thread-0] root: Connected to localhost on port 53278
2021-03-18 22:45:43,055 INFO  [Thread-17] root: Message received by server -> Status: GET Key: 1 Value: null
2021-03-18 22:45:43,055 DEBUG [Thread-17] root: In serve
2021-03-18 22:45:43,055 DEBUG [Thread-17] root: Checking if stopped or write locked
2021-03-18 22:45:43,055 DEBUG [Thread-17] root: Checking if it's in range
2021-03-18 22:45:43,062 DEBUG [Thread-17] root: Got hostname and port -> 127.0.0.1:50146
2021-03-18 22:45:43,062 DEBUG [Thread-17] root: Got metadata range: 93625a014b00a421de88c621d6f07591:93625a014b00a421de88c621d6f07590
2021-03-18 22:45:43,062 DEBUG [Thread-17] root: 127.0.0.1:50059 -> 6644acd684155ed59c07cdb5c5ee2ed:6644acd684155ed59c07cdb5c5ee2ec
2021-03-18 22:45:43,062 DEBUG [Thread-17] root: 127.0.0.1:50146 -> 93625a014b00a421de88c621d6f07591:93625a014b00a421de88c621d6f07590
2021-03-18 22:45:43,062 DEBUG [Thread-17] root: 127.0.0.1:50097 -> 99f49d4e02b4bfca988b5d64751d79d6:99f49d4e02b4bfca988b5d64751d79d5
2021-03-18 22:45:43,062 DEBUG [Thread-17] root: Got range big ints
2021-03-18 22:45:43,062 DEBUG [Thread-17] root: Range end < range start
2021-03-18 22:45:43,062 DEBUG [Thread-17] root: Done with range check in server
2021-03-18 22:45:43,062 INFO  [Thread-17] root: Get: key = 1
2021-03-18 22:45:43,064 INFO  [Thread-17] root: Message sent by server -> Status: GET_SUCCESS Key: 1 Value: 1
Starting commModule
2021-03-18 22:45:43,070 INFO  [Thread-0] root: Server communication module connected
2021-03-18 22:45:43,070 INFO  [Thread-0] root: Connected to localhost on port 53281
2021-03-18 22:45:43,070 INFO  [Thread-18] root: Message received by server -> Status: SHUTDOWN
received adminmsg
2021-03-18 22:45:43,070 DEBUG [Thread-18] root: Closing the program
2021-03-18 22:45:43,071 INFO  [Thread-18] root: Message sent by server -> Status: SHUTDOWN_SUCCESS
2021-03-18 22:45:43,071 ERROR [Thread-0] root: Error! Unable to establish connection. 

java.net.SocketException: Socket closed
	at java.base/java.net.PlainSocketImpl.socketAccept(Native Method)
	at java.base/java.net.AbstractPlainSocketImpl.accept(AbstractPlainSocketImpl.java:458)
	at java.base/java.net.ServerSocket.implAccept(ServerSocket.java:565)
	at java.base/java.net.ServerSocket.accept(ServerSocket.java:533)
	at app_kvServer.KVServer.run(KVServer.java:408)
2021-03-18 22:45:43,073 INFO  [Thread-0] root: Server stopped.
2021-03-18 22:45:43,073 INFO  [Thread-0] root: Clearing KV Storage...
