2021-03-18 22:24:27,130 INFO  [main] root: Creating Storage Files
2021-03-18 22:24:27,131 INFO  [main] root: File created: server128.json
2021-03-18 22:24:27,131 INFO  [main] root: File created: server128_replica_1.json
2021-03-18 22:24:27,131 INFO  [main] root: File created: server128_replica_2.json
2021-03-18 22:24:27,132 INFO  [Thread-0] root: Initialize server ...
2021-03-18 22:24:27,156 INFO  [Thread-0] root: Server listening on port: 50127
2021-03-18 22:24:27,188 INFO  [Thread-0] org.apache.zookeeper.ZooKeeper: Client environment:zookeeper.version=3.6.2--803c7f1a12f85978cb049af5e4ef23bd8b688715, built on 09/04/2020 12:44 GMT
2021-03-18 22:24:27,188 INFO  [Thread-0] org.apache.zookeeper.ZooKeeper: Client environment:host.name=localhost
2021-03-18 22:24:27,188 INFO  [Thread-0] org.apache.zookeeper.ZooKeeper: Client environment:java.version=11.0.10
2021-03-18 22:24:27,189 INFO  [Thread-0] org.apache.zookeeper.ZooKeeper: Client environment:java.vendor=Azul Systems, Inc.
2021-03-18 22:24:27,189 INFO  [Thread-0] org.apache.zookeeper.ZooKeeper: Client environment:java.home=/Users/steve/Library/Java/JavaVirtualMachines/azul-11.0.10/Contents/Home
2021-03-18 22:24:27,189 INFO  [Thread-0] org.apache.zookeeper.ZooKeeper: Client environment:java.class.path=/Users/steve/Desktop/UofT/year4/winter2021/ECE419/milestone3/m3-server.jar
2021-03-18 22:24:27,189 INFO  [Thread-0] org.apache.zookeeper.ZooKeeper: Client environment:java.library.path=/Users/steve/Library/Java/Extensions:/Library/Java/Extensions:/Network/Library/Java/Extensions:/System/Library/Java/Extensions:/usr/lib/java:.
2021-03-18 22:24:27,189 INFO  [Thread-0] org.apache.zookeeper.ZooKeeper: Client environment:java.io.tmpdir=/var/folders/kz/3gb57nkn6ks6_07_dtt5lqvr0000gn/T/
2021-03-18 22:24:27,189 INFO  [Thread-0] org.apache.zookeeper.ZooKeeper: Client environment:java.compiler=<NA>
2021-03-18 22:24:27,189 INFO  [Thread-0] org.apache.zookeeper.ZooKeeper: Client environment:os.name=Mac OS X
2021-03-18 22:24:27,189 INFO  [Thread-0] org.apache.zookeeper.ZooKeeper: Client environment:os.arch=x86_64
2021-03-18 22:24:27,189 INFO  [Thread-0] org.apache.zookeeper.ZooKeeper: Client environment:os.version=10.16
2021-03-18 22:24:27,189 INFO  [Thread-0] org.apache.zookeeper.ZooKeeper: Client environment:user.name=steve
2021-03-18 22:24:27,189 INFO  [Thread-0] org.apache.zookeeper.ZooKeeper: Client environment:user.home=/Users/steve
2021-03-18 22:24:27,189 INFO  [Thread-0] org.apache.zookeeper.ZooKeeper: Client environment:user.dir=/Users/steve
2021-03-18 22:24:27,190 INFO  [Thread-0] org.apache.zookeeper.ZooKeeper: Client environment:os.memory.free=249MB
2021-03-18 22:24:27,190 INFO  [Thread-0] org.apache.zookeeper.ZooKeeper: Client environment:os.memory.max=4096MB
2021-03-18 22:24:27,190 INFO  [Thread-0] org.apache.zookeeper.ZooKeeper: Client environment:os.memory.total=256MB
2021-03-18 22:24:27,196 INFO  [Thread-0] org.apache.zookeeper.ZooKeeper: Initiating client connection, connectString=localhost:2181 sessionTimeout=3000 watcher=app_kvServer.KVServer$1@42034375
2021-03-18 22:24:27,200 INFO  [Thread-0] org.apache.zookeeper.common.X509Util: Setting -D jdk.tls.rejectClientInitiatedRenegotiation=true to disable client-initiated TLS renegotiation
2021-03-18 22:24:27,217 INFO  [Thread-0] org.apache.zookeeper.ClientCnxnSocket: jute.maxbuffer value is 1048575 Bytes
2021-03-18 22:24:27,230 INFO  [Thread-0] org.apache.zookeeper.ClientCnxn: zookeeper.request.timeout value is 0. feature enabled=false
2021-03-18 22:24:27,248 DEBUG [Thread-0-SendThread(localhost:2181)] org.apache.zookeeper.SaslServerPrincipal: Canonicalized address to localhost
2021-03-18 22:24:27,250 INFO  [Thread-0-SendThread(localhost:2181)] org.apache.zookeeper.ClientCnxn: Opening socket connection to server localhost/127.0.0.1:2181.
2021-03-18 22:24:27,250 INFO  [Thread-0-SendThread(localhost:2181)] org.apache.zookeeper.ClientCnxn: SASL config status: Will not attempt to authenticate using SASL (unknown error)
2021-03-18 22:24:27,276 INFO  [Thread-0-SendThread(localhost:2181)] org.apache.zookeeper.ClientCnxn: Socket connection established, initiating session, client: /127.0.0.1:51944, server: localhost/127.0.0.1:2181
2021-03-18 22:24:27,278 DEBUG [Thread-0-SendThread(localhost:2181)] org.apache.zookeeper.ClientCnxn: Session establishment request sent on localhost/127.0.0.1:2181
2021-03-18 22:24:27,312 TRACE [Thread-0-SendThread(localhost:2181)] org.apache.zookeeper.ClientCnxnSocket: readConnectResult 37 0x[0,0,0,0,0,0,f,ffffffa0,1,0,14,ffffffbd,52,70,0,4d,0,0,0,10,20,ffffffbc,43,26,64,ffffffbb,55,30,ffffffd3,23,ffffffe6,fffffff5,10,ffffffd7,28,14,0,]
2021-03-18 22:24:27,316 INFO  [Thread-0-SendThread(localhost:2181)] org.apache.zookeeper.ClientCnxn: Session establishment complete on server localhost/127.0.0.1:2181, session id = 0x10014bd5270004d, negotiated timeout = 4000
2021-03-18 22:24:27,319 DEBUG [Thread-0-EventThread] root: ZK event: 
2021-03-18 22:24:27,320 DEBUG [Thread-0-EventThread] root: WatchedEvent state:SyncConnected type:None path:null
2021-03-18 22:24:27,349 DEBUG [Thread-0-SendThread(localhost:2181)] org.apache.zookeeper.ClientCnxn: Reading reply session id: 0x10014bd5270004d, packet:: clientPath:null serverPath:null finished:false header:: 1,1  replyHeader:: 1,254,0  request:: '/keeper/server128,,v{s{31,s{'world,'anyone}}},1  response:: '/keeper/server128 
2021-03-18 22:24:27,354 DEBUG [Thread-0-SendThread(localhost:2181)] org.apache.zookeeper.ClientCnxn: Reading reply session id: 0x10014bd5270004d, packet:: clientPath:null serverPath:null finished:false header:: 2,3  replyHeader:: 2,254,0  request:: '/keeper/server128,T  response:: s{254,254,1616120667320,1616120667320,0,0,0,72080397402374221,0,0,254} 
2021-03-18 22:24:27,381 DEBUG [Thread-0-SendThread(localhost:2181)] org.apache.zookeeper.ClientCnxn: Got notification session id: 0x10014bd5270004d
2021-03-18 22:24:27,383 DEBUG [Thread-0-SendThread(localhost:2181)] org.apache.zookeeper.ClientCnxn: Got WatchedEvent state:SyncConnected type:NodeDataChanged path:/keeper/server128 for session id 0x10014bd5270004d
2021-03-18 22:24:27,384 DEBUG [Thread-0-EventThread] root: ZK event: 
2021-03-18 22:24:27,384 DEBUG [Thread-0-EventThread] root: WatchedEvent state:SyncConnected type:NodeDataChanged path:/keeper/server128
2021-03-18 22:24:27,385 DEBUG [Thread-0-SendThread(localhost:2181)] org.apache.zookeeper.ClientCnxn: Reading reply session id: 0x10014bd5270004d, packet:: clientPath:null serverPath:null finished:false header:: 3,5  replyHeader:: 3,255,0  request:: '/keeper/server128,#3132372e302e302e313a3530313237,0  response:: s{254,255,1616120667320,1616120667356,1,0,0,72080397402374221,15,0,254} 
2021-03-18 22:24:27,385 INFO  [Thread-0] root: Node created at: /keeper/server128
Starting commModule
2021-03-18 22:24:27,394 INFO  [Thread-0] root: Server communication module connected
2021-03-18 22:24:27,395 INFO  [Thread-0] root: Connected to localhost on port 51945
2021-03-18 22:24:27,404 INFO  [Thread-1] root: Message received by server -> Status: INIT_SERVER
received adminmsg
2021-03-18 22:24:27,405 INFO  [Thread-1] root: Message sent by server -> Status: INIT_SERVER_SUCCESS
2021-03-18 22:24:27,405 INFO  [Thread-1] root: Message received by server -> Status: START
received adminmsg
2021-03-18 22:24:27,406 INFO  [Thread-1] root: Message sent by server -> Status: START_SUCCESS
Starting commModule
2021-03-18 22:24:27,417 INFO  [Thread-0] root: Server communication module connected
2021-03-18 22:24:27,418 INFO  [Thread-0] root: Connected to localhost on port 51949
Starting commModule
2021-03-18 22:24:27,421 INFO  [Thread-0] root: Server communication module connected
2021-03-18 22:24:27,422 INFO  [Thread-0] root: Connected to localhost on port 51953
Starting commModule
2021-03-18 22:24:27,425 INFO  [Thread-0] root: Server communication module connected
2021-03-18 22:24:27,426 INFO  [Thread-0] root: Connected to localhost on port 51955
Starting commModule
2021-03-18 22:24:27,432 INFO  [Thread-0] root: Server communication module connected
2021-03-18 22:24:27,433 INFO  [Thread-0] root: Connected to localhost on port 51958
2021-03-18 22:24:27,434 INFO  [Thread-5] root: Message received by server -> Status: UPDATE
received adminmsg
2021-03-18 22:24:27,435 INFO  [Thread-5] root: Message sent by server -> Status: UPDATE_SUCCESS
Starting commModule
2021-03-18 22:24:27,438 INFO  [Thread-0] root: Server communication module connected
2021-03-18 22:24:27,439 INFO  [Thread-0] root: Connected to localhost on port 51960
Starting commModule
2021-03-18 22:24:27,444 INFO  [Thread-0] root: Server communication module connected
2021-03-18 22:24:27,444 INFO  [Thread-0] root: Connected to localhost on port 51964
Starting commModule
2021-03-18 22:24:27,445 INFO  [Thread-0] root: Server communication module connected
2021-03-18 22:24:27,446 INFO  [Thread-0] root: Connected to localhost on port 51965
2021-03-18 22:24:27,447 INFO  [Thread-8] root: Message received by server -> Status: PROPAGATE_ADMIN
received adminmsg
2021-03-18 22:24:27,452 DEBUG [Thread-8] root: Getting successors
2021-03-18 22:24:27,452 DEBUG [Thread-8] root: Got successors
2021-03-18 22:24:27,453 DEBUG [Thread-8] root: Propagating to: 127.0.0.1:50090 127.0.0.1:50036
2021-03-18 22:24:27,455 INFO  [Thread-8] root: Client communication module connected
2021-03-18 22:24:27,456 INFO  [Thread-8] root: Client communication module connected
2021-03-18 22:24:27,456 DEBUG [Thread-8] root: {}
2021-03-18 22:24:27,456 INFO  [Thread-8] root: Message sent by server -> Status: PROPAGATE_SUCCESS
Starting commModule
2021-03-18 22:24:27,499 INFO  [Thread-0] root: Server communication module connected
2021-03-18 22:24:27,500 INFO  [Thread-0] root: Connected to localhost on port 51969
2021-03-18 22:24:27,504 INFO  [Thread-9] root: Message received by server -> Status: PROPAGATE
2021-03-18 22:24:27,504 DEBUG [Thread-9] root: In serve
2021-03-18 22:24:27,505 DEBUG [Thread-9] root: Checking if stopped or write locked
2021-03-18 22:24:27,505 DEBUG [Thread-9] root: Case propagate
2021-03-18 22:24:27,505 DEBUG [Thread-9] root: Passing to server
2021-03-18 22:24:27,505 DEBUG [Thread-9] root: Getting Predecessors
2021-03-18 22:24:27,505 DEBUG [Thread-9] root: Looking for 127.0.0.1:50127
2021-03-18 22:24:27,505 DEBUG [Thread-9] root: [127.0.0.1:50127, 127.0.0.1:50090, 127.0.0.1:50036]
2021-03-18 22:24:27,505 DEBUG [Thread-9] root: Predecessors:
2021-03-18 22:24:27,505 DEBUG [Thread-9] root: [127.0.0.1:50090, 127.0.0.1:50036]
2021-03-18 22:24:27,505 DEBUG [Thread-9] root: Looking for 127.0.0.1:50036
2021-03-18 22:24:27,505 DEBUG [Thread-9] root: Index of predecessor: 1
2021-03-18 22:24:27,506 DEBUG [Thread-9] root: Server Stuff
2021-03-18 22:24:27,506 INFO  [Thread-9] root: Put: key = 1, value = 1
2021-03-18 22:24:27,508 INFO  [Thread-9] root: Message sent by server -> Status: PROPAGATE_SUCCESS Key: null Value: null
2021-03-18 22:24:28,695 DEBUG [Thread-0-SendThread(localhost:2181)] org.apache.zookeeper.ClientCnxn: Got ping response for session id: 0x10014bd5270004d after 0ms.
2021-03-18 22:24:30,032 DEBUG [Thread-0-SendThread(localhost:2181)] org.apache.zookeeper.ClientCnxn: Got ping response for session id: 0x10014bd5270004d after 0ms.
2021-03-18 22:24:31,366 DEBUG [Thread-0-SendThread(localhost:2181)] org.apache.zookeeper.ClientCnxn: Got ping response for session id: 0x10014bd5270004d after 0ms.
2021-03-18 22:24:32,704 DEBUG [Thread-0-SendThread(localhost:2181)] org.apache.zookeeper.ClientCnxn: Got ping response for session id: 0x10014bd5270004d after 0ms.
2021-03-18 22:24:34,042 DEBUG [Thread-0-SendThread(localhost:2181)] org.apache.zookeeper.ClientCnxn: Got ping response for session id: 0x10014bd5270004d after 0ms.
2021-03-18 22:24:35,376 DEBUG [Thread-0-SendThread(localhost:2181)] org.apache.zookeeper.ClientCnxn: Got ping response for session id: 0x10014bd5270004d after 0ms.
2021-03-18 22:24:36,713 DEBUG [Thread-0-SendThread(localhost:2181)] org.apache.zookeeper.ClientCnxn: Got ping response for session id: 0x10014bd5270004d after 0ms.
2021-03-18 22:24:38,050 DEBUG [Thread-0-SendThread(localhost:2181)] org.apache.zookeeper.ClientCnxn: Got ping response for session id: 0x10014bd5270004d after 0ms.
2021-03-18 22:24:39,388 DEBUG [Thread-0-SendThread(localhost:2181)] org.apache.zookeeper.ClientCnxn: Got ping response for session id: 0x10014bd5270004d after 1ms.
2021-03-18 22:24:40,721 DEBUG [Thread-0-SendThread(localhost:2181)] org.apache.zookeeper.ClientCnxn: Got ping response for session id: 0x10014bd5270004d after 0ms.
2021-03-18 22:24:42,056 DEBUG [Thread-0-SendThread(localhost:2181)] org.apache.zookeeper.ClientCnxn: Got ping response for session id: 0x10014bd5270004d after 0ms.
2021-03-18 22:24:43,392 DEBUG [Thread-0-SendThread(localhost:2181)] org.apache.zookeeper.ClientCnxn: Got ping response for session id: 0x10014bd5270004d after 0ms.
2021-03-18 22:24:44,726 DEBUG [Thread-0-SendThread(localhost:2181)] org.apache.zookeeper.ClientCnxn: Got ping response for session id: 0x10014bd5270004d after 0ms.
2021-03-18 22:24:46,060 DEBUG [Thread-0-SendThread(localhost:2181)] org.apache.zookeeper.ClientCnxn: Got ping response for session id: 0x10014bd5270004d after 0ms.
2021-03-18 22:24:47,398 DEBUG [Thread-0-SendThread(localhost:2181)] org.apache.zookeeper.ClientCnxn: Got ping response for session id: 0x10014bd5270004d after 1ms.
2021-03-18 22:24:48,739 DEBUG [Thread-0-SendThread(localhost:2181)] org.apache.zookeeper.ClientCnxn: Got ping response for session id: 0x10014bd5270004d after 2ms.
2021-03-18 22:24:50,076 DEBUG [Thread-0-SendThread(localhost:2181)] org.apache.zookeeper.ClientCnxn: Got ping response for session id: 0x10014bd5270004d after 0ms.
2021-03-18 22:24:51,412 DEBUG [Thread-0-SendThread(localhost:2181)] org.apache.zookeeper.ClientCnxn: Got ping response for session id: 0x10014bd5270004d after 0ms.
2021-03-18 22:24:52,747 DEBUG [Thread-0-SendThread(localhost:2181)] org.apache.zookeeper.ClientCnxn: Got ping response for session id: 0x10014bd5270004d after 0ms.
2021-03-18 22:24:54,080 DEBUG [Thread-0-SendThread(localhost:2181)] org.apache.zookeeper.ClientCnxn: Got ping response for session id: 0x10014bd5270004d after 0ms.
2021-03-18 22:24:55,417 DEBUG [Thread-0-SendThread(localhost:2181)] org.apache.zookeeper.ClientCnxn: Got ping response for session id: 0x10014bd5270004d after 1ms.
2021-03-18 22:24:56,754 DEBUG [Thread-0-SendThread(localhost:2181)] org.apache.zookeeper.ClientCnxn: Got ping response for session id: 0x10014bd5270004d after 0ms.
2021-03-18 22:24:58,087 DEBUG [Thread-0-SendThread(localhost:2181)] org.apache.zookeeper.ClientCnxn: Got ping response for session id: 0x10014bd5270004d after 0ms.
2021-03-18 22:24:59,423 DEBUG [Thread-0-SendThread(localhost:2181)] org.apache.zookeeper.ClientCnxn: Got ping response for session id: 0x10014bd5270004d after 1ms.
2021-03-18 22:25:00,759 DEBUG [Thread-0-SendThread(localhost:2181)] org.apache.zookeeper.ClientCnxn: Got ping response for session id: 0x10014bd5270004d after 0ms.
2021-03-18 22:25:02,092 DEBUG [Thread-0-SendThread(localhost:2181)] org.apache.zookeeper.ClientCnxn: Got ping response for session id: 0x10014bd5270004d after 0ms.
2021-03-18 22:25:03,424 DEBUG [Thread-0-SendThread(localhost:2181)] org.apache.zookeeper.ClientCnxn: Got ping response for session id: 0x10014bd5270004d after 0ms.
Starting commModule
2021-03-18 22:25:04,016 INFO  [Thread-0] root: Server communication module connected
2021-03-18 22:25:04,017 INFO  [Thread-10] root: Message received by server -> Status: SHUTDOWN
received adminmsg
2021-03-18 22:25:04,017 DEBUG [Thread-10] root: Closing the program
2021-03-18 22:25:04,018 INFO  [Thread-0] root: Connected to localhost on port 51981
2021-03-18 22:25:04,018 INFO  [Thread-0] root: Server stopped.
2021-03-18 22:25:04,018 INFO  [Thread-0] root: Clearing KV Storage...
2021-03-18 22:25:04,018 INFO  [Thread-10] root: Message sent by server -> Status: SHUTDOWN_SUCCESS
2021-03-18 23:06:19,129 INFO  [Thread-0] root: Initialize server ...
2021-03-18 23:06:19,142 INFO  [Thread-0] root: Server listening on port: 50127
2021-03-18 23:06:19,163 INFO  [Thread-0] org.apache.zookeeper.ZooKeeper: Client environment:zookeeper.version=3.6.2--803c7f1a12f85978cb049af5e4ef23bd8b688715, built on 09/04/2020 12:44 GMT
2021-03-18 23:06:19,163 INFO  [Thread-0] org.apache.zookeeper.ZooKeeper: Client environment:host.name=localhost
2021-03-18 23:06:19,163 INFO  [Thread-0] org.apache.zookeeper.ZooKeeper: Client environment:java.version=11.0.10
2021-03-18 23:06:19,163 INFO  [Thread-0] org.apache.zookeeper.ZooKeeper: Client environment:java.vendor=Azul Systems, Inc.
2021-03-18 23:06:19,163 INFO  [Thread-0] org.apache.zookeeper.ZooKeeper: Client environment:java.home=/Users/steve/Library/Java/JavaVirtualMachines/azul-11.0.10/Contents/Home
2021-03-18 23:06:19,163 INFO  [Thread-0] org.apache.zookeeper.ZooKeeper: Client environment:java.class.path=/Users/steve/Desktop/UofT/year4/winter2021/ECE419/milestone3/m3-server.jar
2021-03-18 23:06:19,163 INFO  [Thread-0] org.apache.zookeeper.ZooKeeper: Client environment:java.library.path=/Users/steve/Library/Java/Extensions:/Library/Java/Extensions:/Network/Library/Java/Extensions:/System/Library/Java/Extensions:/usr/lib/java:.
2021-03-18 23:06:19,163 INFO  [Thread-0] org.apache.zookeeper.ZooKeeper: Client environment:java.io.tmpdir=/var/folders/kz/3gb57nkn6ks6_07_dtt5lqvr0000gn/T/
2021-03-18 23:06:19,163 INFO  [Thread-0] org.apache.zookeeper.ZooKeeper: Client environment:java.compiler=<NA>
2021-03-18 23:06:19,163 INFO  [Thread-0] org.apache.zookeeper.ZooKeeper: Client environment:os.name=Mac OS X
2021-03-18 23:06:19,163 INFO  [Thread-0] org.apache.zookeeper.ZooKeeper: Client environment:os.arch=x86_64
2021-03-18 23:06:19,163 INFO  [Thread-0] org.apache.zookeeper.ZooKeeper: Client environment:os.version=10.16
2021-03-18 23:06:19,164 INFO  [Thread-0] org.apache.zookeeper.ZooKeeper: Client environment:user.name=steve
2021-03-18 23:06:19,164 INFO  [Thread-0] org.apache.zookeeper.ZooKeeper: Client environment:user.home=/Users/steve
2021-03-18 23:06:19,164 INFO  [Thread-0] org.apache.zookeeper.ZooKeeper: Client environment:user.dir=/Users/steve
2021-03-18 23:06:19,164 INFO  [Thread-0] org.apache.zookeeper.ZooKeeper: Client environment:os.memory.free=249MB
2021-03-18 23:06:19,164 INFO  [Thread-0] org.apache.zookeeper.ZooKeeper: Client environment:os.memory.max=4096MB
2021-03-18 23:06:19,164 INFO  [Thread-0] org.apache.zookeeper.ZooKeeper: Client environment:os.memory.total=256MB
2021-03-18 23:06:19,167 INFO  [Thread-0] org.apache.zookeeper.ZooKeeper: Initiating client connection, connectString=localhost:2181 sessionTimeout=3000 watcher=app_kvServer.KVServer$1@777d7b53
2021-03-18 23:06:19,170 INFO  [Thread-0] org.apache.zookeeper.common.X509Util: Setting -D jdk.tls.rejectClientInitiatedRenegotiation=true to disable client-initiated TLS renegotiation
2021-03-18 23:06:19,182 INFO  [Thread-0] org.apache.zookeeper.ClientCnxnSocket: jute.maxbuffer value is 1048575 Bytes
2021-03-18 23:06:19,189 INFO  [Thread-0] org.apache.zookeeper.ClientCnxn: zookeeper.request.timeout value is 0. feature enabled=false
2021-03-18 23:06:19,200 DEBUG [Thread-0-SendThread(localhost:2181)] org.apache.zookeeper.SaslServerPrincipal: Canonicalized address to localhost
2021-03-18 23:06:19,201 INFO  [Thread-0-SendThread(localhost:2181)] org.apache.zookeeper.ClientCnxn: Opening socket connection to server localhost/127.0.0.1:2181.
2021-03-18 23:06:19,202 INFO  [Thread-0-SendThread(localhost:2181)] org.apache.zookeeper.ClientCnxn: SASL config status: Will not attempt to authenticate using SASL (unknown error)
2021-03-18 23:06:19,218 INFO  [Thread-0-SendThread(localhost:2181)] org.apache.zookeeper.ClientCnxn: Socket connection established, initiating session, client: /127.0.0.1:53779, server: localhost/127.0.0.1:2181
2021-03-18 23:06:19,219 DEBUG [Thread-0-SendThread(localhost:2181)] org.apache.zookeeper.ClientCnxn: Session establishment request sent on localhost/127.0.0.1:2181
2021-03-18 23:06:19,248 TRACE [Thread-0-SendThread(localhost:2181)] org.apache.zookeeper.ClientCnxnSocket: readConnectResult 37 0x[0,0,0,0,0,0,f,ffffffa0,1,0,14,ffffffbd,52,70,0,ffffffbb,0,0,0,10,ffffff8c,38,70,2a,ffffffab,fffffff7,ffffff95,39,7b,ffffff89,7c,1a,ffffff9b,ffffff90,ffffff8f,47,0,]
2021-03-18 23:06:19,250 INFO  [Thread-0-SendThread(localhost:2181)] org.apache.zookeeper.ClientCnxn: Session establishment complete on server localhost/127.0.0.1:2181, session id = 0x10014bd527000bb, negotiated timeout = 4000
2021-03-18 23:06:19,253 DEBUG [Thread-0-EventThread] root: ZK event: 
2021-03-18 23:06:19,254 DEBUG [Thread-0-EventThread] root: WatchedEvent state:SyncConnected type:None path:null
2021-03-18 23:06:19,282 DEBUG [Thread-0-SendThread(localhost:2181)] org.apache.zookeeper.ClientCnxn: Reading reply session id: 0x10014bd527000bb, packet:: clientPath:null serverPath:null finished:false header:: 1,1  replyHeader:: 1,605,0  request:: '/keeper/server128,,v{s{31,s{'world,'anyone}}},1  response:: '/keeper/server128 
2021-03-18 23:06:19,287 DEBUG [Thread-0-SendThread(localhost:2181)] org.apache.zookeeper.ClientCnxn: Reading reply session id: 0x10014bd527000bb, packet:: clientPath:null serverPath:null finished:false header:: 2,3  replyHeader:: 2,605,0  request:: '/keeper/server128,T  response:: s{605,605,1616123179254,1616123179254,0,0,0,72080397402374331,0,0,605} 
2021-03-18 23:06:19,315 DEBUG [Thread-0-SendThread(localhost:2181)] org.apache.zookeeper.ClientCnxn: Got notification session id: 0x10014bd527000bb
2021-03-18 23:06:19,316 DEBUG [Thread-0-SendThread(localhost:2181)] org.apache.zookeeper.ClientCnxn: Got WatchedEvent state:SyncConnected type:NodeDataChanged path:/keeper/server128 for session id 0x10014bd527000bb
2021-03-18 23:06:19,317 DEBUG [Thread-0-EventThread] root: ZK event: 
2021-03-18 23:06:19,317 DEBUG [Thread-0-EventThread] root: WatchedEvent state:SyncConnected type:NodeDataChanged path:/keeper/server128
2021-03-18 23:06:19,318 DEBUG [Thread-0-SendThread(localhost:2181)] org.apache.zookeeper.ClientCnxn: Reading reply session id: 0x10014bd527000bb, packet:: clientPath:null serverPath:null finished:false header:: 3,5  replyHeader:: 3,606,0  request:: '/keeper/server128,#3132372e302e302e313a3530313237,0  response:: s{605,606,1616123179254,1616123179289,1,0,0,72080397402374331,15,0,605} 
2021-03-18 23:06:19,318 INFO  [Thread-0] root: Node created at: /keeper/server128
Starting commModule
2021-03-18 23:06:19,325 INFO  [Thread-0] root: Server communication module connected
2021-03-18 23:06:19,326 INFO  [Thread-0] root: Connected to localhost on port 53780
2021-03-18 23:06:19,334 INFO  [Thread-1] root: Message received by server -> Status: INIT_SERVER
received adminmsg
2021-03-18 23:06:19,335 INFO  [Thread-1] root: Message sent by server -> Status: INIT_SERVER_SUCCESS
2021-03-18 23:06:19,335 INFO  [Thread-1] root: Message received by server -> Status: START
received adminmsg
2021-03-18 23:06:19,335 INFO  [Thread-1] root: Message sent by server -> Status: START_SUCCESS
Starting commModule
2021-03-18 23:06:19,341 INFO  [Thread-0] root: Server communication module connected
2021-03-18 23:06:19,342 INFO  [Thread-0] root: Connected to localhost on port 53783
Starting commModule
2021-03-18 23:06:19,344 INFO  [Thread-0] root: Server communication module connected
2021-03-18 23:06:19,345 INFO  [Thread-0] root: Connected to localhost on port 53786
Starting commModule
2021-03-18 23:06:19,348 INFO  [Thread-0] root: Server communication module connected
2021-03-18 23:06:19,349 INFO  [Thread-0] root: Connected to localhost on port 53788
2021-03-18 23:06:19,349 INFO  [Thread-4] root: Message received by server -> Status: UPDATE
received adminmsg
2021-03-18 23:06:19,350 INFO  [Thread-4] root: Message sent by server -> Status: UPDATE_SUCCESS
Starting commModule
2021-03-18 23:06:19,353 INFO  [Thread-0] root: Server communication module connected
2021-03-18 23:06:19,354 INFO  [Thread-0] root: Connected to localhost on port 53790
Starting commModule
2021-03-18 23:06:19,355 INFO  [Thread-0] root: Server communication module connected
2021-03-18 23:06:19,355 INFO  [Thread-0] root: Connected to localhost on port 53792
2021-03-18 23:06:19,356 INFO  [Thread-6] root: Message received by server -> Status: PROPAGATE_ADMIN
received adminmsg
2021-03-18 23:06:19,361 DEBUG [Thread-6] root: Getting successors
2021-03-18 23:06:19,361 DEBUG [Thread-6] root: Got successors
2021-03-18 23:06:19,362 DEBUG [Thread-6] root: Propagating to: 127.0.0.1:50113 127.0.0.1:50127
2021-03-18 23:06:19,364 INFO  [Thread-6] root: Client communication module connected
Starting commModule
2021-03-18 23:06:19,364 INFO  [Thread-0] root: Server communication module connected
2021-03-18 23:06:19,364 INFO  [Thread-6] root: Client communication module connected
2021-03-18 23:06:19,364 DEBUG [Thread-6] root: {}
2021-03-18 23:06:19,365 INFO  [Thread-0] root: Connected to localhost on port 53794
2021-03-18 23:06:19,365 INFO  [Thread-6] root: Message sent by server -> Status: PROPAGATE_SUCCESS
Starting commModule
2021-03-18 23:06:19,380 INFO  [Thread-0] root: Server communication module connected
2021-03-18 23:06:19,381 INFO  [Thread-0] root: Connected to localhost on port 53796
2021-03-18 23:06:19,385 INFO  [Thread-8] root: Message received by server -> Status: PROPAGATE
2021-03-18 23:06:19,385 DEBUG [Thread-8] root: In serve
2021-03-18 23:06:19,385 DEBUG [Thread-8] root: Checking if stopped or write locked
2021-03-18 23:06:19,385 DEBUG [Thread-8] root: Case propagate
2021-03-18 23:06:19,385 DEBUG [Thread-8] root: Passing to server
2021-03-18 23:06:19,386 DEBUG [Thread-8] root: Getting Predecessors
2021-03-18 23:06:19,386 DEBUG [Thread-8] root: Looking for 127.0.0.1:50127
2021-03-18 23:06:19,386 DEBUG [Thread-8] root: [127.0.0.1:50127, 127.0.0.1:50113]
2021-03-18 23:06:19,386 DEBUG [Thread-8] root: Predecessors:
2021-03-18 23:06:19,386 DEBUG [Thread-8] root: [127.0.0.1:50127, 127.0.0.1:50113]
2021-03-18 23:06:19,386 DEBUG [Thread-8] root: Looking for 127.0.0.1:50113
2021-03-18 23:06:19,386 DEBUG [Thread-8] root: Index of predecessor: 1
2021-03-18 23:06:19,386 DEBUG [Thread-8] root: Server Stuff
2021-03-18 23:06:19,387 INFO  [Thread-8] root: Put: key = k1, value = v1
2021-03-18 23:06:19,388 INFO  [Thread-8] root: Message sent by server -> Status: PROPAGATE_SUCCESS Key: null Value: null
Starting commModule
2021-03-18 23:06:19,392 INFO  [Thread-0] root: Server communication module connected
2021-03-18 23:06:19,392 INFO  [Thread-0] root: Connected to localhost on port 53798
2021-03-18 23:06:19,393 INFO  [Thread-9] root: Message received by server -> Status: PROPAGATE
2021-03-18 23:06:19,393 DEBUG [Thread-9] root: In serve
2021-03-18 23:06:19,393 DEBUG [Thread-9] root: Checking if stopped or write locked
2021-03-18 23:06:19,393 DEBUG [Thread-9] root: Case propagate
2021-03-18 23:06:19,394 DEBUG [Thread-9] root: Passing to server
2021-03-18 23:06:19,394 DEBUG [Thread-9] root: Getting Predecessors
2021-03-18 23:06:19,394 DEBUG [Thread-9] root: Looking for 127.0.0.1:50127
2021-03-18 23:06:19,394 DEBUG [Thread-9] root: [127.0.0.1:50127, 127.0.0.1:50113]
2021-03-18 23:06:19,394 DEBUG [Thread-9] root: Predecessors:
2021-03-18 23:06:19,394 DEBUG [Thread-9] root: [127.0.0.1:50127, 127.0.0.1:50113]
2021-03-18 23:06:19,394 DEBUG [Thread-9] root: Looking for 127.0.0.1:50113
2021-03-18 23:06:19,394 DEBUG [Thread-9] root: Index of predecessor: 1
2021-03-18 23:06:19,394 DEBUG [Thread-9] root: Server Stuff
2021-03-18 23:06:19,394 INFO  [Thread-9] root: Put: key = k2, value = v2
2021-03-18 23:06:19,395 INFO  [Thread-9] root: Message sent by server -> Status: PROPAGATE_SUCCESS Key: null Value: null
Starting commModule
2021-03-18 23:06:19,399 INFO  [Thread-0] root: Server communication module connected
2021-03-18 23:06:19,399 INFO  [Thread-0] root: Connected to localhost on port 53800
2021-03-18 23:06:19,399 INFO  [Thread-10] root: Message received by server -> Status: PUT Key: k3 Value: v3
2021-03-18 23:06:19,400 DEBUG [Thread-10] root: In serve
2021-03-18 23:06:19,400 DEBUG [Thread-10] root: Checking if stopped or write locked
2021-03-18 23:06:19,400 DEBUG [Thread-10] root: PUT request being served
2021-03-18 23:06:19,400 DEBUG [Thread-10] root: Checking if it's in range
2021-03-18 23:06:19,407 DEBUG [Thread-10] root: Got hostname and port -> 127.0.0.1:50127
2021-03-18 23:06:19,407 DEBUG [Thread-10] root: Got metadata range: d30aebd1d9ebc848ae5e057815b06501:405476b204c651e28b31de182ed6cd57
2021-03-18 23:06:19,407 DEBUG [Thread-10] root: 127.0.0.1:50127 -> d30aebd1d9ebc848ae5e057815b06501:405476b204c651e28b31de182ed6cd57
2021-03-18 23:06:19,407 DEBUG [Thread-10] root: 127.0.0.1:50113 -> 405476b204c651e28b31de182ed6cd58:d30aebd1d9ebc848ae5e057815b06500
2021-03-18 23:06:19,408 DEBUG [Thread-10] root: Got range big ints
2021-03-18 23:06:19,408 DEBUG [Thread-10] root: Range end < range start
2021-03-18 23:06:19,408 DEBUG [Thread-10] root: Done with range check in server
2021-03-18 23:06:19,408 DEBUG [Thread-10] root: In range
2021-03-18 23:06:19,408 INFO  [Thread-10] root: Put: key = k3, value = v3
2021-03-18 23:06:19,408 DEBUG [Thread-10] root: Getting successors
2021-03-18 23:06:19,408 DEBUG [Thread-10] root: Got successors
2021-03-18 23:06:19,408 DEBUG [Thread-10] root: Propagating to: 127.0.0.1:50113 127.0.0.1:50127
2021-03-18 23:06:19,409 INFO  [Thread-10] root: Client communication module connected
Starting commModule
2021-03-18 23:06:19,409 INFO  [Thread-10] root: Client communication module connected
2021-03-18 23:06:19,409 DEBUG [Thread-10] root: {"k3":"v3"}
2021-03-18 23:06:19,409 INFO  [Thread-0] root: Server communication module connected
2021-03-18 23:06:19,410 INFO  [Thread-0] root: Connected to localhost on port 53802
2021-03-18 23:06:19,411 INFO  [Thread-10] root: Message sent by client -> Status: PROPAGATE
2021-03-18 23:06:19,412 INFO  [Thread-10] root: Message sent by client -> Status: PROPAGATE
2021-03-18 23:06:19,413 INFO  [Thread-11] root: Message received by server -> Status: PROPAGATE
2021-03-18 23:06:19,413 DEBUG [Thread-11] root: In serve
2021-03-18 23:06:19,413 DEBUG [Thread-11] root: Checking if stopped or write locked
2021-03-18 23:06:19,413 DEBUG [Thread-11] root: Case propagate
2021-03-18 23:06:19,413 DEBUG [Thread-11] root: Passing to server
2021-03-18 23:06:19,413 DEBUG [Thread-11] root: Getting Predecessors
2021-03-18 23:06:19,413 DEBUG [Thread-11] root: Looking for 127.0.0.1:50127
2021-03-18 23:06:19,413 DEBUG [Thread-11] root: [127.0.0.1:50127, 127.0.0.1:50113]
2021-03-18 23:06:19,413 DEBUG [Thread-11] root: Predecessors:
2021-03-18 23:06:19,413 DEBUG [Thread-11] root: [127.0.0.1:50127, 127.0.0.1:50113]
2021-03-18 23:06:19,413 DEBUG [Thread-11] root: Looking for 127.0.0.1:50127
2021-03-18 23:06:19,413 DEBUG [Thread-11] root: Index of predecessor: 0
2021-03-18 23:06:19,413 DEBUG [Thread-11] root: Server Stuff
2021-03-18 23:06:19,413 INFO  [Thread-11] root: Put: key = k3, value = v3
2021-03-18 23:06:19,414 INFO  [Thread-11] root: Message sent by server -> Status: PROPAGATE_SUCCESS Key: null Value: null
2021-03-18 23:06:19,415 INFO  [Thread-10] root: Message received by client -> Status: PROPAGATE_SUCCESS Key: null Value: null
2021-03-18 23:06:19,415 INFO  [Thread-10] root: Message received by client -> Status: PROPAGATE_SUCCESS Key: null Value: null
2021-03-18 23:06:19,415 INFO  [Thread-10] root: Message sent by server -> Status: PUT_SUCCESS Key: k3 Value: v3
2021-03-18 23:06:19,416 INFO  [Thread-10] root: Message received by server -> Status: PUT Key: k4 Value: v4
2021-03-18 23:06:19,416 DEBUG [Thread-10] root: In serve
2021-03-18 23:06:19,416 DEBUG [Thread-10] root: Checking if stopped or write locked
2021-03-18 23:06:19,416 DEBUG [Thread-10] root: PUT request being served
2021-03-18 23:06:19,416 DEBUG [Thread-10] root: Checking if it's in range
2021-03-18 23:06:19,416 DEBUG [Thread-10] root: Got hostname and port -> 127.0.0.1:50127
2021-03-18 23:06:19,416 DEBUG [Thread-10] root: Got metadata range: d30aebd1d9ebc848ae5e057815b06501:405476b204c651e28b31de182ed6cd57
2021-03-18 23:06:19,416 DEBUG [Thread-10] root: 127.0.0.1:50127 -> d30aebd1d9ebc848ae5e057815b06501:405476b204c651e28b31de182ed6cd57
2021-03-18 23:06:19,416 DEBUG [Thread-10] root: 127.0.0.1:50113 -> 405476b204c651e28b31de182ed6cd58:d30aebd1d9ebc848ae5e057815b06500
2021-03-18 23:06:19,416 DEBUG [Thread-10] root: Got range big ints
2021-03-18 23:06:19,416 DEBUG [Thread-10] root: Range end < range start
2021-03-18 23:06:19,417 DEBUG [Thread-10] root: Done with range check in server
2021-03-18 23:06:19,417 DEBUG [Thread-10] root: Not in range
2021-03-18 23:06:19,418 INFO  [Thread-10] root: Message sent by server -> Status: SERVER_NOT_RESPONSIBLE Key: k4 Value: null
Starting commModule
2021-03-18 23:06:19,422 INFO  [Thread-0] root: Server communication module connected
2021-03-18 23:06:19,423 INFO  [Thread-0] root: Connected to localhost on port 53804
2021-03-18 23:06:19,424 INFO  [Thread-12] root: Message received by server -> Status: PROPAGATE
2021-03-18 23:06:19,424 DEBUG [Thread-12] root: In serve
2021-03-18 23:06:19,424 DEBUG [Thread-12] root: Checking if stopped or write locked
2021-03-18 23:06:19,424 DEBUG [Thread-12] root: Case propagate
2021-03-18 23:06:19,424 DEBUG [Thread-12] root: Passing to server
2021-03-18 23:06:19,424 DEBUG [Thread-12] root: Getting Predecessors
2021-03-18 23:06:19,424 DEBUG [Thread-12] root: Looking for 127.0.0.1:50127
2021-03-18 23:06:19,425 DEBUG [Thread-12] root: [127.0.0.1:50127, 127.0.0.1:50113]
2021-03-18 23:06:19,425 DEBUG [Thread-12] root: Predecessors:
2021-03-18 23:06:19,425 DEBUG [Thread-12] root: [127.0.0.1:50127, 127.0.0.1:50113]
2021-03-18 23:06:19,425 DEBUG [Thread-12] root: Looking for 127.0.0.1:50113
2021-03-18 23:06:19,425 DEBUG [Thread-12] root: Index of predecessor: 1
2021-03-18 23:06:19,425 DEBUG [Thread-12] root: Server Stuff
2021-03-18 23:06:19,425 INFO  [Thread-12] root: Put: key = k4, value = v4
2021-03-18 23:06:19,426 INFO  [Thread-12] root: Message sent by server -> Status: PROPAGATE_SUCCESS Key: null Value: null
Starting commModule
2021-03-18 23:06:19,436 INFO  [Thread-0] root: Server communication module connected
2021-03-18 23:06:19,437 INFO  [Thread-0] root: Connected to localhost on port 53806
2021-03-18 23:06:19,438 INFO  [Thread-13] root: Message received by server -> Status: PROPAGATE
2021-03-18 23:06:19,438 DEBUG [Thread-13] root: In serve
2021-03-18 23:06:19,438 DEBUG [Thread-13] root: Checking if stopped or write locked
2021-03-18 23:06:19,438 DEBUG [Thread-13] root: Case propagate
2021-03-18 23:06:19,438 DEBUG [Thread-13] root: Passing to server
2021-03-18 23:06:19,438 DEBUG [Thread-13] root: Getting Predecessors
2021-03-18 23:06:19,438 DEBUG [Thread-13] root: Looking for 127.0.0.1:50127
2021-03-18 23:06:19,438 DEBUG [Thread-13] root: [127.0.0.1:50127, 127.0.0.1:50113]
2021-03-18 23:06:19,438 DEBUG [Thread-13] root: Predecessors:
2021-03-18 23:06:19,438 DEBUG [Thread-13] root: [127.0.0.1:50127, 127.0.0.1:50113]
2021-03-18 23:06:19,438 DEBUG [Thread-13] root: Looking for 127.0.0.1:50113
2021-03-18 23:06:19,439 DEBUG [Thread-13] root: Index of predecessor: 1
2021-03-18 23:06:19,439 DEBUG [Thread-13] root: Server Stuff
2021-03-18 23:06:19,439 INFO  [Thread-13] root: Delete: key = k1
2021-03-18 23:06:19,439 INFO  [Thread-13] root: Updating storage
2021-03-18 23:06:19,439 INFO  [Thread-13] root: Message sent by server -> Status: PROPAGATE_SUCCESS Key: null Value: null
Starting commModule
2021-03-18 23:06:19,442 INFO  [Thread-0] root: Server communication module connected
2021-03-18 23:06:19,443 INFO  [Thread-0] root: Connected to localhost on port 53808
2021-03-18 23:06:19,444 INFO  [Thread-14] root: Message received by server -> Status: PROPAGATE
2021-03-18 23:06:19,444 DEBUG [Thread-14] root: In serve
2021-03-18 23:06:19,444 DEBUG [Thread-14] root: Checking if stopped or write locked
2021-03-18 23:06:19,444 DEBUG [Thread-14] root: Case propagate
2021-03-18 23:06:19,444 DEBUG [Thread-14] root: Passing to server
2021-03-18 23:06:19,444 DEBUG [Thread-14] root: Getting Predecessors
2021-03-18 23:06:19,444 DEBUG [Thread-14] root: Looking for 127.0.0.1:50127
2021-03-18 23:06:19,444 DEBUG [Thread-14] root: [127.0.0.1:50127, 127.0.0.1:50113]
2021-03-18 23:06:19,444 DEBUG [Thread-14] root: Predecessors:
2021-03-18 23:06:19,444 DEBUG [Thread-14] root: [127.0.0.1:50127, 127.0.0.1:50113]
2021-03-18 23:06:19,445 DEBUG [Thread-14] root: Looking for 127.0.0.1:50113
2021-03-18 23:06:19,445 DEBUG [Thread-14] root: Index of predecessor: 1
2021-03-18 23:06:19,445 DEBUG [Thread-14] root: Server Stuff
2021-03-18 23:06:19,445 INFO  [Thread-14] root: Delete: key = k2
2021-03-18 23:06:19,445 INFO  [Thread-14] root: Updating storage
2021-03-18 23:06:19,445 INFO  [Thread-14] root: Message sent by server -> Status: PROPAGATE_SUCCESS Key: null Value: null
Starting commModule
2021-03-18 23:06:19,448 INFO  [Thread-0] root: Server communication module connected
2021-03-18 23:06:19,449 INFO  [Thread-0] root: Connected to localhost on port 53810
2021-03-18 23:06:19,449 INFO  [Thread-15] root: Message received by server -> Status: PUT Key: k3 Value: null
2021-03-18 23:06:19,449 DEBUG [Thread-15] root: In serve
2021-03-18 23:06:19,449 DEBUG [Thread-15] root: Checking if stopped or write locked
2021-03-18 23:06:19,449 DEBUG [Thread-15] root: PUT request being served
2021-03-18 23:06:19,449 DEBUG [Thread-15] root: Checking if it's in range
2021-03-18 23:06:19,449 DEBUG [Thread-15] root: Got hostname and port -> 127.0.0.1:50127
2021-03-18 23:06:19,449 DEBUG [Thread-15] root: Got metadata range: d30aebd1d9ebc848ae5e057815b06501:405476b204c651e28b31de182ed6cd57
2021-03-18 23:06:19,449 DEBUG [Thread-15] root: 127.0.0.1:50127 -> d30aebd1d9ebc848ae5e057815b06501:405476b204c651e28b31de182ed6cd57
2021-03-18 23:06:19,449 DEBUG [Thread-15] root: 127.0.0.1:50113 -> 405476b204c651e28b31de182ed6cd58:d30aebd1d9ebc848ae5e057815b06500
2021-03-18 23:06:19,450 DEBUG [Thread-15] root: Got range big ints
2021-03-18 23:06:19,450 DEBUG [Thread-15] root: Range end < range start
2021-03-18 23:06:19,450 DEBUG [Thread-15] root: Done with range check in server
2021-03-18 23:06:19,450 DEBUG [Thread-15] root: In range
2021-03-18 23:06:19,450 INFO  [Thread-15] root: Delete: key = k3
2021-03-18 23:06:19,450 INFO  [Thread-15] root: Updating storage
2021-03-18 23:06:19,451 DEBUG [Thread-15] root: Getting successors
2021-03-18 23:06:19,451 DEBUG [Thread-15] root: Got successors
2021-03-18 23:06:19,451 DEBUG [Thread-15] root: Propagating to: 127.0.0.1:50113 127.0.0.1:50127
2021-03-18 23:06:19,451 INFO  [Thread-15] root: Client communication module connected
Starting commModule
2021-03-18 23:06:19,452 INFO  [Thread-0] root: Server communication module connected
2021-03-18 23:06:19,452 INFO  [Thread-15] root: Client communication module connected
2021-03-18 23:06:19,452 DEBUG [Thread-15] root: {"k3":null}
2021-03-18 23:06:19,452 INFO  [Thread-0] root: Connected to localhost on port 53812
2021-03-18 23:06:19,452 INFO  [Thread-15] root: Message sent by client -> Status: PROPAGATE
2021-03-18 23:06:19,453 INFO  [Thread-15] root: Message sent by client -> Status: PROPAGATE
2021-03-18 23:06:19,453 INFO  [Thread-16] root: Message received by server -> Status: PROPAGATE
2021-03-18 23:06:19,454 DEBUG [Thread-16] root: In serve
2021-03-18 23:06:19,454 DEBUG [Thread-16] root: Checking if stopped or write locked
2021-03-18 23:06:19,454 DEBUG [Thread-16] root: Case propagate
2021-03-18 23:06:19,454 DEBUG [Thread-16] root: Passing to server
2021-03-18 23:06:19,454 DEBUG [Thread-16] root: Getting Predecessors
2021-03-18 23:06:19,454 DEBUG [Thread-16] root: Looking for 127.0.0.1:50127
2021-03-18 23:06:19,454 DEBUG [Thread-16] root: [127.0.0.1:50127, 127.0.0.1:50113]
2021-03-18 23:06:19,454 DEBUG [Thread-16] root: Predecessors:
2021-03-18 23:06:19,454 DEBUG [Thread-16] root: [127.0.0.1:50127, 127.0.0.1:50113]
2021-03-18 23:06:19,454 DEBUG [Thread-16] root: Looking for 127.0.0.1:50127
2021-03-18 23:06:19,454 DEBUG [Thread-16] root: Index of predecessor: 0
2021-03-18 23:06:19,454 DEBUG [Thread-16] root: Server Stuff
2021-03-18 23:06:19,454 INFO  [Thread-16] root: Delete: key = k3
2021-03-18 23:06:19,454 INFO  [Thread-16] root: Updating storage
2021-03-18 23:06:19,455 INFO  [Thread-15] root: Message received by client -> Status: PROPAGATE_SUCCESS Key: null Value: null
2021-03-18 23:06:19,455 INFO  [Thread-16] root: Message sent by server -> Status: PROPAGATE_SUCCESS Key: null Value: null
2021-03-18 23:06:19,455 INFO  [Thread-15] root: Message received by client -> Status: PROPAGATE_SUCCESS Key: null Value: null
2021-03-18 23:06:19,455 INFO  [Thread-15] root: Message sent by server -> Status: DELETE_SUCCESS Key: k3 Value: null
2021-03-18 23:06:19,456 INFO  [Thread-15] root: Message received by server -> Status: PUT Key: k4 Value: null
2021-03-18 23:06:19,456 DEBUG [Thread-15] root: In serve
2021-03-18 23:06:19,456 DEBUG [Thread-15] root: Checking if stopped or write locked
2021-03-18 23:06:19,456 DEBUG [Thread-15] root: PUT request being served
2021-03-18 23:06:19,456 DEBUG [Thread-15] root: Checking if it's in range
2021-03-18 23:06:19,456 DEBUG [Thread-15] root: Got hostname and port -> 127.0.0.1:50127
2021-03-18 23:06:19,456 DEBUG [Thread-15] root: Got metadata range: d30aebd1d9ebc848ae5e057815b06501:405476b204c651e28b31de182ed6cd57
2021-03-18 23:06:19,456 DEBUG [Thread-15] root: 127.0.0.1:50127 -> d30aebd1d9ebc848ae5e057815b06501:405476b204c651e28b31de182ed6cd57
2021-03-18 23:06:19,456 DEBUG [Thread-15] root: 127.0.0.1:50113 -> 405476b204c651e28b31de182ed6cd58:d30aebd1d9ebc848ae5e057815b06500
2021-03-18 23:06:19,457 DEBUG [Thread-15] root: Got range big ints
2021-03-18 23:06:19,457 DEBUG [Thread-15] root: Range end < range start
2021-03-18 23:06:19,457 DEBUG [Thread-15] root: Done with range check in server
2021-03-18 23:06:19,457 DEBUG [Thread-15] root: Not in range
2021-03-18 23:06:19,457 INFO  [Thread-15] root: Message sent by server -> Status: SERVER_NOT_RESPONSIBLE Key: k4 Value: null
Starting commModule
2021-03-18 23:06:19,460 INFO  [Thread-0] root: Server communication module connected
2021-03-18 23:06:19,461 INFO  [Thread-0] root: Connected to localhost on port 53814
2021-03-18 23:06:19,462 INFO  [Thread-17] root: Message received by server -> Status: PROPAGATE
2021-03-18 23:06:19,462 DEBUG [Thread-17] root: In serve
2021-03-18 23:06:19,462 DEBUG [Thread-17] root: Checking if stopped or write locked
2021-03-18 23:06:19,462 DEBUG [Thread-17] root: Case propagate
2021-03-18 23:06:19,462 DEBUG [Thread-17] root: Passing to server
2021-03-18 23:06:19,462 DEBUG [Thread-17] root: Getting Predecessors
2021-03-18 23:06:19,462 DEBUG [Thread-17] root: Looking for 127.0.0.1:50127
2021-03-18 23:06:19,462 DEBUG [Thread-17] root: [127.0.0.1:50127, 127.0.0.1:50113]
2021-03-18 23:06:19,462 DEBUG [Thread-17] root: Predecessors:
2021-03-18 23:06:19,462 DEBUG [Thread-17] root: [127.0.0.1:50127, 127.0.0.1:50113]
2021-03-18 23:06:19,462 DEBUG [Thread-17] root: Looking for 127.0.0.1:50113
2021-03-18 23:06:19,462 DEBUG [Thread-17] root: Index of predecessor: 1
2021-03-18 23:06:19,462 DEBUG [Thread-17] root: Server Stuff
2021-03-18 23:06:19,463 INFO  [Thread-17] root: Delete: key = k4
2021-03-18 23:06:19,463 INFO  [Thread-17] root: Updating storage
2021-03-18 23:06:19,463 INFO  [Thread-17] root: Message sent by server -> Status: PROPAGATE_SUCCESS Key: null Value: null
Starting commModule
2021-03-18 23:06:19,467 INFO  [Thread-0] root: Server communication module connected
2021-03-18 23:06:19,468 INFO  [Thread-0] root: Connected to localhost on port 53817
2021-03-18 23:06:19,468 INFO  [Thread-18] root: Message received by server -> Status: SHUTDOWN
received adminmsg
2021-03-18 23:06:19,468 DEBUG [Thread-18] root: Closing the program
2021-03-18 23:06:19,469 INFO  [Thread-18] root: Message sent by server -> Status: SHUTDOWN_SUCCESS
2021-03-18 23:06:19,469 ERROR [Thread-0] root: Error! Unable to establish connection. 

java.net.SocketException: Socket closed
	at java.base/java.net.PlainSocketImpl.socketAccept(Native Method)
	at java.base/java.net.AbstractPlainSocketImpl.accept(AbstractPlainSocketImpl.java:458)
	at java.base/java.net.ServerSocket.implAccept(ServerSocket.java:565)
	at java.base/java.net.ServerSocket.accept(ServerSocket.java:533)
	at app_kvServer.KVServer.run(KVServer.java:408)
2021-03-18 23:06:19,471 INFO  [Thread-0] root: Server stopped.
2021-03-18 23:06:19,471 INFO  [Thread-0] root: Clearing KV Storage...
