2021-03-18 22:26:04,584 INFO  [main] root: Creating Storage Files
2021-03-18 22:26:04,585 INFO  [main] root: File created: server103.json
2021-03-18 22:26:04,585 INFO  [main] root: File created: server103_replica_1.json
2021-03-18 22:26:04,585 INFO  [main] root: File created: server103_replica_2.json
2021-03-18 22:26:04,585 INFO  [Thread-0] root: Initialize server ...
2021-03-18 22:26:04,600 INFO  [Thread-0] root: Server listening on port: 50102
2021-03-18 22:26:04,625 INFO  [Thread-0] org.apache.zookeeper.ZooKeeper: Client environment:zookeeper.version=3.6.2--803c7f1a12f85978cb049af5e4ef23bd8b688715, built on 09/04/2020 12:44 GMT
2021-03-18 22:26:04,626 INFO  [Thread-0] org.apache.zookeeper.ZooKeeper: Client environment:host.name=localhost
2021-03-18 22:26:04,626 INFO  [Thread-0] org.apache.zookeeper.ZooKeeper: Client environment:java.version=11.0.10
2021-03-18 22:26:04,626 INFO  [Thread-0] org.apache.zookeeper.ZooKeeper: Client environment:java.vendor=Azul Systems, Inc.
2021-03-18 22:26:04,626 INFO  [Thread-0] org.apache.zookeeper.ZooKeeper: Client environment:java.home=/Users/steve/Library/Java/JavaVirtualMachines/azul-11.0.10/Contents/Home
2021-03-18 22:26:04,626 INFO  [Thread-0] org.apache.zookeeper.ZooKeeper: Client environment:java.class.path=/Users/steve/Desktop/UofT/year4/winter2021/ECE419/milestone3/m3-server.jar
2021-03-18 22:26:04,626 INFO  [Thread-0] org.apache.zookeeper.ZooKeeper: Client environment:java.library.path=/Users/steve/Library/Java/Extensions:/Library/Java/Extensions:/Network/Library/Java/Extensions:/System/Library/Java/Extensions:/usr/lib/java:.
2021-03-18 22:26:04,626 INFO  [Thread-0] org.apache.zookeeper.ZooKeeper: Client environment:java.io.tmpdir=/var/folders/kz/3gb57nkn6ks6_07_dtt5lqvr0000gn/T/
2021-03-18 22:26:04,626 INFO  [Thread-0] org.apache.zookeeper.ZooKeeper: Client environment:java.compiler=<NA>
2021-03-18 22:26:04,626 INFO  [Thread-0] org.apache.zookeeper.ZooKeeper: Client environment:os.name=Mac OS X
2021-03-18 22:26:04,626 INFO  [Thread-0] org.apache.zookeeper.ZooKeeper: Client environment:os.arch=x86_64
2021-03-18 22:26:04,626 INFO  [Thread-0] org.apache.zookeeper.ZooKeeper: Client environment:os.version=10.16
2021-03-18 22:26:04,627 INFO  [Thread-0] org.apache.zookeeper.ZooKeeper: Client environment:user.name=steve
2021-03-18 22:26:04,627 INFO  [Thread-0] org.apache.zookeeper.ZooKeeper: Client environment:user.home=/Users/steve
2021-03-18 22:26:04,627 INFO  [Thread-0] org.apache.zookeeper.ZooKeeper: Client environment:user.dir=/Users/steve
2021-03-18 22:26:04,627 INFO  [Thread-0] org.apache.zookeeper.ZooKeeper: Client environment:os.memory.free=249MB
2021-03-18 22:26:04,627 INFO  [Thread-0] org.apache.zookeeper.ZooKeeper: Client environment:os.memory.max=4096MB
2021-03-18 22:26:04,627 INFO  [Thread-0] org.apache.zookeeper.ZooKeeper: Client environment:os.memory.total=256MB
2021-03-18 22:26:04,630 INFO  [Thread-0] org.apache.zookeeper.ZooKeeper: Initiating client connection, connectString=localhost:2181 sessionTimeout=3000 watcher=app_kvServer.KVServer$1@1b84e5c2
2021-03-18 22:26:04,634 INFO  [Thread-0] org.apache.zookeeper.common.X509Util: Setting -D jdk.tls.rejectClientInitiatedRenegotiation=true to disable client-initiated TLS renegotiation
2021-03-18 22:26:04,647 INFO  [Thread-0] org.apache.zookeeper.ClientCnxnSocket: jute.maxbuffer value is 1048575 Bytes
2021-03-18 22:26:04,654 INFO  [Thread-0] org.apache.zookeeper.ClientCnxn: zookeeper.request.timeout value is 0. feature enabled=false
2021-03-18 22:26:04,665 DEBUG [Thread-0-SendThread(localhost:2181)] org.apache.zookeeper.SaslServerPrincipal: Canonicalized address to localhost
2021-03-18 22:26:04,666 INFO  [Thread-0-SendThread(localhost:2181)] org.apache.zookeeper.ClientCnxn: Opening socket connection to server localhost/0:0:0:0:0:0:0:1:2181.
2021-03-18 22:26:04,666 INFO  [Thread-0-SendThread(localhost:2181)] org.apache.zookeeper.ClientCnxn: SASL config status: Will not attempt to authenticate using SASL (unknown error)
2021-03-18 22:26:04,684 INFO  [Thread-0-SendThread(localhost:2181)] org.apache.zookeeper.ClientCnxn: Socket connection established, initiating session, client: /0:0:0:0:0:0:0:1:52115, server: localhost/0:0:0:0:0:0:0:1:2181
2021-03-18 22:26:04,684 DEBUG [Thread-0-SendThread(localhost:2181)] org.apache.zookeeper.ClientCnxn: Session establishment request sent on localhost/0:0:0:0:0:0:0:1:2181
2021-03-18 22:26:04,713 TRACE [Thread-0-SendThread(localhost:2181)] org.apache.zookeeper.ClientCnxnSocket: readConnectResult 37 0x[0,0,0,0,0,0,f,ffffffa0,1,0,14,ffffffbd,52,70,0,57,0,0,0,10,30,60,ffffffdc,26,25,d,ffffffa8,31,ffffffeb,56,69,ffffff8d,ffffff91,fffffff1,12,40,0,]
2021-03-18 22:26:04,715 INFO  [Thread-0-SendThread(localhost:2181)] org.apache.zookeeper.ClientCnxn: Session establishment complete on server localhost/0:0:0:0:0:0:0:1:2181, session id = 0x10014bd52700057, negotiated timeout = 4000
2021-03-18 22:26:04,717 DEBUG [Thread-0-EventThread] root: ZK event: 
2021-03-18 22:26:04,717 DEBUG [Thread-0-EventThread] root: WatchedEvent state:SyncConnected type:None path:null
2021-03-18 22:26:04,745 DEBUG [Thread-0-SendThread(localhost:2181)] org.apache.zookeeper.ClientCnxn: Reading reply session id: 0x10014bd52700057, packet:: clientPath:null serverPath:null finished:false header:: 1,1  replyHeader:: 1,290,0  request:: '/keeper/server103,,v{s{31,s{'world,'anyone}}},1  response:: '/keeper/server103 
2021-03-18 22:26:04,750 DEBUG [Thread-0-SendThread(localhost:2181)] org.apache.zookeeper.ClientCnxn: Reading reply session id: 0x10014bd52700057, packet:: clientPath:null serverPath:null finished:false header:: 2,3  replyHeader:: 2,290,0  request:: '/keeper/server103,T  response:: s{290,290,1616120764718,1616120764718,0,0,0,72080397402374231,0,0,290} 
2021-03-18 22:26:04,776 DEBUG [Thread-0-SendThread(localhost:2181)] org.apache.zookeeper.ClientCnxn: Got notification session id: 0x10014bd52700057
2021-03-18 22:26:04,777 DEBUG [Thread-0-SendThread(localhost:2181)] org.apache.zookeeper.ClientCnxn: Got WatchedEvent state:SyncConnected type:NodeDataChanged path:/keeper/server103 for session id 0x10014bd52700057
2021-03-18 22:26:04,778 DEBUG [Thread-0-EventThread] root: ZK event: 
2021-03-18 22:26:04,778 DEBUG [Thread-0-EventThread] root: WatchedEvent state:SyncConnected type:NodeDataChanged path:/keeper/server103
2021-03-18 22:26:04,779 DEBUG [Thread-0-SendThread(localhost:2181)] org.apache.zookeeper.ClientCnxn: Reading reply session id: 0x10014bd52700057, packet:: clientPath:null serverPath:null finished:false header:: 3,5  replyHeader:: 3,291,0  request:: '/keeper/server103,#3132372e302e302e313a3530313032,0  response:: s{290,291,1616120764718,1616120764751,1,0,0,72080397402374231,15,0,290} 
2021-03-18 22:26:04,779 INFO  [Thread-0] root: Node created at: /keeper/server103
Starting commModule
2021-03-18 22:26:04,785 INFO  [Thread-0] root: Server communication module connected
2021-03-18 22:26:04,786 INFO  [Thread-0] root: Connected to localhost on port 52116
2021-03-18 22:26:04,794 INFO  [Thread-1] root: Message received by server -> Status: INIT_SERVER
received adminmsg
2021-03-18 22:26:04,795 INFO  [Thread-1] root: Message sent by server -> Status: INIT_SERVER_SUCCESS
2021-03-18 22:26:04,795 INFO  [Thread-1] root: Message received by server -> Status: START
received adminmsg
2021-03-18 22:26:04,796 INFO  [Thread-1] root: Message sent by server -> Status: START_SUCCESS
Starting commModule
2021-03-18 22:26:04,797 INFO  [Thread-0] root: Server communication module connected
2021-03-18 22:26:04,798 INFO  [Thread-0] root: Connected to localhost on port 52117
2021-03-18 22:26:04,799 INFO  [Thread-2] root: Message received by server -> Status: UPDATE
received adminmsg
2021-03-18 22:26:04,800 INFO  [Thread-2] root: Message sent by server -> Status: UPDATE_SUCCESS
Starting commModule
2021-03-18 22:26:04,801 INFO  [Thread-0] root: Server communication module connected
2021-03-18 22:26:04,802 INFO  [Thread-0] root: Connected to localhost on port 52118
2021-03-18 22:26:04,802 INFO  [Thread-3] root: Message received by server -> Status: PROPAGATE_ADMIN
received adminmsg
2021-03-18 22:26:04,808 DEBUG [Thread-3] root: Getting successors
2021-03-18 22:26:04,808 DEBUG [Thread-3] root: Got successors
2021-03-18 22:26:04,808 DEBUG [Thread-3] root: Propagating to: 127.0.0.1:50102 127.0.0.1:50102
Starting commModule
2021-03-18 22:26:04,810 INFO  [Thread-0] root: Server communication module connected
2021-03-18 22:26:04,810 INFO  [Thread-3] root: Client communication module connected
2021-03-18 22:26:04,811 INFO  [Thread-0] root: Connected to localhost on port 52119
Starting commModule
2021-03-18 22:26:04,811 INFO  [Thread-0] root: Server communication module connected
2021-03-18 22:26:04,811 INFO  [Thread-3] root: Client communication module connected
2021-03-18 22:26:04,811 DEBUG [Thread-3] root: {}
2021-03-18 22:26:04,812 INFO  [Thread-0] root: Connected to localhost on port 52120
2021-03-18 22:26:04,812 INFO  [Thread-3] root: Message sent by server -> Status: PROPAGATE_SUCCESS
Starting commModule
2021-03-18 22:26:05,388 INFO  [Thread-0] root: Server communication module connected
2021-03-18 22:26:05,389 INFO  [Thread-0] root: Connected to localhost on port 52124
2021-03-18 22:26:05,390 INFO  [Thread-6] root: Message received by server -> Status: UPDATE
received adminmsg
2021-03-18 22:26:05,390 INFO  [Thread-6] root: Message sent by server -> Status: UPDATE_SUCCESS
Starting commModule
2021-03-18 22:26:05,391 INFO  [Thread-0] root: Server communication module connected
2021-03-18 22:26:05,392 INFO  [Thread-0] root: Connected to localhost on port 52125
2021-03-18 22:26:05,392 INFO  [Thread-7] root: Message received by server -> Status: PROPAGATE_ADMIN
received adminmsg
2021-03-18 22:26:05,393 DEBUG [Thread-7] root: Getting successors
2021-03-18 22:26:05,393 DEBUG [Thread-7] root: Got successors
2021-03-18 22:26:05,393 DEBUG [Thread-7] root: Propagating to: 127.0.0.1:50086 127.0.0.1:50102
2021-03-18 22:26:05,393 INFO  [Thread-7] root: Client communication module connected
Starting commModule
2021-03-18 22:26:05,394 INFO  [Thread-0] root: Server communication module connected
2021-03-18 22:26:05,394 INFO  [Thread-7] root: Client communication module connected
2021-03-18 22:26:05,394 DEBUG [Thread-7] root: {}
2021-03-18 22:26:05,394 INFO  [Thread-7] root: Message sent by server -> Status: PROPAGATE_SUCCESS
2021-03-18 22:26:05,395 INFO  [Thread-0] root: Connected to localhost on port 52127
Starting commModule
2021-03-18 22:26:05,395 INFO  [Thread-0] root: Server communication module connected
2021-03-18 22:26:05,396 INFO  [Thread-0] root: Connected to localhost on port 52128
2021-03-18 22:26:05,400 INFO  [Thread-9] root: Message received by server -> Status: MOVE_DATA
received adminmsg
2021-03-18 22:26:05,400 DEBUG [Thread-9] root: Input data: 
2021-03-18 22:26:05,400 DEBUG [Thread-9] root: f94d074ddbd70d06be256b520641cd5c:666d7f258c649c257b777e73377b55cc
2021-03-18 22:26:05,400 DEBUG [Thread-9] root: 127.0.0.1:50086
2021-03-18 22:26:05,401 INFO  [Thread-9] root: Client communication module connected
2021-03-18 22:26:05,401 DEBUG [Thread-9] root: Host: 127.0.0.1
2021-03-18 22:26:05,401 DEBUG [Thread-9] root: Port: 50086
2021-03-18 22:26:05,401 DEBUG [Thread-9] root: Range: f94d074ddbd70d06be256b520641cd5c:666d7f258c649c257b777e73377b55cc
2021-03-18 22:26:05,401 DEBUG [Thread-9] root: Starting flush data
2021-03-18 22:26:05,402 DEBUG [Thread-9] root: Finished flush data
2021-03-18 22:26:05,402 DEBUG [Thread-9] root: Closing conn
2021-03-18 22:26:05,402 INFO  [Thread-9] root: Connection closed!
2021-03-18 22:26:05,402 DEBUG [Thread-9] root: Closed conn
2021-03-18 22:26:05,402 INFO  [Thread-9] root: Message sent by server -> Status: MOVE_DATA_SUCCESS
Starting commModule
2021-03-18 22:26:05,404 INFO  [Thread-0] root: Server communication module connected
2021-03-18 22:26:05,405 INFO  [Thread-0] root: Connected to localhost on port 52130
2021-03-18 22:26:05,405 INFO  [Thread-10] root: Message received by server -> Status: UPDATE
received adminmsg
2021-03-18 22:26:05,406 INFO  [Thread-10] root: Message sent by server -> Status: UPDATE_SUCCESS
Starting commModule
2021-03-18 22:26:05,410 INFO  [Thread-0] root: Server communication module connected
2021-03-18 22:26:05,411 INFO  [Thread-0] root: Connected to localhost on port 52132
2021-03-18 22:26:05,411 INFO  [Thread-11] root: Message received by server -> Status: PROPAGATE_ADMIN
received adminmsg
2021-03-18 22:26:05,412 DEBUG [Thread-11] root: Getting successors
2021-03-18 22:26:05,412 DEBUG [Thread-11] root: Got successors
2021-03-18 22:26:05,412 DEBUG [Thread-11] root: Propagating to: 127.0.0.1:50086 127.0.0.1:50102
2021-03-18 22:26:05,412 INFO  [Thread-11] root: Client communication module connected
Starting commModule
2021-03-18 22:26:05,413 INFO  [Thread-0] root: Server communication module connected
2021-03-18 22:26:05,413 INFO  [Thread-11] root: Client communication module connected
2021-03-18 22:26:05,413 DEBUG [Thread-11] root: {}
2021-03-18 22:26:05,413 INFO  [Thread-11] root: Message sent by server -> Status: PROPAGATE_SUCCESS
2021-03-18 22:26:05,413 INFO  [Thread-0] root: Connected to localhost on port 52134
Starting commModule
2021-03-18 22:26:05,423 INFO  [Thread-0] root: Server communication module connected
2021-03-18 22:26:05,424 INFO  [Thread-0] root: Connected to localhost on port 52136
Starting commModule
2021-03-18 22:26:05,976 INFO  [Thread-0] root: Server communication module connected
2021-03-18 22:26:05,977 INFO  [Thread-0] root: Connected to localhost on port 52141
2021-03-18 22:26:05,978 INFO  [Thread-14] root: Message received by server -> Status: UPDATE
received adminmsg
2021-03-18 22:26:05,978 INFO  [Thread-14] root: Message sent by server -> Status: UPDATE_SUCCESS
Starting commModule
2021-03-18 22:26:05,982 INFO  [Thread-0] root: Server communication module connected
2021-03-18 22:26:05,983 INFO  [Thread-0] root: Connected to localhost on port 52143
2021-03-18 22:26:05,983 INFO  [Thread-15] root: Message received by server -> Status: PROPAGATE_ADMIN
received adminmsg
2021-03-18 22:26:05,984 DEBUG [Thread-15] root: Getting successors
2021-03-18 22:26:05,984 DEBUG [Thread-15] root: Got successors
2021-03-18 22:26:05,984 DEBUG [Thread-15] root: Propagating to: 127.0.0.1:50065 127.0.0.1:50086
2021-03-18 22:26:05,984 INFO  [Thread-15] root: Client communication module connected
2021-03-18 22:26:05,985 INFO  [Thread-15] root: Client communication module connected
2021-03-18 22:26:05,985 DEBUG [Thread-15] root: {}
2021-03-18 22:26:05,985 INFO  [Thread-15] root: Message sent by server -> Status: PROPAGATE_SUCCESS
Starting commModule
2021-03-18 22:26:05,988 INFO  [Thread-0] root: Server communication module connected
2021-03-18 22:26:05,989 INFO  [Thread-0] root: Connected to localhost on port 52147
Starting commModule
2021-03-18 22:26:05,994 INFO  [Thread-0] root: Server communication module connected
2021-03-18 22:26:05,994 INFO  [Thread-0] root: Connected to localhost on port 52151
2021-03-18 22:26:05,995 INFO  [Thread-17] root: Message received by server -> Status: UPDATE
received adminmsg
2021-03-18 22:26:05,995 INFO  [Thread-17] root: Message sent by server -> Status: UPDATE_SUCCESS
Starting commModule
2021-03-18 22:26:06,002 INFO  [Thread-0] root: Server communication module connected
2021-03-18 22:26:06,003 INFO  [Thread-0] root: Connected to localhost on port 52154
2021-03-18 22:26:06,003 INFO  [Thread-18] root: Message received by server -> Status: PROPAGATE_ADMIN
received adminmsg
2021-03-18 22:26:06,004 DEBUG [Thread-18] root: Getting successors
2021-03-18 22:26:06,004 DEBUG [Thread-18] root: Got successors
2021-03-18 22:26:06,004 DEBUG [Thread-18] root: Propagating to: 127.0.0.1:50065 127.0.0.1:50086
2021-03-18 22:26:06,004 INFO  [Thread-18] root: Client communication module connected
2021-03-18 22:26:06,005 INFO  [Thread-18] root: Client communication module connected
2021-03-18 22:26:06,005 DEBUG [Thread-18] root: {}
2021-03-18 22:26:06,005 INFO  [Thread-18] root: Message sent by server -> Status: PROPAGATE_SUCCESS
Starting commModule
2021-03-18 22:26:06,008 INFO  [Thread-0] root: Server communication module connected
2021-03-18 22:26:06,009 INFO  [Thread-0] root: Connected to localhost on port 52158
Starting commModule
2021-03-18 22:26:06,020 INFO  [Thread-0] root: Server communication module connected
2021-03-18 22:26:06,020 INFO  [Thread-0] root: Connected to localhost on port 52162
Starting commModule
2021-03-18 22:26:06,031 INFO  [Thread-0] root: Server communication module connected
2021-03-18 22:26:06,032 INFO  [Thread-0] root: Connected to localhost on port 52163
2021-03-18 22:26:06,035 INFO  [Thread-21] root: Message received by server -> Status: PUT Key: 1 Value: 1
2021-03-18 22:26:06,036 DEBUG [Thread-21] root: In serve
2021-03-18 22:26:06,036 DEBUG [Thread-21] root: Checking if stopped or write locked
2021-03-18 22:26:06,036 DEBUG [Thread-21] root: PUT request being served
2021-03-18 22:26:06,036 DEBUG [Thread-21] root: Checking if it's in range
2021-03-18 22:26:06,043 DEBUG [Thread-21] root: Got hostname and port -> 127.0.0.1:50102
2021-03-18 22:26:06,043 DEBUG [Thread-21] root: Got metadata range: 666d7f258c649c257b777e73377b55cd:f94d074ddbd70d06be256b520641cd5b
2021-03-18 22:26:06,043 DEBUG [Thread-21] root: 127.0.0.1:50102 -> 666d7f258c649c257b777e73377b55cd:f94d074ddbd70d06be256b520641cd5b
2021-03-18 22:26:06,043 DEBUG [Thread-21] root: 127.0.0.1:50065 -> f94d074ddbd70d06be256b520641cd5c:2c6ed99e5244f3eeabdede7297c3578f
2021-03-18 22:26:06,043 DEBUG [Thread-21] root: 127.0.0.1:50086 -> 2c6ed99e5244f3eeabdede7297c35790:666d7f258c649c257b777e73377b55cc
2021-03-18 22:26:06,044 DEBUG [Thread-21] root: Got range big ints
2021-03-18 22:26:06,044 DEBUG [Thread-21] root: Range start < range end
2021-03-18 22:26:06,044 DEBUG [Thread-21] root: Done with range check in server
2021-03-18 22:26:06,044 DEBUG [Thread-21] root: In range
2021-03-18 22:26:06,044 INFO  [Thread-21] root: Put: key = 1, value = 1
2021-03-18 22:26:06,045 DEBUG [Thread-21] root: Getting successors
2021-03-18 22:26:06,045 DEBUG [Thread-21] root: Got successors
2021-03-18 22:26:06,045 DEBUG [Thread-21] root: Propagating to: 127.0.0.1:50065 127.0.0.1:50086
2021-03-18 22:26:06,046 INFO  [Thread-21] root: Client communication module connected
2021-03-18 22:26:06,046 INFO  [Thread-21] root: Client communication module connected
2021-03-18 22:26:06,046 DEBUG [Thread-21] root: {"1":"1"}
2021-03-18 22:26:06,048 INFO  [Thread-21] root: Message sent by client -> Status: PROPAGATE
2021-03-18 22:26:06,049 INFO  [Thread-21] root: Message sent by client -> Status: PROPAGATE
2021-03-18 22:26:06,053 INFO  [Thread-21] root: Message received by client -> Status: PROPAGATE_SUCCESS Key: null Value: null
2021-03-18 22:26:06,055 INFO  [Thread-21] root: Message received by client -> Status: PROPAGATE_SUCCESS Key: null Value: null
2021-03-18 22:26:06,055 INFO  [Thread-21] root: Message sent by server -> Status: PUT_SUCCESS Key: 1 Value: 1
Starting commModule
2021-03-18 22:26:06,056 INFO  [Thread-0] root: Server communication module connected
2021-03-18 22:26:06,057 INFO  [Thread-0] root: Connected to localhost on port 52166
2021-03-18 22:26:06,090 DEBUG [Thread-0-SendThread(localhost:2181)] org.apache.zookeeper.ClientCnxn: Got ping response for session id: 0x10014bd52700057 after 1ms.
2021-03-18 22:26:07,423 DEBUG [Thread-0-SendThread(localhost:2181)] org.apache.zookeeper.ClientCnxn: Got ping response for session id: 0x10014bd52700057 after 0ms.
2021-03-18 22:26:08,761 DEBUG [Thread-0-SendThread(localhost:2181)] org.apache.zookeeper.ClientCnxn: Got ping response for session id: 0x10014bd52700057 after 1ms.
2021-03-18 22:26:10,113 DEBUG [Thread-0-SendThread(localhost:2181)] org.apache.zookeeper.ClientCnxn: Got ping response for session id: 0x10014bd52700057 after 17ms.
2021-03-18 22:26:11,435 DEBUG [Thread-0-SendThread(localhost:2181)] org.apache.zookeeper.ClientCnxn: Got ping response for session id: 0x10014bd52700057 after 1ms.
2021-03-18 22:26:12,770 DEBUG [Thread-0-SendThread(localhost:2181)] org.apache.zookeeper.ClientCnxn: Got ping response for session id: 0x10014bd52700057 after 0ms.
2021-03-18 22:26:14,103 DEBUG [Thread-0-SendThread(localhost:2181)] org.apache.zookeeper.ClientCnxn: Got ping response for session id: 0x10014bd52700057 after 1ms.
2021-03-18 22:26:15,440 DEBUG [Thread-0-SendThread(localhost:2181)] org.apache.zookeeper.ClientCnxn: Got ping response for session id: 0x10014bd52700057 after 1ms.
2021-03-18 22:26:16,774 DEBUG [Thread-0-SendThread(localhost:2181)] org.apache.zookeeper.ClientCnxn: Got ping response for session id: 0x10014bd52700057 after 0ms.
2021-03-18 22:26:18,111 DEBUG [Thread-0-SendThread(localhost:2181)] org.apache.zookeeper.ClientCnxn: Got ping response for session id: 0x10014bd52700057 after 1ms.
2021-03-18 22:26:19,448 DEBUG [Thread-0-SendThread(localhost:2181)] org.apache.zookeeper.ClientCnxn: Got ping response for session id: 0x10014bd52700057 after 0ms.
2021-03-18 22:26:20,788 DEBUG [Thread-0-SendThread(localhost:2181)] org.apache.zookeeper.ClientCnxn: Got ping response for session id: 0x10014bd52700057 after 1ms.
2021-03-18 22:26:22,126 DEBUG [Thread-0-SendThread(localhost:2181)] org.apache.zookeeper.ClientCnxn: Got ping response for session id: 0x10014bd52700057 after 1ms.
2021-03-18 22:26:23,459 DEBUG [Thread-0-SendThread(localhost:2181)] org.apache.zookeeper.ClientCnxn: Got ping response for session id: 0x10014bd52700057 after 0ms.
2021-03-18 22:26:24,797 DEBUG [Thread-0-SendThread(localhost:2181)] org.apache.zookeeper.ClientCnxn: Got ping response for session id: 0x10014bd52700057 after 2ms.
2021-03-18 22:26:26,135 DEBUG [Thread-0-SendThread(localhost:2181)] org.apache.zookeeper.ClientCnxn: Got ping response for session id: 0x10014bd52700057 after 0ms.
2021-03-18 22:26:27,470 DEBUG [Thread-0-SendThread(localhost:2181)] org.apache.zookeeper.ClientCnxn: Got ping response for session id: 0x10014bd52700057 after 0ms.
2021-03-18 22:26:28,806 DEBUG [Thread-0-SendThread(localhost:2181)] org.apache.zookeeper.ClientCnxn: Got ping response for session id: 0x10014bd52700057 after 0ms.
2021-03-18 22:26:30,143 DEBUG [Thread-0-SendThread(localhost:2181)] org.apache.zookeeper.ClientCnxn: Got ping response for session id: 0x10014bd52700057 after 0ms.
2021-03-18 22:26:31,481 DEBUG [Thread-0-SendThread(localhost:2181)] org.apache.zookeeper.ClientCnxn: Got ping response for session id: 0x10014bd52700057 after 1ms.
2021-03-18 22:26:32,818 DEBUG [Thread-0-SendThread(localhost:2181)] org.apache.zookeeper.ClientCnxn: Got ping response for session id: 0x10014bd52700057 after 1ms.
2021-03-18 22:26:34,154 DEBUG [Thread-0-SendThread(localhost:2181)] org.apache.zookeeper.ClientCnxn: Got ping response for session id: 0x10014bd52700057 after 1ms.
2021-03-18 22:26:35,488 DEBUG [Thread-0-SendThread(localhost:2181)] org.apache.zookeeper.ClientCnxn: Got ping response for session id: 0x10014bd52700057 after 0ms.
2021-03-18 22:26:36,826 DEBUG [Thread-0-SendThread(localhost:2181)] org.apache.zookeeper.ClientCnxn: Got ping response for session id: 0x10014bd52700057 after 1ms.
2021-03-18 22:26:38,163 DEBUG [Thread-0-SendThread(localhost:2181)] org.apache.zookeeper.ClientCnxn: Got ping response for session id: 0x10014bd52700057 after 0ms.
2021-03-18 22:26:39,501 DEBUG [Thread-0-SendThread(localhost:2181)] org.apache.zookeeper.ClientCnxn: Got ping response for session id: 0x10014bd52700057 after 0ms.
Starting commModule
2021-03-18 22:26:39,801 INFO  [Thread-0] root: Server communication module connected
2021-03-18 22:26:39,801 INFO  [Thread-23] root: Message received by server -> Status: SHUTDOWN
received adminmsg
2021-03-18 22:26:39,801 DEBUG [Thread-23] root: Closing the program
2021-03-18 22:26:39,802 INFO  [Thread-0] root: Connected to localhost on port 52178
2021-03-18 22:26:39,802 INFO  [Thread-0] root: Server stopped.
2021-03-18 22:26:39,802 INFO  [Thread-23] root: Message sent by server -> Status: SHUTDOWN_SUCCESS
2021-03-18 22:26:39,802 INFO  [Thread-0] root: Clearing KV Storage...
2021-03-18 23:06:08,553 INFO  [Thread-0] root: Initialize server ...
2021-03-18 23:06:08,565 INFO  [Thread-0] root: Server listening on port: 50102
2021-03-18 23:06:08,586 INFO  [Thread-0] org.apache.zookeeper.ZooKeeper: Client environment:zookeeper.version=3.6.2--803c7f1a12f85978cb049af5e4ef23bd8b688715, built on 09/04/2020 12:44 GMT
2021-03-18 23:06:08,586 INFO  [Thread-0] org.apache.zookeeper.ZooKeeper: Client environment:host.name=localhost
2021-03-18 23:06:08,586 INFO  [Thread-0] org.apache.zookeeper.ZooKeeper: Client environment:java.version=11.0.10
2021-03-18 23:06:08,586 INFO  [Thread-0] org.apache.zookeeper.ZooKeeper: Client environment:java.vendor=Azul Systems, Inc.
2021-03-18 23:06:08,586 INFO  [Thread-0] org.apache.zookeeper.ZooKeeper: Client environment:java.home=/Users/steve/Library/Java/JavaVirtualMachines/azul-11.0.10/Contents/Home
2021-03-18 23:06:08,586 INFO  [Thread-0] org.apache.zookeeper.ZooKeeper: Client environment:java.class.path=/Users/steve/Desktop/UofT/year4/winter2021/ECE419/milestone3/m3-server.jar
2021-03-18 23:06:08,586 INFO  [Thread-0] org.apache.zookeeper.ZooKeeper: Client environment:java.library.path=/Users/steve/Library/Java/Extensions:/Library/Java/Extensions:/Network/Library/Java/Extensions:/System/Library/Java/Extensions:/usr/lib/java:.
2021-03-18 23:06:08,586 INFO  [Thread-0] org.apache.zookeeper.ZooKeeper: Client environment:java.io.tmpdir=/var/folders/kz/3gb57nkn6ks6_07_dtt5lqvr0000gn/T/
2021-03-18 23:06:08,587 INFO  [Thread-0] org.apache.zookeeper.ZooKeeper: Client environment:java.compiler=<NA>
2021-03-18 23:06:08,587 INFO  [Thread-0] org.apache.zookeeper.ZooKeeper: Client environment:os.name=Mac OS X
2021-03-18 23:06:08,587 INFO  [Thread-0] org.apache.zookeeper.ZooKeeper: Client environment:os.arch=x86_64
2021-03-18 23:06:08,587 INFO  [Thread-0] org.apache.zookeeper.ZooKeeper: Client environment:os.version=10.16
2021-03-18 23:06:08,587 INFO  [Thread-0] org.apache.zookeeper.ZooKeeper: Client environment:user.name=steve
2021-03-18 23:06:08,587 INFO  [Thread-0] org.apache.zookeeper.ZooKeeper: Client environment:user.home=/Users/steve
2021-03-18 23:06:08,587 INFO  [Thread-0] org.apache.zookeeper.ZooKeeper: Client environment:user.dir=/Users/steve
2021-03-18 23:06:08,587 INFO  [Thread-0] org.apache.zookeeper.ZooKeeper: Client environment:os.memory.free=249MB
2021-03-18 23:06:08,587 INFO  [Thread-0] org.apache.zookeeper.ZooKeeper: Client environment:os.memory.max=4096MB
2021-03-18 23:06:08,587 INFO  [Thread-0] org.apache.zookeeper.ZooKeeper: Client environment:os.memory.total=256MB
2021-03-18 23:06:08,590 INFO  [Thread-0] org.apache.zookeeper.ZooKeeper: Initiating client connection, connectString=localhost:2181 sessionTimeout=3000 watcher=app_kvServer.KVServer$1@48a00dff
2021-03-18 23:06:08,593 INFO  [Thread-0] org.apache.zookeeper.common.X509Util: Setting -D jdk.tls.rejectClientInitiatedRenegotiation=true to disable client-initiated TLS renegotiation
2021-03-18 23:06:08,604 INFO  [Thread-0] org.apache.zookeeper.ClientCnxnSocket: jute.maxbuffer value is 1048575 Bytes
2021-03-18 23:06:08,610 INFO  [Thread-0] org.apache.zookeeper.ClientCnxn: zookeeper.request.timeout value is 0. feature enabled=false
2021-03-18 23:06:08,620 DEBUG [Thread-0-SendThread(localhost:2181)] org.apache.zookeeper.SaslServerPrincipal: Canonicalized address to localhost
2021-03-18 23:06:08,621 INFO  [Thread-0-SendThread(localhost:2181)] org.apache.zookeeper.ClientCnxn: Opening socket connection to server localhost/127.0.0.1:2181.
2021-03-18 23:06:08,621 INFO  [Thread-0-SendThread(localhost:2181)] org.apache.zookeeper.ClientCnxn: SASL config status: Will not attempt to authenticate using SASL (unknown error)
2021-03-18 23:06:08,636 INFO  [Thread-0-SendThread(localhost:2181)] org.apache.zookeeper.ClientCnxn: Socket connection established, initiating session, client: /127.0.0.1:53708, server: localhost/127.0.0.1:2181
2021-03-18 23:06:08,637 DEBUG [Thread-0-SendThread(localhost:2181)] org.apache.zookeeper.ClientCnxn: Session establishment request sent on localhost/127.0.0.1:2181
2021-03-18 23:06:08,666 TRACE [Thread-0-SendThread(localhost:2181)] org.apache.zookeeper.ClientCnxnSocket: readConnectResult 37 0x[0,0,0,0,0,0,f,ffffffa0,1,0,14,ffffffbd,52,70,0,ffffffb7,0,0,0,10,40,ffffffb4,ffffff87,2a,2c,ffffffc9,18,26,ffffffa6,7d,ffffffdf,6c,4d,6d,3d,13,0,]
2021-03-18 23:06:08,669 INFO  [Thread-0-SendThread(localhost:2181)] org.apache.zookeeper.ClientCnxn: Session establishment complete on server localhost/127.0.0.1:2181, session id = 0x10014bd527000b7, negotiated timeout = 4000
2021-03-18 23:06:08,672 DEBUG [Thread-0-EventThread] root: ZK event: 
2021-03-18 23:06:08,672 DEBUG [Thread-0-EventThread] root: WatchedEvent state:SyncConnected type:None path:null
2021-03-18 23:06:08,701 DEBUG [Thread-0-SendThread(localhost:2181)] org.apache.zookeeper.ClientCnxn: Reading reply session id: 0x10014bd527000b7, packet:: clientPath:null serverPath:null finished:false header:: 1,1  replyHeader:: 1,593,0  request:: '/keeper/server103,,v{s{31,s{'world,'anyone}}},1  response:: '/keeper/server103 
2021-03-18 23:06:08,705 DEBUG [Thread-0-SendThread(localhost:2181)] org.apache.zookeeper.ClientCnxn: Reading reply session id: 0x10014bd527000b7, packet:: clientPath:null serverPath:null finished:false header:: 2,3  replyHeader:: 2,593,0  request:: '/keeper/server103,T  response:: s{593,593,1616123168672,1616123168672,0,0,0,72080397402374327,0,0,593} 
2021-03-18 23:06:08,732 DEBUG [Thread-0-SendThread(localhost:2181)] org.apache.zookeeper.ClientCnxn: Got notification session id: 0x10014bd527000b7
2021-03-18 23:06:08,733 DEBUG [Thread-0-SendThread(localhost:2181)] org.apache.zookeeper.ClientCnxn: Got WatchedEvent state:SyncConnected type:NodeDataChanged path:/keeper/server103 for session id 0x10014bd527000b7
2021-03-18 23:06:08,735 DEBUG [Thread-0-EventThread] root: ZK event: 
2021-03-18 23:06:08,735 DEBUG [Thread-0-EventThread] root: WatchedEvent state:SyncConnected type:NodeDataChanged path:/keeper/server103
2021-03-18 23:06:08,736 DEBUG [Thread-0-SendThread(localhost:2181)] org.apache.zookeeper.ClientCnxn: Reading reply session id: 0x10014bd527000b7, packet:: clientPath:null serverPath:null finished:false header:: 3,5  replyHeader:: 3,594,0  request:: '/keeper/server103,#3132372e302e302e313a3530313032,0  response:: s{593,594,1616123168672,1616123168706,1,0,0,72080397402374327,15,0,593} 
2021-03-18 23:06:08,736 INFO  [Thread-0] root: Node created at: /keeper/server103
Starting commModule
2021-03-18 23:06:08,744 INFO  [Thread-0] root: Server communication module connected
2021-03-18 23:06:08,745 INFO  [Thread-0] root: Connected to localhost on port 53709
2021-03-18 23:06:08,753 INFO  [Thread-1] root: Message received by server -> Status: INIT_SERVER
received adminmsg
2021-03-18 23:06:08,754 INFO  [Thread-1] root: Message sent by server -> Status: INIT_SERVER_SUCCESS
2021-03-18 23:06:08,754 INFO  [Thread-1] root: Message received by server -> Status: START
received adminmsg
2021-03-18 23:06:08,755 INFO  [Thread-1] root: Message sent by server -> Status: START_SUCCESS
Starting commModule
2021-03-18 23:06:08,755 INFO  [Thread-0] root: Server communication module connected
2021-03-18 23:06:08,756 INFO  [Thread-0] root: Connected to localhost on port 53710
2021-03-18 23:06:08,757 INFO  [Thread-2] root: Message received by server -> Status: UPDATE
received adminmsg
2021-03-18 23:06:08,758 INFO  [Thread-2] root: Message sent by server -> Status: UPDATE_SUCCESS
Starting commModule
2021-03-18 23:06:08,759 INFO  [Thread-0] root: Server communication module connected
2021-03-18 23:06:08,759 INFO  [Thread-0] root: Connected to localhost on port 53711
2021-03-18 23:06:08,760 INFO  [Thread-3] root: Message received by server -> Status: PROPAGATE_ADMIN
received adminmsg
2021-03-18 23:06:08,765 DEBUG [Thread-3] root: Getting successors
2021-03-18 23:06:08,765 DEBUG [Thread-3] root: Got successors
2021-03-18 23:06:08,765 DEBUG [Thread-3] root: Propagating to: 127.0.0.1:50102 127.0.0.1:50102
Starting commModule
2021-03-18 23:06:08,767 INFO  [Thread-0] root: Server communication module connected
2021-03-18 23:06:08,767 INFO  [Thread-3] root: Client communication module connected
2021-03-18 23:06:08,768 INFO  [Thread-0] root: Connected to localhost on port 53712
Starting commModule
2021-03-18 23:06:08,768 INFO  [Thread-0] root: Server communication module connected
2021-03-18 23:06:08,768 INFO  [Thread-3] root: Client communication module connected
2021-03-18 23:06:08,768 DEBUG [Thread-3] root: {}
2021-03-18 23:06:08,769 INFO  [Thread-0] root: Connected to localhost on port 53713
2021-03-18 23:06:08,769 INFO  [Thread-3] root: Message sent by server -> Status: PROPAGATE_SUCCESS
Starting commModule
2021-03-18 23:06:09,288 INFO  [Thread-0] root: Server communication module connected
2021-03-18 23:06:09,289 INFO  [Thread-0] root: Connected to localhost on port 53717
2021-03-18 23:06:09,290 INFO  [Thread-6] root: Message received by server -> Status: UPDATE
received adminmsg
2021-03-18 23:06:09,291 INFO  [Thread-6] root: Message sent by server -> Status: UPDATE_SUCCESS
Starting commModule
2021-03-18 23:06:09,291 INFO  [Thread-0] root: Server communication module connected
2021-03-18 23:06:09,292 INFO  [Thread-0] root: Connected to localhost on port 53718
2021-03-18 23:06:09,292 INFO  [Thread-7] root: Message received by server -> Status: PROPAGATE_ADMIN
received adminmsg
2021-03-18 23:06:09,293 DEBUG [Thread-7] root: Getting successors
2021-03-18 23:06:09,293 DEBUG [Thread-7] root: Got successors
2021-03-18 23:06:09,293 DEBUG [Thread-7] root: Propagating to: 127.0.0.1:50009 127.0.0.1:50102
2021-03-18 23:06:09,293 INFO  [Thread-7] root: Client communication module connected
Starting commModule
2021-03-18 23:06:09,294 INFO  [Thread-0] root: Server communication module connected
2021-03-18 23:06:09,294 INFO  [Thread-7] root: Client communication module connected
2021-03-18 23:06:09,294 DEBUG [Thread-7] root: {}
2021-03-18 23:06:09,294 INFO  [Thread-0] root: Connected to localhost on port 53720
2021-03-18 23:06:09,294 INFO  [Thread-7] root: Message sent by server -> Status: PROPAGATE_SUCCESS
Starting commModule
2021-03-18 23:06:09,295 INFO  [Thread-0] root: Server communication module connected
2021-03-18 23:06:09,295 INFO  [Thread-0] root: Connected to localhost on port 53721
2021-03-18 23:06:09,295 INFO  [Thread-9] root: Message received by server -> Status: MOVE_DATA
received adminmsg
2021-03-18 23:06:09,295 DEBUG [Thread-9] root: Input data: 
2021-03-18 23:06:09,295 DEBUG [Thread-9] root: f94d074ddbd70d06be256b520641cd5c:18d72fb047cfa96bf76b263790df36fd
2021-03-18 23:06:09,295 DEBUG [Thread-9] root: 127.0.0.1:50009
2021-03-18 23:06:09,296 INFO  [Thread-9] root: Client communication module connected
2021-03-18 23:06:09,296 DEBUG [Thread-9] root: Host: 127.0.0.1
2021-03-18 23:06:09,296 DEBUG [Thread-9] root: Port: 50009
2021-03-18 23:06:09,296 DEBUG [Thread-9] root: Range: f94d074ddbd70d06be256b520641cd5c:18d72fb047cfa96bf76b263790df36fd
2021-03-18 23:06:09,296 DEBUG [Thread-9] root: Starting flush data
2021-03-18 23:06:09,296 DEBUG [Thread-9] root: Finished flush data
2021-03-18 23:06:09,296 DEBUG [Thread-9] root: Closing conn
2021-03-18 23:06:09,296 INFO  [Thread-9] root: Connection closed!
2021-03-18 23:06:09,297 DEBUG [Thread-9] root: Closed conn
2021-03-18 23:06:09,297 INFO  [Thread-9] root: Message sent by server -> Status: MOVE_DATA_SUCCESS
Starting commModule
2021-03-18 23:06:09,298 INFO  [Thread-0] root: Server communication module connected
2021-03-18 23:06:09,298 INFO  [Thread-0] root: Connected to localhost on port 53723
2021-03-18 23:06:09,299 INFO  [Thread-10] root: Message received by server -> Status: UPDATE
received adminmsg
2021-03-18 23:06:09,299 INFO  [Thread-10] root: Message sent by server -> Status: UPDATE_SUCCESS
Starting commModule
2021-03-18 23:06:09,303 INFO  [Thread-0] root: Server communication module connected
2021-03-18 23:06:09,303 INFO  [Thread-0] root: Connected to localhost on port 53725
2021-03-18 23:06:09,304 INFO  [Thread-11] root: Message received by server -> Status: PROPAGATE_ADMIN
received adminmsg
2021-03-18 23:06:09,304 DEBUG [Thread-11] root: Getting successors
2021-03-18 23:06:09,304 DEBUG [Thread-11] root: Got successors
2021-03-18 23:06:09,305 DEBUG [Thread-11] root: Propagating to: 127.0.0.1:50009 127.0.0.1:50102
2021-03-18 23:06:09,305 INFO  [Thread-11] root: Client communication module connected
Starting commModule
2021-03-18 23:06:09,305 INFO  [Thread-11] root: Client communication module connected
2021-03-18 23:06:09,306 DEBUG [Thread-11] root: {}
2021-03-18 23:06:09,305 INFO  [Thread-0] root: Server communication module connected
2021-03-18 23:06:09,306 INFO  [Thread-11] root: Message sent by server -> Status: PROPAGATE_SUCCESS
2021-03-18 23:06:09,306 INFO  [Thread-0] root: Connected to localhost on port 53727
Starting commModule
2021-03-18 23:06:09,316 INFO  [Thread-0] root: Server communication module connected
2021-03-18 23:06:09,316 INFO  [Thread-0] root: Connected to localhost on port 53729
Starting commModule
2021-03-18 23:06:09,318 INFO  [Thread-0] root: Server communication module connected
2021-03-18 23:06:09,318 INFO  [Thread-0] root: Connected to localhost on port 53731
2021-03-18 23:06:09,319 INFO  [Thread-14] root: Message received by server -> Status: PUT Key: 1 Value: SIR1
2021-03-18 23:06:09,319 DEBUG [Thread-14] root: In serve
2021-03-18 23:06:09,320 DEBUG [Thread-14] root: Checking if stopped or write locked
2021-03-18 23:06:09,320 DEBUG [Thread-14] root: PUT request being served
2021-03-18 23:06:09,320 DEBUG [Thread-14] root: Checking if it's in range
2021-03-18 23:06:09,327 DEBUG [Thread-14] root: Got hostname and port -> 127.0.0.1:50102
2021-03-18 23:06:09,327 DEBUG [Thread-14] root: Got metadata range: 18d72fb047cfa96bf76b263790df36fe:f94d074ddbd70d06be256b520641cd5b
2021-03-18 23:06:09,327 DEBUG [Thread-14] root: 127.0.0.1:50102 -> 18d72fb047cfa96bf76b263790df36fe:f94d074ddbd70d06be256b520641cd5b
2021-03-18 23:06:09,327 DEBUG [Thread-14] root: 127.0.0.1:50009 -> f94d074ddbd70d06be256b520641cd5c:18d72fb047cfa96bf76b263790df36fd
2021-03-18 23:06:09,327 DEBUG [Thread-14] root: Got range big ints
2021-03-18 23:06:09,327 DEBUG [Thread-14] root: Range start < range end
2021-03-18 23:06:09,327 DEBUG [Thread-14] root: Done with range check in server
2021-03-18 23:06:09,327 DEBUG [Thread-14] root: In range
2021-03-18 23:06:09,327 INFO  [Thread-14] root: Put: key = 1, value = SIR1
2021-03-18 23:06:09,328 DEBUG [Thread-14] root: Getting successors
2021-03-18 23:06:09,328 DEBUG [Thread-14] root: Got successors
2021-03-18 23:06:09,328 DEBUG [Thread-14] root: Propagating to: 127.0.0.1:50009 127.0.0.1:50102
2021-03-18 23:06:09,329 INFO  [Thread-14] root: Client communication module connected
Starting commModule
2021-03-18 23:06:09,329 INFO  [Thread-0] root: Server communication module connected
2021-03-18 23:06:09,329 INFO  [Thread-14] root: Client communication module connected
2021-03-18 23:06:09,329 DEBUG [Thread-14] root: {"1":"SIR1"}
2021-03-18 23:06:09,330 INFO  [Thread-0] root: Connected to localhost on port 53733
2021-03-18 23:06:09,332 INFO  [Thread-14] root: Message sent by client -> Status: PROPAGATE
2021-03-18 23:06:09,332 INFO  [Thread-14] root: Message sent by client -> Status: PROPAGATE
2021-03-18 23:06:09,333 INFO  [Thread-15] root: Message received by server -> Status: PROPAGATE
2021-03-18 23:06:09,333 DEBUG [Thread-15] root: In serve
2021-03-18 23:06:09,333 DEBUG [Thread-15] root: Checking if stopped or write locked
2021-03-18 23:06:09,333 DEBUG [Thread-15] root: Case propagate
2021-03-18 23:06:09,333 DEBUG [Thread-15] root: Passing to server
2021-03-18 23:06:09,333 DEBUG [Thread-15] root: Getting Predecessors
2021-03-18 23:06:09,333 DEBUG [Thread-15] root: Looking for 127.0.0.1:50102
2021-03-18 23:06:09,333 DEBUG [Thread-15] root: [127.0.0.1:50009, 127.0.0.1:50102]
2021-03-18 23:06:09,333 DEBUG [Thread-15] root: Predecessors:
2021-03-18 23:06:09,333 DEBUG [Thread-15] root: [127.0.0.1:50102, 127.0.0.1:50009]
2021-03-18 23:06:09,333 DEBUG [Thread-15] root: Looking for 127.0.0.1:50102
2021-03-18 23:06:09,334 DEBUG [Thread-15] root: Index of predecessor: 0
2021-03-18 23:06:09,334 DEBUG [Thread-15] root: Server Stuff
2021-03-18 23:06:09,334 INFO  [Thread-15] root: Put: key = 1, value = SIR1
2021-03-18 23:06:09,334 INFO  [Thread-15] root: Message sent by server -> Status: PROPAGATE_SUCCESS Key: null Value: null
2021-03-18 23:06:09,335 INFO  [Thread-14] root: Message received by client -> Status: PROPAGATE_SUCCESS Key: null Value: null
2021-03-18 23:06:09,336 INFO  [Thread-14] root: Message received by client -> Status: PROPAGATE_SUCCESS Key: null Value: null
2021-03-18 23:06:09,336 INFO  [Thread-14] root: Message sent by server -> Status: PUT_SUCCESS Key: 1 Value: SIR1
2021-03-18 23:06:09,337 INFO  [Thread-14] root: Message received by server -> Status: PUT Key: 2 Value: SIR2
2021-03-18 23:06:09,337 DEBUG [Thread-14] root: In serve
2021-03-18 23:06:09,337 DEBUG [Thread-14] root: Checking if stopped or write locked
2021-03-18 23:06:09,337 DEBUG [Thread-14] root: PUT request being served
2021-03-18 23:06:09,337 DEBUG [Thread-14] root: Checking if it's in range
2021-03-18 23:06:09,337 DEBUG [Thread-14] root: Got hostname and port -> 127.0.0.1:50102
2021-03-18 23:06:09,337 DEBUG [Thread-14] root: Got metadata range: 18d72fb047cfa96bf76b263790df36fe:f94d074ddbd70d06be256b520641cd5b
2021-03-18 23:06:09,337 DEBUG [Thread-14] root: 127.0.0.1:50102 -> 18d72fb047cfa96bf76b263790df36fe:f94d074ddbd70d06be256b520641cd5b
2021-03-18 23:06:09,337 DEBUG [Thread-14] root: 127.0.0.1:50009 -> f94d074ddbd70d06be256b520641cd5c:18d72fb047cfa96bf76b263790df36fd
2021-03-18 23:06:09,337 DEBUG [Thread-14] root: Got range big ints
2021-03-18 23:06:09,337 DEBUG [Thread-14] root: Range start < range end
2021-03-18 23:06:09,337 DEBUG [Thread-14] root: Done with range check in server
2021-03-18 23:06:09,337 DEBUG [Thread-14] root: In range
2021-03-18 23:06:09,337 INFO  [Thread-14] root: Put: key = 2, value = SIR2
2021-03-18 23:06:09,338 DEBUG [Thread-14] root: Getting successors
2021-03-18 23:06:09,338 DEBUG [Thread-14] root: Got successors
2021-03-18 23:06:09,338 DEBUG [Thread-14] root: Propagating to: 127.0.0.1:50009 127.0.0.1:50102
2021-03-18 23:06:09,338 INFO  [Thread-14] root: Client communication module connected
Starting commModule
2021-03-18 23:06:09,339 INFO  [Thread-0] root: Server communication module connected
2021-03-18 23:06:09,339 INFO  [Thread-14] root: Client communication module connected
2021-03-18 23:06:09,339 DEBUG [Thread-14] root: {"2":"SIR2"}
2021-03-18 23:06:09,339 INFO  [Thread-0] root: Connected to localhost on port 53735
2021-03-18 23:06:09,339 INFO  [Thread-14] root: Message sent by client -> Status: PROPAGATE
2021-03-18 23:06:09,340 INFO  [Thread-14] root: Message sent by client -> Status: PROPAGATE
2021-03-18 23:06:09,340 INFO  [Thread-16] root: Message received by server -> Status: PROPAGATE
2021-03-18 23:06:09,341 DEBUG [Thread-16] root: In serve
2021-03-18 23:06:09,341 DEBUG [Thread-16] root: Checking if stopped or write locked
2021-03-18 23:06:09,341 DEBUG [Thread-16] root: Case propagate
2021-03-18 23:06:09,341 DEBUG [Thread-16] root: Passing to server
2021-03-18 23:06:09,341 DEBUG [Thread-16] root: Getting Predecessors
2021-03-18 23:06:09,341 DEBUG [Thread-16] root: Looking for 127.0.0.1:50102
2021-03-18 23:06:09,341 DEBUG [Thread-16] root: [127.0.0.1:50009, 127.0.0.1:50102]
2021-03-18 23:06:09,341 DEBUG [Thread-16] root: Predecessors:
2021-03-18 23:06:09,341 DEBUG [Thread-16] root: [127.0.0.1:50102, 127.0.0.1:50009]
2021-03-18 23:06:09,341 DEBUG [Thread-16] root: Looking for 127.0.0.1:50102
2021-03-18 23:06:09,341 DEBUG [Thread-16] root: Index of predecessor: 0
2021-03-18 23:06:09,341 DEBUG [Thread-16] root: Server Stuff
2021-03-18 23:06:09,341 INFO  [Thread-16] root: Put: key = 2, value = SIR2
2021-03-18 23:06:09,342 INFO  [Thread-14] root: Message received by client -> Status: PROPAGATE_SUCCESS Key: null Value: null
2021-03-18 23:06:09,342 INFO  [Thread-16] root: Message sent by server -> Status: PROPAGATE_SUCCESS Key: null Value: null
2021-03-18 23:06:09,342 INFO  [Thread-14] root: Message received by client -> Status: PROPAGATE_SUCCESS Key: null Value: null
2021-03-18 23:06:09,342 INFO  [Thread-14] root: Message sent by server -> Status: PUT_SUCCESS Key: 2 Value: SIR2
2021-03-18 23:06:09,343 INFO  [Thread-14] root: Message received by server -> Status: PUT Key: 3 Value: SIR3
2021-03-18 23:06:09,343 DEBUG [Thread-14] root: In serve
2021-03-18 23:06:09,343 DEBUG [Thread-14] root: Checking if stopped or write locked
2021-03-18 23:06:09,343 DEBUG [Thread-14] root: PUT request being served
2021-03-18 23:06:09,343 DEBUG [Thread-14] root: Checking if it's in range
2021-03-18 23:06:09,343 DEBUG [Thread-14] root: Got hostname and port -> 127.0.0.1:50102
2021-03-18 23:06:09,343 DEBUG [Thread-14] root: Got metadata range: 18d72fb047cfa96bf76b263790df36fe:f94d074ddbd70d06be256b520641cd5b
2021-03-18 23:06:09,343 DEBUG [Thread-14] root: 127.0.0.1:50102 -> 18d72fb047cfa96bf76b263790df36fe:f94d074ddbd70d06be256b520641cd5b
2021-03-18 23:06:09,343 DEBUG [Thread-14] root: 127.0.0.1:50009 -> f94d074ddbd70d06be256b520641cd5c:18d72fb047cfa96bf76b263790df36fd
2021-03-18 23:06:09,343 DEBUG [Thread-14] root: Got range big ints
2021-03-18 23:06:09,343 DEBUG [Thread-14] root: Range start < range end
2021-03-18 23:06:09,343 DEBUG [Thread-14] root: Done with range check in server
2021-03-18 23:06:09,343 DEBUG [Thread-14] root: In range
2021-03-18 23:06:09,343 INFO  [Thread-14] root: Put: key = 3, value = SIR3
2021-03-18 23:06:09,344 DEBUG [Thread-14] root: Getting successors
2021-03-18 23:06:09,344 DEBUG [Thread-14] root: Got successors
2021-03-18 23:06:09,344 DEBUG [Thread-14] root: Propagating to: 127.0.0.1:50009 127.0.0.1:50102
2021-03-18 23:06:09,344 INFO  [Thread-14] root: Client communication module connected
Starting commModule
2021-03-18 23:06:09,345 INFO  [Thread-0] root: Server communication module connected
2021-03-18 23:06:09,345 INFO  [Thread-14] root: Client communication module connected
2021-03-18 23:06:09,345 DEBUG [Thread-14] root: {"3":"SIR3"}
2021-03-18 23:06:09,345 INFO  [Thread-0] root: Connected to localhost on port 53737
2021-03-18 23:06:09,345 INFO  [Thread-14] root: Message sent by client -> Status: PROPAGATE
2021-03-18 23:06:09,345 INFO  [Thread-14] root: Message sent by client -> Status: PROPAGATE
2021-03-18 23:06:09,346 INFO  [Thread-17] root: Message received by server -> Status: PROPAGATE
2021-03-18 23:06:09,346 DEBUG [Thread-17] root: In serve
2021-03-18 23:06:09,346 DEBUG [Thread-17] root: Checking if stopped or write locked
2021-03-18 23:06:09,346 DEBUG [Thread-17] root: Case propagate
2021-03-18 23:06:09,346 DEBUG [Thread-17] root: Passing to server
2021-03-18 23:06:09,346 DEBUG [Thread-17] root: Getting Predecessors
2021-03-18 23:06:09,346 DEBUG [Thread-17] root: Looking for 127.0.0.1:50102
2021-03-18 23:06:09,346 DEBUG [Thread-17] root: [127.0.0.1:50009, 127.0.0.1:50102]
2021-03-18 23:06:09,346 DEBUG [Thread-17] root: Predecessors:
2021-03-18 23:06:09,346 DEBUG [Thread-17] root: [127.0.0.1:50102, 127.0.0.1:50009]
2021-03-18 23:06:09,346 DEBUG [Thread-17] root: Looking for 127.0.0.1:50102
2021-03-18 23:06:09,346 DEBUG [Thread-17] root: Index of predecessor: 0
2021-03-18 23:06:09,347 DEBUG [Thread-17] root: Server Stuff
2021-03-18 23:06:09,347 INFO  [Thread-17] root: Put: key = 3, value = SIR3
2021-03-18 23:06:09,347 INFO  [Thread-14] root: Message received by client -> Status: PROPAGATE_SUCCESS Key: null Value: null
2021-03-18 23:06:09,347 INFO  [Thread-17] root: Message sent by server -> Status: PROPAGATE_SUCCESS Key: null Value: null
2021-03-18 23:06:09,348 INFO  [Thread-14] root: Message received by client -> Status: PROPAGATE_SUCCESS Key: null Value: null
2021-03-18 23:06:09,348 INFO  [Thread-14] root: Message sent by server -> Status: PUT_SUCCESS Key: 3 Value: SIR3
2021-03-18 23:06:09,348 INFO  [Thread-14] root: Message received by server -> Status: PUT Key: 4 Value: SIR4
2021-03-18 23:06:09,348 DEBUG [Thread-14] root: In serve
2021-03-18 23:06:09,348 DEBUG [Thread-14] root: Checking if stopped or write locked
2021-03-18 23:06:09,348 DEBUG [Thread-14] root: PUT request being served
2021-03-18 23:06:09,348 DEBUG [Thread-14] root: Checking if it's in range
2021-03-18 23:06:09,348 DEBUG [Thread-14] root: Got hostname and port -> 127.0.0.1:50102
2021-03-18 23:06:09,348 DEBUG [Thread-14] root: Got metadata range: 18d72fb047cfa96bf76b263790df36fe:f94d074ddbd70d06be256b520641cd5b
2021-03-18 23:06:09,348 DEBUG [Thread-14] root: 127.0.0.1:50102 -> 18d72fb047cfa96bf76b263790df36fe:f94d074ddbd70d06be256b520641cd5b
2021-03-18 23:06:09,349 DEBUG [Thread-14] root: 127.0.0.1:50009 -> f94d074ddbd70d06be256b520641cd5c:18d72fb047cfa96bf76b263790df36fd
2021-03-18 23:06:09,349 DEBUG [Thread-14] root: Got range big ints
2021-03-18 23:06:09,349 DEBUG [Thread-14] root: Range start < range end
2021-03-18 23:06:09,349 DEBUG [Thread-14] root: Done with range check in server
2021-03-18 23:06:09,349 DEBUG [Thread-14] root: In range
2021-03-18 23:06:09,349 INFO  [Thread-14] root: Put: key = 4, value = SIR4
2021-03-18 23:06:09,349 DEBUG [Thread-14] root: Getting successors
2021-03-18 23:06:09,349 DEBUG [Thread-14] root: Got successors
2021-03-18 23:06:09,349 DEBUG [Thread-14] root: Propagating to: 127.0.0.1:50009 127.0.0.1:50102
2021-03-18 23:06:09,350 INFO  [Thread-14] root: Client communication module connected
Starting commModule
2021-03-18 23:06:09,350 INFO  [Thread-0] root: Server communication module connected
2021-03-18 23:06:09,350 INFO  [Thread-14] root: Client communication module connected
2021-03-18 23:06:09,351 DEBUG [Thread-14] root: {"4":"SIR4"}
2021-03-18 23:06:09,351 INFO  [Thread-0] root: Connected to localhost on port 53739
2021-03-18 23:06:09,351 INFO  [Thread-14] root: Message sent by client -> Status: PROPAGATE
2021-03-18 23:06:09,351 INFO  [Thread-14] root: Message sent by client -> Status: PROPAGATE
2021-03-18 23:06:09,352 INFO  [Thread-18] root: Message received by server -> Status: PROPAGATE
2021-03-18 23:06:09,352 DEBUG [Thread-18] root: In serve
2021-03-18 23:06:09,352 DEBUG [Thread-18] root: Checking if stopped or write locked
2021-03-18 23:06:09,352 DEBUG [Thread-18] root: Case propagate
2021-03-18 23:06:09,352 DEBUG [Thread-18] root: Passing to server
2021-03-18 23:06:09,352 DEBUG [Thread-18] root: Getting Predecessors
2021-03-18 23:06:09,352 DEBUG [Thread-18] root: Looking for 127.0.0.1:50102
2021-03-18 23:06:09,352 DEBUG [Thread-18] root: [127.0.0.1:50009, 127.0.0.1:50102]
2021-03-18 23:06:09,352 DEBUG [Thread-18] root: Predecessors:
2021-03-18 23:06:09,352 DEBUG [Thread-18] root: [127.0.0.1:50102, 127.0.0.1:50009]
2021-03-18 23:06:09,353 DEBUG [Thread-18] root: Looking for 127.0.0.1:50102
2021-03-18 23:06:09,353 DEBUG [Thread-18] root: Index of predecessor: 0
2021-03-18 23:06:09,353 DEBUG [Thread-18] root: Server Stuff
2021-03-18 23:06:09,353 INFO  [Thread-18] root: Put: key = 4, value = SIR4
2021-03-18 23:06:09,353 INFO  [Thread-14] root: Message received by client -> Status: PROPAGATE_SUCCESS Key: null Value: null
2021-03-18 23:06:09,353 INFO  [Thread-18] root: Message sent by server -> Status: PROPAGATE_SUCCESS Key: null Value: null
2021-03-18 23:06:09,354 INFO  [Thread-14] root: Message received by client -> Status: PROPAGATE_SUCCESS Key: null Value: null
2021-03-18 23:06:09,354 INFO  [Thread-14] root: Message sent by server -> Status: PUT_SUCCESS Key: 4 Value: SIR4
Starting commModule
2021-03-18 23:06:09,358 INFO  [Thread-0] root: Server communication module connected
2021-03-18 23:06:09,358 INFO  [Thread-19] root: Message received by server -> Status: MOVE_DATA
received adminmsg
2021-03-18 23:06:09,358 INFO  [Thread-0] root: Connected to localhost on port 53741
2021-03-18 23:06:09,358 DEBUG [Thread-19] root: Input data: 
2021-03-18 23:06:09,358 DEBUG [Thread-19] root: 18d72fb047cfa96bf76b263790df36fe:f94d074ddbd70d06be256b520641cd5b
2021-03-18 23:06:09,358 DEBUG [Thread-19] root: 127.0.0.1:50009
2021-03-18 23:06:09,359 INFO  [Thread-19] root: Client communication module connected
2021-03-18 23:06:09,359 DEBUG [Thread-19] root: Host: 127.0.0.1
2021-03-18 23:06:09,359 DEBUG [Thread-19] root: Port: 50009
2021-03-18 23:06:09,359 DEBUG [Thread-19] root: Range: 18d72fb047cfa96bf76b263790df36fe:f94d074ddbd70d06be256b520641cd5b
2021-03-18 23:06:09,359 DEBUG [Thread-19] root: In interator.
2021-03-18 23:06:09,359 DEBUG [Thread-19] root: Key: 1
2021-03-18 23:06:09,360 DEBUG [Thread-19] root: KeyHash: 261578874264819908609102035485573088411
2021-03-18 23:06:09,360 DEBUG [Thread-19] root: In range? true
2021-03-18 23:06:09,360 DEBUG [Thread-19] root: Adding key to flush
2021-03-18 23:06:09,360 DEBUG [Thread-19] root: Added key to flush
2021-03-18 23:06:09,360 DEBUG [Thread-19] root: Getting key value
2021-03-18 23:06:09,360 DEBUG [Thread-19] root: Got key value
2021-03-18 23:06:09,360 DEBUG [Thread-19] root: KVPair: 1:SIR1
2021-03-18 23:06:09,360 INFO  [Thread-19] root: Message sent by client -> Status: PUT Key: 1 Value: SIR1
2021-03-18 23:06:09,376 INFO  [Thread-19] root: Message received by client -> Status: PUT_SUCCESS Key: 1 Value: SIR1
2021-03-18 23:06:09,376 DEBUG [Thread-19] root: In interator.
2021-03-18 23:06:09,376 DEBUG [Thread-19] root: Key: 2
2021-03-18 23:06:09,376 DEBUG [Thread-19] root: KeyHash: 266003691477286198901011725417809479212
2021-03-18 23:06:09,376 DEBUG [Thread-19] root: In range? true
2021-03-18 23:06:09,376 DEBUG [Thread-19] root: Adding key to flush
2021-03-18 23:06:09,376 DEBUG [Thread-19] root: Added key to flush
2021-03-18 23:06:09,376 DEBUG [Thread-19] root: Getting key value
2021-03-18 23:06:09,376 DEBUG [Thread-19] root: Got key value
2021-03-18 23:06:09,376 DEBUG [Thread-19] root: KVPair: 2:SIR2
2021-03-18 23:06:09,376 INFO  [Thread-19] root: Message sent by client -> Status: PUT Key: 2 Value: SIR2
2021-03-18 23:06:09,384 INFO  [Thread-19] root: Message received by client -> Status: PUT_SUCCESS Key: 2 Value: SIR2
2021-03-18 23:06:09,384 DEBUG [Thread-19] root: In interator.
2021-03-18 23:06:09,384 DEBUG [Thread-19] root: Key: 3
2021-03-18 23:06:09,384 DEBUG [Thread-19] root: KeyHash: 314755909755515592000481005244904880883
2021-03-18 23:06:09,384 DEBUG [Thread-19] root: In range? true
2021-03-18 23:06:09,384 DEBUG [Thread-19] root: Adding key to flush
2021-03-18 23:06:09,384 DEBUG [Thread-19] root: Added key to flush
2021-03-18 23:06:09,384 DEBUG [Thread-19] root: Getting key value
2021-03-18 23:06:09,384 DEBUG [Thread-19] root: Got key value
2021-03-18 23:06:09,384 DEBUG [Thread-19] root: KVPair: 3:SIR3
2021-03-18 23:06:09,384 INFO  [Thread-19] root: Message sent by client -> Status: PUT Key: 3 Value: SIR3
2021-03-18 23:06:09,390 INFO  [Thread-19] root: Message received by client -> Status: PUT_SUCCESS Key: 3 Value: SIR3
2021-03-18 23:06:09,390 DEBUG [Thread-19] root: In interator.
2021-03-18 23:06:09,390 DEBUG [Thread-19] root: Key: 4
2021-03-18 23:06:09,390 DEBUG [Thread-19] root: KeyHash: 223974724102701384270894320508706361900
2021-03-18 23:06:09,390 DEBUG [Thread-19] root: In range? true
2021-03-18 23:06:09,390 DEBUG [Thread-19] root: Adding key to flush
2021-03-18 23:06:09,390 DEBUG [Thread-19] root: Added key to flush
2021-03-18 23:06:09,390 DEBUG [Thread-19] root: Getting key value
2021-03-18 23:06:09,390 DEBUG [Thread-19] root: Got key value
2021-03-18 23:06:09,390 DEBUG [Thread-19] root: KVPair: 4:SIR4
2021-03-18 23:06:09,390 INFO  [Thread-19] root: Message sent by client -> Status: PUT Key: 4 Value: SIR4
2021-03-18 23:06:09,395 INFO  [Thread-19] root: Message received by client -> Status: PUT_SUCCESS Key: 4 Value: SIR4
2021-03-18 23:06:09,395 DEBUG [Thread-19] root: Starting flush data
2021-03-18 23:06:09,396 INFO  [Thread-19] root: Delete: key = 1
2021-03-18 23:06:09,396 INFO  [Thread-19] root: Updating storage
2021-03-18 23:06:09,396 INFO  [Thread-19] root: Delete: key = 2
2021-03-18 23:06:09,396 INFO  [Thread-19] root: Updating storage
2021-03-18 23:06:09,396 INFO  [Thread-19] root: Delete: key = 3
2021-03-18 23:06:09,396 INFO  [Thread-19] root: Updating storage
2021-03-18 23:06:09,397 INFO  [Thread-19] root: Delete: key = 4
2021-03-18 23:06:09,397 INFO  [Thread-19] root: Updating storage
2021-03-18 23:06:09,397 DEBUG [Thread-19] root: Finished flush data
2021-03-18 23:06:09,397 DEBUG [Thread-19] root: Closing conn
2021-03-18 23:06:09,397 INFO  [Thread-19] root: Connection closed!
2021-03-18 23:06:09,397 DEBUG [Thread-19] root: Closed conn
2021-03-18 23:06:09,397 INFO  [Thread-19] root: Message sent by server -> Status: MOVE_DATA_SUCCESS
Starting commModule
2021-03-18 23:06:09,398 INFO  [Thread-0] root: Server communication module connected
2021-03-18 23:06:09,399 INFO  [Thread-0] root: Connected to localhost on port 53751
2021-03-18 23:06:09,399 INFO  [Thread-20] root: Message received by server -> Status: UPDATE
received adminmsg
2021-03-18 23:06:09,400 INFO  [Thread-20] root: Message sent by server -> Status: UPDATE_SUCCESS
Starting commModule
2021-03-18 23:06:09,403 INFO  [Thread-0] root: Server communication module connected
2021-03-18 23:06:09,403 INFO  [Thread-0] root: Connected to localhost on port 53753
2021-03-18 23:06:09,404 INFO  [Thread-21] root: Message received by server -> Status: PROPAGATE_ADMIN
received adminmsg
2021-03-18 23:06:09,404 DEBUG [Thread-21] root: Getting successors
2021-03-18 23:06:09,404 DEBUG [Thread-21] root: Got successors
2021-03-18 23:06:09,404 DEBUG [Thread-21] root: Propagating to: 127.0.0.1:50009 127.0.0.1:50009
2021-03-18 23:06:09,404 INFO  [Thread-21] root: Client communication module connected
2021-03-18 23:06:09,405 INFO  [Thread-21] root: Client communication module connected
2021-03-18 23:06:09,405 DEBUG [Thread-21] root: {}
2021-03-18 23:06:09,406 INFO  [Thread-21] root: Message sent by server -> Status: PROPAGATE_SUCCESS
Starting commModule
2021-03-18 23:06:09,416 INFO  [Thread-0] root: Server communication module connected
2021-03-18 23:06:09,416 INFO  [Thread-0] root: Connected to localhost on port 53759
2021-03-18 23:06:09,416 INFO  [Thread-22] root: Message received by server -> Status: SHUTDOWN
received adminmsg
2021-03-18 23:06:09,417 DEBUG [Thread-22] root: Closing the program
2021-03-18 23:06:09,417 INFO  [Thread-22] root: Message sent by server -> Status: SHUTDOWN_SUCCESS
2021-03-18 23:06:09,417 ERROR [Thread-0] root: Error! Unable to establish connection. 

java.net.SocketException: Socket closed
	at java.base/java.net.PlainSocketImpl.socketAccept(Native Method)
	at java.base/java.net.AbstractPlainSocketImpl.accept(AbstractPlainSocketImpl.java:458)
	at java.base/java.net.ServerSocket.implAccept(ServerSocket.java:565)
	at java.base/java.net.ServerSocket.accept(ServerSocket.java:533)
	at app_kvServer.KVServer.run(KVServer.java:408)
2021-03-18 23:06:09,419 INFO  [Thread-0] root: Server stopped.
2021-03-18 23:06:09,419 INFO  [Thread-0] root: Clearing KV Storage...
