2021-03-18 22:18:10,506 INFO  [main] root: Creating Storage Files
2021-03-18 22:18:10,507 INFO  [main] root: File created: server130.json
2021-03-18 22:18:10,507 INFO  [main] root: File created: server130_replica_1.json
2021-03-18 22:18:10,507 INFO  [main] root: File created: server130_replica_2.json
2021-03-18 22:18:10,508 INFO  [Thread-0] root: Initialize server ...
2021-03-18 22:18:10,521 INFO  [Thread-0] root: Server listening on port: 50129
2021-03-18 22:18:10,543 INFO  [Thread-0] org.apache.zookeeper.ZooKeeper: Client environment:zookeeper.version=3.6.2--803c7f1a12f85978cb049af5e4ef23bd8b688715, built on 09/04/2020 12:44 GMT
2021-03-18 22:18:10,543 INFO  [Thread-0] org.apache.zookeeper.ZooKeeper: Client environment:host.name=localhost
2021-03-18 22:18:10,543 INFO  [Thread-0] org.apache.zookeeper.ZooKeeper: Client environment:java.version=11.0.10
2021-03-18 22:18:10,543 INFO  [Thread-0] org.apache.zookeeper.ZooKeeper: Client environment:java.vendor=Azul Systems, Inc.
2021-03-18 22:18:10,543 INFO  [Thread-0] org.apache.zookeeper.ZooKeeper: Client environment:java.home=/Users/steve/Library/Java/JavaVirtualMachines/azul-11.0.10/Contents/Home
2021-03-18 22:18:10,543 INFO  [Thread-0] org.apache.zookeeper.ZooKeeper: Client environment:java.class.path=/Users/steve/Desktop/UofT/year4/winter2021/ECE419/milestone3/m3-server.jar
2021-03-18 22:18:10,543 INFO  [Thread-0] org.apache.zookeeper.ZooKeeper: Client environment:java.library.path=/Users/steve/Library/Java/Extensions:/Library/Java/Extensions:/Network/Library/Java/Extensions:/System/Library/Java/Extensions:/usr/lib/java:.
2021-03-18 22:18:10,543 INFO  [Thread-0] org.apache.zookeeper.ZooKeeper: Client environment:java.io.tmpdir=/var/folders/kz/3gb57nkn6ks6_07_dtt5lqvr0000gn/T/
2021-03-18 22:18:10,543 INFO  [Thread-0] org.apache.zookeeper.ZooKeeper: Client environment:java.compiler=<NA>
2021-03-18 22:18:10,543 INFO  [Thread-0] org.apache.zookeeper.ZooKeeper: Client environment:os.name=Mac OS X
2021-03-18 22:18:10,543 INFO  [Thread-0] org.apache.zookeeper.ZooKeeper: Client environment:os.arch=x86_64
2021-03-18 22:18:10,543 INFO  [Thread-0] org.apache.zookeeper.ZooKeeper: Client environment:os.version=10.16
2021-03-18 22:18:10,543 INFO  [Thread-0] org.apache.zookeeper.ZooKeeper: Client environment:user.name=steve
2021-03-18 22:18:10,544 INFO  [Thread-0] org.apache.zookeeper.ZooKeeper: Client environment:user.home=/Users/steve
2021-03-18 22:18:10,544 INFO  [Thread-0] org.apache.zookeeper.ZooKeeper: Client environment:user.dir=/Users/steve
2021-03-18 22:18:10,544 INFO  [Thread-0] org.apache.zookeeper.ZooKeeper: Client environment:os.memory.free=249MB
2021-03-18 22:18:10,544 INFO  [Thread-0] org.apache.zookeeper.ZooKeeper: Client environment:os.memory.max=4096MB
2021-03-18 22:18:10,544 INFO  [Thread-0] org.apache.zookeeper.ZooKeeper: Client environment:os.memory.total=256MB
2021-03-18 22:18:10,547 INFO  [Thread-0] org.apache.zookeeper.ZooKeeper: Initiating client connection, connectString=localhost:2181 sessionTimeout=3000 watcher=app_kvServer.KVServer$1@6f049d8b
2021-03-18 22:18:10,551 INFO  [Thread-0] org.apache.zookeeper.common.X509Util: Setting -D jdk.tls.rejectClientInitiatedRenegotiation=true to disable client-initiated TLS renegotiation
2021-03-18 22:18:10,563 INFO  [Thread-0] org.apache.zookeeper.ClientCnxnSocket: jute.maxbuffer value is 1048575 Bytes
2021-03-18 22:18:10,570 INFO  [Thread-0] org.apache.zookeeper.ClientCnxn: zookeeper.request.timeout value is 0. feature enabled=false
2021-03-18 22:18:10,580 DEBUG [Thread-0-SendThread(localhost:2181)] org.apache.zookeeper.SaslServerPrincipal: Canonicalized address to localhost
2021-03-18 22:18:10,582 INFO  [Thread-0-SendThread(localhost:2181)] org.apache.zookeeper.ClientCnxn: Opening socket connection to server localhost/0:0:0:0:0:0:0:1:2181.
2021-03-18 22:18:10,582 INFO  [Thread-0-SendThread(localhost:2181)] org.apache.zookeeper.ClientCnxn: SASL config status: Will not attempt to authenticate using SASL (unknown error)
2021-03-18 22:18:10,598 INFO  [Thread-0-SendThread(localhost:2181)] org.apache.zookeeper.ClientCnxn: Socket connection established, initiating session, client: /0:0:0:0:0:0:0:1:51688, server: localhost/0:0:0:0:0:0:0:1:2181
2021-03-18 22:18:10,599 DEBUG [Thread-0-SendThread(localhost:2181)] org.apache.zookeeper.ClientCnxn: Session establishment request sent on localhost/0:0:0:0:0:0:0:1:2181
2021-03-18 22:18:10,629 TRACE [Thread-0-SendThread(localhost:2181)] org.apache.zookeeper.ClientCnxnSocket: readConnectResult 37 0x[0,0,0,0,0,0,f,ffffffa0,1,0,14,ffffffbd,52,70,0,3e,0,0,0,10,52,25,6f,27,ffffff86,ffffffaa,ffffffd9,77,fffffff8,ffffffcc,53,50,ffffffe6,ffffff94,11,39,0,]
2021-03-18 22:18:10,631 INFO  [Thread-0-SendThread(localhost:2181)] org.apache.zookeeper.ClientCnxn: Session establishment complete on server localhost/0:0:0:0:0:0:0:1:2181, session id = 0x10014bd5270003e, negotiated timeout = 4000
2021-03-18 22:18:10,635 DEBUG [Thread-0-EventThread] root: ZK event: 
2021-03-18 22:18:10,635 DEBUG [Thread-0-EventThread] root: WatchedEvent state:SyncConnected type:None path:null
2021-03-18 22:18:10,663 DEBUG [Thread-0-SendThread(localhost:2181)] org.apache.zookeeper.ClientCnxn: Reading reply session id: 0x10014bd5270003e, packet:: clientPath:null serverPath:null finished:false header:: 1,1  replyHeader:: 1,204,0  request:: '/keeper/server130,,v{s{31,s{'world,'anyone}}},1  response:: '/keeper/server130 
2021-03-18 22:18:10,668 DEBUG [Thread-0-SendThread(localhost:2181)] org.apache.zookeeper.ClientCnxn: Reading reply session id: 0x10014bd5270003e, packet:: clientPath:null serverPath:null finished:false header:: 2,3  replyHeader:: 2,204,0  request:: '/keeper/server130,T  response:: s{204,204,1616120290635,1616120290635,0,0,0,72080397402374206,0,0,204} 
2021-03-18 22:18:10,695 DEBUG [Thread-0-SendThread(localhost:2181)] org.apache.zookeeper.ClientCnxn: Got notification session id: 0x10014bd5270003e
2021-03-18 22:18:10,696 DEBUG [Thread-0-SendThread(localhost:2181)] org.apache.zookeeper.ClientCnxn: Got WatchedEvent state:SyncConnected type:NodeDataChanged path:/keeper/server130 for session id 0x10014bd5270003e
2021-03-18 22:18:10,698 DEBUG [Thread-0-EventThread] root: ZK event: 
2021-03-18 22:18:10,698 DEBUG [Thread-0-EventThread] root: WatchedEvent state:SyncConnected type:NodeDataChanged path:/keeper/server130
2021-03-18 22:18:10,698 DEBUG [Thread-0-SendThread(localhost:2181)] org.apache.zookeeper.ClientCnxn: Reading reply session id: 0x10014bd5270003e, packet:: clientPath:null serverPath:null finished:false header:: 3,5  replyHeader:: 3,205,0  request:: '/keeper/server130,#3132372e302e302e313a3530313239,0  response:: s{204,205,1616120290635,1616120290669,1,0,0,72080397402374206,15,0,204} 
2021-03-18 22:18:10,699 INFO  [Thread-0] root: Node created at: /keeper/server130
Starting commModule
2021-03-18 22:18:10,707 INFO  [Thread-0] root: Server communication module connected
2021-03-18 22:18:10,708 INFO  [Thread-0] root: Connected to localhost on port 51689
2021-03-18 22:18:10,716 INFO  [Thread-1] root: Message received by server -> Status: INIT_SERVER
received adminmsg
2021-03-18 22:18:10,717 INFO  [Thread-1] root: Message sent by server -> Status: INIT_SERVER_SUCCESS
2021-03-18 22:18:10,717 INFO  [Thread-1] root: Message received by server -> Status: START
received adminmsg
2021-03-18 22:18:10,717 INFO  [Thread-1] root: Message sent by server -> Status: START_SUCCESS
Starting commModule
2021-03-18 22:18:10,719 INFO  [Thread-0] root: Server communication module connected
2021-03-18 22:18:10,720 INFO  [Thread-0] root: Connected to localhost on port 51690
2021-03-18 22:18:10,720 INFO  [Thread-2] root: Message received by server -> Status: UPDATE
received adminmsg
2021-03-18 22:18:10,721 INFO  [Thread-2] root: Message sent by server -> Status: UPDATE_SUCCESS
Starting commModule
2021-03-18 22:18:10,722 INFO  [Thread-0] root: Server communication module connected
2021-03-18 22:18:10,723 INFO  [Thread-0] root: Connected to localhost on port 51691
2021-03-18 22:18:10,724 INFO  [Thread-3] root: Message received by server -> Status: PROPAGATE_ADMIN
received adminmsg
2021-03-18 22:18:10,728 DEBUG [Thread-3] root: Getting successors
2021-03-18 22:18:10,729 DEBUG [Thread-3] root: Got successors
2021-03-18 22:18:10,729 DEBUG [Thread-3] root: Propagating to: 127.0.0.1:50129 127.0.0.1:50129
Starting commModule
2021-03-18 22:18:10,731 INFO  [Thread-0] root: Server communication module connected
2021-03-18 22:18:10,731 INFO  [Thread-3] root: Client communication module connected
2021-03-18 22:18:10,732 INFO  [Thread-0] root: Connected to localhost on port 51692
Starting commModule
2021-03-18 22:18:10,732 INFO  [Thread-0] root: Server communication module connected
2021-03-18 22:18:10,732 INFO  [Thread-3] root: Client communication module connected
2021-03-18 22:18:10,732 DEBUG [Thread-3] root: {}
2021-03-18 22:18:10,733 INFO  [Thread-3] root: Message sent by server -> Status: PROPAGATE_SUCCESS
2021-03-18 22:18:10,733 INFO  [Thread-0] root: Connected to localhost on port 51693
Starting commModule
2021-03-18 22:18:11,283 INFO  [Thread-0] root: Server communication module connected
2021-03-18 22:18:11,284 INFO  [Thread-0] root: Connected to localhost on port 51697
2021-03-18 22:18:11,285 INFO  [Thread-6] root: Message received by server -> Status: UPDATE
received adminmsg
2021-03-18 22:18:11,285 INFO  [Thread-6] root: Message sent by server -> Status: UPDATE_SUCCESS
Starting commModule
2021-03-18 22:18:11,286 INFO  [Thread-0] root: Server communication module connected
2021-03-18 22:18:11,287 INFO  [Thread-0] root: Connected to localhost on port 51698
2021-03-18 22:18:11,287 INFO  [Thread-7] root: Message received by server -> Status: PROPAGATE_ADMIN
received adminmsg
2021-03-18 22:18:11,288 DEBUG [Thread-7] root: Getting successors
2021-03-18 22:18:11,288 DEBUG [Thread-7] root: Got successors
2021-03-18 22:18:11,288 DEBUG [Thread-7] root: Propagating to: 127.0.0.1:50115 127.0.0.1:50129
2021-03-18 22:18:11,288 INFO  [Thread-7] root: Client communication module connected
Starting commModule
2021-03-18 22:18:11,289 INFO  [Thread-0] root: Server communication module connected
2021-03-18 22:18:11,289 INFO  [Thread-7] root: Client communication module connected
2021-03-18 22:18:11,289 DEBUG [Thread-7] root: {}
2021-03-18 22:18:11,289 INFO  [Thread-7] root: Message sent by server -> Status: PROPAGATE_SUCCESS
2021-03-18 22:18:11,289 INFO  [Thread-0] root: Connected to localhost on port 51700
Starting commModule
2021-03-18 22:18:11,290 INFO  [Thread-0] root: Server communication module connected
2021-03-18 22:18:11,290 INFO  [Thread-0] root: Connected to localhost on port 51701
2021-03-18 22:18:11,295 INFO  [Thread-9] root: Message received by server -> Status: MOVE_DATA
received adminmsg
2021-03-18 22:18:11,295 DEBUG [Thread-9] root: Input data: 
2021-03-18 22:18:11,295 DEBUG [Thread-9] root: 6fb1ba093f82cedea4ed1ddda26400ab:85ddbeae77d3dc962bfb48fdaadc7494
2021-03-18 22:18:11,295 DEBUG [Thread-9] root: 127.0.0.1:50115
2021-03-18 22:18:11,296 INFO  [Thread-9] root: Client communication module connected
2021-03-18 22:18:11,296 DEBUG [Thread-9] root: Host: 127.0.0.1
2021-03-18 22:18:11,296 DEBUG [Thread-9] root: Port: 50115
2021-03-18 22:18:11,296 DEBUG [Thread-9] root: Range: 6fb1ba093f82cedea4ed1ddda26400ab:85ddbeae77d3dc962bfb48fdaadc7494
2021-03-18 22:18:11,296 DEBUG [Thread-9] root: Starting flush data
2021-03-18 22:18:11,296 DEBUG [Thread-9] root: Finished flush data
2021-03-18 22:18:11,296 DEBUG [Thread-9] root: Closing conn
2021-03-18 22:18:11,296 INFO  [Thread-9] root: Connection closed!
2021-03-18 22:18:11,296 DEBUG [Thread-9] root: Closed conn
2021-03-18 22:18:11,297 INFO  [Thread-9] root: Message sent by server -> Status: MOVE_DATA_SUCCESS
Starting commModule
2021-03-18 22:18:11,298 INFO  [Thread-0] root: Server communication module connected
2021-03-18 22:18:11,299 INFO  [Thread-0] root: Connected to localhost on port 51703
2021-03-18 22:18:11,299 INFO  [Thread-10] root: Message received by server -> Status: UPDATE
received adminmsg
2021-03-18 22:18:11,300 INFO  [Thread-10] root: Message sent by server -> Status: UPDATE_SUCCESS
Starting commModule
2021-03-18 22:18:11,304 INFO  [Thread-0] root: Server communication module connected
2021-03-18 22:18:11,304 INFO  [Thread-0] root: Connected to localhost on port 51705
2021-03-18 22:18:11,305 INFO  [Thread-11] root: Message received by server -> Status: PROPAGATE_ADMIN
received adminmsg
2021-03-18 22:18:11,305 DEBUG [Thread-11] root: Getting successors
2021-03-18 22:18:11,306 DEBUG [Thread-11] root: Got successors
2021-03-18 22:18:11,306 DEBUG [Thread-11] root: Propagating to: 127.0.0.1:50115 127.0.0.1:50129
2021-03-18 22:18:11,306 INFO  [Thread-11] root: Client communication module connected
Starting commModule
2021-03-18 22:18:11,307 INFO  [Thread-11] root: Client communication module connected
2021-03-18 22:18:11,307 INFO  [Thread-0] root: Server communication module connected
2021-03-18 22:18:11,307 DEBUG [Thread-11] root: {}
2021-03-18 22:18:11,307 INFO  [Thread-11] root: Message sent by server -> Status: PROPAGATE_SUCCESS
2021-03-18 22:18:11,307 INFO  [Thread-0] root: Connected to localhost on port 51707
Starting commModule
2021-03-18 22:18:11,316 INFO  [Thread-0] root: Server communication module connected
2021-03-18 22:18:11,317 INFO  [Thread-0] root: Connected to localhost on port 51709
Starting commModule
2021-03-18 22:18:11,867 INFO  [Thread-0] root: Server communication module connected
2021-03-18 22:18:11,868 INFO  [Thread-0] root: Connected to localhost on port 51714
2021-03-18 22:18:11,869 INFO  [Thread-14] root: Message received by server -> Status: UPDATE
received adminmsg
2021-03-18 22:18:11,870 INFO  [Thread-14] root: Message sent by server -> Status: UPDATE_SUCCESS
Starting commModule
2021-03-18 22:18:11,874 INFO  [Thread-0] root: Server communication module connected
2021-03-18 22:18:11,874 INFO  [Thread-0] root: Connected to localhost on port 51716
2021-03-18 22:18:11,875 INFO  [Thread-15] root: Message received by server -> Status: PROPAGATE_ADMIN
received adminmsg
2021-03-18 22:18:11,875 DEBUG [Thread-15] root: Getting successors
2021-03-18 22:18:11,875 DEBUG [Thread-15] root: Got successors
2021-03-18 22:18:11,875 DEBUG [Thread-15] root: Propagating to: 127.0.0.1:50115 127.0.0.1:50131
2021-03-18 22:18:11,876 INFO  [Thread-15] root: Client communication module connected
2021-03-18 22:18:11,876 INFO  [Thread-15] root: Client communication module connected
2021-03-18 22:18:11,876 DEBUG [Thread-15] root: {}
2021-03-18 22:18:11,877 INFO  [Thread-15] root: Message sent by server -> Status: PROPAGATE_SUCCESS
Starting commModule
2021-03-18 22:18:11,880 INFO  [Thread-0] root: Server communication module connected
2021-03-18 22:18:11,881 INFO  [Thread-0] root: Connected to localhost on port 51721
Starting commModule
2021-03-18 22:18:11,881 INFO  [Thread-0] root: Server communication module connected
2021-03-18 22:18:11,882 INFO  [Thread-0] root: Connected to localhost on port 51722
2021-03-18 22:18:11,882 INFO  [Thread-17] root: Message received by server -> Status: MOVE_DATA
received adminmsg
2021-03-18 22:18:11,882 DEBUG [Thread-17] root: Input data: 
2021-03-18 22:18:11,882 DEBUG [Thread-17] root: 85ddbeae77d3dc962bfb48fdaadc7495:69fe0d82bcc705d53417150bc5dc3d9a
2021-03-18 22:18:11,882 DEBUG [Thread-17] root: 127.0.0.1:50131
2021-03-18 22:18:11,883 INFO  [Thread-17] root: Client communication module connected
2021-03-18 22:18:11,883 DEBUG [Thread-17] root: Host: 127.0.0.1
2021-03-18 22:18:11,883 DEBUG [Thread-17] root: Port: 50131
2021-03-18 22:18:11,883 DEBUG [Thread-17] root: Range: 85ddbeae77d3dc962bfb48fdaadc7495:69fe0d82bcc705d53417150bc5dc3d9a
2021-03-18 22:18:11,883 DEBUG [Thread-17] root: Starting flush data
2021-03-18 22:18:11,883 DEBUG [Thread-17] root: Finished flush data
2021-03-18 22:18:11,883 DEBUG [Thread-17] root: Closing conn
2021-03-18 22:18:11,883 INFO  [Thread-17] root: Connection closed!
2021-03-18 22:18:11,883 DEBUG [Thread-17] root: Closed conn
2021-03-18 22:18:11,883 INFO  [Thread-17] root: Message sent by server -> Status: MOVE_DATA_SUCCESS
Starting commModule
2021-03-18 22:18:11,884 INFO  [Thread-0] root: Server communication module connected
2021-03-18 22:18:11,884 INFO  [Thread-0] root: Connected to localhost on port 51724
2021-03-18 22:18:11,885 INFO  [Thread-18] root: Message received by server -> Status: UPDATE
received adminmsg
2021-03-18 22:18:11,886 INFO  [Thread-18] root: Message sent by server -> Status: UPDATE_SUCCESS
Starting commModule
2021-03-18 22:18:11,892 INFO  [Thread-0] root: Server communication module connected
2021-03-18 22:18:11,893 INFO  [Thread-0] root: Connected to localhost on port 51727
2021-03-18 22:18:11,893 INFO  [Thread-19] root: Message received by server -> Status: PROPAGATE_ADMIN
received adminmsg
2021-03-18 22:18:11,894 DEBUG [Thread-19] root: Getting successors
2021-03-18 22:18:11,894 DEBUG [Thread-19] root: Got successors
2021-03-18 22:18:11,894 DEBUG [Thread-19] root: Propagating to: 127.0.0.1:50115 127.0.0.1:50131
2021-03-18 22:18:11,895 INFO  [Thread-19] root: Client communication module connected
2021-03-18 22:18:11,895 INFO  [Thread-19] root: Client communication module connected
2021-03-18 22:18:11,895 DEBUG [Thread-19] root: {}
2021-03-18 22:18:11,896 INFO  [Thread-19] root: Message sent by server -> Status: PROPAGATE_SUCCESS
Starting commModule
2021-03-18 22:18:11,899 INFO  [Thread-0] root: Server communication module connected
2021-03-18 22:18:11,900 INFO  [Thread-0] root: Connected to localhost on port 51732
Starting commModule
2021-03-18 22:18:11,909 INFO  [Thread-0] root: Server communication module connected
2021-03-18 22:18:11,910 INFO  [Thread-0] root: Connected to localhost on port 51734
Starting commModule
2021-03-18 22:18:11,920 INFO  [Thread-0] root: Server communication module connected
2021-03-18 22:18:11,921 INFO  [Thread-0] root: Connected to localhost on port 51736
2021-03-18 22:18:11,923 INFO  [Thread-22] root: Message received by server -> Status: PUT Key: 1 Value: 1
2021-03-18 22:18:11,924 DEBUG [Thread-22] root: In serve
2021-03-18 22:18:11,924 DEBUG [Thread-22] root: Checking if stopped or write locked
2021-03-18 22:18:11,924 DEBUG [Thread-22] root: PUT request being served
2021-03-18 22:18:11,924 DEBUG [Thread-22] root: Checking if it's in range
2021-03-18 22:18:11,931 DEBUG [Thread-22] root: Got hostname and port -> 127.0.0.1:50129
2021-03-18 22:18:11,932 DEBUG [Thread-22] root: Got metadata range: 69fe0d82bcc705d53417150bc5dc3d9b:6fb1ba093f82cedea4ed1ddda26400aa
2021-03-18 22:18:11,932 DEBUG [Thread-22] root: 127.0.0.1:50115 -> 6fb1ba093f82cedea4ed1ddda26400ab:85ddbeae77d3dc962bfb48fdaadc7494
2021-03-18 22:18:11,932 DEBUG [Thread-22] root: 127.0.0.1:50131 -> 85ddbeae77d3dc962bfb48fdaadc7495:69fe0d82bcc705d53417150bc5dc3d9a
2021-03-18 22:18:11,932 DEBUG [Thread-22] root: 127.0.0.1:50129 -> 69fe0d82bcc705d53417150bc5dc3d9b:6fb1ba093f82cedea4ed1ddda26400aa
2021-03-18 22:18:11,932 DEBUG [Thread-22] root: Got range big ints
2021-03-18 22:18:11,932 DEBUG [Thread-22] root: Range start < range end
2021-03-18 22:18:11,932 DEBUG [Thread-22] root: Done with range check in server
2021-03-18 22:18:11,932 DEBUG [Thread-22] root: Not in range
2021-03-18 22:18:11,934 INFO  [Thread-22] root: Message sent by server -> Status: SERVER_NOT_RESPONSIBLE Key: 1 Value: null
Starting commModule
2021-03-18 22:18:11,947 INFO  [Thread-0] root: Server communication module connected
2021-03-18 22:18:11,947 INFO  [Thread-0] root: Connected to localhost on port 51738
2021-03-18 22:18:11,950 INFO  [Thread-23] root: Message received by server -> Status: PROPAGATE
2021-03-18 22:18:11,950 DEBUG [Thread-23] root: In serve
2021-03-18 22:18:11,950 DEBUG [Thread-23] root: Checking if stopped or write locked
2021-03-18 22:18:11,950 DEBUG [Thread-23] root: Case propagate
2021-03-18 22:18:11,950 DEBUG [Thread-23] root: Passing to server
2021-03-18 22:18:11,950 DEBUG [Thread-23] root: Getting Predecessors
2021-03-18 22:18:11,950 DEBUG [Thread-23] root: Looking for 127.0.0.1:50129
2021-03-18 22:18:11,950 DEBUG [Thread-23] root: [127.0.0.1:50131, 127.0.0.1:50129, 127.0.0.1:50115]
2021-03-18 22:18:11,950 DEBUG [Thread-23] root: Predecessors:
2021-03-18 22:18:11,950 DEBUG [Thread-23] root: [127.0.0.1:50115, 127.0.0.1:50131]
2021-03-18 22:18:11,950 DEBUG [Thread-23] root: Looking for 127.0.0.1:50131
2021-03-18 22:18:11,950 DEBUG [Thread-23] root: Index of predecessor: 1
2021-03-18 22:18:11,950 DEBUG [Thread-23] root: Server Stuff
2021-03-18 22:18:11,951 INFO  [Thread-23] root: Put: key = 1, value = 1
2021-03-18 22:18:11,952 INFO  [Thread-23] root: Message sent by server -> Status: PROPAGATE_SUCCESS Key: null Value: null
2021-03-18 22:18:12,005 DEBUG [Thread-0-SendThread(localhost:2181)] org.apache.zookeeper.ClientCnxn: Got ping response for session id: 0x10014bd5270003e after 1ms.
2021-03-18 22:18:13,338 DEBUG [Thread-0-SendThread(localhost:2181)] org.apache.zookeeper.ClientCnxn: Got ping response for session id: 0x10014bd5270003e after 0ms.
2021-03-18 22:18:14,672 DEBUG [Thread-0-SendThread(localhost:2181)] org.apache.zookeeper.ClientCnxn: Got ping response for session id: 0x10014bd5270003e after 0ms.
2021-03-18 22:18:16,006 DEBUG [Thread-0-SendThread(localhost:2181)] org.apache.zookeeper.ClientCnxn: Got ping response for session id: 0x10014bd5270003e after 0ms.
2021-03-18 22:18:17,345 DEBUG [Thread-0-SendThread(localhost:2181)] org.apache.zookeeper.ClientCnxn: Got ping response for session id: 0x10014bd5270003e after 0ms.
2021-03-18 22:18:18,678 DEBUG [Thread-0-SendThread(localhost:2181)] org.apache.zookeeper.ClientCnxn: Got ping response for session id: 0x10014bd5270003e after 0ms.
2021-03-18 22:18:20,011 DEBUG [Thread-0-SendThread(localhost:2181)] org.apache.zookeeper.ClientCnxn: Got ping response for session id: 0x10014bd5270003e after 0ms.
2021-03-18 22:18:21,350 DEBUG [Thread-0-SendThread(localhost:2181)] org.apache.zookeeper.ClientCnxn: Got ping response for session id: 0x10014bd5270003e after 1ms.
2021-03-18 22:18:22,686 DEBUG [Thread-0-SendThread(localhost:2181)] org.apache.zookeeper.ClientCnxn: Got ping response for session id: 0x10014bd5270003e after 1ms.
2021-03-18 22:18:24,020 DEBUG [Thread-0-SendThread(localhost:2181)] org.apache.zookeeper.ClientCnxn: Got ping response for session id: 0x10014bd5270003e after 0ms.
2021-03-18 22:18:25,356 DEBUG [Thread-0-SendThread(localhost:2181)] org.apache.zookeeper.ClientCnxn: Got ping response for session id: 0x10014bd5270003e after 1ms.
2021-03-18 22:18:26,694 DEBUG [Thread-0-SendThread(localhost:2181)] org.apache.zookeeper.ClientCnxn: Got ping response for session id: 0x10014bd5270003e after 0ms.
2021-03-18 22:18:28,027 DEBUG [Thread-0-SendThread(localhost:2181)] org.apache.zookeeper.ClientCnxn: Got ping response for session id: 0x10014bd5270003e after 0ms.
2021-03-18 22:18:29,362 DEBUG [Thread-0-SendThread(localhost:2181)] org.apache.zookeeper.ClientCnxn: Got ping response for session id: 0x10014bd5270003e after 0ms.
2021-03-18 22:18:30,697 DEBUG [Thread-0-SendThread(localhost:2181)] org.apache.zookeeper.ClientCnxn: Got ping response for session id: 0x10014bd5270003e after 1ms.
2021-03-18 22:18:32,032 DEBUG [Thread-0-SendThread(localhost:2181)] org.apache.zookeeper.ClientCnxn: Got ping response for session id: 0x10014bd5270003e after 1ms.
2021-03-18 22:18:33,371 DEBUG [Thread-0-SendThread(localhost:2181)] org.apache.zookeeper.ClientCnxn: Got ping response for session id: 0x10014bd5270003e after 1ms.
2021-03-18 22:18:34,708 DEBUG [Thread-0-SendThread(localhost:2181)] org.apache.zookeeper.ClientCnxn: Got ping response for session id: 0x10014bd5270003e after 0ms.
2021-03-18 22:18:36,045 DEBUG [Thread-0-SendThread(localhost:2181)] org.apache.zookeeper.ClientCnxn: Got ping response for session id: 0x10014bd5270003e after 1ms.
2021-03-18 22:18:37,379 DEBUG [Thread-0-SendThread(localhost:2181)] org.apache.zookeeper.ClientCnxn: Got ping response for session id: 0x10014bd5270003e after 1ms.
2021-03-18 22:18:38,714 DEBUG [Thread-0-SendThread(localhost:2181)] org.apache.zookeeper.ClientCnxn: Got ping response for session id: 0x10014bd5270003e after 1ms.
2021-03-18 22:18:40,050 DEBUG [Thread-0-SendThread(localhost:2181)] org.apache.zookeeper.ClientCnxn: Got ping response for session id: 0x10014bd5270003e after 1ms.
2021-03-18 22:18:41,388 DEBUG [Thread-0-SendThread(localhost:2181)] org.apache.zookeeper.ClientCnxn: Got ping response for session id: 0x10014bd5270003e after 0ms.
2021-03-18 22:18:42,724 DEBUG [Thread-0-SendThread(localhost:2181)] org.apache.zookeeper.ClientCnxn: Got ping response for session id: 0x10014bd5270003e after 1ms.
2021-03-18 22:18:44,061 DEBUG [Thread-0-SendThread(localhost:2181)] org.apache.zookeeper.ClientCnxn: Got ping response for session id: 0x10014bd5270003e after 0ms.
2021-03-18 22:18:45,400 DEBUG [Thread-0-SendThread(localhost:2181)] org.apache.zookeeper.ClientCnxn: Got ping response for session id: 0x10014bd5270003e after 0ms.
2021-03-18 22:18:46,737 DEBUG [Thread-0-SendThread(localhost:2181)] org.apache.zookeeper.ClientCnxn: Got ping response for session id: 0x10014bd5270003e after 0ms.
2021-03-18 22:18:48,072 DEBUG [Thread-0-SendThread(localhost:2181)] org.apache.zookeeper.ClientCnxn: Got ping response for session id: 0x10014bd5270003e after 1ms.
2021-03-18 22:18:49,409 DEBUG [Thread-0-SendThread(localhost:2181)] org.apache.zookeeper.ClientCnxn: Got ping response for session id: 0x10014bd5270003e after 1ms.
2021-03-18 22:18:50,746 DEBUG [Thread-0-SendThread(localhost:2181)] org.apache.zookeeper.ClientCnxn: Got ping response for session id: 0x10014bd5270003e after 0ms.
2021-03-18 22:18:52,080 DEBUG [Thread-0-SendThread(localhost:2181)] org.apache.zookeeper.ClientCnxn: Got ping response for session id: 0x10014bd5270003e after 1ms.
2021-03-18 22:18:53,417 DEBUG [Thread-0-SendThread(localhost:2181)] org.apache.zookeeper.ClientCnxn: Got ping response for session id: 0x10014bd5270003e after 1ms.
2021-03-18 22:18:54,751 DEBUG [Thread-0-SendThread(localhost:2181)] org.apache.zookeeper.ClientCnxn: Got ping response for session id: 0x10014bd5270003e after 1ms.
2021-03-18 22:18:56,087 DEBUG [Thread-0-SendThread(localhost:2181)] org.apache.zookeeper.ClientCnxn: Got ping response for session id: 0x10014bd5270003e after 0ms.
2021-03-18 22:18:57,421 DEBUG [Thread-0-SendThread(localhost:2181)] org.apache.zookeeper.ClientCnxn: Got ping response for session id: 0x10014bd5270003e after 0ms.
Starting commModule
2021-03-18 22:18:57,563 INFO  [Thread-0] root: Server communication module connected
2021-03-18 22:18:57,565 INFO  [Thread-0] root: Connected to localhost on port 51749
2021-03-18 22:18:57,572 INFO  [Thread-24] root: Message received by server -> Status: SHUTDOWN
received adminmsg
2021-03-18 22:18:57,572 DEBUG [Thread-24] root: Closing the program
2021-03-18 22:18:57,573 INFO  [Thread-24] root: Message sent by server -> Status: SHUTDOWN_SUCCESS
2021-03-18 22:18:57,573 ERROR [Thread-0] root: Error! Unable to establish connection. 

java.net.SocketException: Socket closed
	at java.base/java.net.PlainSocketImpl.socketAccept(Native Method)
	at java.base/java.net.AbstractPlainSocketImpl.accept(AbstractPlainSocketImpl.java:458)
	at java.base/java.net.ServerSocket.implAccept(ServerSocket.java:565)
	at java.base/java.net.ServerSocket.accept(ServerSocket.java:533)
	at app_kvServer.KVServer.run(KVServer.java:408)
2021-03-18 22:18:57,575 INFO  [Thread-0] root: Server stopped.
2021-03-18 22:18:57,575 INFO  [Thread-0] root: Clearing KV Storage...
