2021-03-18 22:19:02,527 INFO  [main] root: Creating Storage Files
2021-03-18 22:19:02,528 INFO  [main] root: File created: server111.json
2021-03-18 22:19:02,528 INFO  [main] root: File created: server111_replica_1.json
2021-03-18 22:19:02,528 INFO  [main] root: File created: server111_replica_2.json
2021-03-18 22:19:02,529 INFO  [Thread-0] root: Initialize server ...
2021-03-18 22:19:02,543 INFO  [Thread-0] root: Server listening on port: 50110
2021-03-18 22:19:02,565 INFO  [Thread-0] org.apache.zookeeper.ZooKeeper: Client environment:zookeeper.version=3.6.2--803c7f1a12f85978cb049af5e4ef23bd8b688715, built on 09/04/2020 12:44 GMT
2021-03-18 22:19:02,565 INFO  [Thread-0] org.apache.zookeeper.ZooKeeper: Client environment:host.name=localhost
2021-03-18 22:19:02,565 INFO  [Thread-0] org.apache.zookeeper.ZooKeeper: Client environment:java.version=11.0.10
2021-03-18 22:19:02,565 INFO  [Thread-0] org.apache.zookeeper.ZooKeeper: Client environment:java.vendor=Azul Systems, Inc.
2021-03-18 22:19:02,565 INFO  [Thread-0] org.apache.zookeeper.ZooKeeper: Client environment:java.home=/Users/steve/Library/Java/JavaVirtualMachines/azul-11.0.10/Contents/Home
2021-03-18 22:19:02,565 INFO  [Thread-0] org.apache.zookeeper.ZooKeeper: Client environment:java.class.path=/Users/steve/Desktop/UofT/year4/winter2021/ECE419/milestone3/m3-server.jar
2021-03-18 22:19:02,565 INFO  [Thread-0] org.apache.zookeeper.ZooKeeper: Client environment:java.library.path=/Users/steve/Library/Java/Extensions:/Library/Java/Extensions:/Network/Library/Java/Extensions:/System/Library/Java/Extensions:/usr/lib/java:.
2021-03-18 22:19:02,565 INFO  [Thread-0] org.apache.zookeeper.ZooKeeper: Client environment:java.io.tmpdir=/var/folders/kz/3gb57nkn6ks6_07_dtt5lqvr0000gn/T/
2021-03-18 22:19:02,565 INFO  [Thread-0] org.apache.zookeeper.ZooKeeper: Client environment:java.compiler=<NA>
2021-03-18 22:19:02,566 INFO  [Thread-0] org.apache.zookeeper.ZooKeeper: Client environment:os.name=Mac OS X
2021-03-18 22:19:02,566 INFO  [Thread-0] org.apache.zookeeper.ZooKeeper: Client environment:os.arch=x86_64
2021-03-18 22:19:02,566 INFO  [Thread-0] org.apache.zookeeper.ZooKeeper: Client environment:os.version=10.16
2021-03-18 22:19:02,566 INFO  [Thread-0] org.apache.zookeeper.ZooKeeper: Client environment:user.name=steve
2021-03-18 22:19:02,566 INFO  [Thread-0] org.apache.zookeeper.ZooKeeper: Client environment:user.home=/Users/steve
2021-03-18 22:19:02,566 INFO  [Thread-0] org.apache.zookeeper.ZooKeeper: Client environment:user.dir=/Users/steve
2021-03-18 22:19:02,566 INFO  [Thread-0] org.apache.zookeeper.ZooKeeper: Client environment:os.memory.free=249MB
2021-03-18 22:19:02,566 INFO  [Thread-0] org.apache.zookeeper.ZooKeeper: Client environment:os.memory.max=4096MB
2021-03-18 22:19:02,566 INFO  [Thread-0] org.apache.zookeeper.ZooKeeper: Client environment:os.memory.total=256MB
2021-03-18 22:19:02,569 INFO  [Thread-0] org.apache.zookeeper.ZooKeeper: Initiating client connection, connectString=localhost:2181 sessionTimeout=3000 watcher=app_kvServer.KVServer$1@6f049d8b
2021-03-18 22:19:02,573 INFO  [Thread-0] org.apache.zookeeper.common.X509Util: Setting -D jdk.tls.rejectClientInitiatedRenegotiation=true to disable client-initiated TLS renegotiation
2021-03-18 22:19:02,584 INFO  [Thread-0] org.apache.zookeeper.ClientCnxnSocket: jute.maxbuffer value is 1048575 Bytes
2021-03-18 22:19:02,592 INFO  [Thread-0] org.apache.zookeeper.ClientCnxn: zookeeper.request.timeout value is 0. feature enabled=false
2021-03-18 22:19:02,604 DEBUG [Thread-0-SendThread(localhost:2181)] org.apache.zookeeper.SaslServerPrincipal: Canonicalized address to localhost
2021-03-18 22:19:02,606 INFO  [Thread-0-SendThread(localhost:2181)] org.apache.zookeeper.ClientCnxn: Opening socket connection to server localhost/127.0.0.1:2181.
2021-03-18 22:19:02,606 INFO  [Thread-0-SendThread(localhost:2181)] org.apache.zookeeper.ClientCnxn: SASL config status: Will not attempt to authenticate using SASL (unknown error)
2021-03-18 22:19:02,624 INFO  [Thread-0-SendThread(localhost:2181)] org.apache.zookeeper.ClientCnxn: Socket connection established, initiating session, client: /127.0.0.1:51755, server: localhost/127.0.0.1:2181
2021-03-18 22:19:02,625 DEBUG [Thread-0-SendThread(localhost:2181)] org.apache.zookeeper.ClientCnxn: Session establishment request sent on localhost/127.0.0.1:2181
2021-03-18 22:19:02,654 TRACE [Thread-0-SendThread(localhost:2181)] org.apache.zookeeper.ClientCnxnSocket: readConnectResult 37 0x[0,0,0,0,0,0,f,ffffffa0,1,0,14,ffffffbd,52,70,0,42,0,0,0,10,2,ffffffcc,ffffff9b,26,5,4d,40,27,74,37,ffffffd9,6a,ffffffa9,ffffffd2,fffffff4,f,0,]
2021-03-18 22:19:02,655 INFO  [Thread-0-SendThread(localhost:2181)] org.apache.zookeeper.ClientCnxn: Session establishment complete on server localhost/127.0.0.1:2181, session id = 0x10014bd52700042, negotiated timeout = 4000
2021-03-18 22:19:02,658 DEBUG [Thread-0-EventThread] root: ZK event: 
2021-03-18 22:19:02,658 DEBUG [Thread-0-EventThread] root: WatchedEvent state:SyncConnected type:None path:null
2021-03-18 22:19:02,684 DEBUG [Thread-0-SendThread(localhost:2181)] org.apache.zookeeper.ClientCnxn: Reading reply session id: 0x10014bd52700042, packet:: clientPath:null serverPath:null finished:false header:: 1,1  replyHeader:: 1,218,0  request:: '/keeper/server111,,v{s{31,s{'world,'anyone}}},1  response:: '/keeper/server111 
2021-03-18 22:19:02,688 DEBUG [Thread-0-SendThread(localhost:2181)] org.apache.zookeeper.ClientCnxn: Reading reply session id: 0x10014bd52700042, packet:: clientPath:null serverPath:null finished:false header:: 2,3  replyHeader:: 2,218,0  request:: '/keeper/server111,T  response:: s{218,218,1616120342658,1616120342658,0,0,0,72080397402374210,0,0,218} 
2021-03-18 22:19:02,714 DEBUG [Thread-0-SendThread(localhost:2181)] org.apache.zookeeper.ClientCnxn: Got notification session id: 0x10014bd52700042
2021-03-18 22:19:02,715 DEBUG [Thread-0-SendThread(localhost:2181)] org.apache.zookeeper.ClientCnxn: Got WatchedEvent state:SyncConnected type:NodeDataChanged path:/keeper/server111 for session id 0x10014bd52700042
2021-03-18 22:19:02,716 DEBUG [Thread-0-EventThread] root: ZK event: 
2021-03-18 22:19:02,716 DEBUG [Thread-0-EventThread] root: WatchedEvent state:SyncConnected type:NodeDataChanged path:/keeper/server111
2021-03-18 22:19:02,717 DEBUG [Thread-0-SendThread(localhost:2181)] org.apache.zookeeper.ClientCnxn: Reading reply session id: 0x10014bd52700042, packet:: clientPath:null serverPath:null finished:false header:: 3,5  replyHeader:: 3,219,0  request:: '/keeper/server111,#3132372e302e302e313a3530313130,0  response:: s{218,219,1616120342658,1616120342689,1,0,0,72080397402374210,15,0,218} 
2021-03-18 22:19:02,717 INFO  [Thread-0] root: Node created at: /keeper/server111
Starting commModule
2021-03-18 22:19:02,723 INFO  [Thread-0] root: Server communication module connected
2021-03-18 22:19:02,724 INFO  [Thread-0] root: Connected to localhost on port 51756
2021-03-18 22:19:02,731 INFO  [Thread-1] root: Message received by server -> Status: INIT_SERVER
received adminmsg
2021-03-18 22:19:02,732 INFO  [Thread-1] root: Message sent by server -> Status: INIT_SERVER_SUCCESS
2021-03-18 22:19:02,733 INFO  [Thread-1] root: Message received by server -> Status: START
received adminmsg
2021-03-18 22:19:02,733 INFO  [Thread-1] root: Message sent by server -> Status: START_SUCCESS
Starting commModule
2021-03-18 22:19:02,735 INFO  [Thread-0] root: Server communication module connected
2021-03-18 22:19:02,736 INFO  [Thread-0] root: Connected to localhost on port 51757
2021-03-18 22:19:02,737 INFO  [Thread-2] root: Message received by server -> Status: UPDATE
received adminmsg
2021-03-18 22:19:02,738 INFO  [Thread-2] root: Message sent by server -> Status: UPDATE_SUCCESS
Starting commModule
2021-03-18 22:19:02,739 INFO  [Thread-0] root: Server communication module connected
2021-03-18 22:19:02,741 INFO  [Thread-0] root: Connected to localhost on port 51758
2021-03-18 22:19:02,741 INFO  [Thread-3] root: Message received by server -> Status: PROPAGATE_ADMIN
received adminmsg
2021-03-18 22:19:02,747 DEBUG [Thread-3] root: Getting successors
2021-03-18 22:19:02,747 DEBUG [Thread-3] root: Got successors
2021-03-18 22:19:02,747 DEBUG [Thread-3] root: Propagating to: 127.0.0.1:50110 127.0.0.1:50110
Starting commModule
2021-03-18 22:19:02,750 INFO  [Thread-0] root: Server communication module connected
2021-03-18 22:19:02,750 INFO  [Thread-3] root: Client communication module connected
2021-03-18 22:19:02,751 INFO  [Thread-0] root: Connected to localhost on port 51759
Starting commModule
2021-03-18 22:19:02,751 INFO  [Thread-0] root: Server communication module connected
2021-03-18 22:19:02,751 INFO  [Thread-3] root: Client communication module connected
2021-03-18 22:19:02,751 DEBUG [Thread-3] root: {}
2021-03-18 22:19:02,751 INFO  [Thread-0] root: Connected to localhost on port 51760
2021-03-18 22:19:02,752 INFO  [Thread-3] root: Message sent by server -> Status: PROPAGATE_SUCCESS
Starting commModule
2021-03-18 22:19:03,396 INFO  [Thread-0] root: Server communication module connected
2021-03-18 22:19:03,397 INFO  [Thread-0] root: Connected to localhost on port 51764
2021-03-18 22:19:03,398 INFO  [Thread-6] root: Message received by server -> Status: UPDATE
received adminmsg
2021-03-18 22:19:03,398 INFO  [Thread-6] root: Message sent by server -> Status: UPDATE_SUCCESS
Starting commModule
2021-03-18 22:19:03,399 INFO  [Thread-0] root: Server communication module connected
2021-03-18 22:19:03,400 INFO  [Thread-0] root: Connected to localhost on port 51765
2021-03-18 22:19:03,400 INFO  [Thread-7] root: Message received by server -> Status: PROPAGATE_ADMIN
received adminmsg
2021-03-18 22:19:03,401 DEBUG [Thread-7] root: Getting successors
2021-03-18 22:19:03,401 DEBUG [Thread-7] root: Got successors
2021-03-18 22:19:03,401 DEBUG [Thread-7] root: Propagating to: 127.0.0.1:50031 127.0.0.1:50110
2021-03-18 22:19:03,401 INFO  [Thread-7] root: Client communication module connected
Starting commModule
2021-03-18 22:19:03,402 INFO  [Thread-0] root: Server communication module connected
2021-03-18 22:19:03,402 INFO  [Thread-7] root: Client communication module connected
2021-03-18 22:19:03,402 DEBUG [Thread-7] root: {}
2021-03-18 22:19:03,402 INFO  [Thread-7] root: Message sent by server -> Status: PROPAGATE_SUCCESS
2021-03-18 22:19:03,402 INFO  [Thread-0] root: Connected to localhost on port 51767
Starting commModule
2021-03-18 22:19:03,403 INFO  [Thread-0] root: Server communication module connected
2021-03-18 22:19:03,404 INFO  [Thread-0] root: Connected to localhost on port 51768
2021-03-18 22:19:03,408 INFO  [Thread-9] root: Message received by server -> Status: MOVE_DATA
received adminmsg
2021-03-18 22:19:03,408 DEBUG [Thread-9] root: Input data: 
2021-03-18 22:19:03,409 DEBUG [Thread-9] root: 3e2d5036fd910b4ba3785876346136b6:356da5d55b19cc137b0741727d0e6583
2021-03-18 22:19:03,409 DEBUG [Thread-9] root: 127.0.0.1:50031
2021-03-18 22:19:03,409 INFO  [Thread-9] root: Client communication module connected
2021-03-18 22:19:03,410 DEBUG [Thread-9] root: Host: 127.0.0.1
2021-03-18 22:19:03,410 DEBUG [Thread-9] root: Port: 50031
2021-03-18 22:19:03,410 DEBUG [Thread-9] root: Range: 3e2d5036fd910b4ba3785876346136b6:356da5d55b19cc137b0741727d0e6583
2021-03-18 22:19:03,410 DEBUG [Thread-9] root: Starting flush data
2021-03-18 22:19:03,410 DEBUG [Thread-9] root: Finished flush data
2021-03-18 22:19:03,410 DEBUG [Thread-9] root: Closing conn
2021-03-18 22:19:03,410 INFO  [Thread-9] root: Connection closed!
2021-03-18 22:19:03,410 DEBUG [Thread-9] root: Closed conn
2021-03-18 22:19:03,410 INFO  [Thread-9] root: Message sent by server -> Status: MOVE_DATA_SUCCESS
Starting commModule
2021-03-18 22:19:03,412 INFO  [Thread-0] root: Server communication module connected
2021-03-18 22:19:03,413 INFO  [Thread-0] root: Connected to localhost on port 51770
2021-03-18 22:19:03,414 INFO  [Thread-10] root: Message received by server -> Status: UPDATE
received adminmsg
2021-03-18 22:19:03,415 INFO  [Thread-10] root: Message sent by server -> Status: UPDATE_SUCCESS
Starting commModule
2021-03-18 22:19:03,419 INFO  [Thread-0] root: Server communication module connected
2021-03-18 22:19:03,420 INFO  [Thread-0] root: Connected to localhost on port 51772
2021-03-18 22:19:03,421 INFO  [Thread-11] root: Message received by server -> Status: PROPAGATE_ADMIN
received adminmsg
2021-03-18 22:19:03,422 DEBUG [Thread-11] root: Getting successors
2021-03-18 22:19:03,422 DEBUG [Thread-11] root: Got successors
2021-03-18 22:19:03,422 DEBUG [Thread-11] root: Propagating to: 127.0.0.1:50031 127.0.0.1:50110
2021-03-18 22:19:03,422 INFO  [Thread-11] root: Client communication module connected
Starting commModule
2021-03-18 22:19:03,423 INFO  [Thread-0] root: Server communication module connected
2021-03-18 22:19:03,423 INFO  [Thread-11] root: Client communication module connected
2021-03-18 22:19:03,423 DEBUG [Thread-11] root: {}
2021-03-18 22:19:03,423 INFO  [Thread-11] root: Message sent by server -> Status: PROPAGATE_SUCCESS
2021-03-18 22:19:03,424 INFO  [Thread-0] root: Connected to localhost on port 51774
Starting commModule
2021-03-18 22:19:03,435 INFO  [Thread-0] root: Server communication module connected
2021-03-18 22:19:03,437 INFO  [Thread-0] root: Connected to localhost on port 51776
2021-03-18 22:19:04,023 DEBUG [Thread-0-SendThread(localhost:2181)] org.apache.zookeeper.ClientCnxn: Got ping response for session id: 0x10014bd52700042 after 0ms.
Starting commModule
2021-03-18 22:19:04,107 INFO  [Thread-0] root: Server communication module connected
2021-03-18 22:19:04,108 INFO  [Thread-0] root: Connected to localhost on port 51781
2021-03-18 22:19:04,110 INFO  [Thread-14] root: Message received by server -> Status: UPDATE
received adminmsg
2021-03-18 22:19:04,111 INFO  [Thread-14] root: Message sent by server -> Status: UPDATE_SUCCESS
Starting commModule
2021-03-18 22:19:04,116 INFO  [Thread-0] root: Server communication module connected
2021-03-18 22:19:04,117 INFO  [Thread-0] root: Connected to localhost on port 51783
2021-03-18 22:19:04,118 INFO  [Thread-15] root: Message received by server -> Status: PROPAGATE_ADMIN
received adminmsg
2021-03-18 22:19:04,118 DEBUG [Thread-15] root: Getting successors
2021-03-18 22:19:04,118 DEBUG [Thread-15] root: Got successors
2021-03-18 22:19:04,118 DEBUG [Thread-15] root: Propagating to: 127.0.0.1:50084 127.0.0.1:50031
2021-03-18 22:19:04,119 INFO  [Thread-15] root: Client communication module connected
2021-03-18 22:19:04,119 INFO  [Thread-15] root: Client communication module connected
2021-03-18 22:19:04,119 DEBUG [Thread-15] root: {}
2021-03-18 22:19:04,120 INFO  [Thread-15] root: Message sent by server -> Status: PROPAGATE_SUCCESS
Starting commModule
2021-03-18 22:19:04,123 INFO  [Thread-0] root: Server communication module connected
2021-03-18 22:19:04,124 INFO  [Thread-0] root: Connected to localhost on port 51787
Starting commModule
2021-03-18 22:19:04,129 INFO  [Thread-0] root: Server communication module connected
2021-03-18 22:19:04,130 INFO  [Thread-0] root: Connected to localhost on port 51791
2021-03-18 22:19:04,130 INFO  [Thread-17] root: Message received by server -> Status: UPDATE
received adminmsg
2021-03-18 22:19:04,131 INFO  [Thread-17] root: Message sent by server -> Status: UPDATE_SUCCESS
Starting commModule
2021-03-18 22:19:04,138 INFO  [Thread-0] root: Server communication module connected
2021-03-18 22:19:04,139 INFO  [Thread-0] root: Connected to localhost on port 51794
2021-03-18 22:19:04,139 INFO  [Thread-18] root: Message received by server -> Status: PROPAGATE_ADMIN
received adminmsg
2021-03-18 22:19:04,140 DEBUG [Thread-18] root: Getting successors
2021-03-18 22:19:04,140 DEBUG [Thread-18] root: Got successors
2021-03-18 22:19:04,140 DEBUG [Thread-18] root: Propagating to: 127.0.0.1:50084 127.0.0.1:50031
2021-03-18 22:19:04,140 INFO  [Thread-18] root: Client communication module connected
2021-03-18 22:19:04,141 INFO  [Thread-18] root: Client communication module connected
2021-03-18 22:19:04,141 DEBUG [Thread-18] root: {}
2021-03-18 22:19:04,141 INFO  [Thread-18] root: Message sent by server -> Status: PROPAGATE_SUCCESS
Starting commModule
2021-03-18 22:19:04,145 INFO  [Thread-0] root: Server communication module connected
2021-03-18 22:19:04,146 INFO  [Thread-0] root: Connected to localhost on port 51798
Starting commModule
2021-03-18 22:19:04,158 INFO  [Thread-0] root: Server communication module connected
2021-03-18 22:19:04,159 INFO  [Thread-0] root: Connected to localhost on port 51802
Starting commModule
2021-03-18 22:19:04,173 INFO  [Thread-0] root: Server communication module connected
2021-03-18 22:19:04,174 INFO  [Thread-0] root: Connected to localhost on port 51803
2021-03-18 22:19:04,177 INFO  [Thread-21] root: Message received by server -> Status: PUT Key: 1 Value: 1
2021-03-18 22:19:04,177 DEBUG [Thread-21] root: In serve
2021-03-18 22:19:04,177 DEBUG [Thread-21] root: Checking if stopped or write locked
2021-03-18 22:19:04,177 DEBUG [Thread-21] root: PUT request being served
2021-03-18 22:19:04,177 DEBUG [Thread-21] root: Checking if it's in range
2021-03-18 22:19:04,186 DEBUG [Thread-21] root: Got hostname and port -> 127.0.0.1:50110
2021-03-18 22:19:04,186 DEBUG [Thread-21] root: Got metadata range: 356da5d55b19cc137b0741727d0e6584:3e2d5036fd910b4ba3785876346136b5
2021-03-18 22:19:04,186 DEBUG [Thread-21] root: 127.0.0.1:50110 -> 356da5d55b19cc137b0741727d0e6584:3e2d5036fd910b4ba3785876346136b5
2021-03-18 22:19:04,186 DEBUG [Thread-21] root: 127.0.0.1:50084 -> 3e2d5036fd910b4ba3785876346136b6:a8bb92606ca27789af6c077da3955bcd
2021-03-18 22:19:04,186 DEBUG [Thread-21] root: 127.0.0.1:50031 -> a8bb92606ca27789af6c077da3955bce:356da5d55b19cc137b0741727d0e6583
2021-03-18 22:19:04,186 DEBUG [Thread-21] root: Got range big ints
2021-03-18 22:19:04,186 DEBUG [Thread-21] root: Range start < range end
2021-03-18 22:19:04,186 DEBUG [Thread-21] root: Done with range check in server
2021-03-18 22:19:04,186 DEBUG [Thread-21] root: Not in range
2021-03-18 22:19:04,189 INFO  [Thread-21] root: Message sent by server -> Status: SERVER_NOT_RESPONSIBLE Key: 1 Value: null
Starting commModule
2021-03-18 22:19:04,208 INFO  [Thread-0] root: Server communication module connected
2021-03-18 22:19:04,209 INFO  [Thread-0] root: Connected to localhost on port 51805
2021-03-18 22:19:04,212 INFO  [Thread-22] root: Message received by server -> Status: PROPAGATE
2021-03-18 22:19:04,212 DEBUG [Thread-22] root: In serve
2021-03-18 22:19:04,212 DEBUG [Thread-22] root: Checking if stopped or write locked
2021-03-18 22:19:04,212 DEBUG [Thread-22] root: Case propagate
2021-03-18 22:19:04,212 DEBUG [Thread-22] root: Passing to server
2021-03-18 22:19:04,212 DEBUG [Thread-22] root: Getting Predecessors
2021-03-18 22:19:04,212 DEBUG [Thread-22] root: Looking for 127.0.0.1:50110
2021-03-18 22:19:04,213 DEBUG [Thread-22] root: [127.0.0.1:50031, 127.0.0.1:50110, 127.0.0.1:50084]
2021-03-18 22:19:04,213 DEBUG [Thread-22] root: Predecessors:
2021-03-18 22:19:04,213 DEBUG [Thread-22] root: [127.0.0.1:50084, 127.0.0.1:50031]
2021-03-18 22:19:04,213 DEBUG [Thread-22] root: Looking for 127.0.0.1:50031
2021-03-18 22:19:04,213 DEBUG [Thread-22] root: Index of predecessor: 1
2021-03-18 22:19:04,213 DEBUG [Thread-22] root: Server Stuff
2021-03-18 22:19:04,213 INFO  [Thread-22] root: Put: key = 1, value = 1
2021-03-18 22:19:04,215 INFO  [Thread-22] root: Message sent by server -> Status: PROPAGATE_SUCCESS Key: null Value: null
Starting commModule
2021-03-18 22:19:04,219 INFO  [Thread-0] root: Server communication module connected
2021-03-18 22:19:04,220 INFO  [Thread-0] root: Connected to localhost on port 51807
2021-03-18 22:19:04,220 INFO  [Thread-23] root: Message received by server -> Status: GET Key: null Value: null
2021-03-18 22:19:04,220 DEBUG [Thread-23] root: In serve
2021-03-18 22:19:04,220 INFO  [Thread-23] root: Server found an exception when receiving/processing/sending message! java.lang.NullPointerException
2021-03-18 22:19:05,364 DEBUG [Thread-0-SendThread(localhost:2181)] org.apache.zookeeper.ClientCnxn: Got ping response for session id: 0x10014bd52700042 after 0ms.
2021-03-18 22:19:06,701 DEBUG [Thread-0-SendThread(localhost:2181)] org.apache.zookeeper.ClientCnxn: Got ping response for session id: 0x10014bd52700042 after 0ms.
2021-03-18 22:19:08,037 DEBUG [Thread-0-SendThread(localhost:2181)] org.apache.zookeeper.ClientCnxn: Got ping response for session id: 0x10014bd52700042 after 0ms.
2021-03-18 22:19:09,372 DEBUG [Thread-0-SendThread(localhost:2181)] org.apache.zookeeper.ClientCnxn: Got ping response for session id: 0x10014bd52700042 after 1ms.
2021-03-18 22:19:10,707 DEBUG [Thread-0-SendThread(localhost:2181)] org.apache.zookeeper.ClientCnxn: Got ping response for session id: 0x10014bd52700042 after 1ms.
2021-03-18 22:19:12,040 DEBUG [Thread-0-SendThread(localhost:2181)] org.apache.zookeeper.ClientCnxn: Got ping response for session id: 0x10014bd52700042 after 0ms.
2021-03-18 22:19:13,374 DEBUG [Thread-0-SendThread(localhost:2181)] org.apache.zookeeper.ClientCnxn: Got ping response for session id: 0x10014bd52700042 after 0ms.
2021-03-18 22:19:14,712 DEBUG [Thread-0-SendThread(localhost:2181)] org.apache.zookeeper.ClientCnxn: Got ping response for session id: 0x10014bd52700042 after 1ms.
2021-03-18 22:19:16,050 DEBUG [Thread-0-SendThread(localhost:2181)] org.apache.zookeeper.ClientCnxn: Got ping response for session id: 0x10014bd52700042 after 0ms.
2021-03-18 22:19:17,388 DEBUG [Thread-0-SendThread(localhost:2181)] org.apache.zookeeper.ClientCnxn: Got ping response for session id: 0x10014bd52700042 after 1ms.
2021-03-18 22:19:18,722 DEBUG [Thread-0-SendThread(localhost:2181)] org.apache.zookeeper.ClientCnxn: Got ping response for session id: 0x10014bd52700042 after 0ms.
2021-03-18 22:19:20,059 DEBUG [Thread-0-SendThread(localhost:2181)] org.apache.zookeeper.ClientCnxn: Got ping response for session id: 0x10014bd52700042 after 1ms.
2021-03-18 22:19:21,396 DEBUG [Thread-0-SendThread(localhost:2181)] org.apache.zookeeper.ClientCnxn: Got ping response for session id: 0x10014bd52700042 after 1ms.
2021-03-18 22:19:22,733 DEBUG [Thread-0-SendThread(localhost:2181)] org.apache.zookeeper.ClientCnxn: Got ping response for session id: 0x10014bd52700042 after 2ms.
2021-03-18 22:19:24,070 DEBUG [Thread-0-SendThread(localhost:2181)] org.apache.zookeeper.ClientCnxn: Got ping response for session id: 0x10014bd52700042 after 1ms.
2021-03-18 22:19:25,405 DEBUG [Thread-0-SendThread(localhost:2181)] org.apache.zookeeper.ClientCnxn: Got ping response for session id: 0x10014bd52700042 after 0ms.
2021-03-18 22:19:26,739 DEBUG [Thread-0-SendThread(localhost:2181)] org.apache.zookeeper.ClientCnxn: Got ping response for session id: 0x10014bd52700042 after 1ms.
2021-03-18 22:19:28,076 DEBUG [Thread-0-SendThread(localhost:2181)] org.apache.zookeeper.ClientCnxn: Got ping response for session id: 0x10014bd52700042 after 1ms.
2021-03-18 22:19:29,413 DEBUG [Thread-0-SendThread(localhost:2181)] org.apache.zookeeper.ClientCnxn: Got ping response for session id: 0x10014bd52700042 after 1ms.
2021-03-18 22:19:30,747 DEBUG [Thread-0-SendThread(localhost:2181)] org.apache.zookeeper.ClientCnxn: Got ping response for session id: 0x10014bd52700042 after 1ms.
2021-03-18 22:19:32,084 DEBUG [Thread-0-SendThread(localhost:2181)] org.apache.zookeeper.ClientCnxn: Got ping response for session id: 0x10014bd52700042 after 1ms.
2021-03-18 22:19:33,422 DEBUG [Thread-0-SendThread(localhost:2181)] org.apache.zookeeper.ClientCnxn: Got ping response for session id: 0x10014bd52700042 after 0ms.
2021-03-18 22:19:34,755 DEBUG [Thread-0-SendThread(localhost:2181)] org.apache.zookeeper.ClientCnxn: Got ping response for session id: 0x10014bd52700042 after 0ms.
2021-03-18 22:19:36,088 DEBUG [Thread-0-SendThread(localhost:2181)] org.apache.zookeeper.ClientCnxn: Got ping response for session id: 0x10014bd52700042 after 0ms.
2021-03-18 22:19:37,428 DEBUG [Thread-0-SendThread(localhost:2181)] org.apache.zookeeper.ClientCnxn: Got ping response for session id: 0x10014bd52700042 after 0ms.
2021-03-18 22:19:38,762 DEBUG [Thread-0-SendThread(localhost:2181)] org.apache.zookeeper.ClientCnxn: Got ping response for session id: 0x10014bd52700042 after 1ms.
2021-03-18 22:19:40,097 DEBUG [Thread-0-SendThread(localhost:2181)] org.apache.zookeeper.ClientCnxn: Got ping response for session id: 0x10014bd52700042 after 0ms.
2021-03-18 22:19:41,432 DEBUG [Thread-0-SendThread(localhost:2181)] org.apache.zookeeper.ClientCnxn: Got ping response for session id: 0x10014bd52700042 after 1ms.
2021-03-18 22:19:42,765 DEBUG [Thread-0-SendThread(localhost:2181)] org.apache.zookeeper.ClientCnxn: Got ping response for session id: 0x10014bd52700042 after 1ms.
2021-03-18 22:19:44,100 DEBUG [Thread-0-SendThread(localhost:2181)] org.apache.zookeeper.ClientCnxn: Got ping response for session id: 0x10014bd52700042 after 0ms.
2021-03-18 22:19:45,437 DEBUG [Thread-0-SendThread(localhost:2181)] org.apache.zookeeper.ClientCnxn: Got ping response for session id: 0x10014bd52700042 after 0ms.
2021-03-18 22:19:46,772 DEBUG [Thread-0-SendThread(localhost:2181)] org.apache.zookeeper.ClientCnxn: Got ping response for session id: 0x10014bd52700042 after 1ms.
2021-03-18 22:19:48,106 DEBUG [Thread-0-SendThread(localhost:2181)] org.apache.zookeeper.ClientCnxn: Got ping response for session id: 0x10014bd52700042 after 1ms.
2021-03-18 22:19:49,445 DEBUG [Thread-0-SendThread(localhost:2181)] org.apache.zookeeper.ClientCnxn: Got ping response for session id: 0x10014bd52700042 after 1ms.
2021-03-18 22:19:50,783 DEBUG [Thread-0-SendThread(localhost:2181)] org.apache.zookeeper.ClientCnxn: Got ping response for session id: 0x10014bd52700042 after 0ms.
2021-03-18 22:19:52,122 DEBUG [Thread-0-SendThread(localhost:2181)] org.apache.zookeeper.ClientCnxn: Got ping response for session id: 0x10014bd52700042 after 1ms.
2021-03-18 22:19:53,457 DEBUG [Thread-0-SendThread(localhost:2181)] org.apache.zookeeper.ClientCnxn: Got ping response for session id: 0x10014bd52700042 after 0ms.
2021-03-18 22:19:54,791 DEBUG [Thread-0-SendThread(localhost:2181)] org.apache.zookeeper.ClientCnxn: Got ping response for session id: 0x10014bd52700042 after 0ms.
2021-03-18 22:19:56,130 DEBUG [Thread-0-SendThread(localhost:2181)] org.apache.zookeeper.ClientCnxn: Got ping response for session id: 0x10014bd52700042 after 1ms.
2021-03-18 22:19:57,467 DEBUG [Thread-0-SendThread(localhost:2181)] org.apache.zookeeper.ClientCnxn: Got ping response for session id: 0x10014bd52700042 after 0ms.
2021-03-18 22:19:58,804 DEBUG [Thread-0-SendThread(localhost:2181)] org.apache.zookeeper.ClientCnxn: Got ping response for session id: 0x10014bd52700042 after 0ms.
2021-03-18 22:20:00,138 DEBUG [Thread-0-SendThread(localhost:2181)] org.apache.zookeeper.ClientCnxn: Got ping response for session id: 0x10014bd52700042 after 1ms.
2021-03-18 22:20:01,473 DEBUG [Thread-0-SendThread(localhost:2181)] org.apache.zookeeper.ClientCnxn: Got ping response for session id: 0x10014bd52700042 after 0ms.
2021-03-18 22:20:02,808 DEBUG [Thread-0-SendThread(localhost:2181)] org.apache.zookeeper.ClientCnxn: Got ping response for session id: 0x10014bd52700042 after 0ms.
2021-03-18 22:20:04,145 DEBUG [Thread-0-SendThread(localhost:2181)] org.apache.zookeeper.ClientCnxn: Got ping response for session id: 0x10014bd52700042 after 0ms.
2021-03-18 22:20:05,479 DEBUG [Thread-0-SendThread(localhost:2181)] org.apache.zookeeper.ClientCnxn: Got ping response for session id: 0x10014bd52700042 after 0ms.
2021-03-18 22:20:06,816 DEBUG [Thread-0-SendThread(localhost:2181)] org.apache.zookeeper.ClientCnxn: Got ping response for session id: 0x10014bd52700042 after 0ms.
2021-03-18 22:20:08,152 DEBUG [Thread-0-SendThread(localhost:2181)] org.apache.zookeeper.ClientCnxn: Got ping response for session id: 0x10014bd52700042 after 0ms.
2021-03-18 22:20:09,486 DEBUG [Thread-0-SendThread(localhost:2181)] org.apache.zookeeper.ClientCnxn: Got ping response for session id: 0x10014bd52700042 after 0ms.
2021-03-18 22:20:10,821 DEBUG [Thread-0-SendThread(localhost:2181)] org.apache.zookeeper.ClientCnxn: Got ping response for session id: 0x10014bd52700042 after 0ms.
2021-03-18 22:20:12,156 DEBUG [Thread-0-SendThread(localhost:2181)] org.apache.zookeeper.ClientCnxn: Got ping response for session id: 0x10014bd52700042 after 0ms.
2021-03-18 22:20:13,494 DEBUG [Thread-0-SendThread(localhost:2181)] org.apache.zookeeper.ClientCnxn: Got ping response for session id: 0x10014bd52700042 after 0ms.
2021-03-18 22:20:14,831 DEBUG [Thread-0-SendThread(localhost:2181)] org.apache.zookeeper.ClientCnxn: Got ping response for session id: 0x10014bd52700042 after 1ms.
2021-03-18 22:20:16,170 DEBUG [Thread-0-SendThread(localhost:2181)] org.apache.zookeeper.ClientCnxn: Got ping response for session id: 0x10014bd52700042 after 1ms.
2021-03-18 22:20:17,505 DEBUG [Thread-0-SendThread(localhost:2181)] org.apache.zookeeper.ClientCnxn: Got ping response for session id: 0x10014bd52700042 after 1ms.
2021-03-18 22:20:18,844 DEBUG [Thread-0-SendThread(localhost:2181)] org.apache.zookeeper.ClientCnxn: Got ping response for session id: 0x10014bd52700042 after 0ms.
2021-03-18 22:20:20,183 DEBUG [Thread-0-SendThread(localhost:2181)] org.apache.zookeeper.ClientCnxn: Got ping response for session id: 0x10014bd52700042 after 0ms.
2021-03-18 22:20:21,522 DEBUG [Thread-0-SendThread(localhost:2181)] org.apache.zookeeper.ClientCnxn: Got ping response for session id: 0x10014bd52700042 after 1ms.
2021-03-18 22:20:22,855 DEBUG [Thread-0-SendThread(localhost:2181)] org.apache.zookeeper.ClientCnxn: Got ping response for session id: 0x10014bd52700042 after 0ms.
2021-03-18 22:20:24,193 DEBUG [Thread-0-SendThread(localhost:2181)] org.apache.zookeeper.ClientCnxn: Got ping response for session id: 0x10014bd52700042 after 0ms.
2021-03-18 22:20:25,529 DEBUG [Thread-0-SendThread(localhost:2181)] org.apache.zookeeper.ClientCnxn: Got ping response for session id: 0x10014bd52700042 after 0ms.
2021-03-18 22:20:26,863 DEBUG [Thread-0-SendThread(localhost:2181)] org.apache.zookeeper.ClientCnxn: Got ping response for session id: 0x10014bd52700042 after 1ms.
2021-03-18 22:20:28,202 DEBUG [Thread-0-SendThread(localhost:2181)] org.apache.zookeeper.ClientCnxn: Got ping response for session id: 0x10014bd52700042 after 1ms.
2021-03-18 22:20:29,538 DEBUG [Thread-0-SendThread(localhost:2181)] org.apache.zookeeper.ClientCnxn: Got ping response for session id: 0x10014bd52700042 after 1ms.
2021-03-18 22:20:30,877 DEBUG [Thread-0-SendThread(localhost:2181)] org.apache.zookeeper.ClientCnxn: Got ping response for session id: 0x10014bd52700042 after 1ms.
2021-03-18 22:20:32,213 DEBUG [Thread-0-SendThread(localhost:2181)] org.apache.zookeeper.ClientCnxn: Got ping response for session id: 0x10014bd52700042 after 1ms.
2021-03-18 22:20:33,547 DEBUG [Thread-0-SendThread(localhost:2181)] org.apache.zookeeper.ClientCnxn: Got ping response for session id: 0x10014bd52700042 after 0ms.
2021-03-18 22:20:34,883 DEBUG [Thread-0-SendThread(localhost:2181)] org.apache.zookeeper.ClientCnxn: Got ping response for session id: 0x10014bd52700042 after 0ms.
2021-03-18 22:20:36,222 DEBUG [Thread-0-SendThread(localhost:2181)] org.apache.zookeeper.ClientCnxn: Got ping response for session id: 0x10014bd52700042 after 0ms.
2021-03-18 22:20:37,556 DEBUG [Thread-0-SendThread(localhost:2181)] org.apache.zookeeper.ClientCnxn: Got ping response for session id: 0x10014bd52700042 after 0ms.
2021-03-18 22:20:38,892 DEBUG [Thread-0-SendThread(localhost:2181)] org.apache.zookeeper.ClientCnxn: Got ping response for session id: 0x10014bd52700042 after 0ms.
2021-03-18 22:20:40,226 DEBUG [Thread-0-SendThread(localhost:2181)] org.apache.zookeeper.ClientCnxn: Got ping response for session id: 0x10014bd52700042 after 1ms.
2021-03-18 22:20:41,563 DEBUG [Thread-0-SendThread(localhost:2181)] org.apache.zookeeper.ClientCnxn: Got ping response for session id: 0x10014bd52700042 after 0ms.
2021-03-18 22:20:42,898 DEBUG [Thread-0-SendThread(localhost:2181)] org.apache.zookeeper.ClientCnxn: Got ping response for session id: 0x10014bd52700042 after 1ms.
2021-03-18 22:20:44,236 DEBUG [Thread-0-SendThread(localhost:2181)] org.apache.zookeeper.ClientCnxn: Got ping response for session id: 0x10014bd52700042 after 1ms.
2021-03-18 22:20:45,571 DEBUG [Thread-0-SendThread(localhost:2181)] org.apache.zookeeper.ClientCnxn: Got ping response for session id: 0x10014bd52700042 after 0ms.
2021-03-18 22:20:46,906 DEBUG [Thread-0-SendThread(localhost:2181)] org.apache.zookeeper.ClientCnxn: Got ping response for session id: 0x10014bd52700042 after 0ms.
2021-03-18 22:20:48,241 DEBUG [Thread-0-SendThread(localhost:2181)] org.apache.zookeeper.ClientCnxn: Got ping response for session id: 0x10014bd52700042 after 0ms.
2021-03-18 22:20:49,576 DEBUG [Thread-0-SendThread(localhost:2181)] org.apache.zookeeper.ClientCnxn: Got ping response for session id: 0x10014bd52700042 after 0ms.
2021-03-18 22:20:50,913 DEBUG [Thread-0-SendThread(localhost:2181)] org.apache.zookeeper.ClientCnxn: Got ping response for session id: 0x10014bd52700042 after 1ms.
2021-03-18 22:20:52,248 DEBUG [Thread-0-SendThread(localhost:2181)] org.apache.zookeeper.ClientCnxn: Got ping response for session id: 0x10014bd52700042 after 1ms.
2021-03-18 22:20:53,583 DEBUG [Thread-0-SendThread(localhost:2181)] org.apache.zookeeper.ClientCnxn: Got ping response for session id: 0x10014bd52700042 after 0ms.
2021-03-18 22:20:54,921 DEBUG [Thread-0-SendThread(localhost:2181)] org.apache.zookeeper.ClientCnxn: Got ping response for session id: 0x10014bd52700042 after 0ms.
2021-03-18 22:20:56,253 DEBUG [Thread-0-SendThread(localhost:2181)] org.apache.zookeeper.ClientCnxn: Got ping response for session id: 0x10014bd52700042 after 0ms.
2021-03-18 22:20:57,591 DEBUG [Thread-0-SendThread(localhost:2181)] org.apache.zookeeper.ClientCnxn: Got ping response for session id: 0x10014bd52700042 after 0ms.
2021-03-18 22:20:58,929 DEBUG [Thread-0-SendThread(localhost:2181)] org.apache.zookeeper.ClientCnxn: Got ping response for session id: 0x10014bd52700042 after 0ms.
2021-03-18 22:21:00,266 DEBUG [Thread-0-SendThread(localhost:2181)] org.apache.zookeeper.ClientCnxn: Got ping response for session id: 0x10014bd52700042 after 0ms.
2021-03-18 22:21:01,604 DEBUG [Thread-0-SendThread(localhost:2181)] org.apache.zookeeper.ClientCnxn: Got ping response for session id: 0x10014bd52700042 after 0ms.
2021-03-18 22:21:02,940 DEBUG [Thread-0-SendThread(localhost:2181)] org.apache.zookeeper.ClientCnxn: Got ping response for session id: 0x10014bd52700042 after 0ms.
2021-03-18 22:21:04,278 DEBUG [Thread-0-SendThread(localhost:2181)] org.apache.zookeeper.ClientCnxn: Got ping response for session id: 0x10014bd52700042 after 0ms.
2021-03-18 22:21:05,615 DEBUG [Thread-0-SendThread(localhost:2181)] org.apache.zookeeper.ClientCnxn: Got ping response for session id: 0x10014bd52700042 after 0ms.
2021-03-18 22:21:06,951 DEBUG [Thread-0-SendThread(localhost:2181)] org.apache.zookeeper.ClientCnxn: Got ping response for session id: 0x10014bd52700042 after 0ms.
2021-03-18 22:21:08,288 DEBUG [Thread-0-SendThread(localhost:2181)] org.apache.zookeeper.ClientCnxn: Got ping response for session id: 0x10014bd52700042 after 0ms.
2021-03-18 22:21:09,624 DEBUG [Thread-0-SendThread(localhost:2181)] org.apache.zookeeper.ClientCnxn: Got ping response for session id: 0x10014bd52700042 after 0ms.
2021-03-18 22:21:10,960 DEBUG [Thread-0-SendThread(localhost:2181)] org.apache.zookeeper.ClientCnxn: Got ping response for session id: 0x10014bd52700042 after 1ms.
2021-03-18 22:21:12,294 DEBUG [Thread-0-SendThread(localhost:2181)] org.apache.zookeeper.ClientCnxn: Got ping response for session id: 0x10014bd52700042 after 0ms.
2021-03-18 22:21:13,632 DEBUG [Thread-0-SendThread(localhost:2181)] org.apache.zookeeper.ClientCnxn: Got ping response for session id: 0x10014bd52700042 after 0ms.
2021-03-18 22:21:14,970 DEBUG [Thread-0-SendThread(localhost:2181)] org.apache.zookeeper.ClientCnxn: Got ping response for session id: 0x10014bd52700042 after 2ms.
2021-03-18 22:21:16,305 DEBUG [Thread-0-SendThread(localhost:2181)] org.apache.zookeeper.ClientCnxn: Got ping response for session id: 0x10014bd52700042 after 1ms.
2021-03-18 22:21:17,641 DEBUG [Thread-0-SendThread(localhost:2181)] org.apache.zookeeper.ClientCnxn: Got ping response for session id: 0x10014bd52700042 after 1ms.
2021-03-18 22:21:18,975 DEBUG [Thread-0-SendThread(localhost:2181)] org.apache.zookeeper.ClientCnxn: Got ping response for session id: 0x10014bd52700042 after 0ms.
2021-03-18 22:21:20,313 DEBUG [Thread-0-SendThread(localhost:2181)] org.apache.zookeeper.ClientCnxn: Got ping response for session id: 0x10014bd52700042 after 0ms.
2021-03-18 22:21:21,652 DEBUG [Thread-0-SendThread(localhost:2181)] org.apache.zookeeper.ClientCnxn: Got ping response for session id: 0x10014bd52700042 after 0ms.
2021-03-18 22:21:22,987 DEBUG [Thread-0-SendThread(localhost:2181)] org.apache.zookeeper.ClientCnxn: Got ping response for session id: 0x10014bd52700042 after 0ms.
2021-03-18 22:21:24,321 DEBUG [Thread-0-SendThread(localhost:2181)] org.apache.zookeeper.ClientCnxn: Got ping response for session id: 0x10014bd52700042 after 1ms.
2021-03-18 22:21:25,655 DEBUG [Thread-0-SendThread(localhost:2181)] org.apache.zookeeper.ClientCnxn: Got ping response for session id: 0x10014bd52700042 after 0ms.
2021-03-18 22:21:26,992 DEBUG [Thread-0-SendThread(localhost:2181)] org.apache.zookeeper.ClientCnxn: Got ping response for session id: 0x10014bd52700042 after 0ms.
2021-03-18 22:21:28,329 DEBUG [Thread-0-SendThread(localhost:2181)] org.apache.zookeeper.ClientCnxn: Got ping response for session id: 0x10014bd52700042 after 0ms.
2021-03-18 22:21:29,663 DEBUG [Thread-0-SendThread(localhost:2181)] org.apache.zookeeper.ClientCnxn: Got ping response for session id: 0x10014bd52700042 after 0ms.
2021-03-18 22:21:31,003 DEBUG [Thread-0-SendThread(localhost:2181)] org.apache.zookeeper.ClientCnxn: Got ping response for session id: 0x10014bd52700042 after 0ms.
2021-03-18 22:21:32,337 DEBUG [Thread-0-SendThread(localhost:2181)] org.apache.zookeeper.ClientCnxn: Got ping response for session id: 0x10014bd52700042 after 0ms.
2021-03-18 22:21:33,671 DEBUG [Thread-0-SendThread(localhost:2181)] org.apache.zookeeper.ClientCnxn: Got ping response for session id: 0x10014bd52700042 after 0ms.
2021-03-18 22:21:35,008 DEBUG [Thread-0-SendThread(localhost:2181)] org.apache.zookeeper.ClientCnxn: Got ping response for session id: 0x10014bd52700042 after 1ms.
2021-03-18 22:21:36,345 DEBUG [Thread-0-SendThread(localhost:2181)] org.apache.zookeeper.ClientCnxn: Got ping response for session id: 0x10014bd52700042 after 1ms.
2021-03-18 22:21:37,681 DEBUG [Thread-0-SendThread(localhost:2181)] org.apache.zookeeper.ClientCnxn: Got ping response for session id: 0x10014bd52700042 after 0ms.
2021-03-18 22:21:39,017 DEBUG [Thread-0-SendThread(localhost:2181)] org.apache.zookeeper.ClientCnxn: Got ping response for session id: 0x10014bd52700042 after 0ms.
2021-03-18 22:21:40,355 DEBUG [Thread-0-SendThread(localhost:2181)] org.apache.zookeeper.ClientCnxn: Got ping response for session id: 0x10014bd52700042 after 1ms.
2021-03-18 22:21:41,692 DEBUG [Thread-0-SendThread(localhost:2181)] org.apache.zookeeper.ClientCnxn: Got ping response for session id: 0x10014bd52700042 after 1ms.
2021-03-18 22:21:43,030 DEBUG [Thread-0-SendThread(localhost:2181)] org.apache.zookeeper.ClientCnxn: Got ping response for session id: 0x10014bd52700042 after 0ms.
2021-03-18 22:21:44,366 DEBUG [Thread-0-SendThread(localhost:2181)] org.apache.zookeeper.ClientCnxn: Got ping response for session id: 0x10014bd52700042 after 0ms.
2021-03-18 22:21:45,702 DEBUG [Thread-0-SendThread(localhost:2181)] org.apache.zookeeper.ClientCnxn: Got ping response for session id: 0x10014bd52700042 after 0ms.
2021-03-18 22:21:47,041 DEBUG [Thread-0-SendThread(localhost:2181)] org.apache.zookeeper.ClientCnxn: Got ping response for session id: 0x10014bd52700042 after 1ms.
2021-03-18 22:21:48,375 DEBUG [Thread-0-SendThread(localhost:2181)] org.apache.zookeeper.ClientCnxn: Got ping response for session id: 0x10014bd52700042 after 0ms.
2021-03-18 22:21:49,712 DEBUG [Thread-0-SendThread(localhost:2181)] org.apache.zookeeper.ClientCnxn: Got ping response for session id: 0x10014bd52700042 after 0ms.
2021-03-18 22:21:51,050 DEBUG [Thread-0-SendThread(localhost:2181)] org.apache.zookeeper.ClientCnxn: Got ping response for session id: 0x10014bd52700042 after 0ms.
2021-03-18 22:21:52,388 DEBUG [Thread-0-SendThread(localhost:2181)] org.apache.zookeeper.ClientCnxn: Got ping response for session id: 0x10014bd52700042 after 0ms.
2021-03-18 22:21:53,724 DEBUG [Thread-0-SendThread(localhost:2181)] org.apache.zookeeper.ClientCnxn: Got ping response for session id: 0x10014bd52700042 after 0ms.
2021-03-18 22:21:55,059 DEBUG [Thread-0-SendThread(localhost:2181)] org.apache.zookeeper.ClientCnxn: Got ping response for session id: 0x10014bd52700042 after 0ms.
2021-03-18 22:21:56,396 DEBUG [Thread-0-SendThread(localhost:2181)] org.apache.zookeeper.ClientCnxn: Got ping response for session id: 0x10014bd52700042 after 0ms.
2021-03-18 22:21:57,733 DEBUG [Thread-0-SendThread(localhost:2181)] org.apache.zookeeper.ClientCnxn: Got ping response for session id: 0x10014bd52700042 after 0ms.
2021-03-18 22:21:59,070 DEBUG [Thread-0-SendThread(localhost:2181)] org.apache.zookeeper.ClientCnxn: Got ping response for session id: 0x10014bd52700042 after 0ms.
2021-03-18 22:22:00,404 DEBUG [Thread-0-SendThread(localhost:2181)] org.apache.zookeeper.ClientCnxn: Got ping response for session id: 0x10014bd52700042 after 0ms.
2021-03-18 22:22:01,738 DEBUG [Thread-0-SendThread(localhost:2181)] org.apache.zookeeper.ClientCnxn: Got ping response for session id: 0x10014bd52700042 after 0ms.
2021-03-18 22:22:03,072 DEBUG [Thread-0-SendThread(localhost:2181)] org.apache.zookeeper.ClientCnxn: Got ping response for session id: 0x10014bd52700042 after 0ms.
2021-03-18 22:22:04,406 DEBUG [Thread-0-SendThread(localhost:2181)] org.apache.zookeeper.ClientCnxn: Got ping response for session id: 0x10014bd52700042 after 0ms.
2021-03-18 22:22:05,740 DEBUG [Thread-0-SendThread(localhost:2181)] org.apache.zookeeper.ClientCnxn: Got ping response for session id: 0x10014bd52700042 after 0ms.
2021-03-18 22:22:07,077 DEBUG [Thread-0-SendThread(localhost:2181)] org.apache.zookeeper.ClientCnxn: Got ping response for session id: 0x10014bd52700042 after 0ms.
2021-03-18 22:22:08,414 DEBUG [Thread-0-SendThread(localhost:2181)] org.apache.zookeeper.ClientCnxn: Got ping response for session id: 0x10014bd52700042 after 0ms.
2021-03-18 22:22:09,750 DEBUG [Thread-0-SendThread(localhost:2181)] org.apache.zookeeper.ClientCnxn: Got ping response for session id: 0x10014bd52700042 after 0ms.
2021-03-18 22:22:11,087 DEBUG [Thread-0-SendThread(localhost:2181)] org.apache.zookeeper.ClientCnxn: Got ping response for session id: 0x10014bd52700042 after 0ms.
2021-03-18 22:22:12,421 DEBUG [Thread-0-SendThread(localhost:2181)] org.apache.zookeeper.ClientCnxn: Got ping response for session id: 0x10014bd52700042 after 0ms.
2021-03-18 22:22:13,755 DEBUG [Thread-0-SendThread(localhost:2181)] org.apache.zookeeper.ClientCnxn: Got ping response for session id: 0x10014bd52700042 after 0ms.
2021-03-18 22:22:15,088 DEBUG [Thread-0-SendThread(localhost:2181)] org.apache.zookeeper.ClientCnxn: Got ping response for session id: 0x10014bd52700042 after 0ms.
2021-03-18 22:22:16,421 DEBUG [Thread-0-SendThread(localhost:2181)] org.apache.zookeeper.ClientCnxn: Got ping response for session id: 0x10014bd52700042 after 0ms.
2021-03-18 22:22:17,755 DEBUG [Thread-0-SendThread(localhost:2181)] org.apache.zookeeper.ClientCnxn: Got ping response for session id: 0x10014bd52700042 after 0ms.
2021-03-18 22:22:19,091 DEBUG [Thread-0-SendThread(localhost:2181)] org.apache.zookeeper.ClientCnxn: Got ping response for session id: 0x10014bd52700042 after 0ms.
2021-03-18 22:22:20,425 DEBUG [Thread-0-SendThread(localhost:2181)] org.apache.zookeeper.ClientCnxn: Got ping response for session id: 0x10014bd52700042 after 0ms.
2021-03-18 22:22:21,757 DEBUG [Thread-0-SendThread(localhost:2181)] org.apache.zookeeper.ClientCnxn: Got ping response for session id: 0x10014bd52700042 after 0ms.
2021-03-18 22:22:23,093 DEBUG [Thread-0-SendThread(localhost:2181)] org.apache.zookeeper.ClientCnxn: Got ping response for session id: 0x10014bd52700042 after 0ms.
2021-03-18 22:22:24,429 DEBUG [Thread-0-SendThread(localhost:2181)] org.apache.zookeeper.ClientCnxn: Got ping response for session id: 0x10014bd52700042 after 0ms.
2021-03-18 22:22:25,765 DEBUG [Thread-0-SendThread(localhost:2181)] org.apache.zookeeper.ClientCnxn: Got ping response for session id: 0x10014bd52700042 after 0ms.
2021-03-18 22:22:27,101 DEBUG [Thread-0-SendThread(localhost:2181)] org.apache.zookeeper.ClientCnxn: Got ping response for session id: 0x10014bd52700042 after 0ms.
2021-03-18 22:22:28,434 DEBUG [Thread-0-SendThread(localhost:2181)] org.apache.zookeeper.ClientCnxn: Got ping response for session id: 0x10014bd52700042 after 0ms.
2021-03-18 22:22:29,770 DEBUG [Thread-0-SendThread(localhost:2181)] org.apache.zookeeper.ClientCnxn: Got ping response for session id: 0x10014bd52700042 after 0ms.
2021-03-18 22:22:31,107 DEBUG [Thread-0-SendThread(localhost:2181)] org.apache.zookeeper.ClientCnxn: Got ping response for session id: 0x10014bd52700042 after 0ms.
2021-03-18 22:22:32,442 DEBUG [Thread-0-SendThread(localhost:2181)] org.apache.zookeeper.ClientCnxn: Got ping response for session id: 0x10014bd52700042 after 0ms.
2021-03-18 22:22:33,781 DEBUG [Thread-0-SendThread(localhost:2181)] org.apache.zookeeper.ClientCnxn: Got ping response for session id: 0x10014bd52700042 after 0ms.
2021-03-18 22:22:35,117 DEBUG [Thread-0-SendThread(localhost:2181)] org.apache.zookeeper.ClientCnxn: Got ping response for session id: 0x10014bd52700042 after 0ms.
2021-03-18 22:22:36,455 DEBUG [Thread-0-SendThread(localhost:2181)] org.apache.zookeeper.ClientCnxn: Got ping response for session id: 0x10014bd52700042 after 0ms.
2021-03-18 22:22:37,788 DEBUG [Thread-0-SendThread(localhost:2181)] org.apache.zookeeper.ClientCnxn: Got ping response for session id: 0x10014bd52700042 after 0ms.
2021-03-18 22:22:39,127 DEBUG [Thread-0-SendThread(localhost:2181)] org.apache.zookeeper.ClientCnxn: Got ping response for session id: 0x10014bd52700042 after 0ms.
2021-03-18 22:22:40,465 DEBUG [Thread-0-SendThread(localhost:2181)] org.apache.zookeeper.ClientCnxn: Got ping response for session id: 0x10014bd52700042 after 0ms.
2021-03-18 22:22:41,800 DEBUG [Thread-0-SendThread(localhost:2181)] org.apache.zookeeper.ClientCnxn: Got ping response for session id: 0x10014bd52700042 after 0ms.
2021-03-18 22:22:43,137 DEBUG [Thread-0-SendThread(localhost:2181)] org.apache.zookeeper.ClientCnxn: Got ping response for session id: 0x10014bd52700042 after 0ms.
2021-03-18 22:22:44,470 DEBUG [Thread-0-SendThread(localhost:2181)] org.apache.zookeeper.ClientCnxn: Got ping response for session id: 0x10014bd52700042 after 0ms.
2021-03-18 22:22:45,805 DEBUG [Thread-0-SendThread(localhost:2181)] org.apache.zookeeper.ClientCnxn: Got ping response for session id: 0x10014bd52700042 after 0ms.
2021-03-18 22:22:47,140 DEBUG [Thread-0-SendThread(localhost:2181)] org.apache.zookeeper.ClientCnxn: Got ping response for session id: 0x10014bd52700042 after 0ms.
2021-03-18 22:22:48,476 DEBUG [Thread-0-SendThread(localhost:2181)] org.apache.zookeeper.ClientCnxn: Got ping response for session id: 0x10014bd52700042 after 0ms.
2021-03-18 22:22:49,814 DEBUG [Thread-0-SendThread(localhost:2181)] org.apache.zookeeper.ClientCnxn: Got ping response for session id: 0x10014bd52700042 after 0ms.
2021-03-18 22:22:51,148 DEBUG [Thread-0-SendThread(localhost:2181)] org.apache.zookeeper.ClientCnxn: Got ping response for session id: 0x10014bd52700042 after 0ms.
2021-03-18 22:22:52,482 DEBUG [Thread-0-SendThread(localhost:2181)] org.apache.zookeeper.ClientCnxn: Got ping response for session id: 0x10014bd52700042 after 0ms.
2021-03-18 22:22:53,817 DEBUG [Thread-0-SendThread(localhost:2181)] org.apache.zookeeper.ClientCnxn: Got ping response for session id: 0x10014bd52700042 after 0ms.
2021-03-18 22:22:55,154 DEBUG [Thread-0-SendThread(localhost:2181)] org.apache.zookeeper.ClientCnxn: Got ping response for session id: 0x10014bd52700042 after 0ms.
2021-03-18 22:22:56,492 DEBUG [Thread-0-SendThread(localhost:2181)] org.apache.zookeeper.ClientCnxn: Got ping response for session id: 0x10014bd52700042 after 0ms.
2021-03-18 22:22:57,830 DEBUG [Thread-0-SendThread(localhost:2181)] org.apache.zookeeper.ClientCnxn: Got ping response for session id: 0x10014bd52700042 after 0ms.
2021-03-18 22:22:59,165 DEBUG [Thread-0-SendThread(localhost:2181)] org.apache.zookeeper.ClientCnxn: Got ping response for session id: 0x10014bd52700042 after 0ms.
2021-03-18 22:23:00,503 DEBUG [Thread-0-SendThread(localhost:2181)] org.apache.zookeeper.ClientCnxn: Got ping response for session id: 0x10014bd52700042 after 0ms.
2021-03-18 22:23:01,839 DEBUG [Thread-0-SendThread(localhost:2181)] org.apache.zookeeper.ClientCnxn: Got ping response for session id: 0x10014bd52700042 after 0ms.
2021-03-18 22:23:03,176 DEBUG [Thread-0-SendThread(localhost:2181)] org.apache.zookeeper.ClientCnxn: Got ping response for session id: 0x10014bd52700042 after 0ms.
2021-03-18 22:23:04,513 DEBUG [Thread-0-SendThread(localhost:2181)] org.apache.zookeeper.ClientCnxn: Got ping response for session id: 0x10014bd52700042 after 0ms.
2021-03-18 22:23:05,849 DEBUG [Thread-0-SendThread(localhost:2181)] org.apache.zookeeper.ClientCnxn: Got ping response for session id: 0x10014bd52700042 after 0ms.
2021-03-18 22:23:07,187 DEBUG [Thread-0-SendThread(localhost:2181)] org.apache.zookeeper.ClientCnxn: Got ping response for session id: 0x10014bd52700042 after 0ms.
2021-03-18 22:23:08,525 DEBUG [Thread-0-SendThread(localhost:2181)] org.apache.zookeeper.ClientCnxn: Got ping response for session id: 0x10014bd52700042 after 0ms.
2021-03-18 22:23:09,863 DEBUG [Thread-0-SendThread(localhost:2181)] org.apache.zookeeper.ClientCnxn: Got ping response for session id: 0x10014bd52700042 after 0ms.
2021-03-18 22:23:11,200 DEBUG [Thread-0-SendThread(localhost:2181)] org.apache.zookeeper.ClientCnxn: Got ping response for session id: 0x10014bd52700042 after 0ms.
2021-03-18 22:23:12,536 DEBUG [Thread-0-SendThread(localhost:2181)] org.apache.zookeeper.ClientCnxn: Got ping response for session id: 0x10014bd52700042 after 0ms.
2021-03-18 22:23:13,870 DEBUG [Thread-0-SendThread(localhost:2181)] org.apache.zookeeper.ClientCnxn: Got ping response for session id: 0x10014bd52700042 after 1ms.
2021-03-18 22:23:15,207 DEBUG [Thread-0-SendThread(localhost:2181)] org.apache.zookeeper.ClientCnxn: Got ping response for session id: 0x10014bd52700042 after 0ms.
2021-03-18 22:23:16,545 DEBUG [Thread-0-SendThread(localhost:2181)] org.apache.zookeeper.ClientCnxn: Got ping response for session id: 0x10014bd52700042 after 0ms.
2021-03-18 22:23:17,883 DEBUG [Thread-0-SendThread(localhost:2181)] org.apache.zookeeper.ClientCnxn: Got ping response for session id: 0x10014bd52700042 after 0ms.
2021-03-18 22:23:19,221 DEBUG [Thread-0-SendThread(localhost:2181)] org.apache.zookeeper.ClientCnxn: Got ping response for session id: 0x10014bd52700042 after 0ms.
2021-03-18 22:23:20,556 DEBUG [Thread-0-SendThread(localhost:2181)] org.apache.zookeeper.ClientCnxn: Got ping response for session id: 0x10014bd52700042 after 0ms.
2021-03-18 22:23:21,892 DEBUG [Thread-0-SendThread(localhost:2181)] org.apache.zookeeper.ClientCnxn: Got ping response for session id: 0x10014bd52700042 after 0ms.
2021-03-18 22:23:23,226 DEBUG [Thread-0-SendThread(localhost:2181)] org.apache.zookeeper.ClientCnxn: Got ping response for session id: 0x10014bd52700042 after 0ms.
2021-03-18 22:23:24,562 DEBUG [Thread-0-SendThread(localhost:2181)] org.apache.zookeeper.ClientCnxn: Got ping response for session id: 0x10014bd52700042 after 0ms.
2021-03-18 22:23:25,899 DEBUG [Thread-0-SendThread(localhost:2181)] org.apache.zookeeper.ClientCnxn: Got ping response for session id: 0x10014bd52700042 after 0ms.
2021-03-18 22:23:27,236 DEBUG [Thread-0-SendThread(localhost:2181)] org.apache.zookeeper.ClientCnxn: Got ping response for session id: 0x10014bd52700042 after 0ms.
2021-03-18 22:23:28,571 DEBUG [Thread-0-SendThread(localhost:2181)] org.apache.zookeeper.ClientCnxn: Got ping response for session id: 0x10014bd52700042 after 0ms.
2021-03-18 22:23:29,907 DEBUG [Thread-0-SendThread(localhost:2181)] org.apache.zookeeper.ClientCnxn: Got ping response for session id: 0x10014bd52700042 after 0ms.
2021-03-18 22:23:31,242 DEBUG [Thread-0-SendThread(localhost:2181)] org.apache.zookeeper.ClientCnxn: Got ping response for session id: 0x10014bd52700042 after 0ms.
2021-03-18 22:23:32,581 DEBUG [Thread-0-SendThread(localhost:2181)] org.apache.zookeeper.ClientCnxn: Got ping response for session id: 0x10014bd52700042 after 0ms.
2021-03-18 22:23:33,917 DEBUG [Thread-0-SendThread(localhost:2181)] org.apache.zookeeper.ClientCnxn: Got ping response for session id: 0x10014bd52700042 after 0ms.
2021-03-18 22:23:35,254 DEBUG [Thread-0-SendThread(localhost:2181)] org.apache.zookeeper.ClientCnxn: Got ping response for session id: 0x10014bd52700042 after 0ms.
2021-03-18 22:23:36,588 DEBUG [Thread-0-SendThread(localhost:2181)] org.apache.zookeeper.ClientCnxn: Got ping response for session id: 0x10014bd52700042 after 0ms.
2021-03-18 22:23:37,925 DEBUG [Thread-0-SendThread(localhost:2181)] org.apache.zookeeper.ClientCnxn: Got ping response for session id: 0x10014bd52700042 after 0ms.
Starting commModule
2021-03-18 22:23:38,918 INFO  [Thread-0] root: Server communication module connected
2021-03-18 22:23:38,918 INFO  [Thread-24] root: Message received by server -> Status: SHUTDOWN
received adminmsg
2021-03-18 22:23:38,918 DEBUG [Thread-24] root: Closing the program
2021-03-18 22:23:38,919 INFO  [Thread-0] root: Connected to localhost on port 51848
2021-03-18 22:23:38,919 INFO  [Thread-0] root: Server stopped.
2021-03-18 22:23:38,919 INFO  [Thread-0] root: Clearing KV Storage...
2021-03-18 22:23:38,919 INFO  [Thread-24] root: Message sent by server -> Status: SHUTDOWN_SUCCESS
