2021-03-18 22:25:09,165 INFO  [main] root: Creating Storage Files
2021-03-18 22:25:09,166 INFO  [main] root: File created: server115.json
2021-03-18 22:25:09,166 INFO  [main] root: File created: server115_replica_1.json
2021-03-18 22:25:09,166 INFO  [main] root: File created: server115_replica_2.json
2021-03-18 22:25:09,167 INFO  [Thread-0] root: Initialize server ...
2021-03-18 22:25:09,180 INFO  [Thread-0] root: Server listening on port: 50114
2021-03-18 22:25:09,202 INFO  [Thread-0] org.apache.zookeeper.ZooKeeper: Client environment:zookeeper.version=3.6.2--803c7f1a12f85978cb049af5e4ef23bd8b688715, built on 09/04/2020 12:44 GMT
2021-03-18 22:25:09,202 INFO  [Thread-0] org.apache.zookeeper.ZooKeeper: Client environment:host.name=localhost
2021-03-18 22:25:09,202 INFO  [Thread-0] org.apache.zookeeper.ZooKeeper: Client environment:java.version=11.0.10
2021-03-18 22:25:09,202 INFO  [Thread-0] org.apache.zookeeper.ZooKeeper: Client environment:java.vendor=Azul Systems, Inc.
2021-03-18 22:25:09,202 INFO  [Thread-0] org.apache.zookeeper.ZooKeeper: Client environment:java.home=/Users/steve/Library/Java/JavaVirtualMachines/azul-11.0.10/Contents/Home
2021-03-18 22:25:09,203 INFO  [Thread-0] org.apache.zookeeper.ZooKeeper: Client environment:java.class.path=/Users/steve/Desktop/UofT/year4/winter2021/ECE419/milestone3/m3-server.jar
2021-03-18 22:25:09,203 INFO  [Thread-0] org.apache.zookeeper.ZooKeeper: Client environment:java.library.path=/Users/steve/Library/Java/Extensions:/Library/Java/Extensions:/Network/Library/Java/Extensions:/System/Library/Java/Extensions:/usr/lib/java:.
2021-03-18 22:25:09,203 INFO  [Thread-0] org.apache.zookeeper.ZooKeeper: Client environment:java.io.tmpdir=/var/folders/kz/3gb57nkn6ks6_07_dtt5lqvr0000gn/T/
2021-03-18 22:25:09,203 INFO  [Thread-0] org.apache.zookeeper.ZooKeeper: Client environment:java.compiler=<NA>
2021-03-18 22:25:09,203 INFO  [Thread-0] org.apache.zookeeper.ZooKeeper: Client environment:os.name=Mac OS X
2021-03-18 22:25:09,203 INFO  [Thread-0] org.apache.zookeeper.ZooKeeper: Client environment:os.arch=x86_64
2021-03-18 22:25:09,203 INFO  [Thread-0] org.apache.zookeeper.ZooKeeper: Client environment:os.version=10.16
2021-03-18 22:25:09,203 INFO  [Thread-0] org.apache.zookeeper.ZooKeeper: Client environment:user.name=steve
2021-03-18 22:25:09,203 INFO  [Thread-0] org.apache.zookeeper.ZooKeeper: Client environment:user.home=/Users/steve
2021-03-18 22:25:09,203 INFO  [Thread-0] org.apache.zookeeper.ZooKeeper: Client environment:user.dir=/Users/steve
2021-03-18 22:25:09,203 INFO  [Thread-0] org.apache.zookeeper.ZooKeeper: Client environment:os.memory.free=249MB
2021-03-18 22:25:09,203 INFO  [Thread-0] org.apache.zookeeper.ZooKeeper: Client environment:os.memory.max=4096MB
2021-03-18 22:25:09,203 INFO  [Thread-0] org.apache.zookeeper.ZooKeeper: Client environment:os.memory.total=256MB
2021-03-18 22:25:09,207 INFO  [Thread-0] org.apache.zookeeper.ZooKeeper: Initiating client connection, connectString=localhost:2181 sessionTimeout=3000 watcher=app_kvServer.KVServer$1@6f049d8b
2021-03-18 22:25:09,210 INFO  [Thread-0] org.apache.zookeeper.common.X509Util: Setting -D jdk.tls.rejectClientInitiatedRenegotiation=true to disable client-initiated TLS renegotiation
2021-03-18 22:25:09,222 INFO  [Thread-0] org.apache.zookeeper.ClientCnxnSocket: jute.maxbuffer value is 1048575 Bytes
2021-03-18 22:25:09,228 INFO  [Thread-0] org.apache.zookeeper.ClientCnxn: zookeeper.request.timeout value is 0. feature enabled=false
2021-03-18 22:25:09,238 DEBUG [Thread-0-SendThread(localhost:2181)] org.apache.zookeeper.SaslServerPrincipal: Canonicalized address to localhost
2021-03-18 22:25:09,240 INFO  [Thread-0-SendThread(localhost:2181)] org.apache.zookeeper.ClientCnxn: Opening socket connection to server localhost/0:0:0:0:0:0:0:1:2181.
2021-03-18 22:25:09,240 INFO  [Thread-0-SendThread(localhost:2181)] org.apache.zookeeper.ClientCnxn: SASL config status: Will not attempt to authenticate using SASL (unknown error)
2021-03-18 22:25:09,256 INFO  [Thread-0-SendThread(localhost:2181)] org.apache.zookeeper.ClientCnxn: Socket connection established, initiating session, client: /0:0:0:0:0:0:0:1:51992, server: localhost/0:0:0:0:0:0:0:1:2181
2021-03-18 22:25:09,257 DEBUG [Thread-0-SendThread(localhost:2181)] org.apache.zookeeper.ClientCnxn: Session establishment request sent on localhost/0:0:0:0:0:0:0:1:2181
2021-03-18 22:25:09,287 TRACE [Thread-0-SendThread(localhost:2181)] org.apache.zookeeper.ClientCnxnSocket: readConnectResult 37 0x[0,0,0,0,0,0,f,ffffffa0,1,0,14,ffffffbd,52,70,0,50,0,0,0,10,fffffff7,fffffffc,ffffffed,26,45,2a,a,63,b,ffffff8e,33,b,16,57,ffffffd5,ffffffd8,0,]
2021-03-18 22:25:09,290 INFO  [Thread-0-SendThread(localhost:2181)] org.apache.zookeeper.ClientCnxn: Session establishment complete on server localhost/0:0:0:0:0:0:0:1:2181, session id = 0x10014bd52700050, negotiated timeout = 4000
2021-03-18 22:25:09,293 DEBUG [Thread-0-EventThread] root: ZK event: 
2021-03-18 22:25:09,293 DEBUG [Thread-0-EventThread] root: WatchedEvent state:SyncConnected type:None path:null
2021-03-18 22:25:09,322 DEBUG [Thread-0-SendThread(localhost:2181)] org.apache.zookeeper.ClientCnxn: Reading reply session id: 0x10014bd52700050, packet:: clientPath:null serverPath:null finished:false header:: 1,1  replyHeader:: 1,265,0  request:: '/keeper/server115,,v{s{31,s{'world,'anyone}}},1  response:: '/keeper/server115 
2021-03-18 22:25:09,327 DEBUG [Thread-0-SendThread(localhost:2181)] org.apache.zookeeper.ClientCnxn: Reading reply session id: 0x10014bd52700050, packet:: clientPath:null serverPath:null finished:false header:: 2,3  replyHeader:: 2,265,0  request:: '/keeper/server115,T  response:: s{265,265,1616120709293,1616120709293,0,0,0,72080397402374224,0,0,265} 
2021-03-18 22:25:09,355 DEBUG [Thread-0-SendThread(localhost:2181)] org.apache.zookeeper.ClientCnxn: Got notification session id: 0x10014bd52700050
2021-03-18 22:25:09,356 DEBUG [Thread-0-SendThread(localhost:2181)] org.apache.zookeeper.ClientCnxn: Got WatchedEvent state:SyncConnected type:NodeDataChanged path:/keeper/server115 for session id 0x10014bd52700050
2021-03-18 22:25:09,358 DEBUG [Thread-0-EventThread] root: ZK event: 
2021-03-18 22:25:09,358 DEBUG [Thread-0-EventThread] root: WatchedEvent state:SyncConnected type:NodeDataChanged path:/keeper/server115
2021-03-18 22:25:09,359 DEBUG [Thread-0-SendThread(localhost:2181)] org.apache.zookeeper.ClientCnxn: Reading reply session id: 0x10014bd52700050, packet:: clientPath:null serverPath:null finished:false header:: 3,5  replyHeader:: 3,266,0  request:: '/keeper/server115,#3132372e302e302e313a3530313134,0  response:: s{265,266,1616120709293,1616120709328,1,0,0,72080397402374224,15,0,265} 
2021-03-18 22:25:09,359 INFO  [Thread-0] root: Node created at: /keeper/server115
Starting commModule
2021-03-18 22:25:09,367 INFO  [Thread-0] root: Server communication module connected
2021-03-18 22:25:09,367 INFO  [Thread-0] root: Connected to localhost on port 51993
2021-03-18 22:25:09,376 INFO  [Thread-1] root: Message received by server -> Status: INIT_SERVER
received adminmsg
2021-03-18 22:25:09,377 INFO  [Thread-1] root: Message sent by server -> Status: INIT_SERVER_SUCCESS
2021-03-18 22:25:09,377 INFO  [Thread-1] root: Message received by server -> Status: START
received adminmsg
2021-03-18 22:25:09,378 INFO  [Thread-1] root: Message sent by server -> Status: START_SUCCESS
Starting commModule
2021-03-18 22:25:09,384 INFO  [Thread-0] root: Server communication module connected
2021-03-18 22:25:09,384 INFO  [Thread-0] root: Connected to localhost on port 51996
Starting commModule
2021-03-18 22:25:09,391 INFO  [Thread-0] root: Server communication module connected
2021-03-18 22:25:09,392 INFO  [Thread-0] root: Connected to localhost on port 51999
Starting commModule
2021-03-18 22:25:09,397 INFO  [Thread-0] root: Server communication module connected
2021-03-18 22:25:09,397 INFO  [Thread-0] root: Connected to localhost on port 52001
2021-03-18 22:25:09,398 INFO  [Thread-4] root: Message received by server -> Status: UPDATE
received adminmsg
2021-03-18 22:25:09,399 INFO  [Thread-4] root: Message sent by server -> Status: UPDATE_SUCCESS
Starting commModule
2021-03-18 22:25:09,402 INFO  [Thread-0] root: Server communication module connected
2021-03-18 22:25:09,404 INFO  [Thread-0] root: Connected to localhost on port 52003
Starting commModule
2021-03-18 22:25:09,405 INFO  [Thread-0] root: Server communication module connected
2021-03-18 22:25:09,406 INFO  [Thread-0] root: Connected to localhost on port 52005
2021-03-18 22:25:09,406 INFO  [Thread-6] root: Message received by server -> Status: PROPAGATE_ADMIN
received adminmsg
2021-03-18 22:25:09,411 DEBUG [Thread-6] root: Getting successors
2021-03-18 22:25:09,411 DEBUG [Thread-6] root: Got successors
2021-03-18 22:25:09,412 DEBUG [Thread-6] root: Propagating to: 127.0.0.1:50001 127.0.0.1:50114
2021-03-18 22:25:09,414 INFO  [Thread-6] root: Client communication module connected
Starting commModule
2021-03-18 22:25:09,414 INFO  [Thread-6] root: Client communication module connected
2021-03-18 22:25:09,414 DEBUG [Thread-6] root: {}
2021-03-18 22:25:09,414 INFO  [Thread-0] root: Server communication module connected
2021-03-18 22:25:09,415 INFO  [Thread-6] root: Message sent by server -> Status: PROPAGATE_SUCCESS
2021-03-18 22:25:09,415 INFO  [Thread-0] root: Connected to localhost on port 52007
Starting commModule
2021-03-18 22:25:09,990 INFO  [Thread-0] root: Server communication module connected
2021-03-18 22:25:09,991 INFO  [Thread-0] root: Connected to localhost on port 52012
2021-03-18 22:25:09,992 INFO  [Thread-8] root: Message received by server -> Status: UPDATE
received adminmsg
2021-03-18 22:25:09,992 INFO  [Thread-8] root: Message sent by server -> Status: UPDATE_SUCCESS
Starting commModule
2021-03-18 22:25:09,996 INFO  [Thread-0] root: Server communication module connected
2021-03-18 22:25:09,996 INFO  [Thread-0] root: Connected to localhost on port 52015
Starting commModule
2021-03-18 22:25:09,997 INFO  [Thread-0] root: Server communication module connected
2021-03-18 22:25:09,997 INFO  [Thread-0] root: Connected to localhost on port 52016
2021-03-18 22:25:09,998 INFO  [Thread-10] root: Message received by server -> Status: PROPAGATE_ADMIN
received adminmsg
2021-03-18 22:25:09,999 DEBUG [Thread-10] root: Getting successors
2021-03-18 22:25:09,999 DEBUG [Thread-10] root: Got successors
2021-03-18 22:25:09,999 DEBUG [Thread-10] root: Propagating to: 127.0.0.1:50001 127.0.0.1:50052
2021-03-18 22:25:09,999 INFO  [Thread-10] root: Client communication module connected
2021-03-18 22:25:10,000 INFO  [Thread-10] root: Client communication module connected
2021-03-18 22:25:10,000 DEBUG [Thread-10] root: {}
2021-03-18 22:25:10,000 INFO  [Thread-10] root: Message sent by server -> Status: PROPAGATE_SUCCESS
Starting commModule
2021-03-18 22:25:10,001 INFO  [Thread-0] root: Server communication module connected
2021-03-18 22:25:10,002 INFO  [Thread-0] root: Connected to localhost on port 52019
2021-03-18 22:25:10,002 INFO  [Thread-11] root: Message received by server -> Status: MOVE_DATA
received adminmsg
2021-03-18 22:25:10,002 DEBUG [Thread-11] root: Input data: 
2021-03-18 22:25:10,002 DEBUG [Thread-11] root: dcee0277eb13b76434e8dcd31a38770a:25b23b2ebb52b5a6158828d546f0f0d5
2021-03-18 22:25:10,002 DEBUG [Thread-11] root: 127.0.0.1:50052
2021-03-18 22:25:10,003 INFO  [Thread-11] root: Client communication module connected
2021-03-18 22:25:10,003 DEBUG [Thread-11] root: Host: 127.0.0.1
2021-03-18 22:25:10,003 DEBUG [Thread-11] root: Port: 50052
2021-03-18 22:25:10,003 DEBUG [Thread-11] root: Range: dcee0277eb13b76434e8dcd31a38770a:25b23b2ebb52b5a6158828d546f0f0d5
2021-03-18 22:25:10,003 DEBUG [Thread-11] root: Starting flush data
2021-03-18 22:25:10,003 DEBUG [Thread-11] root: Finished flush data
2021-03-18 22:25:10,003 DEBUG [Thread-11] root: Closing conn
2021-03-18 22:25:10,003 INFO  [Thread-11] root: Connection closed!
2021-03-18 22:25:10,004 DEBUG [Thread-11] root: Closed conn
2021-03-18 22:25:10,004 INFO  [Thread-11] root: Message sent by server -> Status: MOVE_DATA_SUCCESS
Starting commModule
2021-03-18 22:25:10,007 INFO  [Thread-0] root: Server communication module connected
2021-03-18 22:25:10,008 INFO  [Thread-0] root: Connected to localhost on port 52022
2021-03-18 22:25:10,008 INFO  [Thread-12] root: Message received by server -> Status: UPDATE
received adminmsg
2021-03-18 22:25:10,009 INFO  [Thread-12] root: Message sent by server -> Status: UPDATE_SUCCESS
Starting commModule
2021-03-18 22:25:10,016 INFO  [Thread-0] root: Server communication module connected
2021-03-18 22:25:10,017 INFO  [Thread-0] root: Connected to localhost on port 52026
Starting commModule
2021-03-18 22:25:10,017 INFO  [Thread-0] root: Server communication module connected
2021-03-18 22:25:10,018 INFO  [Thread-0] root: Connected to localhost on port 52027
2021-03-18 22:25:10,019 INFO  [Thread-14] root: Message received by server -> Status: PROPAGATE_ADMIN
received adminmsg
2021-03-18 22:25:10,020 DEBUG [Thread-14] root: Getting successors
2021-03-18 22:25:10,020 DEBUG [Thread-14] root: Got successors
2021-03-18 22:25:10,020 DEBUG [Thread-14] root: Propagating to: 127.0.0.1:50001 127.0.0.1:50052
2021-03-18 22:25:10,020 INFO  [Thread-14] root: Client communication module connected
2021-03-18 22:25:10,021 INFO  [Thread-14] root: Client communication module connected
2021-03-18 22:25:10,021 DEBUG [Thread-14] root: {}
2021-03-18 22:25:10,021 INFO  [Thread-14] root: Message sent by server -> Status: PROPAGATE_SUCCESS
Starting commModule
2021-03-18 22:25:10,031 INFO  [Thread-0] root: Server communication module connected
2021-03-18 22:25:10,032 INFO  [Thread-0] root: Connected to localhost on port 52031
Starting commModule
2021-03-18 22:25:10,060 INFO  [Thread-0] root: Server communication module connected
2021-03-18 22:25:10,061 INFO  [Thread-0] root: Connected to localhost on port 52035
2021-03-18 22:25:10,065 INFO  [Thread-16] root: Message received by server -> Status: PROPAGATE
2021-03-18 22:25:10,065 DEBUG [Thread-16] root: In serve
2021-03-18 22:25:10,065 DEBUG [Thread-16] root: Checking if stopped or write locked
2021-03-18 22:25:10,066 DEBUG [Thread-16] root: Case propagate
2021-03-18 22:25:10,066 DEBUG [Thread-16] root: Passing to server
2021-03-18 22:25:10,066 DEBUG [Thread-16] root: Getting Predecessors
2021-03-18 22:25:10,066 DEBUG [Thread-16] root: Looking for 127.0.0.1:50114
2021-03-18 22:25:10,066 DEBUG [Thread-16] root: [127.0.0.1:50052, 127.0.0.1:50114, 127.0.0.1:50001]
2021-03-18 22:25:10,066 DEBUG [Thread-16] root: Predecessors:
2021-03-18 22:25:10,066 DEBUG [Thread-16] root: [127.0.0.1:50001, 127.0.0.1:50052]
2021-03-18 22:25:10,066 DEBUG [Thread-16] root: Looking for 127.0.0.1:50001
2021-03-18 22:25:10,066 DEBUG [Thread-16] root: Index of predecessor: 0
2021-03-18 22:25:10,066 DEBUG [Thread-16] root: Server Stuff
2021-03-18 22:25:10,067 INFO  [Thread-16] root: Put: key = 1, value = 1
2021-03-18 22:25:10,068 INFO  [Thread-16] root: Message sent by server -> Status: PROPAGATE_SUCCESS Key: null Value: null
2021-03-18 22:25:10,667 DEBUG [Thread-0-SendThread(localhost:2181)] org.apache.zookeeper.ClientCnxn: Got ping response for session id: 0x10014bd52700050 after 1ms.
2021-03-18 22:25:12,005 DEBUG [Thread-0-SendThread(localhost:2181)] org.apache.zookeeper.ClientCnxn: Got ping response for session id: 0x10014bd52700050 after 1ms.
2021-03-18 22:25:13,339 DEBUG [Thread-0-SendThread(localhost:2181)] org.apache.zookeeper.ClientCnxn: Got ping response for session id: 0x10014bd52700050 after 0ms.
2021-03-18 22:25:14,676 DEBUG [Thread-0-SendThread(localhost:2181)] org.apache.zookeeper.ClientCnxn: Got ping response for session id: 0x10014bd52700050 after 1ms.
2021-03-18 22:25:16,010 DEBUG [Thread-0-SendThread(localhost:2181)] org.apache.zookeeper.ClientCnxn: Got ping response for session id: 0x10014bd52700050 after 0ms.
2021-03-18 22:25:17,346 DEBUG [Thread-0-SendThread(localhost:2181)] org.apache.zookeeper.ClientCnxn: Got ping response for session id: 0x10014bd52700050 after 1ms.
2021-03-18 22:25:18,680 DEBUG [Thread-0-SendThread(localhost:2181)] org.apache.zookeeper.ClientCnxn: Got ping response for session id: 0x10014bd52700050 after 1ms.
2021-03-18 22:25:20,018 DEBUG [Thread-0-SendThread(localhost:2181)] org.apache.zookeeper.ClientCnxn: Got ping response for session id: 0x10014bd52700050 after 1ms.
2021-03-18 22:25:21,356 DEBUG [Thread-0-SendThread(localhost:2181)] org.apache.zookeeper.ClientCnxn: Got ping response for session id: 0x10014bd52700050 after 0ms.
2021-03-18 22:25:22,689 DEBUG [Thread-0-SendThread(localhost:2181)] org.apache.zookeeper.ClientCnxn: Got ping response for session id: 0x10014bd52700050 after 0ms.
2021-03-18 22:25:24,026 DEBUG [Thread-0-SendThread(localhost:2181)] org.apache.zookeeper.ClientCnxn: Got ping response for session id: 0x10014bd52700050 after 0ms.
2021-03-18 22:25:25,366 DEBUG [Thread-0-SendThread(localhost:2181)] org.apache.zookeeper.ClientCnxn: Got ping response for session id: 0x10014bd52700050 after 1ms.
2021-03-18 22:25:26,704 DEBUG [Thread-0-SendThread(localhost:2181)] org.apache.zookeeper.ClientCnxn: Got ping response for session id: 0x10014bd52700050 after 0ms.
2021-03-18 22:25:28,041 DEBUG [Thread-0-SendThread(localhost:2181)] org.apache.zookeeper.ClientCnxn: Got ping response for session id: 0x10014bd52700050 after 0ms.
2021-03-18 22:25:29,377 DEBUG [Thread-0-SendThread(localhost:2181)] org.apache.zookeeper.ClientCnxn: Got ping response for session id: 0x10014bd52700050 after 1ms.
2021-03-18 22:25:30,714 DEBUG [Thread-0-SendThread(localhost:2181)] org.apache.zookeeper.ClientCnxn: Got ping response for session id: 0x10014bd52700050 after 1ms.
2021-03-18 22:25:32,050 DEBUG [Thread-0-SendThread(localhost:2181)] org.apache.zookeeper.ClientCnxn: Got ping response for session id: 0x10014bd52700050 after 0ms.
2021-03-18 22:25:33,386 DEBUG [Thread-0-SendThread(localhost:2181)] org.apache.zookeeper.ClientCnxn: Got ping response for session id: 0x10014bd52700050 after 0ms.
Starting commModule
2021-03-18 22:25:33,678 INFO  [Thread-0] root: Server communication module connected
2021-03-18 22:25:33,679 INFO  [Thread-0] root: Connected to localhost on port 52045
2021-03-18 22:25:33,679 INFO  [Thread-17] root: Message received by server -> Status: SHUTDOWN
received adminmsg
2021-03-18 22:25:33,679 DEBUG [Thread-17] root: Closing the program
2021-03-18 22:25:33,680 INFO  [Thread-17] root: Message sent by server -> Status: SHUTDOWN_SUCCESS
2021-03-18 22:25:33,680 ERROR [Thread-0] root: Error! Unable to establish connection. 

java.net.SocketException: Socket closed
	at java.base/java.net.PlainSocketImpl.socketAccept(Native Method)
	at java.base/java.net.AbstractPlainSocketImpl.accept(AbstractPlainSocketImpl.java:458)
	at java.base/java.net.ServerSocket.implAccept(ServerSocket.java:565)
	at java.base/java.net.ServerSocket.accept(ServerSocket.java:533)
	at app_kvServer.KVServer.run(KVServer.java:408)
2021-03-18 22:25:33,682 INFO  [Thread-0] root: Server stopped.
2021-03-18 22:25:33,682 INFO  [Thread-0] root: Clearing KV Storage...
