2021-03-19 10:28:28,752 INFO  [main] root: Creating Storage Files
2021-03-19 10:28:28,752 INFO  [main] root: File created: server69.json
2021-03-19 10:28:28,752 INFO  [main] root: File created: server69_replica_1.json
2021-03-19 10:28:28,752 INFO  [main] root: File created: server69_replica_2.json
2021-03-19 10:28:28,753 INFO  [Thread-0] root: Initialize server ...
2021-03-19 10:28:28,765 INFO  [Thread-0] root: Server listening on port: 50068
2021-03-19 10:28:28,787 INFO  [Thread-0] org.apache.zookeeper.ZooKeeper: Client environment:zookeeper.version=3.6.2--803c7f1a12f85978cb049af5e4ef23bd8b688715, built on 09/04/2020 12:44 GMT
2021-03-19 10:28:28,787 INFO  [Thread-0] org.apache.zookeeper.ZooKeeper: Client environment:host.name=localhost
2021-03-19 10:28:28,787 INFO  [Thread-0] org.apache.zookeeper.ZooKeeper: Client environment:java.version=11.0.10
2021-03-19 10:28:28,787 INFO  [Thread-0] org.apache.zookeeper.ZooKeeper: Client environment:java.vendor=Azul Systems, Inc.
2021-03-19 10:28:28,787 INFO  [Thread-0] org.apache.zookeeper.ZooKeeper: Client environment:java.home=/Users/steve/Library/Java/JavaVirtualMachines/azul-11.0.10/Contents/Home
2021-03-19 10:28:28,787 INFO  [Thread-0] org.apache.zookeeper.ZooKeeper: Client environment:java.class.path=/Users/steve/Desktop/UofT/year4/winter2021/ECE419/milestone3/m3-server.jar
2021-03-19 10:28:28,787 INFO  [Thread-0] org.apache.zookeeper.ZooKeeper: Client environment:java.library.path=/Users/steve/Library/Java/Extensions:/Library/Java/Extensions:/Network/Library/Java/Extensions:/System/Library/Java/Extensions:/usr/lib/java:.
2021-03-19 10:28:28,787 INFO  [Thread-0] org.apache.zookeeper.ZooKeeper: Client environment:java.io.tmpdir=/var/folders/kz/3gb57nkn6ks6_07_dtt5lqvr0000gn/T/
2021-03-19 10:28:28,788 INFO  [Thread-0] org.apache.zookeeper.ZooKeeper: Client environment:java.compiler=<NA>
2021-03-19 10:28:28,788 INFO  [Thread-0] org.apache.zookeeper.ZooKeeper: Client environment:os.name=Mac OS X
2021-03-19 10:28:28,788 INFO  [Thread-0] org.apache.zookeeper.ZooKeeper: Client environment:os.arch=x86_64
2021-03-19 10:28:28,788 INFO  [Thread-0] org.apache.zookeeper.ZooKeeper: Client environment:os.version=10.16
2021-03-19 10:28:28,788 INFO  [Thread-0] org.apache.zookeeper.ZooKeeper: Client environment:user.name=steve
2021-03-19 10:28:28,788 INFO  [Thread-0] org.apache.zookeeper.ZooKeeper: Client environment:user.home=/Users/steve
2021-03-19 10:28:28,788 INFO  [Thread-0] org.apache.zookeeper.ZooKeeper: Client environment:user.dir=/Users/steve
2021-03-19 10:28:28,788 INFO  [Thread-0] org.apache.zookeeper.ZooKeeper: Client environment:os.memory.free=249MB
2021-03-19 10:28:28,788 INFO  [Thread-0] org.apache.zookeeper.ZooKeeper: Client environment:os.memory.max=4096MB
2021-03-19 10:28:28,788 INFO  [Thread-0] org.apache.zookeeper.ZooKeeper: Client environment:os.memory.total=256MB
2021-03-19 10:28:28,791 INFO  [Thread-0] org.apache.zookeeper.ZooKeeper: Initiating client connection, connectString=localhost:2181 sessionTimeout=3000 watcher=app_kvServer.KVServer$1@6f049d8b
2021-03-19 10:28:28,795 INFO  [Thread-0] org.apache.zookeeper.common.X509Util: Setting -D jdk.tls.rejectClientInitiatedRenegotiation=true to disable client-initiated TLS renegotiation
2021-03-19 10:28:28,807 INFO  [Thread-0] org.apache.zookeeper.ClientCnxnSocket: jute.maxbuffer value is 1048575 Bytes
2021-03-19 10:28:28,814 INFO  [Thread-0] org.apache.zookeeper.ClientCnxn: zookeeper.request.timeout value is 0. feature enabled=false
2021-03-19 10:28:28,823 DEBUG [Thread-0-SendThread(localhost:2181)] org.apache.zookeeper.SaslServerPrincipal: Canonicalized address to localhost
2021-03-19 10:28:28,825 INFO  [Thread-0-SendThread(localhost:2181)] org.apache.zookeeper.ClientCnxn: Opening socket connection to server localhost/0:0:0:0:0:0:0:1:2181.
2021-03-19 10:28:28,825 INFO  [Thread-0-SendThread(localhost:2181)] org.apache.zookeeper.ClientCnxn: SASL config status: Will not attempt to authenticate using SASL (unknown error)
2021-03-19 10:28:28,841 INFO  [Thread-0-SendThread(localhost:2181)] org.apache.zookeeper.ClientCnxn: Socket connection established, initiating session, client: /0:0:0:0:0:0:0:1:55366, server: localhost/0:0:0:0:0:0:0:1:2181
2021-03-19 10:28:28,842 DEBUG [Thread-0-SendThread(localhost:2181)] org.apache.zookeeper.ClientCnxn: Session establishment request sent on localhost/0:0:0:0:0:0:0:1:2181
2021-03-19 10:28:28,871 TRACE [Thread-0-SendThread(localhost:2181)] org.apache.zookeeper.ClientCnxnSocket: readConnectResult 37 0x[0,0,0,0,0,0,f,ffffffa0,1,0,14,ffffffbd,52,70,1,1e,0,0,0,10,ffffffd6,ffffffef,9,2e,ffffff92,ffffff96,ffffffa4,fffffffc,15,79,28,7c,ffffffd1,ffffffa6,fffffff7,ffffff81,0,]
2021-03-19 10:28:28,874 INFO  [Thread-0-SendThread(localhost:2181)] org.apache.zookeeper.ClientCnxn: Session establishment complete on server localhost/0:0:0:0:0:0:0:1:2181, session id = 0x10014bd5270011e, negotiated timeout = 4000
2021-03-19 10:28:28,876 DEBUG [Thread-0-EventThread] root: ZK event: 
2021-03-19 10:28:28,876 DEBUG [Thread-0-EventThread] root: WatchedEvent state:SyncConnected type:None path:null
2021-03-19 10:28:28,904 DEBUG [Thread-0-SendThread(localhost:2181)] org.apache.zookeeper.ClientCnxn: Reading reply session id: 0x10014bd5270011e, packet:: clientPath:null serverPath:null finished:false header:: 1,1  replyHeader:: 1,912,0  request:: '/keeper/server69,,v{s{31,s{'world,'anyone}}},1  response:: '/keeper/server69 
2021-03-19 10:28:28,909 DEBUG [Thread-0-SendThread(localhost:2181)] org.apache.zookeeper.ClientCnxn: Reading reply session id: 0x10014bd5270011e, packet:: clientPath:null serverPath:null finished:false header:: 2,3  replyHeader:: 2,912,0  request:: '/keeper/server69,T  response:: s{912,912,1616164108877,1616164108877,0,0,0,72080397402374430,0,0,912} 
2021-03-19 10:28:28,935 DEBUG [Thread-0-SendThread(localhost:2181)] org.apache.zookeeper.ClientCnxn: Got notification session id: 0x10014bd5270011e
2021-03-19 10:28:28,936 DEBUG [Thread-0-SendThread(localhost:2181)] org.apache.zookeeper.ClientCnxn: Got WatchedEvent state:SyncConnected type:NodeDataChanged path:/keeper/server69 for session id 0x10014bd5270011e
2021-03-19 10:28:28,937 DEBUG [Thread-0-EventThread] root: ZK event: 
2021-03-19 10:28:28,937 DEBUG [Thread-0-EventThread] root: WatchedEvent state:SyncConnected type:NodeDataChanged path:/keeper/server69
2021-03-19 10:28:28,938 DEBUG [Thread-0-SendThread(localhost:2181)] org.apache.zookeeper.ClientCnxn: Reading reply session id: 0x10014bd5270011e, packet:: clientPath:null serverPath:null finished:false header:: 3,5  replyHeader:: 3,913,0  request:: '/keeper/server69,#3132372e302e302e313a3530303638,0  response:: s{912,913,1616164108877,1616164108910,1,0,0,72080397402374430,15,0,912} 
2021-03-19 10:28:28,938 INFO  [Thread-0] root: Node created at: /keeper/server69
Starting commModule
2021-03-19 10:28:28,945 INFO  [Thread-0] root: Server communication module connected
2021-03-19 10:28:28,946 INFO  [Thread-0] root: Connected to localhost on port 55367
2021-03-19 10:28:28,955 INFO  [Thread-1] root: Message received by server -> Status: INIT_SERVER
received adminmsg
2021-03-19 10:28:28,956 INFO  [Thread-1] root: Message sent by server -> Status: INIT_SERVER_SUCCESS
2021-03-19 10:28:28,956 INFO  [Thread-1] root: Message received by server -> Status: START
received adminmsg
2021-03-19 10:28:28,956 INFO  [Thread-1] root: Message sent by server -> Status: START_SUCCESS
Starting commModule
2021-03-19 10:28:28,957 INFO  [Thread-0] root: Server communication module connected
2021-03-19 10:28:28,958 INFO  [Thread-0] root: Connected to localhost on port 55368
2021-03-19 10:28:28,959 INFO  [Thread-2] root: Message received by server -> Status: UPDATE
received adminmsg
2021-03-19 10:28:28,960 INFO  [Thread-2] root: Message sent by server -> Status: UPDATE_SUCCESS
Starting commModule
2021-03-19 10:28:28,961 INFO  [Thread-0] root: Server communication module connected
2021-03-19 10:28:28,961 INFO  [Thread-0] root: Connected to localhost on port 55369
2021-03-19 10:28:28,962 INFO  [Thread-3] root: Message received by server -> Status: PROPAGATE_ADMIN
received adminmsg
2021-03-19 10:28:28,967 DEBUG [Thread-3] root: Getting successors
2021-03-19 10:28:28,968 DEBUG [Thread-3] root: Got successors
2021-03-19 10:28:28,968 DEBUG [Thread-3] root: Propagating to: 127.0.0.1:50068 127.0.0.1:50068
Starting commModule
2021-03-19 10:28:28,970 INFO  [Thread-0] root: Server communication module connected
2021-03-19 10:28:28,970 INFO  [Thread-3] root: Client communication module connected
2021-03-19 10:28:28,971 INFO  [Thread-0] root: Connected to localhost on port 55370
Starting commModule
2021-03-19 10:28:28,972 INFO  [Thread-3] root: Client communication module connected
2021-03-19 10:28:28,972 DEBUG [Thread-3] root: {}
2021-03-19 10:28:28,972 INFO  [Thread-0] root: Server communication module connected
2021-03-19 10:28:28,972 INFO  [Thread-3] root: Message sent by server -> Status: PROPAGATE_SUCCESS
2021-03-19 10:28:28,973 INFO  [Thread-0] root: Connected to localhost on port 55371
Starting commModule
2021-03-19 10:28:29,535 INFO  [Thread-0] root: Server communication module connected
2021-03-19 10:28:29,536 INFO  [Thread-0] root: Connected to localhost on port 55375
2021-03-19 10:28:29,536 INFO  [Thread-6] root: Message received by server -> Status: UPDATE
received adminmsg
2021-03-19 10:28:29,537 INFO  [Thread-6] root: Message sent by server -> Status: UPDATE_SUCCESS
Starting commModule
2021-03-19 10:28:29,538 INFO  [Thread-0] root: Server communication module connected
2021-03-19 10:28:29,538 INFO  [Thread-0] root: Connected to localhost on port 55376
2021-03-19 10:28:29,539 INFO  [Thread-7] root: Message received by server -> Status: PROPAGATE_ADMIN
received adminmsg
2021-03-19 10:28:29,539 DEBUG [Thread-7] root: Getting successors
2021-03-19 10:28:29,539 DEBUG [Thread-7] root: Got successors
2021-03-19 10:28:29,540 DEBUG [Thread-7] root: Propagating to: 127.0.0.1:50047 127.0.0.1:50068
2021-03-19 10:28:29,540 INFO  [Thread-7] root: Client communication module connected
Starting commModule
2021-03-19 10:28:29,540 INFO  [Thread-7] root: Client communication module connected
2021-03-19 10:28:29,540 INFO  [Thread-0] root: Server communication module connected
2021-03-19 10:28:29,540 DEBUG [Thread-7] root: {}
2021-03-19 10:28:29,541 INFO  [Thread-7] root: Message sent by server -> Status: PROPAGATE_SUCCESS
2021-03-19 10:28:29,541 INFO  [Thread-0] root: Connected to localhost on port 55378
Starting commModule
2021-03-19 10:28:29,541 INFO  [Thread-0] root: Server communication module connected
2021-03-19 10:28:29,542 INFO  [Thread-0] root: Connected to localhost on port 55379
2021-03-19 10:28:29,542 INFO  [Thread-9] root: Message received by server -> Status: MOVE_DATA
received adminmsg
2021-03-19 10:28:29,542 DEBUG [Thread-9] root: Input data: 
2021-03-19 10:28:29,542 DEBUG [Thread-9] root: 9af2da00547c9b415aced106e151bee6:4c6c123a892c4f3ac4906ac76a38bcaf
2021-03-19 10:28:29,542 DEBUG [Thread-9] root: 127.0.0.1:50047
2021-03-19 10:28:29,543 INFO  [Thread-9] root: Client communication module connected
2021-03-19 10:28:29,543 DEBUG [Thread-9] root: Host: 127.0.0.1
2021-03-19 10:28:29,543 DEBUG [Thread-9] root: Port: 50047
2021-03-19 10:28:29,543 DEBUG [Thread-9] root: Range: 9af2da00547c9b415aced106e151bee6:4c6c123a892c4f3ac4906ac76a38bcaf
2021-03-19 10:28:29,544 DEBUG [Thread-9] root: Starting flush data
2021-03-19 10:28:29,544 DEBUG [Thread-9] root: Finished flush data
2021-03-19 10:28:29,544 DEBUG [Thread-9] root: Closing conn
2021-03-19 10:28:29,544 INFO  [Thread-9] root: Connection closed!
2021-03-19 10:28:29,544 DEBUG [Thread-9] root: Closed conn
2021-03-19 10:28:29,544 INFO  [Thread-9] root: Message sent by server -> Status: MOVE_DATA_SUCCESS
Starting commModule
2021-03-19 10:28:29,545 INFO  [Thread-0] root: Server communication module connected
2021-03-19 10:28:29,546 INFO  [Thread-0] root: Connected to localhost on port 55381
2021-03-19 10:28:29,546 INFO  [Thread-10] root: Message received by server -> Status: UPDATE
received adminmsg
2021-03-19 10:28:29,547 INFO  [Thread-10] root: Message sent by server -> Status: UPDATE_SUCCESS
Starting commModule
2021-03-19 10:28:29,551 INFO  [Thread-0] root: Server communication module connected
2021-03-19 10:28:29,552 INFO  [Thread-0] root: Connected to localhost on port 55383
2021-03-19 10:28:29,552 INFO  [Thread-11] root: Message received by server -> Status: PROPAGATE_ADMIN
received adminmsg
2021-03-19 10:28:29,553 DEBUG [Thread-11] root: Getting successors
2021-03-19 10:28:29,553 DEBUG [Thread-11] root: Got successors
2021-03-19 10:28:29,553 DEBUG [Thread-11] root: Propagating to: 127.0.0.1:50047 127.0.0.1:50068
2021-03-19 10:28:29,553 INFO  [Thread-11] root: Client communication module connected
Starting commModule
2021-03-19 10:28:29,554 INFO  [Thread-0] root: Server communication module connected
2021-03-19 10:28:29,554 INFO  [Thread-11] root: Client communication module connected
2021-03-19 10:28:29,554 DEBUG [Thread-11] root: {}
2021-03-19 10:28:29,554 INFO  [Thread-11] root: Message sent by server -> Status: PROPAGATE_SUCCESS
2021-03-19 10:28:29,554 INFO  [Thread-0] root: Connected to localhost on port 55385
Starting commModule
2021-03-19 10:28:29,564 INFO  [Thread-0] root: Server communication module connected
2021-03-19 10:28:29,565 INFO  [Thread-0] root: Connected to localhost on port 55387
Starting commModule
2021-03-19 10:28:29,568 INFO  [Thread-0] root: Server communication module connected
2021-03-19 10:28:29,569 INFO  [Thread-0] root: Connected to localhost on port 55389
2021-03-19 10:28:29,571 INFO  [Thread-14] root: Message received by server -> Status: GET_METADATA Key: nothing Value: nothing
2021-03-19 10:28:29,571 DEBUG [Thread-14] root: In serve
2021-03-19 10:28:29,571 DEBUG [Thread-14] root: Checking if stopped or write locked
2021-03-19 10:28:29,571 DEBUG [Thread-14] root: Case GET_METADATA
2021-03-19 10:28:29,580 INFO  [Thread-14] root: Message sent by server -> Status: GET_METADATA_SUCCESS Key: nothing Value: nothing
Starting commModule
2021-03-19 10:28:29,595 INFO  [Thread-0] root: Server communication module connected
2021-03-19 10:28:29,596 INFO  [Thread-0] root: Connected to localhost on port 55391
2021-03-19 10:28:29,598 INFO  [Thread-15] root: Message received by server -> Status: PROPAGATE
2021-03-19 10:28:29,598 DEBUG [Thread-15] root: In serve
2021-03-19 10:28:29,598 DEBUG [Thread-15] root: Checking if stopped or write locked
2021-03-19 10:28:29,598 DEBUG [Thread-15] root: Case propagate
2021-03-19 10:28:29,598 DEBUG [Thread-15] root: Passing to server
2021-03-19 10:28:29,598 DEBUG [Thread-15] root: Getting Predecessors
2021-03-19 10:28:29,599 DEBUG [Thread-15] root: Looking for 127.0.0.1:50068
2021-03-19 10:28:29,599 DEBUG [Thread-15] root: [127.0.0.1:50047, 127.0.0.1:50068]
2021-03-19 10:28:29,599 DEBUG [Thread-15] root: Predecessors:
2021-03-19 10:28:29,599 DEBUG [Thread-15] root: [127.0.0.1:50068, 127.0.0.1:50047]
2021-03-19 10:28:29,599 DEBUG [Thread-15] root: Looking for 127.0.0.1:50047
2021-03-19 10:28:29,599 DEBUG [Thread-15] root: Index of predecessor: 1
2021-03-19 10:28:29,599 DEBUG [Thread-15] root: Server Stuff
2021-03-19 10:28:29,599 INFO  [Thread-15] root: Put: key = k1, value = v1
2021-03-19 10:28:29,600 INFO  [Thread-15] root: Message sent by server -> Status: PROPAGATE_SUCCESS Key: null Value: null
Starting commModule
2021-03-19 10:28:29,602 INFO  [Thread-0] root: Server communication module connected
2021-03-19 10:28:29,603 INFO  [Thread-0] root: Connected to localhost on port 55393
2021-03-19 10:28:29,603 INFO  [Thread-16] root: Message received by server -> Status: GET_METADATA Key: nothing Value: nothing
2021-03-19 10:28:29,603 DEBUG [Thread-16] root: In serve
2021-03-19 10:28:29,603 DEBUG [Thread-16] root: Checking if stopped or write locked
2021-03-19 10:28:29,603 DEBUG [Thread-16] root: Case GET_METADATA
2021-03-19 10:28:29,604 INFO  [Thread-16] root: Message sent by server -> Status: GET_METADATA_SUCCESS Key: nothing Value: nothing
2021-03-19 10:28:29,604 INFO  [Thread-16] root: Message received by server -> Status: PUT Key: k2 Value: v2
2021-03-19 10:28:29,604 DEBUG [Thread-16] root: In serve
2021-03-19 10:28:29,604 DEBUG [Thread-16] root: Checking if stopped or write locked
2021-03-19 10:28:29,604 DEBUG [Thread-16] root: PUT request being served
2021-03-19 10:28:29,604 DEBUG [Thread-16] root: Checking if it's in range
2021-03-19 10:28:29,606 DEBUG [Thread-16] root: Got hostname and port -> 127.0.0.1:50068
2021-03-19 10:28:29,606 DEBUG [Thread-16] root: Got metadata range: 4c6c123a892c4f3ac4906ac76a38bcb0:9af2da00547c9b415aced106e151bee5
2021-03-19 10:28:29,606 DEBUG [Thread-16] root: 127.0.0.1:50047 -> 9af2da00547c9b415aced106e151bee6:4c6c123a892c4f3ac4906ac76a38bcaf
2021-03-19 10:28:29,606 DEBUG [Thread-16] root: 127.0.0.1:50068 -> 4c6c123a892c4f3ac4906ac76a38bcb0:9af2da00547c9b415aced106e151bee5
2021-03-19 10:28:29,606 DEBUG [Thread-16] root: Got range big ints
2021-03-19 10:28:29,606 DEBUG [Thread-16] root: Range start < range end
2021-03-19 10:28:29,606 DEBUG [Thread-16] root: Done with range check in server
2021-03-19 10:28:29,606 DEBUG [Thread-16] root: In range
2021-03-19 10:28:29,607 INFO  [Thread-16] root: Put: key = k2, value = v2
2021-03-19 10:28:29,607 DEBUG [Thread-16] root: Getting successors
2021-03-19 10:28:29,607 DEBUG [Thread-16] root: Got successors
2021-03-19 10:28:29,607 DEBUG [Thread-16] root: Propagating to: 127.0.0.1:50047 127.0.0.1:50068
2021-03-19 10:28:29,608 INFO  [Thread-16] root: Client communication module connected
Starting commModule
2021-03-19 10:28:29,608 INFO  [Thread-16] root: Client communication module connected
2021-03-19 10:28:29,608 DEBUG [Thread-16] root: {"k2":"v2"}
2021-03-19 10:28:29,608 INFO  [Thread-0] root: Server communication module connected
2021-03-19 10:28:29,609 INFO  [Thread-16] root: Message sent by client -> Status: PROPAGATE
2021-03-19 10:28:29,609 INFO  [Thread-0] root: Connected to localhost on port 55395
2021-03-19 10:28:29,609 INFO  [Thread-16] root: Message sent by client -> Status: PROPAGATE
2021-03-19 10:28:29,609 INFO  [Thread-17] root: Message received by server -> Status: PROPAGATE
2021-03-19 10:28:29,609 DEBUG [Thread-17] root: In serve
2021-03-19 10:28:29,609 DEBUG [Thread-17] root: Checking if stopped or write locked
2021-03-19 10:28:29,610 DEBUG [Thread-17] root: Case propagate
2021-03-19 10:28:29,610 DEBUG [Thread-17] root: Passing to server
2021-03-19 10:28:29,610 DEBUG [Thread-17] root: Getting Predecessors
2021-03-19 10:28:29,610 DEBUG [Thread-17] root: Looking for 127.0.0.1:50068
2021-03-19 10:28:29,610 DEBUG [Thread-17] root: [127.0.0.1:50047, 127.0.0.1:50068]
2021-03-19 10:28:29,610 DEBUG [Thread-17] root: Predecessors:
2021-03-19 10:28:29,610 DEBUG [Thread-17] root: [127.0.0.1:50068, 127.0.0.1:50047]
2021-03-19 10:28:29,610 DEBUG [Thread-17] root: Looking for 127.0.0.1:50068
2021-03-19 10:28:29,610 DEBUG [Thread-17] root: Index of predecessor: 0
2021-03-19 10:28:29,610 DEBUG [Thread-17] root: Server Stuff
2021-03-19 10:28:29,610 INFO  [Thread-17] root: Put: key = k2, value = v2
2021-03-19 10:28:29,611 INFO  [Thread-17] root: Message sent by server -> Status: PROPAGATE_SUCCESS Key: null Value: null
2021-03-19 10:28:29,611 INFO  [Thread-16] root: Message received by client -> Status: PROPAGATE_SUCCESS Key: null Value: null
2021-03-19 10:28:29,612 INFO  [Thread-16] root: Message received by client -> Status: PROPAGATE_SUCCESS Key: null Value: null
2021-03-19 10:28:29,612 INFO  [Thread-16] root: Message sent by server -> Status: PUT_SUCCESS Key: k2 Value: v2
Starting commModule
2021-03-19 10:28:29,617 INFO  [Thread-0] root: Server communication module connected
2021-03-19 10:28:29,618 INFO  [Thread-0] root: Connected to localhost on port 55397
2021-03-19 10:28:29,619 INFO  [Thread-18] root: Message received by server -> Status: PROPAGATE
2021-03-19 10:28:29,619 DEBUG [Thread-18] root: In serve
2021-03-19 10:28:29,619 DEBUG [Thread-18] root: Checking if stopped or write locked
2021-03-19 10:28:29,619 DEBUG [Thread-18] root: Case propagate
2021-03-19 10:28:29,619 DEBUG [Thread-18] root: Passing to server
2021-03-19 10:28:29,619 DEBUG [Thread-18] root: Getting Predecessors
2021-03-19 10:28:29,619 DEBUG [Thread-18] root: Looking for 127.0.0.1:50068
2021-03-19 10:28:29,619 DEBUG [Thread-18] root: [127.0.0.1:50047, 127.0.0.1:50068]
2021-03-19 10:28:29,619 DEBUG [Thread-18] root: Predecessors:
2021-03-19 10:28:29,619 DEBUG [Thread-18] root: [127.0.0.1:50068, 127.0.0.1:50047]
2021-03-19 10:28:29,620 DEBUG [Thread-18] root: Looking for 127.0.0.1:50047
2021-03-19 10:28:29,620 DEBUG [Thread-18] root: Index of predecessor: 1
2021-03-19 10:28:29,620 DEBUG [Thread-18] root: Server Stuff
2021-03-19 10:28:29,620 INFO  [Thread-18] root: Put: key = k3, value = v3
2021-03-19 10:28:29,621 INFO  [Thread-18] root: Message sent by server -> Status: PROPAGATE_SUCCESS Key: null Value: null
Starting commModule
2021-03-19 10:28:29,624 INFO  [Thread-0] root: Server communication module connected
2021-03-19 10:28:29,625 INFO  [Thread-0] root: Connected to localhost on port 55399
2021-03-19 10:28:29,626 INFO  [Thread-19] root: Message received by server -> Status: PROPAGATE
2021-03-19 10:28:29,626 DEBUG [Thread-19] root: In serve
2021-03-19 10:28:29,626 DEBUG [Thread-19] root: Checking if stopped or write locked
2021-03-19 10:28:29,626 DEBUG [Thread-19] root: Case propagate
2021-03-19 10:28:29,626 DEBUG [Thread-19] root: Passing to server
2021-03-19 10:28:29,626 DEBUG [Thread-19] root: Getting Predecessors
2021-03-19 10:28:29,626 DEBUG [Thread-19] root: Looking for 127.0.0.1:50068
2021-03-19 10:28:29,626 DEBUG [Thread-19] root: [127.0.0.1:50047, 127.0.0.1:50068]
2021-03-19 10:28:29,626 DEBUG [Thread-19] root: Predecessors:
2021-03-19 10:28:29,626 DEBUG [Thread-19] root: [127.0.0.1:50068, 127.0.0.1:50047]
2021-03-19 10:28:29,626 DEBUG [Thread-19] root: Looking for 127.0.0.1:50047
2021-03-19 10:28:29,626 DEBUG [Thread-19] root: Index of predecessor: 1
2021-03-19 10:28:29,626 DEBUG [Thread-19] root: Server Stuff
2021-03-19 10:28:29,627 INFO  [Thread-19] root: Put: key = k4, value = v4
2021-03-19 10:28:29,628 INFO  [Thread-19] root: Message sent by server -> Status: PROPAGATE_SUCCESS Key: null Value: null
Starting commModule
2021-03-19 10:28:29,638 INFO  [Thread-0] root: Server communication module connected
2021-03-19 10:28:29,639 INFO  [Thread-0] root: Connected to localhost on port 55401
2021-03-19 10:28:29,640 INFO  [Thread-20] root: Message received by server -> Status: PROPAGATE
2021-03-19 10:28:29,640 DEBUG [Thread-20] root: In serve
2021-03-19 10:28:29,640 DEBUG [Thread-20] root: Checking if stopped or write locked
2021-03-19 10:28:29,640 DEBUG [Thread-20] root: Case propagate
2021-03-19 10:28:29,640 DEBUG [Thread-20] root: Passing to server
2021-03-19 10:28:29,640 DEBUG [Thread-20] root: Getting Predecessors
2021-03-19 10:28:29,640 DEBUG [Thread-20] root: Looking for 127.0.0.1:50068
2021-03-19 10:28:29,640 DEBUG [Thread-20] root: [127.0.0.1:50047, 127.0.0.1:50068]
2021-03-19 10:28:29,640 DEBUG [Thread-20] root: Predecessors:
2021-03-19 10:28:29,640 DEBUG [Thread-20] root: [127.0.0.1:50068, 127.0.0.1:50047]
2021-03-19 10:28:29,640 DEBUG [Thread-20] root: Looking for 127.0.0.1:50047
2021-03-19 10:28:29,640 DEBUG [Thread-20] root: Index of predecessor: 1
2021-03-19 10:28:29,640 DEBUG [Thread-20] root: Server Stuff
2021-03-19 10:28:29,641 INFO  [Thread-20] root: Delete: key = k1
2021-03-19 10:28:29,641 INFO  [Thread-20] root: Updating storage
2021-03-19 10:28:29,641 INFO  [Thread-20] root: Message sent by server -> Status: PROPAGATE_SUCCESS Key: null Value: null
Starting commModule
2021-03-19 10:28:29,643 INFO  [Thread-0] root: Server communication module connected
2021-03-19 10:28:29,644 INFO  [Thread-0] root: Connected to localhost on port 55403
2021-03-19 10:28:29,645 INFO  [Thread-21] root: Message received by server -> Status: GET_METADATA Key: nothing Value: nothing
2021-03-19 10:28:29,645 DEBUG [Thread-21] root: In serve
2021-03-19 10:28:29,645 DEBUG [Thread-21] root: Checking if stopped or write locked
2021-03-19 10:28:29,645 DEBUG [Thread-21] root: Case GET_METADATA
2021-03-19 10:28:29,645 INFO  [Thread-21] root: Message sent by server -> Status: GET_METADATA_SUCCESS Key: nothing Value: nothing
2021-03-19 10:28:29,646 INFO  [Thread-21] root: Message received by server -> Status: PUT Key: k2 Value: null
2021-03-19 10:28:29,646 DEBUG [Thread-21] root: In serve
2021-03-19 10:28:29,646 DEBUG [Thread-21] root: Checking if stopped or write locked
2021-03-19 10:28:29,646 DEBUG [Thread-21] root: PUT request being served
2021-03-19 10:28:29,646 DEBUG [Thread-21] root: Checking if it's in range
2021-03-19 10:28:29,647 DEBUG [Thread-21] root: Got hostname and port -> 127.0.0.1:50068
2021-03-19 10:28:29,647 DEBUG [Thread-21] root: Got metadata range: 4c6c123a892c4f3ac4906ac76a38bcb0:9af2da00547c9b415aced106e151bee5
2021-03-19 10:28:29,647 DEBUG [Thread-21] root: 127.0.0.1:50047 -> 9af2da00547c9b415aced106e151bee6:4c6c123a892c4f3ac4906ac76a38bcaf
2021-03-19 10:28:29,647 DEBUG [Thread-21] root: 127.0.0.1:50068 -> 4c6c123a892c4f3ac4906ac76a38bcb0:9af2da00547c9b415aced106e151bee5
2021-03-19 10:28:29,647 DEBUG [Thread-21] root: Got range big ints
2021-03-19 10:28:29,647 DEBUG [Thread-21] root: Range start < range end
2021-03-19 10:28:29,647 DEBUG [Thread-21] root: Done with range check in server
2021-03-19 10:28:29,647 DEBUG [Thread-21] root: In range
2021-03-19 10:28:29,647 INFO  [Thread-21] root: Delete: key = k2
2021-03-19 10:28:29,648 INFO  [Thread-21] root: Updating storage
2021-03-19 10:28:29,648 DEBUG [Thread-21] root: Getting successors
2021-03-19 10:28:29,648 DEBUG [Thread-21] root: Got successors
2021-03-19 10:28:29,648 DEBUG [Thread-21] root: Propagating to: 127.0.0.1:50047 127.0.0.1:50068
2021-03-19 10:28:29,649 INFO  [Thread-21] root: Client communication module connected
Starting commModule
2021-03-19 10:28:29,649 INFO  [Thread-0] root: Server communication module connected
2021-03-19 10:28:29,649 INFO  [Thread-21] root: Client communication module connected
2021-03-19 10:28:29,649 DEBUG [Thread-21] root: {"k2":null}
2021-03-19 10:28:29,650 INFO  [Thread-0] root: Connected to localhost on port 55405
2021-03-19 10:28:29,650 INFO  [Thread-21] root: Message sent by client -> Status: PROPAGATE
2021-03-19 10:28:29,650 INFO  [Thread-21] root: Message sent by client -> Status: PROPAGATE
2021-03-19 10:28:29,651 INFO  [Thread-22] root: Message received by server -> Status: PROPAGATE
2021-03-19 10:28:29,651 DEBUG [Thread-22] root: In serve
2021-03-19 10:28:29,651 DEBUG [Thread-22] root: Checking if stopped or write locked
2021-03-19 10:28:29,651 DEBUG [Thread-22] root: Case propagate
2021-03-19 10:28:29,651 DEBUG [Thread-22] root: Passing to server
2021-03-19 10:28:29,651 DEBUG [Thread-22] root: Getting Predecessors
2021-03-19 10:28:29,651 DEBUG [Thread-22] root: Looking for 127.0.0.1:50068
2021-03-19 10:28:29,651 DEBUG [Thread-22] root: [127.0.0.1:50047, 127.0.0.1:50068]
2021-03-19 10:28:29,652 DEBUG [Thread-22] root: Predecessors:
2021-03-19 10:28:29,652 DEBUG [Thread-22] root: [127.0.0.1:50068, 127.0.0.1:50047]
2021-03-19 10:28:29,652 DEBUG [Thread-22] root: Looking for 127.0.0.1:50068
2021-03-19 10:28:29,652 DEBUG [Thread-22] root: Index of predecessor: 0
2021-03-19 10:28:29,652 DEBUG [Thread-22] root: Server Stuff
2021-03-19 10:28:29,652 INFO  [Thread-22] root: Delete: key = k2
2021-03-19 10:28:29,652 INFO  [Thread-22] root: Updating storage
2021-03-19 10:28:29,652 INFO  [Thread-21] root: Message received by client -> Status: PROPAGATE_SUCCESS Key: null Value: null
2021-03-19 10:28:29,652 INFO  [Thread-22] root: Message sent by server -> Status: PROPAGATE_SUCCESS Key: null Value: null
2021-03-19 10:28:29,653 INFO  [Thread-21] root: Message received by client -> Status: PROPAGATE_SUCCESS Key: null Value: null
2021-03-19 10:28:29,653 INFO  [Thread-21] root: Message sent by server -> Status: DELETE_SUCCESS Key: k2 Value: null
Starting commModule
2021-03-19 10:28:29,657 INFO  [Thread-0] root: Server communication module connected
2021-03-19 10:28:29,658 INFO  [Thread-0] root: Connected to localhost on port 55407
2021-03-19 10:28:29,659 INFO  [Thread-23] root: Message received by server -> Status: PROPAGATE
2021-03-19 10:28:29,659 DEBUG [Thread-23] root: In serve
2021-03-19 10:28:29,659 DEBUG [Thread-23] root: Checking if stopped or write locked
2021-03-19 10:28:29,659 DEBUG [Thread-23] root: Case propagate
2021-03-19 10:28:29,659 DEBUG [Thread-23] root: Passing to server
2021-03-19 10:28:29,659 DEBUG [Thread-23] root: Getting Predecessors
2021-03-19 10:28:29,659 DEBUG [Thread-23] root: Looking for 127.0.0.1:50068
2021-03-19 10:28:29,659 DEBUG [Thread-23] root: [127.0.0.1:50047, 127.0.0.1:50068]
2021-03-19 10:28:29,659 DEBUG [Thread-23] root: Predecessors:
2021-03-19 10:28:29,659 DEBUG [Thread-23] root: [127.0.0.1:50068, 127.0.0.1:50047]
2021-03-19 10:28:29,659 DEBUG [Thread-23] root: Looking for 127.0.0.1:50047
2021-03-19 10:28:29,659 DEBUG [Thread-23] root: Index of predecessor: 1
2021-03-19 10:28:29,659 DEBUG [Thread-23] root: Server Stuff
2021-03-19 10:28:29,659 INFO  [Thread-23] root: Delete: key = k3
2021-03-19 10:28:29,660 INFO  [Thread-23] root: Updating storage
2021-03-19 10:28:29,660 INFO  [Thread-23] root: Message sent by server -> Status: PROPAGATE_SUCCESS Key: null Value: null
Starting commModule
2021-03-19 10:28:29,663 INFO  [Thread-0] root: Server communication module connected
2021-03-19 10:28:29,664 INFO  [Thread-0] root: Connected to localhost on port 55409
2021-03-19 10:28:29,665 INFO  [Thread-24] root: Message received by server -> Status: PROPAGATE
2021-03-19 10:28:29,665 DEBUG [Thread-24] root: In serve
2021-03-19 10:28:29,665 DEBUG [Thread-24] root: Checking if stopped or write locked
2021-03-19 10:28:29,665 DEBUG [Thread-24] root: Case propagate
2021-03-19 10:28:29,665 DEBUG [Thread-24] root: Passing to server
2021-03-19 10:28:29,665 DEBUG [Thread-24] root: Getting Predecessors
2021-03-19 10:28:29,665 DEBUG [Thread-24] root: Looking for 127.0.0.1:50068
2021-03-19 10:28:29,665 DEBUG [Thread-24] root: [127.0.0.1:50047, 127.0.0.1:50068]
2021-03-19 10:28:29,665 DEBUG [Thread-24] root: Predecessors:
2021-03-19 10:28:29,665 DEBUG [Thread-24] root: [127.0.0.1:50068, 127.0.0.1:50047]
2021-03-19 10:28:29,665 DEBUG [Thread-24] root: Looking for 127.0.0.1:50047
2021-03-19 10:28:29,665 DEBUG [Thread-24] root: Index of predecessor: 1
2021-03-19 10:28:29,665 DEBUG [Thread-24] root: Server Stuff
2021-03-19 10:28:29,666 INFO  [Thread-24] root: Delete: key = k4
2021-03-19 10:28:29,666 INFO  [Thread-24] root: Updating storage
2021-03-19 10:28:29,666 INFO  [Thread-24] root: Message sent by server -> Status: PROPAGATE_SUCCESS Key: null Value: null
Starting commModule
2021-03-19 10:28:29,667 INFO  [Thread-0] root: Server communication module connected
2021-03-19 10:28:29,668 INFO  [Thread-0] root: Connected to localhost on port 55411
2021-03-19 10:28:29,668 INFO  [Thread-25] root: Message received by server -> Status: SHUTDOWN
received adminmsg
2021-03-19 10:28:29,668 DEBUG [Thread-25] root: Closing the program
2021-03-19 10:28:29,669 INFO  [Thread-25] root: Message sent by server -> Status: SHUTDOWN_SUCCESS
2021-03-19 10:28:29,669 ERROR [Thread-0] root: Error! Unable to establish connection. 

java.net.SocketException: Socket closed
	at java.base/java.net.PlainSocketImpl.socketAccept(Native Method)
	at java.base/java.net.AbstractPlainSocketImpl.accept(AbstractPlainSocketImpl.java:458)
	at java.base/java.net.ServerSocket.implAccept(ServerSocket.java:565)
	at java.base/java.net.ServerSocket.accept(ServerSocket.java:533)
	at app_kvServer.KVServer.run(KVServer.java:408)
2021-03-19 10:28:29,671 INFO  [Thread-0] root: Server stopped.
2021-03-19 10:28:29,671 INFO  [Thread-0] root: Clearing KV Storage...
