2021-03-19 16:20:24,929 INFO  [Thread-0] root: Initialize server ...
2021-03-19 16:20:24,940 INFO  [Thread-0] root: Server listening on port: 50104
2021-03-19 16:20:24,958 INFO  [Thread-0] org.apache.zookeeper.ZooKeeper: Client environment:zookeeper.version=3.6.2--803c7f1a12f85978cb049af5e4ef23bd8b688715, built on 09/04/2020 12:44 GMT
2021-03-19 16:20:24,958 INFO  [Thread-0] org.apache.zookeeper.ZooKeeper: Client environment:host.name=localhost
2021-03-19 16:20:24,958 INFO  [Thread-0] org.apache.zookeeper.ZooKeeper: Client environment:java.version=11.0.10
2021-03-19 16:20:24,958 INFO  [Thread-0] org.apache.zookeeper.ZooKeeper: Client environment:java.vendor=Azul Systems, Inc.
2021-03-19 16:20:24,958 INFO  [Thread-0] org.apache.zookeeper.ZooKeeper: Client environment:java.home=/Users/steve/Library/Java/JavaVirtualMachines/azul-11.0.10/Contents/Home
2021-03-19 16:20:24,958 INFO  [Thread-0] org.apache.zookeeper.ZooKeeper: Client environment:java.class.path=/Users/steve/Desktop/UofT/year4/winter2021/ECE419/milestone3/m3-server.jar
2021-03-19 16:20:24,958 INFO  [Thread-0] org.apache.zookeeper.ZooKeeper: Client environment:java.library.path=/Users/steve/Library/Java/Extensions:/Library/Java/Extensions:/Network/Library/Java/Extensions:/System/Library/Java/Extensions:/usr/lib/java:.
2021-03-19 16:20:24,958 INFO  [Thread-0] org.apache.zookeeper.ZooKeeper: Client environment:java.io.tmpdir=/var/folders/kz/3gb57nkn6ks6_07_dtt5lqvr0000gn/T/
2021-03-19 16:20:24,958 INFO  [Thread-0] org.apache.zookeeper.ZooKeeper: Client environment:java.compiler=<NA>
2021-03-19 16:20:24,958 INFO  [Thread-0] org.apache.zookeeper.ZooKeeper: Client environment:os.name=Mac OS X
2021-03-19 16:20:24,959 INFO  [Thread-0] org.apache.zookeeper.ZooKeeper: Client environment:os.arch=x86_64
2021-03-19 16:20:24,959 INFO  [Thread-0] org.apache.zookeeper.ZooKeeper: Client environment:os.version=10.16
2021-03-19 16:20:24,959 INFO  [Thread-0] org.apache.zookeeper.ZooKeeper: Client environment:user.name=steve
2021-03-19 16:20:24,959 INFO  [Thread-0] org.apache.zookeeper.ZooKeeper: Client environment:user.home=/Users/steve
2021-03-19 16:20:24,959 INFO  [Thread-0] org.apache.zookeeper.ZooKeeper: Client environment:user.dir=/Users/steve
2021-03-19 16:20:24,959 INFO  [Thread-0] org.apache.zookeeper.ZooKeeper: Client environment:os.memory.free=249MB
2021-03-19 16:20:24,959 INFO  [Thread-0] org.apache.zookeeper.ZooKeeper: Client environment:os.memory.max=4096MB
2021-03-19 16:20:24,959 INFO  [Thread-0] org.apache.zookeeper.ZooKeeper: Client environment:os.memory.total=256MB
2021-03-19 16:20:24,962 INFO  [Thread-0] org.apache.zookeeper.ZooKeeper: Initiating client connection, connectString=localhost:2181 sessionTimeout=3000 watcher=app_kvServer.KVServer$1@7a8d20e7
2021-03-19 16:20:24,965 INFO  [Thread-0] org.apache.zookeeper.common.X509Util: Setting -D jdk.tls.rejectClientInitiatedRenegotiation=true to disable client-initiated TLS renegotiation
2021-03-19 16:20:24,974 INFO  [Thread-0] org.apache.zookeeper.ClientCnxnSocket: jute.maxbuffer value is 1048575 Bytes
2021-03-19 16:20:24,981 INFO  [Thread-0] org.apache.zookeeper.ClientCnxn: zookeeper.request.timeout value is 0. feature enabled=false
2021-03-19 16:20:24,992 DEBUG [Thread-0-SendThread(localhost:2181)] org.apache.zookeeper.SaslServerPrincipal: Canonicalized address to localhost
2021-03-19 16:20:24,994 INFO  [Thread-0-SendThread(localhost:2181)] org.apache.zookeeper.ClientCnxn: Opening socket connection to server localhost/0:0:0:0:0:0:0:1:2181.
2021-03-19 16:20:24,994 INFO  [Thread-0-SendThread(localhost:2181)] org.apache.zookeeper.ClientCnxn: SASL config status: Will not attempt to authenticate using SASL (unknown error)
2021-03-19 16:20:25,010 INFO  [Thread-0-SendThread(localhost:2181)] org.apache.zookeeper.ClientCnxn: Socket connection established, initiating session, client: /0:0:0:0:0:0:0:1:63513, server: localhost/0:0:0:0:0:0:0:1:2181
2021-03-19 16:20:25,011 DEBUG [Thread-0-SendThread(localhost:2181)] org.apache.zookeeper.ClientCnxn: Session establishment request sent on localhost/0:0:0:0:0:0:0:1:2181
2021-03-19 16:20:25,040 TRACE [Thread-0-SendThread(localhost:2181)] org.apache.zookeeper.ClientCnxnSocket: readConnectResult 37 0x[0,0,0,0,0,0,f,ffffffa0,1,0,14,ffffffbd,52,70,2,19,0,0,0,10,f,8,73,1c,ffffffd3,2a,ffffffa8,55,ffffffd2,15,ffffff8a,ffffff86,ffffffe1,ffffff98,7d,fffffff2,0,]
2021-03-19 16:20:25,043 INFO  [Thread-0-SendThread(localhost:2181)] org.apache.zookeeper.ClientCnxn: Session establishment complete on server localhost/0:0:0:0:0:0:0:1:2181, session id = 0x10014bd52700219, negotiated timeout = 4000
2021-03-19 16:20:25,045 DEBUG [Thread-0-EventThread] root: ZK event: 
2021-03-19 16:20:25,046 DEBUG [Thread-0-EventThread] root: WatchedEvent state:SyncConnected type:None path:null
2021-03-19 16:20:25,074 DEBUG [Thread-0-SendThread(localhost:2181)] org.apache.zookeeper.ClientCnxn: Reading reply session id: 0x10014bd52700219, packet:: clientPath:null serverPath:null finished:false header:: 1,1  replyHeader:: 1,1733,0  request:: '/keeper/server105,,v{s{31,s{'world,'anyone}}},1  response:: '/keeper/server105 
2021-03-19 16:20:25,078 DEBUG [Thread-0-SendThread(localhost:2181)] org.apache.zookeeper.ClientCnxn: Reading reply session id: 0x10014bd52700219, packet:: clientPath:null serverPath:null finished:false header:: 2,3  replyHeader:: 2,1733,0  request:: '/keeper/server105,T  response:: s{1733,1733,1616185225046,1616185225046,0,0,0,72080397402374681,0,0,1733} 
2021-03-19 16:20:25,105 DEBUG [Thread-0-SendThread(localhost:2181)] org.apache.zookeeper.ClientCnxn: Got notification session id: 0x10014bd52700219
2021-03-19 16:20:25,105 DEBUG [Thread-0-SendThread(localhost:2181)] org.apache.zookeeper.ClientCnxn: Got WatchedEvent state:SyncConnected type:NodeDataChanged path:/keeper/server105 for session id 0x10014bd52700219
2021-03-19 16:20:25,106 DEBUG [Thread-0-EventThread] root: ZK event: 
2021-03-19 16:20:25,107 DEBUG [Thread-0-EventThread] root: WatchedEvent state:SyncConnected type:NodeDataChanged path:/keeper/server105
2021-03-19 16:20:25,107 DEBUG [Thread-0-SendThread(localhost:2181)] org.apache.zookeeper.ClientCnxn: Reading reply session id: 0x10014bd52700219, packet:: clientPath:null serverPath:null finished:false header:: 3,5  replyHeader:: 3,1734,0  request:: '/keeper/server105,#3132372e302e302e313a3530313034,0  response:: s{1733,1734,1616185225046,1616185225079,1,0,0,72080397402374681,15,0,1733} 
2021-03-19 16:20:25,107 INFO  [Thread-0] root: Node created at: /keeper/server105
Starting commModule
2021-03-19 16:20:25,114 INFO  [Thread-0] root: Server communication module connected
2021-03-19 16:20:25,115 INFO  [Thread-0] root: Connected to localhost on port 63514
2021-03-19 16:20:25,123 INFO  [Thread-1] root: Message received by server -> Status: INIT_SERVER
received adminmsg
2021-03-19 16:20:25,124 INFO  [Thread-1] root: Message sent by server -> Status: INIT_SERVER_SUCCESS
2021-03-19 16:20:25,124 INFO  [Thread-1] root: Message received by server -> Status: START
received adminmsg
2021-03-19 16:20:25,125 INFO  [Thread-1] root: Message sent by server -> Status: START_SUCCESS
Starting commModule
2021-03-19 16:20:25,137 INFO  [Thread-0] root: Server communication module connected
2021-03-19 16:20:25,138 INFO  [Thread-0] root: Connected to localhost on port 63521
Starting commModule
2021-03-19 16:20:25,145 INFO  [Thread-0] root: Server communication module connected
2021-03-19 16:20:25,146 INFO  [Thread-0] root: Connected to localhost on port 63529
Starting commModule
2021-03-19 16:20:25,148 INFO  [Thread-0] root: Server communication module connected
2021-03-19 16:20:25,148 INFO  [Thread-0] root: Connected to localhost on port 63532
Starting commModule
2021-03-19 16:20:25,157 INFO  [Thread-0] root: Server communication module connected
2021-03-19 16:20:25,158 INFO  [Thread-0] root: Connected to localhost on port 63537
2021-03-19 16:20:25,159 INFO  [Thread-5] root: Message received by server -> Status: UPDATE
received adminmsg
2021-03-19 16:20:25,160 INFO  [Thread-5] root: Message sent by server -> Status: UPDATE_SUCCESS
Starting commModule
2021-03-19 16:20:25,163 INFO  [Thread-0] root: Server communication module connected
2021-03-19 16:20:25,164 INFO  [Thread-0] root: Connected to localhost on port 63540
Starting commModule
2021-03-19 16:20:25,171 INFO  [Thread-0] root: Server communication module connected
2021-03-19 16:20:25,172 INFO  [Thread-0] root: Connected to localhost on port 63548
Starting commModule
2021-03-19 16:20:25,172 INFO  [Thread-0] root: Server communication module connected
2021-03-19 16:20:25,173 INFO  [Thread-0] root: Connected to localhost on port 63550
2021-03-19 16:20:25,174 INFO  [Thread-8] root: Message received by server -> Status: PROPAGATE_ADMIN
received adminmsg
2021-03-19 16:20:25,179 DEBUG [Thread-8] root: Getting successors
2021-03-19 16:20:25,179 DEBUG [Thread-8] root: Got successors
2021-03-19 16:20:25,179 DEBUG [Thread-8] root: Propagating to: 127.0.0.1:50036 127.0.0.1:50047
2021-03-19 16:20:25,181 INFO  [Thread-8] root: Client communication module connected
2021-03-19 16:20:25,182 INFO  [Thread-8] root: Client communication module connected
2021-03-19 16:20:25,182 DEBUG [Thread-8] root: {}
2021-03-19 16:20:25,182 INFO  [Thread-8] root: Message sent by server -> Status: PROPAGATE_SUCCESS
2021-03-19 16:20:26,418 DEBUG [Thread-0-SendThread(localhost:2181)] org.apache.zookeeper.ClientCnxn: Got ping response for session id: 0x10014bd52700219 after 1ms.
2021-03-19 16:20:27,753 DEBUG [Thread-0-SendThread(localhost:2181)] org.apache.zookeeper.ClientCnxn: Got ping response for session id: 0x10014bd52700219 after 0ms.
2021-03-19 16:20:29,088 DEBUG [Thread-0-SendThread(localhost:2181)] org.apache.zookeeper.ClientCnxn: Got ping response for session id: 0x10014bd52700219 after 1ms.
2021-03-19 16:20:30,425 DEBUG [Thread-0-SendThread(localhost:2181)] org.apache.zookeeper.ClientCnxn: Got ping response for session id: 0x10014bd52700219 after 0ms.
Starting commModule
2021-03-19 16:20:30,588 INFO  [Thread-0] root: Server communication module connected
2021-03-19 16:20:30,589 INFO  [Thread-0] root: Connected to localhost on port 63558
2021-03-19 16:20:30,590 INFO  [Thread-9] root: Message received by server -> Status: UPDATE
received adminmsg
2021-03-19 16:20:30,590 INFO  [Thread-9] root: Message sent by server -> Status: UPDATE_SUCCESS
Starting commModule
2021-03-19 16:20:30,594 INFO  [Thread-0] root: Server communication module connected
2021-03-19 16:20:30,594 INFO  [Thread-0] root: Connected to localhost on port 63561
Starting commModule
2021-03-19 16:20:30,600 INFO  [Thread-0] root: Server communication module connected
2021-03-19 16:20:30,602 INFO  [Thread-0] root: Connected to localhost on port 63566
Starting commModule
2021-03-19 16:20:30,602 INFO  [Thread-0] root: Server communication module connected
2021-03-19 16:20:30,603 INFO  [Thread-0] root: Connected to localhost on port 63568
2021-03-19 16:20:30,603 INFO  [Thread-12] root: Message received by server -> Status: PROPAGATE_ADMIN
received adminmsg
2021-03-19 16:20:30,604 DEBUG [Thread-12] root: Getting successors
2021-03-19 16:20:30,604 DEBUG [Thread-12] root: Got successors
2021-03-19 16:20:30,604 DEBUG [Thread-12] root: Propagating to: 127.0.0.1:50047 127.0.0.1:50080
2021-03-19 16:20:30,604 INFO  [Thread-12] root: Client communication module connected
2021-03-19 16:20:30,605 INFO  [Thread-12] root: Client communication module connected
2021-03-19 16:20:30,605 DEBUG [Thread-12] root: {}
2021-03-19 16:20:30,605 INFO  [Thread-12] root: Message sent by server -> Status: PROPAGATE_SUCCESS
Starting commModule
2021-03-19 16:20:30,883 INFO  [Thread-0] root: Server communication module connected
2021-03-19 16:20:30,883 INFO  [Thread-0] root: Connected to localhost on port 63573
2021-03-19 16:20:30,885 INFO  [Thread-13] root: Message received by server -> Status: GET_METADATA Key: nothing Value: nothing
2021-03-19 16:20:30,885 DEBUG [Thread-13] root: In serve
2021-03-19 16:20:30,885 DEBUG [Thread-13] root: Checking if stopped or write locked
2021-03-19 16:20:30,885 DEBUG [Thread-13] root: Case GET_METADATA
2021-03-19 16:20:30,895 INFO  [Thread-13] root: Message sent by server -> Status: GET_METADATA_SUCCESS Key: nothing Value: nothing
2021-03-19 16:20:30,895 INFO  [Thread-13] root: Message received by server -> Status: GET Key: 2 Value: 
2021-03-19 16:20:30,895 DEBUG [Thread-13] root: In serve
2021-03-19 16:20:30,895 DEBUG [Thread-13] root: Checking if stopped or write locked
2021-03-19 16:20:30,895 DEBUG [Thread-13] root: Checking if it's in range
2021-03-19 16:20:30,898 DEBUG [Thread-13] root: Got hostname and port -> 127.0.0.1:50104
2021-03-19 16:20:30,898 DEBUG [Thread-13] root: Got metadata range: 4c6c123a892c4f3ac4906ac76a38bcb0:cfdc969d09978c45b3f8ed041fe4fcf1
2021-03-19 16:20:30,898 DEBUG [Thread-13] root: 127.0.0.1:50104 -> 4c6c123a892c4f3ac4906ac76a38bcb0:cfdc969d09978c45b3f8ed041fe4fcf1
2021-03-19 16:20:30,898 DEBUG [Thread-13] root: 127.0.0.1:50047 -> 534ebf1693f15d4e96bbf83e92570e02:4c6c123a892c4f3ac4906ac76a38bcaf
2021-03-19 16:20:30,898 DEBUG [Thread-13] root: 127.0.0.1:50084 -> cfdc969d09978c45b3f8ed041fe4fcf2:a8bb92606ca27789af6c077da3955bcd
2021-03-19 16:20:30,898 DEBUG [Thread-13] root: 127.0.0.1:50080 -> a8bb92606ca27789af6c077da3955bce:534ebf1693f15d4e96bbf83e92570e01
2021-03-19 16:20:30,898 DEBUG [Thread-13] root: Got range big ints
2021-03-19 16:20:30,898 DEBUG [Thread-13] root: Range start < range end
2021-03-19 16:20:30,898 DEBUG [Thread-13] root: Done with range check in server
2021-03-19 16:20:30,898 INFO  [Thread-13] root: Get: key = 2
2021-03-19 16:20:30,899 INFO  [Thread-13] root: Message sent by server -> Status: GET_ERROR Key: 2 Value: null
Starting commModule
2021-03-19 16:20:30,904 INFO  [Thread-0] root: Server communication module connected
2021-03-19 16:20:30,905 INFO  [Thread-0] root: Connected to localhost on port 63575
2021-03-19 16:20:30,906 INFO  [Thread-14] root: Message received by server -> Status: GET_METADATA Key: nothing Value: nothing
2021-03-19 16:20:30,906 DEBUG [Thread-14] root: In serve
2021-03-19 16:20:30,906 DEBUG [Thread-14] root: Checking if stopped or write locked
2021-03-19 16:20:30,906 DEBUG [Thread-14] root: Case GET_METADATA
2021-03-19 16:20:30,907 INFO  [Thread-14] root: Message sent by server -> Status: GET_METADATA_SUCCESS Key: nothing Value: nothing
2021-03-19 16:20:30,908 INFO  [Thread-14] root: Message received by server -> Status: GET Key: 4 Value: 
2021-03-19 16:20:30,908 DEBUG [Thread-14] root: In serve
2021-03-19 16:20:30,908 DEBUG [Thread-14] root: Checking if stopped or write locked
2021-03-19 16:20:30,908 DEBUG [Thread-14] root: Checking if it's in range
2021-03-19 16:20:30,908 DEBUG [Thread-14] root: Got hostname and port -> 127.0.0.1:50104
2021-03-19 16:20:30,908 DEBUG [Thread-14] root: Got metadata range: 4c6c123a892c4f3ac4906ac76a38bcb0:cfdc969d09978c45b3f8ed041fe4fcf1
2021-03-19 16:20:30,909 DEBUG [Thread-14] root: 127.0.0.1:50104 -> 4c6c123a892c4f3ac4906ac76a38bcb0:cfdc969d09978c45b3f8ed041fe4fcf1
2021-03-19 16:20:30,909 DEBUG [Thread-14] root: 127.0.0.1:50047 -> 534ebf1693f15d4e96bbf83e92570e02:4c6c123a892c4f3ac4906ac76a38bcaf
2021-03-19 16:20:30,909 DEBUG [Thread-14] root: 127.0.0.1:50084 -> cfdc969d09978c45b3f8ed041fe4fcf2:a8bb92606ca27789af6c077da3955bcd
2021-03-19 16:20:30,909 DEBUG [Thread-14] root: 127.0.0.1:50080 -> a8bb92606ca27789af6c077da3955bce:534ebf1693f15d4e96bbf83e92570e01
2021-03-19 16:20:30,909 DEBUG [Thread-14] root: Got range big ints
2021-03-19 16:20:30,909 DEBUG [Thread-14] root: Range start < range end
2021-03-19 16:20:30,909 DEBUG [Thread-14] root: Done with range check in server
2021-03-19 16:20:30,909 INFO  [Thread-14] root: Get: key = 4
2021-03-19 16:20:30,910 INFO  [Thread-14] root: Message sent by server -> Status: GET_ERROR Key: 4 Value: null
Starting commModule
2021-03-19 16:20:30,917 INFO  [Thread-0] root: Server communication module connected
2021-03-19 16:20:30,918 INFO  [Thread-0] root: Connected to localhost on port 63577
2021-03-19 16:20:30,919 INFO  [Thread-15] root: Message received by server -> Status: GET_METADATA Key: nothing Value: nothing
2021-03-19 16:20:30,919 DEBUG [Thread-15] root: In serve
2021-03-19 16:20:30,919 DEBUG [Thread-15] root: Checking if stopped or write locked
2021-03-19 16:20:30,919 DEBUG [Thread-15] root: Case GET_METADATA
2021-03-19 16:20:30,919 INFO  [Thread-15] root: Message sent by server -> Status: GET_METADATA_SUCCESS Key: nothing Value: nothing
2021-03-19 16:20:30,920 INFO  [Thread-15] root: Message received by server -> Status: GET Key: 7 Value: 
2021-03-19 16:20:30,920 DEBUG [Thread-15] root: In serve
2021-03-19 16:20:30,920 DEBUG [Thread-15] root: Checking if stopped or write locked
2021-03-19 16:20:30,920 DEBUG [Thread-15] root: Checking if it's in range
2021-03-19 16:20:30,920 DEBUG [Thread-15] root: Got hostname and port -> 127.0.0.1:50104
2021-03-19 16:20:30,920 DEBUG [Thread-15] root: Got metadata range: 4c6c123a892c4f3ac4906ac76a38bcb0:cfdc969d09978c45b3f8ed041fe4fcf1
2021-03-19 16:20:30,920 DEBUG [Thread-15] root: 127.0.0.1:50104 -> 4c6c123a892c4f3ac4906ac76a38bcb0:cfdc969d09978c45b3f8ed041fe4fcf1
2021-03-19 16:20:30,920 DEBUG [Thread-15] root: 127.0.0.1:50047 -> 534ebf1693f15d4e96bbf83e92570e02:4c6c123a892c4f3ac4906ac76a38bcaf
2021-03-19 16:20:30,920 DEBUG [Thread-15] root: 127.0.0.1:50084 -> cfdc969d09978c45b3f8ed041fe4fcf2:a8bb92606ca27789af6c077da3955bcd
2021-03-19 16:20:30,921 DEBUG [Thread-15] root: 127.0.0.1:50080 -> a8bb92606ca27789af6c077da3955bce:534ebf1693f15d4e96bbf83e92570e01
2021-03-19 16:20:30,921 DEBUG [Thread-15] root: Got range big ints
2021-03-19 16:20:30,921 DEBUG [Thread-15] root: Range start < range end
2021-03-19 16:20:30,921 DEBUG [Thread-15] root: Done with range check in server
2021-03-19 16:20:30,921 INFO  [Thread-15] root: Get: key = 7
2021-03-19 16:20:30,921 INFO  [Thread-15] root: Message sent by server -> Status: GET_ERROR Key: 7 Value: null
2021-03-19 16:20:30,922 INFO  [Thread-15] root: Message received by server -> Status: GET Key: 8 Value: 
2021-03-19 16:20:30,922 DEBUG [Thread-15] root: In serve
2021-03-19 16:20:30,922 DEBUG [Thread-15] root: Checking if stopped or write locked
2021-03-19 16:20:30,922 DEBUG [Thread-15] root: Checking if it's in range
2021-03-19 16:20:30,922 DEBUG [Thread-15] root: Got hostname and port -> 127.0.0.1:50104
2021-03-19 16:20:30,922 DEBUG [Thread-15] root: Got metadata range: 4c6c123a892c4f3ac4906ac76a38bcb0:cfdc969d09978c45b3f8ed041fe4fcf1
2021-03-19 16:20:30,922 DEBUG [Thread-15] root: 127.0.0.1:50104 -> 4c6c123a892c4f3ac4906ac76a38bcb0:cfdc969d09978c45b3f8ed041fe4fcf1
2021-03-19 16:20:30,922 DEBUG [Thread-15] root: 127.0.0.1:50047 -> 534ebf1693f15d4e96bbf83e92570e02:4c6c123a892c4f3ac4906ac76a38bcaf
2021-03-19 16:20:30,922 DEBUG [Thread-15] root: 127.0.0.1:50084 -> cfdc969d09978c45b3f8ed041fe4fcf2:a8bb92606ca27789af6c077da3955bcd
2021-03-19 16:20:30,922 DEBUG [Thread-15] root: 127.0.0.1:50080 -> a8bb92606ca27789af6c077da3955bce:534ebf1693f15d4e96bbf83e92570e01
2021-03-19 16:20:30,922 DEBUG [Thread-15] root: Got range big ints
2021-03-19 16:20:30,922 DEBUG [Thread-15] root: Range start < range end
2021-03-19 16:20:30,923 DEBUG [Thread-15] root: Done with range check in server
2021-03-19 16:20:30,923 INFO  [Thread-15] root: Get: key = 8
2021-03-19 16:20:30,923 INFO  [Thread-15] root: Message sent by server -> Status: GET_ERROR Key: 8 Value: null
Starting commModule
2021-03-19 16:20:30,936 INFO  [Thread-0] root: Server communication module connected
2021-03-19 16:20:30,937 INFO  [Thread-16] root: Message received by server -> Status: SHUTDOWN
received adminmsg
2021-03-19 16:20:30,937 INFO  [Thread-0] root: Connected to localhost on port 63582
2021-03-19 16:20:30,937 DEBUG [Thread-16] root: Closing the program
2021-03-19 16:20:30,938 INFO  [Thread-16] root: Message sent by server -> Status: SHUTDOWN_SUCCESS
2021-03-19 16:20:30,938 ERROR [Thread-0] root: Error! Unable to establish connection. 

java.net.SocketException: Socket closed
	at java.base/java.net.PlainSocketImpl.socketAccept(Native Method)
	at java.base/java.net.AbstractPlainSocketImpl.accept(AbstractPlainSocketImpl.java:458)
	at java.base/java.net.ServerSocket.implAccept(ServerSocket.java:565)
	at java.base/java.net.ServerSocket.accept(ServerSocket.java:533)
	at app_kvServer.KVServer.run(KVServer.java:408)
2021-03-19 16:20:30,940 INFO  [Thread-0] root: Server stopped.
2021-03-19 16:20:30,940 INFO  [Thread-0] root: Clearing KV Storage...
