2021-03-18 22:33:39,096 INFO  [main] root: Creating Storage Files
2021-03-18 22:33:39,097 INFO  [main] root: File created: server134.json
2021-03-18 22:33:39,097 INFO  [main] root: File created: server134_replica_1.json
2021-03-18 22:33:39,097 INFO  [main] root: File created: server134_replica_2.json
2021-03-18 22:33:39,098 INFO  [Thread-0] root: Initialize server ...
2021-03-18 22:33:39,112 INFO  [Thread-0] root: Server listening on port: 50133
2021-03-18 22:33:39,137 INFO  [Thread-0] org.apache.zookeeper.ZooKeeper: Client environment:zookeeper.version=3.6.2--803c7f1a12f85978cb049af5e4ef23bd8b688715, built on 09/04/2020 12:44 GMT
2021-03-18 22:33:39,137 INFO  [Thread-0] org.apache.zookeeper.ZooKeeper: Client environment:host.name=localhost
2021-03-18 22:33:39,137 INFO  [Thread-0] org.apache.zookeeper.ZooKeeper: Client environment:java.version=11.0.10
2021-03-18 22:33:39,137 INFO  [Thread-0] org.apache.zookeeper.ZooKeeper: Client environment:java.vendor=Azul Systems, Inc.
2021-03-18 22:33:39,137 INFO  [Thread-0] org.apache.zookeeper.ZooKeeper: Client environment:java.home=/Users/steve/Library/Java/JavaVirtualMachines/azul-11.0.10/Contents/Home
2021-03-18 22:33:39,137 INFO  [Thread-0] org.apache.zookeeper.ZooKeeper: Client environment:java.class.path=/Users/steve/Desktop/UofT/year4/winter2021/ECE419/milestone3/m3-server.jar
2021-03-18 22:33:39,137 INFO  [Thread-0] org.apache.zookeeper.ZooKeeper: Client environment:java.library.path=/Users/steve/Library/Java/Extensions:/Library/Java/Extensions:/Network/Library/Java/Extensions:/System/Library/Java/Extensions:/usr/lib/java:.
2021-03-18 22:33:39,137 INFO  [Thread-0] org.apache.zookeeper.ZooKeeper: Client environment:java.io.tmpdir=/var/folders/kz/3gb57nkn6ks6_07_dtt5lqvr0000gn/T/
2021-03-18 22:33:39,137 INFO  [Thread-0] org.apache.zookeeper.ZooKeeper: Client environment:java.compiler=<NA>
2021-03-18 22:33:39,137 INFO  [Thread-0] org.apache.zookeeper.ZooKeeper: Client environment:os.name=Mac OS X
2021-03-18 22:33:39,137 INFO  [Thread-0] org.apache.zookeeper.ZooKeeper: Client environment:os.arch=x86_64
2021-03-18 22:33:39,137 INFO  [Thread-0] org.apache.zookeeper.ZooKeeper: Client environment:os.version=10.16
2021-03-18 22:33:39,137 INFO  [Thread-0] org.apache.zookeeper.ZooKeeper: Client environment:user.name=steve
2021-03-18 22:33:39,138 INFO  [Thread-0] org.apache.zookeeper.ZooKeeper: Client environment:user.home=/Users/steve
2021-03-18 22:33:39,138 INFO  [Thread-0] org.apache.zookeeper.ZooKeeper: Client environment:user.dir=/Users/steve
2021-03-18 22:33:39,138 INFO  [Thread-0] org.apache.zookeeper.ZooKeeper: Client environment:os.memory.free=249MB
2021-03-18 22:33:39,138 INFO  [Thread-0] org.apache.zookeeper.ZooKeeper: Client environment:os.memory.max=4096MB
2021-03-18 22:33:39,138 INFO  [Thread-0] org.apache.zookeeper.ZooKeeper: Client environment:os.memory.total=256MB
2021-03-18 22:33:39,141 INFO  [Thread-0] org.apache.zookeeper.ZooKeeper: Initiating client connection, connectString=localhost:2181 sessionTimeout=3000 watcher=app_kvServer.KVServer$1@42034375
2021-03-18 22:33:39,144 INFO  [Thread-0] org.apache.zookeeper.common.X509Util: Setting -D jdk.tls.rejectClientInitiatedRenegotiation=true to disable client-initiated TLS renegotiation
2021-03-18 22:33:39,156 INFO  [Thread-0] org.apache.zookeeper.ClientCnxnSocket: jute.maxbuffer value is 1048575 Bytes
2021-03-18 22:33:39,162 INFO  [Thread-0] org.apache.zookeeper.ClientCnxn: zookeeper.request.timeout value is 0. feature enabled=false
2021-03-18 22:33:39,172 DEBUG [Thread-0-SendThread(localhost:2181)] org.apache.zookeeper.SaslServerPrincipal: Canonicalized address to localhost
2021-03-18 22:33:39,173 INFO  [Thread-0-SendThread(localhost:2181)] org.apache.zookeeper.ClientCnxn: Opening socket connection to server localhost/0:0:0:0:0:0:0:1:2181.
2021-03-18 22:33:39,173 INFO  [Thread-0-SendThread(localhost:2181)] org.apache.zookeeper.ClientCnxn: SASL config status: Will not attempt to authenticate using SASL (unknown error)
2021-03-18 22:33:39,187 INFO  [Thread-0-SendThread(localhost:2181)] org.apache.zookeeper.ClientCnxn: Socket connection established, initiating session, client: /0:0:0:0:0:0:0:1:52544, server: localhost/0:0:0:0:0:0:0:1:2181
2021-03-18 22:33:39,188 DEBUG [Thread-0-SendThread(localhost:2181)] org.apache.zookeeper.ClientCnxn: Session establishment request sent on localhost/0:0:0:0:0:0:0:1:2181
2021-03-18 22:33:39,218 TRACE [Thread-0-SendThread(localhost:2181)] org.apache.zookeeper.ClientCnxnSocket: readConnectResult 37 0x[0,0,0,0,0,0,f,ffffffa0,1,0,14,ffffffbd,52,70,0,70,0,0,0,10,5a,1f,32,26,44,ffffff9e,fffffff3,fffffffe,ffffffb3,ffffffec,1b,78,ffffff8a,71,66,7b,0,]
2021-03-18 22:33:39,220 INFO  [Thread-0-SendThread(localhost:2181)] org.apache.zookeeper.ClientCnxn: Session establishment complete on server localhost/0:0:0:0:0:0:0:1:2181, session id = 0x10014bd52700070, negotiated timeout = 4000
2021-03-18 22:33:39,223 DEBUG [Thread-0-EventThread] root: ZK event: 
2021-03-18 22:33:39,223 DEBUG [Thread-0-EventThread] root: WatchedEvent state:SyncConnected type:None path:null
2021-03-18 22:33:39,252 DEBUG [Thread-0-SendThread(localhost:2181)] org.apache.zookeeper.ClientCnxn: Reading reply session id: 0x10014bd52700070, packet:: clientPath:null serverPath:null finished:false header:: 1,1  replyHeader:: 1,377,0  request:: '/keeper/server134,,v{s{31,s{'world,'anyone}}},1  response:: '/keeper/server134 
2021-03-18 22:33:39,257 DEBUG [Thread-0-SendThread(localhost:2181)] org.apache.zookeeper.ClientCnxn: Reading reply session id: 0x10014bd52700070, packet:: clientPath:null serverPath:null finished:false header:: 2,3  replyHeader:: 2,377,0  request:: '/keeper/server134,T  response:: s{377,377,1616121219224,1616121219224,0,0,0,72080397402374256,0,0,377} 
2021-03-18 22:33:39,284 DEBUG [Thread-0-SendThread(localhost:2181)] org.apache.zookeeper.ClientCnxn: Got notification session id: 0x10014bd52700070
2021-03-18 22:33:39,286 DEBUG [Thread-0-SendThread(localhost:2181)] org.apache.zookeeper.ClientCnxn: Got WatchedEvent state:SyncConnected type:NodeDataChanged path:/keeper/server134 for session id 0x10014bd52700070
2021-03-18 22:33:39,287 DEBUG [Thread-0-EventThread] root: ZK event: 
2021-03-18 22:33:39,287 DEBUG [Thread-0-EventThread] root: WatchedEvent state:SyncConnected type:NodeDataChanged path:/keeper/server134
2021-03-18 22:33:39,288 DEBUG [Thread-0-SendThread(localhost:2181)] org.apache.zookeeper.ClientCnxn: Reading reply session id: 0x10014bd52700070, packet:: clientPath:null serverPath:null finished:false header:: 3,5  replyHeader:: 3,378,0  request:: '/keeper/server134,#3132372e302e302e313a3530313333,0  response:: s{377,378,1616121219224,1616121219258,1,0,0,72080397402374256,15,0,377} 
2021-03-18 22:33:39,288 INFO  [Thread-0] root: Node created at: /keeper/server134
Starting commModule
2021-03-18 22:33:39,295 INFO  [Thread-0] root: Server communication module connected
2021-03-18 22:33:39,296 INFO  [Thread-0] root: Connected to localhost on port 52545
2021-03-18 22:33:39,304 INFO  [Thread-1] root: Message received by server -> Status: INIT_SERVER
received adminmsg
2021-03-18 22:33:39,305 INFO  [Thread-1] root: Message sent by server -> Status: INIT_SERVER_SUCCESS
2021-03-18 22:33:39,306 INFO  [Thread-1] root: Message received by server -> Status: START
received adminmsg
2021-03-18 22:33:39,306 INFO  [Thread-1] root: Message sent by server -> Status: START_SUCCESS
Starting commModule
2021-03-18 22:33:39,313 INFO  [Thread-0] root: Server communication module connected
2021-03-18 22:33:39,313 INFO  [Thread-0] root: Connected to localhost on port 52548
Starting commModule
2021-03-18 22:33:39,321 INFO  [Thread-0] root: Server communication module connected
2021-03-18 22:33:39,322 INFO  [Thread-0] root: Connected to localhost on port 52551
Starting commModule
2021-03-18 22:33:39,326 INFO  [Thread-0] root: Server communication module connected
2021-03-18 22:33:39,327 INFO  [Thread-0] root: Connected to localhost on port 52553
2021-03-18 22:33:39,328 INFO  [Thread-4] root: Message received by server -> Status: UPDATE
received adminmsg
2021-03-18 22:33:39,329 INFO  [Thread-4] root: Message sent by server -> Status: UPDATE_SUCCESS
Starting commModule
2021-03-18 22:33:39,332 INFO  [Thread-0] root: Server communication module connected
2021-03-18 22:33:39,333 INFO  [Thread-0] root: Connected to localhost on port 52555
Starting commModule
2021-03-18 22:33:39,334 INFO  [Thread-0] root: Server communication module connected
2021-03-18 22:33:39,335 INFO  [Thread-0] root: Connected to localhost on port 52557
2021-03-18 22:33:39,336 INFO  [Thread-6] root: Message received by server -> Status: PROPAGATE_ADMIN
received adminmsg
2021-03-18 22:33:39,342 DEBUG [Thread-6] root: Getting successors
2021-03-18 22:33:39,342 DEBUG [Thread-6] root: Got successors
2021-03-18 22:33:39,342 DEBUG [Thread-6] root: Propagating to: 127.0.0.1:50123 127.0.0.1:50133
2021-03-18 22:33:39,345 INFO  [Thread-6] root: Client communication module connected
Starting commModule
2021-03-18 22:33:39,346 INFO  [Thread-6] root: Client communication module connected
2021-03-18 22:33:39,346 DEBUG [Thread-6] root: {}
2021-03-18 22:33:39,346 INFO  [Thread-0] root: Server communication module connected
2021-03-18 22:33:39,346 INFO  [Thread-6] root: Message sent by server -> Status: PROPAGATE_SUCCESS
2021-03-18 22:33:39,347 INFO  [Thread-0] root: Connected to localhost on port 52559
Starting commModule
2021-03-18 22:33:39,979 INFO  [Thread-0] root: Server communication module connected
2021-03-18 22:33:39,980 INFO  [Thread-0] root: Connected to localhost on port 52564
2021-03-18 22:33:39,980 INFO  [Thread-8] root: Message received by server -> Status: UPDATE
received adminmsg
2021-03-18 22:33:39,981 INFO  [Thread-8] root: Message sent by server -> Status: UPDATE_SUCCESS
Starting commModule
2021-03-18 22:33:39,984 INFO  [Thread-0] root: Server communication module connected
2021-03-18 22:33:39,985 INFO  [Thread-0] root: Connected to localhost on port 52567
Starting commModule
2021-03-18 22:33:39,986 INFO  [Thread-0] root: Server communication module connected
2021-03-18 22:33:39,986 INFO  [Thread-0] root: Connected to localhost on port 52568
2021-03-18 22:33:39,987 INFO  [Thread-10] root: Message received by server -> Status: PROPAGATE_ADMIN
received adminmsg
2021-03-18 22:33:39,988 DEBUG [Thread-10] root: Getting successors
2021-03-18 22:33:39,988 DEBUG [Thread-10] root: Got successors
2021-03-18 22:33:39,988 DEBUG [Thread-10] root: Propagating to: 127.0.0.1:50123 127.0.0.1:50054
2021-03-18 22:33:39,988 INFO  [Thread-10] root: Client communication module connected
2021-03-18 22:33:39,989 INFO  [Thread-10] root: Client communication module connected
2021-03-18 22:33:39,989 DEBUG [Thread-10] root: {}
2021-03-18 22:33:39,989 INFO  [Thread-10] root: Message sent by server -> Status: PROPAGATE_SUCCESS
Starting commModule
2021-03-18 22:33:39,990 INFO  [Thread-0] root: Server communication module connected
2021-03-18 22:33:39,991 INFO  [Thread-0] root: Connected to localhost on port 52571
2021-03-18 22:33:39,991 INFO  [Thread-11] root: Message received by server -> Status: MOVE_DATA
received adminmsg
2021-03-18 22:33:39,991 DEBUG [Thread-11] root: Input data: 
2021-03-18 22:33:39,991 DEBUG [Thread-11] root: 57a6c27ea15d9669d8523b3dff00ae62:7d702efaf269e072d356534041d15e5e
2021-03-18 22:33:39,991 DEBUG [Thread-11] root: 127.0.0.1:50054
2021-03-18 22:33:39,992 INFO  [Thread-11] root: Client communication module connected
2021-03-18 22:33:39,992 DEBUG [Thread-11] root: Host: 127.0.0.1
2021-03-18 22:33:39,992 DEBUG [Thread-11] root: Port: 50054
2021-03-18 22:33:39,993 DEBUG [Thread-11] root: Range: 57a6c27ea15d9669d8523b3dff00ae62:7d702efaf269e072d356534041d15e5e
2021-03-18 22:33:39,993 DEBUG [Thread-11] root: Starting flush data
2021-03-18 22:33:39,993 DEBUG [Thread-11] root: Finished flush data
2021-03-18 22:33:39,993 DEBUG [Thread-11] root: Closing conn
2021-03-18 22:33:39,993 INFO  [Thread-11] root: Connection closed!
2021-03-18 22:33:39,993 DEBUG [Thread-11] root: Closed conn
2021-03-18 22:33:39,993 INFO  [Thread-11] root: Message sent by server -> Status: MOVE_DATA_SUCCESS
Starting commModule
2021-03-18 22:33:39,997 INFO  [Thread-0] root: Server communication module connected
2021-03-18 22:33:39,997 INFO  [Thread-0] root: Connected to localhost on port 52574
2021-03-18 22:33:39,998 INFO  [Thread-12] root: Message received by server -> Status: UPDATE
received adminmsg
2021-03-18 22:33:39,998 INFO  [Thread-12] root: Message sent by server -> Status: UPDATE_SUCCESS
Starting commModule
2021-03-18 22:33:40,005 INFO  [Thread-0] root: Server communication module connected
2021-03-18 22:33:40,006 INFO  [Thread-0] root: Connected to localhost on port 52578
Starting commModule
2021-03-18 22:33:40,006 INFO  [Thread-0] root: Server communication module connected
2021-03-18 22:33:40,007 INFO  [Thread-0] root: Connected to localhost on port 52579
2021-03-18 22:33:40,008 INFO  [Thread-14] root: Message received by server -> Status: PROPAGATE_ADMIN
received adminmsg
2021-03-18 22:33:40,008 DEBUG [Thread-14] root: Getting successors
2021-03-18 22:33:40,009 DEBUG [Thread-14] root: Got successors
2021-03-18 22:33:40,009 DEBUG [Thread-14] root: Propagating to: 127.0.0.1:50123 127.0.0.1:50054
2021-03-18 22:33:40,009 INFO  [Thread-14] root: Client communication module connected
2021-03-18 22:33:40,010 INFO  [Thread-14] root: Client communication module connected
2021-03-18 22:33:40,010 DEBUG [Thread-14] root: {}
2021-03-18 22:33:40,010 INFO  [Thread-14] root: Message sent by server -> Status: PROPAGATE_SUCCESS
Starting commModule
2021-03-18 22:33:40,020 INFO  [Thread-0] root: Server communication module connected
2021-03-18 22:33:40,020 INFO  [Thread-0] root: Connected to localhost on port 52583
Starting commModule
2021-03-18 22:33:40,051 INFO  [Thread-0] root: Server communication module connected
2021-03-18 22:33:40,052 INFO  [Thread-0] root: Connected to localhost on port 52586
2021-03-18 22:33:40,053 INFO  [Thread-16] root: Message received by server -> Status: PUT Key: 1 Value: 1
2021-03-18 22:33:40,053 DEBUG [Thread-16] root: In serve
2021-03-18 22:33:40,053 DEBUG [Thread-16] root: Checking if stopped or write locked
2021-03-18 22:33:40,053 DEBUG [Thread-16] root: PUT request being served
2021-03-18 22:33:40,053 DEBUG [Thread-16] root: Checking if it's in range
2021-03-18 22:33:40,061 DEBUG [Thread-16] root: Got hostname and port -> 127.0.0.1:50133
2021-03-18 22:33:40,061 DEBUG [Thread-16] root: Got metadata range: 7d702efaf269e072d356534041d15e5f:1ce9aa23c192915becb88d384836cc22
2021-03-18 22:33:40,061 DEBUG [Thread-16] root: 127.0.0.1:50133 -> 7d702efaf269e072d356534041d15e5f:1ce9aa23c192915becb88d384836cc22
2021-03-18 22:33:40,061 DEBUG [Thread-16] root: 127.0.0.1:50123 -> 1ce9aa23c192915becb88d384836cc23:57a6c27ea15d9669d8523b3dff00ae61
2021-03-18 22:33:40,062 DEBUG [Thread-16] root: 127.0.0.1:50054 -> 57a6c27ea15d9669d8523b3dff00ae62:7d702efaf269e072d356534041d15e5e
2021-03-18 22:33:40,062 DEBUG [Thread-16] root: Got range big ints
2021-03-18 22:33:40,062 DEBUG [Thread-16] root: Range end < range start
2021-03-18 22:33:40,062 DEBUG [Thread-16] root: Done with range check in server
2021-03-18 22:33:40,062 DEBUG [Thread-16] root: In range
2021-03-18 22:33:40,063 INFO  [Thread-16] root: Put: key = 1, value = 1
2021-03-18 22:33:40,064 DEBUG [Thread-16] root: Getting successors
2021-03-18 22:33:40,064 DEBUG [Thread-16] root: Got successors
2021-03-18 22:33:40,064 DEBUG [Thread-16] root: Propagating to: 127.0.0.1:50123 127.0.0.1:50054
2021-03-18 22:33:40,064 INFO  [Thread-16] root: Client communication module connected
2021-03-18 22:33:40,065 INFO  [Thread-16] root: Client communication module connected
2021-03-18 22:33:40,065 DEBUG [Thread-16] root: {"1":"1"}
2021-03-18 22:33:40,067 INFO  [Thread-16] root: Message sent by client -> Status: PROPAGATE
2021-03-18 22:33:40,068 INFO  [Thread-16] root: Message sent by client -> Status: PROPAGATE
2021-03-18 22:33:40,072 INFO  [Thread-16] root: Message received by client -> Status: PROPAGATE_SUCCESS Key: null Value: null
2021-03-18 22:33:40,074 INFO  [Thread-16] root: Message received by client -> Status: PROPAGATE_SUCCESS Key: null Value: null
2021-03-18 22:33:40,074 INFO  [Thread-16] root: Message sent by server -> Status: PUT_SUCCESS Key: 1 Value: 1
2021-03-18 22:33:40,596 DEBUG [Thread-0-SendThread(localhost:2181)] org.apache.zookeeper.ClientCnxn: Got ping response for session id: 0x10014bd52700070 after 0ms.
2021-03-18 22:33:41,931 DEBUG [Thread-0-SendThread(localhost:2181)] org.apache.zookeeper.ClientCnxn: Got ping response for session id: 0x10014bd52700070 after 0ms.
2021-03-18 22:33:43,266 DEBUG [Thread-0-SendThread(localhost:2181)] org.apache.zookeeper.ClientCnxn: Got ping response for session id: 0x10014bd52700070 after 1ms.
2021-03-18 22:33:44,600 DEBUG [Thread-0-SendThread(localhost:2181)] org.apache.zookeeper.ClientCnxn: Got ping response for session id: 0x10014bd52700070 after 0ms.
2021-03-18 22:33:45,937 DEBUG [Thread-0-SendThread(localhost:2181)] org.apache.zookeeper.ClientCnxn: Got ping response for session id: 0x10014bd52700070 after 1ms.
2021-03-18 22:33:47,273 DEBUG [Thread-0-SendThread(localhost:2181)] org.apache.zookeeper.ClientCnxn: Got ping response for session id: 0x10014bd52700070 after 0ms.
2021-03-18 22:33:48,610 DEBUG [Thread-0-SendThread(localhost:2181)] org.apache.zookeeper.ClientCnxn: Got ping response for session id: 0x10014bd52700070 after 0ms.
2021-03-18 22:33:49,948 DEBUG [Thread-0-SendThread(localhost:2181)] org.apache.zookeeper.ClientCnxn: Got ping response for session id: 0x10014bd52700070 after 0ms.
2021-03-18 22:33:51,287 DEBUG [Thread-0-SendThread(localhost:2181)] org.apache.zookeeper.ClientCnxn: Got ping response for session id: 0x10014bd52700070 after 1ms.
2021-03-18 22:33:52,623 DEBUG [Thread-0-SendThread(localhost:2181)] org.apache.zookeeper.ClientCnxn: Got ping response for session id: 0x10014bd52700070 after 0ms.
2021-03-18 22:33:53,961 DEBUG [Thread-0-SendThread(localhost:2181)] org.apache.zookeeper.ClientCnxn: Got ping response for session id: 0x10014bd52700070 after 1ms.
2021-03-18 22:33:55,298 DEBUG [Thread-0-SendThread(localhost:2181)] org.apache.zookeeper.ClientCnxn: Got ping response for session id: 0x10014bd52700070 after 0ms.
2021-03-18 22:33:56,635 DEBUG [Thread-0-SendThread(localhost:2181)] org.apache.zookeeper.ClientCnxn: Got ping response for session id: 0x10014bd52700070 after 0ms.
2021-03-18 22:33:57,973 DEBUG [Thread-0-SendThread(localhost:2181)] org.apache.zookeeper.ClientCnxn: Got ping response for session id: 0x10014bd52700070 after 0ms.
2021-03-18 22:33:59,312 DEBUG [Thread-0-SendThread(localhost:2181)] org.apache.zookeeper.ClientCnxn: Got ping response for session id: 0x10014bd52700070 after 1ms.
2021-03-18 22:34:00,646 DEBUG [Thread-0-SendThread(localhost:2181)] org.apache.zookeeper.ClientCnxn: Got ping response for session id: 0x10014bd52700070 after 0ms.
2021-03-18 22:34:01,982 DEBUG [Thread-0-SendThread(localhost:2181)] org.apache.zookeeper.ClientCnxn: Got ping response for session id: 0x10014bd52700070 after 1ms.
2021-03-18 22:34:03,315 DEBUG [Thread-0-SendThread(localhost:2181)] org.apache.zookeeper.ClientCnxn: Got ping response for session id: 0x10014bd52700070 after 0ms.
2021-03-18 22:34:04,653 DEBUG [Thread-0-SendThread(localhost:2181)] org.apache.zookeeper.ClientCnxn: Got ping response for session id: 0x10014bd52700070 after 1ms.
2021-03-18 22:34:05,990 DEBUG [Thread-0-SendThread(localhost:2181)] org.apache.zookeeper.ClientCnxn: Got ping response for session id: 0x10014bd52700070 after 1ms.
2021-03-18 22:34:07,326 DEBUG [Thread-0-SendThread(localhost:2181)] org.apache.zookeeper.ClientCnxn: Got ping response for session id: 0x10014bd52700070 after 1ms.
2021-03-18 22:34:08,661 DEBUG [Thread-0-SendThread(localhost:2181)] org.apache.zookeeper.ClientCnxn: Got ping response for session id: 0x10014bd52700070 after 1ms.
2021-03-18 22:34:09,999 DEBUG [Thread-0-SendThread(localhost:2181)] org.apache.zookeeper.ClientCnxn: Got ping response for session id: 0x10014bd52700070 after 1ms.
2021-03-18 22:34:11,337 DEBUG [Thread-0-SendThread(localhost:2181)] org.apache.zookeeper.ClientCnxn: Got ping response for session id: 0x10014bd52700070 after 1ms.
2021-03-18 22:34:12,673 DEBUG [Thread-0-SendThread(localhost:2181)] org.apache.zookeeper.ClientCnxn: Got ping response for session id: 0x10014bd52700070 after 1ms.
2021-03-18 22:34:14,012 DEBUG [Thread-0-SendThread(localhost:2181)] org.apache.zookeeper.ClientCnxn: Got ping response for session id: 0x10014bd52700070 after 1ms.
2021-03-18 22:34:15,350 DEBUG [Thread-0-SendThread(localhost:2181)] org.apache.zookeeper.ClientCnxn: Got ping response for session id: 0x10014bd52700070 after 1ms.
2021-03-18 22:34:16,687 DEBUG [Thread-0-SendThread(localhost:2181)] org.apache.zookeeper.ClientCnxn: Got ping response for session id: 0x10014bd52700070 after 1ms.
2021-03-18 22:34:18,023 DEBUG [Thread-0-SendThread(localhost:2181)] org.apache.zookeeper.ClientCnxn: Got ping response for session id: 0x10014bd52700070 after 1ms.
2021-03-18 22:34:19,357 DEBUG [Thread-0-SendThread(localhost:2181)] org.apache.zookeeper.ClientCnxn: Got ping response for session id: 0x10014bd52700070 after 1ms.
2021-03-18 22:34:20,695 DEBUG [Thread-0-SendThread(localhost:2181)] org.apache.zookeeper.ClientCnxn: Got ping response for session id: 0x10014bd52700070 after 1ms.
2021-03-18 22:34:22,032 DEBUG [Thread-0-SendThread(localhost:2181)] org.apache.zookeeper.ClientCnxn: Got ping response for session id: 0x10014bd52700070 after 0ms.
2021-03-18 22:34:23,370 DEBUG [Thread-0-SendThread(localhost:2181)] org.apache.zookeeper.ClientCnxn: Got ping response for session id: 0x10014bd52700070 after 0ms.
2021-03-18 22:34:24,707 DEBUG [Thread-0-SendThread(localhost:2181)] org.apache.zookeeper.ClientCnxn: Got ping response for session id: 0x10014bd52700070 after 1ms.
2021-03-18 22:34:26,046 DEBUG [Thread-0-SendThread(localhost:2181)] org.apache.zookeeper.ClientCnxn: Got ping response for session id: 0x10014bd52700070 after 1ms.
2021-03-18 22:34:27,382 DEBUG [Thread-0-SendThread(localhost:2181)] org.apache.zookeeper.ClientCnxn: Got ping response for session id: 0x10014bd52700070 after 0ms.
2021-03-18 22:34:28,719 DEBUG [Thread-0-SendThread(localhost:2181)] org.apache.zookeeper.ClientCnxn: Got ping response for session id: 0x10014bd52700070 after 1ms.
2021-03-18 22:34:30,058 DEBUG [Thread-0-SendThread(localhost:2181)] org.apache.zookeeper.ClientCnxn: Got ping response for session id: 0x10014bd52700070 after 1ms.
2021-03-18 22:34:31,393 DEBUG [Thread-0-SendThread(localhost:2181)] org.apache.zookeeper.ClientCnxn: Got ping response for session id: 0x10014bd52700070 after 0ms.
2021-03-18 22:34:32,728 DEBUG [Thread-0-SendThread(localhost:2181)] org.apache.zookeeper.ClientCnxn: Got ping response for session id: 0x10014bd52700070 after 1ms.
2021-03-18 22:34:34,065 DEBUG [Thread-0-SendThread(localhost:2181)] org.apache.zookeeper.ClientCnxn: Got ping response for session id: 0x10014bd52700070 after 0ms.
2021-03-18 22:34:35,403 DEBUG [Thread-0-SendThread(localhost:2181)] org.apache.zookeeper.ClientCnxn: Got ping response for session id: 0x10014bd52700070 after 1ms.
2021-03-18 22:34:36,736 DEBUG [Thread-0-SendThread(localhost:2181)] org.apache.zookeeper.ClientCnxn: Got ping response for session id: 0x10014bd52700070 after 0ms.
2021-03-18 22:34:38,074 DEBUG [Thread-0-SendThread(localhost:2181)] org.apache.zookeeper.ClientCnxn: Got ping response for session id: 0x10014bd52700070 after 1ms.
2021-03-18 22:34:39,410 DEBUG [Thread-0-SendThread(localhost:2181)] org.apache.zookeeper.ClientCnxn: Got ping response for session id: 0x10014bd52700070 after 1ms.
2021-03-18 22:34:40,748 DEBUG [Thread-0-SendThread(localhost:2181)] org.apache.zookeeper.ClientCnxn: Got ping response for session id: 0x10014bd52700070 after 0ms.
2021-03-18 22:34:42,087 DEBUG [Thread-0-SendThread(localhost:2181)] org.apache.zookeeper.ClientCnxn: Got ping response for session id: 0x10014bd52700070 after 0ms.
2021-03-18 22:34:43,424 DEBUG [Thread-0-SendThread(localhost:2181)] org.apache.zookeeper.ClientCnxn: Got ping response for session id: 0x10014bd52700070 after 1ms.
2021-03-18 22:34:44,758 DEBUG [Thread-0-SendThread(localhost:2181)] org.apache.zookeeper.ClientCnxn: Got ping response for session id: 0x10014bd52700070 after 0ms.
Starting commModule
2021-03-18 22:34:45,421 INFO  [Thread-0] root: Server communication module connected
2021-03-18 22:34:45,422 INFO  [Thread-17] root: Message received by server -> Status: SHUTDOWN
received adminmsg
2021-03-18 22:34:45,422 DEBUG [Thread-17] root: Closing the program
2021-03-18 22:34:45,422 INFO  [Thread-17] root: Message sent by server -> Status: SHUTDOWN_SUCCESS
2021-03-18 22:34:45,423 INFO  [Thread-0] root: Connected to localhost on port 52598
2021-03-18 22:34:45,423 INFO  [Thread-0] root: Server stopped.
2021-03-18 22:34:45,423 INFO  [Thread-0] root: Clearing KV Storage...
