2021-03-18 21:30:57,535 INFO  [main] root: Creating Storage Files
2021-03-18 21:30:57,536 INFO  [main] root: File created: server112.json
2021-03-18 21:30:57,537 INFO  [main] root: File created: server112_replica_1.json
2021-03-18 21:30:57,537 INFO  [main] root: File created: server112_replica_2.json
2021-03-18 21:30:57,537 INFO  [Thread-0] root: Initialize server ...
2021-03-18 21:30:57,561 INFO  [Thread-0] root: Server listening on port: 50111
2021-03-18 21:30:57,593 INFO  [Thread-0] org.apache.zookeeper.ZooKeeper: Client environment:zookeeper.version=3.6.2--803c7f1a12f85978cb049af5e4ef23bd8b688715, built on 09/04/2020 12:44 GMT
2021-03-18 21:30:57,593 INFO  [Thread-0] org.apache.zookeeper.ZooKeeper: Client environment:host.name=localhost
2021-03-18 21:30:57,594 INFO  [Thread-0] org.apache.zookeeper.ZooKeeper: Client environment:java.version=11.0.10
2021-03-18 21:30:57,594 INFO  [Thread-0] org.apache.zookeeper.ZooKeeper: Client environment:java.vendor=Azul Systems, Inc.
2021-03-18 21:30:57,594 INFO  [Thread-0] org.apache.zookeeper.ZooKeeper: Client environment:java.home=/Users/steve/Library/Java/JavaVirtualMachines/azul-11.0.10/Contents/Home
2021-03-18 21:30:57,594 INFO  [Thread-0] org.apache.zookeeper.ZooKeeper: Client environment:java.class.path=/Users/steve/Desktop/UofT/year4/winter2021/ECE419/milestone3/m3-server.jar
2021-03-18 21:30:57,594 INFO  [Thread-0] org.apache.zookeeper.ZooKeeper: Client environment:java.library.path=/Users/steve/Library/Java/Extensions:/Library/Java/Extensions:/Network/Library/Java/Extensions:/System/Library/Java/Extensions:/usr/lib/java:.
2021-03-18 21:30:57,594 INFO  [Thread-0] org.apache.zookeeper.ZooKeeper: Client environment:java.io.tmpdir=/var/folders/kz/3gb57nkn6ks6_07_dtt5lqvr0000gn/T/
2021-03-18 21:30:57,594 INFO  [Thread-0] org.apache.zookeeper.ZooKeeper: Client environment:java.compiler=<NA>
2021-03-18 21:30:57,594 INFO  [Thread-0] org.apache.zookeeper.ZooKeeper: Client environment:os.name=Mac OS X
2021-03-18 21:30:57,594 INFO  [Thread-0] org.apache.zookeeper.ZooKeeper: Client environment:os.arch=x86_64
2021-03-18 21:30:57,594 INFO  [Thread-0] org.apache.zookeeper.ZooKeeper: Client environment:os.version=10.16
2021-03-18 21:30:57,595 INFO  [Thread-0] org.apache.zookeeper.ZooKeeper: Client environment:user.name=steve
2021-03-18 21:30:57,595 INFO  [Thread-0] org.apache.zookeeper.ZooKeeper: Client environment:user.home=/Users/steve
2021-03-18 21:30:57,595 INFO  [Thread-0] org.apache.zookeeper.ZooKeeper: Client environment:user.dir=/Users/steve
2021-03-18 21:30:57,595 INFO  [Thread-0] org.apache.zookeeper.ZooKeeper: Client environment:os.memory.free=249MB
2021-03-18 21:30:57,595 INFO  [Thread-0] org.apache.zookeeper.ZooKeeper: Client environment:os.memory.max=4096MB
2021-03-18 21:30:57,595 INFO  [Thread-0] org.apache.zookeeper.ZooKeeper: Client environment:os.memory.total=256MB
2021-03-18 21:30:57,599 INFO  [Thread-0] org.apache.zookeeper.ZooKeeper: Initiating client connection, connectString=localhost:2181 sessionTimeout=3000 watcher=app_kvServer.KVServer$1@42034375
2021-03-18 21:30:57,604 INFO  [Thread-0] org.apache.zookeeper.common.X509Util: Setting -D jdk.tls.rejectClientInitiatedRenegotiation=true to disable client-initiated TLS renegotiation
2021-03-18 21:30:57,626 INFO  [Thread-0] org.apache.zookeeper.ClientCnxnSocket: jute.maxbuffer value is 1048575 Bytes
2021-03-18 21:30:57,636 INFO  [Thread-0] org.apache.zookeeper.ClientCnxn: zookeeper.request.timeout value is 0. feature enabled=false
2021-03-18 21:30:57,651 DEBUG [Thread-0-SendThread(localhost:2181)] org.apache.zookeeper.SaslServerPrincipal: Canonicalized address to localhost
2021-03-18 21:30:57,653 INFO  [Thread-0-SendThread(localhost:2181)] org.apache.zookeeper.ClientCnxn: Opening socket connection to server localhost/0:0:0:0:0:0:0:1:2181.
2021-03-18 21:30:57,653 INFO  [Thread-0-SendThread(localhost:2181)] org.apache.zookeeper.ClientCnxn: SASL config status: Will not attempt to authenticate using SASL (unknown error)
2021-03-18 21:30:57,673 INFO  [Thread-0-SendThread(localhost:2181)] org.apache.zookeeper.ClientCnxn: Socket connection established, initiating session, client: /0:0:0:0:0:0:0:1:50376, server: localhost/0:0:0:0:0:0:0:1:2181
2021-03-18 21:30:57,675 DEBUG [Thread-0-SendThread(localhost:2181)] org.apache.zookeeper.ClientCnxn: Session establishment request sent on localhost/0:0:0:0:0:0:0:1:2181
2021-03-18 21:30:57,723 TRACE [Thread-0-SendThread(localhost:2181)] org.apache.zookeeper.ClientCnxnSocket: readConnectResult 37 0x[0,0,0,0,0,0,f,ffffffa0,1,0,14,ffffffbd,52,70,0,f,0,0,0,10,34,35,ffffffc7,27,27,3c,ffffffc4,6e,ffffff9a,ffffffe0,46,ffffffc5,ffffff80,ffffff90,ffffffdd,34,0,]
2021-03-18 21:30:57,725 INFO  [Thread-0-SendThread(localhost:2181)] org.apache.zookeeper.ClientCnxn: Session establishment complete on server localhost/0:0:0:0:0:0:0:1:2181, session id = 0x10014bd5270000f, negotiated timeout = 4000
2021-03-18 21:30:57,729 DEBUG [Thread-0-EventThread] root: ZK event: 
2021-03-18 21:30:57,729 DEBUG [Thread-0-EventThread] root: WatchedEvent state:SyncConnected type:None path:null
2021-03-18 21:30:57,757 DEBUG [Thread-0-SendThread(localhost:2181)] org.apache.zookeeper.ClientCnxn: Reading reply session id: 0x10014bd5270000f, packet:: clientPath:null serverPath:null finished:false header:: 1,1  replyHeader:: 1,48,0  request:: '/keeper/server112,,v{s{31,s{'world,'anyone}}},1  response:: '/keeper/server112 
2021-03-18 21:30:57,763 DEBUG [Thread-0-SendThread(localhost:2181)] org.apache.zookeeper.ClientCnxn: Reading reply session id: 0x10014bd5270000f, packet:: clientPath:null serverPath:null finished:false header:: 2,3  replyHeader:: 2,48,0  request:: '/keeper/server112,T  response:: s{48,48,1616117457729,1616117457729,0,0,0,72080397402374159,0,0,48} 
2021-03-18 21:30:57,789 DEBUG [Thread-0-SendThread(localhost:2181)] org.apache.zookeeper.ClientCnxn: Got notification session id: 0x10014bd5270000f
2021-03-18 21:30:57,791 DEBUG [Thread-0-SendThread(localhost:2181)] org.apache.zookeeper.ClientCnxn: Got WatchedEvent state:SyncConnected type:NodeDataChanged path:/keeper/server112 for session id 0x10014bd5270000f
2021-03-18 21:30:57,792 DEBUG [Thread-0-EventThread] root: ZK event: 
2021-03-18 21:30:57,792 DEBUG [Thread-0-EventThread] root: WatchedEvent state:SyncConnected type:NodeDataChanged path:/keeper/server112
2021-03-18 21:30:57,793 DEBUG [Thread-0-SendThread(localhost:2181)] org.apache.zookeeper.ClientCnxn: Reading reply session id: 0x10014bd5270000f, packet:: clientPath:null serverPath:null finished:false header:: 3,5  replyHeader:: 3,49,0  request:: '/keeper/server112,#3132372e302e302e313a3530313131,0  response:: s{48,49,1616117457729,1616117457764,1,0,0,72080397402374159,15,0,48} 
2021-03-18 21:30:57,793 INFO  [Thread-0] root: Node created at: /keeper/server112
Starting commModule
2021-03-18 21:30:57,802 INFO  [Thread-0] root: Server communication module connected
2021-03-18 21:30:57,803 INFO  [Thread-0] root: Connected to localhost on port 50377
2021-03-18 21:30:57,814 INFO  [Thread-1] root: Message received by server -> Status: INIT_SERVER
received adminmsg
2021-03-18 21:30:57,814 INFO  [Thread-1] root: Message sent by server -> Status: INIT_SERVER_SUCCESS
2021-03-18 21:30:57,816 INFO  [Thread-1] root: Message received by server -> Status: START
received adminmsg
2021-03-18 21:30:57,816 INFO  [Thread-1] root: Message sent by server -> Status: START_SUCCESS
Starting commModule
2021-03-18 21:30:57,818 INFO  [Thread-0] root: Server communication module connected
2021-03-18 21:30:57,819 INFO  [Thread-0] root: Connected to localhost on port 50378
2021-03-18 21:30:57,820 INFO  [Thread-2] root: Message received by server -> Status: UPDATE
received adminmsg
2021-03-18 21:30:57,821 INFO  [Thread-2] root: Message sent by server -> Status: UPDATE_SUCCESS
Starting commModule
2021-03-18 21:30:57,822 INFO  [Thread-0] root: Server communication module connected
2021-03-18 21:30:57,822 INFO  [Thread-0] root: Connected to localhost on port 50379
2021-03-18 21:30:57,823 INFO  [Thread-3] root: Message received by server -> Status: PROPAGATE_ADMIN
received adminmsg
2021-03-18 21:30:57,828 DEBUG [Thread-3] root: Getting successors
2021-03-18 21:30:57,828 DEBUG [Thread-3] root: Got successors
2021-03-18 21:30:57,829 DEBUG [Thread-3] root: Propagating to: 127.0.0.1:50111 127.0.0.1:50111
Starting commModule
2021-03-18 21:30:57,831 INFO  [Thread-3] root: Client communication module connected
2021-03-18 21:30:57,831 INFO  [Thread-0] root: Server communication module connected
2021-03-18 21:30:57,832 INFO  [Thread-0] root: Connected to localhost on port 50380
Starting commModule
2021-03-18 21:30:57,833 INFO  [Thread-0] root: Server communication module connected
2021-03-18 21:30:57,833 INFO  [Thread-3] root: Client communication module connected
2021-03-18 21:30:57,833 DEBUG [Thread-3] root: {}
2021-03-18 21:30:57,833 INFO  [Thread-3] root: Message sent by server -> Status: PROPAGATE_SUCCESS
2021-03-18 21:30:57,834 INFO  [Thread-0] root: Connected to localhost on port 50381
Starting commModule
2021-03-18 21:30:58,567 INFO  [Thread-0] root: Server communication module connected
2021-03-18 21:30:58,568 INFO  [Thread-0] root: Connected to localhost on port 50385
2021-03-18 21:30:58,569 INFO  [Thread-6] root: Message received by server -> Status: UPDATE
received adminmsg
2021-03-18 21:30:58,570 INFO  [Thread-6] root: Message sent by server -> Status: UPDATE_SUCCESS
Starting commModule
2021-03-18 21:30:58,571 INFO  [Thread-0] root: Server communication module connected
2021-03-18 21:30:58,572 INFO  [Thread-0] root: Connected to localhost on port 50386
2021-03-18 21:30:58,573 INFO  [Thread-7] root: Message received by server -> Status: PROPAGATE_ADMIN
received adminmsg
2021-03-18 21:30:58,574 DEBUG [Thread-7] root: Getting successors
2021-03-18 21:30:58,574 DEBUG [Thread-7] root: Got successors
2021-03-18 21:30:58,574 DEBUG [Thread-7] root: Propagating to: 127.0.0.1:50087 127.0.0.1:50111
2021-03-18 21:30:58,575 INFO  [Thread-7] root: Client communication module connected
Starting commModule
2021-03-18 21:30:58,575 INFO  [Thread-7] root: Client communication module connected
2021-03-18 21:30:58,575 DEBUG [Thread-7] root: {}
2021-03-18 21:30:58,575 INFO  [Thread-0] root: Server communication module connected
2021-03-18 21:30:58,576 INFO  [Thread-7] root: Message sent by server -> Status: PROPAGATE_SUCCESS
2021-03-18 21:30:58,576 INFO  [Thread-0] root: Connected to localhost on port 50388
Starting commModule
2021-03-18 21:30:58,577 INFO  [Thread-0] root: Server communication module connected
2021-03-18 21:30:58,577 INFO  [Thread-0] root: Connected to localhost on port 50389
2021-03-18 21:30:58,583 INFO  [Thread-9] root: Message received by server -> Status: MOVE_DATA
received adminmsg
2021-03-18 21:30:58,583 DEBUG [Thread-9] root: Input data: 
2021-03-18 21:30:58,583 DEBUG [Thread-9] root: fbc5570eb677dfefbacf853faffac523:7e1289d758d2ce61deaf814ee03088f
2021-03-18 21:30:58,583 DEBUG [Thread-9] root: 127.0.0.1:50087
2021-03-18 21:30:58,584 INFO  [Thread-9] root: Client communication module connected
2021-03-18 21:30:58,584 DEBUG [Thread-9] root: Host: 127.0.0.1
2021-03-18 21:30:58,584 DEBUG [Thread-9] root: Port: 50087
2021-03-18 21:30:58,584 DEBUG [Thread-9] root: Range: fbc5570eb677dfefbacf853faffac523:7e1289d758d2ce61deaf814ee03088f
2021-03-18 21:30:58,584 DEBUG [Thread-9] root: Starting flush data
2021-03-18 21:30:58,585 DEBUG [Thread-9] root: Finished flush data
2021-03-18 21:30:58,585 DEBUG [Thread-9] root: Closing conn
2021-03-18 21:30:58,585 INFO  [Thread-9] root: Connection closed!
2021-03-18 21:30:58,585 DEBUG [Thread-9] root: Closed conn
2021-03-18 21:30:58,585 INFO  [Thread-9] root: Message sent by server -> Status: MOVE_DATA_SUCCESS
Starting commModule
2021-03-18 21:30:58,587 INFO  [Thread-0] root: Server communication module connected
2021-03-18 21:30:58,589 INFO  [Thread-0] root: Connected to localhost on port 50391
2021-03-18 21:30:58,590 INFO  [Thread-10] root: Message received by server -> Status: UPDATE
received adminmsg
2021-03-18 21:30:58,591 INFO  [Thread-10] root: Message sent by server -> Status: UPDATE_SUCCESS
Starting commModule
2021-03-18 21:30:58,595 INFO  [Thread-0] root: Server communication module connected
2021-03-18 21:30:58,595 INFO  [Thread-0] root: Connected to localhost on port 50393
2021-03-18 21:30:58,596 INFO  [Thread-11] root: Message received by server -> Status: PROPAGATE_ADMIN
received adminmsg
2021-03-18 21:30:58,596 DEBUG [Thread-11] root: Getting successors
2021-03-18 21:30:58,596 DEBUG [Thread-11] root: Got successors
2021-03-18 21:30:58,596 DEBUG [Thread-11] root: Propagating to: 127.0.0.1:50087 127.0.0.1:50111
2021-03-18 21:30:58,597 INFO  [Thread-11] root: Client communication module connected
Starting commModule
2021-03-18 21:30:58,597 INFO  [Thread-0] root: Server communication module connected
2021-03-18 21:30:58,597 INFO  [Thread-11] root: Client communication module connected
2021-03-18 21:30:58,597 DEBUG [Thread-11] root: {}
2021-03-18 21:30:58,598 INFO  [Thread-11] root: Message sent by server -> Status: PROPAGATE_SUCCESS
2021-03-18 21:30:58,598 INFO  [Thread-0] root: Connected to localhost on port 50395
Starting commModule
2021-03-18 21:30:58,608 INFO  [Thread-0] root: Server communication module connected
2021-03-18 21:30:58,608 INFO  [Thread-0] root: Connected to localhost on port 50397
Starting commModule
2021-03-18 21:30:58,620 INFO  [Thread-0] root: Server communication module connected
2021-03-18 21:30:58,621 INFO  [Thread-0] root: Connected to localhost on port 50399
Starting commModule
2021-03-18 21:30:58,621 INFO  [Thread-0] root: Server communication module connected
2021-03-18 21:30:58,622 INFO  [Thread-0] root: Connected to localhost on port 50400
2021-03-18 21:30:58,622 INFO  [Thread-15] root: Message received by server -> Status: STOP
received adminmsg
2021-03-18 21:30:58,623 INFO  [Thread-15] root: Message sent by server -> Status: STOP_SUCCESS
2021-03-18 21:30:59,098 DEBUG [Thread-0-SendThread(localhost:2181)] org.apache.zookeeper.ClientCnxn: Got ping response for session id: 0x10014bd5270000f after 0ms.
2021-03-18 21:31:00,433 DEBUG [Thread-0-SendThread(localhost:2181)] org.apache.zookeeper.ClientCnxn: Got ping response for session id: 0x10014bd5270000f after 0ms.
2021-03-18 21:31:01,769 DEBUG [Thread-0-SendThread(localhost:2181)] org.apache.zookeeper.ClientCnxn: Got ping response for session id: 0x10014bd5270000f after 0ms.
2021-03-18 21:31:03,105 DEBUG [Thread-0-SendThread(localhost:2181)] org.apache.zookeeper.ClientCnxn: Got ping response for session id: 0x10014bd5270000f after 1ms.
2021-03-18 21:31:04,441 DEBUG [Thread-0-SendThread(localhost:2181)] org.apache.zookeeper.ClientCnxn: Got ping response for session id: 0x10014bd5270000f after 1ms.
2021-03-18 21:31:05,778 DEBUG [Thread-0-SendThread(localhost:2181)] org.apache.zookeeper.ClientCnxn: Got ping response for session id: 0x10014bd5270000f after 1ms.
2021-03-18 21:31:07,111 DEBUG [Thread-0-SendThread(localhost:2181)] org.apache.zookeeper.ClientCnxn: Got ping response for session id: 0x10014bd5270000f after 0ms.
2021-03-18 21:31:08,449 DEBUG [Thread-0-SendThread(localhost:2181)] org.apache.zookeeper.ClientCnxn: Got ping response for session id: 0x10014bd5270000f after 1ms.
2021-03-18 21:31:09,787 DEBUG [Thread-0-SendThread(localhost:2181)] org.apache.zookeeper.ClientCnxn: Got ping response for session id: 0x10014bd5270000f after 1ms.
2021-03-18 21:31:11,124 DEBUG [Thread-0-SendThread(localhost:2181)] org.apache.zookeeper.ClientCnxn: Got ping response for session id: 0x10014bd5270000f after 0ms.
2021-03-18 21:31:12,461 DEBUG [Thread-0-SendThread(localhost:2181)] org.apache.zookeeper.ClientCnxn: Got ping response for session id: 0x10014bd5270000f after 1ms.
2021-03-18 21:31:13,797 DEBUG [Thread-0-SendThread(localhost:2181)] org.apache.zookeeper.ClientCnxn: Got ping response for session id: 0x10014bd5270000f after 1ms.
2021-03-18 21:31:15,130 DEBUG [Thread-0-SendThread(localhost:2181)] org.apache.zookeeper.ClientCnxn: Got ping response for session id: 0x10014bd5270000f after 1ms.
2021-03-18 21:31:16,466 DEBUG [Thread-0-SendThread(localhost:2181)] org.apache.zookeeper.ClientCnxn: Got ping response for session id: 0x10014bd5270000f after 1ms.
2021-03-18 21:31:17,803 DEBUG [Thread-0-SendThread(localhost:2181)] org.apache.zookeeper.ClientCnxn: Got ping response for session id: 0x10014bd5270000f after 1ms.
2021-03-18 21:31:19,141 DEBUG [Thread-0-SendThread(localhost:2181)] org.apache.zookeeper.ClientCnxn: Got ping response for session id: 0x10014bd5270000f after 1ms.
2021-03-18 21:31:20,474 DEBUG [Thread-0-SendThread(localhost:2181)] org.apache.zookeeper.ClientCnxn: Got ping response for session id: 0x10014bd5270000f after 0ms.
2021-03-18 21:31:21,812 DEBUG [Thread-0-SendThread(localhost:2181)] org.apache.zookeeper.ClientCnxn: Got ping response for session id: 0x10014bd5270000f after 1ms.
2021-03-18 21:31:23,148 DEBUG [Thread-0-SendThread(localhost:2181)] org.apache.zookeeper.ClientCnxn: Got ping response for session id: 0x10014bd5270000f after 0ms.
2021-03-18 21:31:24,486 DEBUG [Thread-0-SendThread(localhost:2181)] org.apache.zookeeper.ClientCnxn: Got ping response for session id: 0x10014bd5270000f after 0ms.
2021-03-18 21:31:25,820 DEBUG [Thread-0-SendThread(localhost:2181)] org.apache.zookeeper.ClientCnxn: Got ping response for session id: 0x10014bd5270000f after 1ms.
2021-03-18 21:31:27,160 DEBUG [Thread-0-SendThread(localhost:2181)] org.apache.zookeeper.ClientCnxn: Got ping response for session id: 0x10014bd5270000f after 1ms.
2021-03-18 21:31:28,497 DEBUG [Thread-0-SendThread(localhost:2181)] org.apache.zookeeper.ClientCnxn: Got ping response for session id: 0x10014bd5270000f after 1ms.
2021-03-18 21:31:29,832 DEBUG [Thread-0-SendThread(localhost:2181)] org.apache.zookeeper.ClientCnxn: Got ping response for session id: 0x10014bd5270000f after 0ms.
2021-03-18 21:31:31,170 DEBUG [Thread-0-SendThread(localhost:2181)] org.apache.zookeeper.ClientCnxn: Got ping response for session id: 0x10014bd5270000f after 1ms.
2021-03-18 21:31:32,503 DEBUG [Thread-0-SendThread(localhost:2181)] org.apache.zookeeper.ClientCnxn: Got ping response for session id: 0x10014bd5270000f after 0ms.
2021-03-18 21:31:33,841 DEBUG [Thread-0-SendThread(localhost:2181)] org.apache.zookeeper.ClientCnxn: Got ping response for session id: 0x10014bd5270000f after 1ms.
2021-03-18 21:31:35,176 DEBUG [Thread-0-SendThread(localhost:2181)] org.apache.zookeeper.ClientCnxn: Got ping response for session id: 0x10014bd5270000f after 0ms.
2021-03-18 21:31:36,513 DEBUG [Thread-0-SendThread(localhost:2181)] org.apache.zookeeper.ClientCnxn: Got ping response for session id: 0x10014bd5270000f after 0ms.
2021-03-18 21:31:37,848 DEBUG [Thread-0-SendThread(localhost:2181)] org.apache.zookeeper.ClientCnxn: Got ping response for session id: 0x10014bd5270000f after 0ms.
2021-03-18 21:31:39,183 DEBUG [Thread-0-SendThread(localhost:2181)] org.apache.zookeeper.ClientCnxn: Got ping response for session id: 0x10014bd5270000f after 0ms.
2021-03-18 21:31:40,520 DEBUG [Thread-0-SendThread(localhost:2181)] org.apache.zookeeper.ClientCnxn: Got ping response for session id: 0x10014bd5270000f after 1ms.
2021-03-18 21:31:41,855 DEBUG [Thread-0-SendThread(localhost:2181)] org.apache.zookeeper.ClientCnxn: Got ping response for session id: 0x10014bd5270000f after 1ms.
2021-03-18 21:31:43,191 DEBUG [Thread-0-SendThread(localhost:2181)] org.apache.zookeeper.ClientCnxn: Got ping response for session id: 0x10014bd5270000f after 0ms.
2021-03-18 21:31:44,528 DEBUG [Thread-0-SendThread(localhost:2181)] org.apache.zookeeper.ClientCnxn: Got ping response for session id: 0x10014bd5270000f after 1ms.
2021-03-18 21:31:45,864 DEBUG [Thread-0-SendThread(localhost:2181)] org.apache.zookeeper.ClientCnxn: Got ping response for session id: 0x10014bd5270000f after 1ms.
2021-03-18 21:31:47,204 DEBUG [Thread-0-SendThread(localhost:2181)] org.apache.zookeeper.ClientCnxn: Got ping response for session id: 0x10014bd5270000f after 1ms.
2021-03-18 21:31:48,541 DEBUG [Thread-0-SendThread(localhost:2181)] org.apache.zookeeper.ClientCnxn: Got ping response for session id: 0x10014bd5270000f after 0ms.
2021-03-18 21:31:49,880 DEBUG [Thread-0-SendThread(localhost:2181)] org.apache.zookeeper.ClientCnxn: Got ping response for session id: 0x10014bd5270000f after 1ms.
2021-03-18 21:31:51,215 DEBUG [Thread-0-SendThread(localhost:2181)] org.apache.zookeeper.ClientCnxn: Got ping response for session id: 0x10014bd5270000f after 0ms.
2021-03-18 21:31:52,554 DEBUG [Thread-0-SendThread(localhost:2181)] org.apache.zookeeper.ClientCnxn: Got ping response for session id: 0x10014bd5270000f after 1ms.
2021-03-18 21:31:53,891 DEBUG [Thread-0-SendThread(localhost:2181)] org.apache.zookeeper.ClientCnxn: Got ping response for session id: 0x10014bd5270000f after 0ms.
2021-03-18 21:31:55,227 DEBUG [Thread-0-SendThread(localhost:2181)] org.apache.zookeeper.ClientCnxn: Got ping response for session id: 0x10014bd5270000f after 1ms.
2021-03-18 21:31:56,565 DEBUG [Thread-0-SendThread(localhost:2181)] org.apache.zookeeper.ClientCnxn: Got ping response for session id: 0x10014bd5270000f after 0ms.
2021-03-18 21:31:57,902 DEBUG [Thread-0-SendThread(localhost:2181)] org.apache.zookeeper.ClientCnxn: Got ping response for session id: 0x10014bd5270000f after 1ms.
2021-03-18 21:31:59,236 DEBUG [Thread-0-SendThread(localhost:2181)] org.apache.zookeeper.ClientCnxn: Got ping response for session id: 0x10014bd5270000f after 0ms.
2021-03-18 21:32:00,576 DEBUG [Thread-0-SendThread(localhost:2181)] org.apache.zookeeper.ClientCnxn: Got ping response for session id: 0x10014bd5270000f after 1ms.
2021-03-18 21:32:01,913 DEBUG [Thread-0-SendThread(localhost:2181)] org.apache.zookeeper.ClientCnxn: Got ping response for session id: 0x10014bd5270000f after 1ms.
2021-03-18 21:32:03,246 DEBUG [Thread-0-SendThread(localhost:2181)] org.apache.zookeeper.ClientCnxn: Got ping response for session id: 0x10014bd5270000f after 0ms.
2021-03-18 21:32:04,581 DEBUG [Thread-0-SendThread(localhost:2181)] org.apache.zookeeper.ClientCnxn: Got ping response for session id: 0x10014bd5270000f after 0ms.
2021-03-18 21:32:05,920 DEBUG [Thread-0-SendThread(localhost:2181)] org.apache.zookeeper.ClientCnxn: Got ping response for session id: 0x10014bd5270000f after 0ms.
2021-03-18 21:32:07,253 DEBUG [Thread-0-SendThread(localhost:2181)] org.apache.zookeeper.ClientCnxn: Got ping response for session id: 0x10014bd5270000f after 0ms.
2021-03-18 21:32:08,592 DEBUG [Thread-0-SendThread(localhost:2181)] org.apache.zookeeper.ClientCnxn: Got ping response for session id: 0x10014bd5270000f after 1ms.
2021-03-18 21:32:09,930 DEBUG [Thread-0-SendThread(localhost:2181)] org.apache.zookeeper.ClientCnxn: Got ping response for session id: 0x10014bd5270000f after 1ms.
2021-03-18 21:32:11,267 DEBUG [Thread-0-SendThread(localhost:2181)] org.apache.zookeeper.ClientCnxn: Got ping response for session id: 0x10014bd5270000f after 0ms.
2021-03-18 21:32:12,603 DEBUG [Thread-0-SendThread(localhost:2181)] org.apache.zookeeper.ClientCnxn: Got ping response for session id: 0x10014bd5270000f after 0ms.
2021-03-18 21:32:13,938 DEBUG [Thread-0-SendThread(localhost:2181)] org.apache.zookeeper.ClientCnxn: Got ping response for session id: 0x10014bd5270000f after 1ms.
2021-03-18 21:32:15,275 DEBUG [Thread-0-SendThread(localhost:2181)] org.apache.zookeeper.ClientCnxn: Got ping response for session id: 0x10014bd5270000f after 1ms.
2021-03-18 21:32:16,609 DEBUG [Thread-0-SendThread(localhost:2181)] org.apache.zookeeper.ClientCnxn: Got ping response for session id: 0x10014bd5270000f after 0ms.
2021-03-18 21:32:17,961 DEBUG [Thread-0-SendThread(localhost:2181)] org.apache.zookeeper.ClientCnxn: Got ping response for session id: 0x10014bd5270000f after 0ms.
2021-03-18 21:32:19,298 DEBUG [Thread-0-SendThread(localhost:2181)] org.apache.zookeeper.ClientCnxn: Got ping response for session id: 0x10014bd5270000f after 1ms.
2021-03-18 21:32:20,634 DEBUG [Thread-0-SendThread(localhost:2181)] org.apache.zookeeper.ClientCnxn: Got ping response for session id: 0x10014bd5270000f after 0ms.
2021-03-18 21:32:21,969 DEBUG [Thread-0-SendThread(localhost:2181)] org.apache.zookeeper.ClientCnxn: Got ping response for session id: 0x10014bd5270000f after 1ms.
2021-03-18 21:32:23,303 DEBUG [Thread-0-SendThread(localhost:2181)] org.apache.zookeeper.ClientCnxn: Got ping response for session id: 0x10014bd5270000f after 1ms.
2021-03-18 21:32:24,637 DEBUG [Thread-0-SendThread(localhost:2181)] org.apache.zookeeper.ClientCnxn: Got ping response for session id: 0x10014bd5270000f after 0ms.
2021-03-18 21:32:25,970 DEBUG [Thread-0-SendThread(localhost:2181)] org.apache.zookeeper.ClientCnxn: Got ping response for session id: 0x10014bd5270000f after 0ms.
2021-03-18 21:32:27,304 DEBUG [Thread-0-SendThread(localhost:2181)] org.apache.zookeeper.ClientCnxn: Got ping response for session id: 0x10014bd5270000f after 0ms.
2021-03-18 21:32:28,642 DEBUG [Thread-0-SendThread(localhost:2181)] org.apache.zookeeper.ClientCnxn: Got ping response for session id: 0x10014bd5270000f after 0ms.
2021-03-18 21:32:29,981 DEBUG [Thread-0-SendThread(localhost:2181)] org.apache.zookeeper.ClientCnxn: Got ping response for session id: 0x10014bd5270000f after 0ms.
2021-03-18 21:32:31,317 DEBUG [Thread-0-SendThread(localhost:2181)] org.apache.zookeeper.ClientCnxn: Got ping response for session id: 0x10014bd5270000f after 0ms.
2021-03-18 21:32:32,652 DEBUG [Thread-0-SendThread(localhost:2181)] org.apache.zookeeper.ClientCnxn: Got ping response for session id: 0x10014bd5270000f after 0ms.
2021-03-18 21:32:33,991 DEBUG [Thread-0-SendThread(localhost:2181)] org.apache.zookeeper.ClientCnxn: Got ping response for session id: 0x10014bd5270000f after 0ms.
2021-03-18 21:32:35,328 DEBUG [Thread-0-SendThread(localhost:2181)] org.apache.zookeeper.ClientCnxn: Got ping response for session id: 0x10014bd5270000f after 0ms.
2021-03-18 21:32:36,667 DEBUG [Thread-0-SendThread(localhost:2181)] org.apache.zookeeper.ClientCnxn: Got ping response for session id: 0x10014bd5270000f after 1ms.
2021-03-18 21:32:38,003 DEBUG [Thread-0-SendThread(localhost:2181)] org.apache.zookeeper.ClientCnxn: Got ping response for session id: 0x10014bd5270000f after 1ms.
2021-03-18 21:32:39,337 DEBUG [Thread-0-SendThread(localhost:2181)] org.apache.zookeeper.ClientCnxn: Got ping response for session id: 0x10014bd5270000f after 0ms.
2021-03-18 21:32:40,670 DEBUG [Thread-0-SendThread(localhost:2181)] org.apache.zookeeper.ClientCnxn: Got ping response for session id: 0x10014bd5270000f after 0ms.
2021-03-18 21:32:42,006 DEBUG [Thread-0-SendThread(localhost:2181)] org.apache.zookeeper.ClientCnxn: Got ping response for session id: 0x10014bd5270000f after 1ms.
2021-03-18 21:32:43,342 DEBUG [Thread-0-SendThread(localhost:2181)] org.apache.zookeeper.ClientCnxn: Got ping response for session id: 0x10014bd5270000f after 0ms.
2021-03-18 21:32:44,679 DEBUG [Thread-0-SendThread(localhost:2181)] org.apache.zookeeper.ClientCnxn: Got ping response for session id: 0x10014bd5270000f after 0ms.
2021-03-18 21:32:46,016 DEBUG [Thread-0-SendThread(localhost:2181)] org.apache.zookeeper.ClientCnxn: Got ping response for session id: 0x10014bd5270000f after 0ms.
2021-03-18 21:32:47,353 DEBUG [Thread-0-SendThread(localhost:2181)] org.apache.zookeeper.ClientCnxn: Got ping response for session id: 0x10014bd5270000f after 1ms.
2021-03-18 21:32:48,687 DEBUG [Thread-0-SendThread(localhost:2181)] org.apache.zookeeper.ClientCnxn: Got ping response for session id: 0x10014bd5270000f after 0ms.
2021-03-18 21:32:50,020 DEBUG [Thread-0-SendThread(localhost:2181)] org.apache.zookeeper.ClientCnxn: Got ping response for session id: 0x10014bd5270000f after 0ms.
2021-03-18 21:32:51,355 DEBUG [Thread-0-SendThread(localhost:2181)] org.apache.zookeeper.ClientCnxn: Got ping response for session id: 0x10014bd5270000f after 0ms.
2021-03-18 21:32:52,692 DEBUG [Thread-0-SendThread(localhost:2181)] org.apache.zookeeper.ClientCnxn: Got ping response for session id: 0x10014bd5270000f after 0ms.
2021-03-18 21:32:54,030 DEBUG [Thread-0-SendThread(localhost:2181)] org.apache.zookeeper.ClientCnxn: Got ping response for session id: 0x10014bd5270000f after 0ms.
2021-03-18 21:32:55,367 DEBUG [Thread-0-SendThread(localhost:2181)] org.apache.zookeeper.ClientCnxn: Got ping response for session id: 0x10014bd5270000f after 0ms.
2021-03-18 21:32:56,700 DEBUG [Thread-0-SendThread(localhost:2181)] org.apache.zookeeper.ClientCnxn: Got ping response for session id: 0x10014bd5270000f after 0ms.
2021-03-18 21:32:58,037 DEBUG [Thread-0-SendThread(localhost:2181)] org.apache.zookeeper.ClientCnxn: Got ping response for session id: 0x10014bd5270000f after 0ms.
2021-03-18 21:32:59,375 DEBUG [Thread-0-SendThread(localhost:2181)] org.apache.zookeeper.ClientCnxn: Got ping response for session id: 0x10014bd5270000f after 1ms.
2021-03-18 21:33:00,710 DEBUG [Thread-0-SendThread(localhost:2181)] org.apache.zookeeper.ClientCnxn: Got ping response for session id: 0x10014bd5270000f after 1ms.
2021-03-18 21:33:02,047 DEBUG [Thread-0-SendThread(localhost:2181)] org.apache.zookeeper.ClientCnxn: Got ping response for session id: 0x10014bd5270000f after 0ms.
2021-03-18 21:33:03,385 DEBUG [Thread-0-SendThread(localhost:2181)] org.apache.zookeeper.ClientCnxn: Got ping response for session id: 0x10014bd5270000f after 1ms.
2021-03-18 21:33:04,723 DEBUG [Thread-0-SendThread(localhost:2181)] org.apache.zookeeper.ClientCnxn: Got ping response for session id: 0x10014bd5270000f after 0ms.
2021-03-18 21:33:06,056 DEBUG [Thread-0-SendThread(localhost:2181)] org.apache.zookeeper.ClientCnxn: Got ping response for session id: 0x10014bd5270000f after 0ms.
2021-03-18 21:33:07,393 DEBUG [Thread-0-SendThread(localhost:2181)] org.apache.zookeeper.ClientCnxn: Got ping response for session id: 0x10014bd5270000f after 1ms.
2021-03-18 21:33:08,730 DEBUG [Thread-0-SendThread(localhost:2181)] org.apache.zookeeper.ClientCnxn: Got ping response for session id: 0x10014bd5270000f after 1ms.
2021-03-18 21:33:10,068 DEBUG [Thread-0-SendThread(localhost:2181)] org.apache.zookeeper.ClientCnxn: Got ping response for session id: 0x10014bd5270000f after 2ms.
2021-03-18 21:33:11,419 DEBUG [Thread-0-SendThread(localhost:2181)] org.apache.zookeeper.ClientCnxn: Got ping response for session id: 0x10014bd5270000f after 0ms.
2021-03-18 21:33:12,757 DEBUG [Thread-0-SendThread(localhost:2181)] org.apache.zookeeper.ClientCnxn: Got ping response for session id: 0x10014bd5270000f after 1ms.
2021-03-18 21:33:14,093 DEBUG [Thread-0-SendThread(localhost:2181)] org.apache.zookeeper.ClientCnxn: Got ping response for session id: 0x10014bd5270000f after 1ms.
2021-03-18 21:33:15,430 DEBUG [Thread-0-SendThread(localhost:2181)] org.apache.zookeeper.ClientCnxn: Got ping response for session id: 0x10014bd5270000f after 1ms.
2021-03-18 21:33:16,766 DEBUG [Thread-0-SendThread(localhost:2181)] org.apache.zookeeper.ClientCnxn: Got ping response for session id: 0x10014bd5270000f after 0ms.
2021-03-18 21:33:18,104 DEBUG [Thread-0-SendThread(localhost:2181)] org.apache.zookeeper.ClientCnxn: Got ping response for session id: 0x10014bd5270000f after 0ms.
2021-03-18 21:33:19,442 DEBUG [Thread-0-SendThread(localhost:2181)] org.apache.zookeeper.ClientCnxn: Got ping response for session id: 0x10014bd5270000f after 0ms.
2021-03-18 21:33:20,782 DEBUG [Thread-0-SendThread(localhost:2181)] org.apache.zookeeper.ClientCnxn: Got ping response for session id: 0x10014bd5270000f after 1ms.
2021-03-18 21:33:22,118 DEBUG [Thread-0-SendThread(localhost:2181)] org.apache.zookeeper.ClientCnxn: Got ping response for session id: 0x10014bd5270000f after 0ms.
2021-03-18 21:33:23,453 DEBUG [Thread-0-SendThread(localhost:2181)] org.apache.zookeeper.ClientCnxn: Got ping response for session id: 0x10014bd5270000f after 0ms.
2021-03-18 21:33:24,790 DEBUG [Thread-0-SendThread(localhost:2181)] org.apache.zookeeper.ClientCnxn: Got ping response for session id: 0x10014bd5270000f after 0ms.
2021-03-18 21:33:26,125 DEBUG [Thread-0-SendThread(localhost:2181)] org.apache.zookeeper.ClientCnxn: Got ping response for session id: 0x10014bd5270000f after 1ms.
2021-03-18 21:33:27,461 DEBUG [Thread-0-SendThread(localhost:2181)] org.apache.zookeeper.ClientCnxn: Got ping response for session id: 0x10014bd5270000f after 1ms.
2021-03-18 21:33:28,798 DEBUG [Thread-0-SendThread(localhost:2181)] org.apache.zookeeper.ClientCnxn: Got ping response for session id: 0x10014bd5270000f after 0ms.
2021-03-18 21:33:30,135 DEBUG [Thread-0-SendThread(localhost:2181)] org.apache.zookeeper.ClientCnxn: Got ping response for session id: 0x10014bd5270000f after 0ms.
2021-03-18 21:33:31,475 DEBUG [Thread-0-SendThread(localhost:2181)] org.apache.zookeeper.ClientCnxn: Got ping response for session id: 0x10014bd5270000f after 0ms.
2021-03-18 21:33:32,810 DEBUG [Thread-0-SendThread(localhost:2181)] org.apache.zookeeper.ClientCnxn: Got ping response for session id: 0x10014bd5270000f after 0ms.
2021-03-18 21:33:34,147 DEBUG [Thread-0-SendThread(localhost:2181)] org.apache.zookeeper.ClientCnxn: Got ping response for session id: 0x10014bd5270000f after 0ms.
2021-03-18 21:33:35,484 DEBUG [Thread-0-SendThread(localhost:2181)] org.apache.zookeeper.ClientCnxn: Got ping response for session id: 0x10014bd5270000f after 1ms.
2021-03-18 21:33:36,821 DEBUG [Thread-0-SendThread(localhost:2181)] org.apache.zookeeper.ClientCnxn: Got ping response for session id: 0x10014bd5270000f after 0ms.
2021-03-18 21:33:38,159 DEBUG [Thread-0-SendThread(localhost:2181)] org.apache.zookeeper.ClientCnxn: Got ping response for session id: 0x10014bd5270000f after 0ms.
2021-03-18 21:33:39,495 DEBUG [Thread-0-SendThread(localhost:2181)] org.apache.zookeeper.ClientCnxn: Got ping response for session id: 0x10014bd5270000f after 0ms.
2021-03-18 21:33:40,830 DEBUG [Thread-0-SendThread(localhost:2181)] org.apache.zookeeper.ClientCnxn: Got ping response for session id: 0x10014bd5270000f after 0ms.
Starting commModule
2021-03-18 21:33:41,556 INFO  [Thread-0] root: Server communication module connected
2021-03-18 21:33:41,558 INFO  [Thread-0] root: Connected to localhost on port 50417
2021-03-18 21:33:42,166 DEBUG [Thread-0-SendThread(localhost:2181)] org.apache.zookeeper.ClientCnxn: Got ping response for session id: 0x10014bd5270000f after 0ms.
2021-03-18 21:33:43,503 DEBUG [Thread-0-SendThread(localhost:2181)] org.apache.zookeeper.ClientCnxn: Got ping response for session id: 0x10014bd5270000f after 1ms.
2021-03-18 21:33:44,839 DEBUG [Thread-0-SendThread(localhost:2181)] org.apache.zookeeper.ClientCnxn: Got ping response for session id: 0x10014bd5270000f after 0ms.
2021-03-18 21:33:46,177 DEBUG [Thread-0-SendThread(localhost:2181)] org.apache.zookeeper.ClientCnxn: Got ping response for session id: 0x10014bd5270000f after 0ms.
2021-03-18 21:33:47,516 DEBUG [Thread-0-SendThread(localhost:2181)] org.apache.zookeeper.ClientCnxn: Got ping response for session id: 0x10014bd5270000f after 0ms.
2021-03-18 21:33:48,853 DEBUG [Thread-0-SendThread(localhost:2181)] org.apache.zookeeper.ClientCnxn: Got ping response for session id: 0x10014bd5270000f after 0ms.
2021-03-18 21:33:50,192 DEBUG [Thread-0-SendThread(localhost:2181)] org.apache.zookeeper.ClientCnxn: Got ping response for session id: 0x10014bd5270000f after 0ms.
2021-03-18 21:33:51,529 DEBUG [Thread-0-SendThread(localhost:2181)] org.apache.zookeeper.ClientCnxn: Got ping response for session id: 0x10014bd5270000f after 1ms.
2021-03-18 21:33:52,862 DEBUG [Thread-0-SendThread(localhost:2181)] org.apache.zookeeper.ClientCnxn: Got ping response for session id: 0x10014bd5270000f after 0ms.
2021-03-18 21:33:54,196 DEBUG [Thread-0-SendThread(localhost:2181)] org.apache.zookeeper.ClientCnxn: Got ping response for session id: 0x10014bd5270000f after 0ms.
2021-03-18 21:33:55,534 DEBUG [Thread-0-SendThread(localhost:2181)] org.apache.zookeeper.ClientCnxn: Got ping response for session id: 0x10014bd5270000f after 1ms.
2021-03-18 21:33:56,868 DEBUG [Thread-0-SendThread(localhost:2181)] org.apache.zookeeper.ClientCnxn: Got ping response for session id: 0x10014bd5270000f after 0ms.
2021-03-18 21:33:58,203 DEBUG [Thread-0-SendThread(localhost:2181)] org.apache.zookeeper.ClientCnxn: Got ping response for session id: 0x10014bd5270000f after 0ms.
2021-03-18 21:33:59,538 DEBUG [Thread-0-SendThread(localhost:2181)] org.apache.zookeeper.ClientCnxn: Got ping response for session id: 0x10014bd5270000f after 0ms.
2021-03-18 21:34:00,874 DEBUG [Thread-0-SendThread(localhost:2181)] org.apache.zookeeper.ClientCnxn: Got ping response for session id: 0x10014bd5270000f after 0ms.
2021-03-18 21:34:02,211 DEBUG [Thread-0-SendThread(localhost:2181)] org.apache.zookeeper.ClientCnxn: Got ping response for session id: 0x10014bd5270000f after 0ms.
2021-03-18 21:34:03,547 DEBUG [Thread-0-SendThread(localhost:2181)] org.apache.zookeeper.ClientCnxn: Got ping response for session id: 0x10014bd5270000f after 0ms.
2021-03-18 21:34:04,884 DEBUG [Thread-0-SendThread(localhost:2181)] org.apache.zookeeper.ClientCnxn: Got ping response for session id: 0x10014bd5270000f after 4ms.
2021-03-18 21:34:06,214 DEBUG [Thread-0-SendThread(localhost:2181)] org.apache.zookeeper.ClientCnxn: Got ping response for session id: 0x10014bd5270000f after 0ms.
2021-03-18 21:34:07,552 DEBUG [Thread-0-SendThread(localhost:2181)] org.apache.zookeeper.ClientCnxn: Got ping response for session id: 0x10014bd5270000f after 0ms.
2021-03-18 21:34:08,886 DEBUG [Thread-0-SendThread(localhost:2181)] org.apache.zookeeper.ClientCnxn: Got ping response for session id: 0x10014bd5270000f after 0ms.
2021-03-18 21:34:10,223 DEBUG [Thread-0-SendThread(localhost:2181)] org.apache.zookeeper.ClientCnxn: Got ping response for session id: 0x10014bd5270000f after 0ms.
2021-03-18 21:34:11,560 DEBUG [Thread-0-SendThread(localhost:2181)] org.apache.zookeeper.ClientCnxn: Got ping response for session id: 0x10014bd5270000f after 0ms.
2021-03-18 21:34:12,895 DEBUG [Thread-0-SendThread(localhost:2181)] org.apache.zookeeper.ClientCnxn: Got ping response for session id: 0x10014bd5270000f after 0ms.
2021-03-18 21:34:14,232 DEBUG [Thread-0-SendThread(localhost:2181)] org.apache.zookeeper.ClientCnxn: Got ping response for session id: 0x10014bd5270000f after 0ms.
2021-03-18 21:34:15,569 DEBUG [Thread-0-SendThread(localhost:2181)] org.apache.zookeeper.ClientCnxn: Got ping response for session id: 0x10014bd5270000f after 0ms.
2021-03-18 21:34:16,905 DEBUG [Thread-0-SendThread(localhost:2181)] org.apache.zookeeper.ClientCnxn: Got ping response for session id: 0x10014bd5270000f after 1ms.
2021-03-18 21:34:18,239 DEBUG [Thread-0-SendThread(localhost:2181)] org.apache.zookeeper.ClientCnxn: Got ping response for session id: 0x10014bd5270000f after 0ms.
2021-03-18 21:34:19,577 DEBUG [Thread-0-SendThread(localhost:2181)] org.apache.zookeeper.ClientCnxn: Got ping response for session id: 0x10014bd5270000f after 0ms.
2021-03-18 21:34:20,913 DEBUG [Thread-0-SendThread(localhost:2181)] org.apache.zookeeper.ClientCnxn: Got ping response for session id: 0x10014bd5270000f after 0ms.
2021-03-18 21:34:22,247 DEBUG [Thread-0-SendThread(localhost:2181)] org.apache.zookeeper.ClientCnxn: Got ping response for session id: 0x10014bd5270000f after 0ms.
2021-03-18 21:34:23,586 DEBUG [Thread-0-SendThread(localhost:2181)] org.apache.zookeeper.ClientCnxn: Got ping response for session id: 0x10014bd5270000f after 0ms.
2021-03-18 21:34:24,919 DEBUG [Thread-0-SendThread(localhost:2181)] org.apache.zookeeper.ClientCnxn: Got ping response for session id: 0x10014bd5270000f after 0ms.
2021-03-18 21:34:26,253 DEBUG [Thread-0-SendThread(localhost:2181)] org.apache.zookeeper.ClientCnxn: Got ping response for session id: 0x10014bd5270000f after 0ms.
2021-03-18 21:34:27,589 DEBUG [Thread-0-SendThread(localhost:2181)] org.apache.zookeeper.ClientCnxn: Got ping response for session id: 0x10014bd5270000f after 0ms.
2021-03-18 21:34:28,927 DEBUG [Thread-0-SendThread(localhost:2181)] org.apache.zookeeper.ClientCnxn: Got ping response for session id: 0x10014bd5270000f after 0ms.
2021-03-18 21:34:30,262 DEBUG [Thread-0-SendThread(localhost:2181)] org.apache.zookeeper.ClientCnxn: Got ping response for session id: 0x10014bd5270000f after 1ms.
2021-03-18 21:34:31,600 DEBUG [Thread-0-SendThread(localhost:2181)] org.apache.zookeeper.ClientCnxn: Got ping response for session id: 0x10014bd5270000f after 0ms.
2021-03-18 21:34:32,936 DEBUG [Thread-0-SendThread(localhost:2181)] org.apache.zookeeper.ClientCnxn: Got ping response for session id: 0x10014bd5270000f after 0ms.
2021-03-18 21:34:34,269 DEBUG [Thread-0-SendThread(localhost:2181)] org.apache.zookeeper.ClientCnxn: Got ping response for session id: 0x10014bd5270000f after 0ms.
2021-03-18 21:34:35,606 DEBUG [Thread-0-SendThread(localhost:2181)] org.apache.zookeeper.ClientCnxn: Got ping response for session id: 0x10014bd5270000f after 0ms.
2021-03-18 21:34:36,944 DEBUG [Thread-0-SendThread(localhost:2181)] org.apache.zookeeper.ClientCnxn: Got ping response for session id: 0x10014bd5270000f after 0ms.
2021-03-18 21:34:38,280 DEBUG [Thread-0-SendThread(localhost:2181)] org.apache.zookeeper.ClientCnxn: Got ping response for session id: 0x10014bd5270000f after 0ms.
2021-03-18 21:34:39,614 DEBUG [Thread-0-SendThread(localhost:2181)] org.apache.zookeeper.ClientCnxn: Got ping response for session id: 0x10014bd5270000f after 0ms.
2021-03-18 21:34:40,952 DEBUG [Thread-0-SendThread(localhost:2181)] org.apache.zookeeper.ClientCnxn: Got ping response for session id: 0x10014bd5270000f after 0ms.
2021-03-18 21:34:42,290 DEBUG [Thread-0-SendThread(localhost:2181)] org.apache.zookeeper.ClientCnxn: Got ping response for session id: 0x10014bd5270000f after 0ms.
2021-03-18 21:34:43,627 DEBUG [Thread-0-SendThread(localhost:2181)] org.apache.zookeeper.ClientCnxn: Got ping response for session id: 0x10014bd5270000f after 0ms.
2021-03-18 21:34:44,964 DEBUG [Thread-0-SendThread(localhost:2181)] org.apache.zookeeper.ClientCnxn: Got ping response for session id: 0x10014bd5270000f after 0ms.
2021-03-18 21:34:46,300 DEBUG [Thread-0-SendThread(localhost:2181)] org.apache.zookeeper.ClientCnxn: Got ping response for session id: 0x10014bd5270000f after 0ms.
2021-03-18 21:34:47,636 DEBUG [Thread-0-SendThread(localhost:2181)] org.apache.zookeeper.ClientCnxn: Got ping response for session id: 0x10014bd5270000f after 0ms.
2021-03-18 21:34:48,972 DEBUG [Thread-0-SendThread(localhost:2181)] org.apache.zookeeper.ClientCnxn: Got ping response for session id: 0x10014bd5270000f after 0ms.
2021-03-18 21:34:50,308 DEBUG [Thread-0-SendThread(localhost:2181)] org.apache.zookeeper.ClientCnxn: Got ping response for session id: 0x10014bd5270000f after 0ms.
2021-03-18 21:34:51,646 DEBUG [Thread-0-SendThread(localhost:2181)] org.apache.zookeeper.ClientCnxn: Got ping response for session id: 0x10014bd5270000f after 0ms.
2021-03-18 21:34:52,983 DEBUG [Thread-0-SendThread(localhost:2181)] org.apache.zookeeper.ClientCnxn: Got ping response for session id: 0x10014bd5270000f after 0ms.
2021-03-18 21:34:54,320 DEBUG [Thread-0-SendThread(localhost:2181)] org.apache.zookeeper.ClientCnxn: Got ping response for session id: 0x10014bd5270000f after 0ms.
2021-03-18 21:34:55,655 DEBUG [Thread-0-SendThread(localhost:2181)] org.apache.zookeeper.ClientCnxn: Got ping response for session id: 0x10014bd5270000f after 1ms.
2021-03-18 21:34:56,993 DEBUG [Thread-0-SendThread(localhost:2181)] org.apache.zookeeper.ClientCnxn: Got ping response for session id: 0x10014bd5270000f after 0ms.
2021-03-18 21:34:58,330 DEBUG [Thread-0-SendThread(localhost:2181)] org.apache.zookeeper.ClientCnxn: Got ping response for session id: 0x10014bd5270000f after 0ms.
2021-03-18 21:34:59,667 DEBUG [Thread-0-SendThread(localhost:2181)] org.apache.zookeeper.ClientCnxn: Got ping response for session id: 0x10014bd5270000f after 0ms.
2021-03-18 21:35:01,003 DEBUG [Thread-0-SendThread(localhost:2181)] org.apache.zookeeper.ClientCnxn: Got ping response for session id: 0x10014bd5270000f after 0ms.
2021-03-18 21:35:02,342 DEBUG [Thread-0-SendThread(localhost:2181)] org.apache.zookeeper.ClientCnxn: Got ping response for session id: 0x10014bd5270000f after 1ms.
2021-03-18 21:35:03,676 DEBUG [Thread-0-SendThread(localhost:2181)] org.apache.zookeeper.ClientCnxn: Got ping response for session id: 0x10014bd5270000f after 0ms.
2021-03-18 21:35:05,013 DEBUG [Thread-0-SendThread(localhost:2181)] org.apache.zookeeper.ClientCnxn: Got ping response for session id: 0x10014bd5270000f after 0ms.
2021-03-18 21:35:06,347 DEBUG [Thread-0-SendThread(localhost:2181)] org.apache.zookeeper.ClientCnxn: Got ping response for session id: 0x10014bd5270000f after 0ms.
2021-03-18 21:35:07,682 DEBUG [Thread-0-SendThread(localhost:2181)] org.apache.zookeeper.ClientCnxn: Got ping response for session id: 0x10014bd5270000f after 2ms.
2021-03-18 21:35:09,016 DEBUG [Thread-0-SendThread(localhost:2181)] org.apache.zookeeper.ClientCnxn: Got ping response for session id: 0x10014bd5270000f after 0ms.
2021-03-18 21:35:10,353 DEBUG [Thread-0-SendThread(localhost:2181)] org.apache.zookeeper.ClientCnxn: Got ping response for session id: 0x10014bd5270000f after 0ms.
2021-03-18 21:35:11,689 DEBUG [Thread-0-SendThread(localhost:2181)] org.apache.zookeeper.ClientCnxn: Got ping response for session id: 0x10014bd5270000f after 0ms.
2021-03-18 21:35:13,026 DEBUG [Thread-0-SendThread(localhost:2181)] org.apache.zookeeper.ClientCnxn: Got ping response for session id: 0x10014bd5270000f after 0ms.
2021-03-18 21:35:14,362 DEBUG [Thread-0-SendThread(localhost:2181)] org.apache.zookeeper.ClientCnxn: Got ping response for session id: 0x10014bd5270000f after 0ms.
2021-03-18 21:35:15,696 DEBUG [Thread-0-SendThread(localhost:2181)] org.apache.zookeeper.ClientCnxn: Got ping response for session id: 0x10014bd5270000f after 0ms.
2021-03-18 21:35:17,034 DEBUG [Thread-0-SendThread(localhost:2181)] org.apache.zookeeper.ClientCnxn: Got ping response for session id: 0x10014bd5270000f after 0ms.
2021-03-18 21:35:18,369 DEBUG [Thread-0-SendThread(localhost:2181)] org.apache.zookeeper.ClientCnxn: Got ping response for session id: 0x10014bd5270000f after 0ms.
2021-03-18 21:35:19,703 DEBUG [Thread-0-SendThread(localhost:2181)] org.apache.zookeeper.ClientCnxn: Got ping response for session id: 0x10014bd5270000f after 0ms.
2021-03-18 21:35:21,039 DEBUG [Thread-0-SendThread(localhost:2181)] org.apache.zookeeper.ClientCnxn: Got ping response for session id: 0x10014bd5270000f after 0ms.
2021-03-18 21:35:22,374 DEBUG [Thread-0-SendThread(localhost:2181)] org.apache.zookeeper.ClientCnxn: Got ping response for session id: 0x10014bd5270000f after 0ms.
2021-03-18 21:35:23,711 DEBUG [Thread-0-SendThread(localhost:2181)] org.apache.zookeeper.ClientCnxn: Got ping response for session id: 0x10014bd5270000f after 0ms.
2021-03-18 21:35:25,049 DEBUG [Thread-0-SendThread(localhost:2181)] org.apache.zookeeper.ClientCnxn: Got ping response for session id: 0x10014bd5270000f after 0ms.
2021-03-18 21:35:26,385 DEBUG [Thread-0-SendThread(localhost:2181)] org.apache.zookeeper.ClientCnxn: Got ping response for session id: 0x10014bd5270000f after 0ms.
2021-03-18 21:35:27,722 DEBUG [Thread-0-SendThread(localhost:2181)] org.apache.zookeeper.ClientCnxn: Got ping response for session id: 0x10014bd5270000f after 0ms.
2021-03-18 21:35:29,057 DEBUG [Thread-0-SendThread(localhost:2181)] org.apache.zookeeper.ClientCnxn: Got ping response for session id: 0x10014bd5270000f after 0ms.
2021-03-18 21:35:30,395 DEBUG [Thread-0-SendThread(localhost:2181)] org.apache.zookeeper.ClientCnxn: Got ping response for session id: 0x10014bd5270000f after 0ms.
2021-03-18 21:35:31,729 DEBUG [Thread-0-SendThread(localhost:2181)] org.apache.zookeeper.ClientCnxn: Got ping response for session id: 0x10014bd5270000f after 0ms.
2021-03-18 21:35:33,064 DEBUG [Thread-0-SendThread(localhost:2181)] org.apache.zookeeper.ClientCnxn: Got ping response for session id: 0x10014bd5270000f after 0ms.
2021-03-18 21:35:34,402 DEBUG [Thread-0-SendThread(localhost:2181)] org.apache.zookeeper.ClientCnxn: Got ping response for session id: 0x10014bd5270000f after 0ms.
2021-03-18 21:35:35,738 DEBUG [Thread-0-SendThread(localhost:2181)] org.apache.zookeeper.ClientCnxn: Got ping response for session id: 0x10014bd5270000f after 0ms.
2021-03-18 21:35:37,074 DEBUG [Thread-0-SendThread(localhost:2181)] org.apache.zookeeper.ClientCnxn: Got ping response for session id: 0x10014bd5270000f after 0ms.
2021-03-18 21:35:38,408 DEBUG [Thread-0-SendThread(localhost:2181)] org.apache.zookeeper.ClientCnxn: Got ping response for session id: 0x10014bd5270000f after 0ms.
2021-03-18 21:35:39,743 DEBUG [Thread-0-SendThread(localhost:2181)] org.apache.zookeeper.ClientCnxn: Got ping response for session id: 0x10014bd5270000f after 0ms.
2021-03-18 21:35:41,078 DEBUG [Thread-0-SendThread(localhost:2181)] org.apache.zookeeper.ClientCnxn: Got ping response for session id: 0x10014bd5270000f after 0ms.
2021-03-18 21:35:42,413 DEBUG [Thread-0-SendThread(localhost:2181)] org.apache.zookeeper.ClientCnxn: Got ping response for session id: 0x10014bd5270000f after 0ms.
2021-03-18 21:35:43,748 DEBUG [Thread-0-SendThread(localhost:2181)] org.apache.zookeeper.ClientCnxn: Got ping response for session id: 0x10014bd5270000f after 0ms.
2021-03-18 22:23:44,468 INFO  [main] root: Creating Storage Files
2021-03-18 22:23:44,468 INFO  [main] root: File created: server112.json
2021-03-18 22:23:44,469 INFO  [main] root: File created: server112_replica_1.json
2021-03-18 22:23:44,469 INFO  [main] root: File created: server112_replica_2.json
2021-03-18 22:23:44,469 INFO  [Thread-0] root: Initialize server ...
2021-03-18 22:23:44,481 INFO  [Thread-0] root: Server listening on port: 50111
2021-03-18 22:23:44,503 INFO  [Thread-0] org.apache.zookeeper.ZooKeeper: Client environment:zookeeper.version=3.6.2--803c7f1a12f85978cb049af5e4ef23bd8b688715, built on 09/04/2020 12:44 GMT
2021-03-18 22:23:44,503 INFO  [Thread-0] org.apache.zookeeper.ZooKeeper: Client environment:host.name=localhost
2021-03-18 22:23:44,503 INFO  [Thread-0] org.apache.zookeeper.ZooKeeper: Client environment:java.version=11.0.10
2021-03-18 22:23:44,503 INFO  [Thread-0] org.apache.zookeeper.ZooKeeper: Client environment:java.vendor=Azul Systems, Inc.
2021-03-18 22:23:44,503 INFO  [Thread-0] org.apache.zookeeper.ZooKeeper: Client environment:java.home=/Users/steve/Library/Java/JavaVirtualMachines/azul-11.0.10/Contents/Home
2021-03-18 22:23:44,503 INFO  [Thread-0] org.apache.zookeeper.ZooKeeper: Client environment:java.class.path=/Users/steve/Desktop/UofT/year4/winter2021/ECE419/milestone3/m3-server.jar
2021-03-18 22:23:44,503 INFO  [Thread-0] org.apache.zookeeper.ZooKeeper: Client environment:java.library.path=/Users/steve/Library/Java/Extensions:/Library/Java/Extensions:/Network/Library/Java/Extensions:/System/Library/Java/Extensions:/usr/lib/java:.
2021-03-18 22:23:44,503 INFO  [Thread-0] org.apache.zookeeper.ZooKeeper: Client environment:java.io.tmpdir=/var/folders/kz/3gb57nkn6ks6_07_dtt5lqvr0000gn/T/
2021-03-18 22:23:44,503 INFO  [Thread-0] org.apache.zookeeper.ZooKeeper: Client environment:java.compiler=<NA>
2021-03-18 22:23:44,503 INFO  [Thread-0] org.apache.zookeeper.ZooKeeper: Client environment:os.name=Mac OS X
2021-03-18 22:23:44,503 INFO  [Thread-0] org.apache.zookeeper.ZooKeeper: Client environment:os.arch=x86_64
2021-03-18 22:23:44,503 INFO  [Thread-0] org.apache.zookeeper.ZooKeeper: Client environment:os.version=10.16
2021-03-18 22:23:44,504 INFO  [Thread-0] org.apache.zookeeper.ZooKeeper: Client environment:user.name=steve
2021-03-18 22:23:44,504 INFO  [Thread-0] org.apache.zookeeper.ZooKeeper: Client environment:user.home=/Users/steve
2021-03-18 22:23:44,504 INFO  [Thread-0] org.apache.zookeeper.ZooKeeper: Client environment:user.dir=/Users/steve
2021-03-18 22:23:44,504 INFO  [Thread-0] org.apache.zookeeper.ZooKeeper: Client environment:os.memory.free=249MB
2021-03-18 22:23:44,504 INFO  [Thread-0] org.apache.zookeeper.ZooKeeper: Client environment:os.memory.max=4096MB
2021-03-18 22:23:44,504 INFO  [Thread-0] org.apache.zookeeper.ZooKeeper: Client environment:os.memory.total=256MB
2021-03-18 22:23:44,507 INFO  [Thread-0] org.apache.zookeeper.ZooKeeper: Initiating client connection, connectString=localhost:2181 sessionTimeout=3000 watcher=app_kvServer.KVServer$1@1c08ffcd
2021-03-18 22:23:44,511 INFO  [Thread-0] org.apache.zookeeper.common.X509Util: Setting -D jdk.tls.rejectClientInitiatedRenegotiation=true to disable client-initiated TLS renegotiation
2021-03-18 22:23:44,522 INFO  [Thread-0] org.apache.zookeeper.ClientCnxnSocket: jute.maxbuffer value is 1048575 Bytes
2021-03-18 22:23:44,529 INFO  [Thread-0] org.apache.zookeeper.ClientCnxn: zookeeper.request.timeout value is 0. feature enabled=false
2021-03-18 22:23:44,540 DEBUG [Thread-0-SendThread(localhost:2181)] org.apache.zookeeper.SaslServerPrincipal: Canonicalized address to localhost
2021-03-18 22:23:44,541 INFO  [Thread-0-SendThread(localhost:2181)] org.apache.zookeeper.ClientCnxn: Opening socket connection to server localhost/0:0:0:0:0:0:0:1:2181.
2021-03-18 22:23:44,541 INFO  [Thread-0-SendThread(localhost:2181)] org.apache.zookeeper.ClientCnxn: SASL config status: Will not attempt to authenticate using SASL (unknown error)
2021-03-18 22:23:44,556 INFO  [Thread-0-SendThread(localhost:2181)] org.apache.zookeeper.ClientCnxn: Socket connection established, initiating session, client: /0:0:0:0:0:0:0:1:51851, server: localhost/0:0:0:0:0:0:0:1:2181
2021-03-18 22:23:44,557 DEBUG [Thread-0-SendThread(localhost:2181)] org.apache.zookeeper.ClientCnxn: Session establishment request sent on localhost/0:0:0:0:0:0:0:1:2181
2021-03-18 22:23:44,587 TRACE [Thread-0-SendThread(localhost:2181)] org.apache.zookeeper.ClientCnxnSocket: readConnectResult 37 0x[0,0,0,0,0,0,f,ffffffa0,1,0,14,ffffffbd,52,70,0,46,0,0,0,10,4e,50,ffffff84,26,ffffff84,7b,ffffffbd,3a,49,43,76,18,fffffff8,fffffff5,46,44,0,]
2021-03-18 22:23:44,589 INFO  [Thread-0-SendThread(localhost:2181)] org.apache.zookeeper.ClientCnxn: Session establishment complete on server localhost/0:0:0:0:0:0:0:1:2181, session id = 0x10014bd52700046, negotiated timeout = 4000
2021-03-18 22:23:44,593 DEBUG [Thread-0-EventThread] root: ZK event: 
2021-03-18 22:23:44,593 DEBUG [Thread-0-EventThread] root: WatchedEvent state:SyncConnected type:None path:null
2021-03-18 22:23:44,622 DEBUG [Thread-0-SendThread(localhost:2181)] org.apache.zookeeper.ClientCnxn: Reading reply session id: 0x10014bd52700046, packet:: clientPath:null serverPath:null finished:false header:: 1,1  replyHeader:: 1,232,0  request:: '/keeper/server112,,v{s{31,s{'world,'anyone}}},1  response:: '/keeper/server112 
2021-03-18 22:23:44,627 DEBUG [Thread-0-SendThread(localhost:2181)] org.apache.zookeeper.ClientCnxn: Reading reply session id: 0x10014bd52700046, packet:: clientPath:null serverPath:null finished:false header:: 2,3  replyHeader:: 2,232,0  request:: '/keeper/server112,T  response:: s{232,232,1616120624593,1616120624593,0,0,0,72080397402374214,0,0,232} 
2021-03-18 22:23:44,654 DEBUG [Thread-0-SendThread(localhost:2181)] org.apache.zookeeper.ClientCnxn: Got notification session id: 0x10014bd52700046
2021-03-18 22:23:44,656 DEBUG [Thread-0-SendThread(localhost:2181)] org.apache.zookeeper.ClientCnxn: Got WatchedEvent state:SyncConnected type:NodeDataChanged path:/keeper/server112 for session id 0x10014bd52700046
2021-03-18 22:23:44,658 DEBUG [Thread-0-EventThread] root: ZK event: 
2021-03-18 22:23:44,658 DEBUG [Thread-0-EventThread] root: WatchedEvent state:SyncConnected type:NodeDataChanged path:/keeper/server112
2021-03-18 22:23:44,659 DEBUG [Thread-0-SendThread(localhost:2181)] org.apache.zookeeper.ClientCnxn: Reading reply session id: 0x10014bd52700046, packet:: clientPath:null serverPath:null finished:false header:: 3,5  replyHeader:: 3,233,0  request:: '/keeper/server112,#3132372e302e302e313a3530313131,0  response:: s{232,233,1616120624593,1616120624628,1,0,0,72080397402374214,15,0,232} 
2021-03-18 22:23:44,659 INFO  [Thread-0] root: Node created at: /keeper/server112
Starting commModule
2021-03-18 22:23:44,668 INFO  [Thread-0] root: Server communication module connected
2021-03-18 22:23:44,669 INFO  [Thread-0] root: Connected to localhost on port 51852
2021-03-18 22:23:44,678 INFO  [Thread-1] root: Message received by server -> Status: INIT_SERVER
received adminmsg
2021-03-18 22:23:44,679 INFO  [Thread-1] root: Message sent by server -> Status: INIT_SERVER_SUCCESS
2021-03-18 22:23:44,679 INFO  [Thread-1] root: Message received by server -> Status: START
received adminmsg
2021-03-18 22:23:44,680 INFO  [Thread-1] root: Message sent by server -> Status: START_SUCCESS
Starting commModule
2021-03-18 22:23:44,681 INFO  [Thread-0] root: Server communication module connected
2021-03-18 22:23:44,682 INFO  [Thread-0] root: Connected to localhost on port 51853
2021-03-18 22:23:44,683 INFO  [Thread-2] root: Message received by server -> Status: UPDATE
received adminmsg
2021-03-18 22:23:44,684 INFO  [Thread-2] root: Message sent by server -> Status: UPDATE_SUCCESS
Starting commModule
2021-03-18 22:23:44,685 INFO  [Thread-0] root: Server communication module connected
2021-03-18 22:23:44,686 INFO  [Thread-0] root: Connected to localhost on port 51854
2021-03-18 22:23:44,686 INFO  [Thread-3] root: Message received by server -> Status: PROPAGATE_ADMIN
received adminmsg
2021-03-18 22:23:44,691 DEBUG [Thread-3] root: Getting successors
2021-03-18 22:23:44,692 DEBUG [Thread-3] root: Got successors
2021-03-18 22:23:44,692 DEBUG [Thread-3] root: Propagating to: 127.0.0.1:50111 127.0.0.1:50111
Starting commModule
2021-03-18 22:23:44,694 INFO  [Thread-0] root: Server communication module connected
2021-03-18 22:23:44,694 INFO  [Thread-3] root: Client communication module connected
2021-03-18 22:23:44,695 INFO  [Thread-0] root: Connected to localhost on port 51855
Starting commModule
2021-03-18 22:23:44,695 INFO  [Thread-0] root: Server communication module connected
2021-03-18 22:23:44,695 INFO  [Thread-3] root: Client communication module connected
2021-03-18 22:23:44,695 DEBUG [Thread-3] root: {}
2021-03-18 22:23:44,696 INFO  [Thread-0] root: Connected to localhost on port 51856
2021-03-18 22:23:44,696 INFO  [Thread-3] root: Message sent by server -> Status: PROPAGATE_SUCCESS
Starting commModule
2021-03-18 22:23:45,225 INFO  [Thread-0] root: Server communication module connected
2021-03-18 22:23:45,226 INFO  [Thread-0] root: Connected to localhost on port 51860
2021-03-18 22:23:45,227 INFO  [Thread-6] root: Message received by server -> Status: UPDATE
received adminmsg
2021-03-18 22:23:45,228 INFO  [Thread-6] root: Message sent by server -> Status: UPDATE_SUCCESS
Starting commModule
2021-03-18 22:23:45,229 INFO  [Thread-0] root: Server communication module connected
2021-03-18 22:23:45,230 INFO  [Thread-0] root: Connected to localhost on port 51861
2021-03-18 22:23:45,231 INFO  [Thread-7] root: Message received by server -> Status: PROPAGATE_ADMIN
received adminmsg
2021-03-18 22:23:45,232 DEBUG [Thread-7] root: Getting successors
2021-03-18 22:23:45,232 DEBUG [Thread-7] root: Got successors
2021-03-18 22:23:45,232 DEBUG [Thread-7] root: Propagating to: 127.0.0.1:50087 127.0.0.1:50111
2021-03-18 22:23:45,232 INFO  [Thread-7] root: Client communication module connected
Starting commModule
2021-03-18 22:23:45,233 INFO  [Thread-0] root: Server communication module connected
2021-03-18 22:23:45,233 INFO  [Thread-7] root: Client communication module connected
2021-03-18 22:23:45,233 DEBUG [Thread-7] root: {}
2021-03-18 22:23:45,234 INFO  [Thread-7] root: Message sent by server -> Status: PROPAGATE_SUCCESS
2021-03-18 22:23:45,234 INFO  [Thread-0] root: Connected to localhost on port 51863
Starting commModule
2021-03-18 22:23:45,234 INFO  [Thread-0] root: Server communication module connected
2021-03-18 22:23:45,235 INFO  [Thread-0] root: Connected to localhost on port 51864
2021-03-18 22:23:45,241 INFO  [Thread-9] root: Message received by server -> Status: MOVE_DATA
received adminmsg
2021-03-18 22:23:45,241 DEBUG [Thread-9] root: Input data: 
2021-03-18 22:23:45,241 DEBUG [Thread-9] root: fbc5570eb677dfefbacf853faffac523:7e1289d758d2ce61deaf814ee03088f
2021-03-18 22:23:45,241 DEBUG [Thread-9] root: 127.0.0.1:50087
2021-03-18 22:23:45,242 INFO  [Thread-9] root: Client communication module connected
2021-03-18 22:23:45,242 DEBUG [Thread-9] root: Host: 127.0.0.1
2021-03-18 22:23:45,242 DEBUG [Thread-9] root: Port: 50087
2021-03-18 22:23:45,242 DEBUG [Thread-9] root: Range: fbc5570eb677dfefbacf853faffac523:7e1289d758d2ce61deaf814ee03088f
2021-03-18 22:23:45,243 DEBUG [Thread-9] root: Starting flush data
2021-03-18 22:23:45,243 DEBUG [Thread-9] root: Finished flush data
2021-03-18 22:23:45,243 DEBUG [Thread-9] root: Closing conn
2021-03-18 22:23:45,243 INFO  [Thread-9] root: Connection closed!
2021-03-18 22:23:45,243 DEBUG [Thread-9] root: Closed conn
2021-03-18 22:23:45,243 INFO  [Thread-9] root: Message sent by server -> Status: MOVE_DATA_SUCCESS
Starting commModule
2021-03-18 22:23:45,245 INFO  [Thread-0] root: Server communication module connected
2021-03-18 22:23:45,246 INFO  [Thread-0] root: Connected to localhost on port 51866
2021-03-18 22:23:45,247 INFO  [Thread-10] root: Message received by server -> Status: UPDATE
received adminmsg
2021-03-18 22:23:45,247 INFO  [Thread-10] root: Message sent by server -> Status: UPDATE_SUCCESS
Starting commModule
2021-03-18 22:23:45,252 INFO  [Thread-0] root: Server communication module connected
2021-03-18 22:23:45,254 INFO  [Thread-0] root: Connected to localhost on port 51868
2021-03-18 22:23:45,255 INFO  [Thread-11] root: Message received by server -> Status: PROPAGATE_ADMIN
received adminmsg
2021-03-18 22:23:45,255 DEBUG [Thread-11] root: Getting successors
2021-03-18 22:23:45,255 DEBUG [Thread-11] root: Got successors
2021-03-18 22:23:45,255 DEBUG [Thread-11] root: Propagating to: 127.0.0.1:50087 127.0.0.1:50111
2021-03-18 22:23:45,256 INFO  [Thread-11] root: Client communication module connected
Starting commModule
2021-03-18 22:23:45,257 INFO  [Thread-0] root: Server communication module connected
2021-03-18 22:23:45,257 INFO  [Thread-11] root: Client communication module connected
2021-03-18 22:23:45,257 DEBUG [Thread-11] root: {}
2021-03-18 22:23:45,257 INFO  [Thread-11] root: Message sent by server -> Status: PROPAGATE_SUCCESS
2021-03-18 22:23:45,258 INFO  [Thread-0] root: Connected to localhost on port 51870
Starting commModule
2021-03-18 22:23:45,272 INFO  [Thread-0] root: Server communication module connected
2021-03-18 22:23:45,273 INFO  [Thread-0] root: Connected to localhost on port 51872
Starting commModule
2021-03-18 22:23:45,935 INFO  [Thread-0] root: Server communication module connected
2021-03-18 22:23:45,936 INFO  [Thread-0] root: Connected to localhost on port 51877
2021-03-18 22:23:45,937 INFO  [Thread-14] root: Message received by server -> Status: UPDATE
received adminmsg
2021-03-18 22:23:45,938 INFO  [Thread-14] root: Message sent by server -> Status: UPDATE_SUCCESS
Starting commModule
2021-03-18 22:23:45,943 INFO  [Thread-0] root: Server communication module connected
2021-03-18 22:23:45,944 INFO  [Thread-0] root: Connected to localhost on port 51879
2021-03-18 22:23:45,945 INFO  [Thread-15] root: Message received by server -> Status: PROPAGATE_ADMIN
received adminmsg
2021-03-18 22:23:45,946 DEBUG [Thread-15] root: Getting successors
2021-03-18 22:23:45,946 DEBUG [Thread-15] root: Got successors
2021-03-18 22:23:45,946 DEBUG [Thread-15] root: Propagating to: 127.0.0.1:50087 127.0.0.1:50082
2021-03-18 22:23:45,947 INFO  [Thread-15] root: Client communication module connected
2021-03-18 22:23:45,947 INFO  [Thread-15] root: Client communication module connected
2021-03-18 22:23:45,947 DEBUG [Thread-15] root: {}
2021-03-18 22:23:45,948 INFO  [Thread-15] root: Message sent by server -> Status: PROPAGATE_SUCCESS
Starting commModule
2021-03-18 22:23:45,952 INFO  [Thread-0] root: Server communication module connected
2021-03-18 22:23:45,953 INFO  [Thread-0] root: Connected to localhost on port 51884
Starting commModule
2021-03-18 22:23:45,954 INFO  [Thread-0] root: Server communication module connected
2021-03-18 22:23:45,954 INFO  [Thread-0] root: Connected to localhost on port 51885
2021-03-18 22:23:45,954 INFO  [Thread-17] root: Message received by server -> Status: MOVE_DATA
received adminmsg
2021-03-18 22:23:45,954 DEBUG [Thread-17] root: Input data: 
2021-03-18 22:23:45,954 DEBUG [Thread-17] root: 7e1289d758d2ce61deaf814ee030890:9b7294000c236929bbd4b55cabd1b8ea
2021-03-18 22:23:45,955 DEBUG [Thread-17] root: 127.0.0.1:50082
2021-03-18 22:23:45,955 INFO  [Thread-17] root: Client communication module connected
2021-03-18 22:23:45,956 DEBUG [Thread-17] root: Host: 127.0.0.1
2021-03-18 22:23:45,956 DEBUG [Thread-17] root: Port: 50082
2021-03-18 22:23:45,956 DEBUG [Thread-17] root: Range: 7e1289d758d2ce61deaf814ee030890:9b7294000c236929bbd4b55cabd1b8ea
2021-03-18 22:23:45,956 DEBUG [Thread-17] root: Starting flush data
2021-03-18 22:23:45,956 DEBUG [Thread-17] root: Finished flush data
2021-03-18 22:23:45,956 DEBUG [Thread-17] root: Closing conn
2021-03-18 22:23:45,956 INFO  [Thread-17] root: Connection closed!
2021-03-18 22:23:45,956 DEBUG [Thread-17] root: Closed conn
2021-03-18 22:23:45,956 INFO  [Thread-17] root: Message sent by server -> Status: MOVE_DATA_SUCCESS
Starting commModule
2021-03-18 22:23:45,957 INFO  [Thread-0] root: Server communication module connected
2021-03-18 22:23:45,958 INFO  [Thread-0] root: Connected to localhost on port 51887
2021-03-18 22:23:45,959 INFO  [Thread-18] root: Message received by server -> Status: UPDATE
received adminmsg
2021-03-18 22:23:45,960 INFO  [Thread-18] root: Message sent by server -> Status: UPDATE_SUCCESS
2021-03-18 22:23:45,966 DEBUG [Thread-0-SendThread(localhost:2181)] org.apache.zookeeper.ClientCnxn: Got ping response for session id: 0x10014bd52700046 after 0ms.
Starting commModule
2021-03-18 22:23:45,967 INFO  [Thread-0] root: Server communication module connected
2021-03-18 22:23:45,968 INFO  [Thread-0] root: Connected to localhost on port 51890
2021-03-18 22:23:45,968 INFO  [Thread-19] root: Message received by server -> Status: PROPAGATE_ADMIN
received adminmsg
2021-03-18 22:23:45,969 DEBUG [Thread-19] root: Getting successors
2021-03-18 22:23:45,969 DEBUG [Thread-19] root: Got successors
2021-03-18 22:23:45,969 DEBUG [Thread-19] root: Propagating to: 127.0.0.1:50087 127.0.0.1:50082
2021-03-18 22:23:45,969 INFO  [Thread-19] root: Client communication module connected
2021-03-18 22:23:45,970 INFO  [Thread-19] root: Client communication module connected
2021-03-18 22:23:45,970 DEBUG [Thread-19] root: {}
2021-03-18 22:23:45,970 INFO  [Thread-19] root: Message sent by server -> Status: PROPAGATE_SUCCESS
Starting commModule
2021-03-18 22:23:45,975 INFO  [Thread-0] root: Server communication module connected
2021-03-18 22:23:45,978 INFO  [Thread-0] root: Connected to localhost on port 51895
Starting commModule
2021-03-18 22:23:45,990 INFO  [Thread-0] root: Server communication module connected
2021-03-18 22:23:45,990 INFO  [Thread-0] root: Connected to localhost on port 51897
Starting commModule
2021-03-18 22:23:46,003 INFO  [Thread-0] root: Server communication module connected
2021-03-18 22:23:46,004 INFO  [Thread-0] root: Connected to localhost on port 51899
2021-03-18 22:23:46,008 INFO  [Thread-22] root: Message received by server -> Status: PUT Key: 1 Value: 1
2021-03-18 22:23:46,008 DEBUG [Thread-22] root: In serve
2021-03-18 22:23:46,008 DEBUG [Thread-22] root: Checking if stopped or write locked
2021-03-18 22:23:46,008 DEBUG [Thread-22] root: PUT request being served
2021-03-18 22:23:46,008 DEBUG [Thread-22] root: Checking if it's in range
2021-03-18 22:23:46,023 DEBUG [Thread-22] root: Got hostname and port -> 127.0.0.1:50111
2021-03-18 22:23:46,023 DEBUG [Thread-22] root: Got metadata range: 9b7294000c236929bbd4b55cabd1b8eb:fbc5570eb677dfefbacf853faffac522
2021-03-18 22:23:46,023 DEBUG [Thread-22] root: 127.0.0.1:50111 -> 9b7294000c236929bbd4b55cabd1b8eb:fbc5570eb677dfefbacf853faffac522
2021-03-18 22:23:46,023 DEBUG [Thread-22] root: 127.0.0.1:50087 -> fbc5570eb677dfefbacf853faffac523:7e1289d758d2ce61deaf814ee03088f
2021-03-18 22:23:46,023 DEBUG [Thread-22] root: 127.0.0.1:50082 -> 7e1289d758d2ce61deaf814ee030890:9b7294000c236929bbd4b55cabd1b8ea
2021-03-18 22:23:46,023 DEBUG [Thread-22] root: Got range big ints
2021-03-18 22:23:46,023 DEBUG [Thread-22] root: Range start < range end
2021-03-18 22:23:46,023 DEBUG [Thread-22] root: Done with range check in server
2021-03-18 22:23:46,023 DEBUG [Thread-22] root: In range
2021-03-18 22:23:46,024 INFO  [Thread-22] root: Put: key = 1, value = 1
2021-03-18 22:23:46,025 DEBUG [Thread-22] root: Getting successors
2021-03-18 22:23:46,025 DEBUG [Thread-22] root: Got successors
2021-03-18 22:23:46,026 DEBUG [Thread-22] root: Propagating to: 127.0.0.1:50087 127.0.0.1:50082
2021-03-18 22:23:46,026 INFO  [Thread-22] root: Client communication module connected
2021-03-18 22:23:46,027 INFO  [Thread-22] root: Client communication module connected
2021-03-18 22:23:46,027 DEBUG [Thread-22] root: {"1":"1"}
2021-03-18 22:23:46,030 INFO  [Thread-22] root: Message sent by client -> Status: PROPAGATE
2021-03-18 22:23:46,031 INFO  [Thread-22] root: Message sent by client -> Status: PROPAGATE
2021-03-18 22:23:46,037 INFO  [Thread-22] root: Message received by client -> Status: PROPAGATE_SUCCESS Key: null Value: null
2021-03-18 22:23:46,039 INFO  [Thread-22] root: Message received by client -> Status: PROPAGATE_SUCCESS Key: null Value: null
2021-03-18 22:23:46,039 INFO  [Thread-22] root: Message sent by server -> Status: PUT_SUCCESS Key: 1 Value: 1
Starting commModule
2021-03-18 22:23:46,041 INFO  [Thread-0] root: Server communication module connected
2021-03-18 22:23:46,042 INFO  [Thread-0] root: Connected to localhost on port 51902
2021-03-18 22:23:47,300 DEBUG [Thread-0-SendThread(localhost:2181)] org.apache.zookeeper.ClientCnxn: Got ping response for session id: 0x10014bd52700046 after 0ms.
2021-03-18 22:23:48,638 DEBUG [Thread-0-SendThread(localhost:2181)] org.apache.zookeeper.ClientCnxn: Got ping response for session id: 0x10014bd52700046 after 1ms.
2021-03-18 22:23:49,972 DEBUG [Thread-0-SendThread(localhost:2181)] org.apache.zookeeper.ClientCnxn: Got ping response for session id: 0x10014bd52700046 after 1ms.
2021-03-18 22:23:51,307 DEBUG [Thread-0-SendThread(localhost:2181)] org.apache.zookeeper.ClientCnxn: Got ping response for session id: 0x10014bd52700046 after 1ms.
2021-03-18 22:23:52,642 DEBUG [Thread-0-SendThread(localhost:2181)] org.apache.zookeeper.ClientCnxn: Got ping response for session id: 0x10014bd52700046 after 0ms.
2021-03-18 22:23:53,981 DEBUG [Thread-0-SendThread(localhost:2181)] org.apache.zookeeper.ClientCnxn: Got ping response for session id: 0x10014bd52700046 after 1ms.
2021-03-18 22:23:55,316 DEBUG [Thread-0-SendThread(localhost:2181)] org.apache.zookeeper.ClientCnxn: Got ping response for session id: 0x10014bd52700046 after 0ms.
2021-03-18 22:23:56,654 DEBUG [Thread-0-SendThread(localhost:2181)] org.apache.zookeeper.ClientCnxn: Got ping response for session id: 0x10014bd52700046 after 1ms.
2021-03-18 22:23:57,990 DEBUG [Thread-0-SendThread(localhost:2181)] org.apache.zookeeper.ClientCnxn: Got ping response for session id: 0x10014bd52700046 after 1ms.
2021-03-18 22:23:59,324 DEBUG [Thread-0-SendThread(localhost:2181)] org.apache.zookeeper.ClientCnxn: Got ping response for session id: 0x10014bd52700046 after 0ms.
2021-03-18 22:24:00,663 DEBUG [Thread-0-SendThread(localhost:2181)] org.apache.zookeeper.ClientCnxn: Got ping response for session id: 0x10014bd52700046 after 0ms.
2021-03-18 22:24:02,001 DEBUG [Thread-0-SendThread(localhost:2181)] org.apache.zookeeper.ClientCnxn: Got ping response for session id: 0x10014bd52700046 after 0ms.
2021-03-18 22:24:03,338 DEBUG [Thread-0-SendThread(localhost:2181)] org.apache.zookeeper.ClientCnxn: Got ping response for session id: 0x10014bd52700046 after 0ms.
2021-03-18 22:24:04,674 DEBUG [Thread-0-SendThread(localhost:2181)] org.apache.zookeeper.ClientCnxn: Got ping response for session id: 0x10014bd52700046 after 2ms.
2021-03-18 22:24:06,008 DEBUG [Thread-0-SendThread(localhost:2181)] org.apache.zookeeper.ClientCnxn: Got ping response for session id: 0x10014bd52700046 after 0ms.
2021-03-18 22:24:07,347 DEBUG [Thread-0-SendThread(localhost:2181)] org.apache.zookeeper.ClientCnxn: Got ping response for session id: 0x10014bd52700046 after 1ms.
2021-03-18 22:24:08,683 DEBUG [Thread-0-SendThread(localhost:2181)] org.apache.zookeeper.ClientCnxn: Got ping response for session id: 0x10014bd52700046 after 0ms.
2021-03-18 22:24:10,017 DEBUG [Thread-0-SendThread(localhost:2181)] org.apache.zookeeper.ClientCnxn: Got ping response for session id: 0x10014bd52700046 after 0ms.
2021-03-18 22:24:11,352 DEBUG [Thread-0-SendThread(localhost:2181)] org.apache.zookeeper.ClientCnxn: Got ping response for session id: 0x10014bd52700046 after 0ms.
2021-03-18 22:24:12,688 DEBUG [Thread-0-SendThread(localhost:2181)] org.apache.zookeeper.ClientCnxn: Got ping response for session id: 0x10014bd52700046 after 0ms.
2021-03-18 22:24:14,021 DEBUG [Thread-0-SendThread(localhost:2181)] org.apache.zookeeper.ClientCnxn: Got ping response for session id: 0x10014bd52700046 after 0ms.
2021-03-18 22:24:15,354 DEBUG [Thread-0-SendThread(localhost:2181)] org.apache.zookeeper.ClientCnxn: Got ping response for session id: 0x10014bd52700046 after 0ms.
2021-03-18 22:24:16,691 DEBUG [Thread-0-SendThread(localhost:2181)] org.apache.zookeeper.ClientCnxn: Got ping response for session id: 0x10014bd52700046 after 0ms.
2021-03-18 22:24:18,025 DEBUG [Thread-0-SendThread(localhost:2181)] org.apache.zookeeper.ClientCnxn: Got ping response for session id: 0x10014bd52700046 after 1ms.
2021-03-18 22:24:19,360 DEBUG [Thread-0-SendThread(localhost:2181)] org.apache.zookeeper.ClientCnxn: Got ping response for session id: 0x10014bd52700046 after 1ms.
Starting commModule
2021-03-18 22:24:20,418 INFO  [Thread-0] root: Server communication module connected
2021-03-18 22:24:20,419 INFO  [Thread-24] root: Message received by server -> Status: SHUTDOWN
received adminmsg
2021-03-18 22:24:20,419 DEBUG [Thread-24] root: Closing the program
2021-03-18 22:24:20,420 INFO  [Thread-24] root: Message sent by server -> Status: SHUTDOWN_SUCCESS
2021-03-18 22:24:20,420 INFO  [Thread-0] root: Connected to localhost on port 51912
2021-03-18 22:24:20,420 INFO  [Thread-0] root: Server stopped.
2021-03-18 22:24:20,420 INFO  [Thread-0] root: Clearing KV Storage...
