2021-03-19 16:20:15,340 INFO  [Thread-0] root: Initialize server ...
2021-03-19 16:20:15,353 INFO  [Thread-0] root: Server listening on port: 50084
2021-03-19 16:20:15,372 INFO  [Thread-0] org.apache.zookeeper.ZooKeeper: Client environment:zookeeper.version=3.6.2--803c7f1a12f85978cb049af5e4ef23bd8b688715, built on 09/04/2020 12:44 GMT
2021-03-19 16:20:15,372 INFO  [Thread-0] org.apache.zookeeper.ZooKeeper: Client environment:host.name=localhost
2021-03-19 16:20:15,372 INFO  [Thread-0] org.apache.zookeeper.ZooKeeper: Client environment:java.version=11.0.10
2021-03-19 16:20:15,372 INFO  [Thread-0] org.apache.zookeeper.ZooKeeper: Client environment:java.vendor=Azul Systems, Inc.
2021-03-19 16:20:15,372 INFO  [Thread-0] org.apache.zookeeper.ZooKeeper: Client environment:java.home=/Users/steve/Library/Java/JavaVirtualMachines/azul-11.0.10/Contents/Home
2021-03-19 16:20:15,372 INFO  [Thread-0] org.apache.zookeeper.ZooKeeper: Client environment:java.class.path=/Users/steve/Desktop/UofT/year4/winter2021/ECE419/milestone3/m3-server.jar
2021-03-19 16:20:15,372 INFO  [Thread-0] org.apache.zookeeper.ZooKeeper: Client environment:java.library.path=/Users/steve/Library/Java/Extensions:/Library/Java/Extensions:/Network/Library/Java/Extensions:/System/Library/Java/Extensions:/usr/lib/java:.
2021-03-19 16:20:15,372 INFO  [Thread-0] org.apache.zookeeper.ZooKeeper: Client environment:java.io.tmpdir=/var/folders/kz/3gb57nkn6ks6_07_dtt5lqvr0000gn/T/
2021-03-19 16:20:15,372 INFO  [Thread-0] org.apache.zookeeper.ZooKeeper: Client environment:java.compiler=<NA>
2021-03-19 16:20:15,372 INFO  [Thread-0] org.apache.zookeeper.ZooKeeper: Client environment:os.name=Mac OS X
2021-03-19 16:20:15,372 INFO  [Thread-0] org.apache.zookeeper.ZooKeeper: Client environment:os.arch=x86_64
2021-03-19 16:20:15,372 INFO  [Thread-0] org.apache.zookeeper.ZooKeeper: Client environment:os.version=10.16
2021-03-19 16:20:15,372 INFO  [Thread-0] org.apache.zookeeper.ZooKeeper: Client environment:user.name=steve
2021-03-19 16:20:15,373 INFO  [Thread-0] org.apache.zookeeper.ZooKeeper: Client environment:user.home=/Users/steve
2021-03-19 16:20:15,373 INFO  [Thread-0] org.apache.zookeeper.ZooKeeper: Client environment:user.dir=/Users/steve
2021-03-19 16:20:15,373 INFO  [Thread-0] org.apache.zookeeper.ZooKeeper: Client environment:os.memory.free=249MB
2021-03-19 16:20:15,373 INFO  [Thread-0] org.apache.zookeeper.ZooKeeper: Client environment:os.memory.max=4096MB
2021-03-19 16:20:15,373 INFO  [Thread-0] org.apache.zookeeper.ZooKeeper: Client environment:os.memory.total=256MB
2021-03-19 16:20:15,376 INFO  [Thread-0] org.apache.zookeeper.ZooKeeper: Initiating client connection, connectString=localhost:2181 sessionTimeout=3000 watcher=app_kvServer.KVServer$1@48a00dff
2021-03-19 16:20:15,379 INFO  [Thread-0] org.apache.zookeeper.common.X509Util: Setting -D jdk.tls.rejectClientInitiatedRenegotiation=true to disable client-initiated TLS renegotiation
2021-03-19 16:20:15,389 INFO  [Thread-0] org.apache.zookeeper.ClientCnxnSocket: jute.maxbuffer value is 1048575 Bytes
2021-03-19 16:20:15,396 INFO  [Thread-0] org.apache.zookeeper.ClientCnxn: zookeeper.request.timeout value is 0. feature enabled=false
2021-03-19 16:20:15,404 DEBUG [Thread-0-SendThread(localhost:2181)] org.apache.zookeeper.SaslServerPrincipal: Canonicalized address to localhost
2021-03-19 16:20:15,406 INFO  [Thread-0-SendThread(localhost:2181)] org.apache.zookeeper.ClientCnxn: Opening socket connection to server localhost/0:0:0:0:0:0:0:1:2181.
2021-03-19 16:20:15,406 INFO  [Thread-0-SendThread(localhost:2181)] org.apache.zookeeper.ClientCnxn: SASL config status: Will not attempt to authenticate using SASL (unknown error)
2021-03-19 16:20:15,420 INFO  [Thread-0-SendThread(localhost:2181)] org.apache.zookeeper.ClientCnxn: Socket connection established, initiating session, client: /0:0:0:0:0:0:0:1:63388, server: localhost/0:0:0:0:0:0:0:1:2181
2021-03-19 16:20:15,421 DEBUG [Thread-0-SendThread(localhost:2181)] org.apache.zookeeper.ClientCnxn: Session establishment request sent on localhost/0:0:0:0:0:0:0:1:2181
2021-03-19 16:20:15,451 TRACE [Thread-0-SendThread(localhost:2181)] org.apache.zookeeper.ClientCnxnSocket: readConnectResult 37 0x[0,0,0,0,0,0,f,ffffffa0,1,0,14,ffffffbd,52,70,2,18,0,0,0,10,fffffffc,ffffffe6,78,1c,33,ffffffdf,ffffffc8,10,ffffffdd,ffffffd2,22,5b,d,10,69,25,0,]
2021-03-19 16:20:15,454 INFO  [Thread-0-SendThread(localhost:2181)] org.apache.zookeeper.ClientCnxn: Session establishment complete on server localhost/0:0:0:0:0:0:0:1:2181, session id = 0x10014bd52700218, negotiated timeout = 4000
2021-03-19 16:20:15,457 DEBUG [Thread-0-EventThread] root: ZK event: 
2021-03-19 16:20:15,457 DEBUG [Thread-0-EventThread] root: WatchedEvent state:SyncConnected type:None path:null
2021-03-19 16:20:15,484 DEBUG [Thread-0-SendThread(localhost:2181)] org.apache.zookeeper.ClientCnxn: Reading reply session id: 0x10014bd52700218, packet:: clientPath:null serverPath:null finished:false header:: 1,1  replyHeader:: 1,1729,0  request:: '/keeper/server85,,v{s{31,s{'world,'anyone}}},1  response:: '/keeper/server85 
2021-03-19 16:20:15,489 DEBUG [Thread-0-SendThread(localhost:2181)] org.apache.zookeeper.ClientCnxn: Reading reply session id: 0x10014bd52700218, packet:: clientPath:null serverPath:null finished:false header:: 2,3  replyHeader:: 2,1729,0  request:: '/keeper/server85,T  response:: s{1729,1729,1616185215457,1616185215457,0,0,0,72080397402374680,0,0,1729} 
2021-03-19 16:20:15,515 DEBUG [Thread-0-SendThread(localhost:2181)] org.apache.zookeeper.ClientCnxn: Got notification session id: 0x10014bd52700218
2021-03-19 16:20:15,517 DEBUG [Thread-0-SendThread(localhost:2181)] org.apache.zookeeper.ClientCnxn: Got WatchedEvent state:SyncConnected type:NodeDataChanged path:/keeper/server85 for session id 0x10014bd52700218
2021-03-19 16:20:15,518 DEBUG [Thread-0-EventThread] root: ZK event: 
2021-03-19 16:20:15,518 DEBUG [Thread-0-EventThread] root: WatchedEvent state:SyncConnected type:NodeDataChanged path:/keeper/server85
2021-03-19 16:20:15,519 DEBUG [Thread-0-SendThread(localhost:2181)] org.apache.zookeeper.ClientCnxn: Reading reply session id: 0x10014bd52700218, packet:: clientPath:null serverPath:null finished:false header:: 3,5  replyHeader:: 3,1730,0  request:: '/keeper/server85,#3132372e302e302e313a3530303834,0  response:: s{1729,1730,1616185215457,1616185215490,1,0,0,72080397402374680,15,0,1729} 
2021-03-19 16:20:15,519 INFO  [Thread-0] root: Node created at: /keeper/server85
Starting commModule
2021-03-19 16:20:15,526 INFO  [Thread-0] root: Server communication module connected
2021-03-19 16:20:15,527 INFO  [Thread-0] root: Connected to localhost on port 63389
2021-03-19 16:20:15,536 INFO  [Thread-1] root: Message received by server -> Status: INIT_SERVER
received adminmsg
2021-03-19 16:20:15,537 INFO  [Thread-1] root: Message sent by server -> Status: INIT_SERVER_SUCCESS
2021-03-19 16:20:15,537 INFO  [Thread-1] root: Message received by server -> Status: START
received adminmsg
2021-03-19 16:20:15,538 INFO  [Thread-1] root: Message sent by server -> Status: START_SUCCESS
Starting commModule
2021-03-19 16:20:15,553 INFO  [Thread-0] root: Server communication module connected
2021-03-19 16:20:15,554 INFO  [Thread-0] root: Connected to localhost on port 63395
Starting commModule
2021-03-19 16:20:15,567 INFO  [Thread-0] root: Server communication module connected
2021-03-19 16:20:15,567 INFO  [Thread-0] root: Connected to localhost on port 63405
Starting commModule
2021-03-19 16:20:15,570 INFO  [Thread-0] root: Server communication module connected
2021-03-19 16:20:15,570 INFO  [Thread-0] root: Connected to localhost on port 63407
Starting commModule
2021-03-19 16:20:15,582 INFO  [Thread-0] root: Server communication module connected
2021-03-19 16:20:15,583 INFO  [Thread-0] root: Connected to localhost on port 63412
2021-03-19 16:20:15,584 INFO  [Thread-5] root: Message received by server -> Status: UPDATE
received adminmsg
2021-03-19 16:20:15,585 INFO  [Thread-5] root: Message sent by server -> Status: UPDATE_SUCCESS
Starting commModule
2021-03-19 16:20:15,589 INFO  [Thread-0] root: Server communication module connected
2021-03-19 16:20:15,590 INFO  [Thread-0] root: Connected to localhost on port 63414
Starting commModule
2021-03-19 16:20:15,601 INFO  [Thread-0] root: Server communication module connected
2021-03-19 16:20:15,602 INFO  [Thread-0] root: Connected to localhost on port 63424
Starting commModule
2021-03-19 16:20:15,602 INFO  [Thread-0] root: Server communication module connected
2021-03-19 16:20:15,603 INFO  [Thread-0] root: Connected to localhost on port 63425
2021-03-19 16:20:15,604 INFO  [Thread-8] root: Message received by server -> Status: PROPAGATE_ADMIN
received adminmsg
2021-03-19 16:20:15,610 DEBUG [Thread-8] root: Getting successors
2021-03-19 16:20:15,610 DEBUG [Thread-8] root: Got successors
2021-03-19 16:20:15,610 DEBUG [Thread-8] root: Propagating to: 127.0.0.1:50036 127.0.0.1:50065
2021-03-19 16:20:15,613 INFO  [Thread-8] root: Client communication module connected
2021-03-19 16:20:15,614 INFO  [Thread-8] root: Client communication module connected
2021-03-19 16:20:15,614 DEBUG [Thread-8] root: {}
2021-03-19 16:20:15,614 INFO  [Thread-8] root: Message sent by server -> Status: PROPAGATE_SUCCESS
2021-03-19 16:20:16,829 DEBUG [Thread-0-SendThread(localhost:2181)] org.apache.zookeeper.ClientCnxn: Got ping response for session id: 0x10014bd52700218 after 1ms.
2021-03-19 16:20:18,166 DEBUG [Thread-0-SendThread(localhost:2181)] org.apache.zookeeper.ClientCnxn: Got ping response for session id: 0x10014bd52700218 after 0ms.
2021-03-19 16:20:19,505 DEBUG [Thread-0-SendThread(localhost:2181)] org.apache.zookeeper.ClientCnxn: Got ping response for session id: 0x10014bd52700218 after 0ms.
Starting commModule
2021-03-19 16:20:20,677 INFO  [Thread-0] root: Server communication module connected
2021-03-19 16:20:20,677 INFO  [Thread-0] root: Connected to localhost on port 63438
2021-03-19 16:20:20,679 INFO  [Thread-9] root: Message received by server -> Status: GET_METADATA Key: nothing Value: nothing
2021-03-19 16:20:20,679 DEBUG [Thread-9] root: In serve
2021-03-19 16:20:20,679 DEBUG [Thread-9] root: Checking if stopped or write locked
2021-03-19 16:20:20,680 DEBUG [Thread-9] root: Case GET_METADATA
2021-03-19 16:20:20,688 INFO  [Thread-9] root: Message sent by server -> Status: GET_METADATA_SUCCESS Key: nothing Value: nothing
2021-03-19 16:20:20,688 INFO  [Thread-9] root: Message received by server -> Status: PUT Key: 4 Value: MNS4
2021-03-19 16:20:20,688 DEBUG [Thread-9] root: In serve
2021-03-19 16:20:20,688 DEBUG [Thread-9] root: Checking if stopped or write locked
2021-03-19 16:20:20,688 DEBUG [Thread-9] root: PUT request being served
2021-03-19 16:20:20,689 DEBUG [Thread-9] root: Checking if it's in range
2021-03-19 16:20:20,690 DEBUG [Thread-9] root: Got hostname and port -> 127.0.0.1:50084
2021-03-19 16:20:20,690 DEBUG [Thread-9] root: Got metadata range: 534ebf1693f15d4e96bbf83e92570e02:a8bb92606ca27789af6c077da3955bcd
2021-03-19 16:20:20,690 DEBUG [Thread-9] root: 127.0.0.1:50047 -> 2c6ed99e5244f3eeabdede7297c35790:4c6c123a892c4f3ac4906ac76a38bcaf
2021-03-19 16:20:20,690 DEBUG [Thread-9] root: 127.0.0.1:50036 -> a8bb92606ca27789af6c077da3955bce:e65098d2af86c1e2bcc991a809156600
2021-03-19 16:20:20,690 DEBUG [Thread-9] root: 127.0.0.1:50084 -> 534ebf1693f15d4e96bbf83e92570e02:a8bb92606ca27789af6c077da3955bcd
2021-03-19 16:20:20,690 DEBUG [Thread-9] root: 127.0.0.1:50065 -> e65098d2af86c1e2bcc991a809156601:2c6ed99e5244f3eeabdede7297c3578f
2021-03-19 16:20:20,690 DEBUG [Thread-9] root: 127.0.0.1:50080 -> 4c6c123a892c4f3ac4906ac76a38bcb0:534ebf1693f15d4e96bbf83e92570e01
2021-03-19 16:20:20,690 DEBUG [Thread-9] root: Got range big ints
2021-03-19 16:20:20,690 DEBUG [Thread-9] root: Range start < range end
2021-03-19 16:20:20,690 DEBUG [Thread-9] root: Done with range check in server
2021-03-19 16:20:20,690 DEBUG [Thread-9] root: In range
2021-03-19 16:20:20,691 INFO  [Thread-9] root: Put: key = 4, value = MNS4
2021-03-19 16:20:20,692 DEBUG [Thread-9] root: Getting successors
2021-03-19 16:20:20,692 DEBUG [Thread-9] root: Got successors
2021-03-19 16:20:20,692 DEBUG [Thread-9] root: Propagating to: 127.0.0.1:50036 127.0.0.1:50065
2021-03-19 16:20:20,692 INFO  [Thread-9] root: Client communication module connected
2021-03-19 16:20:20,693 INFO  [Thread-9] root: Client communication module connected
2021-03-19 16:20:20,693 DEBUG [Thread-9] root: {"4":"MNS4"}
2021-03-19 16:20:20,694 INFO  [Thread-9] root: Message sent by client -> Status: PROPAGATE
2021-03-19 16:20:20,694 INFO  [Thread-9] root: Message sent by client -> Status: PROPAGATE
2021-03-19 16:20:20,698 INFO  [Thread-9] root: Message received by client -> Status: PROPAGATE_SUCCESS Key: null Value: null
2021-03-19 16:20:20,698 INFO  [Thread-9] root: Message received by client -> Status: PROPAGATE_SUCCESS Key: null Value: null
2021-03-19 16:20:20,699 INFO  [Thread-9] root: Message sent by server -> Status: PUT_SUCCESS Key: 4 Value: MNS4
Starting commModule
2021-03-19 16:20:20,719 INFO  [Thread-0] root: Server communication module connected
2021-03-19 16:20:20,720 INFO  [Thread-0] root: Connected to localhost on port 63447
2021-03-19 16:20:20,721 INFO  [Thread-10] root: Message received by server -> Status: GET_METADATA Key: nothing Value: nothing
2021-03-19 16:20:20,721 DEBUG [Thread-10] root: In serve
2021-03-19 16:20:20,721 DEBUG [Thread-10] root: Checking if stopped or write locked
2021-03-19 16:20:20,721 DEBUG [Thread-10] root: Case GET_METADATA
2021-03-19 16:20:20,722 INFO  [Thread-10] root: Message sent by server -> Status: GET_METADATA_SUCCESS Key: nothing Value: nothing
2021-03-19 16:20:20,722 INFO  [Thread-10] root: Message received by server -> Status: PUT Key: 7 Value: MNS7
2021-03-19 16:20:20,722 DEBUG [Thread-10] root: In serve
2021-03-19 16:20:20,722 DEBUG [Thread-10] root: Checking if stopped or write locked
2021-03-19 16:20:20,722 DEBUG [Thread-10] root: PUT request being served
2021-03-19 16:20:20,722 DEBUG [Thread-10] root: Checking if it's in range
2021-03-19 16:20:20,722 DEBUG [Thread-10] root: Got hostname and port -> 127.0.0.1:50084
2021-03-19 16:20:20,722 DEBUG [Thread-10] root: Got metadata range: 534ebf1693f15d4e96bbf83e92570e02:a8bb92606ca27789af6c077da3955bcd
2021-03-19 16:20:20,722 DEBUG [Thread-10] root: 127.0.0.1:50047 -> 2c6ed99e5244f3eeabdede7297c35790:4c6c123a892c4f3ac4906ac76a38bcaf
2021-03-19 16:20:20,722 DEBUG [Thread-10] root: 127.0.0.1:50036 -> a8bb92606ca27789af6c077da3955bce:e65098d2af86c1e2bcc991a809156600
2021-03-19 16:20:20,722 DEBUG [Thread-10] root: 127.0.0.1:50084 -> 534ebf1693f15d4e96bbf83e92570e02:a8bb92606ca27789af6c077da3955bcd
2021-03-19 16:20:20,722 DEBUG [Thread-10] root: 127.0.0.1:50065 -> e65098d2af86c1e2bcc991a809156601:2c6ed99e5244f3eeabdede7297c3578f
2021-03-19 16:20:20,723 DEBUG [Thread-10] root: 127.0.0.1:50080 -> 4c6c123a892c4f3ac4906ac76a38bcb0:534ebf1693f15d4e96bbf83e92570e01
2021-03-19 16:20:20,723 DEBUG [Thread-10] root: Got range big ints
2021-03-19 16:20:20,723 DEBUG [Thread-10] root: Range start < range end
2021-03-19 16:20:20,723 DEBUG [Thread-10] root: Done with range check in server
2021-03-19 16:20:20,723 DEBUG [Thread-10] root: In range
2021-03-19 16:20:20,723 INFO  [Thread-10] root: Put: key = 7, value = MNS7
2021-03-19 16:20:20,723 DEBUG [Thread-10] root: Getting successors
2021-03-19 16:20:20,723 DEBUG [Thread-10] root: Got successors
2021-03-19 16:20:20,724 DEBUG [Thread-10] root: Propagating to: 127.0.0.1:50036 127.0.0.1:50065
2021-03-19 16:20:20,724 INFO  [Thread-10] root: Client communication module connected
2021-03-19 16:20:20,724 INFO  [Thread-10] root: Client communication module connected
2021-03-19 16:20:20,725 DEBUG [Thread-10] root: {"7":"MNS7"}
2021-03-19 16:20:20,725 INFO  [Thread-10] root: Message sent by client -> Status: PROPAGATE
2021-03-19 16:20:20,726 INFO  [Thread-10] root: Message sent by client -> Status: PROPAGATE
2021-03-19 16:20:20,727 INFO  [Thread-10] root: Message received by client -> Status: PROPAGATE_SUCCESS Key: null Value: null
2021-03-19 16:20:20,728 INFO  [Thread-10] root: Message received by client -> Status: PROPAGATE_SUCCESS Key: null Value: null
2021-03-19 16:20:20,728 INFO  [Thread-10] root: Message sent by server -> Status: PUT_SUCCESS Key: 7 Value: MNS7
Starting commModule
2021-03-19 16:20:20,755 INFO  [Thread-0] root: Server communication module connected
2021-03-19 16:20:20,756 INFO  [Thread-0] root: Connected to localhost on port 63455
2021-03-19 16:20:20,757 INFO  [Thread-11] root: Message received by server -> Status: PROPAGATE
2021-03-19 16:20:20,757 DEBUG [Thread-11] root: In serve
2021-03-19 16:20:20,757 DEBUG [Thread-11] root: Checking if stopped or write locked
2021-03-19 16:20:20,757 DEBUG [Thread-11] root: Case propagate
2021-03-19 16:20:20,757 DEBUG [Thread-11] root: Passing to server
2021-03-19 16:20:20,757 DEBUG [Thread-11] root: Getting Predecessors
2021-03-19 16:20:20,757 DEBUG [Thread-11] root: Looking for 127.0.0.1:50084
2021-03-19 16:20:20,757 DEBUG [Thread-11] root: [127.0.0.1:50065, 127.0.0.1:50047, 127.0.0.1:50080, 127.0.0.1:50084, 127.0.0.1:50036]
2021-03-19 16:20:20,757 DEBUG [Thread-11] root: Predecessors:
2021-03-19 16:20:20,757 DEBUG [Thread-11] root: [127.0.0.1:50047, 127.0.0.1:50080]
2021-03-19 16:20:20,757 DEBUG [Thread-11] root: Looking for 127.0.0.1:50047
2021-03-19 16:20:20,757 DEBUG [Thread-11] root: Index of predecessor: 0
2021-03-19 16:20:20,757 DEBUG [Thread-11] root: Server Stuff
2021-03-19 16:20:20,758 INFO  [Thread-11] root: Put: key = 9, value = MNS9
2021-03-19 16:20:20,758 INFO  [Thread-11] root: Message sent by server -> Status: PROPAGATE_SUCCESS Key: null Value: null
Starting commModule
2021-03-19 16:20:20,817 INFO  [Thread-0] root: Server communication module connected
2021-03-19 16:20:20,818 INFO  [Thread-0] root: Connected to localhost on port 63472
2021-03-19 16:20:20,819 INFO  [Thread-12] root: Message received by server -> Status: GET_METADATA Key: nothing Value: nothing
2021-03-19 16:20:20,819 DEBUG [Thread-12] root: In serve
2021-03-19 16:20:20,819 DEBUG [Thread-12] root: Checking if stopped or write locked
2021-03-19 16:20:20,819 DEBUG [Thread-12] root: Case GET_METADATA
2021-03-19 16:20:20,819 INFO  [Thread-12] root: Message sent by server -> Status: GET_METADATA_SUCCESS Key: nothing Value: nothing
2021-03-19 16:20:20,819 INFO  [Thread-12] root: Message received by server -> Status: PUT Key: 4 Value: null
2021-03-19 16:20:20,819 DEBUG [Thread-12] root: In serve
2021-03-19 16:20:20,820 DEBUG [Thread-12] root: Checking if stopped or write locked
2021-03-19 16:20:20,820 DEBUG [Thread-12] root: PUT request being served
2021-03-19 16:20:20,820 DEBUG [Thread-12] root: Checking if it's in range
2021-03-19 16:20:20,820 DEBUG [Thread-12] root: Got hostname and port -> 127.0.0.1:50084
2021-03-19 16:20:20,820 DEBUG [Thread-12] root: Got metadata range: 534ebf1693f15d4e96bbf83e92570e02:a8bb92606ca27789af6c077da3955bcd
2021-03-19 16:20:20,820 DEBUG [Thread-12] root: 127.0.0.1:50047 -> 2c6ed99e5244f3eeabdede7297c35790:4c6c123a892c4f3ac4906ac76a38bcaf
2021-03-19 16:20:20,820 DEBUG [Thread-12] root: 127.0.0.1:50036 -> a8bb92606ca27789af6c077da3955bce:e65098d2af86c1e2bcc991a809156600
2021-03-19 16:20:20,820 DEBUG [Thread-12] root: 127.0.0.1:50084 -> 534ebf1693f15d4e96bbf83e92570e02:a8bb92606ca27789af6c077da3955bcd
2021-03-19 16:20:20,820 DEBUG [Thread-12] root: 127.0.0.1:50065 -> e65098d2af86c1e2bcc991a809156601:2c6ed99e5244f3eeabdede7297c3578f
2021-03-19 16:20:20,820 DEBUG [Thread-12] root: 127.0.0.1:50080 -> 4c6c123a892c4f3ac4906ac76a38bcb0:534ebf1693f15d4e96bbf83e92570e01
2021-03-19 16:20:20,820 DEBUG [Thread-12] root: Got range big ints
2021-03-19 16:20:20,820 DEBUG [Thread-12] root: Range start < range end
2021-03-19 16:20:20,820 DEBUG [Thread-12] root: Done with range check in server
2021-03-19 16:20:20,820 DEBUG [Thread-12] root: In range
2021-03-19 16:20:20,821 INFO  [Thread-12] root: Delete: key = 4
2021-03-19 16:20:20,821 INFO  [Thread-12] root: Updating storage
2021-03-19 16:20:20,821 DEBUG [Thread-12] root: Getting successors
2021-03-19 16:20:20,821 DEBUG [Thread-12] root: Got successors
2021-03-19 16:20:20,821 DEBUG [Thread-12] root: Propagating to: 127.0.0.1:50036 127.0.0.1:50065
2021-03-19 16:20:20,822 INFO  [Thread-12] root: Client communication module connected
2021-03-19 16:20:20,822 INFO  [Thread-12] root: Client communication module connected
2021-03-19 16:20:20,822 DEBUG [Thread-12] root: {"4":null}
2021-03-19 16:20:20,822 INFO  [Thread-12] root: Message sent by client -> Status: PROPAGATE
2021-03-19 16:20:20,823 INFO  [Thread-12] root: Message sent by client -> Status: PROPAGATE
2021-03-19 16:20:20,825 INFO  [Thread-12] root: Message received by client -> Status: PROPAGATE_SUCCESS Key: null Value: null
2021-03-19 16:20:20,825 INFO  [Thread-12] root: Message received by client -> Status: PROPAGATE_SUCCESS Key: null Value: null
2021-03-19 16:20:20,825 INFO  [Thread-12] root: Message sent by server -> Status: DELETE_SUCCESS Key: 4 Value: null
2021-03-19 16:20:20,838 DEBUG [Thread-0-SendThread(localhost:2181)] org.apache.zookeeper.ClientCnxn: Got ping response for session id: 0x10014bd52700218 after 0ms.
Starting commModule
2021-03-19 16:20:20,840 INFO  [Thread-0] root: Server communication module connected
2021-03-19 16:20:20,841 INFO  [Thread-0] root: Connected to localhost on port 63481
2021-03-19 16:20:20,842 INFO  [Thread-13] root: Message received by server -> Status: GET_METADATA Key: nothing Value: nothing
2021-03-19 16:20:20,842 DEBUG [Thread-13] root: In serve
2021-03-19 16:20:20,842 DEBUG [Thread-13] root: Checking if stopped or write locked
2021-03-19 16:20:20,842 DEBUG [Thread-13] root: Case GET_METADATA
2021-03-19 16:20:20,842 INFO  [Thread-13] root: Message sent by server -> Status: GET_METADATA_SUCCESS Key: nothing Value: nothing
2021-03-19 16:20:20,842 INFO  [Thread-13] root: Message received by server -> Status: PUT Key: 7 Value: null
2021-03-19 16:20:20,842 DEBUG [Thread-13] root: In serve
2021-03-19 16:20:20,843 DEBUG [Thread-13] root: Checking if stopped or write locked
2021-03-19 16:20:20,843 DEBUG [Thread-13] root: PUT request being served
2021-03-19 16:20:20,843 DEBUG [Thread-13] root: Checking if it's in range
2021-03-19 16:20:20,843 DEBUG [Thread-13] root: Got hostname and port -> 127.0.0.1:50084
2021-03-19 16:20:20,843 DEBUG [Thread-13] root: Got metadata range: 534ebf1693f15d4e96bbf83e92570e02:a8bb92606ca27789af6c077da3955bcd
2021-03-19 16:20:20,843 DEBUG [Thread-13] root: 127.0.0.1:50047 -> 2c6ed99e5244f3eeabdede7297c35790:4c6c123a892c4f3ac4906ac76a38bcaf
2021-03-19 16:20:20,843 DEBUG [Thread-13] root: 127.0.0.1:50036 -> a8bb92606ca27789af6c077da3955bce:e65098d2af86c1e2bcc991a809156600
2021-03-19 16:20:20,843 DEBUG [Thread-13] root: 127.0.0.1:50084 -> 534ebf1693f15d4e96bbf83e92570e02:a8bb92606ca27789af6c077da3955bcd
2021-03-19 16:20:20,843 DEBUG [Thread-13] root: 127.0.0.1:50065 -> e65098d2af86c1e2bcc991a809156601:2c6ed99e5244f3eeabdede7297c3578f
2021-03-19 16:20:20,843 DEBUG [Thread-13] root: 127.0.0.1:50080 -> 4c6c123a892c4f3ac4906ac76a38bcb0:534ebf1693f15d4e96bbf83e92570e01
2021-03-19 16:20:20,843 DEBUG [Thread-13] root: Got range big ints
2021-03-19 16:20:20,843 DEBUG [Thread-13] root: Range start < range end
2021-03-19 16:20:20,843 DEBUG [Thread-13] root: Done with range check in server
2021-03-19 16:20:20,843 DEBUG [Thread-13] root: In range
2021-03-19 16:20:20,843 INFO  [Thread-13] root: Delete: key = 7
2021-03-19 16:20:20,843 INFO  [Thread-13] root: Updating storage
2021-03-19 16:20:20,844 DEBUG [Thread-13] root: Getting successors
2021-03-19 16:20:20,844 DEBUG [Thread-13] root: Got successors
2021-03-19 16:20:20,844 DEBUG [Thread-13] root: Propagating to: 127.0.0.1:50036 127.0.0.1:50065
2021-03-19 16:20:20,845 INFO  [Thread-13] root: Client communication module connected
2021-03-19 16:20:20,845 INFO  [Thread-13] root: Client communication module connected
2021-03-19 16:20:20,845 DEBUG [Thread-13] root: {"7":null}
2021-03-19 16:20:20,846 INFO  [Thread-13] root: Message sent by client -> Status: PROPAGATE
2021-03-19 16:20:20,846 INFO  [Thread-13] root: Message sent by client -> Status: PROPAGATE
2021-03-19 16:20:20,848 INFO  [Thread-13] root: Message received by client -> Status: PROPAGATE_SUCCESS Key: null Value: null
2021-03-19 16:20:20,848 INFO  [Thread-13] root: Message received by client -> Status: PROPAGATE_SUCCESS Key: null Value: null
2021-03-19 16:20:20,848 INFO  [Thread-13] root: Message sent by server -> Status: DELETE_SUCCESS Key: 7 Value: null
Starting commModule
2021-03-19 16:20:20,861 INFO  [Thread-0] root: Server communication module connected
2021-03-19 16:20:20,861 INFO  [Thread-0] root: Connected to localhost on port 63489
2021-03-19 16:20:20,863 INFO  [Thread-14] root: Message received by server -> Status: PROPAGATE
2021-03-19 16:20:20,863 DEBUG [Thread-14] root: In serve
2021-03-19 16:20:20,863 DEBUG [Thread-14] root: Checking if stopped or write locked
2021-03-19 16:20:20,863 DEBUG [Thread-14] root: Case propagate
2021-03-19 16:20:20,863 DEBUG [Thread-14] root: Passing to server
2021-03-19 16:20:20,863 DEBUG [Thread-14] root: Getting Predecessors
2021-03-19 16:20:20,863 DEBUG [Thread-14] root: Looking for 127.0.0.1:50084
2021-03-19 16:20:20,863 DEBUG [Thread-14] root: [127.0.0.1:50065, 127.0.0.1:50047, 127.0.0.1:50080, 127.0.0.1:50084, 127.0.0.1:50036]
2021-03-19 16:20:20,863 DEBUG [Thread-14] root: Predecessors:
2021-03-19 16:20:20,863 DEBUG [Thread-14] root: [127.0.0.1:50047, 127.0.0.1:50080]
2021-03-19 16:20:20,863 DEBUG [Thread-14] root: Looking for 127.0.0.1:50047
2021-03-19 16:20:20,863 DEBUG [Thread-14] root: Index of predecessor: 0
2021-03-19 16:20:20,863 DEBUG [Thread-14] root: Server Stuff
2021-03-19 16:20:20,864 INFO  [Thread-14] root: Delete: key = 9
2021-03-19 16:20:20,864 INFO  [Thread-14] root: Updating storage
2021-03-19 16:20:20,864 INFO  [Thread-14] root: Message sent by server -> Status: PROPAGATE_SUCCESS Key: null Value: null
2021-03-19 16:20:22,176 DEBUG [Thread-0-SendThread(localhost:2181)] org.apache.zookeeper.ClientCnxn: Got ping response for session id: 0x10014bd52700218 after 0ms.
2021-03-19 16:20:23,516 DEBUG [Thread-0-SendThread(localhost:2181)] org.apache.zookeeper.ClientCnxn: Got ping response for session id: 0x10014bd52700218 after 1ms.
Starting commModule
2021-03-19 16:20:24,588 INFO  [Thread-0] root: Server communication module connected
2021-03-19 16:20:24,589 INFO  [Thread-0] root: Connected to localhost on port 63499
2021-03-19 16:20:24,589 INFO  [Thread-15] root: Message received by server -> Status: UPDATE
received adminmsg
2021-03-19 16:20:24,590 INFO  [Thread-15] root: Message sent by server -> Status: UPDATE_SUCCESS
Starting commModule
2021-03-19 16:20:24,592 INFO  [Thread-0] root: Server communication module connected
2021-03-19 16:20:24,593 INFO  [Thread-0] root: Connected to localhost on port 63501
Starting commModule
2021-03-19 16:20:24,604 INFO  [Thread-0] root: Server communication module connected
2021-03-19 16:20:24,605 INFO  [Thread-0] root: Connected to localhost on port 63508
Starting commModule
2021-03-19 16:20:24,606 INFO  [Thread-0] root: Server communication module connected
2021-03-19 16:20:24,607 INFO  [Thread-0] root: Connected to localhost on port 63509
2021-03-19 16:20:24,608 INFO  [Thread-18] root: Message received by server -> Status: PROPAGATE_ADMIN
received adminmsg
2021-03-19 16:20:24,608 DEBUG [Thread-18] root: Getting successors
2021-03-19 16:20:24,608 DEBUG [Thread-18] root: Got successors
2021-03-19 16:20:24,608 DEBUG [Thread-18] root: Propagating to: 127.0.0.1:50036 127.0.0.1:50047
2021-03-19 16:20:24,609 INFO  [Thread-18] root: Client communication module connected
2021-03-19 16:20:24,610 INFO  [Thread-18] root: Client communication module connected
2021-03-19 16:20:24,610 DEBUG [Thread-18] root: {}
2021-03-19 16:20:24,610 INFO  [Thread-18] root: Message sent by server -> Status: PROPAGATE_SUCCESS
2021-03-19 16:20:24,849 DEBUG [Thread-0-SendThread(localhost:2181)] org.apache.zookeeper.ClientCnxn: Got ping response for session id: 0x10014bd52700218 after 0ms.
Starting commModule
2021-03-19 16:20:25,132 INFO  [Thread-0] root: Server communication module connected
2021-03-19 16:20:25,132 INFO  [Thread-0] root: Connected to localhost on port 63518
2021-03-19 16:20:25,133 INFO  [Thread-19] root: Message received by server -> Status: UPDATE
received adminmsg
2021-03-19 16:20:25,134 INFO  [Thread-19] root: Message sent by server -> Status: UPDATE_SUCCESS
Starting commModule
2021-03-19 16:20:25,137 INFO  [Thread-0] root: Server communication module connected
2021-03-19 16:20:25,137 INFO  [Thread-0] root: Connected to localhost on port 63520
Starting commModule
2021-03-19 16:20:25,143 INFO  [Thread-0] root: Server communication module connected
2021-03-19 16:20:25,143 INFO  [Thread-0] root: Connected to localhost on port 63527
Starting commModule
2021-03-19 16:20:25,144 INFO  [Thread-0] root: Server communication module connected
2021-03-19 16:20:25,144 INFO  [Thread-0] root: Connected to localhost on port 63528
2021-03-19 16:20:25,145 INFO  [Thread-22] root: Message received by server -> Status: PROPAGATE_ADMIN
received adminmsg
2021-03-19 16:20:25,145 DEBUG [Thread-22] root: Getting successors
2021-03-19 16:20:25,145 DEBUG [Thread-22] root: Got successors
2021-03-19 16:20:25,145 DEBUG [Thread-22] root: Propagating to: 127.0.0.1:50104 127.0.0.1:50036
2021-03-19 16:20:25,145 INFO  [Thread-22] root: Client communication module connected
2021-03-19 16:20:25,146 INFO  [Thread-22] root: Client communication module connected
2021-03-19 16:20:25,146 DEBUG [Thread-22] root: {}
2021-03-19 16:20:25,146 INFO  [Thread-22] root: Message sent by server -> Status: PROPAGATE_SUCCESS
Starting commModule
2021-03-19 16:20:25,155 INFO  [Thread-0] root: Server communication module connected
2021-03-19 16:20:25,156 INFO  [Thread-0] root: Connected to localhost on port 63536
2021-03-19 16:20:25,156 INFO  [Thread-23] root: Message received by server -> Status: UPDATE
received adminmsg
2021-03-19 16:20:25,157 INFO  [Thread-23] root: Message sent by server -> Status: UPDATE_SUCCESS
Starting commModule
2021-03-19 16:20:25,163 INFO  [Thread-0] root: Server communication module connected
2021-03-19 16:20:25,163 INFO  [Thread-0] root: Connected to localhost on port 63539
Starting commModule
2021-03-19 16:20:25,168 INFO  [Thread-0] root: Server communication module connected
2021-03-19 16:20:25,169 INFO  [Thread-0] root: Connected to localhost on port 63546
Starting commModule
2021-03-19 16:20:25,169 INFO  [Thread-0] root: Server communication module connected
2021-03-19 16:20:25,170 INFO  [Thread-0] root: Connected to localhost on port 63547
2021-03-19 16:20:25,170 INFO  [Thread-26] root: Message received by server -> Status: PROPAGATE_ADMIN
received adminmsg
2021-03-19 16:20:25,171 DEBUG [Thread-26] root: Getting successors
2021-03-19 16:20:25,171 DEBUG [Thread-26] root: Got successors
2021-03-19 16:20:25,171 DEBUG [Thread-26] root: Propagating to: 127.0.0.1:50104 127.0.0.1:50036
2021-03-19 16:20:25,171 INFO  [Thread-26] root: Client communication module connected
2021-03-19 16:20:25,172 INFO  [Thread-26] root: Client communication module connected
2021-03-19 16:20:25,172 DEBUG [Thread-26] root: {}
2021-03-19 16:20:25,172 INFO  [Thread-26] root: Message sent by server -> Status: PROPAGATE_SUCCESS
2021-03-19 16:20:26,185 DEBUG [Thread-0-SendThread(localhost:2181)] org.apache.zookeeper.ClientCnxn: Got ping response for session id: 0x10014bd52700218 after 0ms.
2021-03-19 16:20:27,523 DEBUG [Thread-0-SendThread(localhost:2181)] org.apache.zookeeper.ClientCnxn: Got ping response for session id: 0x10014bd52700218 after 0ms.
2021-03-19 16:20:28,861 DEBUG [Thread-0-SendThread(localhost:2181)] org.apache.zookeeper.ClientCnxn: Got ping response for session id: 0x10014bd52700218 after 1ms.
2021-03-19 16:20:30,197 DEBUG [Thread-0-SendThread(localhost:2181)] org.apache.zookeeper.ClientCnxn: Got ping response for session id: 0x10014bd52700218 after 0ms.
Starting commModule
2021-03-19 16:20:30,585 INFO  [Thread-0] root: Server communication module connected
2021-03-19 16:20:30,586 INFO  [Thread-0] root: Connected to localhost on port 63557
2021-03-19 16:20:30,587 INFO  [Thread-27] root: Message received by server -> Status: UPDATE
received adminmsg
2021-03-19 16:20:30,587 INFO  [Thread-27] root: Message sent by server -> Status: UPDATE_SUCCESS
Starting commModule
2021-03-19 16:20:30,593 INFO  [Thread-0] root: Server communication module connected
2021-03-19 16:20:30,594 INFO  [Thread-0] root: Connected to localhost on port 63560
Starting commModule
2021-03-19 16:20:30,597 INFO  [Thread-0] root: Server communication module connected
2021-03-19 16:20:30,598 INFO  [Thread-0] root: Connected to localhost on port 63564
Starting commModule
2021-03-19 16:20:30,598 INFO  [Thread-0] root: Server communication module connected
2021-03-19 16:20:30,599 INFO  [Thread-0] root: Connected to localhost on port 63565
2021-03-19 16:20:30,599 INFO  [Thread-30] root: Message received by server -> Status: PROPAGATE_ADMIN
received adminmsg
2021-03-19 16:20:30,600 DEBUG [Thread-30] root: Getting successors
2021-03-19 16:20:30,600 DEBUG [Thread-30] root: Got successors
2021-03-19 16:20:30,600 DEBUG [Thread-30] root: Propagating to: 127.0.0.1:50104 127.0.0.1:50047
2021-03-19 16:20:30,600 INFO  [Thread-30] root: Client communication module connected
2021-03-19 16:20:30,601 INFO  [Thread-30] root: Client communication module connected
2021-03-19 16:20:30,601 DEBUG [Thread-30] root: {}
2021-03-19 16:20:30,601 INFO  [Thread-30] root: Message sent by server -> Status: PROPAGATE_SUCCESS
Starting commModule
2021-03-19 16:20:30,934 INFO  [Thread-0] root: Server communication module connected
2021-03-19 16:20:30,935 INFO  [Thread-0] root: Connected to localhost on port 63581
2021-03-19 16:20:30,935 INFO  [Thread-31] root: Message received by server -> Status: SHUTDOWN
received adminmsg
2021-03-19 16:20:30,935 DEBUG [Thread-31] root: Closing the program
2021-03-19 16:20:30,935 INFO  [Thread-31] root: Message sent by server -> Status: SHUTDOWN_SUCCESS
2021-03-19 16:20:30,936 ERROR [Thread-0] root: Error! Unable to establish connection. 

java.net.SocketException: Socket closed
	at java.base/java.net.PlainSocketImpl.socketAccept(Native Method)
	at java.base/java.net.AbstractPlainSocketImpl.accept(AbstractPlainSocketImpl.java:458)
	at java.base/java.net.ServerSocket.implAccept(ServerSocket.java:565)
	at java.base/java.net.ServerSocket.accept(ServerSocket.java:533)
	at app_kvServer.KVServer.run(KVServer.java:408)
2021-03-19 16:20:30,938 INFO  [Thread-0] root: Server stopped.
2021-03-19 16:20:30,938 INFO  [Thread-0] root: Clearing KV Storage...
