2021-03-19 16:19:16,961 INFO  [Thread-0] root: Initialize server ...
2021-03-19 16:19:16,974 INFO  [Thread-0] root: Server listening on port: 50030
2021-03-19 16:19:16,994 INFO  [Thread-0] org.apache.zookeeper.ZooKeeper: Client environment:zookeeper.version=3.6.2--803c7f1a12f85978cb049af5e4ef23bd8b688715, built on 09/04/2020 12:44 GMT
2021-03-19 16:19:16,994 INFO  [Thread-0] org.apache.zookeeper.ZooKeeper: Client environment:host.name=localhost
2021-03-19 16:19:16,994 INFO  [Thread-0] org.apache.zookeeper.ZooKeeper: Client environment:java.version=11.0.10
2021-03-19 16:19:16,994 INFO  [Thread-0] org.apache.zookeeper.ZooKeeper: Client environment:java.vendor=Azul Systems, Inc.
2021-03-19 16:19:16,994 INFO  [Thread-0] org.apache.zookeeper.ZooKeeper: Client environment:java.home=/Users/steve/Library/Java/JavaVirtualMachines/azul-11.0.10/Contents/Home
2021-03-19 16:19:16,994 INFO  [Thread-0] org.apache.zookeeper.ZooKeeper: Client environment:java.class.path=/Users/steve/Desktop/UofT/year4/winter2021/ECE419/milestone3/m3-server.jar
2021-03-19 16:19:16,994 INFO  [Thread-0] org.apache.zookeeper.ZooKeeper: Client environment:java.library.path=/Users/steve/Library/Java/Extensions:/Library/Java/Extensions:/Network/Library/Java/Extensions:/System/Library/Java/Extensions:/usr/lib/java:.
2021-03-19 16:19:16,995 INFO  [Thread-0] org.apache.zookeeper.ZooKeeper: Client environment:java.io.tmpdir=/var/folders/kz/3gb57nkn6ks6_07_dtt5lqvr0000gn/T/
2021-03-19 16:19:16,995 INFO  [Thread-0] org.apache.zookeeper.ZooKeeper: Client environment:java.compiler=<NA>
2021-03-19 16:19:16,995 INFO  [Thread-0] org.apache.zookeeper.ZooKeeper: Client environment:os.name=Mac OS X
2021-03-19 16:19:16,995 INFO  [Thread-0] org.apache.zookeeper.ZooKeeper: Client environment:os.arch=x86_64
2021-03-19 16:19:16,995 INFO  [Thread-0] org.apache.zookeeper.ZooKeeper: Client environment:os.version=10.16
2021-03-19 16:19:16,995 INFO  [Thread-0] org.apache.zookeeper.ZooKeeper: Client environment:user.name=steve
2021-03-19 16:19:16,995 INFO  [Thread-0] org.apache.zookeeper.ZooKeeper: Client environment:user.home=/Users/steve
2021-03-19 16:19:16,995 INFO  [Thread-0] org.apache.zookeeper.ZooKeeper: Client environment:user.dir=/Users/steve
2021-03-19 16:19:16,995 INFO  [Thread-0] org.apache.zookeeper.ZooKeeper: Client environment:os.memory.free=249MB
2021-03-19 16:19:16,995 INFO  [Thread-0] org.apache.zookeeper.ZooKeeper: Client environment:os.memory.max=4096MB
2021-03-19 16:19:16,995 INFO  [Thread-0] org.apache.zookeeper.ZooKeeper: Client environment:os.memory.total=256MB
2021-03-19 16:19:16,998 INFO  [Thread-0] org.apache.zookeeper.ZooKeeper: Initiating client connection, connectString=localhost:2181 sessionTimeout=3000 watcher=app_kvServer.KVServer$1@12b3f602
2021-03-19 16:19:17,001 INFO  [Thread-0] org.apache.zookeeper.common.X509Util: Setting -D jdk.tls.rejectClientInitiatedRenegotiation=true to disable client-initiated TLS renegotiation
2021-03-19 16:19:17,012 INFO  [Thread-0] org.apache.zookeeper.ClientCnxnSocket: jute.maxbuffer value is 1048575 Bytes
2021-03-19 16:19:17,019 INFO  [Thread-0] org.apache.zookeeper.ClientCnxn: zookeeper.request.timeout value is 0. feature enabled=false
2021-03-19 16:19:17,027 DEBUG [Thread-0-SendThread(localhost:2181)] org.apache.zookeeper.SaslServerPrincipal: Canonicalized address to localhost
2021-03-19 16:19:17,029 INFO  [Thread-0-SendThread(localhost:2181)] org.apache.zookeeper.ClientCnxn: Opening socket connection to server localhost/0:0:0:0:0:0:0:1:2181.
2021-03-19 16:19:17,029 INFO  [Thread-0-SendThread(localhost:2181)] org.apache.zookeeper.ClientCnxn: SASL config status: Will not attempt to authenticate using SASL (unknown error)
2021-03-19 16:19:17,043 INFO  [Thread-0-SendThread(localhost:2181)] org.apache.zookeeper.ClientCnxn: Socket connection established, initiating session, client: /0:0:0:0:0:0:0:1:63001, server: localhost/0:0:0:0:0:0:0:1:2181
2021-03-19 16:19:17,044 DEBUG [Thread-0-SendThread(localhost:2181)] org.apache.zookeeper.ClientCnxn: Session establishment request sent on localhost/0:0:0:0:0:0:0:1:2181
2021-03-19 16:19:17,073 TRACE [Thread-0-SendThread(localhost:2181)] org.apache.zookeeper.ClientCnxnSocket: readConnectResult 37 0x[0,0,0,0,0,0,f,ffffffa0,1,0,14,ffffffbd,52,70,2,3,0,0,0,10,ffffff82,ffffffce,4f,1c,ffffff92,fffffff0,ffffffe3,fffffff2,ffffff91,ffffffa7,fffffff5,ffffff8a,ffffffd6,ffffffcd,fffffff8,ffffffc0,0,]
2021-03-19 16:19:17,076 INFO  [Thread-0-SendThread(localhost:2181)] org.apache.zookeeper.ClientCnxn: Session establishment complete on server localhost/0:0:0:0:0:0:0:1:2181, session id = 0x10014bd52700203, negotiated timeout = 4000
2021-03-19 16:19:17,079 DEBUG [Thread-0-EventThread] root: ZK event: 
2021-03-19 16:19:17,079 DEBUG [Thread-0-EventThread] root: WatchedEvent state:SyncConnected type:None path:null
2021-03-19 16:19:17,108 DEBUG [Thread-0-SendThread(localhost:2181)] org.apache.zookeeper.ClientCnxn: Reading reply session id: 0x10014bd52700203, packet:: clientPath:null serverPath:null finished:false header:: 1,1  replyHeader:: 1,1670,0  request:: '/keeper/server31,,v{s{31,s{'world,'anyone}}},1  response:: '/keeper/server31 
2021-03-19 16:19:17,113 DEBUG [Thread-0-SendThread(localhost:2181)] org.apache.zookeeper.ClientCnxn: Reading reply session id: 0x10014bd52700203, packet:: clientPath:null serverPath:null finished:false header:: 2,3  replyHeader:: 2,1670,0  request:: '/keeper/server31,T  response:: s{1670,1670,1616185157079,1616185157079,0,0,0,72080397402374659,0,0,1670} 
2021-03-19 16:19:17,139 DEBUG [Thread-0-SendThread(localhost:2181)] org.apache.zookeeper.ClientCnxn: Got notification session id: 0x10014bd52700203
2021-03-19 16:19:17,140 DEBUG [Thread-0-SendThread(localhost:2181)] org.apache.zookeeper.ClientCnxn: Got WatchedEvent state:SyncConnected type:NodeDataChanged path:/keeper/server31 for session id 0x10014bd52700203
2021-03-19 16:19:17,141 DEBUG [Thread-0-EventThread] root: ZK event: 
2021-03-19 16:19:17,141 DEBUG [Thread-0-EventThread] root: WatchedEvent state:SyncConnected type:NodeDataChanged path:/keeper/server31
2021-03-19 16:19:17,142 DEBUG [Thread-0-SendThread(localhost:2181)] org.apache.zookeeper.ClientCnxn: Reading reply session id: 0x10014bd52700203, packet:: clientPath:null serverPath:null finished:false header:: 3,5  replyHeader:: 3,1671,0  request:: '/keeper/server31,#3132372e302e302e313a3530303330,0  response:: s{1670,1671,1616185157079,1616185157114,1,0,0,72080397402374659,15,0,1670} 
2021-03-19 16:19:17,142 INFO  [Thread-0] root: Node created at: /keeper/server31
Starting commModule
2021-03-19 16:19:17,149 INFO  [Thread-0] root: Server communication module connected
2021-03-19 16:19:17,150 INFO  [Thread-0] root: Connected to localhost on port 63002
2021-03-19 16:19:17,159 INFO  [Thread-1] root: Message received by server -> Status: INIT_SERVER
received adminmsg
2021-03-19 16:19:17,160 INFO  [Thread-1] root: Message sent by server -> Status: INIT_SERVER_SUCCESS
2021-03-19 16:19:17,160 INFO  [Thread-1] root: Message received by server -> Status: START
received adminmsg
2021-03-19 16:19:17,161 INFO  [Thread-1] root: Message sent by server -> Status: START_SUCCESS
Starting commModule
2021-03-19 16:19:17,161 INFO  [Thread-0] root: Server communication module connected
2021-03-19 16:19:17,162 INFO  [Thread-0] root: Connected to localhost on port 63003
2021-03-19 16:19:17,163 INFO  [Thread-2] root: Message received by server -> Status: UPDATE
received adminmsg
2021-03-19 16:19:17,165 INFO  [Thread-2] root: Message sent by server -> Status: UPDATE_SUCCESS
Starting commModule
2021-03-19 16:19:17,166 INFO  [Thread-0] root: Server communication module connected
2021-03-19 16:19:17,167 INFO  [Thread-0] root: Connected to localhost on port 63004
2021-03-19 16:19:17,167 INFO  [Thread-3] root: Message received by server -> Status: PROPAGATE_ADMIN
received adminmsg
2021-03-19 16:19:17,173 DEBUG [Thread-3] root: Getting successors
2021-03-19 16:19:17,173 DEBUG [Thread-3] root: Got successors
2021-03-19 16:19:17,173 DEBUG [Thread-3] root: Propagating to: 127.0.0.1:50030 127.0.0.1:50030
Starting commModule
2021-03-19 16:19:17,176 INFO  [Thread-0] root: Server communication module connected
2021-03-19 16:19:17,176 INFO  [Thread-3] root: Client communication module connected
2021-03-19 16:19:17,177 INFO  [Thread-0] root: Connected to localhost on port 63005
Starting commModule
2021-03-19 16:19:17,177 INFO  [Thread-0] root: Server communication module connected
2021-03-19 16:19:17,177 INFO  [Thread-3] root: Client communication module connected
2021-03-19 16:19:17,177 DEBUG [Thread-3] root: {}
2021-03-19 16:19:17,178 INFO  [Thread-3] root: Message sent by server -> Status: PROPAGATE_SUCCESS
2021-03-19 16:19:17,178 INFO  [Thread-0] root: Connected to localhost on port 63006
Starting commModule
2021-03-19 16:19:17,732 INFO  [Thread-0] root: Server communication module connected
2021-03-19 16:19:17,733 INFO  [Thread-0] root: Connected to localhost on port 63011
2021-03-19 16:19:17,734 INFO  [Thread-6] root: Message received by server -> Status: UPDATE
received adminmsg
2021-03-19 16:19:17,734 INFO  [Thread-6] root: Message sent by server -> Status: UPDATE_SUCCESS
Starting commModule
2021-03-19 16:19:17,735 INFO  [Thread-0] root: Server communication module connected
2021-03-19 16:19:17,736 INFO  [Thread-0] root: Connected to localhost on port 63012
2021-03-19 16:19:17,737 INFO  [Thread-7] root: Message received by server -> Status: PROPAGATE_ADMIN
received adminmsg
2021-03-19 16:19:17,737 DEBUG [Thread-7] root: Getting successors
2021-03-19 16:19:17,737 DEBUG [Thread-7] root: Got successors
2021-03-19 16:19:17,737 DEBUG [Thread-7] root: Propagating to: 127.0.0.1:50141 127.0.0.1:50030
2021-03-19 16:19:17,738 INFO  [Thread-7] root: Client communication module connected
Starting commModule
2021-03-19 16:19:17,739 INFO  [Thread-0] root: Server communication module connected
2021-03-19 16:19:17,739 INFO  [Thread-7] root: Client communication module connected
2021-03-19 16:19:17,739 DEBUG [Thread-7] root: {}
2021-03-19 16:19:17,739 INFO  [Thread-7] root: Message sent by server -> Status: PROPAGATE_SUCCESS
2021-03-19 16:19:17,739 INFO  [Thread-0] root: Connected to localhost on port 63014
Starting commModule
2021-03-19 16:19:17,740 INFO  [Thread-0] root: Server communication module connected
2021-03-19 16:19:17,740 INFO  [Thread-0] root: Connected to localhost on port 63015
2021-03-19 16:19:17,741 INFO  [Thread-9] root: Message received by server -> Status: MOVE_DATA
received adminmsg
2021-03-19 16:19:17,741 DEBUG [Thread-9] root: Input data: 
2021-03-19 16:19:17,741 DEBUG [Thread-9] root: 31207dc3383942c33cf050f3314ef856:7ae3e72fc27386cc08a57ae8172f01c6
2021-03-19 16:19:17,741 DEBUG [Thread-9] root: 127.0.0.1:50141
2021-03-19 16:19:17,741 INFO  [Thread-9] root: Client communication module connected
2021-03-19 16:19:17,742 DEBUG [Thread-9] root: Host: 127.0.0.1
2021-03-19 16:19:17,742 DEBUG [Thread-9] root: Port: 50141
2021-03-19 16:19:17,742 DEBUG [Thread-9] root: Range: 31207dc3383942c33cf050f3314ef856:7ae3e72fc27386cc08a57ae8172f01c6
2021-03-19 16:19:17,742 DEBUG [Thread-9] root: Starting flush data
2021-03-19 16:19:17,742 DEBUG [Thread-9] root: Finished flush data
2021-03-19 16:19:17,742 DEBUG [Thread-9] root: Closing conn
2021-03-19 16:19:17,742 INFO  [Thread-9] root: Connection closed!
2021-03-19 16:19:17,742 DEBUG [Thread-9] root: Closed conn
2021-03-19 16:19:17,742 INFO  [Thread-9] root: Message sent by server -> Status: MOVE_DATA_SUCCESS
Starting commModule
2021-03-19 16:19:17,743 INFO  [Thread-0] root: Server communication module connected
2021-03-19 16:19:17,744 INFO  [Thread-0] root: Connected to localhost on port 63017
2021-03-19 16:19:17,745 INFO  [Thread-10] root: Message received by server -> Status: UPDATE
received adminmsg
2021-03-19 16:19:17,745 INFO  [Thread-10] root: Message sent by server -> Status: UPDATE_SUCCESS
Starting commModule
2021-03-19 16:19:17,750 INFO  [Thread-0] root: Server communication module connected
2021-03-19 16:19:17,750 INFO  [Thread-0] root: Connected to localhost on port 63019
2021-03-19 16:19:17,751 INFO  [Thread-11] root: Message received by server -> Status: PROPAGATE_ADMIN
received adminmsg
2021-03-19 16:19:17,751 DEBUG [Thread-11] root: Getting successors
2021-03-19 16:19:17,751 DEBUG [Thread-11] root: Got successors
2021-03-19 16:19:17,751 DEBUG [Thread-11] root: Propagating to: 127.0.0.1:50141 127.0.0.1:50030
2021-03-19 16:19:17,752 INFO  [Thread-11] root: Client communication module connected
Starting commModule
2021-03-19 16:19:17,752 INFO  [Thread-11] root: Client communication module connected
2021-03-19 16:19:17,753 DEBUG [Thread-11] root: {}
2021-03-19 16:19:17,752 INFO  [Thread-0] root: Server communication module connected
2021-03-19 16:19:17,753 INFO  [Thread-11] root: Message sent by server -> Status: PROPAGATE_SUCCESS
2021-03-19 16:19:17,753 INFO  [Thread-0] root: Connected to localhost on port 63021
Starting commModule
2021-03-19 16:19:17,764 INFO  [Thread-0] root: Server communication module connected
2021-03-19 16:19:17,765 INFO  [Thread-0] root: Connected to localhost on port 63023
Starting commModule
2021-03-19 16:19:17,766 INFO  [Thread-0] root: Server communication module connected
2021-03-19 16:19:17,767 INFO  [Thread-0] root: Connected to localhost on port 63025
2021-03-19 16:19:17,767 INFO  [Thread-14] root: Message received by server -> Status: STOP
received adminmsg
2021-03-19 16:19:17,767 INFO  [Thread-14] root: Message sent by server -> Status: STOP_SUCCESS
2021-03-19 16:19:18,451 DEBUG [Thread-0-SendThread(localhost:2181)] org.apache.zookeeper.ClientCnxn: Got ping response for session id: 0x10014bd52700203 after 0ms.
2021-03-19 16:19:19,790 DEBUG [Thread-0-SendThread(localhost:2181)] org.apache.zookeeper.ClientCnxn: Got ping response for session id: 0x10014bd52700203 after 1ms.
2021-03-19 16:19:21,129 DEBUG [Thread-0-SendThread(localhost:2181)] org.apache.zookeeper.ClientCnxn: Got ping response for session id: 0x10014bd52700203 after 1ms.
2021-03-19 16:19:22,464 DEBUG [Thread-0-SendThread(localhost:2181)] org.apache.zookeeper.ClientCnxn: Got ping response for session id: 0x10014bd52700203 after 1ms.
2021-03-19 16:19:23,801 DEBUG [Thread-0-SendThread(localhost:2181)] org.apache.zookeeper.ClientCnxn: Got ping response for session id: 0x10014bd52700203 after 1ms.
2021-03-19 16:19:25,139 DEBUG [Thread-0-SendThread(localhost:2181)] org.apache.zookeeper.ClientCnxn: Got ping response for session id: 0x10014bd52700203 after 1ms.
2021-03-19 16:19:26,473 DEBUG [Thread-0-SendThread(localhost:2181)] org.apache.zookeeper.ClientCnxn: Got ping response for session id: 0x10014bd52700203 after 1ms.
Starting commModule
2021-03-19 16:19:27,772 INFO  [Thread-0] root: Server communication module connected
2021-03-19 16:19:27,773 INFO  [Thread-0] root: Connected to localhost on port 63027
2021-03-19 16:19:27,773 INFO  [Thread-15] root: Message received by server -> Status: SHUTDOWN
received adminmsg
2021-03-19 16:19:27,773 DEBUG [Thread-15] root: Closing the program
2021-03-19 16:19:27,775 INFO  [Thread-15] root: Message sent by server -> Status: SHUTDOWN_SUCCESS
2021-03-19 16:19:27,775 ERROR [Thread-0] root: Error! Unable to establish connection. 

java.net.SocketException: Socket closed
	at java.base/java.net.PlainSocketImpl.socketAccept(Native Method)
	at java.base/java.net.AbstractPlainSocketImpl.accept(AbstractPlainSocketImpl.java:458)
	at java.base/java.net.ServerSocket.implAccept(ServerSocket.java:565)
	at java.base/java.net.ServerSocket.accept(ServerSocket.java:533)
	at app_kvServer.KVServer.run(KVServer.java:408)
2021-03-19 16:19:27,778 INFO  [Thread-0] root: Server stopped.
2021-03-19 16:19:27,778 INFO  [Thread-0] root: Clearing KV Storage...
