2021-03-19 10:27:53,332 INFO  [main] root: Creating Storage Files
2021-03-19 10:27:53,333 INFO  [main] root: File created: server23.json
2021-03-19 10:27:53,333 INFO  [main] root: File created: server23_replica_1.json
2021-03-19 10:27:53,333 INFO  [main] root: File created: server23_replica_2.json
2021-03-19 10:27:53,333 INFO  [Thread-0] root: Initialize server ...
2021-03-19 10:27:53,352 INFO  [Thread-0] root: Server listening on port: 50022
2021-03-19 10:27:53,376 INFO  [Thread-0] org.apache.zookeeper.ZooKeeper: Client environment:zookeeper.version=3.6.2--803c7f1a12f85978cb049af5e4ef23bd8b688715, built on 09/04/2020 12:44 GMT
2021-03-19 10:27:53,376 INFO  [Thread-0] org.apache.zookeeper.ZooKeeper: Client environment:host.name=localhost
2021-03-19 10:27:53,376 INFO  [Thread-0] org.apache.zookeeper.ZooKeeper: Client environment:java.version=11.0.10
2021-03-19 10:27:53,376 INFO  [Thread-0] org.apache.zookeeper.ZooKeeper: Client environment:java.vendor=Azul Systems, Inc.
2021-03-19 10:27:53,377 INFO  [Thread-0] org.apache.zookeeper.ZooKeeper: Client environment:java.home=/Users/steve/Library/Java/JavaVirtualMachines/azul-11.0.10/Contents/Home
2021-03-19 10:27:53,377 INFO  [Thread-0] org.apache.zookeeper.ZooKeeper: Client environment:java.class.path=/Users/steve/Desktop/UofT/year4/winter2021/ECE419/milestone3/m3-server.jar
2021-03-19 10:27:53,377 INFO  [Thread-0] org.apache.zookeeper.ZooKeeper: Client environment:java.library.path=/Users/steve/Library/Java/Extensions:/Library/Java/Extensions:/Network/Library/Java/Extensions:/System/Library/Java/Extensions:/usr/lib/java:.
2021-03-19 10:27:53,377 INFO  [Thread-0] org.apache.zookeeper.ZooKeeper: Client environment:java.io.tmpdir=/var/folders/kz/3gb57nkn6ks6_07_dtt5lqvr0000gn/T/
2021-03-19 10:27:53,377 INFO  [Thread-0] org.apache.zookeeper.ZooKeeper: Client environment:java.compiler=<NA>
2021-03-19 10:27:53,377 INFO  [Thread-0] org.apache.zookeeper.ZooKeeper: Client environment:os.name=Mac OS X
2021-03-19 10:27:53,377 INFO  [Thread-0] org.apache.zookeeper.ZooKeeper: Client environment:os.arch=x86_64
2021-03-19 10:27:53,377 INFO  [Thread-0] org.apache.zookeeper.ZooKeeper: Client environment:os.version=10.16
2021-03-19 10:27:53,378 INFO  [Thread-0] org.apache.zookeeper.ZooKeeper: Client environment:user.name=steve
2021-03-19 10:27:53,378 INFO  [Thread-0] org.apache.zookeeper.ZooKeeper: Client environment:user.home=/Users/steve
2021-03-19 10:27:53,378 INFO  [Thread-0] org.apache.zookeeper.ZooKeeper: Client environment:user.dir=/Users/steve
2021-03-19 10:27:53,378 INFO  [Thread-0] org.apache.zookeeper.ZooKeeper: Client environment:os.memory.free=249MB
2021-03-19 10:27:53,378 INFO  [Thread-0] org.apache.zookeeper.ZooKeeper: Client environment:os.memory.max=4096MB
2021-03-19 10:27:53,378 INFO  [Thread-0] org.apache.zookeeper.ZooKeeper: Client environment:os.memory.total=256MB
2021-03-19 10:27:53,382 INFO  [Thread-0] org.apache.zookeeper.ZooKeeper: Initiating client connection, connectString=localhost:2181 sessionTimeout=3000 watcher=app_kvServer.KVServer$1@6f049d8b
2021-03-19 10:27:53,386 INFO  [Thread-0] org.apache.zookeeper.common.X509Util: Setting -D jdk.tls.rejectClientInitiatedRenegotiation=true to disable client-initiated TLS renegotiation
2021-03-19 10:27:53,398 INFO  [Thread-0] org.apache.zookeeper.ClientCnxnSocket: jute.maxbuffer value is 1048575 Bytes
2021-03-19 10:27:53,405 INFO  [Thread-0] org.apache.zookeeper.ClientCnxn: zookeeper.request.timeout value is 0. feature enabled=false
2021-03-19 10:27:53,415 DEBUG [Thread-0-SendThread(localhost:2181)] org.apache.zookeeper.SaslServerPrincipal: Canonicalized address to localhost
2021-03-19 10:27:53,416 INFO  [Thread-0-SendThread(localhost:2181)] org.apache.zookeeper.ClientCnxn: Opening socket connection to server localhost/0:0:0:0:0:0:0:1:2181.
2021-03-19 10:27:53,416 INFO  [Thread-0-SendThread(localhost:2181)] org.apache.zookeeper.ClientCnxn: SASL config status: Will not attempt to authenticate using SASL (unknown error)
2021-03-19 10:27:53,433 INFO  [Thread-0-SendThread(localhost:2181)] org.apache.zookeeper.ClientCnxn: Socket connection established, initiating session, client: /0:0:0:0:0:0:0:1:55107, server: localhost/0:0:0:0:0:0:0:1:2181
2021-03-19 10:27:53,434 DEBUG [Thread-0-SendThread(localhost:2181)] org.apache.zookeeper.ClientCnxn: Session establishment request sent on localhost/0:0:0:0:0:0:0:1:2181
2021-03-19 10:27:53,464 TRACE [Thread-0-SendThread(localhost:2181)] org.apache.zookeeper.ClientCnxnSocket: readConnectResult 37 0x[0,0,0,0,0,0,f,ffffffa0,1,0,14,ffffffbd,52,70,1,b,0,0,0,10,ffffffce,ffffff9d,ffffffbd,2d,ffffffb1,6d,fffffffb,7b,ffffff89,ffffffdf,66,ffffffb0,ffffff91,ffffff99,2,ffffffec,0,]
2021-03-19 10:27:53,466 INFO  [Thread-0-SendThread(localhost:2181)] org.apache.zookeeper.ClientCnxn: Session establishment complete on server localhost/0:0:0:0:0:0:0:1:2181, session id = 0x10014bd5270010b, negotiated timeout = 4000
2021-03-19 10:27:53,469 DEBUG [Thread-0-EventThread] root: ZK event: 
2021-03-19 10:27:53,469 DEBUG [Thread-0-EventThread] root: WatchedEvent state:SyncConnected type:None path:null
2021-03-19 10:27:53,497 DEBUG [Thread-0-SendThread(localhost:2181)] org.apache.zookeeper.ClientCnxn: Reading reply session id: 0x10014bd5270010b, packet:: clientPath:null serverPath:null finished:false header:: 1,1  replyHeader:: 1,862,0  request:: '/keeper/server23,,v{s{31,s{'world,'anyone}}},1  response:: '/keeper/server23 
2021-03-19 10:27:53,501 DEBUG [Thread-0-SendThread(localhost:2181)] org.apache.zookeeper.ClientCnxn: Reading reply session id: 0x10014bd5270010b, packet:: clientPath:null serverPath:null finished:false header:: 2,3  replyHeader:: 2,862,0  request:: '/keeper/server23,T  response:: s{862,862,1616164073470,1616164073470,0,0,0,72080397402374411,0,0,862} 
2021-03-19 10:27:53,528 DEBUG [Thread-0-SendThread(localhost:2181)] org.apache.zookeeper.ClientCnxn: Got notification session id: 0x10014bd5270010b
2021-03-19 10:27:53,530 DEBUG [Thread-0-SendThread(localhost:2181)] org.apache.zookeeper.ClientCnxn: Got WatchedEvent state:SyncConnected type:NodeDataChanged path:/keeper/server23 for session id 0x10014bd5270010b
2021-03-19 10:27:53,533 DEBUG [Thread-0-EventThread] root: ZK event: 
2021-03-19 10:27:53,533 DEBUG [Thread-0-EventThread] root: WatchedEvent state:SyncConnected type:NodeDataChanged path:/keeper/server23
2021-03-19 10:27:53,534 DEBUG [Thread-0-SendThread(localhost:2181)] org.apache.zookeeper.ClientCnxn: Reading reply session id: 0x10014bd5270010b, packet:: clientPath:null serverPath:null finished:false header:: 3,5  replyHeader:: 3,863,0  request:: '/keeper/server23,#3132372e302e302e313a3530303232,0  response:: s{862,863,1616164073470,1616164073502,1,0,0,72080397402374411,15,0,862} 
2021-03-19 10:27:53,534 INFO  [Thread-0] root: Node created at: /keeper/server23
Starting commModule
2021-03-19 10:27:53,543 INFO  [Thread-0] root: Server communication module connected
2021-03-19 10:27:53,545 INFO  [Thread-0] root: Connected to localhost on port 55108
2021-03-19 10:27:53,554 INFO  [Thread-1] root: Message received by server -> Status: INIT_SERVER
received adminmsg
2021-03-19 10:27:53,556 INFO  [Thread-1] root: Message sent by server -> Status: INIT_SERVER_SUCCESS
2021-03-19 10:27:53,557 INFO  [Thread-1] root: Message received by server -> Status: START
received adminmsg
2021-03-19 10:27:53,558 INFO  [Thread-1] root: Message sent by server -> Status: START_SUCCESS
Starting commModule
2021-03-19 10:27:53,566 INFO  [Thread-0] root: Server communication module connected
2021-03-19 10:27:53,567 INFO  [Thread-0] root: Connected to localhost on port 55111
Starting commModule
2021-03-19 10:27:53,571 INFO  [Thread-0] root: Server communication module connected
2021-03-19 10:27:53,573 INFO  [Thread-0] root: Connected to localhost on port 55114
Starting commModule
2021-03-19 10:27:53,580 INFO  [Thread-0] root: Server communication module connected
2021-03-19 10:27:53,581 INFO  [Thread-0] root: Connected to localhost on port 55116
2021-03-19 10:27:53,581 INFO  [Thread-4] root: Message received by server -> Status: UPDATE
received adminmsg
2021-03-19 10:27:53,582 INFO  [Thread-4] root: Message sent by server -> Status: UPDATE_SUCCESS
Starting commModule
2021-03-19 10:27:53,586 INFO  [Thread-0] root: Server communication module connected
2021-03-19 10:27:53,587 INFO  [Thread-0] root: Connected to localhost on port 55118
Starting commModule
2021-03-19 10:27:53,588 INFO  [Thread-0] root: Server communication module connected
2021-03-19 10:27:53,589 INFO  [Thread-0] root: Connected to localhost on port 55120
2021-03-19 10:27:53,590 INFO  [Thread-6] root: Message received by server -> Status: PROPAGATE_ADMIN
received adminmsg
2021-03-19 10:27:53,599 DEBUG [Thread-6] root: Getting successors
2021-03-19 10:27:53,599 DEBUG [Thread-6] root: Got successors
2021-03-19 10:27:53,600 DEBUG [Thread-6] root: Propagating to: 127.0.0.1:50088 127.0.0.1:50022
2021-03-19 10:27:53,602 INFO  [Thread-6] root: Client communication module connected
Starting commModule
2021-03-19 10:27:53,603 INFO  [Thread-0] root: Server communication module connected
2021-03-19 10:27:53,603 INFO  [Thread-6] root: Client communication module connected
2021-03-19 10:27:53,603 DEBUG [Thread-6] root: {}
2021-03-19 10:27:53,603 INFO  [Thread-0] root: Connected to localhost on port 55122
2021-03-19 10:27:53,603 INFO  [Thread-6] root: Message sent by server -> Status: PROPAGATE_SUCCESS
Starting commModule
2021-03-19 10:27:54,401 INFO  [Thread-0] root: Server communication module connected
2021-03-19 10:27:54,402 INFO  [Thread-0] root: Connected to localhost on port 55127
2021-03-19 10:27:54,403 INFO  [Thread-8] root: Message received by server -> Status: UPDATE
received adminmsg
2021-03-19 10:27:54,404 INFO  [Thread-8] root: Message sent by server -> Status: UPDATE_SUCCESS
Starting commModule
2021-03-19 10:27:54,409 INFO  [Thread-0] root: Server communication module connected
2021-03-19 10:27:54,412 INFO  [Thread-0] root: Connected to localhost on port 55130
Starting commModule
2021-03-19 10:27:54,412 INFO  [Thread-0] root: Server communication module connected
2021-03-19 10:27:54,413 INFO  [Thread-0] root: Connected to localhost on port 55131
2021-03-19 10:27:54,414 INFO  [Thread-10] root: Message received by server -> Status: PROPAGATE_ADMIN
received adminmsg
2021-03-19 10:27:54,415 DEBUG [Thread-10] root: Getting successors
2021-03-19 10:27:54,415 DEBUG [Thread-10] root: Got successors
2021-03-19 10:27:54,415 DEBUG [Thread-10] root: Propagating to: 127.0.0.1:50088 127.0.0.1:50109
2021-03-19 10:27:54,415 INFO  [Thread-10] root: Client communication module connected
2021-03-19 10:27:54,416 INFO  [Thread-10] root: Client communication module connected
2021-03-19 10:27:54,416 DEBUG [Thread-10] root: {}
2021-03-19 10:27:54,417 INFO  [Thread-10] root: Message sent by server -> Status: PROPAGATE_SUCCESS
Starting commModule
2021-03-19 10:27:54,419 INFO  [Thread-0] root: Server communication module connected
2021-03-19 10:27:54,420 INFO  [Thread-0] root: Connected to localhost on port 55134
2021-03-19 10:27:54,420 INFO  [Thread-11] root: Message received by server -> Status: MOVE_DATA
received adminmsg
2021-03-19 10:27:54,420 DEBUG [Thread-11] root: Input data: 
2021-03-19 10:27:54,420 DEBUG [Thread-11] root: 853f7b987690214e1b58d382051d6950:99bfd1b81acd69cd1c8920156d3e744c
2021-03-19 10:27:54,420 DEBUG [Thread-11] root: 127.0.0.1:50109
2021-03-19 10:27:54,422 INFO  [Thread-11] root: Client communication module connected
2021-03-19 10:27:54,422 DEBUG [Thread-11] root: Host: 127.0.0.1
2021-03-19 10:27:54,422 DEBUG [Thread-11] root: Port: 50109
2021-03-19 10:27:54,422 DEBUG [Thread-11] root: Range: 853f7b987690214e1b58d382051d6950:99bfd1b81acd69cd1c8920156d3e744c
2021-03-19 10:27:54,422 DEBUG [Thread-11] root: Starting flush data
2021-03-19 10:27:54,422 DEBUG [Thread-11] root: Finished flush data
2021-03-19 10:27:54,422 DEBUG [Thread-11] root: Closing conn
2021-03-19 10:27:54,422 INFO  [Thread-11] root: Connection closed!
2021-03-19 10:27:54,422 DEBUG [Thread-11] root: Closed conn
2021-03-19 10:27:54,423 INFO  [Thread-11] root: Message sent by server -> Status: MOVE_DATA_SUCCESS
Starting commModule
2021-03-19 10:27:54,428 INFO  [Thread-0] root: Server communication module connected
2021-03-19 10:27:54,429 INFO  [Thread-0] root: Connected to localhost on port 55137
2021-03-19 10:27:54,430 INFO  [Thread-12] root: Message received by server -> Status: UPDATE
received adminmsg
2021-03-19 10:27:54,431 INFO  [Thread-12] root: Message sent by server -> Status: UPDATE_SUCCESS
Starting commModule
2021-03-19 10:27:54,441 INFO  [Thread-0] root: Server communication module connected
2021-03-19 10:27:54,442 INFO  [Thread-0] root: Connected to localhost on port 55141
Starting commModule
2021-03-19 10:27:54,442 INFO  [Thread-0] root: Server communication module connected
2021-03-19 10:27:54,443 INFO  [Thread-0] root: Connected to localhost on port 55142
2021-03-19 10:27:54,444 INFO  [Thread-14] root: Message received by server -> Status: PROPAGATE_ADMIN
received adminmsg
2021-03-19 10:27:54,445 DEBUG [Thread-14] root: Getting successors
2021-03-19 10:27:54,445 DEBUG [Thread-14] root: Got successors
2021-03-19 10:27:54,445 DEBUG [Thread-14] root: Propagating to: 127.0.0.1:50088 127.0.0.1:50109
2021-03-19 10:27:54,446 INFO  [Thread-14] root: Client communication module connected
2021-03-19 10:27:54,446 INFO  [Thread-14] root: Client communication module connected
2021-03-19 10:27:54,447 DEBUG [Thread-14] root: {}
2021-03-19 10:27:54,447 INFO  [Thread-14] root: Message sent by server -> Status: PROPAGATE_SUCCESS
Starting commModule
2021-03-19 10:27:54,461 INFO  [Thread-0] root: Server communication module connected
2021-03-19 10:27:54,462 INFO  [Thread-0] root: Connected to localhost on port 55146
2021-03-19 10:27:54,841 DEBUG [Thread-0-SendThread(localhost:2181)] org.apache.zookeeper.ClientCnxn: Got ping response for session id: 0x10014bd5270010b after 0ms.
2021-03-19 10:27:56,178 DEBUG [Thread-0-SendThread(localhost:2181)] org.apache.zookeeper.ClientCnxn: Got ping response for session id: 0x10014bd5270010b after 0ms.
2021-03-19 10:27:57,516 DEBUG [Thread-0-SendThread(localhost:2181)] org.apache.zookeeper.ClientCnxn: Got ping response for session id: 0x10014bd5270010b after 1ms.
2021-03-19 10:27:58,854 DEBUG [Thread-0-SendThread(localhost:2181)] org.apache.zookeeper.ClientCnxn: Got ping response for session id: 0x10014bd5270010b after 0ms.
Starting commModule
2021-03-19 10:27:59,496 INFO  [Thread-0] root: Server communication module connected
2021-03-19 10:27:59,497 INFO  [Thread-0] root: Connected to localhost on port 55149
2021-03-19 10:27:59,499 INFO  [Thread-16] root: Message received by server -> Status: GET_METADATA Key: nothing Value: nothing
2021-03-19 10:27:59,499 DEBUG [Thread-16] root: In serve
2021-03-19 10:27:59,499 DEBUG [Thread-16] root: Checking if stopped or write locked
2021-03-19 10:27:59,499 DEBUG [Thread-16] root: Case GET_METADATA
2021-03-19 10:27:59,508 INFO  [Thread-16] root: Message sent by server -> Status: GET_METADATA_SUCCESS Key: nothing Value: nothing
2021-03-19 10:27:59,509 INFO  [Thread-16] root: Message received by server -> Status: PUT Key: 1 Value: 1
2021-03-19 10:27:59,509 DEBUG [Thread-16] root: In serve
2021-03-19 10:27:59,509 DEBUG [Thread-16] root: Checking if stopped or write locked
2021-03-19 10:27:59,509 DEBUG [Thread-16] root: PUT request being served
2021-03-19 10:27:59,509 DEBUG [Thread-16] root: Checking if it's in range
2021-03-19 10:27:59,510 DEBUG [Thread-16] root: Got hostname and port -> 127.0.0.1:50022
2021-03-19 10:27:59,510 DEBUG [Thread-16] root: Got metadata range: 99bfd1b81acd69cd1c8920156d3e744d:3a137d00454638947d6fbd46b64ebe10
2021-03-19 10:27:59,510 DEBUG [Thread-16] root: 127.0.0.1:50022 -> 99bfd1b81acd69cd1c8920156d3e744d:3a137d00454638947d6fbd46b64ebe10
2021-03-19 10:27:59,510 DEBUG [Thread-16] root: 127.0.0.1:50088 -> 3a137d00454638947d6fbd46b64ebe11:853f7b987690214e1b58d382051d694f
2021-03-19 10:27:59,510 DEBUG [Thread-16] root: 127.0.0.1:50109 -> 853f7b987690214e1b58d382051d6950:99bfd1b81acd69cd1c8920156d3e744c
2021-03-19 10:27:59,510 DEBUG [Thread-16] root: Got range big ints
2021-03-19 10:27:59,510 DEBUG [Thread-16] root: Range end < range start
2021-03-19 10:27:59,510 DEBUG [Thread-16] root: Done with range check in server
2021-03-19 10:27:59,510 DEBUG [Thread-16] root: In range
2021-03-19 10:27:59,511 INFO  [Thread-16] root: Put: key = 1, value = 1
2021-03-19 10:27:59,512 DEBUG [Thread-16] root: Getting successors
2021-03-19 10:27:59,512 DEBUG [Thread-16] root: Got successors
2021-03-19 10:27:59,512 DEBUG [Thread-16] root: Propagating to: 127.0.0.1:50088 127.0.0.1:50109
2021-03-19 10:27:59,512 INFO  [Thread-16] root: Client communication module connected
2021-03-19 10:27:59,513 INFO  [Thread-16] root: Client communication module connected
2021-03-19 10:27:59,513 DEBUG [Thread-16] root: {"1":"1"}
2021-03-19 10:27:59,514 INFO  [Thread-16] root: Message sent by client -> Status: PROPAGATE
2021-03-19 10:27:59,514 INFO  [Thread-16] root: Message sent by client -> Status: PROPAGATE
2021-03-19 10:27:59,517 INFO  [Thread-16] root: Message received by client -> Status: PROPAGATE_SUCCESS Key: null Value: null
2021-03-19 10:27:59,520 INFO  [Thread-16] root: Message received by client -> Status: PROPAGATE_SUCCESS Key: null Value: null
2021-03-19 10:27:59,520 INFO  [Thread-16] root: Message sent by server -> Status: PUT_SUCCESS Key: 1 Value: 1
Starting commModule
2021-03-19 10:27:59,525 INFO  [Thread-0] root: Server communication module connected
2021-03-19 10:27:59,525 INFO  [Thread-0] root: Connected to localhost on port 55153
2021-03-19 10:27:59,525 INFO  [Thread-17] root: Message received by server -> Status: GET Key: 1 Value: null
2021-03-19 10:27:59,526 DEBUG [Thread-17] root: In serve
2021-03-19 10:27:59,526 DEBUG [Thread-17] root: Checking if stopped or write locked
2021-03-19 10:27:59,526 DEBUG [Thread-17] root: Checking if it's in range
2021-03-19 10:27:59,526 DEBUG [Thread-17] root: Got hostname and port -> 127.0.0.1:50022
2021-03-19 10:27:59,526 DEBUG [Thread-17] root: Got metadata range: 3a137d00454638947d6fbd46b64ebe11:3a137d00454638947d6fbd46b64ebe10
2021-03-19 10:27:59,526 DEBUG [Thread-17] root: 127.0.0.1:50022 -> 3a137d00454638947d6fbd46b64ebe11:3a137d00454638947d6fbd46b64ebe10
2021-03-19 10:27:59,526 DEBUG [Thread-17] root: 127.0.0.1:50088 -> 853f7b987690214e1b58d382051d6950:853f7b987690214e1b58d382051d694f
2021-03-19 10:27:59,526 DEBUG [Thread-17] root: 127.0.0.1:50109 -> 99bfd1b81acd69cd1c8920156d3e744d:99bfd1b81acd69cd1c8920156d3e744c
2021-03-19 10:27:59,526 DEBUG [Thread-17] root: Got range big ints
2021-03-19 10:27:59,526 DEBUG [Thread-17] root: Range end < range start
2021-03-19 10:27:59,526 DEBUG [Thread-17] root: Done with range check in server
2021-03-19 10:27:59,526 INFO  [Thread-17] root: Get: key = 1
2021-03-19 10:27:59,527 INFO  [Thread-17] root: Message sent by server -> Status: GET_SUCCESS Key: 1 Value: 1
Starting commModule
2021-03-19 10:27:59,541 INFO  [Thread-0] root: Server communication module connected
2021-03-19 10:27:59,542 INFO  [Thread-0] root: Connected to localhost on port 55156
2021-03-19 10:27:59,542 INFO  [Thread-18] root: Message received by server -> Status: SHUTDOWN
received adminmsg
2021-03-19 10:27:59,542 DEBUG [Thread-18] root: Closing the program
2021-03-19 10:27:59,542 INFO  [Thread-18] root: Message sent by server -> Status: SHUTDOWN_SUCCESS
2021-03-19 10:27:59,543 ERROR [Thread-0] root: Error! Unable to establish connection. 

java.net.SocketException: Socket closed
	at java.base/java.net.PlainSocketImpl.socketAccept(Native Method)
	at java.base/java.net.AbstractPlainSocketImpl.accept(AbstractPlainSocketImpl.java:458)
	at java.base/java.net.ServerSocket.implAccept(ServerSocket.java:565)
	at java.base/java.net.ServerSocket.accept(ServerSocket.java:533)
	at app_kvServer.KVServer.run(KVServer.java:408)
2021-03-19 10:27:59,544 INFO  [Thread-0] root: Server stopped.
2021-03-19 10:27:59,544 INFO  [Thread-0] root: Clearing KV Storage...
