2021-03-18 21:30:58,272 INFO  [main] root: Creating Storage Files
2021-03-18 21:30:58,273 INFO  [main] root: File created: server88.json
2021-03-18 21:30:58,273 INFO  [main] root: File created: server88_replica_1.json
2021-03-18 21:30:58,273 INFO  [main] root: File created: server88_replica_2.json
2021-03-18 21:30:58,273 INFO  [Thread-0] root: Initialize server ...
2021-03-18 21:30:58,298 INFO  [Thread-0] root: Server listening on port: 50087
2021-03-18 21:30:58,336 INFO  [Thread-0] org.apache.zookeeper.ZooKeeper: Client environment:zookeeper.version=3.6.2--803c7f1a12f85978cb049af5e4ef23bd8b688715, built on 09/04/2020 12:44 GMT
2021-03-18 21:30:58,336 INFO  [Thread-0] org.apache.zookeeper.ZooKeeper: Client environment:host.name=localhost
2021-03-18 21:30:58,336 INFO  [Thread-0] org.apache.zookeeper.ZooKeeper: Client environment:java.version=11.0.10
2021-03-18 21:30:58,336 INFO  [Thread-0] org.apache.zookeeper.ZooKeeper: Client environment:java.vendor=Azul Systems, Inc.
2021-03-18 21:30:58,336 INFO  [Thread-0] org.apache.zookeeper.ZooKeeper: Client environment:java.home=/Users/steve/Library/Java/JavaVirtualMachines/azul-11.0.10/Contents/Home
2021-03-18 21:30:58,337 INFO  [Thread-0] org.apache.zookeeper.ZooKeeper: Client environment:java.class.path=/Users/steve/Desktop/UofT/year4/winter2021/ECE419/milestone3/m3-server.jar
2021-03-18 21:30:58,337 INFO  [Thread-0] org.apache.zookeeper.ZooKeeper: Client environment:java.library.path=/Users/steve/Library/Java/Extensions:/Library/Java/Extensions:/Network/Library/Java/Extensions:/System/Library/Java/Extensions:/usr/lib/java:.
2021-03-18 21:30:58,337 INFO  [Thread-0] org.apache.zookeeper.ZooKeeper: Client environment:java.io.tmpdir=/var/folders/kz/3gb57nkn6ks6_07_dtt5lqvr0000gn/T/
2021-03-18 21:30:58,337 INFO  [Thread-0] org.apache.zookeeper.ZooKeeper: Client environment:java.compiler=<NA>
2021-03-18 21:30:58,337 INFO  [Thread-0] org.apache.zookeeper.ZooKeeper: Client environment:os.name=Mac OS X
2021-03-18 21:30:58,337 INFO  [Thread-0] org.apache.zookeeper.ZooKeeper: Client environment:os.arch=x86_64
2021-03-18 21:30:58,337 INFO  [Thread-0] org.apache.zookeeper.ZooKeeper: Client environment:os.version=10.16
2021-03-18 21:30:58,338 INFO  [Thread-0] org.apache.zookeeper.ZooKeeper: Client environment:user.name=steve
2021-03-18 21:30:58,338 INFO  [Thread-0] org.apache.zookeeper.ZooKeeper: Client environment:user.home=/Users/steve
2021-03-18 21:30:58,338 INFO  [Thread-0] org.apache.zookeeper.ZooKeeper: Client environment:user.dir=/Users/steve
2021-03-18 21:30:58,338 INFO  [Thread-0] org.apache.zookeeper.ZooKeeper: Client environment:os.memory.free=249MB
2021-03-18 21:30:58,338 INFO  [Thread-0] org.apache.zookeeper.ZooKeeper: Client environment:os.memory.max=4096MB
2021-03-18 21:30:58,338 INFO  [Thread-0] org.apache.zookeeper.ZooKeeper: Client environment:os.memory.total=256MB
2021-03-18 21:30:58,343 INFO  [Thread-0] org.apache.zookeeper.ZooKeeper: Initiating client connection, connectString=localhost:2181 sessionTimeout=3000 watcher=app_kvServer.KVServer$1@1c08ffcd
2021-03-18 21:30:58,352 INFO  [Thread-0] org.apache.zookeeper.common.X509Util: Setting -D jdk.tls.rejectClientInitiatedRenegotiation=true to disable client-initiated TLS renegotiation
2021-03-18 21:30:58,370 INFO  [Thread-0] org.apache.zookeeper.ClientCnxnSocket: jute.maxbuffer value is 1048575 Bytes
2021-03-18 21:30:58,381 INFO  [Thread-0] org.apache.zookeeper.ClientCnxn: zookeeper.request.timeout value is 0. feature enabled=false
2021-03-18 21:30:58,399 DEBUG [Thread-0-SendThread(localhost:2181)] org.apache.zookeeper.SaslServerPrincipal: Canonicalized address to localhost
2021-03-18 21:30:58,404 INFO  [Thread-0-SendThread(localhost:2181)] org.apache.zookeeper.ClientCnxn: Opening socket connection to server localhost/0:0:0:0:0:0:0:1:2181.
2021-03-18 21:30:58,404 INFO  [Thread-0-SendThread(localhost:2181)] org.apache.zookeeper.ClientCnxn: SASL config status: Will not attempt to authenticate using SASL (unknown error)
2021-03-18 21:30:58,432 INFO  [Thread-0-SendThread(localhost:2181)] org.apache.zookeeper.ClientCnxn: Socket connection established, initiating session, client: /0:0:0:0:0:0:0:1:50383, server: localhost/0:0:0:0:0:0:0:1:2181
2021-03-18 21:30:58,434 DEBUG [Thread-0-SendThread(localhost:2181)] org.apache.zookeeper.ClientCnxn: Session establishment request sent on localhost/0:0:0:0:0:0:0:1:2181
2021-03-18 21:30:58,466 TRACE [Thread-0-SendThread(localhost:2181)] org.apache.zookeeper.ClientCnxnSocket: readConnectResult 37 0x[0,0,0,0,0,0,f,ffffffa0,1,0,14,ffffffbd,52,70,0,10,0,0,0,10,30,ffffffb8,65,28,48,42,37,2b,ffffffbc,ffffffd0,62,31,2e,22,ffffffb3,ffffff93,0,]
2021-03-18 21:30:58,468 INFO  [Thread-0-SendThread(localhost:2181)] org.apache.zookeeper.ClientCnxn: Session establishment complete on server localhost/0:0:0:0:0:0:0:1:2181, session id = 0x10014bd52700010, negotiated timeout = 4000
2021-03-18 21:30:58,473 DEBUG [Thread-0-EventThread] root: ZK event: 
2021-03-18 21:30:58,474 DEBUG [Thread-0-EventThread] root: WatchedEvent state:SyncConnected type:None path:null
2021-03-18 21:30:58,505 DEBUG [Thread-0-SendThread(localhost:2181)] org.apache.zookeeper.ClientCnxn: Reading reply session id: 0x10014bd52700010, packet:: clientPath:null serverPath:null finished:false header:: 1,1  replyHeader:: 1,51,0  request:: '/keeper/server88,,v{s{31,s{'world,'anyone}}},1  response:: '/keeper/server88 
2021-03-18 21:30:58,511 DEBUG [Thread-0-SendThread(localhost:2181)] org.apache.zookeeper.ClientCnxn: Reading reply session id: 0x10014bd52700010, packet:: clientPath:null serverPath:null finished:false header:: 2,3  replyHeader:: 2,51,0  request:: '/keeper/server88,T  response:: s{51,51,1616117458474,1616117458474,0,0,0,72080397402374160,0,0,51} 
2021-03-18 21:30:58,540 DEBUG [Thread-0-SendThread(localhost:2181)] org.apache.zookeeper.ClientCnxn: Got notification session id: 0x10014bd52700010
2021-03-18 21:30:58,542 DEBUG [Thread-0-SendThread(localhost:2181)] org.apache.zookeeper.ClientCnxn: Got WatchedEvent state:SyncConnected type:NodeDataChanged path:/keeper/server88 for session id 0x10014bd52700010
2021-03-18 21:30:58,543 DEBUG [Thread-0-EventThread] root: ZK event: 
2021-03-18 21:30:58,543 DEBUG [Thread-0-EventThread] root: WatchedEvent state:SyncConnected type:NodeDataChanged path:/keeper/server88
2021-03-18 21:30:58,544 DEBUG [Thread-0-SendThread(localhost:2181)] org.apache.zookeeper.ClientCnxn: Reading reply session id: 0x10014bd52700010, packet:: clientPath:null serverPath:null finished:false header:: 3,5  replyHeader:: 3,52,0  request:: '/keeper/server88,#3132372e302e302e313a3530303837,0  response:: s{51,52,1616117458474,1616117458513,1,0,0,72080397402374160,15,0,51} 
2021-03-18 21:30:58,544 INFO  [Thread-0] root: Node created at: /keeper/server88
Starting commModule
2021-03-18 21:30:58,553 INFO  [Thread-0] root: Server communication module connected
2021-03-18 21:30:58,555 INFO  [Thread-0] root: Connected to localhost on port 50384
2021-03-18 21:30:58,564 INFO  [Thread-1] root: Message received by server -> Status: INIT_SERVER
received adminmsg
2021-03-18 21:30:58,565 INFO  [Thread-1] root: Message sent by server -> Status: INIT_SERVER_SUCCESS
2021-03-18 21:30:58,566 INFO  [Thread-1] root: Message received by server -> Status: START
received adminmsg
2021-03-18 21:30:58,566 INFO  [Thread-1] root: Message sent by server -> Status: START_SUCCESS
Starting commModule
2021-03-18 21:30:58,575 INFO  [Thread-0] root: Server communication module connected
2021-03-18 21:30:58,576 INFO  [Thread-0] root: Connected to localhost on port 50387
Starting commModule
2021-03-18 21:30:58,584 INFO  [Thread-0] root: Server communication module connected
2021-03-18 21:30:58,585 INFO  [Thread-0] root: Connected to localhost on port 50390
Starting commModule
2021-03-18 21:30:58,591 INFO  [Thread-0] root: Server communication module connected
2021-03-18 21:30:58,592 INFO  [Thread-0] root: Connected to localhost on port 50392
2021-03-18 21:30:58,593 INFO  [Thread-4] root: Message received by server -> Status: UPDATE
received adminmsg
2021-03-18 21:30:58,594 INFO  [Thread-4] root: Message sent by server -> Status: UPDATE_SUCCESS
Starting commModule
2021-03-18 21:30:58,597 INFO  [Thread-0] root: Server communication module connected
2021-03-18 21:30:58,598 INFO  [Thread-0] root: Connected to localhost on port 50394
Starting commModule
2021-03-18 21:30:58,599 INFO  [Thread-0] root: Server communication module connected
2021-03-18 21:30:58,599 INFO  [Thread-0] root: Connected to localhost on port 50396
2021-03-18 21:30:58,600 INFO  [Thread-6] root: Message received by server -> Status: PROPAGATE_ADMIN
received adminmsg
2021-03-18 21:30:58,605 DEBUG [Thread-6] root: Getting successors
2021-03-18 21:30:58,605 DEBUG [Thread-6] root: Got successors
2021-03-18 21:30:58,606 DEBUG [Thread-6] root: Propagating to: 127.0.0.1:50111 127.0.0.1:50087
2021-03-18 21:30:58,608 INFO  [Thread-6] root: Client communication module connected
Starting commModule
2021-03-18 21:30:58,608 INFO  [Thread-0] root: Server communication module connected
2021-03-18 21:30:58,608 INFO  [Thread-6] root: Client communication module connected
2021-03-18 21:30:58,608 DEBUG [Thread-6] root: {}
2021-03-18 21:30:58,609 INFO  [Thread-0] root: Connected to localhost on port 50398
2021-03-18 21:30:58,609 INFO  [Thread-6] root: Message sent by server -> Status: PROPAGATE_SUCCESS
2021-03-18 21:30:59,847 DEBUG [Thread-0-SendThread(localhost:2181)] org.apache.zookeeper.ClientCnxn: Got ping response for session id: 0x10014bd52700010 after 0ms.
2021-03-18 21:31:01,180 DEBUG [Thread-0-SendThread(localhost:2181)] org.apache.zookeeper.ClientCnxn: Got ping response for session id: 0x10014bd52700010 after 0ms.
2021-03-18 21:31:02,515 DEBUG [Thread-0-SendThread(localhost:2181)] org.apache.zookeeper.ClientCnxn: Got ping response for session id: 0x10014bd52700010 after 1ms.
2021-03-18 21:31:03,849 DEBUG [Thread-0-SendThread(localhost:2181)] org.apache.zookeeper.ClientCnxn: Got ping response for session id: 0x10014bd52700010 after 1ms.
2021-03-18 21:31:05,187 DEBUG [Thread-0-SendThread(localhost:2181)] org.apache.zookeeper.ClientCnxn: Got ping response for session id: 0x10014bd52700010 after 0ms.
2021-03-18 21:31:06,521 DEBUG [Thread-0-SendThread(localhost:2181)] org.apache.zookeeper.ClientCnxn: Got ping response for session id: 0x10014bd52700010 after 0ms.
2021-03-18 21:31:07,859 DEBUG [Thread-0-SendThread(localhost:2181)] org.apache.zookeeper.ClientCnxn: Got ping response for session id: 0x10014bd52700010 after 0ms.
2021-03-18 21:31:09,195 DEBUG [Thread-0-SendThread(localhost:2181)] org.apache.zookeeper.ClientCnxn: Got ping response for session id: 0x10014bd52700010 after 1ms.
2021-03-18 21:31:10,529 DEBUG [Thread-0-SendThread(localhost:2181)] org.apache.zookeeper.ClientCnxn: Got ping response for session id: 0x10014bd52700010 after 0ms.
2021-03-18 21:31:11,863 DEBUG [Thread-0-SendThread(localhost:2181)] org.apache.zookeeper.ClientCnxn: Got ping response for session id: 0x10014bd52700010 after 0ms.
2021-03-18 21:31:13,197 DEBUG [Thread-0-SendThread(localhost:2181)] org.apache.zookeeper.ClientCnxn: Got ping response for session id: 0x10014bd52700010 after 1ms.
2021-03-18 21:31:14,532 DEBUG [Thread-0-SendThread(localhost:2181)] org.apache.zookeeper.ClientCnxn: Got ping response for session id: 0x10014bd52700010 after 0ms.
2021-03-18 21:31:15,869 DEBUG [Thread-0-SendThread(localhost:2181)] org.apache.zookeeper.ClientCnxn: Got ping response for session id: 0x10014bd52700010 after 0ms.
2021-03-18 21:31:17,202 DEBUG [Thread-0-SendThread(localhost:2181)] org.apache.zookeeper.ClientCnxn: Got ping response for session id: 0x10014bd52700010 after 0ms.
2021-03-18 21:31:18,540 DEBUG [Thread-0-SendThread(localhost:2181)] org.apache.zookeeper.ClientCnxn: Got ping response for session id: 0x10014bd52700010 after 0ms.
2021-03-18 21:31:19,876 DEBUG [Thread-0-SendThread(localhost:2181)] org.apache.zookeeper.ClientCnxn: Got ping response for session id: 0x10014bd52700010 after 1ms.
2021-03-18 21:31:21,211 DEBUG [Thread-0-SendThread(localhost:2181)] org.apache.zookeeper.ClientCnxn: Got ping response for session id: 0x10014bd52700010 after 0ms.
2021-03-18 21:31:22,544 DEBUG [Thread-0-SendThread(localhost:2181)] org.apache.zookeeper.ClientCnxn: Got ping response for session id: 0x10014bd52700010 after 0ms.
2021-03-18 21:31:23,878 DEBUG [Thread-0-SendThread(localhost:2181)] org.apache.zookeeper.ClientCnxn: Got ping response for session id: 0x10014bd52700010 after 0ms.
2021-03-18 21:31:25,215 DEBUG [Thread-0-SendThread(localhost:2181)] org.apache.zookeeper.ClientCnxn: Got ping response for session id: 0x10014bd52700010 after 0ms.
2021-03-18 21:31:26,552 DEBUG [Thread-0-SendThread(localhost:2181)] org.apache.zookeeper.ClientCnxn: Got ping response for session id: 0x10014bd52700010 after 1ms.
2021-03-18 21:31:27,887 DEBUG [Thread-0-SendThread(localhost:2181)] org.apache.zookeeper.ClientCnxn: Got ping response for session id: 0x10014bd52700010 after 1ms.
2021-03-18 21:31:29,221 DEBUG [Thread-0-SendThread(localhost:2181)] org.apache.zookeeper.ClientCnxn: Got ping response for session id: 0x10014bd52700010 after 0ms.
2021-03-18 21:31:30,559 DEBUG [Thread-0-SendThread(localhost:2181)] org.apache.zookeeper.ClientCnxn: Got ping response for session id: 0x10014bd52700010 after 0ms.
2021-03-18 21:31:31,896 DEBUG [Thread-0-SendThread(localhost:2181)] org.apache.zookeeper.ClientCnxn: Got ping response for session id: 0x10014bd52700010 after 0ms.
2021-03-18 21:31:33,230 DEBUG [Thread-0-SendThread(localhost:2181)] org.apache.zookeeper.ClientCnxn: Got ping response for session id: 0x10014bd52700010 after 0ms.
2021-03-18 21:31:34,565 DEBUG [Thread-0-SendThread(localhost:2181)] org.apache.zookeeper.ClientCnxn: Got ping response for session id: 0x10014bd52700010 after 0ms.
2021-03-18 21:31:35,902 DEBUG [Thread-0-SendThread(localhost:2181)] org.apache.zookeeper.ClientCnxn: Got ping response for session id: 0x10014bd52700010 after 0ms.
2021-03-18 21:31:37,239 DEBUG [Thread-0-SendThread(localhost:2181)] org.apache.zookeeper.ClientCnxn: Got ping response for session id: 0x10014bd52700010 after 1ms.
2021-03-18 21:31:38,575 DEBUG [Thread-0-SendThread(localhost:2181)] org.apache.zookeeper.ClientCnxn: Got ping response for session id: 0x10014bd52700010 after 0ms.
2021-03-18 21:31:39,914 DEBUG [Thread-0-SendThread(localhost:2181)] org.apache.zookeeper.ClientCnxn: Got ping response for session id: 0x10014bd52700010 after 0ms.
2021-03-18 21:31:41,264 DEBUG [Thread-0-SendThread(localhost:2181)] org.apache.zookeeper.ClientCnxn: Got ping response for session id: 0x10014bd52700010 after 0ms.
2021-03-18 21:31:42,600 DEBUG [Thread-0-SendThread(localhost:2181)] org.apache.zookeeper.ClientCnxn: Got ping response for session id: 0x10014bd52700010 after 1ms.
2021-03-18 21:31:43,937 DEBUG [Thread-0-SendThread(localhost:2181)] org.apache.zookeeper.ClientCnxn: Got ping response for session id: 0x10014bd52700010 after 1ms.
2021-03-18 21:31:45,273 DEBUG [Thread-0-SendThread(localhost:2181)] org.apache.zookeeper.ClientCnxn: Got ping response for session id: 0x10014bd52700010 after 1ms.
2021-03-18 21:31:46,607 DEBUG [Thread-0-SendThread(localhost:2181)] org.apache.zookeeper.ClientCnxn: Got ping response for session id: 0x10014bd52700010 after 1ms.
2021-03-18 21:31:47,942 DEBUG [Thread-0-SendThread(localhost:2181)] org.apache.zookeeper.ClientCnxn: Got ping response for session id: 0x10014bd52700010 after 1ms.
2021-03-18 21:31:49,279 DEBUG [Thread-0-SendThread(localhost:2181)] org.apache.zookeeper.ClientCnxn: Got ping response for session id: 0x10014bd52700010 after 0ms.
2021-03-18 21:31:50,615 DEBUG [Thread-0-SendThread(localhost:2181)] org.apache.zookeeper.ClientCnxn: Got ping response for session id: 0x10014bd52700010 after 0ms.
2021-03-18 21:31:51,948 DEBUG [Thread-0-SendThread(localhost:2181)] org.apache.zookeeper.ClientCnxn: Got ping response for session id: 0x10014bd52700010 after 0ms.
2021-03-18 21:31:53,284 DEBUG [Thread-0-SendThread(localhost:2181)] org.apache.zookeeper.ClientCnxn: Got ping response for session id: 0x10014bd52700010 after 1ms.
2021-03-18 21:31:54,618 DEBUG [Thread-0-SendThread(localhost:2181)] org.apache.zookeeper.ClientCnxn: Got ping response for session id: 0x10014bd52700010 after 1ms.
2021-03-18 21:31:55,953 DEBUG [Thread-0-SendThread(localhost:2181)] org.apache.zookeeper.ClientCnxn: Got ping response for session id: 0x10014bd52700010 after 0ms.
2021-03-18 21:31:57,292 DEBUG [Thread-0-SendThread(localhost:2181)] org.apache.zookeeper.ClientCnxn: Got ping response for session id: 0x10014bd52700010 after 0ms.
2021-03-18 21:31:58,626 DEBUG [Thread-0-SendThread(localhost:2181)] org.apache.zookeeper.ClientCnxn: Got ping response for session id: 0x10014bd52700010 after 0ms.
2021-03-18 21:31:59,963 DEBUG [Thread-0-SendThread(localhost:2181)] org.apache.zookeeper.ClientCnxn: Got ping response for session id: 0x10014bd52700010 after 0ms.
2021-03-18 21:32:01,296 DEBUG [Thread-0-SendThread(localhost:2181)] org.apache.zookeeper.ClientCnxn: Got ping response for session id: 0x10014bd52700010 after 0ms.
2021-03-18 21:32:02,633 DEBUG [Thread-0-SendThread(localhost:2181)] org.apache.zookeeper.ClientCnxn: Got ping response for session id: 0x10014bd52700010 after 1ms.
2021-03-18 21:32:03,969 DEBUG [Thread-0-SendThread(localhost:2181)] org.apache.zookeeper.ClientCnxn: Got ping response for session id: 0x10014bd52700010 after 0ms.
2021-03-18 21:32:05,307 DEBUG [Thread-0-SendThread(localhost:2181)] org.apache.zookeeper.ClientCnxn: Got ping response for session id: 0x10014bd52700010 after 0ms.
2021-03-18 21:32:06,642 DEBUG [Thread-0-SendThread(localhost:2181)] org.apache.zookeeper.ClientCnxn: Got ping response for session id: 0x10014bd52700010 after 0ms.
2021-03-18 21:32:07,981 DEBUG [Thread-0-SendThread(localhost:2181)] org.apache.zookeeper.ClientCnxn: Got ping response for session id: 0x10014bd52700010 after 1ms.
2021-03-18 21:32:09,320 DEBUG [Thread-0-SendThread(localhost:2181)] org.apache.zookeeper.ClientCnxn: Got ping response for session id: 0x10014bd52700010 after 1ms.
2021-03-18 21:32:10,657 DEBUG [Thread-0-SendThread(localhost:2181)] org.apache.zookeeper.ClientCnxn: Got ping response for session id: 0x10014bd52700010 after 1ms.
2021-03-18 21:32:11,992 DEBUG [Thread-0-SendThread(localhost:2181)] org.apache.zookeeper.ClientCnxn: Got ping response for session id: 0x10014bd52700010 after 0ms.
2021-03-18 21:32:13,330 DEBUG [Thread-0-SendThread(localhost:2181)] org.apache.zookeeper.ClientCnxn: Got ping response for session id: 0x10014bd52700010 after 0ms.
2021-03-18 21:32:14,667 DEBUG [Thread-0-SendThread(localhost:2181)] org.apache.zookeeper.ClientCnxn: Got ping response for session id: 0x10014bd52700010 after 1ms.
2021-03-18 21:32:16,003 DEBUG [Thread-0-SendThread(localhost:2181)] org.apache.zookeeper.ClientCnxn: Got ping response for session id: 0x10014bd52700010 after 1ms.
2021-03-18 21:32:17,341 DEBUG [Thread-0-SendThread(localhost:2181)] org.apache.zookeeper.ClientCnxn: Got ping response for session id: 0x10014bd52700010 after 0ms.
2021-03-18 21:32:18,680 DEBUG [Thread-0-SendThread(localhost:2181)] org.apache.zookeeper.ClientCnxn: Got ping response for session id: 0x10014bd52700010 after 0ms.
2021-03-18 21:32:20,017 DEBUG [Thread-0-SendThread(localhost:2181)] org.apache.zookeeper.ClientCnxn: Got ping response for session id: 0x10014bd52700010 after 0ms.
2021-03-18 21:32:21,352 DEBUG [Thread-0-SendThread(localhost:2181)] org.apache.zookeeper.ClientCnxn: Got ping response for session id: 0x10014bd52700010 after 0ms.
2021-03-18 21:32:22,687 DEBUG [Thread-0-SendThread(localhost:2181)] org.apache.zookeeper.ClientCnxn: Got ping response for session id: 0x10014bd52700010 after 0ms.
2021-03-18 21:32:24,020 DEBUG [Thread-0-SendThread(localhost:2181)] org.apache.zookeeper.ClientCnxn: Got ping response for session id: 0x10014bd52700010 after 0ms.
2021-03-18 21:32:25,353 DEBUG [Thread-0-SendThread(localhost:2181)] org.apache.zookeeper.ClientCnxn: Got ping response for session id: 0x10014bd52700010 after 0ms.
2021-03-18 21:32:26,688 DEBUG [Thread-0-SendThread(localhost:2181)] org.apache.zookeeper.ClientCnxn: Got ping response for session id: 0x10014bd52700010 after 0ms.
2021-03-18 21:32:28,022 DEBUG [Thread-0-SendThread(localhost:2181)] org.apache.zookeeper.ClientCnxn: Got ping response for session id: 0x10014bd52700010 after 0ms.
2021-03-18 21:32:29,356 DEBUG [Thread-0-SendThread(localhost:2181)] org.apache.zookeeper.ClientCnxn: Got ping response for session id: 0x10014bd52700010 after 0ms.
2021-03-18 21:32:30,694 DEBUG [Thread-0-SendThread(localhost:2181)] org.apache.zookeeper.ClientCnxn: Got ping response for session id: 0x10014bd52700010 after 0ms.
2021-03-18 21:32:32,031 DEBUG [Thread-0-SendThread(localhost:2181)] org.apache.zookeeper.ClientCnxn: Got ping response for session id: 0x10014bd52700010 after 0ms.
2021-03-18 21:32:33,367 DEBUG [Thread-0-SendThread(localhost:2181)] org.apache.zookeeper.ClientCnxn: Got ping response for session id: 0x10014bd52700010 after 0ms.
2021-03-18 21:32:34,703 DEBUG [Thread-0-SendThread(localhost:2181)] org.apache.zookeeper.ClientCnxn: Got ping response for session id: 0x10014bd52700010 after 0ms.
2021-03-18 21:32:36,037 DEBUG [Thread-0-SendThread(localhost:2181)] org.apache.zookeeper.ClientCnxn: Got ping response for session id: 0x10014bd52700010 after 1ms.
2021-03-18 21:32:37,371 DEBUG [Thread-0-SendThread(localhost:2181)] org.apache.zookeeper.ClientCnxn: Got ping response for session id: 0x10014bd52700010 after 1ms.
2021-03-18 21:32:38,711 DEBUG [Thread-0-SendThread(localhost:2181)] org.apache.zookeeper.ClientCnxn: Got ping response for session id: 0x10014bd52700010 after 1ms.
2021-03-18 21:32:40,047 DEBUG [Thread-0-SendThread(localhost:2181)] org.apache.zookeeper.ClientCnxn: Got ping response for session id: 0x10014bd52700010 after 0ms.
2021-03-18 21:32:41,381 DEBUG [Thread-0-SendThread(localhost:2181)] org.apache.zookeeper.ClientCnxn: Got ping response for session id: 0x10014bd52700010 after 0ms.
2021-03-18 21:32:42,720 DEBUG [Thread-0-SendThread(localhost:2181)] org.apache.zookeeper.ClientCnxn: Got ping response for session id: 0x10014bd52700010 after 0ms.
2021-03-18 21:32:44,056 DEBUG [Thread-0-SendThread(localhost:2181)] org.apache.zookeeper.ClientCnxn: Got ping response for session id: 0x10014bd52700010 after 1ms.
2021-03-18 21:32:45,392 DEBUG [Thread-0-SendThread(localhost:2181)] org.apache.zookeeper.ClientCnxn: Got ping response for session id: 0x10014bd52700010 after 0ms.
2021-03-18 21:32:46,730 DEBUG [Thread-0-SendThread(localhost:2181)] org.apache.zookeeper.ClientCnxn: Got ping response for session id: 0x10014bd52700010 after 0ms.
2021-03-18 21:32:48,066 DEBUG [Thread-0-SendThread(localhost:2181)] org.apache.zookeeper.ClientCnxn: Got ping response for session id: 0x10014bd52700010 after 0ms.
2021-03-18 21:32:49,404 DEBUG [Thread-0-SendThread(localhost:2181)] org.apache.zookeeper.ClientCnxn: Got ping response for session id: 0x10014bd52700010 after 0ms.
2021-03-18 21:32:50,742 DEBUG [Thread-0-SendThread(localhost:2181)] org.apache.zookeeper.ClientCnxn: Got ping response for session id: 0x10014bd52700010 after 0ms.
2021-03-18 21:32:52,081 DEBUG [Thread-0-SendThread(localhost:2181)] org.apache.zookeeper.ClientCnxn: Got ping response for session id: 0x10014bd52700010 after 0ms.
2021-03-18 21:32:53,419 DEBUG [Thread-0-SendThread(localhost:2181)] org.apache.zookeeper.ClientCnxn: Got ping response for session id: 0x10014bd52700010 after 0ms.
2021-03-18 21:32:54,753 DEBUG [Thread-0-SendThread(localhost:2181)] org.apache.zookeeper.ClientCnxn: Got ping response for session id: 0x10014bd52700010 after 0ms.
2021-03-18 21:32:56,092 DEBUG [Thread-0-SendThread(localhost:2181)] org.apache.zookeeper.ClientCnxn: Got ping response for session id: 0x10014bd52700010 after 0ms.
2021-03-18 21:32:57,430 DEBUG [Thread-0-SendThread(localhost:2181)] org.apache.zookeeper.ClientCnxn: Got ping response for session id: 0x10014bd52700010 after 1ms.
2021-03-18 21:32:58,769 DEBUG [Thread-0-SendThread(localhost:2181)] org.apache.zookeeper.ClientCnxn: Got ping response for session id: 0x10014bd52700010 after 0ms.
2021-03-18 21:33:00,103 DEBUG [Thread-0-SendThread(localhost:2181)] org.apache.zookeeper.ClientCnxn: Got ping response for session id: 0x10014bd52700010 after 0ms.
2021-03-18 21:33:01,440 DEBUG [Thread-0-SendThread(localhost:2181)] org.apache.zookeeper.ClientCnxn: Got ping response for session id: 0x10014bd52700010 after 0ms.
2021-03-18 21:33:02,775 DEBUG [Thread-0-SendThread(localhost:2181)] org.apache.zookeeper.ClientCnxn: Got ping response for session id: 0x10014bd52700010 after 0ms.
2021-03-18 21:33:04,113 DEBUG [Thread-0-SendThread(localhost:2181)] org.apache.zookeeper.ClientCnxn: Got ping response for session id: 0x10014bd52700010 after 1ms.
2021-03-18 21:33:05,448 DEBUG [Thread-0-SendThread(localhost:2181)] org.apache.zookeeper.ClientCnxn: Got ping response for session id: 0x10014bd52700010 after 0ms.
2021-03-18 21:33:06,785 DEBUG [Thread-0-SendThread(localhost:2181)] org.apache.zookeeper.ClientCnxn: Got ping response for session id: 0x10014bd52700010 after 0ms.
2021-03-18 21:33:08,119 DEBUG [Thread-0-SendThread(localhost:2181)] org.apache.zookeeper.ClientCnxn: Got ping response for session id: 0x10014bd52700010 after 0ms.
2021-03-18 21:33:09,453 DEBUG [Thread-0-SendThread(localhost:2181)] org.apache.zookeeper.ClientCnxn: Got ping response for session id: 0x10014bd52700010 after 0ms.
2021-03-18 21:33:10,794 DEBUG [Thread-0-SendThread(localhost:2181)] org.apache.zookeeper.ClientCnxn: Got ping response for session id: 0x10014bd52700010 after 2ms.
2021-03-18 21:33:12,130 DEBUG [Thread-0-SendThread(localhost:2181)] org.apache.zookeeper.ClientCnxn: Got ping response for session id: 0x10014bd52700010 after 0ms.
2021-03-18 21:33:13,467 DEBUG [Thread-0-SendThread(localhost:2181)] org.apache.zookeeper.ClientCnxn: Got ping response for session id: 0x10014bd52700010 after 0ms.
2021-03-18 21:33:14,803 DEBUG [Thread-0-SendThread(localhost:2181)] org.apache.zookeeper.ClientCnxn: Got ping response for session id: 0x10014bd52700010 after 0ms.
2021-03-18 21:33:16,136 DEBUG [Thread-0-SendThread(localhost:2181)] org.apache.zookeeper.ClientCnxn: Got ping response for session id: 0x10014bd52700010 after 0ms.
2021-03-18 21:33:17,469 DEBUG [Thread-0-SendThread(localhost:2181)] org.apache.zookeeper.ClientCnxn: Got ping response for session id: 0x10014bd52700010 after 0ms.
2021-03-18 21:33:18,804 DEBUG [Thread-0-SendThread(localhost:2181)] org.apache.zookeeper.ClientCnxn: Got ping response for session id: 0x10014bd52700010 after 0ms.
2021-03-18 21:33:20,142 DEBUG [Thread-0-SendThread(localhost:2181)] org.apache.zookeeper.ClientCnxn: Got ping response for session id: 0x10014bd52700010 after 0ms.
2021-03-18 21:33:21,477 DEBUG [Thread-0-SendThread(localhost:2181)] org.apache.zookeeper.ClientCnxn: Got ping response for session id: 0x10014bd52700010 after 0ms.
2021-03-18 21:33:22,815 DEBUG [Thread-0-SendThread(localhost:2181)] org.apache.zookeeper.ClientCnxn: Got ping response for session id: 0x10014bd52700010 after 0ms.
2021-03-18 21:33:24,153 DEBUG [Thread-0-SendThread(localhost:2181)] org.apache.zookeeper.ClientCnxn: Got ping response for session id: 0x10014bd52700010 after 0ms.
2021-03-18 21:33:25,490 DEBUG [Thread-0-SendThread(localhost:2181)] org.apache.zookeeper.ClientCnxn: Got ping response for session id: 0x10014bd52700010 after 1ms.
2021-03-18 21:33:26,829 DEBUG [Thread-0-SendThread(localhost:2181)] org.apache.zookeeper.ClientCnxn: Got ping response for session id: 0x10014bd52700010 after 0ms.
2021-03-18 21:33:28,170 DEBUG [Thread-0-SendThread(localhost:2181)] org.apache.zookeeper.ClientCnxn: Got ping response for session id: 0x10014bd52700010 after 0ms.
2021-03-18 21:33:29,504 DEBUG [Thread-0-SendThread(localhost:2181)] org.apache.zookeeper.ClientCnxn: Got ping response for session id: 0x10014bd52700010 after 1ms.
2021-03-18 21:33:30,841 DEBUG [Thread-0-SendThread(localhost:2181)] org.apache.zookeeper.ClientCnxn: Got ping response for session id: 0x10014bd52700010 after 0ms.
2021-03-18 21:33:32,175 DEBUG [Thread-0-SendThread(localhost:2181)] org.apache.zookeeper.ClientCnxn: Got ping response for session id: 0x10014bd52700010 after 0ms.
2021-03-18 21:33:33,512 DEBUG [Thread-0-SendThread(localhost:2181)] org.apache.zookeeper.ClientCnxn: Got ping response for session id: 0x10014bd52700010 after 0ms.
2021-03-18 21:33:34,845 DEBUG [Thread-0-SendThread(localhost:2181)] org.apache.zookeeper.ClientCnxn: Got ping response for session id: 0x10014bd52700010 after 0ms.
2021-03-18 21:33:36,180 DEBUG [Thread-0-SendThread(localhost:2181)] org.apache.zookeeper.ClientCnxn: Got ping response for session id: 0x10014bd52700010 after 0ms.
2021-03-18 21:33:37,519 DEBUG [Thread-0-SendThread(localhost:2181)] org.apache.zookeeper.ClientCnxn: Got ping response for session id: 0x10014bd52700010 after 0ms.
2021-03-18 21:33:38,853 DEBUG [Thread-0-SendThread(localhost:2181)] org.apache.zookeeper.ClientCnxn: Got ping response for session id: 0x10014bd52700010 after 0ms.
2021-03-18 21:33:40,190 DEBUG [Thread-0-SendThread(localhost:2181)] org.apache.zookeeper.ClientCnxn: Got ping response for session id: 0x10014bd52700010 after 0ms.
2021-03-18 21:33:41,525 DEBUG [Thread-0-SendThread(localhost:2181)] org.apache.zookeeper.ClientCnxn: Got ping response for session id: 0x10014bd52700010 after 0ms.
2021-03-18 21:33:42,862 DEBUG [Thread-0-SendThread(localhost:2181)] org.apache.zookeeper.ClientCnxn: Got ping response for session id: 0x10014bd52700010 after 1ms.
2021-03-18 21:33:44,196 DEBUG [Thread-0-SendThread(localhost:2181)] org.apache.zookeeper.ClientCnxn: Got ping response for session id: 0x10014bd52700010 after 0ms.
2021-03-18 21:33:45,530 DEBUG [Thread-0-SendThread(localhost:2181)] org.apache.zookeeper.ClientCnxn: Got ping response for session id: 0x10014bd52700010 after 1ms.
2021-03-18 21:33:46,867 DEBUG [Thread-0-SendThread(localhost:2181)] org.apache.zookeeper.ClientCnxn: Got ping response for session id: 0x10014bd52700010 after 0ms.
2021-03-18 21:33:48,202 DEBUG [Thread-0-SendThread(localhost:2181)] org.apache.zookeeper.ClientCnxn: Got ping response for session id: 0x10014bd52700010 after 0ms.
2021-03-18 21:33:49,537 DEBUG [Thread-0-SendThread(localhost:2181)] org.apache.zookeeper.ClientCnxn: Got ping response for session id: 0x10014bd52700010 after 0ms.
2021-03-18 21:33:50,873 DEBUG [Thread-0-SendThread(localhost:2181)] org.apache.zookeeper.ClientCnxn: Got ping response for session id: 0x10014bd52700010 after 1ms.
2021-03-18 21:33:52,211 DEBUG [Thread-0-SendThread(localhost:2181)] org.apache.zookeeper.ClientCnxn: Got ping response for session id: 0x10014bd52700010 after 0ms.
2021-03-18 21:33:53,550 DEBUG [Thread-0-SendThread(localhost:2181)] org.apache.zookeeper.ClientCnxn: Got ping response for session id: 0x10014bd52700010 after 0ms.
2021-03-18 21:33:54,886 DEBUG [Thread-0-SendThread(localhost:2181)] org.apache.zookeeper.ClientCnxn: Got ping response for session id: 0x10014bd52700010 after 0ms.
2021-03-18 21:33:56,224 DEBUG [Thread-0-SendThread(localhost:2181)] org.apache.zookeeper.ClientCnxn: Got ping response for session id: 0x10014bd52700010 after 1ms.
2021-03-18 21:33:57,561 DEBUG [Thread-0-SendThread(localhost:2181)] org.apache.zookeeper.ClientCnxn: Got ping response for session id: 0x10014bd52700010 after 0ms.
2021-03-18 21:33:58,896 DEBUG [Thread-0-SendThread(localhost:2181)] org.apache.zookeeper.ClientCnxn: Got ping response for session id: 0x10014bd52700010 after 0ms.
2021-03-18 21:34:00,231 DEBUG [Thread-0-SendThread(localhost:2181)] org.apache.zookeeper.ClientCnxn: Got ping response for session id: 0x10014bd52700010 after 0ms.
2021-03-18 21:34:01,568 DEBUG [Thread-0-SendThread(localhost:2181)] org.apache.zookeeper.ClientCnxn: Got ping response for session id: 0x10014bd52700010 after 1ms.
2021-03-18 21:34:02,901 DEBUG [Thread-0-SendThread(localhost:2181)] org.apache.zookeeper.ClientCnxn: Got ping response for session id: 0x10014bd52700010 after 0ms.
2021-03-18 21:34:04,237 DEBUG [Thread-0-SendThread(localhost:2181)] org.apache.zookeeper.ClientCnxn: Got ping response for session id: 0x10014bd52700010 after 0ms.
2021-03-18 21:34:05,574 DEBUG [Thread-0-SendThread(localhost:2181)] org.apache.zookeeper.ClientCnxn: Got ping response for session id: 0x10014bd52700010 after 0ms.
2021-03-18 21:34:06,910 DEBUG [Thread-0-SendThread(localhost:2181)] org.apache.zookeeper.ClientCnxn: Got ping response for session id: 0x10014bd52700010 after 0ms.
2021-03-18 21:34:08,246 DEBUG [Thread-0-SendThread(localhost:2181)] org.apache.zookeeper.ClientCnxn: Got ping response for session id: 0x10014bd52700010 after 0ms.
2021-03-18 21:34:09,581 DEBUG [Thread-0-SendThread(localhost:2181)] org.apache.zookeeper.ClientCnxn: Got ping response for session id: 0x10014bd52700010 after 0ms.
2021-03-18 21:34:10,916 DEBUG [Thread-0-SendThread(localhost:2181)] org.apache.zookeeper.ClientCnxn: Got ping response for session id: 0x10014bd52700010 after 0ms.
2021-03-18 21:34:12,253 DEBUG [Thread-0-SendThread(localhost:2181)] org.apache.zookeeper.ClientCnxn: Got ping response for session id: 0x10014bd52700010 after 0ms.
2021-03-18 21:34:13,592 DEBUG [Thread-0-SendThread(localhost:2181)] org.apache.zookeeper.ClientCnxn: Got ping response for session id: 0x10014bd52700010 after 0ms.
2021-03-18 21:34:14,929 DEBUG [Thread-0-SendThread(localhost:2181)] org.apache.zookeeper.ClientCnxn: Got ping response for session id: 0x10014bd52700010 after 0ms.
2021-03-18 21:34:16,268 DEBUG [Thread-0-SendThread(localhost:2181)] org.apache.zookeeper.ClientCnxn: Got ping response for session id: 0x10014bd52700010 after 0ms.
2021-03-18 21:34:17,605 DEBUG [Thread-0-SendThread(localhost:2181)] org.apache.zookeeper.ClientCnxn: Got ping response for session id: 0x10014bd52700010 after 0ms.
2021-03-18 21:34:18,943 DEBUG [Thread-0-SendThread(localhost:2181)] org.apache.zookeeper.ClientCnxn: Got ping response for session id: 0x10014bd52700010 after 0ms.
2021-03-18 21:34:20,279 DEBUG [Thread-0-SendThread(localhost:2181)] org.apache.zookeeper.ClientCnxn: Got ping response for session id: 0x10014bd52700010 after 0ms.
2021-03-18 21:34:21,612 DEBUG [Thread-0-SendThread(localhost:2181)] org.apache.zookeeper.ClientCnxn: Got ping response for session id: 0x10014bd52700010 after 0ms.
2021-03-18 21:34:22,950 DEBUG [Thread-0-SendThread(localhost:2181)] org.apache.zookeeper.ClientCnxn: Got ping response for session id: 0x10014bd52700010 after 0ms.
2021-03-18 21:34:24,286 DEBUG [Thread-0-SendThread(localhost:2181)] org.apache.zookeeper.ClientCnxn: Got ping response for session id: 0x10014bd52700010 after 0ms.
2021-03-18 21:34:25,621 DEBUG [Thread-0-SendThread(localhost:2181)] org.apache.zookeeper.ClientCnxn: Got ping response for session id: 0x10014bd52700010 after 0ms.
2021-03-18 21:34:26,959 DEBUG [Thread-0-SendThread(localhost:2181)] org.apache.zookeeper.ClientCnxn: Got ping response for session id: 0x10014bd52700010 after 0ms.
2021-03-18 21:34:28,296 DEBUG [Thread-0-SendThread(localhost:2181)] org.apache.zookeeper.ClientCnxn: Got ping response for session id: 0x10014bd52700010 after 0ms.
2021-03-18 21:34:29,630 DEBUG [Thread-0-SendThread(localhost:2181)] org.apache.zookeeper.ClientCnxn: Got ping response for session id: 0x10014bd52700010 after 0ms.
2021-03-18 21:34:30,964 DEBUG [Thread-0-SendThread(localhost:2181)] org.apache.zookeeper.ClientCnxn: Got ping response for session id: 0x10014bd52700010 after 0ms.
2021-03-18 21:34:32,299 DEBUG [Thread-0-SendThread(localhost:2181)] org.apache.zookeeper.ClientCnxn: Got ping response for session id: 0x10014bd52700010 after 0ms.
2021-03-18 21:34:33,636 DEBUG [Thread-0-SendThread(localhost:2181)] org.apache.zookeeper.ClientCnxn: Got ping response for session id: 0x10014bd52700010 after 0ms.
2021-03-18 21:34:34,971 DEBUG [Thread-0-SendThread(localhost:2181)] org.apache.zookeeper.ClientCnxn: Got ping response for session id: 0x10014bd52700010 after 0ms.
2021-03-18 21:34:36,307 DEBUG [Thread-0-SendThread(localhost:2181)] org.apache.zookeeper.ClientCnxn: Got ping response for session id: 0x10014bd52700010 after 0ms.
2021-03-18 21:34:37,645 DEBUG [Thread-0-SendThread(localhost:2181)] org.apache.zookeeper.ClientCnxn: Got ping response for session id: 0x10014bd52700010 after 0ms.
2021-03-18 21:34:38,982 DEBUG [Thread-0-SendThread(localhost:2181)] org.apache.zookeeper.ClientCnxn: Got ping response for session id: 0x10014bd52700010 after 0ms.
2021-03-18 21:34:40,319 DEBUG [Thread-0-SendThread(localhost:2181)] org.apache.zookeeper.ClientCnxn: Got ping response for session id: 0x10014bd52700010 after 0ms.
2021-03-18 21:34:41,653 DEBUG [Thread-0-SendThread(localhost:2181)] org.apache.zookeeper.ClientCnxn: Got ping response for session id: 0x10014bd52700010 after 0ms.
2021-03-18 21:34:42,990 DEBUG [Thread-0-SendThread(localhost:2181)] org.apache.zookeeper.ClientCnxn: Got ping response for session id: 0x10014bd52700010 after 0ms.
2021-03-18 21:34:44,323 DEBUG [Thread-0-SendThread(localhost:2181)] org.apache.zookeeper.ClientCnxn: Got ping response for session id: 0x10014bd52700010 after 0ms.
2021-03-18 21:34:45,658 DEBUG [Thread-0-SendThread(localhost:2181)] org.apache.zookeeper.ClientCnxn: Got ping response for session id: 0x10014bd52700010 after 0ms.
2021-03-18 21:34:46,994 DEBUG [Thread-0-SendThread(localhost:2181)] org.apache.zookeeper.ClientCnxn: Got ping response for session id: 0x10014bd52700010 after 0ms.
2021-03-18 21:34:48,329 DEBUG [Thread-0-SendThread(localhost:2181)] org.apache.zookeeper.ClientCnxn: Got ping response for session id: 0x10014bd52700010 after 0ms.
2021-03-18 21:34:49,664 DEBUG [Thread-0-SendThread(localhost:2181)] org.apache.zookeeper.ClientCnxn: Got ping response for session id: 0x10014bd52700010 after 0ms.
2021-03-18 21:34:51,000 DEBUG [Thread-0-SendThread(localhost:2181)] org.apache.zookeeper.ClientCnxn: Got ping response for session id: 0x10014bd52700010 after 0ms.
2021-03-18 21:34:52,338 DEBUG [Thread-0-SendThread(localhost:2181)] org.apache.zookeeper.ClientCnxn: Got ping response for session id: 0x10014bd52700010 after 0ms.
2021-03-18 21:34:53,675 DEBUG [Thread-0-SendThread(localhost:2181)] org.apache.zookeeper.ClientCnxn: Got ping response for session id: 0x10014bd52700010 after 0ms.
2021-03-18 21:34:55,014 DEBUG [Thread-0-SendThread(localhost:2181)] org.apache.zookeeper.ClientCnxn: Got ping response for session id: 0x10014bd52700010 after 0ms.
2021-03-18 21:34:56,350 DEBUG [Thread-0-SendThread(localhost:2181)] org.apache.zookeeper.ClientCnxn: Got ping response for session id: 0x10014bd52700010 after 0ms.
2021-03-18 21:34:57,686 DEBUG [Thread-0-SendThread(localhost:2181)] org.apache.zookeeper.ClientCnxn: Got ping response for session id: 0x10014bd52700010 after 0ms.
2021-03-18 21:34:59,020 DEBUG [Thread-0-SendThread(localhost:2181)] org.apache.zookeeper.ClientCnxn: Got ping response for session id: 0x10014bd52700010 after 0ms.
2021-03-18 21:35:00,355 DEBUG [Thread-0-SendThread(localhost:2181)] org.apache.zookeeper.ClientCnxn: Got ping response for session id: 0x10014bd52700010 after 0ms.
2021-03-18 21:35:01,688 DEBUG [Thread-0-SendThread(localhost:2181)] org.apache.zookeeper.ClientCnxn: Got ping response for session id: 0x10014bd52700010 after 0ms.
2021-03-18 21:35:03,021 DEBUG [Thread-0-SendThread(localhost:2181)] org.apache.zookeeper.ClientCnxn: Got ping response for session id: 0x10014bd52700010 after 0ms.
2021-03-18 21:35:04,355 DEBUG [Thread-0-SendThread(localhost:2181)] org.apache.zookeeper.ClientCnxn: Got ping response for session id: 0x10014bd52700010 after 0ms.
2021-03-18 21:35:05,694 DEBUG [Thread-0-SendThread(localhost:2181)] org.apache.zookeeper.ClientCnxn: Got ping response for session id: 0x10014bd52700010 after 0ms.
2021-03-18 21:35:07,031 DEBUG [Thread-0-SendThread(localhost:2181)] org.apache.zookeeper.ClientCnxn: Got ping response for session id: 0x10014bd52700010 after 0ms.
2021-03-18 21:35:08,366 DEBUG [Thread-0-SendThread(localhost:2181)] org.apache.zookeeper.ClientCnxn: Got ping response for session id: 0x10014bd52700010 after 2ms.
2021-03-18 21:35:09,703 DEBUG [Thread-0-SendThread(localhost:2181)] org.apache.zookeeper.ClientCnxn: Got ping response for session id: 0x10014bd52700010 after 1ms.
2021-03-18 21:35:11,039 DEBUG [Thread-0-SendThread(localhost:2181)] org.apache.zookeeper.ClientCnxn: Got ping response for session id: 0x10014bd52700010 after 0ms.
2021-03-18 21:35:12,374 DEBUG [Thread-0-SendThread(localhost:2181)] org.apache.zookeeper.ClientCnxn: Got ping response for session id: 0x10014bd52700010 after 0ms.
2021-03-18 21:35:13,710 DEBUG [Thread-0-SendThread(localhost:2181)] org.apache.zookeeper.ClientCnxn: Got ping response for session id: 0x10014bd52700010 after 1ms.
2021-03-18 21:35:15,046 DEBUG [Thread-0-SendThread(localhost:2181)] org.apache.zookeeper.ClientCnxn: Got ping response for session id: 0x10014bd52700010 after 0ms.
2021-03-18 21:35:16,381 DEBUG [Thread-0-SendThread(localhost:2181)] org.apache.zookeeper.ClientCnxn: Got ping response for session id: 0x10014bd52700010 after 0ms.
2021-03-18 21:35:17,716 DEBUG [Thread-0-SendThread(localhost:2181)] org.apache.zookeeper.ClientCnxn: Got ping response for session id: 0x10014bd52700010 after 0ms.
2021-03-18 21:35:19,051 DEBUG [Thread-0-SendThread(localhost:2181)] org.apache.zookeeper.ClientCnxn: Got ping response for session id: 0x10014bd52700010 after 0ms.
2021-03-18 21:35:20,388 DEBUG [Thread-0-SendThread(localhost:2181)] org.apache.zookeeper.ClientCnxn: Got ping response for session id: 0x10014bd52700010 after 0ms.
2021-03-18 21:35:21,724 DEBUG [Thread-0-SendThread(localhost:2181)] org.apache.zookeeper.ClientCnxn: Got ping response for session id: 0x10014bd52700010 after 0ms.
2021-03-18 21:35:23,062 DEBUG [Thread-0-SendThread(localhost:2181)] org.apache.zookeeper.ClientCnxn: Got ping response for session id: 0x10014bd52700010 after 0ms.
2021-03-18 21:35:24,401 DEBUG [Thread-0-SendThread(localhost:2181)] org.apache.zookeeper.ClientCnxn: Got ping response for session id: 0x10014bd52700010 after 0ms.
2021-03-18 21:35:25,736 DEBUG [Thread-0-SendThread(localhost:2181)] org.apache.zookeeper.ClientCnxn: Got ping response for session id: 0x10014bd52700010 after 0ms.
2021-03-18 21:35:27,075 DEBUG [Thread-0-SendThread(localhost:2181)] org.apache.zookeeper.ClientCnxn: Got ping response for session id: 0x10014bd52700010 after 0ms.
2021-03-18 21:35:28,414 DEBUG [Thread-0-SendThread(localhost:2181)] org.apache.zookeeper.ClientCnxn: Got ping response for session id: 0x10014bd52700010 after 0ms.
2021-03-18 21:35:29,749 DEBUG [Thread-0-SendThread(localhost:2181)] org.apache.zookeeper.ClientCnxn: Got ping response for session id: 0x10014bd52700010 after 0ms.
2021-03-18 21:35:31,086 DEBUG [Thread-0-SendThread(localhost:2181)] org.apache.zookeeper.ClientCnxn: Got ping response for session id: 0x10014bd52700010 after 0ms.
2021-03-18 21:35:32,420 DEBUG [Thread-0-SendThread(localhost:2181)] org.apache.zookeeper.ClientCnxn: Got ping response for session id: 0x10014bd52700010 after 0ms.
2021-03-18 21:35:33,757 DEBUG [Thread-0-SendThread(localhost:2181)] org.apache.zookeeper.ClientCnxn: Got ping response for session id: 0x10014bd52700010 after 0ms.
2021-03-18 21:35:35,090 DEBUG [Thread-0-SendThread(localhost:2181)] org.apache.zookeeper.ClientCnxn: Got ping response for session id: 0x10014bd52700010 after 0ms.
2021-03-18 21:35:36,426 DEBUG [Thread-0-SendThread(localhost:2181)] org.apache.zookeeper.ClientCnxn: Got ping response for session id: 0x10014bd52700010 after 0ms.
2021-03-18 21:35:37,759 DEBUG [Thread-0-SendThread(localhost:2181)] org.apache.zookeeper.ClientCnxn: Got ping response for session id: 0x10014bd52700010 after 0ms.
2021-03-18 21:35:39,097 DEBUG [Thread-0-SendThread(localhost:2181)] org.apache.zookeeper.ClientCnxn: Got ping response for session id: 0x10014bd52700010 after 0ms.
2021-03-18 21:35:40,430 DEBUG [Thread-0-SendThread(localhost:2181)] org.apache.zookeeper.ClientCnxn: Got ping response for session id: 0x10014bd52700010 after 0ms.
2021-03-18 21:35:41,765 DEBUG [Thread-0-SendThread(localhost:2181)] org.apache.zookeeper.ClientCnxn: Got ping response for session id: 0x10014bd52700010 after 0ms.
2021-03-18 21:35:43,101 DEBUG [Thread-0-SendThread(localhost:2181)] org.apache.zookeeper.ClientCnxn: Got ping response for session id: 0x10014bd52700010 after 0ms.
2021-03-18 21:35:44,436 DEBUG [Thread-0-SendThread(localhost:2181)] org.apache.zookeeper.ClientCnxn: Got ping response for session id: 0x10014bd52700010 after 0ms.
2021-03-18 21:35:45,770 DEBUG [Thread-0-SendThread(localhost:2181)] org.apache.zookeeper.ClientCnxn: Got ping response for session id: 0x10014bd52700010 after 0ms.
2021-03-18 21:35:47,106 DEBUG [Thread-0-SendThread(localhost:2181)] org.apache.zookeeper.ClientCnxn: Got ping response for session id: 0x10014bd52700010 after 0ms.
2021-03-18 21:35:48,444 DEBUG [Thread-0-SendThread(localhost:2181)] org.apache.zookeeper.ClientCnxn: Got ping response for session id: 0x10014bd52700010 after 0ms.
2021-03-18 21:35:49,780 DEBUG [Thread-0-SendThread(localhost:2181)] org.apache.zookeeper.ClientCnxn: Got ping response for session id: 0x10014bd52700010 after 0ms.
2021-03-18 21:35:51,120 DEBUG [Thread-0-SendThread(localhost:2181)] org.apache.zookeeper.ClientCnxn: Got ping response for session id: 0x10014bd52700010 after 0ms.
2021-03-18 21:35:52,455 DEBUG [Thread-0-SendThread(localhost:2181)] org.apache.zookeeper.ClientCnxn: Got ping response for session id: 0x10014bd52700010 after 0ms.
2021-03-18 21:35:53,788 DEBUG [Thread-0-SendThread(localhost:2181)] org.apache.zookeeper.ClientCnxn: Got ping response for session id: 0x10014bd52700010 after 0ms.
2021-03-18 21:35:55,123 DEBUG [Thread-0-SendThread(localhost:2181)] org.apache.zookeeper.ClientCnxn: Got ping response for session id: 0x10014bd52700010 after 0ms.
2021-03-18 21:35:56,460 DEBUG [Thread-0-SendThread(localhost:2181)] org.apache.zookeeper.ClientCnxn: Got ping response for session id: 0x10014bd52700010 after 0ms.
2021-03-18 21:35:57,795 DEBUG [Thread-0-SendThread(localhost:2181)] org.apache.zookeeper.ClientCnxn: Got ping response for session id: 0x10014bd52700010 after 0ms.
2021-03-18 21:35:59,132 DEBUG [Thread-0-SendThread(localhost:2181)] org.apache.zookeeper.ClientCnxn: Got ping response for session id: 0x10014bd52700010 after 0ms.
2021-03-18 21:36:00,469 DEBUG [Thread-0-SendThread(localhost:2181)] org.apache.zookeeper.ClientCnxn: Got ping response for session id: 0x10014bd52700010 after 0ms.
2021-03-18 21:36:01,803 DEBUG [Thread-0-SendThread(localhost:2181)] org.apache.zookeeper.ClientCnxn: Got ping response for session id: 0x10014bd52700010 after 0ms.
2021-03-18 21:36:03,141 DEBUG [Thread-0-SendThread(localhost:2181)] org.apache.zookeeper.ClientCnxn: Got ping response for session id: 0x10014bd52700010 after 0ms.
2021-03-18 21:36:04,476 DEBUG [Thread-0-SendThread(localhost:2181)] org.apache.zookeeper.ClientCnxn: Got ping response for session id: 0x10014bd52700010 after 0ms.
2021-03-18 21:36:05,809 DEBUG [Thread-0-SendThread(localhost:2181)] org.apache.zookeeper.ClientCnxn: Got ping response for session id: 0x10014bd52700010 after 0ms.
2021-03-18 21:36:07,144 DEBUG [Thread-0-SendThread(localhost:2181)] org.apache.zookeeper.ClientCnxn: Got ping response for session id: 0x10014bd52700010 after 0ms.
2021-03-18 21:36:08,479 DEBUG [Thread-0-SendThread(localhost:2181)] org.apache.zookeeper.ClientCnxn: Got ping response for session id: 0x10014bd52700010 after 0ms.
2021-03-18 21:36:09,813 DEBUG [Thread-0-SendThread(localhost:2181)] org.apache.zookeeper.ClientCnxn: Got ping response for session id: 0x10014bd52700010 after 0ms.
2021-03-18 21:36:11,149 DEBUG [Thread-0-SendThread(localhost:2181)] org.apache.zookeeper.ClientCnxn: Got ping response for session id: 0x10014bd52700010 after 0ms.
2021-03-18 21:36:12,484 DEBUG [Thread-0-SendThread(localhost:2181)] org.apache.zookeeper.ClientCnxn: Got ping response for session id: 0x10014bd52700010 after 0ms.
2021-03-18 21:36:13,820 DEBUG [Thread-0-SendThread(localhost:2181)] org.apache.zookeeper.ClientCnxn: Got ping response for session id: 0x10014bd52700010 after 0ms.
2021-03-18 21:36:15,156 DEBUG [Thread-0-SendThread(localhost:2181)] org.apache.zookeeper.ClientCnxn: Got ping response for session id: 0x10014bd52700010 after 1ms.
2021-03-18 21:36:16,489 DEBUG [Thread-0-SendThread(localhost:2181)] org.apache.zookeeper.ClientCnxn: Got ping response for session id: 0x10014bd52700010 after 0ms.
2021-03-18 21:36:17,823 DEBUG [Thread-0-SendThread(localhost:2181)] org.apache.zookeeper.ClientCnxn: Got ping response for session id: 0x10014bd52700010 after 0ms.
2021-03-18 21:36:19,157 DEBUG [Thread-0-SendThread(localhost:2181)] org.apache.zookeeper.ClientCnxn: Got ping response for session id: 0x10014bd52700010 after 0ms.
2021-03-18 21:36:20,494 DEBUG [Thread-0-SendThread(localhost:2181)] org.apache.zookeeper.ClientCnxn: Got ping response for session id: 0x10014bd52700010 after 0ms.
2021-03-18 21:36:21,832 DEBUG [Thread-0-SendThread(localhost:2181)] org.apache.zookeeper.ClientCnxn: Got ping response for session id: 0x10014bd52700010 after 0ms.
2021-03-18 21:36:23,169 DEBUG [Thread-0-SendThread(localhost:2181)] org.apache.zookeeper.ClientCnxn: Got ping response for session id: 0x10014bd52700010 after 0ms.
2021-03-18 21:36:24,507 DEBUG [Thread-0-SendThread(localhost:2181)] org.apache.zookeeper.ClientCnxn: Got ping response for session id: 0x10014bd52700010 after 0ms.
2021-03-18 21:36:25,843 DEBUG [Thread-0-SendThread(localhost:2181)] org.apache.zookeeper.ClientCnxn: Got ping response for session id: 0x10014bd52700010 after 0ms.
2021-03-18 21:36:27,180 DEBUG [Thread-0-SendThread(localhost:2181)] org.apache.zookeeper.ClientCnxn: Got ping response for session id: 0x10014bd52700010 after 0ms.
2021-03-18 21:36:28,516 DEBUG [Thread-0-SendThread(localhost:2181)] org.apache.zookeeper.ClientCnxn: Got ping response for session id: 0x10014bd52700010 after 0ms.
2021-03-18 21:36:29,854 DEBUG [Thread-0-SendThread(localhost:2181)] org.apache.zookeeper.ClientCnxn: Got ping response for session id: 0x10014bd52700010 after 0ms.
2021-03-18 21:36:31,190 DEBUG [Thread-0-SendThread(localhost:2181)] org.apache.zookeeper.ClientCnxn: Got ping response for session id: 0x10014bd52700010 after 0ms.
2021-03-18 21:36:32,526 DEBUG [Thread-0-SendThread(localhost:2181)] org.apache.zookeeper.ClientCnxn: Got ping response for session id: 0x10014bd52700010 after 0ms.
2021-03-18 21:36:33,863 DEBUG [Thread-0-SendThread(localhost:2181)] org.apache.zookeeper.ClientCnxn: Got ping response for session id: 0x10014bd52700010 after 1ms.
2021-03-18 21:36:35,198 DEBUG [Thread-0-SendThread(localhost:2181)] org.apache.zookeeper.ClientCnxn: Got ping response for session id: 0x10014bd52700010 after 0ms.
2021-03-18 21:36:36,532 DEBUG [Thread-0-SendThread(localhost:2181)] org.apache.zookeeper.ClientCnxn: Got ping response for session id: 0x10014bd52700010 after 0ms.
2021-03-18 21:36:37,869 DEBUG [Thread-0-SendThread(localhost:2181)] org.apache.zookeeper.ClientCnxn: Got ping response for session id: 0x10014bd52700010 after 0ms.
2021-03-18 21:36:39,205 DEBUG [Thread-0-SendThread(localhost:2181)] org.apache.zookeeper.ClientCnxn: Got ping response for session id: 0x10014bd52700010 after 0ms.
2021-03-18 21:36:40,540 DEBUG [Thread-0-SendThread(localhost:2181)] org.apache.zookeeper.ClientCnxn: Got ping response for session id: 0x10014bd52700010 after 0ms.
2021-03-18 21:36:41,875 DEBUG [Thread-0-SendThread(localhost:2181)] org.apache.zookeeper.ClientCnxn: Got ping response for session id: 0x10014bd52700010 after 0ms.
2021-03-18 21:36:43,213 DEBUG [Thread-0-SendThread(localhost:2181)] org.apache.zookeeper.ClientCnxn: Got ping response for session id: 0x10014bd52700010 after 0ms.
2021-03-18 21:36:44,549 DEBUG [Thread-0-SendThread(localhost:2181)] org.apache.zookeeper.ClientCnxn: Got ping response for session id: 0x10014bd52700010 after 0ms.
2021-03-18 21:36:45,885 DEBUG [Thread-0-SendThread(localhost:2181)] org.apache.zookeeper.ClientCnxn: Got ping response for session id: 0x10014bd52700010 after 0ms.
2021-03-18 21:36:47,222 DEBUG [Thread-0-SendThread(localhost:2181)] org.apache.zookeeper.ClientCnxn: Got ping response for session id: 0x10014bd52700010 after 0ms.
2021-03-18 21:36:48,558 DEBUG [Thread-0-SendThread(localhost:2181)] org.apache.zookeeper.ClientCnxn: Got ping response for session id: 0x10014bd52700010 after 0ms.
2021-03-18 21:36:49,896 DEBUG [Thread-0-SendThread(localhost:2181)] org.apache.zookeeper.ClientCnxn: Got ping response for session id: 0x10014bd52700010 after 0ms.
2021-03-18 21:36:51,229 DEBUG [Thread-0-SendThread(localhost:2181)] org.apache.zookeeper.ClientCnxn: Got ping response for session id: 0x10014bd52700010 after 0ms.
2021-03-18 21:36:52,563 DEBUG [Thread-0-SendThread(localhost:2181)] org.apache.zookeeper.ClientCnxn: Got ping response for session id: 0x10014bd52700010 after 0ms.
2021-03-18 21:36:53,897 DEBUG [Thread-0-SendThread(localhost:2181)] org.apache.zookeeper.ClientCnxn: Got ping response for session id: 0x10014bd52700010 after 0ms.
2021-03-18 21:36:55,236 DEBUG [Thread-0-SendThread(localhost:2181)] org.apache.zookeeper.ClientCnxn: Got ping response for session id: 0x10014bd52700010 after 0ms.
2021-03-18 21:36:56,574 DEBUG [Thread-0-SendThread(localhost:2181)] org.apache.zookeeper.ClientCnxn: Got ping response for session id: 0x10014bd52700010 after 0ms.
2021-03-18 21:36:57,908 DEBUG [Thread-0-SendThread(localhost:2181)] org.apache.zookeeper.ClientCnxn: Got ping response for session id: 0x10014bd52700010 after 0ms.
2021-03-18 21:36:59,245 DEBUG [Thread-0-SendThread(localhost:2181)] org.apache.zookeeper.ClientCnxn: Got ping response for session id: 0x10014bd52700010 after 0ms.
2021-03-18 21:37:00,583 DEBUG [Thread-0-SendThread(localhost:2181)] org.apache.zookeeper.ClientCnxn: Got ping response for session id: 0x10014bd52700010 after 0ms.
2021-03-18 21:37:01,920 DEBUG [Thread-0-SendThread(localhost:2181)] org.apache.zookeeper.ClientCnxn: Got ping response for session id: 0x10014bd52700010 after 0ms.
2021-03-18 21:37:03,258 DEBUG [Thread-0-SendThread(localhost:2181)] org.apache.zookeeper.ClientCnxn: Got ping response for session id: 0x10014bd52700010 after 0ms.
2021-03-18 21:37:04,595 DEBUG [Thread-0-SendThread(localhost:2181)] org.apache.zookeeper.ClientCnxn: Got ping response for session id: 0x10014bd52700010 after 0ms.
2021-03-18 21:37:05,930 DEBUG [Thread-0-SendThread(localhost:2181)] org.apache.zookeeper.ClientCnxn: Got ping response for session id: 0x10014bd52700010 after 0ms.
2021-03-18 21:37:07,267 DEBUG [Thread-0-SendThread(localhost:2181)] org.apache.zookeeper.ClientCnxn: Got ping response for session id: 0x10014bd52700010 after 0ms.
2021-03-18 21:37:08,603 DEBUG [Thread-0-SendThread(localhost:2181)] org.apache.zookeeper.ClientCnxn: Got ping response for session id: 0x10014bd52700010 after 0ms.
2021-03-18 21:37:09,937 DEBUG [Thread-0-SendThread(localhost:2181)] org.apache.zookeeper.ClientCnxn: Got ping response for session id: 0x10014bd52700010 after 0ms.
2021-03-18 21:37:11,271 DEBUG [Thread-0-SendThread(localhost:2181)] org.apache.zookeeper.ClientCnxn: Got ping response for session id: 0x10014bd52700010 after 0ms.
2021-03-18 21:37:12,608 DEBUG [Thread-0-SendThread(localhost:2181)] org.apache.zookeeper.ClientCnxn: Got ping response for session id: 0x10014bd52700010 after 0ms.
2021-03-18 21:37:13,946 DEBUG [Thread-0-SendThread(localhost:2181)] org.apache.zookeeper.ClientCnxn: Got ping response for session id: 0x10014bd52700010 after 0ms.
2021-03-18 21:37:15,281 DEBUG [Thread-0-SendThread(localhost:2181)] org.apache.zookeeper.ClientCnxn: Got ping response for session id: 0x10014bd52700010 after 0ms.
2021-03-18 21:37:16,619 DEBUG [Thread-0-SendThread(localhost:2181)] org.apache.zookeeper.ClientCnxn: Got ping response for session id: 0x10014bd52700010 after 0ms.
2021-03-18 21:37:17,952 DEBUG [Thread-0-SendThread(localhost:2181)] org.apache.zookeeper.ClientCnxn: Got ping response for session id: 0x10014bd52700010 after 0ms.
2021-03-18 21:37:19,290 DEBUG [Thread-0-SendThread(localhost:2181)] org.apache.zookeeper.ClientCnxn: Got ping response for session id: 0x10014bd52700010 after 0ms.
Starting commModule
2021-03-18 21:37:20,124 INFO  [Thread-0] root: Server communication module connected
2021-03-18 21:37:20,126 INFO  [Thread-0] root: Connected to localhost on port 50441
2021-03-18 21:37:20,138 INFO  [Thread-8] root: Message received by server -> Status: MERGE_REPLICA
received adminmsg
2021-03-18 21:37:20,140 INFO  [Thread-8] root: Message sent by server -> Status: MERGE_REPLICA_SUCCESS
Starting commModule
2021-03-18 21:37:20,142 INFO  [Thread-0] root: Server communication module connected
2021-03-18 21:37:20,143 INFO  [Thread-0] root: Connected to localhost on port 50442
2021-03-18 21:37:20,147 INFO  [Thread-9] root: Message received by server -> Status: UPDATE
received adminmsg
2021-03-18 21:37:20,148 INFO  [Thread-9] root: Message sent by server -> Status: UPDATE_SUCCESS
Starting commModule
2021-03-18 21:37:20,148 INFO  [Thread-0] root: Server communication module connected
2021-03-18 21:37:20,149 INFO  [Thread-0] root: Connected to localhost on port 50443
2021-03-18 21:37:20,150 INFO  [Thread-10] root: Message received by server -> Status: PROPAGATE_ADMIN
received adminmsg
2021-03-18 21:37:20,151 DEBUG [Thread-10] root: Getting successors
2021-03-18 21:37:20,151 DEBUG [Thread-10] root: Got successors
2021-03-18 21:37:20,151 DEBUG [Thread-10] root: Propagating to: 127.0.0.1:50087 127.0.0.1:50087
Starting commModule
2021-03-18 21:37:20,152 INFO  [Thread-0] root: Server communication module connected
2021-03-18 21:37:20,152 INFO  [Thread-10] root: Client communication module connected
2021-03-18 21:37:20,152 INFO  [Thread-0] root: Connected to localhost on port 50444
Starting commModule
2021-03-18 21:37:20,153 INFO  [Thread-0] root: Server communication module connected
2021-03-18 21:37:20,153 INFO  [Thread-10] root: Client communication module connected
2021-03-18 21:37:20,153 DEBUG [Thread-10] root: {}
2021-03-18 21:37:20,153 INFO  [Thread-10] root: Message sent by server -> Status: PROPAGATE_SUCCESS
2021-03-18 21:37:20,153 INFO  [Thread-0] root: Connected to localhost on port 50445
2021-03-18 21:37:20,626 DEBUG [Thread-0-SendThread(localhost:2181)] org.apache.zookeeper.ClientCnxn: Got ping response for session id: 0x10014bd52700010 after 0ms.
Starting commModule
2021-03-18 21:37:20,859 INFO  [Thread-0] root: Server communication module connected
2021-03-18 21:37:20,859 INFO  [Thread-0] root: Connected to localhost on port 50449
2021-03-18 21:37:20,860 INFO  [Thread-13] root: Message received by server -> Status: UPDATE
received adminmsg
2021-03-18 21:37:20,861 INFO  [Thread-13] root: Message sent by server -> Status: UPDATE_SUCCESS
Starting commModule
2021-03-18 21:37:20,861 INFO  [Thread-0] root: Server communication module connected
2021-03-18 21:37:20,862 INFO  [Thread-0] root: Connected to localhost on port 50450
2021-03-18 21:37:20,863 INFO  [Thread-14] root: Message received by server -> Status: PROPAGATE_ADMIN
received adminmsg
2021-03-18 21:37:20,863 DEBUG [Thread-14] root: Getting successors
2021-03-18 21:37:20,863 DEBUG [Thread-14] root: Got successors
2021-03-18 21:37:20,863 DEBUG [Thread-14] root: Propagating to: 127.0.0.1:50058 127.0.0.1:50087
2021-03-18 21:37:20,864 INFO  [Thread-14] root: Client communication module connected
Starting commModule
2021-03-18 21:37:20,865 INFO  [Thread-14] root: Client communication module connected
2021-03-18 21:37:20,865 DEBUG [Thread-14] root: {}
2021-03-18 21:37:20,865 INFO  [Thread-0] root: Server communication module connected
2021-03-18 21:37:20,865 INFO  [Thread-14] root: Message sent by server -> Status: PROPAGATE_SUCCESS
2021-03-18 21:37:20,865 INFO  [Thread-0] root: Connected to localhost on port 50452
Starting commModule
2021-03-18 21:37:20,866 INFO  [Thread-0] root: Server communication module connected
2021-03-18 21:37:20,867 INFO  [Thread-0] root: Connected to localhost on port 50453
2021-03-18 21:37:20,867 INFO  [Thread-16] root: Message received by server -> Status: MOVE_DATA
received adminmsg
2021-03-18 21:37:20,867 DEBUG [Thread-16] root: Input data: 
2021-03-18 21:37:20,867 DEBUG [Thread-16] root: 7e1289d758d2ce61deaf814ee030890:dae7709f832bd65b72b3f501a9cdddde
2021-03-18 21:37:20,867 DEBUG [Thread-16] root: 127.0.0.1:50058
2021-03-18 21:37:20,868 INFO  [Thread-16] root: Client communication module connected
2021-03-18 21:37:20,868 DEBUG [Thread-16] root: Host: 127.0.0.1
2021-03-18 21:37:20,868 DEBUG [Thread-16] root: Port: 50058
2021-03-18 21:37:20,868 DEBUG [Thread-16] root: Range: 7e1289d758d2ce61deaf814ee030890:dae7709f832bd65b72b3f501a9cdddde
2021-03-18 21:37:20,868 DEBUG [Thread-16] root: Starting flush data
2021-03-18 21:37:20,868 DEBUG [Thread-16] root: Finished flush data
2021-03-18 21:37:20,868 DEBUG [Thread-16] root: Closing conn
2021-03-18 21:37:20,868 INFO  [Thread-16] root: Connection closed!
2021-03-18 21:37:20,868 DEBUG [Thread-16] root: Closed conn
2021-03-18 21:37:20,868 INFO  [Thread-16] root: Message sent by server -> Status: MOVE_DATA_SUCCESS
Starting commModule
2021-03-18 21:37:20,870 INFO  [Thread-0] root: Server communication module connected
2021-03-18 21:37:20,871 INFO  [Thread-0] root: Connected to localhost on port 50455
2021-03-18 21:37:20,872 INFO  [Thread-17] root: Message received by server -> Status: UPDATE
received adminmsg
2021-03-18 21:37:20,873 INFO  [Thread-17] root: Message sent by server -> Status: UPDATE_SUCCESS
Starting commModule
2021-03-18 21:37:20,877 INFO  [Thread-0] root: Server communication module connected
2021-03-18 21:37:20,878 INFO  [Thread-0] root: Connected to localhost on port 50457
2021-03-18 21:37:20,878 INFO  [Thread-18] root: Message received by server -> Status: PROPAGATE_ADMIN
received adminmsg
2021-03-18 21:37:20,879 DEBUG [Thread-18] root: Getting successors
2021-03-18 21:37:20,879 DEBUG [Thread-18] root: Got successors
2021-03-18 21:37:20,879 DEBUG [Thread-18] root: Propagating to: 127.0.0.1:50058 127.0.0.1:50087
2021-03-18 21:37:20,879 INFO  [Thread-18] root: Client communication module connected
Starting commModule
2021-03-18 21:37:20,880 INFO  [Thread-0] root: Server communication module connected
2021-03-18 21:37:20,880 INFO  [Thread-18] root: Client communication module connected
2021-03-18 21:37:20,880 DEBUG [Thread-18] root: {}
2021-03-18 21:37:20,880 INFO  [Thread-18] root: Message sent by server -> Status: PROPAGATE_SUCCESS
2021-03-18 21:37:20,881 INFO  [Thread-0] root: Connected to localhost on port 50459
Starting commModule
2021-03-18 21:37:20,891 INFO  [Thread-0] root: Server communication module connected
2021-03-18 21:37:20,892 INFO  [Thread-0] root: Connected to localhost on port 50461
2021-03-18 21:37:21,961 DEBUG [Thread-0-SendThread(localhost:2181)] org.apache.zookeeper.ClientCnxn: Got ping response for session id: 0x10014bd52700010 after 0ms.
2021-03-18 21:37:23,295 DEBUG [Thread-0-SendThread(localhost:2181)] org.apache.zookeeper.ClientCnxn: Got ping response for session id: 0x10014bd52700010 after 0ms.
2021-03-18 21:37:24,633 DEBUG [Thread-0-SendThread(localhost:2181)] org.apache.zookeeper.ClientCnxn: Got ping response for session id: 0x10014bd52700010 after 0ms.
2021-03-18 21:37:25,971 DEBUG [Thread-0-SendThread(localhost:2181)] org.apache.zookeeper.ClientCnxn: Got ping response for session id: 0x10014bd52700010 after 0ms.
2021-03-18 21:37:27,306 DEBUG [Thread-0-SendThread(localhost:2181)] org.apache.zookeeper.ClientCnxn: Got ping response for session id: 0x10014bd52700010 after 0ms.
2021-03-18 21:37:28,642 DEBUG [Thread-0-SendThread(localhost:2181)] org.apache.zookeeper.ClientCnxn: Got ping response for session id: 0x10014bd52700010 after 0ms.
2021-03-18 21:37:29,979 DEBUG [Thread-0-SendThread(localhost:2181)] org.apache.zookeeper.ClientCnxn: Got ping response for session id: 0x10014bd52700010 after 0ms.
2021-03-18 21:37:31,315 DEBUG [Thread-0-SendThread(localhost:2181)] org.apache.zookeeper.ClientCnxn: Got ping response for session id: 0x10014bd52700010 after 0ms.
2021-03-18 21:37:32,652 DEBUG [Thread-0-SendThread(localhost:2181)] org.apache.zookeeper.ClientCnxn: Got ping response for session id: 0x10014bd52700010 after 0ms.
2021-03-18 21:37:33,986 DEBUG [Thread-0-SendThread(localhost:2181)] org.apache.zookeeper.ClientCnxn: Got ping response for session id: 0x10014bd52700010 after 0ms.
2021-03-18 21:37:35,322 DEBUG [Thread-0-SendThread(localhost:2181)] org.apache.zookeeper.ClientCnxn: Got ping response for session id: 0x10014bd52700010 after 0ms.
2021-03-18 21:37:36,659 DEBUG [Thread-0-SendThread(localhost:2181)] org.apache.zookeeper.ClientCnxn: Got ping response for session id: 0x10014bd52700010 after 0ms.
2021-03-18 21:37:37,994 DEBUG [Thread-0-SendThread(localhost:2181)] org.apache.zookeeper.ClientCnxn: Got ping response for session id: 0x10014bd52700010 after 0ms.
2021-03-18 21:37:39,333 DEBUG [Thread-0-SendThread(localhost:2181)] org.apache.zookeeper.ClientCnxn: Got ping response for session id: 0x10014bd52700010 after 0ms.
2021-03-18 21:37:40,669 DEBUG [Thread-0-SendThread(localhost:2181)] org.apache.zookeeper.ClientCnxn: Got ping response for session id: 0x10014bd52700010 after 0ms.
2021-03-18 21:37:42,015 DEBUG [Thread-0-SendThread(localhost:2181)] org.apache.zookeeper.ClientCnxn: Got ping response for session id: 0x10014bd52700010 after 0ms.
2021-03-18 21:37:43,349 DEBUG [Thread-0-SendThread(localhost:2181)] org.apache.zookeeper.ClientCnxn: Got ping response for session id: 0x10014bd52700010 after 0ms.
2021-03-18 21:37:44,686 DEBUG [Thread-0-SendThread(localhost:2181)] org.apache.zookeeper.ClientCnxn: Got ping response for session id: 0x10014bd52700010 after 0ms.
2021-03-18 21:37:46,024 DEBUG [Thread-0-SendThread(localhost:2181)] org.apache.zookeeper.ClientCnxn: Got ping response for session id: 0x10014bd52700010 after 0ms.
2021-03-18 21:37:47,361 DEBUG [Thread-0-SendThread(localhost:2181)] org.apache.zookeeper.ClientCnxn: Got ping response for session id: 0x10014bd52700010 after 0ms.
2021-03-18 21:37:48,698 DEBUG [Thread-0-SendThread(localhost:2181)] org.apache.zookeeper.ClientCnxn: Got ping response for session id: 0x10014bd52700010 after 0ms.
2021-03-18 21:37:50,032 DEBUG [Thread-0-SendThread(localhost:2181)] org.apache.zookeeper.ClientCnxn: Got ping response for session id: 0x10014bd52700010 after 0ms.
2021-03-18 21:37:51,368 DEBUG [Thread-0-SendThread(localhost:2181)] org.apache.zookeeper.ClientCnxn: Got ping response for session id: 0x10014bd52700010 after 0ms.
2021-03-18 21:37:52,703 DEBUG [Thread-0-SendThread(localhost:2181)] org.apache.zookeeper.ClientCnxn: Got ping response for session id: 0x10014bd52700010 after 0ms.
2021-03-18 21:37:54,036 DEBUG [Thread-0-SendThread(localhost:2181)] org.apache.zookeeper.ClientCnxn: Got ping response for session id: 0x10014bd52700010 after 0ms.
2021-03-18 21:37:55,371 DEBUG [Thread-0-SendThread(localhost:2181)] org.apache.zookeeper.ClientCnxn: Got ping response for session id: 0x10014bd52700010 after 0ms.
2021-03-18 21:37:56,708 DEBUG [Thread-0-SendThread(localhost:2181)] org.apache.zookeeper.ClientCnxn: Got ping response for session id: 0x10014bd52700010 after 0ms.
2021-03-18 21:37:58,044 DEBUG [Thread-0-SendThread(localhost:2181)] org.apache.zookeeper.ClientCnxn: Got ping response for session id: 0x10014bd52700010 after 0ms.
2021-03-18 21:37:59,378 DEBUG [Thread-0-SendThread(localhost:2181)] org.apache.zookeeper.ClientCnxn: Got ping response for session id: 0x10014bd52700010 after 0ms.
2021-03-18 21:38:00,713 DEBUG [Thread-0-SendThread(localhost:2181)] org.apache.zookeeper.ClientCnxn: Got ping response for session id: 0x10014bd52700010 after 0ms.
2021-03-18 21:38:02,047 DEBUG [Thread-0-SendThread(localhost:2181)] org.apache.zookeeper.ClientCnxn: Got ping response for session id: 0x10014bd52700010 after 0ms.
2021-03-18 21:38:03,385 DEBUG [Thread-0-SendThread(localhost:2181)] org.apache.zookeeper.ClientCnxn: Got ping response for session id: 0x10014bd52700010 after 0ms.
2021-03-18 21:38:04,722 DEBUG [Thread-0-SendThread(localhost:2181)] org.apache.zookeeper.ClientCnxn: Got ping response for session id: 0x10014bd52700010 after 0ms.
2021-03-18 21:38:06,055 DEBUG [Thread-0-SendThread(localhost:2181)] org.apache.zookeeper.ClientCnxn: Got ping response for session id: 0x10014bd52700010 after 0ms.
2021-03-18 21:38:07,388 DEBUG [Thread-0-SendThread(localhost:2181)] org.apache.zookeeper.ClientCnxn: Got ping response for session id: 0x10014bd52700010 after 0ms.
2021-03-18 21:38:08,723 DEBUG [Thread-0-SendThread(localhost:2181)] org.apache.zookeeper.ClientCnxn: Got ping response for session id: 0x10014bd52700010 after 1ms.
2021-03-18 21:38:10,058 DEBUG [Thread-0-SendThread(localhost:2181)] org.apache.zookeeper.ClientCnxn: Got ping response for session id: 0x10014bd52700010 after 0ms.
2021-03-18 21:38:11,394 DEBUG [Thread-0-SendThread(localhost:2181)] org.apache.zookeeper.ClientCnxn: Got ping response for session id: 0x10014bd52700010 after 0ms.
2021-03-18 21:38:12,730 DEBUG [Thread-0-SendThread(localhost:2181)] org.apache.zookeeper.ClientCnxn: Got ping response for session id: 0x10014bd52700010 after 0ms.
2021-03-18 21:38:14,069 DEBUG [Thread-0-SendThread(localhost:2181)] org.apache.zookeeper.ClientCnxn: Got ping response for session id: 0x10014bd52700010 after 0ms.
2021-03-18 21:38:15,402 DEBUG [Thread-0-SendThread(localhost:2181)] org.apache.zookeeper.ClientCnxn: Got ping response for session id: 0x10014bd52700010 after 0ms.
2021-03-18 21:38:16,741 DEBUG [Thread-0-SendThread(localhost:2181)] org.apache.zookeeper.ClientCnxn: Got ping response for session id: 0x10014bd52700010 after 0ms.
2021-03-18 21:38:18,074 DEBUG [Thread-0-SendThread(localhost:2181)] org.apache.zookeeper.ClientCnxn: Got ping response for session id: 0x10014bd52700010 after 0ms.
2021-03-18 21:38:19,408 DEBUG [Thread-0-SendThread(localhost:2181)] org.apache.zookeeper.ClientCnxn: Got ping response for session id: 0x10014bd52700010 after 0ms.
2021-03-18 21:38:20,745 DEBUG [Thread-0-SendThread(localhost:2181)] org.apache.zookeeper.ClientCnxn: Got ping response for session id: 0x10014bd52700010 after 0ms.
2021-03-18 21:38:22,083 DEBUG [Thread-0-SendThread(localhost:2181)] org.apache.zookeeper.ClientCnxn: Got ping response for session id: 0x10014bd52700010 after 0ms.
2021-03-18 21:38:23,422 DEBUG [Thread-0-SendThread(localhost:2181)] org.apache.zookeeper.ClientCnxn: Got ping response for session id: 0x10014bd52700010 after 0ms.
2021-03-18 21:38:24,757 DEBUG [Thread-0-SendThread(localhost:2181)] org.apache.zookeeper.ClientCnxn: Got ping response for session id: 0x10014bd52700010 after 0ms.
2021-03-18 21:38:26,095 DEBUG [Thread-0-SendThread(localhost:2181)] org.apache.zookeeper.ClientCnxn: Got ping response for session id: 0x10014bd52700010 after 0ms.
2021-03-18 21:38:27,433 DEBUG [Thread-0-SendThread(localhost:2181)] org.apache.zookeeper.ClientCnxn: Got ping response for session id: 0x10014bd52700010 after 0ms.
2021-03-18 21:38:28,768 DEBUG [Thread-0-SendThread(localhost:2181)] org.apache.zookeeper.ClientCnxn: Got ping response for session id: 0x10014bd52700010 after 0ms.
2021-03-18 21:38:30,102 DEBUG [Thread-0-SendThread(localhost:2181)] org.apache.zookeeper.ClientCnxn: Got ping response for session id: 0x10014bd52700010 after 0ms.
2021-03-18 21:38:31,439 DEBUG [Thread-0-SendThread(localhost:2181)] org.apache.zookeeper.ClientCnxn: Got ping response for session id: 0x10014bd52700010 after 0ms.
2021-03-18 21:38:32,777 DEBUG [Thread-0-SendThread(localhost:2181)] org.apache.zookeeper.ClientCnxn: Got ping response for session id: 0x10014bd52700010 after 0ms.
2021-03-18 21:38:34,112 DEBUG [Thread-0-SendThread(localhost:2181)] org.apache.zookeeper.ClientCnxn: Got ping response for session id: 0x10014bd52700010 after 0ms.
2021-03-18 21:38:35,462 DEBUG [Thread-0-SendThread(localhost:2181)] org.apache.zookeeper.ClientCnxn: Got ping response for session id: 0x10014bd52700010 after 0ms.
2021-03-18 21:38:36,798 DEBUG [Thread-0-SendThread(localhost:2181)] org.apache.zookeeper.ClientCnxn: Got ping response for session id: 0x10014bd52700010 after 0ms.
2021-03-18 21:38:38,135 DEBUG [Thread-0-SendThread(localhost:2181)] org.apache.zookeeper.ClientCnxn: Got ping response for session id: 0x10014bd52700010 after 0ms.
2021-03-18 21:38:39,471 DEBUG [Thread-0-SendThread(localhost:2181)] org.apache.zookeeper.ClientCnxn: Got ping response for session id: 0x10014bd52700010 after 0ms.
2021-03-18 21:38:40,806 DEBUG [Thread-0-SendThread(localhost:2181)] org.apache.zookeeper.ClientCnxn: Got ping response for session id: 0x10014bd52700010 after 0ms.
2021-03-18 21:38:42,140 DEBUG [Thread-0-SendThread(localhost:2181)] org.apache.zookeeper.ClientCnxn: Got ping response for session id: 0x10014bd52700010 after 0ms.
2021-03-18 21:38:43,478 DEBUG [Thread-0-SendThread(localhost:2181)] org.apache.zookeeper.ClientCnxn: Got ping response for session id: 0x10014bd52700010 after 0ms.
2021-03-18 21:38:44,813 DEBUG [Thread-0-SendThread(localhost:2181)] org.apache.zookeeper.ClientCnxn: Got ping response for session id: 0x10014bd52700010 after 0ms.
2021-03-18 21:38:46,147 DEBUG [Thread-0-SendThread(localhost:2181)] org.apache.zookeeper.ClientCnxn: Got ping response for session id: 0x10014bd52700010 after 0ms.
2021-03-18 21:38:47,483 DEBUG [Thread-0-SendThread(localhost:2181)] org.apache.zookeeper.ClientCnxn: Got ping response for session id: 0x10014bd52700010 after 0ms.
2021-03-18 21:38:48,819 DEBUG [Thread-0-SendThread(localhost:2181)] org.apache.zookeeper.ClientCnxn: Got ping response for session id: 0x10014bd52700010 after 0ms.
2021-03-18 21:38:50,156 DEBUG [Thread-0-SendThread(localhost:2181)] org.apache.zookeeper.ClientCnxn: Got ping response for session id: 0x10014bd52700010 after 0ms.
2021-03-18 21:38:51,491 DEBUG [Thread-0-SendThread(localhost:2181)] org.apache.zookeeper.ClientCnxn: Got ping response for session id: 0x10014bd52700010 after 0ms.
2021-03-18 21:38:52,825 DEBUG [Thread-0-SendThread(localhost:2181)] org.apache.zookeeper.ClientCnxn: Got ping response for session id: 0x10014bd52700010 after 0ms.
2021-03-18 21:38:54,159 DEBUG [Thread-0-SendThread(localhost:2181)] org.apache.zookeeper.ClientCnxn: Got ping response for session id: 0x10014bd52700010 after 0ms.
2021-03-18 21:38:55,495 DEBUG [Thread-0-SendThread(localhost:2181)] org.apache.zookeeper.ClientCnxn: Got ping response for session id: 0x10014bd52700010 after 0ms.
2021-03-18 21:38:56,833 DEBUG [Thread-0-SendThread(localhost:2181)] org.apache.zookeeper.ClientCnxn: Got ping response for session id: 0x10014bd52700010 after 0ms.
2021-03-18 21:38:58,167 DEBUG [Thread-0-SendThread(localhost:2181)] org.apache.zookeeper.ClientCnxn: Got ping response for session id: 0x10014bd52700010 after 0ms.
2021-03-18 21:38:59,502 DEBUG [Thread-0-SendThread(localhost:2181)] org.apache.zookeeper.ClientCnxn: Got ping response for session id: 0x10014bd52700010 after 0ms.
2021-03-18 21:39:00,838 DEBUG [Thread-0-SendThread(localhost:2181)] org.apache.zookeeper.ClientCnxn: Got ping response for session id: 0x10014bd52700010 after 0ms.
2021-03-18 21:39:02,175 DEBUG [Thread-0-SendThread(localhost:2181)] org.apache.zookeeper.ClientCnxn: Got ping response for session id: 0x10014bd52700010 after 0ms.
2021-03-18 21:39:03,509 DEBUG [Thread-0-SendThread(localhost:2181)] org.apache.zookeeper.ClientCnxn: Got ping response for session id: 0x10014bd52700010 after 0ms.
2021-03-18 21:39:04,856 DEBUG [Thread-0-SendThread(localhost:2181)] org.apache.zookeeper.ClientCnxn: Got ping response for session id: 0x10014bd52700010 after 0ms.
2021-03-18 21:39:06,190 DEBUG [Thread-0-SendThread(localhost:2181)] org.apache.zookeeper.ClientCnxn: Got ping response for session id: 0x10014bd52700010 after 0ms.
2021-03-18 21:39:07,524 DEBUG [Thread-0-SendThread(localhost:2181)] org.apache.zookeeper.ClientCnxn: Got ping response for session id: 0x10014bd52700010 after 0ms.
2021-03-18 21:39:08,860 DEBUG [Thread-0-SendThread(localhost:2181)] org.apache.zookeeper.ClientCnxn: Got ping response for session id: 0x10014bd52700010 after 0ms.
2021-03-18 21:39:10,198 DEBUG [Thread-0-SendThread(localhost:2181)] org.apache.zookeeper.ClientCnxn: Got ping response for session id: 0x10014bd52700010 after 0ms.
2021-03-18 21:39:11,536 DEBUG [Thread-0-SendThread(localhost:2181)] org.apache.zookeeper.ClientCnxn: Got ping response for session id: 0x10014bd52700010 after 0ms.
2021-03-18 21:39:12,869 DEBUG [Thread-0-SendThread(localhost:2181)] org.apache.zookeeper.ClientCnxn: Got ping response for session id: 0x10014bd52700010 after 0ms.
Starting commModule
2021-03-18 21:39:14,028 INFO  [Thread-0] root: Server communication module connected
2021-03-18 21:39:14,030 INFO  [Thread-0] root: Connected to localhost on port 50477
2021-03-18 21:39:14,038 INFO  [Thread-21] root: Message received by server -> Status: SHUTDOWN
received adminmsg
2021-03-18 21:39:14,038 DEBUG [Thread-21] root: Closing the program
2021-03-18 21:39:14,038 INFO  [Thread-21] root: Message sent by server -> Status: SHUTDOWN_SUCCESS
2021-03-18 21:39:14,039 ERROR [Thread-0] root: Error! Unable to establish connection. 

java.net.SocketException: Socket closed
	at java.base/java.net.PlainSocketImpl.socketAccept(Native Method)
	at java.base/java.net.AbstractPlainSocketImpl.accept(AbstractPlainSocketImpl.java:458)
	at java.base/java.net.ServerSocket.implAccept(ServerSocket.java:565)
	at java.base/java.net.ServerSocket.accept(ServerSocket.java:533)
	at app_kvServer.KVServer.run(KVServer.java:408)
2021-03-18 21:39:14,041 INFO  [Thread-0] root: Server stopped.
2021-03-18 21:39:14,041 INFO  [Thread-0] root: Clearing KV Storage...
2021-03-18 22:23:45,021 INFO  [main] root: Creating Storage Files
2021-03-18 22:23:45,021 INFO  [main] root: File created: server88.json
2021-03-18 22:23:45,022 INFO  [main] root: File created: server88_replica_1.json
2021-03-18 22:23:45,022 INFO  [main] root: File created: server88_replica_2.json
2021-03-18 22:23:45,022 INFO  [Thread-0] root: Initialize server ...
2021-03-18 22:23:45,034 INFO  [Thread-0] root: Server listening on port: 50087
2021-03-18 22:23:45,053 INFO  [Thread-0] org.apache.zookeeper.ZooKeeper: Client environment:zookeeper.version=3.6.2--803c7f1a12f85978cb049af5e4ef23bd8b688715, built on 09/04/2020 12:44 GMT
2021-03-18 22:23:45,053 INFO  [Thread-0] org.apache.zookeeper.ZooKeeper: Client environment:host.name=localhost
2021-03-18 22:23:45,053 INFO  [Thread-0] org.apache.zookeeper.ZooKeeper: Client environment:java.version=11.0.10
2021-03-18 22:23:45,053 INFO  [Thread-0] org.apache.zookeeper.ZooKeeper: Client environment:java.vendor=Azul Systems, Inc.
2021-03-18 22:23:45,054 INFO  [Thread-0] org.apache.zookeeper.ZooKeeper: Client environment:java.home=/Users/steve/Library/Java/JavaVirtualMachines/azul-11.0.10/Contents/Home
2021-03-18 22:23:45,054 INFO  [Thread-0] org.apache.zookeeper.ZooKeeper: Client environment:java.class.path=/Users/steve/Desktop/UofT/year4/winter2021/ECE419/milestone3/m3-server.jar
2021-03-18 22:23:45,054 INFO  [Thread-0] org.apache.zookeeper.ZooKeeper: Client environment:java.library.path=/Users/steve/Library/Java/Extensions:/Library/Java/Extensions:/Network/Library/Java/Extensions:/System/Library/Java/Extensions:/usr/lib/java:.
2021-03-18 22:23:45,054 INFO  [Thread-0] org.apache.zookeeper.ZooKeeper: Client environment:java.io.tmpdir=/var/folders/kz/3gb57nkn6ks6_07_dtt5lqvr0000gn/T/
2021-03-18 22:23:45,054 INFO  [Thread-0] org.apache.zookeeper.ZooKeeper: Client environment:java.compiler=<NA>
2021-03-18 22:23:45,054 INFO  [Thread-0] org.apache.zookeeper.ZooKeeper: Client environment:os.name=Mac OS X
2021-03-18 22:23:45,054 INFO  [Thread-0] org.apache.zookeeper.ZooKeeper: Client environment:os.arch=x86_64
2021-03-18 22:23:45,054 INFO  [Thread-0] org.apache.zookeeper.ZooKeeper: Client environment:os.version=10.16
2021-03-18 22:23:45,054 INFO  [Thread-0] org.apache.zookeeper.ZooKeeper: Client environment:user.name=steve
2021-03-18 22:23:45,054 INFO  [Thread-0] org.apache.zookeeper.ZooKeeper: Client environment:user.home=/Users/steve
2021-03-18 22:23:45,054 INFO  [Thread-0] org.apache.zookeeper.ZooKeeper: Client environment:user.dir=/Users/steve
2021-03-18 22:23:45,054 INFO  [Thread-0] org.apache.zookeeper.ZooKeeper: Client environment:os.memory.free=249MB
2021-03-18 22:23:45,054 INFO  [Thread-0] org.apache.zookeeper.ZooKeeper: Client environment:os.memory.max=4096MB
2021-03-18 22:23:45,054 INFO  [Thread-0] org.apache.zookeeper.ZooKeeper: Client environment:os.memory.total=256MB
2021-03-18 22:23:45,057 INFO  [Thread-0] org.apache.zookeeper.ZooKeeper: Initiating client connection, connectString=localhost:2181 sessionTimeout=3000 watcher=app_kvServer.KVServer$1@6f049d8b
2021-03-18 22:23:45,061 INFO  [Thread-0] org.apache.zookeeper.common.X509Util: Setting -D jdk.tls.rejectClientInitiatedRenegotiation=true to disable client-initiated TLS renegotiation
2021-03-18 22:23:45,072 INFO  [Thread-0] org.apache.zookeeper.ClientCnxnSocket: jute.maxbuffer value is 1048575 Bytes
2021-03-18 22:23:45,079 INFO  [Thread-0] org.apache.zookeeper.ClientCnxn: zookeeper.request.timeout value is 0. feature enabled=false
2021-03-18 22:23:45,089 DEBUG [Thread-0-SendThread(localhost:2181)] org.apache.zookeeper.SaslServerPrincipal: Canonicalized address to localhost
2021-03-18 22:23:45,090 INFO  [Thread-0-SendThread(localhost:2181)] org.apache.zookeeper.ClientCnxn: Opening socket connection to server localhost/127.0.0.1:2181.
2021-03-18 22:23:45,090 INFO  [Thread-0-SendThread(localhost:2181)] org.apache.zookeeper.ClientCnxn: SASL config status: Will not attempt to authenticate using SASL (unknown error)
2021-03-18 22:23:45,106 INFO  [Thread-0-SendThread(localhost:2181)] org.apache.zookeeper.ClientCnxn: Socket connection established, initiating session, client: /127.0.0.1:51858, server: localhost/127.0.0.1:2181
2021-03-18 22:23:45,107 DEBUG [Thread-0-SendThread(localhost:2181)] org.apache.zookeeper.ClientCnxn: Session establishment request sent on localhost/127.0.0.1:2181
2021-03-18 22:23:45,136 TRACE [Thread-0-SendThread(localhost:2181)] org.apache.zookeeper.ClientCnxnSocket: readConnectResult 37 0x[0,0,0,0,0,0,f,ffffffa0,1,0,14,ffffffbd,52,70,0,47,0,0,0,10,61,71,7e,26,24,ffffffc7,ffffff9c,7f,3f,ffffff86,ffffffdd,43,ffffffcb,7e,5b,11,0,]
2021-03-18 22:23:45,138 INFO  [Thread-0-SendThread(localhost:2181)] org.apache.zookeeper.ClientCnxn: Session establishment complete on server localhost/127.0.0.1:2181, session id = 0x10014bd52700047, negotiated timeout = 4000
2021-03-18 22:23:45,141 DEBUG [Thread-0-EventThread] root: ZK event: 
2021-03-18 22:23:45,141 DEBUG [Thread-0-EventThread] root: WatchedEvent state:SyncConnected type:None path:null
2021-03-18 22:23:45,168 DEBUG [Thread-0-SendThread(localhost:2181)] org.apache.zookeeper.ClientCnxn: Reading reply session id: 0x10014bd52700047, packet:: clientPath:null serverPath:null finished:false header:: 1,1  replyHeader:: 1,235,0  request:: '/keeper/server88,,v{s{31,s{'world,'anyone}}},1  response:: '/keeper/server88 
2021-03-18 22:23:45,173 DEBUG [Thread-0-SendThread(localhost:2181)] org.apache.zookeeper.ClientCnxn: Reading reply session id: 0x10014bd52700047, packet:: clientPath:null serverPath:null finished:false header:: 2,3  replyHeader:: 2,235,0  request:: '/keeper/server88,T  response:: s{235,235,1616120625141,1616120625141,0,0,0,72080397402374215,0,0,235} 
2021-03-18 22:23:45,199 DEBUG [Thread-0-SendThread(localhost:2181)] org.apache.zookeeper.ClientCnxn: Got notification session id: 0x10014bd52700047
2021-03-18 22:23:45,200 DEBUG [Thread-0-SendThread(localhost:2181)] org.apache.zookeeper.ClientCnxn: Got WatchedEvent state:SyncConnected type:NodeDataChanged path:/keeper/server88 for session id 0x10014bd52700047
2021-03-18 22:23:45,201 DEBUG [Thread-0-EventThread] root: ZK event: 
2021-03-18 22:23:45,201 DEBUG [Thread-0-EventThread] root: WatchedEvent state:SyncConnected type:NodeDataChanged path:/keeper/server88
2021-03-18 22:23:45,202 DEBUG [Thread-0-SendThread(localhost:2181)] org.apache.zookeeper.ClientCnxn: Reading reply session id: 0x10014bd52700047, packet:: clientPath:null serverPath:null finished:false header:: 3,5  replyHeader:: 3,236,0  request:: '/keeper/server88,#3132372e302e302e313a3530303837,0  response:: s{235,236,1616120625141,1616120625174,1,0,0,72080397402374215,15,0,235} 
2021-03-18 22:23:45,202 INFO  [Thread-0] root: Node created at: /keeper/server88
Starting commModule
2021-03-18 22:23:45,211 INFO  [Thread-0] root: Server communication module connected
2021-03-18 22:23:45,211 INFO  [Thread-0] root: Connected to localhost on port 51859
2021-03-18 22:23:45,223 INFO  [Thread-1] root: Message received by server -> Status: INIT_SERVER
received adminmsg
2021-03-18 22:23:45,224 INFO  [Thread-1] root: Message sent by server -> Status: INIT_SERVER_SUCCESS
2021-03-18 22:23:45,224 INFO  [Thread-1] root: Message received by server -> Status: START
received adminmsg
2021-03-18 22:23:45,225 INFO  [Thread-1] root: Message sent by server -> Status: START_SUCCESS
Starting commModule
2021-03-18 22:23:45,232 INFO  [Thread-0] root: Server communication module connected
2021-03-18 22:23:45,233 INFO  [Thread-0] root: Connected to localhost on port 51862
Starting commModule
2021-03-18 22:23:45,242 INFO  [Thread-0] root: Server communication module connected
2021-03-18 22:23:45,243 INFO  [Thread-0] root: Connected to localhost on port 51865
Starting commModule
2021-03-18 22:23:45,249 INFO  [Thread-0] root: Server communication module connected
2021-03-18 22:23:45,250 INFO  [Thread-0] root: Connected to localhost on port 51867
2021-03-18 22:23:45,250 INFO  [Thread-4] root: Message received by server -> Status: UPDATE
received adminmsg
2021-03-18 22:23:45,251 INFO  [Thread-4] root: Message sent by server -> Status: UPDATE_SUCCESS
Starting commModule
2021-03-18 22:23:45,256 INFO  [Thread-0] root: Server communication module connected
2021-03-18 22:23:45,258 INFO  [Thread-0] root: Connected to localhost on port 51869
Starting commModule
2021-03-18 22:23:45,258 INFO  [Thread-0] root: Server communication module connected
2021-03-18 22:23:45,260 INFO  [Thread-0] root: Connected to localhost on port 51871
2021-03-18 22:23:45,262 INFO  [Thread-6] root: Message received by server -> Status: PROPAGATE_ADMIN
received adminmsg
2021-03-18 22:23:45,268 DEBUG [Thread-6] root: Getting successors
2021-03-18 22:23:45,268 DEBUG [Thread-6] root: Got successors
2021-03-18 22:23:45,269 DEBUG [Thread-6] root: Propagating to: 127.0.0.1:50111 127.0.0.1:50087
2021-03-18 22:23:45,272 INFO  [Thread-6] root: Client communication module connected
Starting commModule
2021-03-18 22:23:45,272 INFO  [Thread-0] root: Server communication module connected
2021-03-18 22:23:45,272 INFO  [Thread-6] root: Client communication module connected
2021-03-18 22:23:45,272 DEBUG [Thread-6] root: {}
2021-03-18 22:23:45,273 INFO  [Thread-6] root: Message sent by server -> Status: PROPAGATE_SUCCESS
2021-03-18 22:23:45,273 INFO  [Thread-0] root: Connected to localhost on port 51873
Starting commModule
2021-03-18 22:23:45,939 INFO  [Thread-0] root: Server communication module connected
2021-03-18 22:23:45,940 INFO  [Thread-0] root: Connected to localhost on port 51878
2021-03-18 22:23:45,941 INFO  [Thread-8] root: Message received by server -> Status: UPDATE
received adminmsg
2021-03-18 22:23:45,942 INFO  [Thread-8] root: Message sent by server -> Status: UPDATE_SUCCESS
Starting commModule
2021-03-18 22:23:45,947 INFO  [Thread-0] root: Server communication module connected
2021-03-18 22:23:45,947 INFO  [Thread-0] root: Connected to localhost on port 51880
Starting commModule
2021-03-18 22:23:45,949 INFO  [Thread-0] root: Server communication module connected
2021-03-18 22:23:45,949 INFO  [Thread-0] root: Connected to localhost on port 51882
2021-03-18 22:23:45,950 INFO  [Thread-10] root: Message received by server -> Status: PROPAGATE_ADMIN
received adminmsg
2021-03-18 22:23:45,951 DEBUG [Thread-10] root: Getting successors
2021-03-18 22:23:45,951 DEBUG [Thread-10] root: Got successors
2021-03-18 22:23:45,951 DEBUG [Thread-10] root: Propagating to: 127.0.0.1:50082 127.0.0.1:50111
2021-03-18 22:23:45,952 INFO  [Thread-10] root: Client communication module connected
2021-03-18 22:23:45,952 INFO  [Thread-10] root: Client communication module connected
2021-03-18 22:23:45,952 DEBUG [Thread-10] root: {}
2021-03-18 22:23:45,953 INFO  [Thread-10] root: Message sent by server -> Status: PROPAGATE_SUCCESS
Starting commModule
2021-03-18 22:23:45,960 INFO  [Thread-0] root: Server communication module connected
2021-03-18 22:23:45,961 INFO  [Thread-0] root: Connected to localhost on port 51888
2021-03-18 22:23:45,962 INFO  [Thread-11] root: Message received by server -> Status: UPDATE
received adminmsg
2021-03-18 22:23:45,963 INFO  [Thread-11] root: Message sent by server -> Status: UPDATE_SUCCESS
Starting commModule
2021-03-18 22:23:45,969 INFO  [Thread-0] root: Server communication module connected
2021-03-18 22:23:45,970 INFO  [Thread-0] root: Connected to localhost on port 51891
Starting commModule
2021-03-18 22:23:45,971 INFO  [Thread-0] root: Server communication module connected
2021-03-18 22:23:45,972 INFO  [Thread-0] root: Connected to localhost on port 51893
2021-03-18 22:23:45,973 INFO  [Thread-13] root: Message received by server -> Status: PROPAGATE_ADMIN
received adminmsg
2021-03-18 22:23:45,973 DEBUG [Thread-13] root: Getting successors
2021-03-18 22:23:45,973 DEBUG [Thread-13] root: Got successors
2021-03-18 22:23:45,974 DEBUG [Thread-13] root: Propagating to: 127.0.0.1:50082 127.0.0.1:50111
2021-03-18 22:23:45,974 INFO  [Thread-13] root: Client communication module connected
2021-03-18 22:23:45,975 INFO  [Thread-13] root: Client communication module connected
2021-03-18 22:23:45,975 DEBUG [Thread-13] root: {}
2021-03-18 22:23:45,976 INFO  [Thread-13] root: Message sent by server -> Status: PROPAGATE_SUCCESS
Starting commModule
2021-03-18 22:23:45,990 INFO  [Thread-0] root: Server communication module connected
2021-03-18 22:23:45,991 INFO  [Thread-0] root: Connected to localhost on port 51898
Starting commModule
2021-03-18 22:23:46,026 INFO  [Thread-0] root: Server communication module connected
2021-03-18 22:23:46,027 INFO  [Thread-0] root: Connected to localhost on port 51900
2021-03-18 22:23:46,033 INFO  [Thread-15] root: Message received by server -> Status: PROPAGATE
2021-03-18 22:23:46,033 DEBUG [Thread-15] root: In serve
2021-03-18 22:23:46,033 DEBUG [Thread-15] root: Checking if stopped or write locked
2021-03-18 22:23:46,033 DEBUG [Thread-15] root: Case propagate
2021-03-18 22:23:46,033 DEBUG [Thread-15] root: Passing to server
2021-03-18 22:23:46,033 DEBUG [Thread-15] root: Getting Predecessors
2021-03-18 22:23:46,034 DEBUG [Thread-15] root: Looking for 127.0.0.1:50087
2021-03-18 22:23:46,034 DEBUG [Thread-15] root: [127.0.0.1:50087, 127.0.0.1:50082, 127.0.0.1:50111]
2021-03-18 22:23:46,034 DEBUG [Thread-15] root: Predecessors:
2021-03-18 22:23:46,034 DEBUG [Thread-15] root: [127.0.0.1:50082, 127.0.0.1:50111]
2021-03-18 22:23:46,034 DEBUG [Thread-15] root: Looking for 127.0.0.1:50111
2021-03-18 22:23:46,034 DEBUG [Thread-15] root: Index of predecessor: 1
2021-03-18 22:23:46,034 DEBUG [Thread-15] root: Server Stuff
2021-03-18 22:23:46,035 INFO  [Thread-15] root: Put: key = 1, value = 1
2021-03-18 22:23:46,037 INFO  [Thread-15] root: Message sent by server -> Status: PROPAGATE_SUCCESS Key: null Value: null
2021-03-18 22:23:46,512 DEBUG [Thread-0-SendThread(localhost:2181)] org.apache.zookeeper.ClientCnxn: Got ping response for session id: 0x10014bd52700047 after 0ms.
2021-03-18 22:23:47,849 DEBUG [Thread-0-SendThread(localhost:2181)] org.apache.zookeeper.ClientCnxn: Got ping response for session id: 0x10014bd52700047 after 0ms.
2021-03-18 22:23:49,188 DEBUG [Thread-0-SendThread(localhost:2181)] org.apache.zookeeper.ClientCnxn: Got ping response for session id: 0x10014bd52700047 after 1ms.
2021-03-18 22:23:50,526 DEBUG [Thread-0-SendThread(localhost:2181)] org.apache.zookeeper.ClientCnxn: Got ping response for session id: 0x10014bd52700047 after 1ms.
2021-03-18 22:23:51,860 DEBUG [Thread-0-SendThread(localhost:2181)] org.apache.zookeeper.ClientCnxn: Got ping response for session id: 0x10014bd52700047 after 0ms.
2021-03-18 22:23:53,198 DEBUG [Thread-0-SendThread(localhost:2181)] org.apache.zookeeper.ClientCnxn: Got ping response for session id: 0x10014bd52700047 after 1ms.
2021-03-18 22:23:54,534 DEBUG [Thread-0-SendThread(localhost:2181)] org.apache.zookeeper.ClientCnxn: Got ping response for session id: 0x10014bd52700047 after 1ms.
2021-03-18 22:23:55,870 DEBUG [Thread-0-SendThread(localhost:2181)] org.apache.zookeeper.ClientCnxn: Got ping response for session id: 0x10014bd52700047 after 0ms.
2021-03-18 22:23:57,205 DEBUG [Thread-0-SendThread(localhost:2181)] org.apache.zookeeper.ClientCnxn: Got ping response for session id: 0x10014bd52700047 after 1ms.
2021-03-18 22:23:58,541 DEBUG [Thread-0-SendThread(localhost:2181)] org.apache.zookeeper.ClientCnxn: Got ping response for session id: 0x10014bd52700047 after 0ms.
2021-03-18 22:23:59,878 DEBUG [Thread-0-SendThread(localhost:2181)] org.apache.zookeeper.ClientCnxn: Got ping response for session id: 0x10014bd52700047 after 0ms.
2021-03-18 22:24:01,216 DEBUG [Thread-0-SendThread(localhost:2181)] org.apache.zookeeper.ClientCnxn: Got ping response for session id: 0x10014bd52700047 after 1ms.
2021-03-18 22:24:02,549 DEBUG [Thread-0-SendThread(localhost:2181)] org.apache.zookeeper.ClientCnxn: Got ping response for session id: 0x10014bd52700047 after 0ms.
2021-03-18 22:24:03,886 DEBUG [Thread-0-SendThread(localhost:2181)] org.apache.zookeeper.ClientCnxn: Got ping response for session id: 0x10014bd52700047 after 1ms.
2021-03-18 22:24:05,224 DEBUG [Thread-0-SendThread(localhost:2181)] org.apache.zookeeper.ClientCnxn: Got ping response for session id: 0x10014bd52700047 after 1ms.
2021-03-18 22:24:06,557 DEBUG [Thread-0-SendThread(localhost:2181)] org.apache.zookeeper.ClientCnxn: Got ping response for session id: 0x10014bd52700047 after 0ms.
2021-03-18 22:24:07,891 DEBUG [Thread-0-SendThread(localhost:2181)] org.apache.zookeeper.ClientCnxn: Got ping response for session id: 0x10014bd52700047 after 1ms.
2021-03-18 22:24:09,224 DEBUG [Thread-0-SendThread(localhost:2181)] org.apache.zookeeper.ClientCnxn: Got ping response for session id: 0x10014bd52700047 after 0ms.
2021-03-18 22:24:10,559 DEBUG [Thread-0-SendThread(localhost:2181)] org.apache.zookeeper.ClientCnxn: Got ping response for session id: 0x10014bd52700047 after 0ms.
2021-03-18 22:24:11,895 DEBUG [Thread-0-SendThread(localhost:2181)] org.apache.zookeeper.ClientCnxn: Got ping response for session id: 0x10014bd52700047 after 0ms.
2021-03-18 22:24:13,232 DEBUG [Thread-0-SendThread(localhost:2181)] org.apache.zookeeper.ClientCnxn: Got ping response for session id: 0x10014bd52700047 after 0ms.
2021-03-18 22:24:14,570 DEBUG [Thread-0-SendThread(localhost:2181)] org.apache.zookeeper.ClientCnxn: Got ping response for session id: 0x10014bd52700047 after 0ms.
2021-03-18 22:24:15,904 DEBUG [Thread-0-SendThread(localhost:2181)] org.apache.zookeeper.ClientCnxn: Got ping response for session id: 0x10014bd52700047 after 0ms.
2021-03-18 22:24:17,241 DEBUG [Thread-0-SendThread(localhost:2181)] org.apache.zookeeper.ClientCnxn: Got ping response for session id: 0x10014bd52700047 after 0ms.
2021-03-18 22:24:18,578 DEBUG [Thread-0-SendThread(localhost:2181)] org.apache.zookeeper.ClientCnxn: Got ping response for session id: 0x10014bd52700047 after 0ms.
2021-03-18 22:24:19,916 DEBUG [Thread-0-SendThread(localhost:2181)] org.apache.zookeeper.ClientCnxn: Got ping response for session id: 0x10014bd52700047 after 1ms.
Starting commModule
2021-03-18 22:24:20,401 INFO  [Thread-0] root: Server communication module connected
2021-03-18 22:24:20,402 INFO  [Thread-0] root: Connected to localhost on port 51911
2021-03-18 22:24:20,411 INFO  [Thread-16] root: Message received by server -> Status: SHUTDOWN
received adminmsg
2021-03-18 22:24:20,412 DEBUG [Thread-16] root: Closing the program
2021-03-18 22:24:20,412 INFO  [Thread-16] root: Message sent by server -> Status: SHUTDOWN_SUCCESS
2021-03-18 22:24:20,412 ERROR [Thread-0] root: Error! Unable to establish connection. 

java.net.SocketException: Socket closed
	at java.base/java.net.PlainSocketImpl.socketAccept(Native Method)
	at java.base/java.net.AbstractPlainSocketImpl.accept(AbstractPlainSocketImpl.java:458)
	at java.base/java.net.ServerSocket.implAccept(ServerSocket.java:565)
	at java.base/java.net.ServerSocket.accept(ServerSocket.java:533)
	at app_kvServer.KVServer.run(KVServer.java:408)
2021-03-18 22:24:20,414 INFO  [Thread-0] root: Server stopped.
2021-03-18 22:24:20,414 INFO  [Thread-0] root: Clearing KV Storage...
