2021-03-19 15:29:21,515 INFO  [Thread-0] root: Initialize server ...
2021-03-19 15:29:21,530 INFO  [Thread-0] root: Server listening on port: 50136
2021-03-19 15:29:21,554 INFO  [Thread-0] org.apache.zookeeper.ZooKeeper: Client environment:zookeeper.version=3.6.2--803c7f1a12f85978cb049af5e4ef23bd8b688715, built on 09/04/2020 12:44 GMT
2021-03-19 15:29:21,554 INFO  [Thread-0] org.apache.zookeeper.ZooKeeper: Client environment:host.name=localhost
2021-03-19 15:29:21,554 INFO  [Thread-0] org.apache.zookeeper.ZooKeeper: Client environment:java.version=11.0.10
2021-03-19 15:29:21,555 INFO  [Thread-0] org.apache.zookeeper.ZooKeeper: Client environment:java.vendor=Azul Systems, Inc.
2021-03-19 15:29:21,555 INFO  [Thread-0] org.apache.zookeeper.ZooKeeper: Client environment:java.home=/Users/steve/Library/Java/JavaVirtualMachines/azul-11.0.10/Contents/Home
2021-03-19 15:29:21,555 INFO  [Thread-0] org.apache.zookeeper.ZooKeeper: Client environment:java.class.path=/Users/steve/Desktop/UofT/year4/winter2021/ECE419/milestone3/m3-server.jar
2021-03-19 15:29:21,555 INFO  [Thread-0] org.apache.zookeeper.ZooKeeper: Client environment:java.library.path=/Users/steve/Library/Java/Extensions:/Library/Java/Extensions:/Network/Library/Java/Extensions:/System/Library/Java/Extensions:/usr/lib/java:.
2021-03-19 15:29:21,555 INFO  [Thread-0] org.apache.zookeeper.ZooKeeper: Client environment:java.io.tmpdir=/var/folders/kz/3gb57nkn6ks6_07_dtt5lqvr0000gn/T/
2021-03-19 15:29:21,555 INFO  [Thread-0] org.apache.zookeeper.ZooKeeper: Client environment:java.compiler=<NA>
2021-03-19 15:29:21,555 INFO  [Thread-0] org.apache.zookeeper.ZooKeeper: Client environment:os.name=Mac OS X
2021-03-19 15:29:21,555 INFO  [Thread-0] org.apache.zookeeper.ZooKeeper: Client environment:os.arch=x86_64
2021-03-19 15:29:21,555 INFO  [Thread-0] org.apache.zookeeper.ZooKeeper: Client environment:os.version=10.16
2021-03-19 15:29:21,555 INFO  [Thread-0] org.apache.zookeeper.ZooKeeper: Client environment:user.name=steve
2021-03-19 15:29:21,555 INFO  [Thread-0] org.apache.zookeeper.ZooKeeper: Client environment:user.home=/Users/steve
2021-03-19 15:29:21,555 INFO  [Thread-0] org.apache.zookeeper.ZooKeeper: Client environment:user.dir=/Users/steve
2021-03-19 15:29:21,555 INFO  [Thread-0] org.apache.zookeeper.ZooKeeper: Client environment:os.memory.free=249MB
2021-03-19 15:29:21,555 INFO  [Thread-0] org.apache.zookeeper.ZooKeeper: Client environment:os.memory.max=4096MB
2021-03-19 15:29:21,556 INFO  [Thread-0] org.apache.zookeeper.ZooKeeper: Client environment:os.memory.total=256MB
2021-03-19 15:29:21,559 INFO  [Thread-0] org.apache.zookeeper.ZooKeeper: Initiating client connection, connectString=localhost:2181 sessionTimeout=3000 watcher=app_kvServer.KVServer$1@7a8d20e7
2021-03-19 15:29:21,562 INFO  [Thread-0] org.apache.zookeeper.common.X509Util: Setting -D jdk.tls.rejectClientInitiatedRenegotiation=true to disable client-initiated TLS renegotiation
2021-03-19 15:29:21,574 INFO  [Thread-0] org.apache.zookeeper.ClientCnxnSocket: jute.maxbuffer value is 1048575 Bytes
2021-03-19 15:29:21,581 INFO  [Thread-0] org.apache.zookeeper.ClientCnxn: zookeeper.request.timeout value is 0. feature enabled=false
2021-03-19 15:29:21,590 DEBUG [Thread-0-SendThread(localhost:2181)] org.apache.zookeeper.SaslServerPrincipal: Canonicalized address to localhost
2021-03-19 15:29:21,592 INFO  [Thread-0-SendThread(localhost:2181)] org.apache.zookeeper.ClientCnxn: Opening socket connection to server localhost/127.0.0.1:2181.
2021-03-19 15:29:21,592 INFO  [Thread-0-SendThread(localhost:2181)] org.apache.zookeeper.ClientCnxn: SASL config status: Will not attempt to authenticate using SASL (unknown error)
2021-03-19 15:29:21,610 INFO  [Thread-0-SendThread(localhost:2181)] org.apache.zookeeper.ClientCnxn: Socket connection established, initiating session, client: /127.0.0.1:60025, server: localhost/127.0.0.1:2181
2021-03-19 15:29:21,611 DEBUG [Thread-0-SendThread(localhost:2181)] org.apache.zookeeper.ClientCnxn: Session establishment request sent on localhost/127.0.0.1:2181
2021-03-19 15:29:21,642 TRACE [Thread-0-SendThread(localhost:2181)] org.apache.zookeeper.ClientCnxnSocket: readConnectResult 37 0x[0,0,0,0,0,0,f,ffffffa0,1,0,14,ffffffbd,52,70,1,ffffff9d,0,0,0,10,ffffff82,ffffffc9,ffffffe7,30,77,ffffffa9,ffffff9c,5b,57,ffffffc7,ffffffbc,4a,7c,ffffffd7,fffffff0,5e,0,]
2021-03-19 15:29:21,644 INFO  [Thread-0-SendThread(localhost:2181)] org.apache.zookeeper.ClientCnxn: Session establishment complete on server localhost/127.0.0.1:2181, session id = 0x10014bd5270019d, negotiated timeout = 4000
2021-03-19 15:29:21,647 DEBUG [Thread-0-EventThread] root: ZK event: 
2021-03-19 15:29:21,647 DEBUG [Thread-0-EventThread] root: WatchedEvent state:SyncConnected type:None path:null
2021-03-19 15:29:21,676 DEBUG [Thread-0-SendThread(localhost:2181)] org.apache.zookeeper.ClientCnxn: Reading reply session id: 0x10014bd5270019d, packet:: clientPath:null serverPath:null finished:false header:: 1,1  replyHeader:: 1,1324,0  request:: '/keeper/server137,,v{s{31,s{'world,'anyone}}},1  response:: '/keeper/server137 
2021-03-19 15:29:21,681 DEBUG [Thread-0-SendThread(localhost:2181)] org.apache.zookeeper.ClientCnxn: Reading reply session id: 0x10014bd5270019d, packet:: clientPath:null serverPath:null finished:false header:: 2,3  replyHeader:: 2,1324,0  request:: '/keeper/server137,T  response:: s{1324,1324,1616182161647,1616182161647,0,0,0,72080397402374557,0,0,1324} 
2021-03-19 15:29:21,710 DEBUG [Thread-0-SendThread(localhost:2181)] org.apache.zookeeper.ClientCnxn: Got notification session id: 0x10014bd5270019d
2021-03-19 15:29:21,711 DEBUG [Thread-0-SendThread(localhost:2181)] org.apache.zookeeper.ClientCnxn: Got WatchedEvent state:SyncConnected type:NodeDataChanged path:/keeper/server137 for session id 0x10014bd5270019d
2021-03-19 15:29:21,713 DEBUG [Thread-0-EventThread] root: ZK event: 
2021-03-19 15:29:21,713 DEBUG [Thread-0-EventThread] root: WatchedEvent state:SyncConnected type:NodeDataChanged path:/keeper/server137
2021-03-19 15:29:21,714 DEBUG [Thread-0-SendThread(localhost:2181)] org.apache.zookeeper.ClientCnxn: Reading reply session id: 0x10014bd5270019d, packet:: clientPath:null serverPath:null finished:false header:: 3,5  replyHeader:: 3,1325,0  request:: '/keeper/server137,#3132372e302e302e313a3530313336,0  response:: s{1324,1325,1616182161647,1616182161683,1,0,0,72080397402374557,15,0,1324} 
2021-03-19 15:29:21,714 INFO  [Thread-0] root: Node created at: /keeper/server137
Starting commModule
2021-03-19 15:29:21,723 INFO  [Thread-0] root: Server communication module connected
2021-03-19 15:29:21,724 INFO  [Thread-0] root: Connected to localhost on port 60026
2021-03-19 15:29:21,733 INFO  [Thread-1] root: Message received by server -> Status: INIT_SERVER
received adminmsg
2021-03-19 15:29:21,734 INFO  [Thread-1] root: Message sent by server -> Status: INIT_SERVER_SUCCESS
2021-03-19 15:29:21,734 INFO  [Thread-1] root: Message received by server -> Status: START
received adminmsg
2021-03-19 15:29:21,734 INFO  [Thread-1] root: Message sent by server -> Status: START_SUCCESS
Starting commModule
2021-03-19 15:29:21,741 INFO  [Thread-0] root: Server communication module connected
2021-03-19 15:29:21,742 INFO  [Thread-0] root: Connected to localhost on port 60029
Starting commModule
2021-03-19 15:29:21,745 INFO  [Thread-0] root: Server communication module connected
2021-03-19 15:29:21,745 INFO  [Thread-0] root: Connected to localhost on port 60032
Starting commModule
2021-03-19 15:29:21,749 INFO  [Thread-0] root: Server communication module connected
2021-03-19 15:29:21,750 INFO  [Thread-0] root: Connected to localhost on port 60034
2021-03-19 15:29:21,750 INFO  [Thread-4] root: Message received by server -> Status: UPDATE
received adminmsg
2021-03-19 15:29:21,753 INFO  [Thread-4] root: Message sent by server -> Status: UPDATE_SUCCESS
Starting commModule
2021-03-19 15:29:21,756 INFO  [Thread-0] root: Server communication module connected
2021-03-19 15:29:21,757 INFO  [Thread-0] root: Connected to localhost on port 60036
Starting commModule
2021-03-19 15:29:21,757 INFO  [Thread-0] root: Server communication module connected
2021-03-19 15:29:21,758 INFO  [Thread-0] root: Connected to localhost on port 60038
2021-03-19 15:29:21,759 INFO  [Thread-6] root: Message received by server -> Status: PROPAGATE_ADMIN
received adminmsg
2021-03-19 15:29:21,764 DEBUG [Thread-6] root: Getting successors
2021-03-19 15:29:21,764 DEBUG [Thread-6] root: Got successors
2021-03-19 15:29:21,764 DEBUG [Thread-6] root: Propagating to: 127.0.0.1:50025 127.0.0.1:50136
2021-03-19 15:29:21,767 INFO  [Thread-6] root: Client communication module connected
Starting commModule
2021-03-19 15:29:21,767 INFO  [Thread-6] root: Client communication module connected
2021-03-19 15:29:21,767 DEBUG [Thread-6] root: {}
2021-03-19 15:29:21,767 INFO  [Thread-0] root: Server communication module connected
2021-03-19 15:29:21,768 INFO  [Thread-6] root: Message sent by server -> Status: PROPAGATE_SUCCESS
2021-03-19 15:29:21,768 INFO  [Thread-0] root: Connected to localhost on port 60040
2021-03-19 15:29:23,022 DEBUG [Thread-0-SendThread(localhost:2181)] org.apache.zookeeper.ClientCnxn: Got ping response for session id: 0x10014bd5270019d after 0ms.
2021-03-19 15:29:24,356 DEBUG [Thread-0-SendThread(localhost:2181)] org.apache.zookeeper.ClientCnxn: Got ping response for session id: 0x10014bd5270019d after 0ms.
2021-03-19 15:29:25,694 DEBUG [Thread-0-SendThread(localhost:2181)] org.apache.zookeeper.ClientCnxn: Got ping response for session id: 0x10014bd5270019d after 0ms.
2021-03-19 15:29:27,032 DEBUG [Thread-0-SendThread(localhost:2181)] org.apache.zookeeper.ClientCnxn: Got ping response for session id: 0x10014bd5270019d after 1ms.
2021-03-19 15:29:28,367 DEBUG [Thread-0-SendThread(localhost:2181)] org.apache.zookeeper.ClientCnxn: Got ping response for session id: 0x10014bd5270019d after 1ms.
2021-03-19 15:29:29,705 DEBUG [Thread-0-SendThread(localhost:2181)] org.apache.zookeeper.ClientCnxn: Got ping response for session id: 0x10014bd5270019d after 1ms.
2021-03-19 15:29:31,041 DEBUG [Thread-0-SendThread(localhost:2181)] org.apache.zookeeper.ClientCnxn: Got ping response for session id: 0x10014bd5270019d after 0ms.
Starting commModule
2021-03-19 15:29:31,775 INFO  [Thread-0] root: Server communication module connected
2021-03-19 15:29:31,776 INFO  [Thread-0] root: Connected to localhost on port 60043
2021-03-19 15:29:31,777 INFO  [Thread-8] root: Message received by server -> Status: SHUTDOWN
received adminmsg
2021-03-19 15:29:31,777 DEBUG [Thread-8] root: Closing the program
2021-03-19 15:29:31,777 INFO  [Thread-8] root: Message sent by server -> Status: SHUTDOWN_SUCCESS
2021-03-19 15:29:31,778 ERROR [Thread-0] root: Error! Unable to establish connection. 

java.net.SocketException: Socket closed
	at java.base/java.net.PlainSocketImpl.socketAccept(Native Method)
	at java.base/java.net.AbstractPlainSocketImpl.accept(AbstractPlainSocketImpl.java:458)
	at java.base/java.net.ServerSocket.implAccept(ServerSocket.java:565)
	at java.base/java.net.ServerSocket.accept(ServerSocket.java:533)
	at app_kvServer.KVServer.run(KVServer.java:408)
2021-03-19 15:29:31,780 INFO  [Thread-0] root: Server stopped.
2021-03-19 15:29:31,780 INFO  [Thread-0] root: Clearing KV Storage...
