2021-03-18 22:26:45,677 INFO  [main] root: Creating Storage Files
2021-03-18 22:26:45,678 INFO  [main] root: File created: server120.json
2021-03-18 22:26:45,678 INFO  [main] root: File created: server120_replica_1.json
2021-03-18 22:26:45,678 INFO  [main] root: File created: server120_replica_2.json
2021-03-18 22:26:45,679 INFO  [Thread-0] root: Initialize server ...
2021-03-18 22:26:45,692 INFO  [Thread-0] root: Server listening on port: 50119
2021-03-18 22:26:45,716 INFO  [Thread-0] org.apache.zookeeper.ZooKeeper: Client environment:zookeeper.version=3.6.2--803c7f1a12f85978cb049af5e4ef23bd8b688715, built on 09/04/2020 12:44 GMT
2021-03-18 22:26:45,716 INFO  [Thread-0] org.apache.zookeeper.ZooKeeper: Client environment:host.name=localhost
2021-03-18 22:26:45,716 INFO  [Thread-0] org.apache.zookeeper.ZooKeeper: Client environment:java.version=11.0.10
2021-03-18 22:26:45,716 INFO  [Thread-0] org.apache.zookeeper.ZooKeeper: Client environment:java.vendor=Azul Systems, Inc.
2021-03-18 22:26:45,717 INFO  [Thread-0] org.apache.zookeeper.ZooKeeper: Client environment:java.home=/Users/steve/Library/Java/JavaVirtualMachines/azul-11.0.10/Contents/Home
2021-03-18 22:26:45,717 INFO  [Thread-0] org.apache.zookeeper.ZooKeeper: Client environment:java.class.path=/Users/steve/Desktop/UofT/year4/winter2021/ECE419/milestone3/m3-server.jar
2021-03-18 22:26:45,717 INFO  [Thread-0] org.apache.zookeeper.ZooKeeper: Client environment:java.library.path=/Users/steve/Library/Java/Extensions:/Library/Java/Extensions:/Network/Library/Java/Extensions:/System/Library/Java/Extensions:/usr/lib/java:.
2021-03-18 22:26:45,717 INFO  [Thread-0] org.apache.zookeeper.ZooKeeper: Client environment:java.io.tmpdir=/var/folders/kz/3gb57nkn6ks6_07_dtt5lqvr0000gn/T/
2021-03-18 22:26:45,717 INFO  [Thread-0] org.apache.zookeeper.ZooKeeper: Client environment:java.compiler=<NA>
2021-03-18 22:26:45,717 INFO  [Thread-0] org.apache.zookeeper.ZooKeeper: Client environment:os.name=Mac OS X
2021-03-18 22:26:45,717 INFO  [Thread-0] org.apache.zookeeper.ZooKeeper: Client environment:os.arch=x86_64
2021-03-18 22:26:45,717 INFO  [Thread-0] org.apache.zookeeper.ZooKeeper: Client environment:os.version=10.16
2021-03-18 22:26:45,717 INFO  [Thread-0] org.apache.zookeeper.ZooKeeper: Client environment:user.name=steve
2021-03-18 22:26:45,717 INFO  [Thread-0] org.apache.zookeeper.ZooKeeper: Client environment:user.home=/Users/steve
2021-03-18 22:26:45,717 INFO  [Thread-0] org.apache.zookeeper.ZooKeeper: Client environment:user.dir=/Users/steve
2021-03-18 22:26:45,717 INFO  [Thread-0] org.apache.zookeeper.ZooKeeper: Client environment:os.memory.free=249MB
2021-03-18 22:26:45,717 INFO  [Thread-0] org.apache.zookeeper.ZooKeeper: Client environment:os.memory.max=4096MB
2021-03-18 22:26:45,717 INFO  [Thread-0] org.apache.zookeeper.ZooKeeper: Client environment:os.memory.total=256MB
2021-03-18 22:26:45,721 INFO  [Thread-0] org.apache.zookeeper.ZooKeeper: Initiating client connection, connectString=localhost:2181 sessionTimeout=3000 watcher=app_kvServer.KVServer$1@1b84e5c2
2021-03-18 22:26:45,725 INFO  [Thread-0] org.apache.zookeeper.common.X509Util: Setting -D jdk.tls.rejectClientInitiatedRenegotiation=true to disable client-initiated TLS renegotiation
2021-03-18 22:26:45,737 INFO  [Thread-0] org.apache.zookeeper.ClientCnxnSocket: jute.maxbuffer value is 1048575 Bytes
2021-03-18 22:26:45,744 INFO  [Thread-0] org.apache.zookeeper.ClientCnxn: zookeeper.request.timeout value is 0. feature enabled=false
2021-03-18 22:26:45,753 DEBUG [Thread-0-SendThread(localhost:2181)] org.apache.zookeeper.SaslServerPrincipal: Canonicalized address to localhost
2021-03-18 22:26:45,754 INFO  [Thread-0-SendThread(localhost:2181)] org.apache.zookeeper.ClientCnxn: Opening socket connection to server localhost/0:0:0:0:0:0:0:1:2181.
2021-03-18 22:26:45,755 INFO  [Thread-0-SendThread(localhost:2181)] org.apache.zookeeper.ClientCnxn: SASL config status: Will not attempt to authenticate using SASL (unknown error)
2021-03-18 22:26:45,770 INFO  [Thread-0-SendThread(localhost:2181)] org.apache.zookeeper.ClientCnxn: Socket connection established, initiating session, client: /0:0:0:0:0:0:0:1:52205, server: localhost/0:0:0:0:0:0:0:1:2181
2021-03-18 22:26:45,771 DEBUG [Thread-0-SendThread(localhost:2181)] org.apache.zookeeper.ClientCnxn: Session establishment request sent on localhost/0:0:0:0:0:0:0:1:2181
2021-03-18 22:26:45,800 TRACE [Thread-0-SendThread(localhost:2181)] org.apache.zookeeper.ClientCnxnSocket: readConnectResult 37 0x[0,0,0,0,0,0,f,ffffffa0,1,0,14,ffffffbd,52,70,0,5d,0,0,0,10,ffffffef,ffffffaa,ffffffa1,26,65,1,61,ffffffe2,7f,fffffff4,71,3f,ffffffd5,49,ffffffe0,42,0,]
2021-03-18 22:26:45,802 INFO  [Thread-0-SendThread(localhost:2181)] org.apache.zookeeper.ClientCnxn: Session establishment complete on server localhost/0:0:0:0:0:0:0:1:2181, session id = 0x10014bd5270005d, negotiated timeout = 4000
2021-03-18 22:26:45,804 DEBUG [Thread-0-EventThread] root: ZK event: 
2021-03-18 22:26:45,805 DEBUG [Thread-0-EventThread] root: WatchedEvent state:SyncConnected type:None path:null
2021-03-18 22:26:45,833 DEBUG [Thread-0-SendThread(localhost:2181)] org.apache.zookeeper.ClientCnxn: Reading reply session id: 0x10014bd5270005d, packet:: clientPath:null serverPath:null finished:false header:: 1,1  replyHeader:: 1,310,0  request:: '/keeper/server120,,v{s{31,s{'world,'anyone}}},1  response:: '/keeper/server120 
2021-03-18 22:26:45,838 DEBUG [Thread-0-SendThread(localhost:2181)] org.apache.zookeeper.ClientCnxn: Reading reply session id: 0x10014bd5270005d, packet:: clientPath:null serverPath:null finished:false header:: 2,3  replyHeader:: 2,310,0  request:: '/keeper/server120,T  response:: s{310,310,1616120805805,1616120805805,0,0,0,72080397402374237,0,0,310} 
2021-03-18 22:26:45,865 DEBUG [Thread-0-SendThread(localhost:2181)] org.apache.zookeeper.ClientCnxn: Got notification session id: 0x10014bd5270005d
2021-03-18 22:26:45,866 DEBUG [Thread-0-SendThread(localhost:2181)] org.apache.zookeeper.ClientCnxn: Got WatchedEvent state:SyncConnected type:NodeDataChanged path:/keeper/server120 for session id 0x10014bd5270005d
2021-03-18 22:26:45,867 DEBUG [Thread-0-EventThread] root: ZK event: 
2021-03-18 22:26:45,868 DEBUG [Thread-0-EventThread] root: WatchedEvent state:SyncConnected type:NodeDataChanged path:/keeper/server120
2021-03-18 22:26:45,868 DEBUG [Thread-0-SendThread(localhost:2181)] org.apache.zookeeper.ClientCnxn: Reading reply session id: 0x10014bd5270005d, packet:: clientPath:null serverPath:null finished:false header:: 3,5  replyHeader:: 3,311,0  request:: '/keeper/server120,#3132372e302e302e313a3530313139,0  response:: s{310,311,1616120805805,1616120805839,1,0,0,72080397402374237,15,0,310} 
2021-03-18 22:26:45,868 INFO  [Thread-0] root: Node created at: /keeper/server120
Starting commModule
2021-03-18 22:26:45,876 INFO  [Thread-0] root: Server communication module connected
2021-03-18 22:26:45,877 INFO  [Thread-0] root: Connected to localhost on port 52206
2021-03-18 22:26:45,884 INFO  [Thread-1] root: Message received by server -> Status: INIT_SERVER
received adminmsg
2021-03-18 22:26:45,885 INFO  [Thread-1] root: Message sent by server -> Status: INIT_SERVER_SUCCESS
2021-03-18 22:26:45,886 INFO  [Thread-1] root: Message received by server -> Status: START
received adminmsg
2021-03-18 22:26:45,886 INFO  [Thread-1] root: Message sent by server -> Status: START_SUCCESS
Starting commModule
2021-03-18 22:26:45,896 INFO  [Thread-0] root: Server communication module connected
2021-03-18 22:26:45,896 INFO  [Thread-0] root: Connected to localhost on port 52211
Starting commModule
2021-03-18 22:26:45,899 INFO  [Thread-0] root: Server communication module connected
2021-03-18 22:26:45,900 INFO  [Thread-0] root: Connected to localhost on port 52213
Starting commModule
2021-03-18 22:26:45,903 INFO  [Thread-0] root: Server communication module connected
2021-03-18 22:26:45,903 INFO  [Thread-0] root: Connected to localhost on port 52216
Starting commModule
2021-03-18 22:26:45,910 INFO  [Thread-0] root: Server communication module connected
2021-03-18 22:26:45,910 INFO  [Thread-0] root: Connected to localhost on port 52219
2021-03-18 22:26:45,911 INFO  [Thread-5] root: Message received by server -> Status: UPDATE
received adminmsg
2021-03-18 22:26:45,912 INFO  [Thread-5] root: Message sent by server -> Status: UPDATE_SUCCESS
Starting commModule
2021-03-18 22:26:45,915 INFO  [Thread-0] root: Server communication module connected
2021-03-18 22:26:45,916 INFO  [Thread-0] root: Connected to localhost on port 52222
Starting commModule
2021-03-18 22:26:45,919 INFO  [Thread-0] root: Server communication module connected
2021-03-18 22:26:45,920 INFO  [Thread-0] root: Connected to localhost on port 52224
Starting commModule
2021-03-18 22:26:45,920 INFO  [Thread-0] root: Server communication module connected
2021-03-18 22:26:45,920 INFO  [Thread-0] root: Connected to localhost on port 52226
2021-03-18 22:26:45,921 INFO  [Thread-8] root: Message received by server -> Status: PROPAGATE_ADMIN
received adminmsg
2021-03-18 22:26:45,926 DEBUG [Thread-8] root: Getting successors
2021-03-18 22:26:45,926 DEBUG [Thread-8] root: Got successors
2021-03-18 22:26:45,926 DEBUG [Thread-8] root: Propagating to: 127.0.0.1:50033 127.0.0.1:50050
2021-03-18 22:26:45,928 INFO  [Thread-8] root: Client communication module connected
2021-03-18 22:26:45,929 INFO  [Thread-8] root: Client communication module connected
2021-03-18 22:26:45,929 DEBUG [Thread-8] root: {}
2021-03-18 22:26:45,929 INFO  [Thread-8] root: Message sent by server -> Status: PROPAGATE_SUCCESS
Starting commModule
2021-03-18 22:26:45,956 INFO  [Thread-0] root: Server communication module connected
2021-03-18 22:26:45,957 INFO  [Thread-0] root: Connected to localhost on port 52230
2021-03-18 22:26:45,958 INFO  [Thread-9] root: Message received by server -> Status: PUT Key: 1 Value: 1
2021-03-18 22:26:45,958 DEBUG [Thread-9] root: In serve
2021-03-18 22:26:45,958 DEBUG [Thread-9] root: Checking if stopped or write locked
2021-03-18 22:26:45,958 DEBUG [Thread-9] root: PUT request being served
2021-03-18 22:26:45,958 DEBUG [Thread-9] root: Checking if it's in range
2021-03-18 22:26:45,965 DEBUG [Thread-9] root: Got hostname and port -> 127.0.0.1:50119
2021-03-18 22:26:45,965 DEBUG [Thread-9] root: Got metadata range: c23758d9e4fc6827e23672d0df8db5f8:621f4210428ae90bf957a61affc96007
2021-03-18 22:26:45,965 DEBUG [Thread-9] root: 127.0.0.1:50033 -> 621f4210428ae90bf957a61affc96008:73fe8f9d2e0a751d12d12f2fa50a2f3b
2021-03-18 22:26:45,965 DEBUG [Thread-9] root: 127.0.0.1:50119 -> c23758d9e4fc6827e23672d0df8db5f8:621f4210428ae90bf957a61affc96007
2021-03-18 22:26:45,965 DEBUG [Thread-9] root: 127.0.0.1:50050 -> 73fe8f9d2e0a751d12d12f2fa50a2f3c:c23758d9e4fc6827e23672d0df8db5f7
2021-03-18 22:26:45,965 DEBUG [Thread-9] root: Got range big ints
2021-03-18 22:26:45,965 DEBUG [Thread-9] root: Range end < range start
2021-03-18 22:26:45,965 DEBUG [Thread-9] root: Done with range check in server
2021-03-18 22:26:45,965 DEBUG [Thread-9] root: In range
2021-03-18 22:26:45,966 INFO  [Thread-9] root: Put: key = 1, value = 1
2021-03-18 22:26:45,967 DEBUG [Thread-9] root: Getting successors
2021-03-18 22:26:45,967 DEBUG [Thread-9] root: Got successors
2021-03-18 22:26:45,967 DEBUG [Thread-9] root: Propagating to: 127.0.0.1:50033 127.0.0.1:50050
2021-03-18 22:26:45,967 INFO  [Thread-9] root: Client communication module connected
2021-03-18 22:26:45,968 INFO  [Thread-9] root: Client communication module connected
2021-03-18 22:26:45,968 DEBUG [Thread-9] root: {"1":"1"}
2021-03-18 22:26:45,970 INFO  [Thread-9] root: Message sent by client -> Status: PROPAGATE
2021-03-18 22:26:45,970 INFO  [Thread-9] root: Message sent by client -> Status: PROPAGATE
2021-03-18 22:26:45,973 INFO  [Thread-9] root: Message received by client -> Status: PROPAGATE_SUCCESS Key: null Value: null
2021-03-18 22:26:45,974 INFO  [Thread-9] root: Message received by client -> Status: PROPAGATE_SUCCESS Key: null Value: null
2021-03-18 22:26:45,975 INFO  [Thread-9] root: Message sent by server -> Status: PUT_SUCCESS Key: 1 Value: 1
2021-03-18 22:26:47,174 DEBUG [Thread-0-SendThread(localhost:2181)] org.apache.zookeeper.ClientCnxn: Got ping response for session id: 0x10014bd5270005d after 0ms.
2021-03-18 22:26:48,511 DEBUG [Thread-0-SendThread(localhost:2181)] org.apache.zookeeper.ClientCnxn: Got ping response for session id: 0x10014bd5270005d after 1ms.
2021-03-18 22:26:49,846 DEBUG [Thread-0-SendThread(localhost:2181)] org.apache.zookeeper.ClientCnxn: Got ping response for session id: 0x10014bd5270005d after 1ms.
2021-03-18 22:26:51,180 DEBUG [Thread-0-SendThread(localhost:2181)] org.apache.zookeeper.ClientCnxn: Got ping response for session id: 0x10014bd5270005d after 0ms.
2021-03-18 22:26:52,518 DEBUG [Thread-0-SendThread(localhost:2181)] org.apache.zookeeper.ClientCnxn: Got ping response for session id: 0x10014bd5270005d after 1ms.
2021-03-18 22:26:53,854 DEBUG [Thread-0-SendThread(localhost:2181)] org.apache.zookeeper.ClientCnxn: Got ping response for session id: 0x10014bd5270005d after 1ms.
2021-03-18 22:26:55,192 DEBUG [Thread-0-SendThread(localhost:2181)] org.apache.zookeeper.ClientCnxn: Got ping response for session id: 0x10014bd5270005d after 1ms.
2021-03-18 22:26:56,531 DEBUG [Thread-0-SendThread(localhost:2181)] org.apache.zookeeper.ClientCnxn: Got ping response for session id: 0x10014bd5270005d after 1ms.
2021-03-18 22:26:57,868 DEBUG [Thread-0-SendThread(localhost:2181)] org.apache.zookeeper.ClientCnxn: Got ping response for session id: 0x10014bd5270005d after 0ms.
2021-03-18 22:26:59,204 DEBUG [Thread-0-SendThread(localhost:2181)] org.apache.zookeeper.ClientCnxn: Got ping response for session id: 0x10014bd5270005d after 1ms.
2021-03-18 22:27:00,538 DEBUG [Thread-0-SendThread(localhost:2181)] org.apache.zookeeper.ClientCnxn: Got ping response for session id: 0x10014bd5270005d after 0ms.
2021-03-18 22:27:01,872 DEBUG [Thread-0-SendThread(localhost:2181)] org.apache.zookeeper.ClientCnxn: Got ping response for session id: 0x10014bd5270005d after 1ms.
2021-03-18 22:27:03,207 DEBUG [Thread-0-SendThread(localhost:2181)] org.apache.zookeeper.ClientCnxn: Got ping response for session id: 0x10014bd5270005d after 0ms.
2021-03-18 22:27:04,544 DEBUG [Thread-0-SendThread(localhost:2181)] org.apache.zookeeper.ClientCnxn: Got ping response for session id: 0x10014bd5270005d after 1ms.
2021-03-18 22:27:05,880 DEBUG [Thread-0-SendThread(localhost:2181)] org.apache.zookeeper.ClientCnxn: Got ping response for session id: 0x10014bd5270005d after 0ms.
2021-03-18 22:27:07,219 DEBUG [Thread-0-SendThread(localhost:2181)] org.apache.zookeeper.ClientCnxn: Got ping response for session id: 0x10014bd5270005d after 1ms.
2021-03-18 22:27:08,556 DEBUG [Thread-0-SendThread(localhost:2181)] org.apache.zookeeper.ClientCnxn: Got ping response for session id: 0x10014bd5270005d after 1ms.
2021-03-18 22:27:09,891 DEBUG [Thread-0-SendThread(localhost:2181)] org.apache.zookeeper.ClientCnxn: Got ping response for session id: 0x10014bd5270005d after 1ms.
2021-03-18 22:27:11,230 DEBUG [Thread-0-SendThread(localhost:2181)] org.apache.zookeeper.ClientCnxn: Got ping response for session id: 0x10014bd5270005d after 1ms.
2021-03-18 22:27:12,568 DEBUG [Thread-0-SendThread(localhost:2181)] org.apache.zookeeper.ClientCnxn: Got ping response for session id: 0x10014bd5270005d after 1ms.
2021-03-18 22:27:13,904 DEBUG [Thread-0-SendThread(localhost:2181)] org.apache.zookeeper.ClientCnxn: Got ping response for session id: 0x10014bd5270005d after 1ms.
2021-03-18 22:27:15,238 DEBUG [Thread-0-SendThread(localhost:2181)] org.apache.zookeeper.ClientCnxn: Got ping response for session id: 0x10014bd5270005d after 0ms.
2021-03-18 22:27:16,572 DEBUG [Thread-0-SendThread(localhost:2181)] org.apache.zookeeper.ClientCnxn: Got ping response for session id: 0x10014bd5270005d after 1ms.
2021-03-18 22:27:17,908 DEBUG [Thread-0-SendThread(localhost:2181)] org.apache.zookeeper.ClientCnxn: Got ping response for session id: 0x10014bd5270005d after 0ms.
2021-03-18 22:27:19,242 DEBUG [Thread-0-SendThread(localhost:2181)] org.apache.zookeeper.ClientCnxn: Got ping response for session id: 0x10014bd5270005d after 0ms.
2021-03-18 22:27:20,578 DEBUG [Thread-0-SendThread(localhost:2181)] org.apache.zookeeper.ClientCnxn: Got ping response for session id: 0x10014bd5270005d after 1ms.
2021-03-18 22:27:21,915 DEBUG [Thread-0-SendThread(localhost:2181)] org.apache.zookeeper.ClientCnxn: Got ping response for session id: 0x10014bd5270005d after 0ms.
2021-03-18 22:27:23,252 DEBUG [Thread-0-SendThread(localhost:2181)] org.apache.zookeeper.ClientCnxn: Got ping response for session id: 0x10014bd5270005d after 1ms.
2021-03-18 22:27:24,589 DEBUG [Thread-0-SendThread(localhost:2181)] org.apache.zookeeper.ClientCnxn: Got ping response for session id: 0x10014bd5270005d after 0ms.
2021-03-18 22:27:25,924 DEBUG [Thread-0-SendThread(localhost:2181)] org.apache.zookeeper.ClientCnxn: Got ping response for session id: 0x10014bd5270005d after 1ms.
2021-03-18 22:27:27,260 DEBUG [Thread-0-SendThread(localhost:2181)] org.apache.zookeeper.ClientCnxn: Got ping response for session id: 0x10014bd5270005d after 1ms.
2021-03-18 22:27:28,594 DEBUG [Thread-0-SendThread(localhost:2181)] org.apache.zookeeper.ClientCnxn: Got ping response for session id: 0x10014bd5270005d after 0ms.
2021-03-18 22:27:29,932 DEBUG [Thread-0-SendThread(localhost:2181)] org.apache.zookeeper.ClientCnxn: Got ping response for session id: 0x10014bd5270005d after 0ms.
2021-03-18 22:27:31,270 DEBUG [Thread-0-SendThread(localhost:2181)] org.apache.zookeeper.ClientCnxn: Got ping response for session id: 0x10014bd5270005d after 1ms.
2021-03-18 22:27:32,608 DEBUG [Thread-0-SendThread(localhost:2181)] org.apache.zookeeper.ClientCnxn: Got ping response for session id: 0x10014bd5270005d after 1ms.
2021-03-18 22:27:33,946 DEBUG [Thread-0-SendThread(localhost:2181)] org.apache.zookeeper.ClientCnxn: Got ping response for session id: 0x10014bd5270005d after 1ms.
2021-03-18 22:27:35,282 DEBUG [Thread-0-SendThread(localhost:2181)] org.apache.zookeeper.ClientCnxn: Got ping response for session id: 0x10014bd5270005d after 1ms.
2021-03-18 22:27:36,619 DEBUG [Thread-0-SendThread(localhost:2181)] org.apache.zookeeper.ClientCnxn: Got ping response for session id: 0x10014bd5270005d after 1ms.
2021-03-18 22:27:37,953 DEBUG [Thread-0-SendThread(localhost:2181)] org.apache.zookeeper.ClientCnxn: Got ping response for session id: 0x10014bd5270005d after 0ms.
2021-03-18 22:27:39,289 DEBUG [Thread-0-SendThread(localhost:2181)] org.apache.zookeeper.ClientCnxn: Got ping response for session id: 0x10014bd5270005d after 0ms.
2021-03-18 22:27:40,623 DEBUG [Thread-0-SendThread(localhost:2181)] org.apache.zookeeper.ClientCnxn: Got ping response for session id: 0x10014bd5270005d after 1ms.
2021-03-18 22:27:41,961 DEBUG [Thread-0-SendThread(localhost:2181)] org.apache.zookeeper.ClientCnxn: Got ping response for session id: 0x10014bd5270005d after 1ms.
2021-03-18 22:27:43,299 DEBUG [Thread-0-SendThread(localhost:2181)] org.apache.zookeeper.ClientCnxn: Got ping response for session id: 0x10014bd5270005d after 1ms.
2021-03-18 22:27:44,632 DEBUG [Thread-0-SendThread(localhost:2181)] org.apache.zookeeper.ClientCnxn: Got ping response for session id: 0x10014bd5270005d after 0ms.
2021-03-18 22:27:45,970 DEBUG [Thread-0-SendThread(localhost:2181)] org.apache.zookeeper.ClientCnxn: Got ping response for session id: 0x10014bd5270005d after 0ms.
2021-03-18 22:27:47,307 DEBUG [Thread-0-SendThread(localhost:2181)] org.apache.zookeeper.ClientCnxn: Got ping response for session id: 0x10014bd5270005d after 1ms.
2021-03-18 22:27:48,640 DEBUG [Thread-0-SendThread(localhost:2181)] org.apache.zookeeper.ClientCnxn: Got ping response for session id: 0x10014bd5270005d after 0ms.
2021-03-18 22:27:49,980 DEBUG [Thread-0-SendThread(localhost:2181)] org.apache.zookeeper.ClientCnxn: Got ping response for session id: 0x10014bd5270005d after 1ms.
2021-03-18 22:27:51,313 DEBUG [Thread-0-SendThread(localhost:2181)] org.apache.zookeeper.ClientCnxn: Got ping response for session id: 0x10014bd5270005d after 0ms.
2021-03-18 22:27:52,647 DEBUG [Thread-0-SendThread(localhost:2181)] org.apache.zookeeper.ClientCnxn: Got ping response for session id: 0x10014bd5270005d after 1ms.
2021-03-18 22:27:53,984 DEBUG [Thread-0-SendThread(localhost:2181)] org.apache.zookeeper.ClientCnxn: Got ping response for session id: 0x10014bd5270005d after 0ms.
2021-03-18 22:27:55,319 DEBUG [Thread-0-SendThread(localhost:2181)] org.apache.zookeeper.ClientCnxn: Got ping response for session id: 0x10014bd5270005d after 1ms.
2021-03-18 22:27:56,655 DEBUG [Thread-0-SendThread(localhost:2181)] org.apache.zookeeper.ClientCnxn: Got ping response for session id: 0x10014bd5270005d after 0ms.
2021-03-18 22:27:57,988 DEBUG [Thread-0-SendThread(localhost:2181)] org.apache.zookeeper.ClientCnxn: Got ping response for session id: 0x10014bd5270005d after 0ms.
2021-03-18 22:27:59,322 DEBUG [Thread-0-SendThread(localhost:2181)] org.apache.zookeeper.ClientCnxn: Got ping response for session id: 0x10014bd5270005d after 0ms.
2021-03-18 22:28:00,656 DEBUG [Thread-0-SendThread(localhost:2181)] org.apache.zookeeper.ClientCnxn: Got ping response for session id: 0x10014bd5270005d after 0ms.
2021-03-18 22:28:01,991 DEBUG [Thread-0-SendThread(localhost:2181)] org.apache.zookeeper.ClientCnxn: Got ping response for session id: 0x10014bd5270005d after 1ms.
2021-03-18 22:28:03,326 DEBUG [Thread-0-SendThread(localhost:2181)] org.apache.zookeeper.ClientCnxn: Got ping response for session id: 0x10014bd5270005d after 0ms.
2021-03-18 22:28:04,662 DEBUG [Thread-0-SendThread(localhost:2181)] org.apache.zookeeper.ClientCnxn: Got ping response for session id: 0x10014bd5270005d after 1ms.
2021-03-18 22:28:05,999 DEBUG [Thread-0-SendThread(localhost:2181)] org.apache.zookeeper.ClientCnxn: Got ping response for session id: 0x10014bd5270005d after 0ms.
2021-03-18 22:28:07,336 DEBUG [Thread-0-SendThread(localhost:2181)] org.apache.zookeeper.ClientCnxn: Got ping response for session id: 0x10014bd5270005d after 0ms.
2021-03-18 22:28:08,670 DEBUG [Thread-0-SendThread(localhost:2181)] org.apache.zookeeper.ClientCnxn: Got ping response for session id: 0x10014bd5270005d after 0ms.
2021-03-18 22:28:10,008 DEBUG [Thread-0-SendThread(localhost:2181)] org.apache.zookeeper.ClientCnxn: Got ping response for session id: 0x10014bd5270005d after 0ms.
2021-03-18 22:28:11,342 DEBUG [Thread-0-SendThread(localhost:2181)] org.apache.zookeeper.ClientCnxn: Got ping response for session id: 0x10014bd5270005d after 0ms.
2021-03-18 22:28:12,677 DEBUG [Thread-0-SendThread(localhost:2181)] org.apache.zookeeper.ClientCnxn: Got ping response for session id: 0x10014bd5270005d after 0ms.
Starting commModule
2021-03-18 22:28:13,873 INFO  [Thread-0] root: Server communication module connected
2021-03-18 22:28:13,878 INFO  [Thread-0] root: Connected to localhost on port 52245
2021-03-18 22:28:13,888 INFO  [Thread-10] root: Message received by server -> Status: SHUTDOWN
received adminmsg
2021-03-18 22:28:13,888 DEBUG [Thread-10] root: Closing the program
2021-03-18 22:28:13,888 INFO  [Thread-10] root: Message sent by server -> Status: SHUTDOWN_SUCCESS
2021-03-18 22:28:13,889 ERROR [Thread-0] root: Error! Unable to establish connection. 

java.net.SocketException: Socket closed
	at java.base/java.net.PlainSocketImpl.socketAccept(Native Method)
	at java.base/java.net.AbstractPlainSocketImpl.accept(AbstractPlainSocketImpl.java:458)
	at java.base/java.net.ServerSocket.implAccept(ServerSocket.java:565)
	at java.base/java.net.ServerSocket.accept(ServerSocket.java:533)
	at app_kvServer.KVServer.run(KVServer.java:408)
2021-03-18 22:28:13,890 INFO  [Thread-0] root: Server stopped.
2021-03-18 22:28:13,890 INFO  [Thread-0] root: Clearing KV Storage...
2021-03-18 23:06:03,251 INFO  [Thread-0] root: Initialize server ...
2021-03-18 23:06:03,263 INFO  [Thread-0] root: Server listening on port: 50119
2021-03-18 23:06:03,282 INFO  [Thread-0] org.apache.zookeeper.ZooKeeper: Client environment:zookeeper.version=3.6.2--803c7f1a12f85978cb049af5e4ef23bd8b688715, built on 09/04/2020 12:44 GMT
2021-03-18 23:06:03,283 INFO  [Thread-0] org.apache.zookeeper.ZooKeeper: Client environment:host.name=localhost
2021-03-18 23:06:03,283 INFO  [Thread-0] org.apache.zookeeper.ZooKeeper: Client environment:java.version=11.0.10
2021-03-18 23:06:03,283 INFO  [Thread-0] org.apache.zookeeper.ZooKeeper: Client environment:java.vendor=Azul Systems, Inc.
2021-03-18 23:06:03,283 INFO  [Thread-0] org.apache.zookeeper.ZooKeeper: Client environment:java.home=/Users/steve/Library/Java/JavaVirtualMachines/azul-11.0.10/Contents/Home
2021-03-18 23:06:03,283 INFO  [Thread-0] org.apache.zookeeper.ZooKeeper: Client environment:java.class.path=/Users/steve/Desktop/UofT/year4/winter2021/ECE419/milestone3/m3-server.jar
2021-03-18 23:06:03,283 INFO  [Thread-0] org.apache.zookeeper.ZooKeeper: Client environment:java.library.path=/Users/steve/Library/Java/Extensions:/Library/Java/Extensions:/Network/Library/Java/Extensions:/System/Library/Java/Extensions:/usr/lib/java:.
2021-03-18 23:06:03,283 INFO  [Thread-0] org.apache.zookeeper.ZooKeeper: Client environment:java.io.tmpdir=/var/folders/kz/3gb57nkn6ks6_07_dtt5lqvr0000gn/T/
2021-03-18 23:06:03,283 INFO  [Thread-0] org.apache.zookeeper.ZooKeeper: Client environment:java.compiler=<NA>
2021-03-18 23:06:03,283 INFO  [Thread-0] org.apache.zookeeper.ZooKeeper: Client environment:os.name=Mac OS X
2021-03-18 23:06:03,283 INFO  [Thread-0] org.apache.zookeeper.ZooKeeper: Client environment:os.arch=x86_64
2021-03-18 23:06:03,283 INFO  [Thread-0] org.apache.zookeeper.ZooKeeper: Client environment:os.version=10.16
2021-03-18 23:06:03,283 INFO  [Thread-0] org.apache.zookeeper.ZooKeeper: Client environment:user.name=steve
2021-03-18 23:06:03,283 INFO  [Thread-0] org.apache.zookeeper.ZooKeeper: Client environment:user.home=/Users/steve
2021-03-18 23:06:03,283 INFO  [Thread-0] org.apache.zookeeper.ZooKeeper: Client environment:user.dir=/Users/steve
2021-03-18 23:06:03,284 INFO  [Thread-0] org.apache.zookeeper.ZooKeeper: Client environment:os.memory.free=249MB
2021-03-18 23:06:03,284 INFO  [Thread-0] org.apache.zookeeper.ZooKeeper: Client environment:os.memory.max=4096MB
2021-03-18 23:06:03,284 INFO  [Thread-0] org.apache.zookeeper.ZooKeeper: Client environment:os.memory.total=256MB
2021-03-18 23:06:03,287 INFO  [Thread-0] org.apache.zookeeper.ZooKeeper: Initiating client connection, connectString=localhost:2181 sessionTimeout=3000 watcher=app_kvServer.KVServer$1@48a00dff
2021-03-18 23:06:03,290 INFO  [Thread-0] org.apache.zookeeper.common.X509Util: Setting -D jdk.tls.rejectClientInitiatedRenegotiation=true to disable client-initiated TLS renegotiation
2021-03-18 23:06:03,300 INFO  [Thread-0] org.apache.zookeeper.ClientCnxnSocket: jute.maxbuffer value is 1048575 Bytes
2021-03-18 23:06:03,306 INFO  [Thread-0] org.apache.zookeeper.ClientCnxn: zookeeper.request.timeout value is 0. feature enabled=false
2021-03-18 23:06:03,315 DEBUG [Thread-0-SendThread(localhost:2181)] org.apache.zookeeper.SaslServerPrincipal: Canonicalized address to localhost
2021-03-18 23:06:03,316 INFO  [Thread-0-SendThread(localhost:2181)] org.apache.zookeeper.ClientCnxn: Opening socket connection to server localhost/0:0:0:0:0:0:0:1:2181.
2021-03-18 23:06:03,317 INFO  [Thread-0-SendThread(localhost:2181)] org.apache.zookeeper.ClientCnxn: SASL config status: Will not attempt to authenticate using SASL (unknown error)
2021-03-18 23:06:03,331 INFO  [Thread-0-SendThread(localhost:2181)] org.apache.zookeeper.ClientCnxn: Socket connection established, initiating session, client: /0:0:0:0:0:0:0:1:53670, server: localhost/0:0:0:0:0:0:0:1:2181
2021-03-18 23:06:03,332 DEBUG [Thread-0-SendThread(localhost:2181)] org.apache.zookeeper.ClientCnxn: Session establishment request sent on localhost/0:0:0:0:0:0:0:1:2181
2021-03-18 23:06:03,361 TRACE [Thread-0-SendThread(localhost:2181)] org.apache.zookeeper.ClientCnxnSocket: readConnectResult 37 0x[0,0,0,0,0,0,f,ffffffa0,1,0,14,ffffffbd,52,70,0,ffffffb5,0,0,0,10,66,fffffff6,7b,2a,6b,60,ffffffd7,ffffffaf,ffffff90,3,ffffffae,ffffffc3,fffffff4,7e,66,ffffffad,0,]
2021-03-18 23:06:03,364 INFO  [Thread-0-SendThread(localhost:2181)] org.apache.zookeeper.ClientCnxn: Session establishment complete on server localhost/0:0:0:0:0:0:0:1:2181, session id = 0x10014bd527000b5, negotiated timeout = 4000
2021-03-18 23:06:03,366 DEBUG [Thread-0-EventThread] root: ZK event: 
2021-03-18 23:06:03,367 DEBUG [Thread-0-EventThread] root: WatchedEvent state:SyncConnected type:None path:null
2021-03-18 23:06:03,395 DEBUG [Thread-0-SendThread(localhost:2181)] org.apache.zookeeper.ClientCnxn: Reading reply session id: 0x10014bd527000b5, packet:: clientPath:null serverPath:null finished:false header:: 1,1  replyHeader:: 1,587,0  request:: '/keeper/server120,,v{s{31,s{'world,'anyone}}},1  response:: '/keeper/server120 
2021-03-18 23:06:03,400 DEBUG [Thread-0-SendThread(localhost:2181)] org.apache.zookeeper.ClientCnxn: Reading reply session id: 0x10014bd527000b5, packet:: clientPath:null serverPath:null finished:false header:: 2,3  replyHeader:: 2,587,0  request:: '/keeper/server120,T  response:: s{587,587,1616123163367,1616123163367,0,0,0,72080397402374325,0,0,587} 
2021-03-18 23:06:03,427 DEBUG [Thread-0-SendThread(localhost:2181)] org.apache.zookeeper.ClientCnxn: Got notification session id: 0x10014bd527000b5
2021-03-18 23:06:03,428 DEBUG [Thread-0-SendThread(localhost:2181)] org.apache.zookeeper.ClientCnxn: Got WatchedEvent state:SyncConnected type:NodeDataChanged path:/keeper/server120 for session id 0x10014bd527000b5
2021-03-18 23:06:03,430 DEBUG [Thread-0-EventThread] root: ZK event: 
2021-03-18 23:06:03,430 DEBUG [Thread-0-EventThread] root: WatchedEvent state:SyncConnected type:NodeDataChanged path:/keeper/server120
2021-03-18 23:06:03,430 DEBUG [Thread-0-SendThread(localhost:2181)] org.apache.zookeeper.ClientCnxn: Reading reply session id: 0x10014bd527000b5, packet:: clientPath:null serverPath:null finished:false header:: 3,5  replyHeader:: 3,588,0  request:: '/keeper/server120,#3132372e302e302e313a3530313139,0  response:: s{587,588,1616123163367,1616123163401,1,0,0,72080397402374325,15,0,587} 
2021-03-18 23:06:03,431 INFO  [Thread-0] root: Node created at: /keeper/server120
Starting commModule
2021-03-18 23:06:03,438 INFO  [Thread-0] root: Server communication module connected
2021-03-18 23:06:03,439 INFO  [Thread-0] root: Connected to localhost on port 53671
2021-03-18 23:06:03,446 INFO  [Thread-1] root: Message received by server -> Status: INIT_SERVER
received adminmsg
2021-03-18 23:06:03,447 INFO  [Thread-1] root: Message sent by server -> Status: INIT_SERVER_SUCCESS
2021-03-18 23:06:03,448 INFO  [Thread-1] root: Message received by server -> Status: START
received adminmsg
2021-03-18 23:06:03,448 INFO  [Thread-1] root: Message sent by server -> Status: START_SUCCESS
Starting commModule
2021-03-18 23:06:03,454 INFO  [Thread-0] root: Server communication module connected
2021-03-18 23:06:03,455 INFO  [Thread-0] root: Connected to localhost on port 53674
2021-03-18 23:06:03,458 INFO  [Thread-2] root: Message received by server -> Status: PROPAGATE
2021-03-18 23:06:03,458 DEBUG [Thread-2] root: In serve
2021-03-18 23:06:03,458 DEBUG [Thread-2] root: Checking if stopped or write locked
2021-03-18 23:06:03,458 DEBUG [Thread-2] root: Case propagate
2021-03-18 23:06:03,459 DEBUG [Thread-2] root: Passing to server
2021-03-18 23:06:03,459 DEBUG [Thread-2] root: Getting Predecessors
2021-03-18 23:06:03,459 DEBUG [Thread-2] root: Looking for 127.0.0.1:50119
2021-03-18 23:06:03,459 DEBUG [Thread-2] root: [127.0.0.1:50119, 127.0.0.1:50029]
2021-03-18 23:06:03,459 DEBUG [Thread-2] root: Predecessors:
2021-03-18 23:06:03,459 DEBUG [Thread-2] root: [127.0.0.1:50119, 127.0.0.1:50029]
2021-03-18 23:06:03,459 DEBUG [Thread-2] root: Looking for 127.0.0.1:50029
2021-03-18 23:06:03,459 DEBUG [Thread-2] root: Index of predecessor: 1
2021-03-18 23:06:03,459 DEBUG [Thread-2] root: Server Stuff
2021-03-18 23:06:03,465 INFO  [Thread-2] root: Put: key = 1, value = SIA1
2021-03-18 23:06:03,466 INFO  [Thread-2] root: Put: key = 2, value = SIA2
2021-03-18 23:06:03,467 INFO  [Thread-2] root: Put: key = 3, value = SIA3
2021-03-18 23:06:03,467 INFO  [Thread-2] root: Put: key = 4, value = SIA4
2021-03-18 23:06:03,468 INFO  [Thread-2] root: Message sent by server -> Status: PROPAGATE_SUCCESS Key: null Value: null
Starting commModule
2021-03-18 23:06:03,471 INFO  [Thread-0] root: Server communication module connected
2021-03-18 23:06:03,471 INFO  [Thread-0] root: Connected to localhost on port 53677
2021-03-18 23:06:03,473 INFO  [Thread-3] root: Message received by server -> Status: PUT Key: 1 Value: SIA1
2021-03-18 23:06:03,473 DEBUG [Thread-3] root: In serve
2021-03-18 23:06:03,473 DEBUG [Thread-3] root: Checking if stopped or write locked
2021-03-18 23:06:03,473 DEBUG [Thread-3] root: PUT request being served
2021-03-18 23:06:03,473 DEBUG [Thread-3] root: Checking if it's in range
2021-03-18 23:06:03,481 DEBUG [Thread-3] root: Got hostname and port -> 127.0.0.1:50119
2021-03-18 23:06:03,481 DEBUG [Thread-3] root: Got metadata range: 7a8189a1ab2de708aef6ffed2e048fe1:621f4210428ae90bf957a61affc96007
2021-03-18 23:06:03,481 DEBUG [Thread-3] root: 127.0.0.1:50029 -> 621f4210428ae90bf957a61affc96008:7a8189a1ab2de708aef6ffed2e048fe0
2021-03-18 23:06:03,481 DEBUG [Thread-3] root: 127.0.0.1:50119 -> 7a8189a1ab2de708aef6ffed2e048fe1:621f4210428ae90bf957a61affc96007
2021-03-18 23:06:03,481 DEBUG [Thread-3] root: Got range big ints
2021-03-18 23:06:03,482 DEBUG [Thread-3] root: Range end < range start
2021-03-18 23:06:03,482 DEBUG [Thread-3] root: Done with range check in server
2021-03-18 23:06:03,482 DEBUG [Thread-3] root: In range
2021-03-18 23:06:03,483 INFO  [Thread-3] root: Put: key = 1, value = SIA1
2021-03-18 23:06:03,483 DEBUG [Thread-3] root: Getting successors
2021-03-18 23:06:03,483 DEBUG [Thread-3] root: Got successors
2021-03-18 23:06:03,483 DEBUG [Thread-3] root: Propagating to: 127.0.0.1:50029 127.0.0.1:50119
2021-03-18 23:06:03,486 INFO  [Thread-3] root: Client communication module connected
Starting commModule
2021-03-18 23:06:03,486 INFO  [Thread-0] root: Server communication module connected
2021-03-18 23:06:03,486 INFO  [Thread-3] root: Client communication module connected
2021-03-18 23:06:03,486 DEBUG [Thread-3] root: {"1":"SIA1"}
2021-03-18 23:06:03,487 INFO  [Thread-0] root: Connected to localhost on port 53679
2021-03-18 23:06:03,488 INFO  [Thread-3] root: Message sent by client -> Status: PROPAGATE
2021-03-18 23:06:03,488 INFO  [Thread-3] root: Message sent by client -> Status: PROPAGATE
2021-03-18 23:06:03,489 INFO  [Thread-4] root: Message received by server -> Status: PROPAGATE
2021-03-18 23:06:03,489 DEBUG [Thread-4] root: In serve
2021-03-18 23:06:03,489 DEBUG [Thread-4] root: Checking if stopped or write locked
2021-03-18 23:06:03,489 DEBUG [Thread-4] root: Case propagate
2021-03-18 23:06:03,489 DEBUG [Thread-4] root: Passing to server
2021-03-18 23:06:03,489 DEBUG [Thread-4] root: Getting Predecessors
2021-03-18 23:06:03,489 DEBUG [Thread-4] root: Looking for 127.0.0.1:50119
2021-03-18 23:06:03,489 DEBUG [Thread-4] root: [127.0.0.1:50119, 127.0.0.1:50029]
2021-03-18 23:06:03,489 DEBUG [Thread-4] root: Predecessors:
2021-03-18 23:06:03,489 DEBUG [Thread-4] root: [127.0.0.1:50119, 127.0.0.1:50029]
2021-03-18 23:06:03,489 DEBUG [Thread-4] root: Looking for 127.0.0.1:50119
2021-03-18 23:06:03,489 DEBUG [Thread-4] root: Index of predecessor: 0
2021-03-18 23:06:03,490 DEBUG [Thread-4] root: Server Stuff
2021-03-18 23:06:03,490 INFO  [Thread-3] root: Message received by client -> Status: PROPAGATE_SUCCESS Key: null Value: null
2021-03-18 23:06:03,490 INFO  [Thread-4] root: Put: key = 1, value = SIA1
2021-03-18 23:06:03,490 INFO  [Thread-4] root: Message sent by server -> Status: PROPAGATE_SUCCESS Key: null Value: null
2021-03-18 23:06:03,491 INFO  [Thread-3] root: Message received by client -> Status: PROPAGATE_SUCCESS Key: null Value: null
2021-03-18 23:06:03,491 INFO  [Thread-3] root: Message sent by server -> Status: PUT_SUCCESS Key: 1 Value: SIA1
2021-03-18 23:06:03,492 INFO  [Thread-3] root: Message received by server -> Status: PUT Key: 2 Value: SIA2
2021-03-18 23:06:03,492 DEBUG [Thread-3] root: In serve
2021-03-18 23:06:03,492 DEBUG [Thread-3] root: Checking if stopped or write locked
2021-03-18 23:06:03,492 DEBUG [Thread-3] root: PUT request being served
2021-03-18 23:06:03,492 DEBUG [Thread-3] root: Checking if it's in range
2021-03-18 23:06:03,492 DEBUG [Thread-3] root: Got hostname and port -> 127.0.0.1:50119
2021-03-18 23:06:03,493 DEBUG [Thread-3] root: Got metadata range: 7a8189a1ab2de708aef6ffed2e048fe1:621f4210428ae90bf957a61affc96007
2021-03-18 23:06:03,493 DEBUG [Thread-3] root: 127.0.0.1:50029 -> 621f4210428ae90bf957a61affc96008:7a8189a1ab2de708aef6ffed2e048fe0
2021-03-18 23:06:03,493 DEBUG [Thread-3] root: 127.0.0.1:50119 -> 7a8189a1ab2de708aef6ffed2e048fe1:621f4210428ae90bf957a61affc96007
2021-03-18 23:06:03,493 DEBUG [Thread-3] root: Got range big ints
2021-03-18 23:06:03,493 DEBUG [Thread-3] root: Range end < range start
2021-03-18 23:06:03,493 DEBUG [Thread-3] root: Done with range check in server
2021-03-18 23:06:03,493 DEBUG [Thread-3] root: In range
2021-03-18 23:06:03,493 INFO  [Thread-3] root: Put: key = 2, value = SIA2
2021-03-18 23:06:03,494 DEBUG [Thread-3] root: Getting successors
2021-03-18 23:06:03,494 DEBUG [Thread-3] root: Got successors
2021-03-18 23:06:03,494 DEBUG [Thread-3] root: Propagating to: 127.0.0.1:50029 127.0.0.1:50119
2021-03-18 23:06:03,494 INFO  [Thread-3] root: Client communication module connected
Starting commModule
2021-03-18 23:06:03,495 INFO  [Thread-0] root: Server communication module connected
2021-03-18 23:06:03,495 INFO  [Thread-3] root: Client communication module connected
2021-03-18 23:06:03,495 DEBUG [Thread-3] root: {"2":"SIA2"}
2021-03-18 23:06:03,495 INFO  [Thread-0] root: Connected to localhost on port 53681
2021-03-18 23:06:03,495 INFO  [Thread-3] root: Message sent by client -> Status: PROPAGATE
2021-03-18 23:06:03,496 INFO  [Thread-3] root: Message sent by client -> Status: PROPAGATE
2021-03-18 23:06:03,496 INFO  [Thread-5] root: Message received by server -> Status: PROPAGATE
2021-03-18 23:06:03,497 DEBUG [Thread-5] root: In serve
2021-03-18 23:06:03,497 DEBUG [Thread-5] root: Checking if stopped or write locked
2021-03-18 23:06:03,497 DEBUG [Thread-5] root: Case propagate
2021-03-18 23:06:03,497 DEBUG [Thread-5] root: Passing to server
2021-03-18 23:06:03,497 DEBUG [Thread-5] root: Getting Predecessors
2021-03-18 23:06:03,497 DEBUG [Thread-5] root: Looking for 127.0.0.1:50119
2021-03-18 23:06:03,497 DEBUG [Thread-5] root: [127.0.0.1:50119, 127.0.0.1:50029]
2021-03-18 23:06:03,497 DEBUG [Thread-5] root: Predecessors:
2021-03-18 23:06:03,497 DEBUG [Thread-5] root: [127.0.0.1:50119, 127.0.0.1:50029]
2021-03-18 23:06:03,497 DEBUG [Thread-5] root: Looking for 127.0.0.1:50119
2021-03-18 23:06:03,497 DEBUG [Thread-5] root: Index of predecessor: 0
2021-03-18 23:06:03,497 DEBUG [Thread-5] root: Server Stuff
2021-03-18 23:06:03,497 INFO  [Thread-3] root: Message received by client -> Status: PROPAGATE_SUCCESS Key: null Value: null
2021-03-18 23:06:03,497 INFO  [Thread-5] root: Put: key = 2, value = SIA2
2021-03-18 23:06:03,498 INFO  [Thread-5] root: Message sent by server -> Status: PROPAGATE_SUCCESS Key: null Value: null
2021-03-18 23:06:03,498 INFO  [Thread-3] root: Message received by client -> Status: PROPAGATE_SUCCESS Key: null Value: null
2021-03-18 23:06:03,498 INFO  [Thread-3] root: Message sent by server -> Status: PUT_SUCCESS Key: 2 Value: SIA2
2021-03-18 23:06:03,499 INFO  [Thread-3] root: Message received by server -> Status: PUT Key: 3 Value: SIA3
2021-03-18 23:06:03,499 DEBUG [Thread-3] root: In serve
2021-03-18 23:06:03,499 DEBUG [Thread-3] root: Checking if stopped or write locked
2021-03-18 23:06:03,499 DEBUG [Thread-3] root: PUT request being served
2021-03-18 23:06:03,499 DEBUG [Thread-3] root: Checking if it's in range
2021-03-18 23:06:03,500 DEBUG [Thread-3] root: Got hostname and port -> 127.0.0.1:50119
2021-03-18 23:06:03,500 DEBUG [Thread-3] root: Got metadata range: 7a8189a1ab2de708aef6ffed2e048fe1:621f4210428ae90bf957a61affc96007
2021-03-18 23:06:03,500 DEBUG [Thread-3] root: 127.0.0.1:50029 -> 621f4210428ae90bf957a61affc96008:7a8189a1ab2de708aef6ffed2e048fe0
2021-03-18 23:06:03,500 DEBUG [Thread-3] root: 127.0.0.1:50119 -> 7a8189a1ab2de708aef6ffed2e048fe1:621f4210428ae90bf957a61affc96007
2021-03-18 23:06:03,500 DEBUG [Thread-3] root: Got range big ints
2021-03-18 23:06:03,500 DEBUG [Thread-3] root: Range end < range start
2021-03-18 23:06:03,500 DEBUG [Thread-3] root: Done with range check in server
2021-03-18 23:06:03,500 DEBUG [Thread-3] root: In range
2021-03-18 23:06:03,500 INFO  [Thread-3] root: Put: key = 3, value = SIA3
2021-03-18 23:06:03,500 DEBUG [Thread-3] root: Getting successors
2021-03-18 23:06:03,501 DEBUG [Thread-3] root: Got successors
2021-03-18 23:06:03,501 DEBUG [Thread-3] root: Propagating to: 127.0.0.1:50029 127.0.0.1:50119
2021-03-18 23:06:03,501 INFO  [Thread-3] root: Client communication module connected
Starting commModule
2021-03-18 23:06:03,501 INFO  [Thread-0] root: Server communication module connected
2021-03-18 23:06:03,502 INFO  [Thread-3] root: Client communication module connected
2021-03-18 23:06:03,502 DEBUG [Thread-3] root: {"3":"SIA3"}
2021-03-18 23:06:03,502 INFO  [Thread-3] root: Message sent by client -> Status: PROPAGATE
2021-03-18 23:06:03,502 INFO  [Thread-0] root: Connected to localhost on port 53683
2021-03-18 23:06:03,502 INFO  [Thread-3] root: Message sent by client -> Status: PROPAGATE
2021-03-18 23:06:03,503 INFO  [Thread-6] root: Message received by server -> Status: PROPAGATE
2021-03-18 23:06:03,503 DEBUG [Thread-6] root: In serve
2021-03-18 23:06:03,503 DEBUG [Thread-6] root: Checking if stopped or write locked
2021-03-18 23:06:03,503 DEBUG [Thread-6] root: Case propagate
2021-03-18 23:06:03,503 DEBUG [Thread-6] root: Passing to server
2021-03-18 23:06:03,503 DEBUG [Thread-6] root: Getting Predecessors
2021-03-18 23:06:03,503 DEBUG [Thread-6] root: Looking for 127.0.0.1:50119
2021-03-18 23:06:03,503 DEBUG [Thread-6] root: [127.0.0.1:50119, 127.0.0.1:50029]
2021-03-18 23:06:03,504 DEBUG [Thread-6] root: Predecessors:
2021-03-18 23:06:03,504 DEBUG [Thread-6] root: [127.0.0.1:50119, 127.0.0.1:50029]
2021-03-18 23:06:03,504 DEBUG [Thread-6] root: Looking for 127.0.0.1:50119
2021-03-18 23:06:03,504 DEBUG [Thread-6] root: Index of predecessor: 0
2021-03-18 23:06:03,504 DEBUG [Thread-6] root: Server Stuff
2021-03-18 23:06:03,504 INFO  [Thread-6] root: Put: key = 3, value = SIA3
2021-03-18 23:06:03,504 INFO  [Thread-3] root: Message received by client -> Status: PROPAGATE_SUCCESS Key: null Value: null
2021-03-18 23:06:03,504 INFO  [Thread-6] root: Message sent by server -> Status: PROPAGATE_SUCCESS Key: null Value: null
2021-03-18 23:06:03,505 INFO  [Thread-3] root: Message received by client -> Status: PROPAGATE_SUCCESS Key: null Value: null
2021-03-18 23:06:03,505 INFO  [Thread-3] root: Message sent by server -> Status: PUT_SUCCESS Key: 3 Value: SIA3
2021-03-18 23:06:03,506 INFO  [Thread-3] root: Message received by server -> Status: PUT Key: 4 Value: SIA4
2021-03-18 23:06:03,506 DEBUG [Thread-3] root: In serve
2021-03-18 23:06:03,506 DEBUG [Thread-3] root: Checking if stopped or write locked
2021-03-18 23:06:03,506 DEBUG [Thread-3] root: PUT request being served
2021-03-18 23:06:03,506 DEBUG [Thread-3] root: Checking if it's in range
2021-03-18 23:06:03,506 DEBUG [Thread-3] root: Got hostname and port -> 127.0.0.1:50119
2021-03-18 23:06:03,506 DEBUG [Thread-3] root: Got metadata range: 7a8189a1ab2de708aef6ffed2e048fe1:621f4210428ae90bf957a61affc96007
2021-03-18 23:06:03,506 DEBUG [Thread-3] root: 127.0.0.1:50029 -> 621f4210428ae90bf957a61affc96008:7a8189a1ab2de708aef6ffed2e048fe0
2021-03-18 23:06:03,506 DEBUG [Thread-3] root: 127.0.0.1:50119 -> 7a8189a1ab2de708aef6ffed2e048fe1:621f4210428ae90bf957a61affc96007
2021-03-18 23:06:03,506 DEBUG [Thread-3] root: Got range big ints
2021-03-18 23:06:03,506 DEBUG [Thread-3] root: Range end < range start
2021-03-18 23:06:03,506 DEBUG [Thread-3] root: Done with range check in server
2021-03-18 23:06:03,506 DEBUG [Thread-3] root: In range
2021-03-18 23:06:03,506 INFO  [Thread-3] root: Put: key = 4, value = SIA4
2021-03-18 23:06:03,507 DEBUG [Thread-3] root: Getting successors
2021-03-18 23:06:03,507 DEBUG [Thread-3] root: Got successors
2021-03-18 23:06:03,507 DEBUG [Thread-3] root: Propagating to: 127.0.0.1:50029 127.0.0.1:50119
2021-03-18 23:06:03,507 INFO  [Thread-3] root: Client communication module connected
Starting commModule
2021-03-18 23:06:03,508 INFO  [Thread-0] root: Server communication module connected
2021-03-18 23:06:03,508 INFO  [Thread-3] root: Client communication module connected
2021-03-18 23:06:03,508 DEBUG [Thread-3] root: {"4":"SIA4"}
2021-03-18 23:06:03,508 INFO  [Thread-0] root: Connected to localhost on port 53685
2021-03-18 23:06:03,508 INFO  [Thread-3] root: Message sent by client -> Status: PROPAGATE
2021-03-18 23:06:03,509 INFO  [Thread-3] root: Message sent by client -> Status: PROPAGATE
2021-03-18 23:06:03,509 INFO  [Thread-7] root: Message received by server -> Status: PROPAGATE
2021-03-18 23:06:03,509 DEBUG [Thread-7] root: In serve
2021-03-18 23:06:03,509 DEBUG [Thread-7] root: Checking if stopped or write locked
2021-03-18 23:06:03,509 DEBUG [Thread-7] root: Case propagate
2021-03-18 23:06:03,509 DEBUG [Thread-7] root: Passing to server
2021-03-18 23:06:03,509 DEBUG [Thread-7] root: Getting Predecessors
2021-03-18 23:06:03,509 DEBUG [Thread-7] root: Looking for 127.0.0.1:50119
2021-03-18 23:06:03,509 DEBUG [Thread-7] root: [127.0.0.1:50119, 127.0.0.1:50029]
2021-03-18 23:06:03,509 DEBUG [Thread-7] root: Predecessors:
2021-03-18 23:06:03,509 DEBUG [Thread-7] root: [127.0.0.1:50119, 127.0.0.1:50029]
2021-03-18 23:06:03,509 DEBUG [Thread-7] root: Looking for 127.0.0.1:50119
2021-03-18 23:06:03,509 DEBUG [Thread-7] root: Index of predecessor: 0
2021-03-18 23:06:03,509 DEBUG [Thread-7] root: Server Stuff
2021-03-18 23:06:03,510 INFO  [Thread-7] root: Put: key = 4, value = SIA4
2021-03-18 23:06:03,510 INFO  [Thread-3] root: Message received by client -> Status: PROPAGATE_SUCCESS Key: null Value: null
2021-03-18 23:06:03,511 INFO  [Thread-7] root: Message sent by server -> Status: PROPAGATE_SUCCESS Key: null Value: null
2021-03-18 23:06:03,511 INFO  [Thread-3] root: Message received by client -> Status: PROPAGATE_SUCCESS Key: null Value: null
2021-03-18 23:06:03,511 INFO  [Thread-3] root: Message sent by server -> Status: PUT_SUCCESS Key: 4 Value: SIA4
Starting commModule
2021-03-18 23:06:03,516 INFO  [Thread-0] root: Server communication module connected
2021-03-18 23:06:03,517 INFO  [Thread-0] root: Connected to localhost on port 53687
2021-03-18 23:06:03,517 INFO  [Thread-8] root: Message received by server -> Status: UPDATE
received adminmsg
2021-03-18 23:06:03,518 INFO  [Thread-8] root: Message sent by server -> Status: UPDATE_SUCCESS
Starting commModule
2021-03-18 23:06:03,520 INFO  [Thread-0] root: Server communication module connected
2021-03-18 23:06:03,521 INFO  [Thread-0] root: Connected to localhost on port 53689
Starting commModule
2021-03-18 23:06:03,521 INFO  [Thread-0] root: Server communication module connected
2021-03-18 23:06:03,522 INFO  [Thread-0] root: Connected to localhost on port 53691
2021-03-18 23:06:03,523 INFO  [Thread-10] root: Message received by server -> Status: PROPAGATE_ADMIN
received adminmsg
2021-03-18 23:06:03,523 DEBUG [Thread-10] root: Getting successors
2021-03-18 23:06:03,523 DEBUG [Thread-10] root: Got successors
2021-03-18 23:06:03,523 DEBUG [Thread-10] root: Propagating to: 127.0.0.1:50029 127.0.0.1:50119
2021-03-18 23:06:03,523 INFO  [Thread-10] root: Client communication module connected
Starting commModule
2021-03-18 23:06:03,524 INFO  [Thread-10] root: Client communication module connected
2021-03-18 23:06:03,524 DEBUG [Thread-10] root: {"1":"SIA1","2":"SIA2","3":"SIA3","4":"SIA4"}
2021-03-18 23:06:03,524 INFO  [Thread-0] root: Server communication module connected
2021-03-18 23:06:03,524 INFO  [Thread-10] root: Message sent by client -> Status: PROPAGATE
2021-03-18 23:06:03,524 INFO  [Thread-0] root: Connected to localhost on port 53693
2021-03-18 23:06:03,524 INFO  [Thread-10] root: Message sent by client -> Status: PROPAGATE
2021-03-18 23:06:03,525 INFO  [Thread-11] root: Message received by server -> Status: PROPAGATE
2021-03-18 23:06:03,525 DEBUG [Thread-11] root: In serve
2021-03-18 23:06:03,525 DEBUG [Thread-11] root: Checking if stopped or write locked
2021-03-18 23:06:03,525 DEBUG [Thread-11] root: Case propagate
2021-03-18 23:06:03,525 DEBUG [Thread-11] root: Passing to server
2021-03-18 23:06:03,525 DEBUG [Thread-11] root: Getting Predecessors
2021-03-18 23:06:03,525 DEBUG [Thread-11] root: Looking for 127.0.0.1:50119
2021-03-18 23:06:03,525 DEBUG [Thread-11] root: [127.0.0.1:50119, 127.0.0.1:50029]
2021-03-18 23:06:03,526 DEBUG [Thread-11] root: Predecessors:
2021-03-18 23:06:03,526 DEBUG [Thread-11] root: [127.0.0.1:50119, 127.0.0.1:50029]
2021-03-18 23:06:03,526 DEBUG [Thread-11] root: Looking for 127.0.0.1:50119
2021-03-18 23:06:03,526 DEBUG [Thread-11] root: Index of predecessor: 0
2021-03-18 23:06:03,526 DEBUG [Thread-11] root: Server Stuff
2021-03-18 23:06:03,526 INFO  [Thread-11] root: Put: key = 1, value = SIA1
2021-03-18 23:06:03,526 INFO  [Thread-11] root: Put: key = 2, value = SIA2
2021-03-18 23:06:03,527 INFO  [Thread-11] root: Put: key = 3, value = SIA3
2021-03-18 23:06:03,527 INFO  [Thread-11] root: Put: key = 4, value = SIA4
2021-03-18 23:06:03,528 INFO  [Thread-10] root: Message received by client -> Status: PROPAGATE_SUCCESS Key: null Value: null
2021-03-18 23:06:03,528 INFO  [Thread-11] root: Message sent by server -> Status: PROPAGATE_SUCCESS Key: null Value: null
2021-03-18 23:06:03,528 INFO  [Thread-10] root: Message received by client -> Status: PROPAGATE_SUCCESS Key: null Value: null
2021-03-18 23:06:03,528 INFO  [Thread-10] root: Message sent by server -> Status: PROPAGATE_SUCCESS
Starting commModule
2021-03-18 23:06:03,535 INFO  [Thread-0] root: Server communication module connected
2021-03-18 23:06:03,536 INFO  [Thread-12] root: Message received by server -> Status: PUT Key: 1 Value: null
2021-03-18 23:06:03,536 DEBUG [Thread-12] root: In serve
2021-03-18 23:06:03,536 DEBUG [Thread-12] root: Checking if stopped or write locked
2021-03-18 23:06:03,536 DEBUG [Thread-12] root: PUT request being served
2021-03-18 23:06:03,536 DEBUG [Thread-12] root: Checking if it's in range
2021-03-18 23:06:03,536 INFO  [Thread-0] root: Connected to localhost on port 53694
2021-03-18 23:06:03,537 DEBUG [Thread-12] root: Got hostname and port -> 127.0.0.1:50119
2021-03-18 23:06:03,537 DEBUG [Thread-12] root: Got metadata range: 7a8189a1ab2de708aef6ffed2e048fe1:621f4210428ae90bf957a61affc96007
2021-03-18 23:06:03,537 DEBUG [Thread-12] root: 127.0.0.1:50029 -> 621f4210428ae90bf957a61affc96008:7a8189a1ab2de708aef6ffed2e048fe0
2021-03-18 23:06:03,537 DEBUG [Thread-12] root: 127.0.0.1:50119 -> 7a8189a1ab2de708aef6ffed2e048fe1:621f4210428ae90bf957a61affc96007
2021-03-18 23:06:03,537 DEBUG [Thread-12] root: Got range big ints
2021-03-18 23:06:03,537 DEBUG [Thread-12] root: Range end < range start
2021-03-18 23:06:03,537 DEBUG [Thread-12] root: Done with range check in server
2021-03-18 23:06:03,537 DEBUG [Thread-12] root: In range
2021-03-18 23:06:03,537 INFO  [Thread-12] root: Delete: key = 1
2021-03-18 23:06:03,537 INFO  [Thread-12] root: Updating storage
2021-03-18 23:06:03,537 DEBUG [Thread-12] root: Getting successors
2021-03-18 23:06:03,537 DEBUG [Thread-12] root: Got successors
2021-03-18 23:06:03,538 DEBUG [Thread-12] root: Propagating to: 127.0.0.1:50029 127.0.0.1:50119
2021-03-18 23:06:03,538 INFO  [Thread-12] root: Client communication module connected
Starting commModule
2021-03-18 23:06:03,538 INFO  [Thread-12] root: Client communication module connected
2021-03-18 23:06:03,538 DEBUG [Thread-12] root: {"1":null}
2021-03-18 23:06:03,538 INFO  [Thread-0] root: Server communication module connected
2021-03-18 23:06:03,539 INFO  [Thread-12] root: Message sent by client -> Status: PROPAGATE
2021-03-18 23:06:03,539 INFO  [Thread-0] root: Connected to localhost on port 53696
2021-03-18 23:06:03,539 INFO  [Thread-12] root: Message sent by client -> Status: PROPAGATE
2021-03-18 23:06:03,540 INFO  [Thread-13] root: Message received by server -> Status: PROPAGATE
2021-03-18 23:06:03,540 DEBUG [Thread-13] root: In serve
2021-03-18 23:06:03,540 DEBUG [Thread-13] root: Checking if stopped or write locked
2021-03-18 23:06:03,540 DEBUG [Thread-13] root: Case propagate
2021-03-18 23:06:03,540 DEBUG [Thread-13] root: Passing to server
2021-03-18 23:06:03,540 DEBUG [Thread-13] root: Getting Predecessors
2021-03-18 23:06:03,540 DEBUG [Thread-13] root: Looking for 127.0.0.1:50119
2021-03-18 23:06:03,540 DEBUG [Thread-13] root: [127.0.0.1:50119, 127.0.0.1:50029]
2021-03-18 23:06:03,540 DEBUG [Thread-13] root: Predecessors:
2021-03-18 23:06:03,540 DEBUG [Thread-13] root: [127.0.0.1:50119, 127.0.0.1:50029]
2021-03-18 23:06:03,540 DEBUG [Thread-13] root: Looking for 127.0.0.1:50119
2021-03-18 23:06:03,540 DEBUG [Thread-13] root: Index of predecessor: 0
2021-03-18 23:06:03,540 DEBUG [Thread-13] root: Server Stuff
2021-03-18 23:06:03,540 INFO  [Thread-13] root: Delete: key = 1
2021-03-18 23:06:03,540 INFO  [Thread-12] root: Message received by client -> Status: PROPAGATE_SUCCESS Key: null Value: null
2021-03-18 23:06:03,541 INFO  [Thread-13] root: Updating storage
2021-03-18 23:06:03,541 INFO  [Thread-13] root: Message sent by server -> Status: PROPAGATE_SUCCESS Key: null Value: null
2021-03-18 23:06:03,541 INFO  [Thread-12] root: Message received by client -> Status: PROPAGATE_SUCCESS Key: null Value: null
2021-03-18 23:06:03,541 INFO  [Thread-12] root: Message sent by server -> Status: DELETE_SUCCESS Key: 1 Value: null
2021-03-18 23:06:03,542 INFO  [Thread-12] root: Message received by server -> Status: PUT Key: 2 Value: null
2021-03-18 23:06:03,542 DEBUG [Thread-12] root: In serve
2021-03-18 23:06:03,542 DEBUG [Thread-12] root: Checking if stopped or write locked
2021-03-18 23:06:03,542 DEBUG [Thread-12] root: PUT request being served
2021-03-18 23:06:03,542 DEBUG [Thread-12] root: Checking if it's in range
2021-03-18 23:06:03,542 DEBUG [Thread-12] root: Got hostname and port -> 127.0.0.1:50119
2021-03-18 23:06:03,542 DEBUG [Thread-12] root: Got metadata range: 7a8189a1ab2de708aef6ffed2e048fe1:621f4210428ae90bf957a61affc96007
2021-03-18 23:06:03,542 DEBUG [Thread-12] root: 127.0.0.1:50029 -> 621f4210428ae90bf957a61affc96008:7a8189a1ab2de708aef6ffed2e048fe0
2021-03-18 23:06:03,542 DEBUG [Thread-12] root: 127.0.0.1:50119 -> 7a8189a1ab2de708aef6ffed2e048fe1:621f4210428ae90bf957a61affc96007
2021-03-18 23:06:03,542 DEBUG [Thread-12] root: Got range big ints
2021-03-18 23:06:03,542 DEBUG [Thread-12] root: Range end < range start
2021-03-18 23:06:03,542 DEBUG [Thread-12] root: Done with range check in server
2021-03-18 23:06:03,542 DEBUG [Thread-12] root: In range
2021-03-18 23:06:03,542 INFO  [Thread-12] root: Delete: key = 2
2021-03-18 23:06:03,543 INFO  [Thread-12] root: Updating storage
2021-03-18 23:06:03,543 DEBUG [Thread-12] root: Getting successors
2021-03-18 23:06:03,543 DEBUG [Thread-12] root: Got successors
2021-03-18 23:06:03,543 DEBUG [Thread-12] root: Propagating to: 127.0.0.1:50029 127.0.0.1:50119
2021-03-18 23:06:03,543 INFO  [Thread-12] root: Client communication module connected
Starting commModule
2021-03-18 23:06:03,544 INFO  [Thread-0] root: Server communication module connected
2021-03-18 23:06:03,544 INFO  [Thread-12] root: Client communication module connected
2021-03-18 23:06:03,544 DEBUG [Thread-12] root: {"2":null}
2021-03-18 23:06:03,544 INFO  [Thread-12] root: Message sent by client -> Status: PROPAGATE
2021-03-18 23:06:03,544 INFO  [Thread-0] root: Connected to localhost on port 53698
2021-03-18 23:06:03,544 INFO  [Thread-12] root: Message sent by client -> Status: PROPAGATE
2021-03-18 23:06:03,545 INFO  [Thread-14] root: Message received by server -> Status: PROPAGATE
2021-03-18 23:06:03,545 DEBUG [Thread-14] root: In serve
2021-03-18 23:06:03,545 DEBUG [Thread-14] root: Checking if stopped or write locked
2021-03-18 23:06:03,545 DEBUG [Thread-14] root: Case propagate
2021-03-18 23:06:03,545 DEBUG [Thread-14] root: Passing to server
2021-03-18 23:06:03,545 DEBUG [Thread-14] root: Getting Predecessors
2021-03-18 23:06:03,545 DEBUG [Thread-14] root: Looking for 127.0.0.1:50119
2021-03-18 23:06:03,545 DEBUG [Thread-14] root: [127.0.0.1:50119, 127.0.0.1:50029]
2021-03-18 23:06:03,545 DEBUG [Thread-14] root: Predecessors:
2021-03-18 23:06:03,545 DEBUG [Thread-14] root: [127.0.0.1:50119, 127.0.0.1:50029]
2021-03-18 23:06:03,545 DEBUG [Thread-14] root: Looking for 127.0.0.1:50119
2021-03-18 23:06:03,546 DEBUG [Thread-14] root: Index of predecessor: 0
2021-03-18 23:06:03,546 DEBUG [Thread-14] root: Server Stuff
2021-03-18 23:06:03,546 INFO  [Thread-14] root: Delete: key = 2
2021-03-18 23:06:03,546 INFO  [Thread-12] root: Message received by client -> Status: PROPAGATE_SUCCESS Key: null Value: null
2021-03-18 23:06:03,546 INFO  [Thread-14] root: Updating storage
2021-03-18 23:06:03,546 INFO  [Thread-14] root: Message sent by server -> Status: PROPAGATE_SUCCESS Key: null Value: null
2021-03-18 23:06:03,546 INFO  [Thread-12] root: Message received by client -> Status: PROPAGATE_SUCCESS Key: null Value: null
2021-03-18 23:06:03,547 INFO  [Thread-12] root: Message sent by server -> Status: DELETE_SUCCESS Key: 2 Value: null
2021-03-18 23:06:03,547 INFO  [Thread-12] root: Message received by server -> Status: PUT Key: 3 Value: null
2021-03-18 23:06:03,547 DEBUG [Thread-12] root: In serve
2021-03-18 23:06:03,547 DEBUG [Thread-12] root: Checking if stopped or write locked
2021-03-18 23:06:03,547 DEBUG [Thread-12] root: PUT request being served
2021-03-18 23:06:03,547 DEBUG [Thread-12] root: Checking if it's in range
2021-03-18 23:06:03,547 DEBUG [Thread-12] root: Got hostname and port -> 127.0.0.1:50119
2021-03-18 23:06:03,547 DEBUG [Thread-12] root: Got metadata range: 7a8189a1ab2de708aef6ffed2e048fe1:621f4210428ae90bf957a61affc96007
2021-03-18 23:06:03,547 DEBUG [Thread-12] root: 127.0.0.1:50029 -> 621f4210428ae90bf957a61affc96008:7a8189a1ab2de708aef6ffed2e048fe0
2021-03-18 23:06:03,547 DEBUG [Thread-12] root: 127.0.0.1:50119 -> 7a8189a1ab2de708aef6ffed2e048fe1:621f4210428ae90bf957a61affc96007
2021-03-18 23:06:03,547 DEBUG [Thread-12] root: Got range big ints
2021-03-18 23:06:03,547 DEBUG [Thread-12] root: Range end < range start
2021-03-18 23:06:03,547 DEBUG [Thread-12] root: Done with range check in server
2021-03-18 23:06:03,547 DEBUG [Thread-12] root: In range
2021-03-18 23:06:03,548 INFO  [Thread-12] root: Delete: key = 3
2021-03-18 23:06:03,548 INFO  [Thread-12] root: Updating storage
2021-03-18 23:06:03,548 DEBUG [Thread-12] root: Getting successors
2021-03-18 23:06:03,548 DEBUG [Thread-12] root: Got successors
2021-03-18 23:06:03,548 DEBUG [Thread-12] root: Propagating to: 127.0.0.1:50029 127.0.0.1:50119
2021-03-18 23:06:03,548 INFO  [Thread-12] root: Client communication module connected
Starting commModule
2021-03-18 23:06:03,549 INFO  [Thread-12] root: Client communication module connected
2021-03-18 23:06:03,549 INFO  [Thread-0] root: Server communication module connected
2021-03-18 23:06:03,549 DEBUG [Thread-12] root: {"3":null}
2021-03-18 23:06:03,549 INFO  [Thread-12] root: Message sent by client -> Status: PROPAGATE
2021-03-18 23:06:03,549 INFO  [Thread-0] root: Connected to localhost on port 53700
2021-03-18 23:06:03,550 INFO  [Thread-12] root: Message sent by client -> Status: PROPAGATE
2021-03-18 23:06:03,550 INFO  [Thread-15] root: Message received by server -> Status: PROPAGATE
2021-03-18 23:06:03,550 DEBUG [Thread-15] root: In serve
2021-03-18 23:06:03,550 DEBUG [Thread-15] root: Checking if stopped or write locked
2021-03-18 23:06:03,550 DEBUG [Thread-15] root: Case propagate
2021-03-18 23:06:03,550 DEBUG [Thread-15] root: Passing to server
2021-03-18 23:06:03,550 DEBUG [Thread-15] root: Getting Predecessors
2021-03-18 23:06:03,550 DEBUG [Thread-15] root: Looking for 127.0.0.1:50119
2021-03-18 23:06:03,550 DEBUG [Thread-15] root: [127.0.0.1:50119, 127.0.0.1:50029]
2021-03-18 23:06:03,550 DEBUG [Thread-15] root: Predecessors:
2021-03-18 23:06:03,550 DEBUG [Thread-15] root: [127.0.0.1:50119, 127.0.0.1:50029]
2021-03-18 23:06:03,551 DEBUG [Thread-15] root: Looking for 127.0.0.1:50119
2021-03-18 23:06:03,551 DEBUG [Thread-15] root: Index of predecessor: 0
2021-03-18 23:06:03,551 DEBUG [Thread-15] root: Server Stuff
2021-03-18 23:06:03,551 INFO  [Thread-15] root: Delete: key = 3
2021-03-18 23:06:03,551 INFO  [Thread-12] root: Message received by client -> Status: PROPAGATE_SUCCESS Key: null Value: null
2021-03-18 23:06:03,551 INFO  [Thread-15] root: Updating storage
2021-03-18 23:06:03,551 INFO  [Thread-15] root: Message sent by server -> Status: PROPAGATE_SUCCESS Key: null Value: null
2021-03-18 23:06:03,551 INFO  [Thread-12] root: Message received by client -> Status: PROPAGATE_SUCCESS Key: null Value: null
2021-03-18 23:06:03,551 INFO  [Thread-12] root: Message sent by server -> Status: DELETE_SUCCESS Key: 3 Value: null
2021-03-18 23:06:03,552 INFO  [Thread-12] root: Message received by server -> Status: PUT Key: 4 Value: null
2021-03-18 23:06:03,552 DEBUG [Thread-12] root: In serve
2021-03-18 23:06:03,552 DEBUG [Thread-12] root: Checking if stopped or write locked
2021-03-18 23:06:03,552 DEBUG [Thread-12] root: PUT request being served
2021-03-18 23:06:03,552 DEBUG [Thread-12] root: Checking if it's in range
2021-03-18 23:06:03,552 DEBUG [Thread-12] root: Got hostname and port -> 127.0.0.1:50119
2021-03-18 23:06:03,552 DEBUG [Thread-12] root: Got metadata range: 7a8189a1ab2de708aef6ffed2e048fe1:621f4210428ae90bf957a61affc96007
2021-03-18 23:06:03,552 DEBUG [Thread-12] root: 127.0.0.1:50029 -> 621f4210428ae90bf957a61affc96008:7a8189a1ab2de708aef6ffed2e048fe0
2021-03-18 23:06:03,552 DEBUG [Thread-12] root: 127.0.0.1:50119 -> 7a8189a1ab2de708aef6ffed2e048fe1:621f4210428ae90bf957a61affc96007
2021-03-18 23:06:03,552 DEBUG [Thread-12] root: Got range big ints
2021-03-18 23:06:03,552 DEBUG [Thread-12] root: Range end < range start
2021-03-18 23:06:03,552 DEBUG [Thread-12] root: Done with range check in server
2021-03-18 23:06:03,552 DEBUG [Thread-12] root: In range
2021-03-18 23:06:03,552 INFO  [Thread-12] root: Delete: key = 4
2021-03-18 23:06:03,553 INFO  [Thread-12] root: Updating storage
2021-03-18 23:06:03,553 DEBUG [Thread-12] root: Getting successors
2021-03-18 23:06:03,553 DEBUG [Thread-12] root: Got successors
2021-03-18 23:06:03,553 DEBUG [Thread-12] root: Propagating to: 127.0.0.1:50029 127.0.0.1:50119
2021-03-18 23:06:03,553 INFO  [Thread-12] root: Client communication module connected
Starting commModule
2021-03-18 23:06:03,553 INFO  [Thread-12] root: Client communication module connected
2021-03-18 23:06:03,554 DEBUG [Thread-12] root: {"4":null}
2021-03-18 23:06:03,553 INFO  [Thread-0] root: Server communication module connected
2021-03-18 23:06:03,554 INFO  [Thread-0] root: Connected to localhost on port 53702
2021-03-18 23:06:03,554 INFO  [Thread-12] root: Message sent by client -> Status: PROPAGATE
2021-03-18 23:06:03,554 INFO  [Thread-12] root: Message sent by client -> Status: PROPAGATE
2021-03-18 23:06:03,555 INFO  [Thread-16] root: Message received by server -> Status: PROPAGATE
2021-03-18 23:06:03,555 DEBUG [Thread-16] root: In serve
2021-03-18 23:06:03,555 DEBUG [Thread-16] root: Checking if stopped or write locked
2021-03-18 23:06:03,555 DEBUG [Thread-16] root: Case propagate
2021-03-18 23:06:03,555 DEBUG [Thread-16] root: Passing to server
2021-03-18 23:06:03,555 DEBUG [Thread-16] root: Getting Predecessors
2021-03-18 23:06:03,555 DEBUG [Thread-16] root: Looking for 127.0.0.1:50119
2021-03-18 23:06:03,555 DEBUG [Thread-16] root: [127.0.0.1:50119, 127.0.0.1:50029]
2021-03-18 23:06:03,555 DEBUG [Thread-16] root: Predecessors:
2021-03-18 23:06:03,555 DEBUG [Thread-16] root: [127.0.0.1:50119, 127.0.0.1:50029]
2021-03-18 23:06:03,555 DEBUG [Thread-16] root: Looking for 127.0.0.1:50119
2021-03-18 23:06:03,555 INFO  [Thread-12] root: Message received by client -> Status: PROPAGATE_SUCCESS Key: null Value: null
2021-03-18 23:06:03,555 DEBUG [Thread-16] root: Index of predecessor: 0
2021-03-18 23:06:03,555 DEBUG [Thread-16] root: Server Stuff
2021-03-18 23:06:03,556 INFO  [Thread-16] root: Delete: key = 4
2021-03-18 23:06:03,556 INFO  [Thread-16] root: Updating storage
2021-03-18 23:06:03,556 INFO  [Thread-16] root: Message sent by server -> Status: PROPAGATE_SUCCESS Key: null Value: null
2021-03-18 23:06:03,556 INFO  [Thread-12] root: Message received by client -> Status: PROPAGATE_SUCCESS Key: null Value: null
2021-03-18 23:06:03,556 INFO  [Thread-12] root: Message sent by server -> Status: DELETE_SUCCESS Key: 4 Value: null
Starting commModule
2021-03-18 23:06:03,559 INFO  [Thread-0] root: Server communication module connected
2021-03-18 23:06:03,559 INFO  [Thread-17] root: Message received by server -> Status: SHUTDOWN
received adminmsg
2021-03-18 23:06:03,559 INFO  [Thread-0] root: Connected to localhost on port 53704
2021-03-18 23:06:03,559 DEBUG [Thread-17] root: Closing the program
2021-03-18 23:06:03,560 INFO  [Thread-17] root: Message sent by server -> Status: SHUTDOWN_SUCCESS
2021-03-18 23:06:03,560 ERROR [Thread-0] root: Error! Unable to establish connection. 

java.net.SocketException: Socket closed
	at java.base/java.net.PlainSocketImpl.socketAccept(Native Method)
	at java.base/java.net.AbstractPlainSocketImpl.accept(AbstractPlainSocketImpl.java:458)
	at java.base/java.net.ServerSocket.implAccept(ServerSocket.java:565)
	at java.base/java.net.ServerSocket.accept(ServerSocket.java:533)
	at app_kvServer.KVServer.run(KVServer.java:408)
2021-03-18 23:06:03,561 INFO  [Thread-0] root: Server stopped.
2021-03-18 23:06:03,561 INFO  [Thread-0] root: Clearing KV Storage...
