2021-03-18 22:26:44,529 INFO  [main] root: Creating Storage Files
2021-03-18 22:26:44,529 INFO  [main] root: File created: server34.json
2021-03-18 22:26:44,530 INFO  [main] root: File created: server34_replica_1.json
2021-03-18 22:26:44,530 INFO  [main] root: File created: server34_replica_2.json
2021-03-18 22:26:44,530 INFO  [Thread-0] root: Initialize server ...
2021-03-18 22:26:44,543 INFO  [Thread-0] root: Server listening on port: 50033
2021-03-18 22:26:44,566 INFO  [Thread-0] org.apache.zookeeper.ZooKeeper: Client environment:zookeeper.version=3.6.2--803c7f1a12f85978cb049af5e4ef23bd8b688715, built on 09/04/2020 12:44 GMT
2021-03-18 22:26:44,566 INFO  [Thread-0] org.apache.zookeeper.ZooKeeper: Client environment:host.name=localhost
2021-03-18 22:26:44,566 INFO  [Thread-0] org.apache.zookeeper.ZooKeeper: Client environment:java.version=11.0.10
2021-03-18 22:26:44,566 INFO  [Thread-0] org.apache.zookeeper.ZooKeeper: Client environment:java.vendor=Azul Systems, Inc.
2021-03-18 22:26:44,566 INFO  [Thread-0] org.apache.zookeeper.ZooKeeper: Client environment:java.home=/Users/steve/Library/Java/JavaVirtualMachines/azul-11.0.10/Contents/Home
2021-03-18 22:26:44,566 INFO  [Thread-0] org.apache.zookeeper.ZooKeeper: Client environment:java.class.path=/Users/steve/Desktop/UofT/year4/winter2021/ECE419/milestone3/m3-server.jar
2021-03-18 22:26:44,566 INFO  [Thread-0] org.apache.zookeeper.ZooKeeper: Client environment:java.library.path=/Users/steve/Library/Java/Extensions:/Library/Java/Extensions:/Network/Library/Java/Extensions:/System/Library/Java/Extensions:/usr/lib/java:.
2021-03-18 22:26:44,566 INFO  [Thread-0] org.apache.zookeeper.ZooKeeper: Client environment:java.io.tmpdir=/var/folders/kz/3gb57nkn6ks6_07_dtt5lqvr0000gn/T/
2021-03-18 22:26:44,566 INFO  [Thread-0] org.apache.zookeeper.ZooKeeper: Client environment:java.compiler=<NA>
2021-03-18 22:26:44,566 INFO  [Thread-0] org.apache.zookeeper.ZooKeeper: Client environment:os.name=Mac OS X
2021-03-18 22:26:44,567 INFO  [Thread-0] org.apache.zookeeper.ZooKeeper: Client environment:os.arch=x86_64
2021-03-18 22:26:44,567 INFO  [Thread-0] org.apache.zookeeper.ZooKeeper: Client environment:os.version=10.16
2021-03-18 22:26:44,567 INFO  [Thread-0] org.apache.zookeeper.ZooKeeper: Client environment:user.name=steve
2021-03-18 22:26:44,567 INFO  [Thread-0] org.apache.zookeeper.ZooKeeper: Client environment:user.home=/Users/steve
2021-03-18 22:26:44,567 INFO  [Thread-0] org.apache.zookeeper.ZooKeeper: Client environment:user.dir=/Users/steve
2021-03-18 22:26:44,567 INFO  [Thread-0] org.apache.zookeeper.ZooKeeper: Client environment:os.memory.free=249MB
2021-03-18 22:26:44,567 INFO  [Thread-0] org.apache.zookeeper.ZooKeeper: Client environment:os.memory.max=4096MB
2021-03-18 22:26:44,567 INFO  [Thread-0] org.apache.zookeeper.ZooKeeper: Client environment:os.memory.total=256MB
2021-03-18 22:26:44,570 INFO  [Thread-0] org.apache.zookeeper.ZooKeeper: Initiating client connection, connectString=localhost:2181 sessionTimeout=3000 watcher=app_kvServer.KVServer$1@1b84e5c2
2021-03-18 22:26:44,574 INFO  [Thread-0] org.apache.zookeeper.common.X509Util: Setting -D jdk.tls.rejectClientInitiatedRenegotiation=true to disable client-initiated TLS renegotiation
2021-03-18 22:26:44,585 INFO  [Thread-0] org.apache.zookeeper.ClientCnxnSocket: jute.maxbuffer value is 1048575 Bytes
2021-03-18 22:26:44,593 INFO  [Thread-0] org.apache.zookeeper.ClientCnxn: zookeeper.request.timeout value is 0. feature enabled=false
2021-03-18 22:26:44,603 DEBUG [Thread-0-SendThread(localhost:2181)] org.apache.zookeeper.SaslServerPrincipal: Canonicalized address to localhost
2021-03-18 22:26:44,604 INFO  [Thread-0-SendThread(localhost:2181)] org.apache.zookeeper.ClientCnxn: Opening socket connection to server localhost/127.0.0.1:2181.
2021-03-18 22:26:44,604 INFO  [Thread-0-SendThread(localhost:2181)] org.apache.zookeeper.ClientCnxn: SASL config status: Will not attempt to authenticate using SASL (unknown error)
2021-03-18 22:26:44,625 INFO  [Thread-0-SendThread(localhost:2181)] org.apache.zookeeper.ClientCnxn: Socket connection established, initiating session, client: /127.0.0.1:52181, server: localhost/127.0.0.1:2181
2021-03-18 22:26:44,626 DEBUG [Thread-0-SendThread(localhost:2181)] org.apache.zookeeper.ClientCnxn: Session establishment request sent on localhost/127.0.0.1:2181
2021-03-18 22:26:44,655 TRACE [Thread-0-SendThread(localhost:2181)] org.apache.zookeeper.ClientCnxnSocket: readConnectResult 37 0x[0,0,0,0,0,0,f,ffffffa0,1,0,14,ffffffbd,52,70,0,5b,0,0,0,10,7c,ffffffe4,ffffffc4,26,ffffffa5,3b,25,45,ffffffc0,62,6,3b,ffffffe0,14,65,74,0,]
2021-03-18 22:26:44,656 INFO  [Thread-0-SendThread(localhost:2181)] org.apache.zookeeper.ClientCnxn: Session establishment complete on server localhost/127.0.0.1:2181, session id = 0x10014bd5270005b, negotiated timeout = 4000
2021-03-18 22:26:44,659 DEBUG [Thread-0-EventThread] root: ZK event: 
2021-03-18 22:26:44,659 DEBUG [Thread-0-EventThread] root: WatchedEvent state:SyncConnected type:None path:null
2021-03-18 22:26:44,686 DEBUG [Thread-0-SendThread(localhost:2181)] org.apache.zookeeper.ClientCnxn: Reading reply session id: 0x10014bd5270005b, packet:: clientPath:null serverPath:null finished:false header:: 1,1  replyHeader:: 1,304,0  request:: '/keeper/server34,,v{s{31,s{'world,'anyone}}},1  response:: '/keeper/server34 
2021-03-18 22:26:44,690 DEBUG [Thread-0-SendThread(localhost:2181)] org.apache.zookeeper.ClientCnxn: Reading reply session id: 0x10014bd5270005b, packet:: clientPath:null serverPath:null finished:false header:: 2,3  replyHeader:: 2,304,0  request:: '/keeper/server34,T  response:: s{304,304,1616120804659,1616120804659,0,0,0,72080397402374235,0,0,304} 
2021-03-18 22:26:44,717 DEBUG [Thread-0-SendThread(localhost:2181)] org.apache.zookeeper.ClientCnxn: Got notification session id: 0x10014bd5270005b
2021-03-18 22:26:44,717 DEBUG [Thread-0-SendThread(localhost:2181)] org.apache.zookeeper.ClientCnxn: Got WatchedEvent state:SyncConnected type:NodeDataChanged path:/keeper/server34 for session id 0x10014bd5270005b
2021-03-18 22:26:44,718 DEBUG [Thread-0-EventThread] root: ZK event: 
2021-03-18 22:26:44,718 DEBUG [Thread-0-EventThread] root: WatchedEvent state:SyncConnected type:NodeDataChanged path:/keeper/server34
2021-03-18 22:26:44,719 DEBUG [Thread-0-SendThread(localhost:2181)] org.apache.zookeeper.ClientCnxn: Reading reply session id: 0x10014bd5270005b, packet:: clientPath:null serverPath:null finished:false header:: 3,5  replyHeader:: 3,305,0  request:: '/keeper/server34,#3132372e302e302e313a3530303333,0  response:: s{304,305,1616120804659,1616120804691,1,0,0,72080397402374235,15,0,304} 
2021-03-18 22:26:44,719 INFO  [Thread-0] root: Node created at: /keeper/server34
Starting commModule
2021-03-18 22:26:44,725 INFO  [Thread-0] root: Server communication module connected
2021-03-18 22:26:44,726 INFO  [Thread-0] root: Connected to localhost on port 52182
2021-03-18 22:26:44,733 INFO  [Thread-1] root: Message received by server -> Status: INIT_SERVER
received adminmsg
2021-03-18 22:26:44,734 INFO  [Thread-1] root: Message sent by server -> Status: INIT_SERVER_SUCCESS
2021-03-18 22:26:44,735 INFO  [Thread-1] root: Message received by server -> Status: START
received adminmsg
2021-03-18 22:26:44,735 INFO  [Thread-1] root: Message sent by server -> Status: START_SUCCESS
Starting commModule
2021-03-18 22:26:44,736 INFO  [Thread-0] root: Server communication module connected
2021-03-18 22:26:44,737 INFO  [Thread-0] root: Connected to localhost on port 52183
2021-03-18 22:26:44,738 INFO  [Thread-2] root: Message received by server -> Status: UPDATE
received adminmsg
2021-03-18 22:26:44,739 INFO  [Thread-2] root: Message sent by server -> Status: UPDATE_SUCCESS
Starting commModule
2021-03-18 22:26:44,740 INFO  [Thread-0] root: Server communication module connected
2021-03-18 22:26:44,740 INFO  [Thread-0] root: Connected to localhost on port 52184
2021-03-18 22:26:44,741 INFO  [Thread-3] root: Message received by server -> Status: PROPAGATE_ADMIN
received adminmsg
2021-03-18 22:26:44,745 DEBUG [Thread-3] root: Getting successors
2021-03-18 22:26:44,745 DEBUG [Thread-3] root: Got successors
2021-03-18 22:26:44,746 DEBUG [Thread-3] root: Propagating to: 127.0.0.1:50033 127.0.0.1:50033
Starting commModule
2021-03-18 22:26:44,748 INFO  [Thread-0] root: Server communication module connected
2021-03-18 22:26:44,748 INFO  [Thread-3] root: Client communication module connected
2021-03-18 22:26:44,748 INFO  [Thread-0] root: Connected to localhost on port 52185
Starting commModule
2021-03-18 22:26:44,748 INFO  [Thread-0] root: Server communication module connected
2021-03-18 22:26:44,748 INFO  [Thread-3] root: Client communication module connected
2021-03-18 22:26:44,749 DEBUG [Thread-3] root: {}
2021-03-18 22:26:44,749 INFO  [Thread-3] root: Message sent by server -> Status: PROPAGATE_SUCCESS
2021-03-18 22:26:44,749 INFO  [Thread-0] root: Connected to localhost on port 52186
Starting commModule
2021-03-18 22:26:45,287 INFO  [Thread-0] root: Server communication module connected
2021-03-18 22:26:45,288 INFO  [Thread-0] root: Connected to localhost on port 52190
2021-03-18 22:26:45,289 INFO  [Thread-6] root: Message received by server -> Status: UPDATE
received adminmsg
2021-03-18 22:26:45,290 INFO  [Thread-6] root: Message sent by server -> Status: UPDATE_SUCCESS
Starting commModule
2021-03-18 22:26:45,290 INFO  [Thread-0] root: Server communication module connected
2021-03-18 22:26:45,291 INFO  [Thread-0] root: Connected to localhost on port 52191
2021-03-18 22:26:45,292 INFO  [Thread-7] root: Message received by server -> Status: PROPAGATE_ADMIN
received adminmsg
2021-03-18 22:26:45,292 DEBUG [Thread-7] root: Getting successors
2021-03-18 22:26:45,292 DEBUG [Thread-7] root: Got successors
2021-03-18 22:26:45,292 DEBUG [Thread-7] root: Propagating to: 127.0.0.1:50050 127.0.0.1:50033
2021-03-18 22:26:45,293 INFO  [Thread-7] root: Client communication module connected
Starting commModule
2021-03-18 22:26:45,293 INFO  [Thread-0] root: Server communication module connected
2021-03-18 22:26:45,293 INFO  [Thread-7] root: Client communication module connected
2021-03-18 22:26:45,293 DEBUG [Thread-7] root: {}
2021-03-18 22:26:45,294 INFO  [Thread-0] root: Connected to localhost on port 52193
2021-03-18 22:26:45,294 INFO  [Thread-7] root: Message sent by server -> Status: PROPAGATE_SUCCESS
Starting commModule
2021-03-18 22:26:45,294 INFO  [Thread-0] root: Server communication module connected
2021-03-18 22:26:45,295 INFO  [Thread-0] root: Connected to localhost on port 52194
2021-03-18 22:26:45,300 INFO  [Thread-9] root: Message received by server -> Status: MOVE_DATA
received adminmsg
2021-03-18 22:26:45,300 DEBUG [Thread-9] root: Input data: 
2021-03-18 22:26:45,300 DEBUG [Thread-9] root: 73fe8f9d2e0a751d12d12f2fa50a2f3c:c23758d9e4fc6827e23672d0df8db5f7
2021-03-18 22:26:45,300 DEBUG [Thread-9] root: 127.0.0.1:50050
2021-03-18 22:26:45,301 INFO  [Thread-9] root: Client communication module connected
2021-03-18 22:26:45,301 DEBUG [Thread-9] root: Host: 127.0.0.1
2021-03-18 22:26:45,301 DEBUG [Thread-9] root: Port: 50050
2021-03-18 22:26:45,301 DEBUG [Thread-9] root: Range: 73fe8f9d2e0a751d12d12f2fa50a2f3c:c23758d9e4fc6827e23672d0df8db5f7
2021-03-18 22:26:45,302 DEBUG [Thread-9] root: Starting flush data
2021-03-18 22:26:45,302 DEBUG [Thread-9] root: Finished flush data
2021-03-18 22:26:45,302 DEBUG [Thread-9] root: Closing conn
2021-03-18 22:26:45,302 INFO  [Thread-9] root: Connection closed!
2021-03-18 22:26:45,302 DEBUG [Thread-9] root: Closed conn
2021-03-18 22:26:45,302 INFO  [Thread-9] root: Message sent by server -> Status: MOVE_DATA_SUCCESS
Starting commModule
2021-03-18 22:26:45,304 INFO  [Thread-0] root: Server communication module connected
2021-03-18 22:26:45,305 INFO  [Thread-0] root: Connected to localhost on port 52196
2021-03-18 22:26:45,306 INFO  [Thread-10] root: Message received by server -> Status: UPDATE
received adminmsg
2021-03-18 22:26:45,306 INFO  [Thread-10] root: Message sent by server -> Status: UPDATE_SUCCESS
Starting commModule
2021-03-18 22:26:45,311 INFO  [Thread-0] root: Server communication module connected
2021-03-18 22:26:45,312 INFO  [Thread-0] root: Connected to localhost on port 52198
2021-03-18 22:26:45,313 INFO  [Thread-11] root: Message received by server -> Status: PROPAGATE_ADMIN
received adminmsg
2021-03-18 22:26:45,313 DEBUG [Thread-11] root: Getting successors
2021-03-18 22:26:45,313 DEBUG [Thread-11] root: Got successors
2021-03-18 22:26:45,313 DEBUG [Thread-11] root: Propagating to: 127.0.0.1:50050 127.0.0.1:50033
2021-03-18 22:26:45,314 INFO  [Thread-11] root: Client communication module connected
Starting commModule
2021-03-18 22:26:45,314 INFO  [Thread-0] root: Server communication module connected
2021-03-18 22:26:45,314 INFO  [Thread-11] root: Client communication module connected
2021-03-18 22:26:45,315 DEBUG [Thread-11] root: {}
2021-03-18 22:26:45,315 INFO  [Thread-11] root: Message sent by server -> Status: PROPAGATE_SUCCESS
2021-03-18 22:26:45,315 INFO  [Thread-0] root: Connected to localhost on port 52200
Starting commModule
2021-03-18 22:26:45,325 INFO  [Thread-0] root: Server communication module connected
2021-03-18 22:26:45,326 INFO  [Thread-0] root: Connected to localhost on port 52202
Starting commModule
2021-03-18 22:26:45,887 INFO  [Thread-0] root: Server communication module connected
2021-03-18 22:26:45,888 INFO  [Thread-0] root: Connected to localhost on port 52207
2021-03-18 22:26:45,889 INFO  [Thread-14] root: Message received by server -> Status: UPDATE
received adminmsg
2021-03-18 22:26:45,889 INFO  [Thread-14] root: Message sent by server -> Status: UPDATE_SUCCESS
Starting commModule
2021-03-18 22:26:45,893 INFO  [Thread-0] root: Server communication module connected
2021-03-18 22:26:45,894 INFO  [Thread-0] root: Connected to localhost on port 52209
2021-03-18 22:26:45,894 INFO  [Thread-15] root: Message received by server -> Status: PROPAGATE_ADMIN
received adminmsg
2021-03-18 22:26:45,895 DEBUG [Thread-15] root: Getting successors
2021-03-18 22:26:45,895 DEBUG [Thread-15] root: Got successors
2021-03-18 22:26:45,895 DEBUG [Thread-15] root: Propagating to: 127.0.0.1:50050 127.0.0.1:50119
2021-03-18 22:26:45,895 INFO  [Thread-15] root: Client communication module connected
2021-03-18 22:26:45,896 INFO  [Thread-15] root: Client communication module connected
2021-03-18 22:26:45,896 DEBUG [Thread-15] root: {}
2021-03-18 22:26:45,896 INFO  [Thread-15] root: Message sent by server -> Status: PROPAGATE_SUCCESS
Starting commModule
2021-03-18 22:26:45,900 INFO  [Thread-0] root: Server communication module connected
2021-03-18 22:26:45,900 INFO  [Thread-0] root: Connected to localhost on port 52214
Starting commModule
2021-03-18 22:26:45,901 INFO  [Thread-0] root: Server communication module connected
2021-03-18 22:26:45,902 INFO  [Thread-0] root: Connected to localhost on port 52215
2021-03-18 22:26:45,902 INFO  [Thread-17] root: Message received by server -> Status: MOVE_DATA
received adminmsg
2021-03-18 22:26:45,902 DEBUG [Thread-17] root: Input data: 
2021-03-18 22:26:45,902 DEBUG [Thread-17] root: c23758d9e4fc6827e23672d0df8db5f8:621f4210428ae90bf957a61affc96007
2021-03-18 22:26:45,902 DEBUG [Thread-17] root: 127.0.0.1:50119
2021-03-18 22:26:45,903 INFO  [Thread-17] root: Client communication module connected
2021-03-18 22:26:45,903 DEBUG [Thread-17] root: Host: 127.0.0.1
2021-03-18 22:26:45,903 DEBUG [Thread-17] root: Port: 50119
2021-03-18 22:26:45,903 DEBUG [Thread-17] root: Range: c23758d9e4fc6827e23672d0df8db5f8:621f4210428ae90bf957a61affc96007
2021-03-18 22:26:45,903 DEBUG [Thread-17] root: Starting flush data
2021-03-18 22:26:45,903 DEBUG [Thread-17] root: Finished flush data
2021-03-18 22:26:45,903 DEBUG [Thread-17] root: Closing conn
2021-03-18 22:26:45,903 INFO  [Thread-17] root: Connection closed!
2021-03-18 22:26:45,903 DEBUG [Thread-17] root: Closed conn
2021-03-18 22:26:45,903 INFO  [Thread-17] root: Message sent by server -> Status: MOVE_DATA_SUCCESS
Starting commModule
2021-03-18 22:26:45,904 INFO  [Thread-0] root: Server communication module connected
2021-03-18 22:26:45,905 INFO  [Thread-0] root: Connected to localhost on port 52217
2021-03-18 22:26:45,906 INFO  [Thread-18] root: Message received by server -> Status: UPDATE
received adminmsg
2021-03-18 22:26:45,906 INFO  [Thread-18] root: Message sent by server -> Status: UPDATE_SUCCESS
Starting commModule
2021-03-18 22:26:45,913 INFO  [Thread-0] root: Server communication module connected
2021-03-18 22:26:45,913 INFO  [Thread-0] root: Connected to localhost on port 52220
2021-03-18 22:26:45,914 INFO  [Thread-19] root: Message received by server -> Status: PROPAGATE_ADMIN
received adminmsg
2021-03-18 22:26:45,914 DEBUG [Thread-19] root: Getting successors
2021-03-18 22:26:45,914 DEBUG [Thread-19] root: Got successors
2021-03-18 22:26:45,914 DEBUG [Thread-19] root: Propagating to: 127.0.0.1:50050 127.0.0.1:50119
2021-03-18 22:26:45,915 INFO  [Thread-19] root: Client communication module connected
2021-03-18 22:26:45,915 INFO  [Thread-19] root: Client communication module connected
2021-03-18 22:26:45,915 DEBUG [Thread-19] root: {}
2021-03-18 22:26:45,916 INFO  [Thread-19] root: Message sent by server -> Status: PROPAGATE_SUCCESS
Starting commModule
2021-03-18 22:26:45,919 INFO  [Thread-0] root: Server communication module connected
2021-03-18 22:26:45,920 INFO  [Thread-0] root: Connected to localhost on port 52225
Starting commModule
2021-03-18 22:26:45,928 INFO  [Thread-0] root: Server communication module connected
2021-03-18 22:26:45,929 INFO  [Thread-0] root: Connected to localhost on port 52227
Starting commModule
2021-03-18 22:26:45,940 INFO  [Thread-0] root: Server communication module connected
2021-03-18 22:26:45,940 INFO  [Thread-0] root: Connected to localhost on port 52229
2021-03-18 22:26:45,943 INFO  [Thread-22] root: Message received by server -> Status: PUT Key: 1 Value: 1
2021-03-18 22:26:45,943 DEBUG [Thread-22] root: In serve
2021-03-18 22:26:45,944 DEBUG [Thread-22] root: Checking if stopped or write locked
2021-03-18 22:26:45,944 DEBUG [Thread-22] root: PUT request being served
2021-03-18 22:26:45,944 DEBUG [Thread-22] root: Checking if it's in range
2021-03-18 22:26:45,951 DEBUG [Thread-22] root: Got hostname and port -> 127.0.0.1:50033
2021-03-18 22:26:45,951 DEBUG [Thread-22] root: Got metadata range: 621f4210428ae90bf957a61affc96008:73fe8f9d2e0a751d12d12f2fa50a2f3b
2021-03-18 22:26:45,951 DEBUG [Thread-22] root: 127.0.0.1:50033 -> 621f4210428ae90bf957a61affc96008:73fe8f9d2e0a751d12d12f2fa50a2f3b
2021-03-18 22:26:45,951 DEBUG [Thread-22] root: 127.0.0.1:50119 -> c23758d9e4fc6827e23672d0df8db5f8:621f4210428ae90bf957a61affc96007
2021-03-18 22:26:45,951 DEBUG [Thread-22] root: 127.0.0.1:50050 -> 73fe8f9d2e0a751d12d12f2fa50a2f3c:c23758d9e4fc6827e23672d0df8db5f7
2021-03-18 22:26:45,951 DEBUG [Thread-22] root: Got range big ints
2021-03-18 22:26:45,951 DEBUG [Thread-22] root: Range start < range end
2021-03-18 22:26:45,951 DEBUG [Thread-22] root: Done with range check in server
2021-03-18 22:26:45,951 DEBUG [Thread-22] root: Not in range
2021-03-18 22:26:45,954 INFO  [Thread-22] root: Message sent by server -> Status: SERVER_NOT_RESPONSIBLE Key: 1 Value: null
Starting commModule
2021-03-18 22:26:45,967 INFO  [Thread-0] root: Server communication module connected
2021-03-18 22:26:45,968 INFO  [Thread-0] root: Connected to localhost on port 52231
2021-03-18 22:26:45,970 INFO  [Thread-23] root: Message received by server -> Status: PROPAGATE
2021-03-18 22:26:45,970 DEBUG [Thread-23] root: In serve
2021-03-18 22:26:45,970 DEBUG [Thread-23] root: Checking if stopped or write locked
2021-03-18 22:26:45,971 DEBUG [Thread-23] root: Case propagate
2021-03-18 22:26:45,971 DEBUG [Thread-23] root: Passing to server
2021-03-18 22:26:45,971 DEBUG [Thread-23] root: Getting Predecessors
2021-03-18 22:26:45,971 DEBUG [Thread-23] root: Looking for 127.0.0.1:50033
2021-03-18 22:26:45,971 DEBUG [Thread-23] root: [127.0.0.1:50119, 127.0.0.1:50033, 127.0.0.1:50050]
2021-03-18 22:26:45,971 DEBUG [Thread-23] root: Predecessors:
2021-03-18 22:26:45,971 DEBUG [Thread-23] root: [127.0.0.1:50050, 127.0.0.1:50119]
2021-03-18 22:26:45,971 DEBUG [Thread-23] root: Looking for 127.0.0.1:50119
2021-03-18 22:26:45,971 DEBUG [Thread-23] root: Index of predecessor: 1
2021-03-18 22:26:45,971 DEBUG [Thread-23] root: Server Stuff
2021-03-18 22:26:45,971 INFO  [Thread-23] root: Put: key = 1, value = 1
2021-03-18 22:26:45,972 INFO  [Thread-23] root: Message sent by server -> Status: PROPAGATE_SUCCESS Key: null Value: null
Starting commModule
2021-03-18 22:26:45,976 INFO  [Thread-0] root: Server communication module connected
2021-03-18 22:26:45,977 INFO  [Thread-0] root: Connected to localhost on port 52233
2021-03-18 22:26:46,031 DEBUG [Thread-0-SendThread(localhost:2181)] org.apache.zookeeper.ClientCnxn: Got ping response for session id: 0x10014bd5270005b after 1ms.
2021-03-18 22:26:47,367 DEBUG [Thread-0-SendThread(localhost:2181)] org.apache.zookeeper.ClientCnxn: Got ping response for session id: 0x10014bd5270005b after 0ms.
2021-03-18 22:26:48,703 DEBUG [Thread-0-SendThread(localhost:2181)] org.apache.zookeeper.ClientCnxn: Got ping response for session id: 0x10014bd5270005b after 0ms.
2021-03-18 22:26:50,041 DEBUG [Thread-0-SendThread(localhost:2181)] org.apache.zookeeper.ClientCnxn: Got ping response for session id: 0x10014bd5270005b after 1ms.
2021-03-18 22:26:51,377 DEBUG [Thread-0-SendThread(localhost:2181)] org.apache.zookeeper.ClientCnxn: Got ping response for session id: 0x10014bd5270005b after 1ms.
2021-03-18 22:26:52,713 DEBUG [Thread-0-SendThread(localhost:2181)] org.apache.zookeeper.ClientCnxn: Got ping response for session id: 0x10014bd5270005b after 1ms.
2021-03-18 22:26:54,051 DEBUG [Thread-0-SendThread(localhost:2181)] org.apache.zookeeper.ClientCnxn: Got ping response for session id: 0x10014bd5270005b after 0ms.
2021-03-18 22:26:55,388 DEBUG [Thread-0-SendThread(localhost:2181)] org.apache.zookeeper.ClientCnxn: Got ping response for session id: 0x10014bd5270005b after 1ms.
2021-03-18 22:26:56,724 DEBUG [Thread-0-SendThread(localhost:2181)] org.apache.zookeeper.ClientCnxn: Got ping response for session id: 0x10014bd5270005b after 0ms.
2021-03-18 22:26:58,060 DEBUG [Thread-0-SendThread(localhost:2181)] org.apache.zookeeper.ClientCnxn: Got ping response for session id: 0x10014bd5270005b after 1ms.
2021-03-18 22:26:59,393 DEBUG [Thread-0-SendThread(localhost:2181)] org.apache.zookeeper.ClientCnxn: Got ping response for session id: 0x10014bd5270005b after 0ms.
2021-03-18 22:27:00,730 DEBUG [Thread-0-SendThread(localhost:2181)] org.apache.zookeeper.ClientCnxn: Got ping response for session id: 0x10014bd5270005b after 1ms.
2021-03-18 22:27:02,068 DEBUG [Thread-0-SendThread(localhost:2181)] org.apache.zookeeper.ClientCnxn: Got ping response for session id: 0x10014bd5270005b after 0ms.
2021-03-18 22:27:03,404 DEBUG [Thread-0-SendThread(localhost:2181)] org.apache.zookeeper.ClientCnxn: Got ping response for session id: 0x10014bd5270005b after 0ms.
2021-03-18 22:27:04,738 DEBUG [Thread-0-SendThread(localhost:2181)] org.apache.zookeeper.ClientCnxn: Got ping response for session id: 0x10014bd5270005b after 0ms.
2021-03-18 22:27:06,073 DEBUG [Thread-0-SendThread(localhost:2181)] org.apache.zookeeper.ClientCnxn: Got ping response for session id: 0x10014bd5270005b after 0ms.
2021-03-18 22:27:07,410 DEBUG [Thread-0-SendThread(localhost:2181)] org.apache.zookeeper.ClientCnxn: Got ping response for session id: 0x10014bd5270005b after 1ms.
2021-03-18 22:27:08,744 DEBUG [Thread-0-SendThread(localhost:2181)] org.apache.zookeeper.ClientCnxn: Got ping response for session id: 0x10014bd5270005b after 1ms.
2021-03-18 22:27:10,082 DEBUG [Thread-0-SendThread(localhost:2181)] org.apache.zookeeper.ClientCnxn: Got ping response for session id: 0x10014bd5270005b after 0ms.
2021-03-18 22:27:11,418 DEBUG [Thread-0-SendThread(localhost:2181)] org.apache.zookeeper.ClientCnxn: Got ping response for session id: 0x10014bd5270005b after 1ms.
2021-03-18 22:27:12,753 DEBUG [Thread-0-SendThread(localhost:2181)] org.apache.zookeeper.ClientCnxn: Got ping response for session id: 0x10014bd5270005b after 1ms.
2021-03-18 22:27:14,087 DEBUG [Thread-0-SendThread(localhost:2181)] org.apache.zookeeper.ClientCnxn: Got ping response for session id: 0x10014bd5270005b after 0ms.
2021-03-18 22:27:15,424 DEBUG [Thread-0-SendThread(localhost:2181)] org.apache.zookeeper.ClientCnxn: Got ping response for session id: 0x10014bd5270005b after 1ms.
2021-03-18 22:27:16,763 DEBUG [Thread-0-SendThread(localhost:2181)] org.apache.zookeeper.ClientCnxn: Got ping response for session id: 0x10014bd5270005b after 0ms.
2021-03-18 22:27:18,099 DEBUG [Thread-0-SendThread(localhost:2181)] org.apache.zookeeper.ClientCnxn: Got ping response for session id: 0x10014bd5270005b after 1ms.
2021-03-18 22:27:19,436 DEBUG [Thread-0-SendThread(localhost:2181)] org.apache.zookeeper.ClientCnxn: Got ping response for session id: 0x10014bd5270005b after 0ms.
2021-03-18 22:27:20,769 DEBUG [Thread-0-SendThread(localhost:2181)] org.apache.zookeeper.ClientCnxn: Got ping response for session id: 0x10014bd5270005b after 0ms.
2021-03-18 22:27:22,104 DEBUG [Thread-0-SendThread(localhost:2181)] org.apache.zookeeper.ClientCnxn: Got ping response for session id: 0x10014bd5270005b after 0ms.
2021-03-18 22:27:23,438 DEBUG [Thread-0-SendThread(localhost:2181)] org.apache.zookeeper.ClientCnxn: Got ping response for session id: 0x10014bd5270005b after 0ms.
2021-03-18 22:27:24,771 DEBUG [Thread-0-SendThread(localhost:2181)] org.apache.zookeeper.ClientCnxn: Got ping response for session id: 0x10014bd5270005b after 0ms.
2021-03-18 22:27:26,105 DEBUG [Thread-0-SendThread(localhost:2181)] org.apache.zookeeper.ClientCnxn: Got ping response for session id: 0x10014bd5270005b after 1ms.
2021-03-18 22:27:27,443 DEBUG [Thread-0-SendThread(localhost:2181)] org.apache.zookeeper.ClientCnxn: Got ping response for session id: 0x10014bd5270005b after 0ms.
2021-03-18 22:27:28,780 DEBUG [Thread-0-SendThread(localhost:2181)] org.apache.zookeeper.ClientCnxn: Got ping response for session id: 0x10014bd5270005b after 0ms.
2021-03-18 22:27:30,118 DEBUG [Thread-0-SendThread(localhost:2181)] org.apache.zookeeper.ClientCnxn: Got ping response for session id: 0x10014bd5270005b after 1ms.
2021-03-18 22:27:31,453 DEBUG [Thread-0-SendThread(localhost:2181)] org.apache.zookeeper.ClientCnxn: Got ping response for session id: 0x10014bd5270005b after 0ms.
2021-03-18 22:27:32,786 DEBUG [Thread-0-SendThread(localhost:2181)] org.apache.zookeeper.ClientCnxn: Got ping response for session id: 0x10014bd5270005b after 1ms.
2021-03-18 22:27:34,121 DEBUG [Thread-0-SendThread(localhost:2181)] org.apache.zookeeper.ClientCnxn: Got ping response for session id: 0x10014bd5270005b after 1ms.
2021-03-18 22:27:35,455 DEBUG [Thread-0-SendThread(localhost:2181)] org.apache.zookeeper.ClientCnxn: Got ping response for session id: 0x10014bd5270005b after 0ms.
2021-03-18 22:27:36,795 DEBUG [Thread-0-SendThread(localhost:2181)] org.apache.zookeeper.ClientCnxn: Got ping response for session id: 0x10014bd5270005b after 1ms.
2021-03-18 22:27:38,132 DEBUG [Thread-0-SendThread(localhost:2181)] org.apache.zookeeper.ClientCnxn: Got ping response for session id: 0x10014bd5270005b after 1ms.
2021-03-18 22:27:39,469 DEBUG [Thread-0-SendThread(localhost:2181)] org.apache.zookeeper.ClientCnxn: Got ping response for session id: 0x10014bd5270005b after 1ms.
2021-03-18 22:27:40,804 DEBUG [Thread-0-SendThread(localhost:2181)] org.apache.zookeeper.ClientCnxn: Got ping response for session id: 0x10014bd5270005b after 1ms.
2021-03-18 22:27:42,138 DEBUG [Thread-0-SendThread(localhost:2181)] org.apache.zookeeper.ClientCnxn: Got ping response for session id: 0x10014bd5270005b after 1ms.
2021-03-18 22:27:43,475 DEBUG [Thread-0-SendThread(localhost:2181)] org.apache.zookeeper.ClientCnxn: Got ping response for session id: 0x10014bd5270005b after 1ms.
2021-03-18 22:27:44,810 DEBUG [Thread-0-SendThread(localhost:2181)] org.apache.zookeeper.ClientCnxn: Got ping response for session id: 0x10014bd5270005b after 1ms.
2021-03-18 22:27:46,145 DEBUG [Thread-0-SendThread(localhost:2181)] org.apache.zookeeper.ClientCnxn: Got ping response for session id: 0x10014bd5270005b after 0ms.
2021-03-18 22:27:47,482 DEBUG [Thread-0-SendThread(localhost:2181)] org.apache.zookeeper.ClientCnxn: Got ping response for session id: 0x10014bd5270005b after 0ms.
2021-03-18 22:27:48,820 DEBUG [Thread-0-SendThread(localhost:2181)] org.apache.zookeeper.ClientCnxn: Got ping response for session id: 0x10014bd5270005b after 0ms.
2021-03-18 22:27:50,153 DEBUG [Thread-0-SendThread(localhost:2181)] org.apache.zookeeper.ClientCnxn: Got ping response for session id: 0x10014bd5270005b after 0ms.
2021-03-18 22:27:51,487 DEBUG [Thread-0-SendThread(localhost:2181)] org.apache.zookeeper.ClientCnxn: Got ping response for session id: 0x10014bd5270005b after 0ms.
2021-03-18 22:27:52,825 DEBUG [Thread-0-SendThread(localhost:2181)] org.apache.zookeeper.ClientCnxn: Got ping response for session id: 0x10014bd5270005b after 0ms.
2021-03-18 22:27:54,162 DEBUG [Thread-0-SendThread(localhost:2181)] org.apache.zookeeper.ClientCnxn: Got ping response for session id: 0x10014bd5270005b after 0ms.
2021-03-18 22:27:55,498 DEBUG [Thread-0-SendThread(localhost:2181)] org.apache.zookeeper.ClientCnxn: Got ping response for session id: 0x10014bd5270005b after 1ms.
2021-03-18 22:27:56,834 DEBUG [Thread-0-SendThread(localhost:2181)] org.apache.zookeeper.ClientCnxn: Got ping response for session id: 0x10014bd5270005b after 0ms.
2021-03-18 22:27:58,171 DEBUG [Thread-0-SendThread(localhost:2181)] org.apache.zookeeper.ClientCnxn: Got ping response for session id: 0x10014bd5270005b after 0ms.
2021-03-18 22:27:59,508 DEBUG [Thread-0-SendThread(localhost:2181)] org.apache.zookeeper.ClientCnxn: Got ping response for session id: 0x10014bd5270005b after 0ms.
2021-03-18 22:28:00,842 DEBUG [Thread-0-SendThread(localhost:2181)] org.apache.zookeeper.ClientCnxn: Got ping response for session id: 0x10014bd5270005b after 0ms.
2021-03-18 22:28:02,176 DEBUG [Thread-0-SendThread(localhost:2181)] org.apache.zookeeper.ClientCnxn: Got ping response for session id: 0x10014bd5270005b after 1ms.
2021-03-18 22:28:03,509 DEBUG [Thread-0-SendThread(localhost:2181)] org.apache.zookeeper.ClientCnxn: Got ping response for session id: 0x10014bd5270005b after 0ms.
2021-03-18 22:28:04,842 DEBUG [Thread-0-SendThread(localhost:2181)] org.apache.zookeeper.ClientCnxn: Got ping response for session id: 0x10014bd5270005b after 0ms.
2021-03-18 22:28:06,175 DEBUG [Thread-0-SendThread(localhost:2181)] org.apache.zookeeper.ClientCnxn: Got ping response for session id: 0x10014bd5270005b after 0ms.
2021-03-18 22:28:07,510 DEBUG [Thread-0-SendThread(localhost:2181)] org.apache.zookeeper.ClientCnxn: Got ping response for session id: 0x10014bd5270005b after 1ms.
2021-03-18 22:28:08,848 DEBUG [Thread-0-SendThread(localhost:2181)] org.apache.zookeeper.ClientCnxn: Got ping response for session id: 0x10014bd5270005b after 0ms.
2021-03-18 22:28:10,182 DEBUG [Thread-0-SendThread(localhost:2181)] org.apache.zookeeper.ClientCnxn: Got ping response for session id: 0x10014bd5270005b after 0ms.
2021-03-18 22:28:11,519 DEBUG [Thread-0-SendThread(localhost:2181)] org.apache.zookeeper.ClientCnxn: Got ping response for session id: 0x10014bd5270005b after 0ms.
2021-03-18 22:28:12,855 DEBUG [Thread-0-SendThread(localhost:2181)] org.apache.zookeeper.ClientCnxn: Got ping response for session id: 0x10014bd5270005b after 0ms.
Starting commModule
2021-03-18 22:28:13,897 INFO  [Thread-0] root: Server communication module connected
2021-03-18 22:28:13,898 INFO  [Thread-25] root: Message received by server -> Status: SHUTDOWN
received adminmsg
2021-03-18 22:28:13,898 DEBUG [Thread-25] root: Closing the program
2021-03-18 22:28:13,898 INFO  [Thread-25] root: Message sent by server -> Status: SHUTDOWN_SUCCESS
2021-03-18 22:28:13,899 INFO  [Thread-0] root: Connected to localhost on port 52246
2021-03-18 22:28:13,899 INFO  [Thread-0] root: Server stopped.
2021-03-18 22:28:13,899 INFO  [Thread-0] root: Clearing KV Storage...
