2021-03-18 21:47:42,992 INFO  [main] root: Creating Storage Files
2021-03-18 21:47:42,993 INFO  [main] root: File created: server28.json
2021-03-18 21:47:42,993 INFO  [main] root: File created: server28_replica_1.json
2021-03-18 21:47:42,993 INFO  [main] root: File created: server28_replica_2.json
2021-03-18 21:47:42,993 INFO  [Thread-0] root: Initialize server ...
2021-03-18 21:47:43,005 INFO  [Thread-0] root: Server listening on port: 50027
2021-03-18 21:47:43,025 INFO  [Thread-0] org.apache.zookeeper.ZooKeeper: Client environment:zookeeper.version=3.6.2--803c7f1a12f85978cb049af5e4ef23bd8b688715, built on 09/04/2020 12:44 GMT
2021-03-18 21:47:43,025 INFO  [Thread-0] org.apache.zookeeper.ZooKeeper: Client environment:host.name=localhost
2021-03-18 21:47:43,025 INFO  [Thread-0] org.apache.zookeeper.ZooKeeper: Client environment:java.version=11.0.10
2021-03-18 21:47:43,026 INFO  [Thread-0] org.apache.zookeeper.ZooKeeper: Client environment:java.vendor=Azul Systems, Inc.
2021-03-18 21:47:43,026 INFO  [Thread-0] org.apache.zookeeper.ZooKeeper: Client environment:java.home=/Users/steve/Library/Java/JavaVirtualMachines/azul-11.0.10/Contents/Home
2021-03-18 21:47:43,026 INFO  [Thread-0] org.apache.zookeeper.ZooKeeper: Client environment:java.class.path=/Users/steve/Desktop/UofT/year4/winter2021/ECE419/milestone3/m3-server.jar
2021-03-18 21:47:43,026 INFO  [Thread-0] org.apache.zookeeper.ZooKeeper: Client environment:java.library.path=/Users/steve/Library/Java/Extensions:/Library/Java/Extensions:/Network/Library/Java/Extensions:/System/Library/Java/Extensions:/usr/lib/java:.
2021-03-18 21:47:43,026 INFO  [Thread-0] org.apache.zookeeper.ZooKeeper: Client environment:java.io.tmpdir=/var/folders/kz/3gb57nkn6ks6_07_dtt5lqvr0000gn/T/
2021-03-18 21:47:43,026 INFO  [Thread-0] org.apache.zookeeper.ZooKeeper: Client environment:java.compiler=<NA>
2021-03-18 21:47:43,026 INFO  [Thread-0] org.apache.zookeeper.ZooKeeper: Client environment:os.name=Mac OS X
2021-03-18 21:47:43,026 INFO  [Thread-0] org.apache.zookeeper.ZooKeeper: Client environment:os.arch=x86_64
2021-03-18 21:47:43,026 INFO  [Thread-0] org.apache.zookeeper.ZooKeeper: Client environment:os.version=10.16
2021-03-18 21:47:43,026 INFO  [Thread-0] org.apache.zookeeper.ZooKeeper: Client environment:user.name=steve
2021-03-18 21:47:43,026 INFO  [Thread-0] org.apache.zookeeper.ZooKeeper: Client environment:user.home=/Users/steve
2021-03-18 21:47:43,026 INFO  [Thread-0] org.apache.zookeeper.ZooKeeper: Client environment:user.dir=/Users/steve
2021-03-18 21:47:43,026 INFO  [Thread-0] org.apache.zookeeper.ZooKeeper: Client environment:os.memory.free=249MB
2021-03-18 21:47:43,026 INFO  [Thread-0] org.apache.zookeeper.ZooKeeper: Client environment:os.memory.max=4096MB
2021-03-18 21:47:43,026 INFO  [Thread-0] org.apache.zookeeper.ZooKeeper: Client environment:os.memory.total=256MB
2021-03-18 21:47:43,029 INFO  [Thread-0] org.apache.zookeeper.ZooKeeper: Initiating client connection, connectString=localhost:2181 sessionTimeout=3000 watcher=app_kvServer.KVServer$1@707618dc
2021-03-18 21:47:43,032 INFO  [Thread-0] org.apache.zookeeper.common.X509Util: Setting -D jdk.tls.rejectClientInitiatedRenegotiation=true to disable client-initiated TLS renegotiation
2021-03-18 21:47:43,044 INFO  [Thread-0] org.apache.zookeeper.ClientCnxnSocket: jute.maxbuffer value is 1048575 Bytes
2021-03-18 21:47:43,051 INFO  [Thread-0] org.apache.zookeeper.ClientCnxn: zookeeper.request.timeout value is 0. feature enabled=false
2021-03-18 21:47:43,060 DEBUG [Thread-0-SendThread(localhost:2181)] org.apache.zookeeper.SaslServerPrincipal: Canonicalized address to localhost
2021-03-18 21:47:43,061 INFO  [Thread-0-SendThread(localhost:2181)] org.apache.zookeeper.ClientCnxn: Opening socket connection to server localhost/127.0.0.1:2181.
2021-03-18 21:47:43,062 INFO  [Thread-0-SendThread(localhost:2181)] org.apache.zookeeper.ClientCnxn: SASL config status: Will not attempt to authenticate using SASL (unknown error)
2021-03-18 21:47:43,076 INFO  [Thread-0-SendThread(localhost:2181)] org.apache.zookeeper.ClientCnxn: Socket connection established, initiating session, client: /127.0.0.1:50970, server: localhost/127.0.0.1:2181
2021-03-18 21:47:43,077 DEBUG [Thread-0-SendThread(localhost:2181)] org.apache.zookeeper.ClientCnxn: Session establishment request sent on localhost/127.0.0.1:2181
2021-03-18 21:47:43,107 TRACE [Thread-0-SendThread(localhost:2181)] org.apache.zookeeper.ClientCnxnSocket: readConnectResult 37 0x[0,0,0,0,0,0,f,ffffffa0,1,0,14,ffffffbd,52,70,0,25,0,0,0,10,25,ffffff91,2e,27,66,ffffffea,71,6d,ffffff82,ffffffad,ffffffc3,2d,fffffffe,75,fffffff3,8,0,]
2021-03-18 21:47:43,109 INFO  [Thread-0-SendThread(localhost:2181)] org.apache.zookeeper.ClientCnxn: Session establishment complete on server localhost/127.0.0.1:2181, session id = 0x10014bd52700025, negotiated timeout = 4000
2021-03-18 21:47:43,112 DEBUG [Thread-0-EventThread] root: ZK event: 
2021-03-18 21:47:43,112 DEBUG [Thread-0-EventThread] root: WatchedEvent state:SyncConnected type:None path:null
2021-03-18 21:47:43,139 DEBUG [Thread-0-SendThread(localhost:2181)] org.apache.zookeeper.ClientCnxn: Reading reply session id: 0x10014bd52700025, packet:: clientPath:null serverPath:null finished:false header:: 1,1  replyHeader:: 1,120,0  request:: '/keeper/server28,,v{s{31,s{'world,'anyone}}},1  response:: '/keeper/server28 
2021-03-18 21:47:43,143 DEBUG [Thread-0-SendThread(localhost:2181)] org.apache.zookeeper.ClientCnxn: Reading reply session id: 0x10014bd52700025, packet:: clientPath:null serverPath:null finished:false header:: 2,3  replyHeader:: 2,120,0  request:: '/keeper/server28,T  response:: s{120,120,1616118463112,1616118463112,0,0,0,72080397402374181,0,0,120} 
2021-03-18 21:47:43,169 DEBUG [Thread-0-SendThread(localhost:2181)] org.apache.zookeeper.ClientCnxn: Got notification session id: 0x10014bd52700025
2021-03-18 21:47:43,170 DEBUG [Thread-0-SendThread(localhost:2181)] org.apache.zookeeper.ClientCnxn: Got WatchedEvent state:SyncConnected type:NodeDataChanged path:/keeper/server28 for session id 0x10014bd52700025
2021-03-18 21:47:43,172 DEBUG [Thread-0-EventThread] root: ZK event: 
2021-03-18 21:47:43,172 DEBUG [Thread-0-EventThread] root: WatchedEvent state:SyncConnected type:NodeDataChanged path:/keeper/server28
2021-03-18 21:47:43,172 DEBUG [Thread-0-SendThread(localhost:2181)] org.apache.zookeeper.ClientCnxn: Reading reply session id: 0x10014bd52700025, packet:: clientPath:null serverPath:null finished:false header:: 3,5  replyHeader:: 3,121,0  request:: '/keeper/server28,#3132372e302e302e313a3530303237,0  response:: s{120,121,1616118463112,1616118463144,1,0,0,72080397402374181,15,0,120} 
2021-03-18 21:47:43,173 INFO  [Thread-0] root: Node created at: /keeper/server28
Starting commModule
2021-03-18 21:47:43,180 INFO  [Thread-0] root: Server communication module connected
2021-03-18 21:47:43,180 INFO  [Thread-0] root: Connected to localhost on port 50971
2021-03-18 21:47:43,189 INFO  [Thread-1] root: Message received by server -> Status: INIT_SERVER
received adminmsg
2021-03-18 21:47:43,190 INFO  [Thread-1] root: Message sent by server -> Status: INIT_SERVER_SUCCESS
2021-03-18 21:47:43,190 INFO  [Thread-1] root: Message received by server -> Status: START
received adminmsg
2021-03-18 21:47:43,190 INFO  [Thread-1] root: Message sent by server -> Status: START_SUCCESS
Starting commModule
2021-03-18 21:47:43,196 INFO  [Thread-0] root: Server communication module connected
2021-03-18 21:47:43,198 INFO  [Thread-0] root: Connected to localhost on port 50974
Starting commModule
2021-03-18 21:47:43,200 INFO  [Thread-0] root: Server communication module connected
2021-03-18 21:47:43,201 INFO  [Thread-0] root: Connected to localhost on port 50977
Starting commModule
2021-03-18 21:47:43,205 INFO  [Thread-0] root: Server communication module connected
2021-03-18 21:47:43,206 INFO  [Thread-0] root: Connected to localhost on port 50979
2021-03-18 21:47:43,206 INFO  [Thread-4] root: Message received by server -> Status: UPDATE
received adminmsg
2021-03-18 21:47:43,207 INFO  [Thread-4] root: Message sent by server -> Status: UPDATE_SUCCESS
Starting commModule
2021-03-18 21:47:43,210 INFO  [Thread-0] root: Server communication module connected
2021-03-18 21:47:43,211 INFO  [Thread-0] root: Connected to localhost on port 50981
Starting commModule
2021-03-18 21:47:43,212 INFO  [Thread-0] root: Server communication module connected
2021-03-18 21:47:43,213 INFO  [Thread-0] root: Connected to localhost on port 50983
2021-03-18 21:47:43,213 INFO  [Thread-6] root: Message received by server -> Status: PROPAGATE_ADMIN
received adminmsg
2021-03-18 21:47:43,218 DEBUG [Thread-6] root: Getting successors
2021-03-18 21:47:43,218 DEBUG [Thread-6] root: Got successors
2021-03-18 21:47:43,218 DEBUG [Thread-6] root: Propagating to: 127.0.0.1:50066 127.0.0.1:50027
2021-03-18 21:47:43,220 INFO  [Thread-6] root: Client communication module connected
Starting commModule
2021-03-18 21:47:43,221 INFO  [Thread-6] root: Client communication module connected
2021-03-18 21:47:43,221 DEBUG [Thread-6] root: {}
2021-03-18 21:47:43,221 INFO  [Thread-0] root: Server communication module connected
2021-03-18 21:47:43,221 INFO  [Thread-6] root: Message sent by server -> Status: PROPAGATE_SUCCESS
2021-03-18 21:47:43,221 INFO  [Thread-0] root: Connected to localhost on port 50985
Starting commModule
2021-03-18 21:47:43,234 INFO  [Thread-0] root: Server communication module connected
2021-03-18 21:47:43,235 INFO  [Thread-0] root: Connected to localhost on port 50987
2021-03-18 21:47:43,236 INFO  [Thread-8] root: Message received by server -> Status: PUT Key: 1 Value: SIR1
2021-03-18 21:47:43,236 DEBUG [Thread-8] root: In serve
2021-03-18 21:47:43,236 DEBUG [Thread-8] root: Checking if stopped or write locked
2021-03-18 21:47:43,236 DEBUG [Thread-8] root: PUT request being served
2021-03-18 21:47:43,236 DEBUG [Thread-8] root: Checking if it's in range
2021-03-18 21:47:43,244 DEBUG [Thread-8] root: Got hostname and port -> 127.0.0.1:50027
2021-03-18 21:47:43,245 DEBUG [Thread-8] root: Got metadata range: 9e959f95619b7f8ee7be17b536cc194e:9c1b850a1824cfd91c854e3ea4aa20ed
2021-03-18 21:47:43,245 DEBUG [Thread-8] root: 127.0.0.1:50027 -> 9e959f95619b7f8ee7be17b536cc194e:9c1b850a1824cfd91c854e3ea4aa20ed
2021-03-18 21:47:43,245 DEBUG [Thread-8] root: 127.0.0.1:50066 -> 9c1b850a1824cfd91c854e3ea4aa20ee:9e959f95619b7f8ee7be17b536cc194d
2021-03-18 21:47:43,245 DEBUG [Thread-8] root: Got range big ints
2021-03-18 21:47:43,245 DEBUG [Thread-8] root: Range end < range start
2021-03-18 21:47:43,245 DEBUG [Thread-8] root: Done with range check in server
2021-03-18 21:47:43,245 DEBUG [Thread-8] root: In range
2021-03-18 21:47:43,246 INFO  [Thread-8] root: Put: key = 1, value = SIR1
2021-03-18 21:47:43,247 DEBUG [Thread-8] root: Getting successors
2021-03-18 21:47:43,247 DEBUG [Thread-8] root: Got successors
2021-03-18 21:47:43,247 DEBUG [Thread-8] root: Propagating to: 127.0.0.1:50066 127.0.0.1:50027
2021-03-18 21:47:43,248 INFO  [Thread-8] root: Client communication module connected
Starting commModule
2021-03-18 21:47:43,248 INFO  [Thread-8] root: Client communication module connected
2021-03-18 21:47:43,248 DEBUG [Thread-8] root: {"1":"SIR1"}
2021-03-18 21:47:43,248 INFO  [Thread-0] root: Server communication module connected
2021-03-18 21:47:43,249 INFO  [Thread-0] root: Connected to localhost on port 50989
2021-03-18 21:47:43,251 INFO  [Thread-8] root: Message sent by client -> Status: PROPAGATE
2021-03-18 21:47:43,252 INFO  [Thread-8] root: Message sent by client -> Status: PROPAGATE
2021-03-18 21:47:43,253 INFO  [Thread-9] root: Message received by server -> Status: PROPAGATE
2021-03-18 21:47:43,253 DEBUG [Thread-9] root: In serve
2021-03-18 21:47:43,253 DEBUG [Thread-9] root: Checking if stopped or write locked
2021-03-18 21:47:43,253 DEBUG [Thread-9] root: Case propagate
2021-03-18 21:47:43,253 DEBUG [Thread-9] root: Passing to server
2021-03-18 21:47:43,254 DEBUG [Thread-9] root: Getting Predecessors
2021-03-18 21:47:43,254 DEBUG [Thread-9] root: Looking for 127.0.0.1:50027
2021-03-18 21:47:43,254 DEBUG [Thread-9] root: [127.0.0.1:50027, 127.0.0.1:50066]
2021-03-18 21:47:43,254 DEBUG [Thread-9] root: Predecessors:
2021-03-18 21:47:43,254 DEBUG [Thread-9] root: [127.0.0.1:50027, 127.0.0.1:50066]
2021-03-18 21:47:43,254 DEBUG [Thread-9] root: Looking for 127.0.0.1:50027
2021-03-18 21:47:43,254 DEBUG [Thread-9] root: Index of predecessor: 0
2021-03-18 21:47:43,254 DEBUG [Thread-9] root: Server Stuff
2021-03-18 21:47:43,255 INFO  [Thread-9] root: Put: key = 1, value = SIR1
2021-03-18 21:47:43,255 INFO  [Thread-9] root: Message sent by server -> Status: PROPAGATE_SUCCESS Key: null Value: null
2021-03-18 21:47:43,256 INFO  [Thread-8] root: Message received by client -> Status: PROPAGATE_SUCCESS Key: null Value: null
2021-03-18 21:47:43,257 INFO  [Thread-8] root: Message received by client -> Status: PROPAGATE_SUCCESS Key: null Value: null
2021-03-18 21:47:43,257 INFO  [Thread-8] root: Message sent by server -> Status: PUT_SUCCESS Key: 1 Value: SIR1
2021-03-18 21:47:43,258 INFO  [Thread-8] root: Message received by server -> Status: PUT Key: 2 Value: SIR2
2021-03-18 21:47:43,258 DEBUG [Thread-8] root: In serve
2021-03-18 21:47:43,258 DEBUG [Thread-8] root: Checking if stopped or write locked
2021-03-18 21:47:43,258 DEBUG [Thread-8] root: PUT request being served
2021-03-18 21:47:43,259 DEBUG [Thread-8] root: Checking if it's in range
2021-03-18 21:47:43,259 DEBUG [Thread-8] root: Got hostname and port -> 127.0.0.1:50027
2021-03-18 21:47:43,259 DEBUG [Thread-8] root: Got metadata range: 9e959f95619b7f8ee7be17b536cc194e:9c1b850a1824cfd91c854e3ea4aa20ed
2021-03-18 21:47:43,259 DEBUG [Thread-8] root: 127.0.0.1:50027 -> 9e959f95619b7f8ee7be17b536cc194e:9c1b850a1824cfd91c854e3ea4aa20ed
2021-03-18 21:47:43,259 DEBUG [Thread-8] root: 127.0.0.1:50066 -> 9c1b850a1824cfd91c854e3ea4aa20ee:9e959f95619b7f8ee7be17b536cc194d
2021-03-18 21:47:43,259 DEBUG [Thread-8] root: Got range big ints
2021-03-18 21:47:43,259 DEBUG [Thread-8] root: Range end < range start
2021-03-18 21:47:43,259 DEBUG [Thread-8] root: Done with range check in server
2021-03-18 21:47:43,259 DEBUG [Thread-8] root: In range
2021-03-18 21:47:43,260 INFO  [Thread-8] root: Put: key = 2, value = SIR2
2021-03-18 21:47:43,260 DEBUG [Thread-8] root: Getting successors
2021-03-18 21:47:43,260 DEBUG [Thread-8] root: Got successors
2021-03-18 21:47:43,260 DEBUG [Thread-8] root: Propagating to: 127.0.0.1:50066 127.0.0.1:50027
2021-03-18 21:47:43,260 INFO  [Thread-8] root: Client communication module connected
Starting commModule
2021-03-18 21:47:43,261 INFO  [Thread-0] root: Server communication module connected
2021-03-18 21:47:43,261 INFO  [Thread-8] root: Client communication module connected
2021-03-18 21:47:43,261 DEBUG [Thread-8] root: {"2":"SIR2"}
2021-03-18 21:47:43,262 INFO  [Thread-0] root: Connected to localhost on port 50991
2021-03-18 21:47:43,262 INFO  [Thread-8] root: Message sent by client -> Status: PROPAGATE
2021-03-18 21:47:43,262 INFO  [Thread-8] root: Message sent by client -> Status: PROPAGATE
2021-03-18 21:47:43,263 INFO  [Thread-10] root: Message received by server -> Status: PROPAGATE
2021-03-18 21:47:43,263 DEBUG [Thread-10] root: In serve
2021-03-18 21:47:43,263 DEBUG [Thread-10] root: Checking if stopped or write locked
2021-03-18 21:47:43,263 DEBUG [Thread-10] root: Case propagate
2021-03-18 21:47:43,263 DEBUG [Thread-10] root: Passing to server
2021-03-18 21:47:43,263 DEBUG [Thread-10] root: Getting Predecessors
2021-03-18 21:47:43,263 DEBUG [Thread-10] root: Looking for 127.0.0.1:50027
2021-03-18 21:47:43,264 DEBUG [Thread-10] root: [127.0.0.1:50027, 127.0.0.1:50066]
2021-03-18 21:47:43,264 DEBUG [Thread-10] root: Predecessors:
2021-03-18 21:47:43,264 DEBUG [Thread-10] root: [127.0.0.1:50027, 127.0.0.1:50066]
2021-03-18 21:47:43,264 DEBUG [Thread-10] root: Looking for 127.0.0.1:50027
2021-03-18 21:47:43,264 DEBUG [Thread-10] root: Index of predecessor: 0
2021-03-18 21:47:43,264 DEBUG [Thread-10] root: Server Stuff
2021-03-18 21:47:43,264 INFO  [Thread-10] root: Put: key = 2, value = SIR2
2021-03-18 21:47:43,265 INFO  [Thread-10] root: Message sent by server -> Status: PROPAGATE_SUCCESS Key: null Value: null
2021-03-18 21:47:43,265 INFO  [Thread-8] root: Message received by client -> Status: PROPAGATE_SUCCESS Key: null Value: null
2021-03-18 21:47:43,266 INFO  [Thread-8] root: Message received by client -> Status: PROPAGATE_SUCCESS Key: null Value: null
2021-03-18 21:47:43,266 INFO  [Thread-8] root: Message sent by server -> Status: PUT_SUCCESS Key: 2 Value: SIR2
2021-03-18 21:47:43,267 INFO  [Thread-8] root: Message received by server -> Status: PUT Key: 3 Value: SIR3
2021-03-18 21:47:43,267 DEBUG [Thread-8] root: In serve
2021-03-18 21:47:43,267 DEBUG [Thread-8] root: Checking if stopped or write locked
2021-03-18 21:47:43,267 DEBUG [Thread-8] root: PUT request being served
2021-03-18 21:47:43,267 DEBUG [Thread-8] root: Checking if it's in range
2021-03-18 21:47:43,267 DEBUG [Thread-8] root: Got hostname and port -> 127.0.0.1:50027
2021-03-18 21:47:43,267 DEBUG [Thread-8] root: Got metadata range: 9e959f95619b7f8ee7be17b536cc194e:9c1b850a1824cfd91c854e3ea4aa20ed
2021-03-18 21:47:43,267 DEBUG [Thread-8] root: 127.0.0.1:50027 -> 9e959f95619b7f8ee7be17b536cc194e:9c1b850a1824cfd91c854e3ea4aa20ed
2021-03-18 21:47:43,267 DEBUG [Thread-8] root: 127.0.0.1:50066 -> 9c1b850a1824cfd91c854e3ea4aa20ee:9e959f95619b7f8ee7be17b536cc194d
2021-03-18 21:47:43,267 DEBUG [Thread-8] root: Got range big ints
2021-03-18 21:47:43,267 DEBUG [Thread-8] root: Range end < range start
2021-03-18 21:47:43,268 DEBUG [Thread-8] root: Done with range check in server
2021-03-18 21:47:43,268 DEBUG [Thread-8] root: In range
2021-03-18 21:47:43,268 INFO  [Thread-8] root: Put: key = 3, value = SIR3
2021-03-18 21:47:43,268 DEBUG [Thread-8] root: Getting successors
2021-03-18 21:47:43,268 DEBUG [Thread-8] root: Got successors
2021-03-18 21:47:43,268 DEBUG [Thread-8] root: Propagating to: 127.0.0.1:50066 127.0.0.1:50027
2021-03-18 21:47:43,269 INFO  [Thread-8] root: Client communication module connected
Starting commModule
2021-03-18 21:47:43,269 INFO  [Thread-0] root: Server communication module connected
2021-03-18 21:47:43,269 INFO  [Thread-8] root: Client communication module connected
2021-03-18 21:47:43,270 DEBUG [Thread-8] root: {"3":"SIR3"}
2021-03-18 21:47:43,270 INFO  [Thread-8] root: Message sent by client -> Status: PROPAGATE
2021-03-18 21:47:43,270 INFO  [Thread-0] root: Connected to localhost on port 50993
2021-03-18 21:47:43,271 INFO  [Thread-8] root: Message sent by client -> Status: PROPAGATE
2021-03-18 21:47:43,271 INFO  [Thread-11] root: Message received by server -> Status: PROPAGATE
2021-03-18 21:47:43,271 DEBUG [Thread-11] root: In serve
2021-03-18 21:47:43,271 DEBUG [Thread-11] root: Checking if stopped or write locked
2021-03-18 21:47:43,272 DEBUG [Thread-11] root: Case propagate
2021-03-18 21:47:43,272 DEBUG [Thread-11] root: Passing to server
2021-03-18 21:47:43,272 DEBUG [Thread-11] root: Getting Predecessors
2021-03-18 21:47:43,272 DEBUG [Thread-11] root: Looking for 127.0.0.1:50027
2021-03-18 21:47:43,272 DEBUG [Thread-11] root: [127.0.0.1:50027, 127.0.0.1:50066]
2021-03-18 21:47:43,272 DEBUG [Thread-11] root: Predecessors:
2021-03-18 21:47:43,272 DEBUG [Thread-11] root: [127.0.0.1:50027, 127.0.0.1:50066]
2021-03-18 21:47:43,272 DEBUG [Thread-11] root: Looking for 127.0.0.1:50027
2021-03-18 21:47:43,272 DEBUG [Thread-11] root: Index of predecessor: 0
2021-03-18 21:47:43,272 DEBUG [Thread-11] root: Server Stuff
2021-03-18 21:47:43,273 INFO  [Thread-8] root: Message received by client -> Status: PROPAGATE_SUCCESS Key: null Value: null
2021-03-18 21:47:43,273 INFO  [Thread-11] root: Put: key = 3, value = SIR3
2021-03-18 21:47:43,273 INFO  [Thread-11] root: Message sent by server -> Status: PROPAGATE_SUCCESS Key: null Value: null
2021-03-18 21:47:43,274 INFO  [Thread-8] root: Message received by client -> Status: PROPAGATE_SUCCESS Key: null Value: null
2021-03-18 21:47:43,274 INFO  [Thread-8] root: Message sent by server -> Status: PUT_SUCCESS Key: 3 Value: SIR3
2021-03-18 21:47:43,274 INFO  [Thread-8] root: Message received by server -> Status: PUT Key: 4 Value: SIR4
2021-03-18 21:47:43,274 DEBUG [Thread-8] root: In serve
2021-03-18 21:47:43,274 DEBUG [Thread-8] root: Checking if stopped or write locked
2021-03-18 21:47:43,275 DEBUG [Thread-8] root: PUT request being served
2021-03-18 21:47:43,275 DEBUG [Thread-8] root: Checking if it's in range
2021-03-18 21:47:43,275 DEBUG [Thread-8] root: Got hostname and port -> 127.0.0.1:50027
2021-03-18 21:47:43,275 DEBUG [Thread-8] root: Got metadata range: 9e959f95619b7f8ee7be17b536cc194e:9c1b850a1824cfd91c854e3ea4aa20ed
2021-03-18 21:47:43,275 DEBUG [Thread-8] root: 127.0.0.1:50027 -> 9e959f95619b7f8ee7be17b536cc194e:9c1b850a1824cfd91c854e3ea4aa20ed
2021-03-18 21:47:43,275 DEBUG [Thread-8] root: 127.0.0.1:50066 -> 9c1b850a1824cfd91c854e3ea4aa20ee:9e959f95619b7f8ee7be17b536cc194d
2021-03-18 21:47:43,275 DEBUG [Thread-8] root: Got range big ints
2021-03-18 21:47:43,275 DEBUG [Thread-8] root: Range end < range start
2021-03-18 21:47:43,275 DEBUG [Thread-8] root: Done with range check in server
2021-03-18 21:47:43,275 DEBUG [Thread-8] root: In range
2021-03-18 21:47:43,276 INFO  [Thread-8] root: Put: key = 4, value = SIR4
2021-03-18 21:47:43,276 DEBUG [Thread-8] root: Getting successors
2021-03-18 21:47:43,276 DEBUG [Thread-8] root: Got successors
2021-03-18 21:47:43,276 DEBUG [Thread-8] root: Propagating to: 127.0.0.1:50066 127.0.0.1:50027
2021-03-18 21:47:43,277 INFO  [Thread-8] root: Client communication module connected
Starting commModule
2021-03-18 21:47:43,277 INFO  [Thread-0] root: Server communication module connected
2021-03-18 21:47:43,277 INFO  [Thread-8] root: Client communication module connected
2021-03-18 21:47:43,277 DEBUG [Thread-8] root: {"4":"SIR4"}
2021-03-18 21:47:43,278 INFO  [Thread-8] root: Message sent by client -> Status: PROPAGATE
2021-03-18 21:47:43,278 INFO  [Thread-0] root: Connected to localhost on port 50995
2021-03-18 21:47:43,278 INFO  [Thread-8] root: Message sent by client -> Status: PROPAGATE
2021-03-18 21:47:43,279 INFO  [Thread-12] root: Message received by server -> Status: PROPAGATE
2021-03-18 21:47:43,280 DEBUG [Thread-12] root: In serve
2021-03-18 21:47:43,280 DEBUG [Thread-12] root: Checking if stopped or write locked
2021-03-18 21:47:43,280 DEBUG [Thread-12] root: Case propagate
2021-03-18 21:47:43,280 DEBUG [Thread-12] root: Passing to server
2021-03-18 21:47:43,280 DEBUG [Thread-12] root: Getting Predecessors
2021-03-18 21:47:43,280 DEBUG [Thread-12] root: Looking for 127.0.0.1:50027
2021-03-18 21:47:43,280 DEBUG [Thread-12] root: [127.0.0.1:50027, 127.0.0.1:50066]
2021-03-18 21:47:43,280 DEBUG [Thread-12] root: Predecessors:
2021-03-18 21:47:43,280 DEBUG [Thread-12] root: [127.0.0.1:50027, 127.0.0.1:50066]
2021-03-18 21:47:43,280 DEBUG [Thread-12] root: Looking for 127.0.0.1:50027
2021-03-18 21:47:43,280 DEBUG [Thread-12] root: Index of predecessor: 0
2021-03-18 21:47:43,280 DEBUG [Thread-12] root: Server Stuff
2021-03-18 21:47:43,280 INFO  [Thread-8] root: Message received by client -> Status: PROPAGATE_SUCCESS Key: null Value: null
2021-03-18 21:47:43,280 INFO  [Thread-12] root: Put: key = 4, value = SIR4
2021-03-18 21:47:43,281 INFO  [Thread-12] root: Message sent by server -> Status: PROPAGATE_SUCCESS Key: null Value: null
2021-03-18 21:47:43,281 INFO  [Thread-8] root: Message received by client -> Status: PROPAGATE_SUCCESS Key: null Value: null
2021-03-18 21:47:43,282 INFO  [Thread-8] root: Message sent by server -> Status: PUT_SUCCESS Key: 4 Value: SIR4
Starting commModule
2021-03-18 21:47:43,283 INFO  [Thread-0] root: Server communication module connected
2021-03-18 21:47:43,284 INFO  [Thread-0] root: Connected to localhost on port 50996
2021-03-18 21:47:43,285 INFO  [Thread-13] root: Message received by server -> Status: UPDATE
received adminmsg
2021-03-18 21:47:43,286 INFO  [Thread-13] root: Message sent by server -> Status: UPDATE_SUCCESS
Starting commModule
2021-03-18 21:47:43,289 INFO  [Thread-0] root: Server communication module connected
2021-03-18 21:47:43,291 INFO  [Thread-0] root: Connected to localhost on port 50998
Starting commModule
2021-03-18 21:47:43,294 INFO  [Thread-0] root: Server communication module connected
2021-03-18 21:47:43,295 INFO  [Thread-0] root: Connected to localhost on port 51000
2021-03-18 21:47:43,295 INFO  [Thread-15] root: Message received by server -> Status: UPDATE
received adminmsg
2021-03-18 21:47:43,296 INFO  [Thread-15] root: Message sent by server -> Status: UPDATE_SUCCESS
Starting commModule
2021-03-18 21:47:43,300 INFO  [Thread-0] root: Server communication module connected
2021-03-18 21:47:43,300 INFO  [Thread-0] root: Connected to localhost on port 51002
Starting commModule
2021-03-18 21:47:43,301 INFO  [Thread-0] root: Server communication module connected
2021-03-18 21:47:43,301 INFO  [Thread-0] root: Connected to localhost on port 51003
Starting commModule
2021-03-18 21:47:43,302 INFO  [Thread-0] root: Server communication module connected
2021-03-18 21:47:43,302 INFO  [Thread-0] root: Connected to localhost on port 51004
2021-03-18 21:47:43,303 INFO  [Thread-18] root: Message received by server -> Status: PROPAGATE_ADMIN
received adminmsg
2021-03-18 21:47:43,304 DEBUG [Thread-18] root: Getting successors
2021-03-18 21:47:43,304 DEBUG [Thread-18] root: Got successors
2021-03-18 21:47:43,304 DEBUG [Thread-18] root: Propagating to: 127.0.0.1:50027 127.0.0.1:50027
Starting commModule
2021-03-18 21:47:43,304 INFO  [Thread-0] root: Server communication module connected
2021-03-18 21:47:43,304 INFO  [Thread-18] root: Client communication module connected
2021-03-18 21:47:43,305 INFO  [Thread-0] root: Connected to localhost on port 51005
Starting commModule
2021-03-18 21:47:43,305 INFO  [Thread-0] root: Server communication module connected
2021-03-18 21:47:43,305 INFO  [Thread-18] root: Client communication module connected
2021-03-18 21:47:43,306 DEBUG [Thread-18] root: {"1":"SIR1","2":"SIR2","3":"SIR3","4":"SIR4"}
2021-03-18 21:47:43,306 INFO  [Thread-0] root: Connected to localhost on port 51006
2021-03-18 21:47:43,306 INFO  [Thread-18] root: Message sent by client -> Status: PROPAGATE
2021-03-18 21:47:43,307 INFO  [Thread-18] root: Message sent by client -> Status: PROPAGATE
2021-03-18 21:47:43,307 INFO  [Thread-19] root: Message received by server -> Status: PROPAGATE
2021-03-18 21:47:43,307 DEBUG [Thread-19] root: In serve
2021-03-18 21:47:43,307 DEBUG [Thread-19] root: Checking if stopped or write locked
2021-03-18 21:47:43,307 DEBUG [Thread-19] root: Case propagate
2021-03-18 21:47:43,307 DEBUG [Thread-19] root: Passing to server
2021-03-18 21:47:43,307 DEBUG [Thread-19] root: Getting Predecessors
2021-03-18 21:47:43,307 DEBUG [Thread-19] root: Looking for 127.0.0.1:50027
2021-03-18 21:47:43,307 DEBUG [Thread-19] root: [127.0.0.1:50027]
2021-03-18 21:47:43,307 DEBUG [Thread-19] root: Predecessors:
2021-03-18 21:47:43,307 DEBUG [Thread-19] root: [127.0.0.1:50027, 127.0.0.1:50027]
2021-03-18 21:47:43,307 INFO  [Thread-20] root: Message received by server -> Status: PROPAGATE
2021-03-18 21:47:43,307 DEBUG [Thread-20] root: In serve
2021-03-18 21:47:43,307 DEBUG [Thread-20] root: Checking if stopped or write locked
2021-03-18 21:47:43,307 DEBUG [Thread-20] root: Case propagate
2021-03-18 21:47:43,307 DEBUG [Thread-19] root: Looking for 127.0.0.1:50027
2021-03-18 21:47:43,307 DEBUG [Thread-20] root: Passing to server
2021-03-18 21:47:43,308 DEBUG [Thread-20] root: Getting Predecessors
2021-03-18 21:47:43,308 DEBUG [Thread-20] root: Looking for 127.0.0.1:50027
2021-03-18 21:47:43,308 DEBUG [Thread-20] root: [127.0.0.1:50027]
2021-03-18 21:47:43,308 DEBUG [Thread-19] root: Index of predecessor: 0
2021-03-18 21:47:43,308 DEBUG [Thread-19] root: Server Stuff
2021-03-18 21:47:43,308 DEBUG [Thread-20] root: Predecessors:
2021-03-18 21:47:43,308 DEBUG [Thread-20] root: [127.0.0.1:50027, 127.0.0.1:50027]
2021-03-18 21:47:43,308 DEBUG [Thread-20] root: Looking for 127.0.0.1:50027
2021-03-18 21:47:43,308 DEBUG [Thread-20] root: Index of predecessor: 0
2021-03-18 21:47:43,308 DEBUG [Thread-20] root: Server Stuff
2021-03-18 21:47:43,308 INFO  [Thread-19] root: Put: key = 1, value = SIR1
2021-03-18 21:47:43,308 INFO  [Thread-19] root: Put: key = 2, value = SIR2
2021-03-18 21:47:43,309 INFO  [Thread-19] root: Put: key = 3, value = SIR3
2021-03-18 21:47:43,309 INFO  [Thread-19] root: Put: key = 4, value = SIR4
2021-03-18 21:47:43,310 INFO  [Thread-19] root: Message sent by server -> Status: PROPAGATE_SUCCESS Key: null Value: null
2021-03-18 21:47:43,310 INFO  [Thread-20] root: Put: key = 1, value = SIR1
2021-03-18 21:47:43,310 INFO  [Thread-18] root: Message received by client -> Status: PROPAGATE_SUCCESS Key: null Value: null
2021-03-18 21:47:43,310 INFO  [Thread-20] root: Put: key = 2, value = SIR2
2021-03-18 21:47:43,310 INFO  [Thread-20] root: Put: key = 3, value = SIR3
2021-03-18 21:47:43,311 INFO  [Thread-20] root: Put: key = 4, value = SIR4
2021-03-18 21:47:43,311 INFO  [Thread-20] root: Message sent by server -> Status: PROPAGATE_SUCCESS Key: null Value: null
2021-03-18 21:47:43,312 INFO  [Thread-18] root: Message received by client -> Status: PROPAGATE_SUCCESS Key: null Value: null
2021-03-18 21:47:43,312 INFO  [Thread-18] root: Message sent by server -> Status: PROPAGATE_SUCCESS
2021-03-18 21:47:44,481 DEBUG [Thread-0-SendThread(localhost:2181)] org.apache.zookeeper.ClientCnxn: Got ping response for session id: 0x10014bd52700025 after 0ms.
2021-03-18 21:47:45,815 DEBUG [Thread-0-SendThread(localhost:2181)] org.apache.zookeeper.ClientCnxn: Got ping response for session id: 0x10014bd52700025 after 0ms.
2021-03-18 21:47:47,151 DEBUG [Thread-0-SendThread(localhost:2181)] org.apache.zookeeper.ClientCnxn: Got ping response for session id: 0x10014bd52700025 after 0ms.
Starting commModule
2021-03-18 21:47:48,097 INFO  [Thread-0] root: Server communication module connected
2021-03-18 21:47:48,098 INFO  [Thread-0] root: Connected to localhost on port 51008
2021-03-18 21:47:48,098 INFO  [Thread-21] root: Message received by server -> Status: GET Key: 1 Value: 
2021-03-18 21:47:48,098 DEBUG [Thread-21] root: In serve
2021-03-18 21:47:48,098 DEBUG [Thread-21] root: Checking if stopped or write locked
2021-03-18 21:47:48,098 DEBUG [Thread-21] root: Checking if it's in range
2021-03-18 21:47:48,098 DEBUG [Thread-21] root: Got hostname and port -> 127.0.0.1:50027
2021-03-18 21:47:48,099 DEBUG [Thread-21] root: Got metadata range: 9c1b850a1824cfd91c854e3ea4aa20ee:9c1b850a1824cfd91c854e3ea4aa20ed
2021-03-18 21:47:48,099 DEBUG [Thread-21] root: 127.0.0.1:50027 -> 9c1b850a1824cfd91c854e3ea4aa20ee:9c1b850a1824cfd91c854e3ea4aa20ed
2021-03-18 21:47:48,099 DEBUG [Thread-21] root: Got range big ints
2021-03-18 21:47:48,099 DEBUG [Thread-21] root: Range end < range start
2021-03-18 21:47:48,099 DEBUG [Thread-21] root: Done with range check in server
2021-03-18 21:47:48,099 INFO  [Thread-21] root: Get: key = 1
2021-03-18 21:47:48,100 INFO  [Thread-21] root: Message sent by server -> Status: GET_SUCCESS Key: 1 Value: SIR1
2021-03-18 21:47:48,100 INFO  [Thread-21] root: Message received by server -> Status: GET Key: 2 Value: 
2021-03-18 21:47:48,100 DEBUG [Thread-21] root: In serve
2021-03-18 21:47:48,100 DEBUG [Thread-21] root: Checking if stopped or write locked
2021-03-18 21:47:48,101 DEBUG [Thread-21] root: Checking if it's in range
2021-03-18 21:47:48,101 DEBUG [Thread-21] root: Got hostname and port -> 127.0.0.1:50027
2021-03-18 21:47:48,101 DEBUG [Thread-21] root: Got metadata range: 9c1b850a1824cfd91c854e3ea4aa20ee:9c1b850a1824cfd91c854e3ea4aa20ed
2021-03-18 21:47:48,101 DEBUG [Thread-21] root: 127.0.0.1:50027 -> 9c1b850a1824cfd91c854e3ea4aa20ee:9c1b850a1824cfd91c854e3ea4aa20ed
2021-03-18 21:47:48,101 DEBUG [Thread-21] root: Got range big ints
2021-03-18 21:47:48,101 DEBUG [Thread-21] root: Range end < range start
2021-03-18 21:47:48,101 DEBUG [Thread-21] root: Done with range check in server
2021-03-18 21:47:48,101 INFO  [Thread-21] root: Get: key = 2
2021-03-18 21:47:48,102 INFO  [Thread-21] root: Message sent by server -> Status: GET_SUCCESS Key: 2 Value: SIR2
2021-03-18 21:47:48,102 INFO  [Thread-21] root: Message received by server -> Status: GET Key: 3 Value: 
2021-03-18 21:47:48,102 DEBUG [Thread-21] root: In serve
2021-03-18 21:47:48,102 DEBUG [Thread-21] root: Checking if stopped or write locked
2021-03-18 21:47:48,102 DEBUG [Thread-21] root: Checking if it's in range
2021-03-18 21:47:48,102 DEBUG [Thread-21] root: Got hostname and port -> 127.0.0.1:50027
2021-03-18 21:47:48,102 DEBUG [Thread-21] root: Got metadata range: 9c1b850a1824cfd91c854e3ea4aa20ee:9c1b850a1824cfd91c854e3ea4aa20ed
2021-03-18 21:47:48,102 DEBUG [Thread-21] root: 127.0.0.1:50027 -> 9c1b850a1824cfd91c854e3ea4aa20ee:9c1b850a1824cfd91c854e3ea4aa20ed
2021-03-18 21:47:48,102 DEBUG [Thread-21] root: Got range big ints
2021-03-18 21:47:48,102 DEBUG [Thread-21] root: Range end < range start
2021-03-18 21:47:48,102 DEBUG [Thread-21] root: Done with range check in server
2021-03-18 21:47:48,102 INFO  [Thread-21] root: Get: key = 3
2021-03-18 21:47:48,103 INFO  [Thread-21] root: Message sent by server -> Status: GET_SUCCESS Key: 3 Value: SIR3
2021-03-18 21:47:48,103 INFO  [Thread-21] root: Message received by server -> Status: GET Key: 4 Value: 
2021-03-18 21:47:48,103 DEBUG [Thread-21] root: In serve
2021-03-18 21:47:48,103 DEBUG [Thread-21] root: Checking if stopped or write locked
2021-03-18 21:47:48,103 DEBUG [Thread-21] root: Checking if it's in range
2021-03-18 21:47:48,104 DEBUG [Thread-21] root: Got hostname and port -> 127.0.0.1:50027
2021-03-18 21:47:48,104 DEBUG [Thread-21] root: Got metadata range: 9c1b850a1824cfd91c854e3ea4aa20ee:9c1b850a1824cfd91c854e3ea4aa20ed
2021-03-18 21:47:48,104 DEBUG [Thread-21] root: 127.0.0.1:50027 -> 9c1b850a1824cfd91c854e3ea4aa20ee:9c1b850a1824cfd91c854e3ea4aa20ed
2021-03-18 21:47:48,104 DEBUG [Thread-21] root: Got range big ints
2021-03-18 21:47:48,104 DEBUG [Thread-21] root: Range end < range start
2021-03-18 21:47:48,104 DEBUG [Thread-21] root: Done with range check in server
2021-03-18 21:47:48,104 INFO  [Thread-21] root: Get: key = 4
2021-03-18 21:47:48,104 INFO  [Thread-21] root: Message sent by server -> Status: GET_SUCCESS Key: 4 Value: SIR4
2021-03-18 21:47:48,105 INFO  [Thread-21] root: Message received by server -> Status: PUT Key: 1 Value: null
2021-03-18 21:47:48,105 DEBUG [Thread-21] root: In serve
2021-03-18 21:47:48,105 DEBUG [Thread-21] root: Checking if stopped or write locked
2021-03-18 21:47:48,105 DEBUG [Thread-21] root: PUT request being served
2021-03-18 21:47:48,105 DEBUG [Thread-21] root: Checking if it's in range
2021-03-18 21:47:48,105 DEBUG [Thread-21] root: Got hostname and port -> 127.0.0.1:50027
2021-03-18 21:47:48,105 DEBUG [Thread-21] root: Got metadata range: 9c1b850a1824cfd91c854e3ea4aa20ee:9c1b850a1824cfd91c854e3ea4aa20ed
2021-03-18 21:47:48,105 DEBUG [Thread-21] root: 127.0.0.1:50027 -> 9c1b850a1824cfd91c854e3ea4aa20ee:9c1b850a1824cfd91c854e3ea4aa20ed
2021-03-18 21:47:48,105 DEBUG [Thread-21] root: Got range big ints
2021-03-18 21:47:48,105 DEBUG [Thread-21] root: Range end < range start
2021-03-18 21:47:48,105 DEBUG [Thread-21] root: Done with range check in server
2021-03-18 21:47:48,105 DEBUG [Thread-21] root: In range
2021-03-18 21:47:48,106 INFO  [Thread-21] root: Delete: key = 1
2021-03-18 21:47:48,106 INFO  [Thread-21] root: Updating storage
2021-03-18 21:47:48,106 DEBUG [Thread-21] root: Getting successors
2021-03-18 21:47:48,106 DEBUG [Thread-21] root: Got successors
2021-03-18 21:47:48,106 DEBUG [Thread-21] root: Propagating to: 127.0.0.1:50027 127.0.0.1:50027
Starting commModule
2021-03-18 21:47:48,107 INFO  [Thread-0] root: Server communication module connected
2021-03-18 21:47:48,107 INFO  [Thread-21] root: Client communication module connected
2021-03-18 21:47:48,107 INFO  [Thread-0] root: Connected to localhost on port 51009
Starting commModule
2021-03-18 21:47:48,107 INFO  [Thread-0] root: Server communication module connected
2021-03-18 21:47:48,107 INFO  [Thread-21] root: Client communication module connected
2021-03-18 21:47:48,108 DEBUG [Thread-21] root: {"1":null}
2021-03-18 21:47:48,108 INFO  [Thread-0] root: Connected to localhost on port 51010
2021-03-18 21:47:48,108 INFO  [Thread-21] root: Message sent by client -> Status: PROPAGATE
2021-03-18 21:47:48,108 INFO  [Thread-21] root: Message sent by client -> Status: PROPAGATE
2021-03-18 21:47:48,108 INFO  [Thread-22] root: Message received by server -> Status: PROPAGATE
2021-03-18 21:47:48,108 DEBUG [Thread-22] root: In serve
2021-03-18 21:47:48,109 DEBUG [Thread-22] root: Checking if stopped or write locked
2021-03-18 21:47:48,109 DEBUG [Thread-22] root: Case propagate
2021-03-18 21:47:48,109 DEBUG [Thread-22] root: Passing to server
2021-03-18 21:47:48,109 DEBUG [Thread-22] root: Getting Predecessors
2021-03-18 21:47:48,109 DEBUG [Thread-22] root: Looking for 127.0.0.1:50027
2021-03-18 21:47:48,109 DEBUG [Thread-22] root: [127.0.0.1:50027]
2021-03-18 21:47:48,109 DEBUG [Thread-22] root: Predecessors:
2021-03-18 21:47:48,109 DEBUG [Thread-22] root: [127.0.0.1:50027, 127.0.0.1:50027]
2021-03-18 21:47:48,109 DEBUG [Thread-22] root: Looking for 127.0.0.1:50027
2021-03-18 21:47:48,109 DEBUG [Thread-22] root: Index of predecessor: 0
2021-03-18 21:47:48,109 DEBUG [Thread-22] root: Server Stuff
2021-03-18 21:47:48,109 INFO  [Thread-23] root: Message received by server -> Status: PROPAGATE
2021-03-18 21:47:48,109 DEBUG [Thread-23] root: In serve
2021-03-18 21:47:48,109 DEBUG [Thread-23] root: Checking if stopped or write locked
2021-03-18 21:47:48,109 DEBUG [Thread-23] root: Case propagate
2021-03-18 21:47:48,109 INFO  [Thread-22] root: Delete: key = 1
2021-03-18 21:47:48,109 DEBUG [Thread-23] root: Passing to server
2021-03-18 21:47:48,109 DEBUG [Thread-23] root: Getting Predecessors
2021-03-18 21:47:48,109 DEBUG [Thread-23] root: Looking for 127.0.0.1:50027
2021-03-18 21:47:48,109 DEBUG [Thread-23] root: [127.0.0.1:50027]
2021-03-18 21:47:48,109 DEBUG [Thread-23] root: Predecessors:
2021-03-18 21:47:48,109 DEBUG [Thread-23] root: [127.0.0.1:50027, 127.0.0.1:50027]
2021-03-18 21:47:48,109 DEBUG [Thread-23] root: Looking for 127.0.0.1:50027
2021-03-18 21:47:48,109 DEBUG [Thread-23] root: Index of predecessor: 0
2021-03-18 21:47:48,109 DEBUG [Thread-23] root: Server Stuff
2021-03-18 21:47:48,109 INFO  [Thread-22] root: Updating storage
2021-03-18 21:47:48,110 INFO  [Thread-22] root: Message sent by server -> Status: PROPAGATE_SUCCESS Key: null Value: null
2021-03-18 21:47:48,110 INFO  [Thread-23] root: Delete: key = 1
2021-03-18 21:47:48,110 ERROR [Thread-23] root: Key does not exist.
2021-03-18 21:47:48,110 INFO  [Thread-23] root: Updating storage
2021-03-18 21:47:48,110 INFO  [Thread-21] root: Message received by client -> Status: PROPAGATE_SUCCESS Key: null Value: null
2021-03-18 21:47:48,110 INFO  [Thread-23] root: Message sent by server -> Status: PROPAGATE_SUCCESS Key: null Value: null
2021-03-18 21:47:48,110 INFO  [Thread-21] root: Message received by client -> Status: PROPAGATE_SUCCESS Key: null Value: null
2021-03-18 21:47:48,111 INFO  [Thread-21] root: Message sent by server -> Status: DELETE_SUCCESS Key: 1 Value: null
2021-03-18 21:47:48,111 INFO  [Thread-21] root: Message received by server -> Status: PUT Key: 2 Value: null
2021-03-18 21:47:48,111 DEBUG [Thread-21] root: In serve
2021-03-18 21:47:48,111 DEBUG [Thread-21] root: Checking if stopped or write locked
2021-03-18 21:47:48,111 DEBUG [Thread-21] root: PUT request being served
2021-03-18 21:47:48,111 DEBUG [Thread-21] root: Checking if it's in range
2021-03-18 21:47:48,111 DEBUG [Thread-21] root: Got hostname and port -> 127.0.0.1:50027
2021-03-18 21:47:48,111 DEBUG [Thread-21] root: Got metadata range: 9c1b850a1824cfd91c854e3ea4aa20ee:9c1b850a1824cfd91c854e3ea4aa20ed
2021-03-18 21:47:48,111 DEBUG [Thread-21] root: 127.0.0.1:50027 -> 9c1b850a1824cfd91c854e3ea4aa20ee:9c1b850a1824cfd91c854e3ea4aa20ed
2021-03-18 21:47:48,111 DEBUG [Thread-21] root: Got range big ints
2021-03-18 21:47:48,111 DEBUG [Thread-21] root: Range end < range start
2021-03-18 21:47:48,111 DEBUG [Thread-21] root: Done with range check in server
2021-03-18 21:47:48,111 DEBUG [Thread-21] root: In range
2021-03-18 21:47:48,112 INFO  [Thread-21] root: Delete: key = 2
2021-03-18 21:47:48,112 INFO  [Thread-21] root: Updating storage
2021-03-18 21:47:48,112 DEBUG [Thread-21] root: Getting successors
2021-03-18 21:47:48,112 DEBUG [Thread-21] root: Got successors
2021-03-18 21:47:48,112 DEBUG [Thread-21] root: Propagating to: 127.0.0.1:50027 127.0.0.1:50027
Starting commModule
2021-03-18 21:47:48,112 INFO  [Thread-21] root: Client communication module connected
2021-03-18 21:47:48,112 INFO  [Thread-0] root: Server communication module connected
2021-03-18 21:47:48,113 INFO  [Thread-0] root: Connected to localhost on port 51011
Starting commModule
2021-03-18 21:47:48,113 INFO  [Thread-0] root: Server communication module connected
2021-03-18 21:47:48,113 INFO  [Thread-21] root: Client communication module connected
2021-03-18 21:47:48,113 DEBUG [Thread-21] root: {"2":null}
2021-03-18 21:47:48,114 INFO  [Thread-21] root: Message sent by client -> Status: PROPAGATE
2021-03-18 21:47:48,114 INFO  [Thread-0] root: Connected to localhost on port 51012
2021-03-18 21:47:48,114 INFO  [Thread-21] root: Message sent by client -> Status: PROPAGATE
2021-03-18 21:47:48,114 INFO  [Thread-24] root: Message received by server -> Status: PROPAGATE
2021-03-18 21:47:48,114 DEBUG [Thread-24] root: In serve
2021-03-18 21:47:48,114 DEBUG [Thread-24] root: Checking if stopped or write locked
2021-03-18 21:47:48,114 DEBUG [Thread-24] root: Case propagate
2021-03-18 21:47:48,114 DEBUG [Thread-24] root: Passing to server
2021-03-18 21:47:48,114 DEBUG [Thread-24] root: Getting Predecessors
2021-03-18 21:47:48,114 DEBUG [Thread-24] root: Looking for 127.0.0.1:50027
2021-03-18 21:47:48,114 DEBUG [Thread-24] root: [127.0.0.1:50027]
2021-03-18 21:47:48,114 DEBUG [Thread-24] root: Predecessors:
2021-03-18 21:47:48,114 DEBUG [Thread-24] root: [127.0.0.1:50027, 127.0.0.1:50027]
2021-03-18 21:47:48,114 DEBUG [Thread-24] root: Looking for 127.0.0.1:50027
2021-03-18 21:47:48,114 DEBUG [Thread-24] root: Index of predecessor: 0
2021-03-18 21:47:48,114 DEBUG [Thread-24] root: Server Stuff
2021-03-18 21:47:48,114 INFO  [Thread-25] root: Message received by server -> Status: PROPAGATE
2021-03-18 21:47:48,114 DEBUG [Thread-25] root: In serve
2021-03-18 21:47:48,114 DEBUG [Thread-25] root: Checking if stopped or write locked
2021-03-18 21:47:48,114 DEBUG [Thread-25] root: Case propagate
2021-03-18 21:47:48,114 DEBUG [Thread-25] root: Passing to server
2021-03-18 21:47:48,114 DEBUG [Thread-25] root: Getting Predecessors
2021-03-18 21:47:48,114 INFO  [Thread-24] root: Delete: key = 2
2021-03-18 21:47:48,114 DEBUG [Thread-25] root: Looking for 127.0.0.1:50027
2021-03-18 21:47:48,114 DEBUG [Thread-25] root: [127.0.0.1:50027]
2021-03-18 21:47:48,115 DEBUG [Thread-25] root: Predecessors:
2021-03-18 21:47:48,115 DEBUG [Thread-25] root: [127.0.0.1:50027, 127.0.0.1:50027]
2021-03-18 21:47:48,115 DEBUG [Thread-25] root: Looking for 127.0.0.1:50027
2021-03-18 21:47:48,115 DEBUG [Thread-25] root: Index of predecessor: 0
2021-03-18 21:47:48,115 INFO  [Thread-24] root: Updating storage
2021-03-18 21:47:48,115 DEBUG [Thread-25] root: Server Stuff
2021-03-18 21:47:48,115 INFO  [Thread-25] root: Delete: key = 2
2021-03-18 21:47:48,115 INFO  [Thread-24] root: Message sent by server -> Status: PROPAGATE_SUCCESS Key: null Value: null
2021-03-18 21:47:48,115 ERROR [Thread-25] root: Key does not exist.
2021-03-18 21:47:48,115 INFO  [Thread-25] root: Updating storage
2021-03-18 21:47:48,115 INFO  [Thread-21] root: Message received by client -> Status: PROPAGATE_SUCCESS Key: null Value: null
2021-03-18 21:47:48,115 INFO  [Thread-25] root: Message sent by server -> Status: PROPAGATE_SUCCESS Key: null Value: null
2021-03-18 21:47:48,116 INFO  [Thread-21] root: Message received by client -> Status: PROPAGATE_SUCCESS Key: null Value: null
2021-03-18 21:47:48,116 INFO  [Thread-21] root: Message sent by server -> Status: DELETE_SUCCESS Key: 2 Value: null
2021-03-18 21:47:48,116 INFO  [Thread-21] root: Message received by server -> Status: PUT Key: 3 Value: null
2021-03-18 21:47:48,116 DEBUG [Thread-21] root: In serve
2021-03-18 21:47:48,116 DEBUG [Thread-21] root: Checking if stopped or write locked
2021-03-18 21:47:48,116 DEBUG [Thread-21] root: PUT request being served
2021-03-18 21:47:48,116 DEBUG [Thread-21] root: Checking if it's in range
2021-03-18 21:47:48,116 DEBUG [Thread-21] root: Got hostname and port -> 127.0.0.1:50027
2021-03-18 21:47:48,116 DEBUG [Thread-21] root: Got metadata range: 9c1b850a1824cfd91c854e3ea4aa20ee:9c1b850a1824cfd91c854e3ea4aa20ed
2021-03-18 21:47:48,116 DEBUG [Thread-21] root: 127.0.0.1:50027 -> 9c1b850a1824cfd91c854e3ea4aa20ee:9c1b850a1824cfd91c854e3ea4aa20ed
2021-03-18 21:47:48,116 DEBUG [Thread-21] root: Got range big ints
2021-03-18 21:47:48,116 DEBUG [Thread-21] root: Range end < range start
2021-03-18 21:47:48,117 DEBUG [Thread-21] root: Done with range check in server
2021-03-18 21:47:48,117 DEBUG [Thread-21] root: In range
2021-03-18 21:47:48,117 INFO  [Thread-21] root: Delete: key = 3
2021-03-18 21:47:48,117 INFO  [Thread-21] root: Updating storage
2021-03-18 21:47:48,117 DEBUG [Thread-21] root: Getting successors
2021-03-18 21:47:48,117 DEBUG [Thread-21] root: Got successors
2021-03-18 21:47:48,117 DEBUG [Thread-21] root: Propagating to: 127.0.0.1:50027 127.0.0.1:50027
Starting commModule
2021-03-18 21:47:48,118 INFO  [Thread-21] root: Client communication module connected
2021-03-18 21:47:48,118 INFO  [Thread-0] root: Server communication module connected
2021-03-18 21:47:48,118 INFO  [Thread-0] root: Connected to localhost on port 51013
Starting commModule
2021-03-18 21:47:48,118 INFO  [Thread-0] root: Server communication module connected
2021-03-18 21:47:48,118 INFO  [Thread-21] root: Client communication module connected
2021-03-18 21:47:48,119 DEBUG [Thread-21] root: {"3":null}
2021-03-18 21:47:48,119 INFO  [Thread-21] root: Message sent by client -> Status: PROPAGATE
2021-03-18 21:47:48,119 INFO  [Thread-0] root: Connected to localhost on port 51014
2021-03-18 21:47:48,119 INFO  [Thread-26] root: Message received by server -> Status: PROPAGATE
2021-03-18 21:47:48,120 DEBUG [Thread-26] root: In serve
2021-03-18 21:47:48,120 DEBUG [Thread-26] root: Checking if stopped or write locked
2021-03-18 21:47:48,120 DEBUG [Thread-26] root: Case propagate
2021-03-18 21:47:48,120 DEBUG [Thread-26] root: Passing to server
2021-03-18 21:47:48,120 DEBUG [Thread-26] root: Getting Predecessors
2021-03-18 21:47:48,119 INFO  [Thread-21] root: Message sent by client -> Status: PROPAGATE
2021-03-18 21:47:48,120 DEBUG [Thread-26] root: Looking for 127.0.0.1:50027
2021-03-18 21:47:48,120 DEBUG [Thread-26] root: [127.0.0.1:50027]
2021-03-18 21:47:48,120 INFO  [Thread-27] root: Message received by server -> Status: PROPAGATE
2021-03-18 21:47:48,120 DEBUG [Thread-27] root: In serve
2021-03-18 21:47:48,120 DEBUG [Thread-27] root: Checking if stopped or write locked
2021-03-18 21:47:48,120 DEBUG [Thread-27] root: Case propagate
2021-03-18 21:47:48,120 DEBUG [Thread-27] root: Passing to server
2021-03-18 21:47:48,120 DEBUG [Thread-27] root: Getting Predecessors
2021-03-18 21:47:48,120 DEBUG [Thread-26] root: Predecessors:
2021-03-18 21:47:48,120 DEBUG [Thread-26] root: [127.0.0.1:50027, 127.0.0.1:50027]
2021-03-18 21:47:48,120 DEBUG [Thread-27] root: Looking for 127.0.0.1:50027
2021-03-18 21:47:48,120 DEBUG [Thread-27] root: [127.0.0.1:50027]
2021-03-18 21:47:48,120 DEBUG [Thread-26] root: Looking for 127.0.0.1:50027
2021-03-18 21:47:48,120 DEBUG [Thread-27] root: Predecessors:
2021-03-18 21:47:48,120 DEBUG [Thread-27] root: [127.0.0.1:50027, 127.0.0.1:50027]
2021-03-18 21:47:48,120 DEBUG [Thread-27] root: Looking for 127.0.0.1:50027
2021-03-18 21:47:48,120 DEBUG [Thread-27] root: Index of predecessor: 0
2021-03-18 21:47:48,120 DEBUG [Thread-27] root: Server Stuff
2021-03-18 21:47:48,120 DEBUG [Thread-26] root: Index of predecessor: 0
2021-03-18 21:47:48,120 DEBUG [Thread-26] root: Server Stuff
2021-03-18 21:47:48,120 INFO  [Thread-27] root: Delete: key = 3
2021-03-18 21:47:48,121 INFO  [Thread-27] root: Updating storage
2021-03-18 21:47:48,121 INFO  [Thread-27] root: Message sent by server -> Status: PROPAGATE_SUCCESS Key: null Value: null
2021-03-18 21:47:48,121 INFO  [Thread-26] root: Delete: key = 3
2021-03-18 21:47:48,121 ERROR [Thread-26] root: Key does not exist.
2021-03-18 21:47:48,121 INFO  [Thread-26] root: Updating storage
2021-03-18 21:47:48,121 INFO  [Thread-26] root: Message sent by server -> Status: PROPAGATE_SUCCESS Key: null Value: null
2021-03-18 21:47:48,122 INFO  [Thread-21] root: Message received by client -> Status: PROPAGATE_SUCCESS Key: null Value: null
2021-03-18 21:47:48,122 INFO  [Thread-21] root: Message received by client -> Status: PROPAGATE_SUCCESS Key: null Value: null
2021-03-18 21:47:48,122 INFO  [Thread-21] root: Message sent by server -> Status: DELETE_SUCCESS Key: 3 Value: null
2021-03-18 21:47:48,122 INFO  [Thread-21] root: Message received by server -> Status: PUT Key: 4 Value: null
2021-03-18 21:47:48,122 DEBUG [Thread-21] root: In serve
2021-03-18 21:47:48,122 DEBUG [Thread-21] root: Checking if stopped or write locked
2021-03-18 21:47:48,122 DEBUG [Thread-21] root: PUT request being served
2021-03-18 21:47:48,122 DEBUG [Thread-21] root: Checking if it's in range
2021-03-18 21:47:48,122 DEBUG [Thread-21] root: Got hostname and port -> 127.0.0.1:50027
2021-03-18 21:47:48,123 DEBUG [Thread-21] root: Got metadata range: 9c1b850a1824cfd91c854e3ea4aa20ee:9c1b850a1824cfd91c854e3ea4aa20ed
2021-03-18 21:47:48,123 DEBUG [Thread-21] root: 127.0.0.1:50027 -> 9c1b850a1824cfd91c854e3ea4aa20ee:9c1b850a1824cfd91c854e3ea4aa20ed
2021-03-18 21:47:48,123 DEBUG [Thread-21] root: Got range big ints
2021-03-18 21:47:48,123 DEBUG [Thread-21] root: Range end < range start
2021-03-18 21:47:48,123 DEBUG [Thread-21] root: Done with range check in server
2021-03-18 21:47:48,123 DEBUG [Thread-21] root: In range
2021-03-18 21:47:48,123 INFO  [Thread-21] root: Delete: key = 4
2021-03-18 21:47:48,123 INFO  [Thread-21] root: Updating storage
2021-03-18 21:47:48,123 DEBUG [Thread-21] root: Getting successors
2021-03-18 21:47:48,123 DEBUG [Thread-21] root: Got successors
2021-03-18 21:47:48,123 DEBUG [Thread-21] root: Propagating to: 127.0.0.1:50027 127.0.0.1:50027
Starting commModule
2021-03-18 21:47:48,124 INFO  [Thread-21] root: Client communication module connected
2021-03-18 21:47:48,124 INFO  [Thread-0] root: Server communication module connected
2021-03-18 21:47:48,124 INFO  [Thread-0] root: Connected to localhost on port 51015
Starting commModule
2021-03-18 21:47:48,124 INFO  [Thread-0] root: Server communication module connected
2021-03-18 21:47:48,124 INFO  [Thread-21] root: Client communication module connected
2021-03-18 21:47:48,124 DEBUG [Thread-21] root: {"4":null}
2021-03-18 21:47:48,125 INFO  [Thread-21] root: Message sent by client -> Status: PROPAGATE
2021-03-18 21:47:48,125 INFO  [Thread-0] root: Connected to localhost on port 51016
2021-03-18 21:47:48,125 INFO  [Thread-21] root: Message sent by client -> Status: PROPAGATE
2021-03-18 21:47:48,125 INFO  [Thread-28] root: Message received by server -> Status: PROPAGATE
2021-03-18 21:47:48,125 DEBUG [Thread-28] root: In serve
2021-03-18 21:47:48,125 DEBUG [Thread-28] root: Checking if stopped or write locked
2021-03-18 21:47:48,125 DEBUG [Thread-28] root: Case propagate
2021-03-18 21:47:48,125 DEBUG [Thread-28] root: Passing to server
2021-03-18 21:47:48,125 DEBUG [Thread-28] root: Getting Predecessors
2021-03-18 21:47:48,125 INFO  [Thread-29] root: Message received by server -> Status: PROPAGATE
2021-03-18 21:47:48,125 DEBUG [Thread-29] root: In serve
2021-03-18 21:47:48,125 DEBUG [Thread-29] root: Checking if stopped or write locked
2021-03-18 21:47:48,125 DEBUG [Thread-29] root: Case propagate
2021-03-18 21:47:48,125 DEBUG [Thread-29] root: Passing to server
2021-03-18 21:47:48,125 DEBUG [Thread-29] root: Getting Predecessors
2021-03-18 21:47:48,125 DEBUG [Thread-29] root: Looking for 127.0.0.1:50027
2021-03-18 21:47:48,125 DEBUG [Thread-29] root: [127.0.0.1:50027]
2021-03-18 21:47:48,125 DEBUG [Thread-29] root: Predecessors:
2021-03-18 21:47:48,125 DEBUG [Thread-29] root: [127.0.0.1:50027, 127.0.0.1:50027]
2021-03-18 21:47:48,126 DEBUG [Thread-29] root: Looking for 127.0.0.1:50027
2021-03-18 21:47:48,126 DEBUG [Thread-29] root: Index of predecessor: 0
2021-03-18 21:47:48,126 DEBUG [Thread-29] root: Server Stuff
2021-03-18 21:47:48,125 DEBUG [Thread-28] root: Looking for 127.0.0.1:50027
2021-03-18 21:47:48,126 DEBUG [Thread-28] root: [127.0.0.1:50027]
2021-03-18 21:47:48,126 DEBUG [Thread-28] root: Predecessors:
2021-03-18 21:47:48,126 DEBUG [Thread-28] root: [127.0.0.1:50027, 127.0.0.1:50027]
2021-03-18 21:47:48,126 DEBUG [Thread-28] root: Looking for 127.0.0.1:50027
2021-03-18 21:47:48,126 DEBUG [Thread-28] root: Index of predecessor: 0
2021-03-18 21:47:48,126 DEBUG [Thread-28] root: Server Stuff
2021-03-18 21:47:48,126 INFO  [Thread-29] root: Delete: key = 4
2021-03-18 21:47:48,126 INFO  [Thread-29] root: Updating storage
2021-03-18 21:47:48,126 INFO  [Thread-28] root: Delete: key = 4
2021-03-18 21:47:48,126 INFO  [Thread-29] root: Message sent by server -> Status: PROPAGATE_SUCCESS Key: null Value: null
2021-03-18 21:47:48,126 ERROR [Thread-28] root: Key does not exist.
2021-03-18 21:47:48,126 INFO  [Thread-28] root: Updating storage
2021-03-18 21:47:48,127 INFO  [Thread-28] root: Message sent by server -> Status: PROPAGATE_SUCCESS Key: null Value: null
2021-03-18 21:47:48,127 INFO  [Thread-21] root: Message received by client -> Status: PROPAGATE_SUCCESS Key: null Value: null
2021-03-18 21:47:48,127 INFO  [Thread-21] root: Message received by client -> Status: PROPAGATE_SUCCESS Key: null Value: null
2021-03-18 21:47:48,127 INFO  [Thread-21] root: Message sent by server -> Status: DELETE_SUCCESS Key: 4 Value: null
Starting commModule
2021-03-18 21:47:48,128 INFO  [Thread-0] root: Server communication module connected
2021-03-18 21:47:48,128 INFO  [Thread-0] root: Connected to localhost on port 51017
2021-03-18 21:47:48,128 INFO  [Thread-30] root: Message received by server -> Status: SHUTDOWN
received adminmsg
2021-03-18 21:47:48,128 DEBUG [Thread-30] root: Closing the program
2021-03-18 21:47:48,129 INFO  [Thread-30] root: Message sent by server -> Status: SHUTDOWN_SUCCESS
2021-03-18 21:47:48,129 ERROR [Thread-0] root: Error! Unable to establish connection. 

java.net.SocketException: Socket closed
	at java.base/java.net.PlainSocketImpl.socketAccept(Native Method)
	at java.base/java.net.AbstractPlainSocketImpl.accept(AbstractPlainSocketImpl.java:458)
	at java.base/java.net.ServerSocket.implAccept(ServerSocket.java:565)
	at java.base/java.net.ServerSocket.accept(ServerSocket.java:533)
	at app_kvServer.KVServer.run(KVServer.java:408)
2021-03-18 21:47:48,130 INFO  [Thread-0] root: Server stopped.
2021-03-18 21:47:48,130 INFO  [Thread-0] root: Clearing KV Storage...
