2021-03-18 23:05:35,094 INFO  [main] root: Creating Storage Files
2021-03-18 23:05:35,095 INFO  [main] root: File created: server146.json
2021-03-18 23:05:35,095 INFO  [main] root: File created: server146_replica_1.json
2021-03-18 23:05:35,095 INFO  [main] root: File created: server146_replica_2.json
2021-03-18 23:05:35,095 INFO  [Thread-0] root: Initialize server ...
2021-03-18 23:05:35,106 INFO  [Thread-0] root: Server listening on port: 50145
2021-03-18 23:05:35,125 INFO  [Thread-0] org.apache.zookeeper.ZooKeeper: Client environment:zookeeper.version=3.6.2--803c7f1a12f85978cb049af5e4ef23bd8b688715, built on 09/04/2020 12:44 GMT
2021-03-18 23:05:35,125 INFO  [Thread-0] org.apache.zookeeper.ZooKeeper: Client environment:host.name=localhost
2021-03-18 23:05:35,125 INFO  [Thread-0] org.apache.zookeeper.ZooKeeper: Client environment:java.version=11.0.10
2021-03-18 23:05:35,125 INFO  [Thread-0] org.apache.zookeeper.ZooKeeper: Client environment:java.vendor=Azul Systems, Inc.
2021-03-18 23:05:35,125 INFO  [Thread-0] org.apache.zookeeper.ZooKeeper: Client environment:java.home=/Users/steve/Library/Java/JavaVirtualMachines/azul-11.0.10/Contents/Home
2021-03-18 23:05:35,126 INFO  [Thread-0] org.apache.zookeeper.ZooKeeper: Client environment:java.class.path=/Users/steve/Desktop/UofT/year4/winter2021/ECE419/milestone3/m3-server.jar
2021-03-18 23:05:35,126 INFO  [Thread-0] org.apache.zookeeper.ZooKeeper: Client environment:java.library.path=/Users/steve/Library/Java/Extensions:/Library/Java/Extensions:/Network/Library/Java/Extensions:/System/Library/Java/Extensions:/usr/lib/java:.
2021-03-18 23:05:35,126 INFO  [Thread-0] org.apache.zookeeper.ZooKeeper: Client environment:java.io.tmpdir=/var/folders/kz/3gb57nkn6ks6_07_dtt5lqvr0000gn/T/
2021-03-18 23:05:35,126 INFO  [Thread-0] org.apache.zookeeper.ZooKeeper: Client environment:java.compiler=<NA>
2021-03-18 23:05:35,126 INFO  [Thread-0] org.apache.zookeeper.ZooKeeper: Client environment:os.name=Mac OS X
2021-03-18 23:05:35,126 INFO  [Thread-0] org.apache.zookeeper.ZooKeeper: Client environment:os.arch=x86_64
2021-03-18 23:05:35,126 INFO  [Thread-0] org.apache.zookeeper.ZooKeeper: Client environment:os.version=10.16
2021-03-18 23:05:35,126 INFO  [Thread-0] org.apache.zookeeper.ZooKeeper: Client environment:user.name=steve
2021-03-18 23:05:35,126 INFO  [Thread-0] org.apache.zookeeper.ZooKeeper: Client environment:user.home=/Users/steve
2021-03-18 23:05:35,126 INFO  [Thread-0] org.apache.zookeeper.ZooKeeper: Client environment:user.dir=/Users/steve
2021-03-18 23:05:35,126 INFO  [Thread-0] org.apache.zookeeper.ZooKeeper: Client environment:os.memory.free=249MB
2021-03-18 23:05:35,126 INFO  [Thread-0] org.apache.zookeeper.ZooKeeper: Client environment:os.memory.max=4096MB
2021-03-18 23:05:35,126 INFO  [Thread-0] org.apache.zookeeper.ZooKeeper: Client environment:os.memory.total=256MB
2021-03-18 23:05:35,129 INFO  [Thread-0] org.apache.zookeeper.ZooKeeper: Initiating client connection, connectString=localhost:2181 sessionTimeout=3000 watcher=app_kvServer.KVServer$1@1b84e5c2
2021-03-18 23:05:35,132 INFO  [Thread-0] org.apache.zookeeper.common.X509Util: Setting -D jdk.tls.rejectClientInitiatedRenegotiation=true to disable client-initiated TLS renegotiation
2021-03-18 23:05:35,142 INFO  [Thread-0] org.apache.zookeeper.ClientCnxnSocket: jute.maxbuffer value is 1048575 Bytes
2021-03-18 23:05:35,149 INFO  [Thread-0] org.apache.zookeeper.ClientCnxn: zookeeper.request.timeout value is 0. feature enabled=false
2021-03-18 23:05:35,157 DEBUG [Thread-0-SendThread(localhost:2181)] org.apache.zookeeper.SaslServerPrincipal: Canonicalized address to localhost
2021-03-18 23:05:35,158 INFO  [Thread-0-SendThread(localhost:2181)] org.apache.zookeeper.ClientCnxn: Opening socket connection to server localhost/127.0.0.1:2181.
2021-03-18 23:05:35,158 INFO  [Thread-0-SendThread(localhost:2181)] org.apache.zookeeper.ClientCnxn: SASL config status: Will not attempt to authenticate using SASL (unknown error)
2021-03-18 23:05:35,174 INFO  [Thread-0-SendThread(localhost:2181)] org.apache.zookeeper.ClientCnxn: Socket connection established, initiating session, client: /127.0.0.1:53568, server: localhost/127.0.0.1:2181
2021-03-18 23:05:35,175 DEBUG [Thread-0-SendThread(localhost:2181)] org.apache.zookeeper.ClientCnxn: Session establishment request sent on localhost/127.0.0.1:2181
2021-03-18 23:05:35,205 TRACE [Thread-0-SendThread(localhost:2181)] org.apache.zookeeper.ClientCnxnSocket: readConnectResult 37 0x[0,0,0,0,0,0,f,ffffffa0,1,0,14,ffffffbd,52,70,0,ffffffaa,0,0,0,10,ffffffab,28,18,2a,b,66,ffffffab,42,ffffffd9,75,ffffff89,ffffffa5,2,ffffff95,ffffffc3,4b,0,]
2021-03-18 23:05:35,207 INFO  [Thread-0-SendThread(localhost:2181)] org.apache.zookeeper.ClientCnxn: Session establishment complete on server localhost/127.0.0.1:2181, session id = 0x10014bd527000aa, negotiated timeout = 4000
2021-03-18 23:05:35,210 DEBUG [Thread-0-EventThread] root: ZK event: 
2021-03-18 23:05:35,210 DEBUG [Thread-0-EventThread] root: WatchedEvent state:SyncConnected type:None path:null
2021-03-18 23:05:35,238 DEBUG [Thread-0-SendThread(localhost:2181)] org.apache.zookeeper.ClientCnxn: Reading reply session id: 0x10014bd527000aa, packet:: clientPath:null serverPath:null finished:false header:: 1,1  replyHeader:: 1,561,0  request:: '/keeper/server146,,v{s{31,s{'world,'anyone}}},1  response:: '/keeper/server146 
2021-03-18 23:05:35,243 DEBUG [Thread-0-SendThread(localhost:2181)] org.apache.zookeeper.ClientCnxn: Reading reply session id: 0x10014bd527000aa, packet:: clientPath:null serverPath:null finished:false header:: 2,3  replyHeader:: 2,561,0  request:: '/keeper/server146,T  response:: s{561,561,1616123135210,1616123135210,0,0,0,72080397402374314,0,0,561} 
2021-03-18 23:05:35,269 DEBUG [Thread-0-SendThread(localhost:2181)] org.apache.zookeeper.ClientCnxn: Got notification session id: 0x10014bd527000aa
2021-03-18 23:05:35,270 DEBUG [Thread-0-SendThread(localhost:2181)] org.apache.zookeeper.ClientCnxn: Got WatchedEvent state:SyncConnected type:NodeDataChanged path:/keeper/server146 for session id 0x10014bd527000aa
2021-03-18 23:05:35,272 DEBUG [Thread-0-EventThread] root: ZK event: 
2021-03-18 23:05:35,272 DEBUG [Thread-0-EventThread] root: WatchedEvent state:SyncConnected type:NodeDataChanged path:/keeper/server146
2021-03-18 23:05:35,273 DEBUG [Thread-0-SendThread(localhost:2181)] org.apache.zookeeper.ClientCnxn: Reading reply session id: 0x10014bd527000aa, packet:: clientPath:null serverPath:null finished:false header:: 3,5  replyHeader:: 3,562,0  request:: '/keeper/server146,#3132372e302e302e313a3530313435,0  response:: s{561,562,1616123135210,1616123135244,1,0,0,72080397402374314,15,0,561} 
2021-03-18 23:05:35,273 INFO  [Thread-0] root: Node created at: /keeper/server146
Starting commModule
2021-03-18 23:05:35,279 INFO  [Thread-0] root: Server communication module connected
2021-03-18 23:05:35,280 INFO  [Thread-0] root: Connected to localhost on port 53569
2021-03-18 23:05:35,288 INFO  [Thread-1] root: Message received by server -> Status: INIT_SERVER
received adminmsg
2021-03-18 23:05:35,289 INFO  [Thread-1] root: Message sent by server -> Status: INIT_SERVER_SUCCESS
2021-03-18 23:05:35,289 INFO  [Thread-1] root: Message received by server -> Status: START
received adminmsg
2021-03-18 23:05:35,289 INFO  [Thread-1] root: Message sent by server -> Status: START_SUCCESS
Starting commModule
2021-03-18 23:05:35,295 INFO  [Thread-0] root: Server communication module connected
2021-03-18 23:05:35,296 INFO  [Thread-0] root: Connected to localhost on port 53572
Starting commModule
2021-03-18 23:05:35,299 INFO  [Thread-0] root: Server communication module connected
2021-03-18 23:05:35,299 INFO  [Thread-0] root: Connected to localhost on port 53575
Starting commModule
2021-03-18 23:05:35,303 INFO  [Thread-0] root: Server communication module connected
2021-03-18 23:05:35,304 INFO  [Thread-0] root: Connected to localhost on port 53577
2021-03-18 23:05:35,305 INFO  [Thread-4] root: Message received by server -> Status: UPDATE
received adminmsg
2021-03-18 23:05:35,306 INFO  [Thread-4] root: Message sent by server -> Status: UPDATE_SUCCESS
Starting commModule
2021-03-18 23:05:35,309 INFO  [Thread-0] root: Server communication module connected
2021-03-18 23:05:35,310 INFO  [Thread-0] root: Connected to localhost on port 53579
Starting commModule
2021-03-18 23:05:35,310 INFO  [Thread-0] root: Server communication module connected
2021-03-18 23:05:35,311 INFO  [Thread-0] root: Connected to localhost on port 53581
2021-03-18 23:05:35,312 INFO  [Thread-6] root: Message received by server -> Status: PROPAGATE_ADMIN
received adminmsg
2021-03-18 23:05:35,317 DEBUG [Thread-6] root: Getting successors
2021-03-18 23:05:35,317 DEBUG [Thread-6] root: Got successors
2021-03-18 23:05:35,317 DEBUG [Thread-6] root: Propagating to: 127.0.0.1:50016 127.0.0.1:50145
2021-03-18 23:05:35,319 INFO  [Thread-6] root: Client communication module connected
Starting commModule
2021-03-18 23:05:35,320 INFO  [Thread-0] root: Server communication module connected
2021-03-18 23:05:35,320 INFO  [Thread-6] root: Client communication module connected
2021-03-18 23:05:35,320 DEBUG [Thread-6] root: {}
2021-03-18 23:05:35,320 INFO  [Thread-0] root: Connected to localhost on port 53583
2021-03-18 23:05:35,320 INFO  [Thread-6] root: Message sent by server -> Status: PROPAGATE_SUCCESS
2021-03-18 23:05:36,582 DEBUG [Thread-0-SendThread(localhost:2181)] org.apache.zookeeper.ClientCnxn: Got ping response for session id: 0x10014bd527000aa after 1ms.
2021-03-18 23:05:37,916 DEBUG [Thread-0-SendThread(localhost:2181)] org.apache.zookeeper.ClientCnxn: Got ping response for session id: 0x10014bd527000aa after 0ms.
2021-03-18 23:05:39,250 DEBUG [Thread-0-SendThread(localhost:2181)] org.apache.zookeeper.ClientCnxn: Got ping response for session id: 0x10014bd527000aa after 1ms.
2021-03-18 23:05:40,583 DEBUG [Thread-0-SendThread(localhost:2181)] org.apache.zookeeper.ClientCnxn: Got ping response for session id: 0x10014bd527000aa after 0ms.
2021-03-18 23:05:41,923 DEBUG [Thread-0-SendThread(localhost:2181)] org.apache.zookeeper.ClientCnxn: Got ping response for session id: 0x10014bd527000aa after 1ms.
2021-03-18 23:05:43,262 DEBUG [Thread-0-SendThread(localhost:2181)] org.apache.zookeeper.ClientCnxn: Got ping response for session id: 0x10014bd527000aa after 1ms.
2021-03-18 23:05:44,599 DEBUG [Thread-0-SendThread(localhost:2181)] org.apache.zookeeper.ClientCnxn: Got ping response for session id: 0x10014bd527000aa after 1ms.
Starting commModule
2021-03-18 23:05:45,332 INFO  [Thread-0] root: Server communication module connected
2021-03-18 23:05:45,333 INFO  [Thread-0] root: Connected to localhost on port 53587
2021-03-18 23:05:45,334 INFO  [Thread-8] root: Message received by server -> Status: SHUTDOWN
received adminmsg
2021-03-18 23:05:45,334 DEBUG [Thread-8] root: Closing the program
2021-03-18 23:05:45,335 INFO  [Thread-8] root: Message sent by server -> Status: SHUTDOWN_SUCCESS
2021-03-18 23:05:45,335 ERROR [Thread-0] root: Error! Unable to establish connection. 

java.net.SocketException: Socket closed
	at java.base/java.net.PlainSocketImpl.socketAccept(Native Method)
	at java.base/java.net.AbstractPlainSocketImpl.accept(AbstractPlainSocketImpl.java:458)
	at java.base/java.net.ServerSocket.implAccept(ServerSocket.java:565)
	at java.base/java.net.ServerSocket.accept(ServerSocket.java:533)
	at app_kvServer.KVServer.run(KVServer.java:408)
2021-03-18 23:05:45,337 INFO  [Thread-0] root: Server stopped.
2021-03-18 23:05:45,337 INFO  [Thread-0] root: Clearing KV Storage...
