2021-03-19 11:49:32,951 INFO  [Thread-0] root: Initialize server ...
2021-03-19 11:49:32,972 INFO  [Thread-0] root: Server listening on port: 50054
2021-03-19 11:49:33,026 INFO  [Thread-0] org.apache.zookeeper.ZooKeeper: Client environment:zookeeper.version=3.6.2--803c7f1a12f85978cb049af5e4ef23bd8b688715, built on 09/04/2020 12:44 GMT
2021-03-19 11:49:33,026 INFO  [Thread-0] org.apache.zookeeper.ZooKeeper: Client environment:host.name=localhost
2021-03-19 11:49:33,026 INFO  [Thread-0] org.apache.zookeeper.ZooKeeper: Client environment:java.version=11.0.10
2021-03-19 11:49:33,027 INFO  [Thread-0] org.apache.zookeeper.ZooKeeper: Client environment:java.vendor=Azul Systems, Inc.
2021-03-19 11:49:33,027 INFO  [Thread-0] org.apache.zookeeper.ZooKeeper: Client environment:java.home=/Users/steve/Library/Java/JavaVirtualMachines/azul-11.0.10/Contents/Home
2021-03-19 11:49:33,027 INFO  [Thread-0] org.apache.zookeeper.ZooKeeper: Client environment:java.class.path=/Users/steve/Desktop/UofT/year4/winter2021/ECE419/milestone3/m3-server.jar
2021-03-19 11:49:33,027 INFO  [Thread-0] org.apache.zookeeper.ZooKeeper: Client environment:java.library.path=/Users/steve/Library/Java/Extensions:/Library/Java/Extensions:/Network/Library/Java/Extensions:/System/Library/Java/Extensions:/usr/lib/java:.
2021-03-19 11:49:33,028 INFO  [Thread-0] org.apache.zookeeper.ZooKeeper: Client environment:java.io.tmpdir=/var/folders/kz/3gb57nkn6ks6_07_dtt5lqvr0000gn/T/
2021-03-19 11:49:33,028 INFO  [Thread-0] org.apache.zookeeper.ZooKeeper: Client environment:java.compiler=<NA>
2021-03-19 11:49:33,028 INFO  [Thread-0] org.apache.zookeeper.ZooKeeper: Client environment:os.name=Mac OS X
2021-03-19 11:49:33,028 INFO  [Thread-0] org.apache.zookeeper.ZooKeeper: Client environment:os.arch=x86_64
2021-03-19 11:49:33,029 INFO  [Thread-0] org.apache.zookeeper.ZooKeeper: Client environment:os.version=10.16
2021-03-19 11:49:33,029 INFO  [Thread-0] org.apache.zookeeper.ZooKeeper: Client environment:user.name=steve
2021-03-19 11:49:33,029 INFO  [Thread-0] org.apache.zookeeper.ZooKeeper: Client environment:user.home=/Users/steve
2021-03-19 11:49:33,029 INFO  [Thread-0] org.apache.zookeeper.ZooKeeper: Client environment:user.dir=/Users/steve
2021-03-19 11:49:33,029 INFO  [Thread-0] org.apache.zookeeper.ZooKeeper: Client environment:os.memory.free=249MB
2021-03-19 11:49:33,029 INFO  [Thread-0] org.apache.zookeeper.ZooKeeper: Client environment:os.memory.max=4096MB
2021-03-19 11:49:33,030 INFO  [Thread-0] org.apache.zookeeper.ZooKeeper: Client environment:os.memory.total=256MB
2021-03-19 11:49:33,035 INFO  [Thread-0] org.apache.zookeeper.ZooKeeper: Initiating client connection, connectString=localhost:2181 sessionTimeout=3000 watcher=app_kvServer.KVServer$1@48a00dff
2021-03-19 11:49:33,040 INFO  [Thread-0] org.apache.zookeeper.common.X509Util: Setting -D jdk.tls.rejectClientInitiatedRenegotiation=true to disable client-initiated TLS renegotiation
2021-03-19 11:49:33,059 INFO  [Thread-0] org.apache.zookeeper.ClientCnxnSocket: jute.maxbuffer value is 1048575 Bytes
2021-03-19 11:49:33,069 INFO  [Thread-0] org.apache.zookeeper.ClientCnxn: zookeeper.request.timeout value is 0. feature enabled=false
2021-03-19 11:49:33,080 DEBUG [Thread-0-SendThread(localhost:2181)] org.apache.zookeeper.SaslServerPrincipal: Canonicalized address to localhost
2021-03-19 11:49:33,082 INFO  [Thread-0-SendThread(localhost:2181)] org.apache.zookeeper.ClientCnxn: Opening socket connection to server localhost/0:0:0:0:0:0:0:1:2181.
2021-03-19 11:49:33,082 INFO  [Thread-0-SendThread(localhost:2181)] org.apache.zookeeper.ClientCnxn: SASL config status: Will not attempt to authenticate using SASL (unknown error)
2021-03-19 11:49:33,107 INFO  [Thread-0-SendThread(localhost:2181)] org.apache.zookeeper.ClientCnxn: Socket connection established, initiating session, client: /0:0:0:0:0:0:0:1:57211, server: localhost/0:0:0:0:0:0:0:1:2181
2021-03-19 11:49:33,109 DEBUG [Thread-0-SendThread(localhost:2181)] org.apache.zookeeper.ClientCnxn: Session establishment request sent on localhost/0:0:0:0:0:0:0:1:2181
2021-03-19 11:49:33,138 TRACE [Thread-0-SendThread(localhost:2181)] org.apache.zookeeper.ClientCnxnSocket: readConnectResult 37 0x[0,0,0,0,0,0,f,ffffffa0,1,0,14,ffffffbd,52,70,1,5f,0,0,0,10,ffffffaf,55,ffffff8c,2c,2f,ffffffca,56,79,59,79,60,ffffff81,ffffff8d,64,2e,ffffff94,0,]
2021-03-19 11:49:33,140 INFO  [Thread-0-SendThread(localhost:2181)] org.apache.zookeeper.ClientCnxn: Session establishment complete on server localhost/0:0:0:0:0:0:0:1:2181, session id = 0x10014bd5270015f, negotiated timeout = 4000
2021-03-19 11:49:33,144 DEBUG [Thread-0-EventThread] root: ZK event: 
2021-03-19 11:49:33,144 DEBUG [Thread-0-EventThread] root: WatchedEvent state:SyncConnected type:None path:null
2021-03-19 11:49:33,172 DEBUG [Thread-0-SendThread(localhost:2181)] org.apache.zookeeper.ClientCnxn: Reading reply session id: 0x10014bd5270015f, packet:: clientPath:null serverPath:null finished:false header:: 1,1  replyHeader:: 1,1126,0  request:: '/keeper/server55,,v{s{31,s{'world,'anyone}}},1  response:: '/keeper/server55 
2021-03-19 11:49:33,176 DEBUG [Thread-0-SendThread(localhost:2181)] org.apache.zookeeper.ClientCnxn: Reading reply session id: 0x10014bd5270015f, packet:: clientPath:null serverPath:null finished:false header:: 2,3  replyHeader:: 2,1126,0  request:: '/keeper/server55,T  response:: s{1126,1126,1616168973144,1616168973144,0,0,0,72080397402374495,0,0,1126} 
2021-03-19 11:49:33,203 DEBUG [Thread-0-SendThread(localhost:2181)] org.apache.zookeeper.ClientCnxn: Got notification session id: 0x10014bd5270015f
2021-03-19 11:49:33,204 DEBUG [Thread-0-SendThread(localhost:2181)] org.apache.zookeeper.ClientCnxn: Got WatchedEvent state:SyncConnected type:NodeDataChanged path:/keeper/server55 for session id 0x10014bd5270015f
2021-03-19 11:49:33,205 DEBUG [Thread-0-EventThread] root: ZK event: 
2021-03-19 11:49:33,205 DEBUG [Thread-0-EventThread] root: WatchedEvent state:SyncConnected type:NodeDataChanged path:/keeper/server55
2021-03-19 11:49:33,206 DEBUG [Thread-0-SendThread(localhost:2181)] org.apache.zookeeper.ClientCnxn: Reading reply session id: 0x10014bd5270015f, packet:: clientPath:null serverPath:null finished:false header:: 3,5  replyHeader:: 3,1127,0  request:: '/keeper/server55,#3132372e302e302e313a3530303534,0  response:: s{1126,1127,1616168973144,1616168973177,1,0,0,72080397402374495,15,0,1126} 
2021-03-19 11:49:33,206 INFO  [Thread-0] root: Node created at: /keeper/server55
Starting commModule
2021-03-19 11:49:33,214 INFO  [Thread-0] root: Server communication module connected
2021-03-19 11:49:33,215 INFO  [Thread-0] root: Connected to localhost on port 57212
2021-03-19 11:49:33,225 INFO  [Thread-1] root: Message received by server -> Status: INIT_SERVER
received adminmsg
2021-03-19 11:49:33,226 INFO  [Thread-1] root: Message sent by server -> Status: INIT_SERVER_SUCCESS
2021-03-19 11:49:33,226 INFO  [Thread-1] root: Message received by server -> Status: START
received adminmsg
2021-03-19 11:49:33,226 INFO  [Thread-1] root: Message sent by server -> Status: START_SUCCESS
Starting commModule
2021-03-19 11:49:33,227 INFO  [Thread-0] root: Server communication module connected
2021-03-19 11:49:33,227 INFO  [Thread-0] root: Connected to localhost on port 57213
2021-03-19 11:49:33,229 INFO  [Thread-2] root: Message received by server -> Status: UPDATE
received adminmsg
2021-03-19 11:49:33,231 INFO  [Thread-2] root: Message sent by server -> Status: UPDATE_SUCCESS
Starting commModule
2021-03-19 11:49:33,232 INFO  [Thread-0] root: Server communication module connected
2021-03-19 11:49:33,233 INFO  [Thread-0] root: Connected to localhost on port 57214
2021-03-19 11:49:33,233 INFO  [Thread-3] root: Message received by server -> Status: PROPAGATE_ADMIN
received adminmsg
2021-03-19 11:49:33,239 DEBUG [Thread-3] root: Getting successors
2021-03-19 11:49:33,239 DEBUG [Thread-3] root: Got successors
2021-03-19 11:49:33,240 DEBUG [Thread-3] root: Propagating to: 127.0.0.1:50054 127.0.0.1:50054
Starting commModule
2021-03-19 11:49:33,242 INFO  [Thread-0] root: Server communication module connected
2021-03-19 11:49:33,242 INFO  [Thread-3] root: Client communication module connected
2021-03-19 11:49:33,243 INFO  [Thread-0] root: Connected to localhost on port 57215
Starting commModule
2021-03-19 11:49:33,243 INFO  [Thread-0] root: Server communication module connected
2021-03-19 11:49:33,243 INFO  [Thread-3] root: Client communication module connected
2021-03-19 11:49:33,243 DEBUG [Thread-3] root: {}
2021-03-19 11:49:33,244 INFO  [Thread-0] root: Connected to localhost on port 57216
2021-03-19 11:49:33,244 INFO  [Thread-3] root: Message sent by server -> Status: PROPAGATE_SUCCESS
Starting commModule
2021-03-19 11:49:34,013 INFO  [Thread-0] root: Server communication module connected
2021-03-19 11:49:34,014 INFO  [Thread-0] root: Connected to localhost on port 57220
2021-03-19 11:49:34,014 INFO  [Thread-6] root: Message received by server -> Status: UPDATE
received adminmsg
2021-03-19 11:49:34,015 INFO  [Thread-6] root: Message sent by server -> Status: UPDATE_SUCCESS
Starting commModule
2021-03-19 11:49:34,016 INFO  [Thread-0] root: Server communication module connected
2021-03-19 11:49:34,016 INFO  [Thread-0] root: Connected to localhost on port 57221
2021-03-19 11:49:34,017 INFO  [Thread-7] root: Message received by server -> Status: PROPAGATE_ADMIN
received adminmsg
2021-03-19 11:49:34,017 DEBUG [Thread-7] root: Getting successors
2021-03-19 11:49:34,017 DEBUG [Thread-7] root: Got successors
2021-03-19 11:49:34,017 DEBUG [Thread-7] root: Propagating to: 127.0.0.1:50106 127.0.0.1:50054
2021-03-19 11:49:34,018 INFO  [Thread-7] root: Client communication module connected
Starting commModule
2021-03-19 11:49:34,018 INFO  [Thread-0] root: Server communication module connected
2021-03-19 11:49:34,018 INFO  [Thread-7] root: Client communication module connected
2021-03-19 11:49:34,019 DEBUG [Thread-7] root: {}
2021-03-19 11:49:34,019 INFO  [Thread-0] root: Connected to localhost on port 57223
2021-03-19 11:49:34,019 INFO  [Thread-7] root: Message sent by server -> Status: PROPAGATE_SUCCESS
Starting commModule
2021-03-19 11:49:34,020 INFO  [Thread-0] root: Server communication module connected
2021-03-19 11:49:34,020 INFO  [Thread-0] root: Connected to localhost on port 57224
2021-03-19 11:49:34,020 INFO  [Thread-9] root: Message received by server -> Status: MOVE_DATA
received adminmsg
2021-03-19 11:49:34,021 DEBUG [Thread-9] root: Input data: 
2021-03-19 11:49:34,021 DEBUG [Thread-9] root: 7d702efaf269e072d356534041d15e5f:b7ba10c562c93c3ec045ab601c52ca68
2021-03-19 11:49:34,021 DEBUG [Thread-9] root: 127.0.0.1:50106
2021-03-19 11:49:34,021 INFO  [Thread-9] root: Client communication module connected
2021-03-19 11:49:34,021 DEBUG [Thread-9] root: Host: 127.0.0.1
2021-03-19 11:49:34,021 DEBUG [Thread-9] root: Port: 50106
2021-03-19 11:49:34,022 DEBUG [Thread-9] root: Range: 7d702efaf269e072d356534041d15e5f:b7ba10c562c93c3ec045ab601c52ca68
2021-03-19 11:49:34,022 DEBUG [Thread-9] root: Starting flush data
2021-03-19 11:49:34,022 DEBUG [Thread-9] root: Finished flush data
2021-03-19 11:49:34,022 DEBUG [Thread-9] root: Closing conn
2021-03-19 11:49:34,022 INFO  [Thread-9] root: Connection closed!
2021-03-19 11:49:34,022 DEBUG [Thread-9] root: Closed conn
2021-03-19 11:49:34,022 INFO  [Thread-9] root: Message sent by server -> Status: MOVE_DATA_SUCCESS
Starting commModule
2021-03-19 11:49:34,023 INFO  [Thread-0] root: Server communication module connected
2021-03-19 11:49:34,024 INFO  [Thread-0] root: Connected to localhost on port 57226
2021-03-19 11:49:34,024 INFO  [Thread-10] root: Message received by server -> Status: UPDATE
received adminmsg
2021-03-19 11:49:34,025 INFO  [Thread-10] root: Message sent by server -> Status: UPDATE_SUCCESS
Starting commModule
2021-03-19 11:49:34,029 INFO  [Thread-0] root: Server communication module connected
2021-03-19 11:49:34,030 INFO  [Thread-0] root: Connected to localhost on port 57228
2021-03-19 11:49:34,030 INFO  [Thread-11] root: Message received by server -> Status: PROPAGATE_ADMIN
received adminmsg
2021-03-19 11:49:34,031 DEBUG [Thread-11] root: Getting successors
2021-03-19 11:49:34,031 DEBUG [Thread-11] root: Got successors
2021-03-19 11:49:34,031 DEBUG [Thread-11] root: Propagating to: 127.0.0.1:50106 127.0.0.1:50054
2021-03-19 11:49:34,031 INFO  [Thread-11] root: Client communication module connected
Starting commModule
2021-03-19 11:49:34,032 INFO  [Thread-0] root: Server communication module connected
2021-03-19 11:49:34,032 INFO  [Thread-11] root: Client communication module connected
2021-03-19 11:49:34,032 DEBUG [Thread-11] root: {}
2021-03-19 11:49:34,032 INFO  [Thread-11] root: Message sent by server -> Status: PROPAGATE_SUCCESS
2021-03-19 11:49:34,032 INFO  [Thread-0] root: Connected to localhost on port 57230
Starting commModule
2021-03-19 11:49:34,043 INFO  [Thread-0] root: Server communication module connected
2021-03-19 11:49:34,044 INFO  [Thread-0] root: Connected to localhost on port 57232
2021-03-19 11:49:34,512 DEBUG [Thread-0-SendThread(localhost:2181)] org.apache.zookeeper.ClientCnxn: Got ping response for session id: 0x10014bd5270015f after 0ms.
Starting commModule
2021-03-19 11:49:34,638 INFO  [Thread-0] root: Server communication module connected
2021-03-19 11:49:34,638 INFO  [Thread-0] root: Connected to localhost on port 57237
2021-03-19 11:49:34,639 INFO  [Thread-14] root: Message received by server -> Status: UPDATE
received adminmsg
2021-03-19 11:49:34,640 INFO  [Thread-14] root: Message sent by server -> Status: UPDATE_SUCCESS
Starting commModule
2021-03-19 11:49:34,644 INFO  [Thread-0] root: Server communication module connected
2021-03-19 11:49:34,644 INFO  [Thread-0] root: Connected to localhost on port 57239
2021-03-19 11:49:34,645 INFO  [Thread-15] root: Message received by server -> Status: PROPAGATE_ADMIN
received adminmsg
2021-03-19 11:49:34,645 DEBUG [Thread-15] root: Getting successors
2021-03-19 11:49:34,645 DEBUG [Thread-15] root: Got successors
2021-03-19 11:49:34,645 DEBUG [Thread-15] root: Propagating to: 127.0.0.1:50106 127.0.0.1:50028
2021-03-19 11:49:34,646 INFO  [Thread-15] root: Client communication module connected
2021-03-19 11:49:34,646 INFO  [Thread-15] root: Client communication module connected
2021-03-19 11:49:34,646 DEBUG [Thread-15] root: {}
2021-03-19 11:49:34,647 INFO  [Thread-15] root: Message sent by server -> Status: PROPAGATE_SUCCESS
Starting commModule
2021-03-19 11:49:34,651 INFO  [Thread-0] root: Server communication module connected
2021-03-19 11:49:34,652 INFO  [Thread-0] root: Connected to localhost on port 57244
Starting commModule
2021-03-19 11:49:34,652 INFO  [Thread-0] root: Server communication module connected
2021-03-19 11:49:34,653 INFO  [Thread-0] root: Connected to localhost on port 57245
2021-03-19 11:49:34,653 INFO  [Thread-17] root: Message received by server -> Status: MOVE_DATA
received adminmsg
2021-03-19 11:49:34,653 DEBUG [Thread-17] root: Input data: 
2021-03-19 11:49:34,653 DEBUG [Thread-17] root: b7ba10c562c93c3ec045ab601c52ca69:21d703007b16586aa52100c07fa01e92
2021-03-19 11:49:34,653 DEBUG [Thread-17] root: 127.0.0.1:50028
2021-03-19 11:49:34,654 INFO  [Thread-17] root: Client communication module connected
2021-03-19 11:49:34,654 DEBUG [Thread-17] root: Host: 127.0.0.1
2021-03-19 11:49:34,654 DEBUG [Thread-17] root: Port: 50028
2021-03-19 11:49:34,654 DEBUG [Thread-17] root: Range: b7ba10c562c93c3ec045ab601c52ca69:21d703007b16586aa52100c07fa01e92
2021-03-19 11:49:34,654 DEBUG [Thread-17] root: Starting flush data
2021-03-19 11:49:34,654 DEBUG [Thread-17] root: Finished flush data
2021-03-19 11:49:34,654 DEBUG [Thread-17] root: Closing conn
2021-03-19 11:49:34,654 INFO  [Thread-17] root: Connection closed!
2021-03-19 11:49:34,654 DEBUG [Thread-17] root: Closed conn
2021-03-19 11:49:34,655 INFO  [Thread-17] root: Message sent by server -> Status: MOVE_DATA_SUCCESS
Starting commModule
2021-03-19 11:49:34,656 INFO  [Thread-0] root: Server communication module connected
2021-03-19 11:49:34,656 INFO  [Thread-0] root: Connected to localhost on port 57247
2021-03-19 11:49:34,657 INFO  [Thread-18] root: Message received by server -> Status: UPDATE
received adminmsg
2021-03-19 11:49:34,658 INFO  [Thread-18] root: Message sent by server -> Status: UPDATE_SUCCESS
Starting commModule
2021-03-19 11:49:34,664 INFO  [Thread-0] root: Server communication module connected
2021-03-19 11:49:34,665 INFO  [Thread-0] root: Connected to localhost on port 57250
2021-03-19 11:49:34,666 INFO  [Thread-19] root: Message received by server -> Status: PROPAGATE_ADMIN
received adminmsg
2021-03-19 11:49:34,666 DEBUG [Thread-19] root: Getting successors
2021-03-19 11:49:34,666 DEBUG [Thread-19] root: Got successors
2021-03-19 11:49:34,666 DEBUG [Thread-19] root: Propagating to: 127.0.0.1:50106 127.0.0.1:50028
2021-03-19 11:49:34,667 INFO  [Thread-19] root: Client communication module connected
2021-03-19 11:49:34,667 INFO  [Thread-19] root: Client communication module connected
2021-03-19 11:49:34,668 DEBUG [Thread-19] root: {}
2021-03-19 11:49:34,668 INFO  [Thread-19] root: Message sent by server -> Status: PROPAGATE_SUCCESS
Starting commModule
2021-03-19 11:49:34,671 INFO  [Thread-0] root: Server communication module connected
2021-03-19 11:49:34,672 INFO  [Thread-0] root: Connected to localhost on port 57255
Starting commModule
2021-03-19 11:49:34,683 INFO  [Thread-0] root: Server communication module connected
2021-03-19 11:49:34,684 INFO  [Thread-0] root: Connected to localhost on port 57257
2021-03-19 11:49:35,850 DEBUG [Thread-0-SendThread(localhost:2181)] org.apache.zookeeper.ClientCnxn: Got ping response for session id: 0x10014bd5270015f after 0ms.
2021-03-19 11:49:37,186 DEBUG [Thread-0-SendThread(localhost:2181)] org.apache.zookeeper.ClientCnxn: Got ping response for session id: 0x10014bd5270015f after 1ms.
2021-03-19 11:49:38,520 DEBUG [Thread-0-SendThread(localhost:2181)] org.apache.zookeeper.ClientCnxn: Got ping response for session id: 0x10014bd5270015f after 0ms.
Starting commModule
2021-03-19 11:49:39,686 INFO  [Thread-0] root: Server communication module connected
2021-03-19 11:49:39,687 INFO  [Thread-0] root: Connected to localhost on port 57259
2021-03-19 11:49:39,689 INFO  [Thread-22] root: Message received by server -> Status: GET_METADATA Key: nothing Value: nothing
2021-03-19 11:49:39,689 DEBUG [Thread-22] root: In serve
2021-03-19 11:49:39,689 DEBUG [Thread-22] root: Checking if stopped or write locked
2021-03-19 11:49:39,689 DEBUG [Thread-22] root: Case GET_METADATA
2021-03-19 11:49:39,699 INFO  [Thread-22] root: Message sent by server -> Status: GET_METADATA_SUCCESS Key: nothing Value: nothing
Starting commModule
2021-03-19 11:49:39,721 INFO  [Thread-0] root: Server communication module connected
2021-03-19 11:49:39,724 INFO  [Thread-0] root: Connected to localhost on port 57261
2021-03-19 11:49:39,727 INFO  [Thread-23] root: Message received by server -> Status: PROPAGATE
2021-03-19 11:49:39,728 DEBUG [Thread-23] root: In serve
2021-03-19 11:49:39,728 DEBUG [Thread-23] root: Checking if stopped or write locked
2021-03-19 11:49:39,728 DEBUG [Thread-23] root: Case propagate
2021-03-19 11:49:39,728 DEBUG [Thread-23] root: Passing to server
2021-03-19 11:49:39,728 DEBUG [Thread-23] root: Getting Predecessors
2021-03-19 11:49:39,728 DEBUG [Thread-23] root: Looking for 127.0.0.1:50054
2021-03-19 11:49:39,728 DEBUG [Thread-23] root: [127.0.0.1:50028, 127.0.0.1:50054, 127.0.0.1:50106]
2021-03-19 11:49:39,728 DEBUG [Thread-23] root: Predecessors:
2021-03-19 11:49:39,728 DEBUG [Thread-23] root: [127.0.0.1:50106, 127.0.0.1:50028]
2021-03-19 11:49:39,729 DEBUG [Thread-23] root: Looking for 127.0.0.1:50028
2021-03-19 11:49:39,729 DEBUG [Thread-23] root: Index of predecessor: 1
2021-03-19 11:49:39,729 DEBUG [Thread-23] root: Server Stuff
2021-03-19 11:49:39,729 INFO  [Thread-23] root: Put: key = 1, value = 1
2021-03-19 11:49:39,731 INFO  [Thread-23] root: Message sent by server -> Status: PROPAGATE_SUCCESS Key: null Value: null
Starting commModule
2021-03-19 11:49:39,747 INFO  [Thread-0] root: Server communication module connected
2021-03-19 11:49:39,761 INFO  [Thread-0] root: Connected to localhost on port 57263
2021-03-19 11:49:39,762 INFO  [Thread-24] root: Message received by server -> Status: GET Key: 1 Value: null
2021-03-19 11:49:39,762 DEBUG [Thread-24] root: In serve
2021-03-19 11:49:39,762 DEBUG [Thread-24] root: Checking if stopped or write locked
2021-03-19 11:49:39,762 DEBUG [Thread-24] root: Checking if it's in range
2021-03-19 11:49:39,764 DEBUG [Thread-24] root: Got hostname and port -> 127.0.0.1:50054
2021-03-19 11:49:39,765 DEBUG [Thread-24] root: Got metadata range: 7d702efaf269e072d356534041d15e5f:7d702efaf269e072d356534041d15e5e
2021-03-19 11:49:39,765 DEBUG [Thread-24] root: 127.0.0.1:50106 -> b7ba10c562c93c3ec045ab601c52ca69:b7ba10c562c93c3ec045ab601c52ca68
2021-03-19 11:49:39,765 DEBUG [Thread-24] root: 127.0.0.1:50028 -> 21d703007b16586aa52100c07fa01e93:21d703007b16586aa52100c07fa01e92
2021-03-19 11:49:39,765 DEBUG [Thread-24] root: 127.0.0.1:50054 -> 7d702efaf269e072d356534041d15e5f:7d702efaf269e072d356534041d15e5e
2021-03-19 11:49:39,765 DEBUG [Thread-24] root: Got range big ints
2021-03-19 11:49:39,765 DEBUG [Thread-24] root: Range end < range start
2021-03-19 11:49:39,765 DEBUG [Thread-24] root: Done with range check in server
2021-03-19 11:49:39,765 INFO  [Thread-24] root: Get: key = 1
2021-03-19 11:49:39,766 INFO  [Thread-24] root: Message sent by server -> Status: GET_SUCCESS Key: 1 Value: 1
Starting commModule
2021-03-19 11:49:39,789 INFO  [Thread-0] root: Server communication module connected
2021-03-19 11:49:39,790 INFO  [Thread-0] root: Connected to localhost on port 57266
2021-03-19 11:49:39,790 INFO  [Thread-25] root: Message received by server -> Status: SHUTDOWN
received adminmsg
2021-03-19 11:49:39,790 DEBUG [Thread-25] root: Closing the program
2021-03-19 11:49:39,791 INFO  [Thread-25] root: Message sent by server -> Status: SHUTDOWN_SUCCESS
2021-03-19 11:49:39,792 ERROR [Thread-0] root: Error! Unable to establish connection. 

java.net.SocketException: Socket closed
	at java.base/java.net.PlainSocketImpl.socketAccept(Native Method)
	at java.base/java.net.AbstractPlainSocketImpl.accept(AbstractPlainSocketImpl.java:458)
	at java.base/java.net.ServerSocket.implAccept(ServerSocket.java:565)
	at java.base/java.net.ServerSocket.accept(ServerSocket.java:533)
	at app_kvServer.KVServer.run(KVServer.java:408)
2021-03-19 11:49:39,794 INFO  [Thread-0] root: Server stopped.
2021-03-19 11:49:39,794 INFO  [Thread-0] root: Clearing KV Storage...
2021-03-19 15:29:36,879 INFO  [Thread-0] root: Initialize server ...
2021-03-19 15:29:36,891 INFO  [Thread-0] root: Server listening on port: 50054
2021-03-19 15:29:36,909 INFO  [Thread-0] org.apache.zookeeper.ZooKeeper: Client environment:zookeeper.version=3.6.2--803c7f1a12f85978cb049af5e4ef23bd8b688715, built on 09/04/2020 12:44 GMT
2021-03-19 15:29:36,909 INFO  [Thread-0] org.apache.zookeeper.ZooKeeper: Client environment:host.name=localhost
2021-03-19 15:29:36,909 INFO  [Thread-0] org.apache.zookeeper.ZooKeeper: Client environment:java.version=11.0.10
2021-03-19 15:29:36,909 INFO  [Thread-0] org.apache.zookeeper.ZooKeeper: Client environment:java.vendor=Azul Systems, Inc.
2021-03-19 15:29:36,910 INFO  [Thread-0] org.apache.zookeeper.ZooKeeper: Client environment:java.home=/Users/steve/Library/Java/JavaVirtualMachines/azul-11.0.10/Contents/Home
2021-03-19 15:29:36,910 INFO  [Thread-0] org.apache.zookeeper.ZooKeeper: Client environment:java.class.path=/Users/steve/Desktop/UofT/year4/winter2021/ECE419/milestone3/m3-server.jar
2021-03-19 15:29:36,910 INFO  [Thread-0] org.apache.zookeeper.ZooKeeper: Client environment:java.library.path=/Users/steve/Library/Java/Extensions:/Library/Java/Extensions:/Network/Library/Java/Extensions:/System/Library/Java/Extensions:/usr/lib/java:.
2021-03-19 15:29:36,910 INFO  [Thread-0] org.apache.zookeeper.ZooKeeper: Client environment:java.io.tmpdir=/var/folders/kz/3gb57nkn6ks6_07_dtt5lqvr0000gn/T/
2021-03-19 15:29:36,910 INFO  [Thread-0] org.apache.zookeeper.ZooKeeper: Client environment:java.compiler=<NA>
2021-03-19 15:29:36,910 INFO  [Thread-0] org.apache.zookeeper.ZooKeeper: Client environment:os.name=Mac OS X
2021-03-19 15:29:36,910 INFO  [Thread-0] org.apache.zookeeper.ZooKeeper: Client environment:os.arch=x86_64
2021-03-19 15:29:36,910 INFO  [Thread-0] org.apache.zookeeper.ZooKeeper: Client environment:os.version=10.16
2021-03-19 15:29:36,910 INFO  [Thread-0] org.apache.zookeeper.ZooKeeper: Client environment:user.name=steve
2021-03-19 15:29:36,910 INFO  [Thread-0] org.apache.zookeeper.ZooKeeper: Client environment:user.home=/Users/steve
2021-03-19 15:29:36,910 INFO  [Thread-0] org.apache.zookeeper.ZooKeeper: Client environment:user.dir=/Users/steve
2021-03-19 15:29:36,910 INFO  [Thread-0] org.apache.zookeeper.ZooKeeper: Client environment:os.memory.free=249MB
2021-03-19 15:29:36,910 INFO  [Thread-0] org.apache.zookeeper.ZooKeeper: Client environment:os.memory.max=4096MB
2021-03-19 15:29:36,910 INFO  [Thread-0] org.apache.zookeeper.ZooKeeper: Client environment:os.memory.total=256MB
2021-03-19 15:29:36,913 INFO  [Thread-0] org.apache.zookeeper.ZooKeeper: Initiating client connection, connectString=localhost:2181 sessionTimeout=3000 watcher=app_kvServer.KVServer$1@7a8d20e7
2021-03-19 15:29:36,916 INFO  [Thread-0] org.apache.zookeeper.common.X509Util: Setting -D jdk.tls.rejectClientInitiatedRenegotiation=true to disable client-initiated TLS renegotiation
2021-03-19 15:29:36,926 INFO  [Thread-0] org.apache.zookeeper.ClientCnxnSocket: jute.maxbuffer value is 1048575 Bytes
2021-03-19 15:29:36,932 INFO  [Thread-0] org.apache.zookeeper.ClientCnxn: zookeeper.request.timeout value is 0. feature enabled=false
2021-03-19 15:29:36,940 DEBUG [Thread-0-SendThread(localhost:2181)] org.apache.zookeeper.SaslServerPrincipal: Canonicalized address to localhost
2021-03-19 15:29:36,941 INFO  [Thread-0-SendThread(localhost:2181)] org.apache.zookeeper.ClientCnxn: Opening socket connection to server localhost/0:0:0:0:0:0:0:1:2181.
2021-03-19 15:29:36,942 INFO  [Thread-0-SendThread(localhost:2181)] org.apache.zookeeper.ClientCnxn: SASL config status: Will not attempt to authenticate using SASL (unknown error)
2021-03-19 15:29:36,955 INFO  [Thread-0-SendThread(localhost:2181)] org.apache.zookeeper.ClientCnxn: Socket connection established, initiating session, client: /0:0:0:0:0:0:0:1:60047, server: localhost/0:0:0:0:0:0:0:1:2181
2021-03-19 15:29:36,956 DEBUG [Thread-0-SendThread(localhost:2181)] org.apache.zookeeper.ClientCnxn: Session establishment request sent on localhost/0:0:0:0:0:0:0:1:2181
2021-03-19 15:29:36,985 TRACE [Thread-0-SendThread(localhost:2181)] org.apache.zookeeper.ClientCnxnSocket: readConnectResult 37 0x[0,0,0,0,0,0,f,ffffffa0,1,0,14,ffffffbd,52,70,1,ffffff9f,0,0,0,10,5c,ffffff87,fffffff3,30,37,12,ffffffde,ffffffd1,6d,41,ffffffee,fffffff3,ffffffd5,ffffffc5,ffffffc7,ffffffc4,0,]
2021-03-19 15:29:36,987 INFO  [Thread-0-SendThread(localhost:2181)] org.apache.zookeeper.ClientCnxn: Session establishment complete on server localhost/0:0:0:0:0:0:0:1:2181, session id = 0x10014bd5270019f, negotiated timeout = 4000
2021-03-19 15:29:36,990 DEBUG [Thread-0-EventThread] root: ZK event: 
2021-03-19 15:29:36,990 DEBUG [Thread-0-EventThread] root: WatchedEvent state:SyncConnected type:None path:null
2021-03-19 15:29:37,018 DEBUG [Thread-0-SendThread(localhost:2181)] org.apache.zookeeper.ClientCnxn: Reading reply session id: 0x10014bd5270019f, packet:: clientPath:null serverPath:null finished:false header:: 1,1  replyHeader:: 1,1330,0  request:: '/keeper/server55,,v{s{31,s{'world,'anyone}}},1  response:: '/keeper/server55 
2021-03-19 15:29:37,023 DEBUG [Thread-0-SendThread(localhost:2181)] org.apache.zookeeper.ClientCnxn: Reading reply session id: 0x10014bd5270019f, packet:: clientPath:null serverPath:null finished:false header:: 2,3  replyHeader:: 2,1330,0  request:: '/keeper/server55,T  response:: s{1330,1330,1616182176990,1616182176990,0,0,0,72080397402374559,0,0,1330} 
2021-03-19 15:29:37,050 DEBUG [Thread-0-SendThread(localhost:2181)] org.apache.zookeeper.ClientCnxn: Got notification session id: 0x10014bd5270019f
2021-03-19 15:29:37,051 DEBUG [Thread-0-SendThread(localhost:2181)] org.apache.zookeeper.ClientCnxn: Got WatchedEvent state:SyncConnected type:NodeDataChanged path:/keeper/server55 for session id 0x10014bd5270019f
2021-03-19 15:29:37,053 DEBUG [Thread-0-EventThread] root: ZK event: 
2021-03-19 15:29:37,053 DEBUG [Thread-0-EventThread] root: WatchedEvent state:SyncConnected type:NodeDataChanged path:/keeper/server55
2021-03-19 15:29:37,054 DEBUG [Thread-0-SendThread(localhost:2181)] org.apache.zookeeper.ClientCnxn: Reading reply session id: 0x10014bd5270019f, packet:: clientPath:null serverPath:null finished:false header:: 3,5  replyHeader:: 3,1331,0  request:: '/keeper/server55,#3132372e302e302e313a3530303534,0  response:: s{1330,1331,1616182176990,1616182177024,1,0,0,72080397402374559,15,0,1330} 
2021-03-19 15:29:37,054 INFO  [Thread-0] root: Node created at: /keeper/server55
Starting commModule
2021-03-19 15:29:37,062 INFO  [Thread-0] root: Server communication module connected
2021-03-19 15:29:37,063 INFO  [Thread-0] root: Connected to localhost on port 60048
2021-03-19 15:29:37,071 INFO  [Thread-1] root: Message received by server -> Status: INIT_SERVER
received adminmsg
2021-03-19 15:29:37,072 INFO  [Thread-1] root: Message sent by server -> Status: INIT_SERVER_SUCCESS
2021-03-19 15:29:37,072 INFO  [Thread-1] root: Message received by server -> Status: START
received adminmsg
2021-03-19 15:29:37,073 INFO  [Thread-1] root: Message sent by server -> Status: START_SUCCESS
Starting commModule
2021-03-19 15:29:37,073 INFO  [Thread-0] root: Server communication module connected
2021-03-19 15:29:37,074 INFO  [Thread-0] root: Connected to localhost on port 60049
2021-03-19 15:29:37,075 INFO  [Thread-2] root: Message received by server -> Status: UPDATE
received adminmsg
2021-03-19 15:29:37,076 INFO  [Thread-2] root: Message sent by server -> Status: UPDATE_SUCCESS
Starting commModule
2021-03-19 15:29:37,077 INFO  [Thread-0] root: Server communication module connected
2021-03-19 15:29:37,078 INFO  [Thread-0] root: Connected to localhost on port 60050
2021-03-19 15:29:37,078 INFO  [Thread-3] root: Message received by server -> Status: PROPAGATE_ADMIN
received adminmsg
2021-03-19 15:29:37,083 DEBUG [Thread-3] root: Getting successors
2021-03-19 15:29:37,083 DEBUG [Thread-3] root: Got successors
2021-03-19 15:29:37,084 DEBUG [Thread-3] root: Propagating to: 127.0.0.1:50054 127.0.0.1:50054
Starting commModule
2021-03-19 15:29:37,086 INFO  [Thread-0] root: Server communication module connected
2021-03-19 15:29:37,086 INFO  [Thread-3] root: Client communication module connected
2021-03-19 15:29:37,087 INFO  [Thread-0] root: Connected to localhost on port 60051
Starting commModule
2021-03-19 15:29:37,087 INFO  [Thread-0] root: Server communication module connected
2021-03-19 15:29:37,087 INFO  [Thread-3] root: Client communication module connected
2021-03-19 15:29:37,087 DEBUG [Thread-3] root: {}
2021-03-19 15:29:37,088 INFO  [Thread-0] root: Connected to localhost on port 60052
2021-03-19 15:29:37,088 INFO  [Thread-3] root: Message sent by server -> Status: PROPAGATE_SUCCESS
Starting commModule
2021-03-19 15:29:37,674 INFO  [Thread-0] root: Server communication module connected
2021-03-19 15:29:37,676 INFO  [Thread-0] root: Connected to localhost on port 60056
2021-03-19 15:29:37,678 INFO  [Thread-6] root: Message received by server -> Status: UPDATE
received adminmsg
2021-03-19 15:29:37,679 INFO  [Thread-6] root: Message sent by server -> Status: UPDATE_SUCCESS
Starting commModule
2021-03-19 15:29:37,681 INFO  [Thread-0] root: Server communication module connected
2021-03-19 15:29:37,683 INFO  [Thread-0] root: Connected to localhost on port 60057
2021-03-19 15:29:37,684 INFO  [Thread-7] root: Message received by server -> Status: PROPAGATE_ADMIN
received adminmsg
2021-03-19 15:29:37,684 DEBUG [Thread-7] root: Getting successors
2021-03-19 15:29:37,685 DEBUG [Thread-7] root: Got successors
2021-03-19 15:29:37,685 DEBUG [Thread-7] root: Propagating to: 127.0.0.1:50096 127.0.0.1:50054
2021-03-19 15:29:37,686 INFO  [Thread-7] root: Client communication module connected
Starting commModule
2021-03-19 15:29:37,687 INFO  [Thread-0] root: Server communication module connected
2021-03-19 15:29:37,687 INFO  [Thread-7] root: Client communication module connected
2021-03-19 15:29:37,687 DEBUG [Thread-7] root: {}
2021-03-19 15:29:37,688 INFO  [Thread-7] root: Message sent by server -> Status: PROPAGATE_SUCCESS
2021-03-19 15:29:37,689 INFO  [Thread-0] root: Connected to localhost on port 60059
Starting commModule
2021-03-19 15:29:37,690 INFO  [Thread-0] root: Server communication module connected
2021-03-19 15:29:37,690 INFO  [Thread-0] root: Connected to localhost on port 60060
2021-03-19 15:29:37,690 INFO  [Thread-9] root: Message received by server -> Status: MOVE_DATA
received adminmsg
2021-03-19 15:29:37,691 DEBUG [Thread-9] root: Input data: 
2021-03-19 15:29:37,691 DEBUG [Thread-9] root: 7d702efaf269e072d356534041d15e5f:726f9fca1edf9997195d46dcf5dd8e97
2021-03-19 15:29:37,691 DEBUG [Thread-9] root: 127.0.0.1:50096
2021-03-19 15:29:37,692 INFO  [Thread-9] root: Client communication module connected
2021-03-19 15:29:37,692 DEBUG [Thread-9] root: Host: 127.0.0.1
2021-03-19 15:29:37,692 DEBUG [Thread-9] root: Port: 50096
2021-03-19 15:29:37,692 DEBUG [Thread-9] root: Range: 7d702efaf269e072d356534041d15e5f:726f9fca1edf9997195d46dcf5dd8e97
2021-03-19 15:29:37,692 DEBUG [Thread-9] root: Starting flush data
2021-03-19 15:29:37,692 DEBUG [Thread-9] root: Finished flush data
2021-03-19 15:29:37,692 DEBUG [Thread-9] root: Closing conn
2021-03-19 15:29:37,692 INFO  [Thread-9] root: Connection closed!
2021-03-19 15:29:37,692 DEBUG [Thread-9] root: Closed conn
2021-03-19 15:29:37,693 INFO  [Thread-9] root: Message sent by server -> Status: MOVE_DATA_SUCCESS
Starting commModule
2021-03-19 15:29:37,694 INFO  [Thread-0] root: Server communication module connected
2021-03-19 15:29:37,695 INFO  [Thread-0] root: Connected to localhost on port 60062
2021-03-19 15:29:37,695 INFO  [Thread-10] root: Message received by server -> Status: UPDATE
received adminmsg
2021-03-19 15:29:37,696 INFO  [Thread-10] root: Message sent by server -> Status: UPDATE_SUCCESS
Starting commModule
2021-03-19 15:29:37,700 INFO  [Thread-0] root: Server communication module connected
2021-03-19 15:29:37,700 INFO  [Thread-0] root: Connected to localhost on port 60064
2021-03-19 15:29:37,701 INFO  [Thread-11] root: Message received by server -> Status: PROPAGATE_ADMIN
received adminmsg
2021-03-19 15:29:37,701 DEBUG [Thread-11] root: Getting successors
2021-03-19 15:29:37,701 DEBUG [Thread-11] root: Got successors
2021-03-19 15:29:37,701 DEBUG [Thread-11] root: Propagating to: 127.0.0.1:50096 127.0.0.1:50054
2021-03-19 15:29:37,702 INFO  [Thread-11] root: Client communication module connected
Starting commModule
2021-03-19 15:29:37,702 INFO  [Thread-0] root: Server communication module connected
2021-03-19 15:29:37,702 INFO  [Thread-11] root: Client communication module connected
2021-03-19 15:29:37,703 DEBUG [Thread-11] root: {}
2021-03-19 15:29:37,703 INFO  [Thread-11] root: Message sent by server -> Status: PROPAGATE_SUCCESS
2021-03-19 15:29:37,703 INFO  [Thread-0] root: Connected to localhost on port 60066
Starting commModule
2021-03-19 15:29:37,714 INFO  [Thread-0] root: Server communication module connected
2021-03-19 15:29:37,715 INFO  [Thread-0] root: Connected to localhost on port 60068
2021-03-19 15:29:38,363 DEBUG [Thread-0-SendThread(localhost:2181)] org.apache.zookeeper.ClientCnxn: Got ping response for session id: 0x10014bd5270019f after 1ms.
Starting commModule
2021-03-19 15:29:38,590 INFO  [Thread-0] root: Server communication module connected
2021-03-19 15:29:38,591 INFO  [Thread-0] root: Connected to localhost on port 60073
2021-03-19 15:29:38,592 INFO  [Thread-14] root: Message received by server -> Status: UPDATE
received adminmsg
2021-03-19 15:29:38,595 INFO  [Thread-14] root: Message sent by server -> Status: UPDATE_SUCCESS
Starting commModule
2021-03-19 15:29:38,605 INFO  [Thread-0] root: Server communication module connected
2021-03-19 15:29:38,606 INFO  [Thread-0] root: Connected to localhost on port 60075
2021-03-19 15:29:38,607 INFO  [Thread-15] root: Message received by server -> Status: PROPAGATE_ADMIN
received adminmsg
2021-03-19 15:29:38,608 DEBUG [Thread-15] root: Getting successors
2021-03-19 15:29:38,608 DEBUG [Thread-15] root: Got successors
2021-03-19 15:29:38,609 DEBUG [Thread-15] root: Propagating to: 127.0.0.1:50096 127.0.0.1:50128
2021-03-19 15:29:38,611 INFO  [Thread-15] root: Client communication module connected
2021-03-19 15:29:38,613 INFO  [Thread-15] root: Client communication module connected
2021-03-19 15:29:38,613 DEBUG [Thread-15] root: {}
2021-03-19 15:29:38,614 INFO  [Thread-15] root: Message sent by server -> Status: PROPAGATE_SUCCESS
Starting commModule
2021-03-19 15:29:38,619 INFO  [Thread-0] root: Server communication module connected
2021-03-19 15:29:38,620 INFO  [Thread-0] root: Connected to localhost on port 60080
Starting commModule
2021-03-19 15:29:38,621 INFO  [Thread-0] root: Server communication module connected
2021-03-19 15:29:38,622 INFO  [Thread-0] root: Connected to localhost on port 60081
2021-03-19 15:29:38,622 INFO  [Thread-17] root: Message received by server -> Status: MOVE_DATA
received adminmsg
2021-03-19 15:29:38,622 DEBUG [Thread-17] root: Input data: 
2021-03-19 15:29:38,622 DEBUG [Thread-17] root: 726f9fca1edf9997195d46dcf5dd8e98:7ab31aaa5f852209d555dc89deffa797
2021-03-19 15:29:38,622 DEBUG [Thread-17] root: 127.0.0.1:50128
2021-03-19 15:29:38,623 INFO  [Thread-17] root: Client communication module connected
2021-03-19 15:29:38,623 DEBUG [Thread-17] root: Host: 127.0.0.1
2021-03-19 15:29:38,623 DEBUG [Thread-17] root: Port: 50128
2021-03-19 15:29:38,623 DEBUG [Thread-17] root: Range: 726f9fca1edf9997195d46dcf5dd8e98:7ab31aaa5f852209d555dc89deffa797
2021-03-19 15:29:38,623 DEBUG [Thread-17] root: Starting flush data
2021-03-19 15:29:38,623 DEBUG [Thread-17] root: Finished flush data
2021-03-19 15:29:38,624 DEBUG [Thread-17] root: Closing conn
2021-03-19 15:29:38,624 INFO  [Thread-17] root: Connection closed!
2021-03-19 15:29:38,624 DEBUG [Thread-17] root: Closed conn
2021-03-19 15:29:38,624 INFO  [Thread-17] root: Message sent by server -> Status: MOVE_DATA_SUCCESS
Starting commModule
2021-03-19 15:29:38,625 INFO  [Thread-0] root: Server communication module connected
2021-03-19 15:29:38,626 INFO  [Thread-0] root: Connected to localhost on port 60083
2021-03-19 15:29:38,627 INFO  [Thread-18] root: Message received by server -> Status: UPDATE
received adminmsg
2021-03-19 15:29:38,628 INFO  [Thread-18] root: Message sent by server -> Status: UPDATE_SUCCESS
Starting commModule
2021-03-19 15:29:38,637 INFO  [Thread-0] root: Server communication module connected
2021-03-19 15:29:38,639 INFO  [Thread-0] root: Connected to localhost on port 60086
2021-03-19 15:29:38,640 INFO  [Thread-19] root: Message received by server -> Status: PROPAGATE_ADMIN
received adminmsg
2021-03-19 15:29:38,641 DEBUG [Thread-19] root: Getting successors
2021-03-19 15:29:38,641 DEBUG [Thread-19] root: Got successors
2021-03-19 15:29:38,641 DEBUG [Thread-19] root: Propagating to: 127.0.0.1:50096 127.0.0.1:50128
2021-03-19 15:29:38,641 INFO  [Thread-19] root: Client communication module connected
2021-03-19 15:29:38,642 INFO  [Thread-19] root: Client communication module connected
2021-03-19 15:29:38,643 DEBUG [Thread-19] root: {}
2021-03-19 15:29:38,643 INFO  [Thread-19] root: Message sent by server -> Status: PROPAGATE_SUCCESS
Starting commModule
2021-03-19 15:29:38,647 INFO  [Thread-0] root: Server communication module connected
2021-03-19 15:29:38,649 INFO  [Thread-0] root: Connected to localhost on port 60091
Starting commModule
2021-03-19 15:29:38,669 INFO  [Thread-0] root: Server communication module connected
2021-03-19 15:29:38,670 INFO  [Thread-0] root: Connected to localhost on port 60093
2021-03-19 15:29:39,700 DEBUG [Thread-0-SendThread(localhost:2181)] org.apache.zookeeper.ClientCnxn: Got ping response for session id: 0x10014bd5270019f after 1ms.
2021-03-19 15:29:41,037 DEBUG [Thread-0-SendThread(localhost:2181)] org.apache.zookeeper.ClientCnxn: Got ping response for session id: 0x10014bd5270019f after 0ms.
2021-03-19 15:29:42,374 DEBUG [Thread-0-SendThread(localhost:2181)] org.apache.zookeeper.ClientCnxn: Got ping response for session id: 0x10014bd5270019f after 1ms.
Starting commModule
2021-03-19 15:29:43,676 INFO  [Thread-0] root: Server communication module connected
2021-03-19 15:29:43,677 INFO  [Thread-0] root: Connected to localhost on port 60096
2021-03-19 15:29:43,679 INFO  [Thread-22] root: Message received by server -> Status: GET_METADATA Key: nothing Value: nothing
2021-03-19 15:29:43,679 DEBUG [Thread-22] root: In serve
2021-03-19 15:29:43,679 DEBUG [Thread-22] root: Checking if stopped or write locked
2021-03-19 15:29:43,679 DEBUG [Thread-22] root: Case GET_METADATA
2021-03-19 15:29:43,689 INFO  [Thread-22] root: Message sent by server -> Status: GET_METADATA_SUCCESS Key: nothing Value: nothing
Starting commModule
2021-03-19 15:29:43,707 INFO  [Thread-0] root: Server communication module connected
2021-03-19 15:29:43,707 INFO  [Thread-0] root: Connected to localhost on port 60099
2021-03-19 15:29:43,710 INFO  [Thread-23] root: Message received by server -> Status: PROPAGATE
2021-03-19 15:29:43,710 DEBUG [Thread-23] root: In serve
2021-03-19 15:29:43,710 DEBUG [Thread-23] root: Checking if stopped or write locked
2021-03-19 15:29:43,710 DEBUG [Thread-23] root: Case propagate
2021-03-19 15:29:43,710 DEBUG [Thread-23] root: Passing to server
2021-03-19 15:29:43,710 DEBUG [Thread-23] root: Getting Predecessors
2021-03-19 15:29:43,710 DEBUG [Thread-23] root: Looking for 127.0.0.1:50054
2021-03-19 15:29:43,710 DEBUG [Thread-23] root: [127.0.0.1:50096, 127.0.0.1:50128, 127.0.0.1:50054]
2021-03-19 15:29:43,711 DEBUG [Thread-23] root: Predecessors:
2021-03-19 15:29:43,711 DEBUG [Thread-23] root: [127.0.0.1:50096, 127.0.0.1:50128]
2021-03-19 15:29:43,711 DEBUG [Thread-23] root: Looking for 127.0.0.1:50096
2021-03-19 15:29:43,711 DEBUG [Thread-23] root: Index of predecessor: 0
2021-03-19 15:29:43,711 DEBUG [Thread-23] root: Server Stuff
2021-03-19 15:29:43,711 INFO  [Thread-23] root: Put: key = 1, value = 1
2021-03-19 15:29:43,712 DEBUG [Thread-0-SendThread(localhost:2181)] org.apache.zookeeper.ClientCnxn: Got ping response for session id: 0x10014bd5270019f after 0ms.
2021-03-19 15:29:43,713 INFO  [Thread-23] root: Message sent by server -> Status: PROPAGATE_SUCCESS Key: null Value: null
Starting commModule
2021-03-19 15:29:43,715 INFO  [Thread-0] root: Server communication module connected
2021-03-19 15:29:43,716 INFO  [Thread-0] root: Connected to localhost on port 60100
2021-03-19 15:29:43,716 INFO  [Thread-24] root: Message received by server -> Status: GET Key: 1 Value: null
2021-03-19 15:29:43,716 DEBUG [Thread-24] root: In serve
2021-03-19 15:29:43,716 DEBUG [Thread-24] root: Checking if stopped or write locked
2021-03-19 15:29:43,716 DEBUG [Thread-24] root: Checking if it's in range
2021-03-19 15:29:43,718 DEBUG [Thread-24] root: Got hostname and port -> 127.0.0.1:50054
2021-03-19 15:29:43,718 DEBUG [Thread-24] root: Got metadata range: 7d702efaf269e072d356534041d15e5f:7d702efaf269e072d356534041d15e5e
2021-03-19 15:29:43,718 DEBUG [Thread-24] root: 127.0.0.1:50128 -> 7ab31aaa5f852209d555dc89deffa798:7ab31aaa5f852209d555dc89deffa797
2021-03-19 15:29:43,718 DEBUG [Thread-24] root: 127.0.0.1:50096 -> 726f9fca1edf9997195d46dcf5dd8e98:726f9fca1edf9997195d46dcf5dd8e97
2021-03-19 15:29:43,718 DEBUG [Thread-24] root: 127.0.0.1:50054 -> 7d702efaf269e072d356534041d15e5f:7d702efaf269e072d356534041d15e5e
2021-03-19 15:29:43,718 DEBUG [Thread-24] root: Got range big ints
2021-03-19 15:29:43,718 DEBUG [Thread-24] root: Range end < range start
2021-03-19 15:29:43,718 DEBUG [Thread-24] root: Done with range check in server
2021-03-19 15:29:43,718 INFO  [Thread-24] root: Get: key = 1
2021-03-19 15:29:43,719 INFO  [Thread-24] root: Message sent by server -> Status: GET_SUCCESS Key: 1 Value: 1
Starting commModule
2021-03-19 15:29:43,734 INFO  [Thread-0] root: Server communication module connected
2021-03-19 15:29:43,735 INFO  [Thread-0] root: Connected to localhost on port 60103
2021-03-19 15:29:43,735 INFO  [Thread-25] root: Message received by server -> Status: SHUTDOWN
received adminmsg
2021-03-19 15:29:43,735 DEBUG [Thread-25] root: Closing the program
2021-03-19 15:29:43,735 INFO  [Thread-25] root: Message sent by server -> Status: SHUTDOWN_SUCCESS
2021-03-19 15:29:43,736 ERROR [Thread-0] root: Error! Unable to establish connection. 

java.net.SocketException: Socket closed
	at java.base/java.net.PlainSocketImpl.socketAccept(Native Method)
	at java.base/java.net.AbstractPlainSocketImpl.accept(AbstractPlainSocketImpl.java:458)
	at java.base/java.net.ServerSocket.implAccept(ServerSocket.java:565)
	at java.base/java.net.ServerSocket.accept(ServerSocket.java:533)
	at app_kvServer.KVServer.run(KVServer.java:408)
2021-03-19 15:29:43,738 INFO  [Thread-0] root: Server stopped.
2021-03-19 15:29:43,738 INFO  [Thread-0] root: Clearing KV Storage...
