2021-03-18 22:25:38,576 INFO  [main] root: Creating Storage Files
2021-03-18 22:25:38,577 INFO  [main] root: File created: server106.json
2021-03-18 22:25:38,578 INFO  [main] root: File created: server106_replica_1.json
2021-03-18 22:25:38,578 INFO  [main] root: File created: server106_replica_2.json
2021-03-18 22:25:38,578 INFO  [Thread-0] root: Initialize server ...
2021-03-18 22:25:38,598 INFO  [Thread-0] root: Server listening on port: 50105
2021-03-18 22:25:38,898 INFO  [Thread-0] org.apache.zookeeper.ZooKeeper: Client environment:zookeeper.version=3.6.2--803c7f1a12f85978cb049af5e4ef23bd8b688715, built on 09/04/2020 12:44 GMT
2021-03-18 22:25:38,898 INFO  [Thread-0] org.apache.zookeeper.ZooKeeper: Client environment:host.name=localhost
2021-03-18 22:25:38,898 INFO  [Thread-0] org.apache.zookeeper.ZooKeeper: Client environment:java.version=11.0.10
2021-03-18 22:25:38,898 INFO  [Thread-0] org.apache.zookeeper.ZooKeeper: Client environment:java.vendor=Azul Systems, Inc.
2021-03-18 22:25:38,898 INFO  [Thread-0] org.apache.zookeeper.ZooKeeper: Client environment:java.home=/Users/steve/Library/Java/JavaVirtualMachines/azul-11.0.10/Contents/Home
2021-03-18 22:25:38,898 INFO  [Thread-0] org.apache.zookeeper.ZooKeeper: Client environment:java.class.path=/Users/steve/Desktop/UofT/year4/winter2021/ECE419/milestone3/m3-server.jar
2021-03-18 22:25:38,898 INFO  [Thread-0] org.apache.zookeeper.ZooKeeper: Client environment:java.library.path=/Users/steve/Library/Java/Extensions:/Library/Java/Extensions:/Network/Library/Java/Extensions:/System/Library/Java/Extensions:/usr/lib/java:.
2021-03-18 22:25:38,899 INFO  [Thread-0] org.apache.zookeeper.ZooKeeper: Client environment:java.io.tmpdir=/var/folders/kz/3gb57nkn6ks6_07_dtt5lqvr0000gn/T/
2021-03-18 22:25:38,899 INFO  [Thread-0] org.apache.zookeeper.ZooKeeper: Client environment:java.compiler=<NA>
2021-03-18 22:25:38,899 INFO  [Thread-0] org.apache.zookeeper.ZooKeeper: Client environment:os.name=Mac OS X
2021-03-18 22:25:38,899 INFO  [Thread-0] org.apache.zookeeper.ZooKeeper: Client environment:os.arch=x86_64
2021-03-18 22:25:38,899 INFO  [Thread-0] org.apache.zookeeper.ZooKeeper: Client environment:os.version=10.16
2021-03-18 22:25:38,899 INFO  [Thread-0] org.apache.zookeeper.ZooKeeper: Client environment:user.name=steve
2021-03-18 22:25:38,899 INFO  [Thread-0] org.apache.zookeeper.ZooKeeper: Client environment:user.home=/Users/steve
2021-03-18 22:25:38,899 INFO  [Thread-0] org.apache.zookeeper.ZooKeeper: Client environment:user.dir=/Users/steve
2021-03-18 22:25:38,899 INFO  [Thread-0] org.apache.zookeeper.ZooKeeper: Client environment:os.memory.free=249MB
2021-03-18 22:25:38,899 INFO  [Thread-0] org.apache.zookeeper.ZooKeeper: Client environment:os.memory.max=4096MB
2021-03-18 22:25:38,899 INFO  [Thread-0] org.apache.zookeeper.ZooKeeper: Client environment:os.memory.total=256MB
2021-03-18 22:25:38,904 INFO  [Thread-0] org.apache.zookeeper.ZooKeeper: Initiating client connection, connectString=localhost:2181 sessionTimeout=3000 watcher=app_kvServer.KVServer$1@6f049d8b
2021-03-18 22:25:38,911 INFO  [Thread-0] org.apache.zookeeper.common.X509Util: Setting -D jdk.tls.rejectClientInitiatedRenegotiation=true to disable client-initiated TLS renegotiation
2021-03-18 22:25:38,925 INFO  [Thread-0] org.apache.zookeeper.ClientCnxnSocket: jute.maxbuffer value is 1048575 Bytes
2021-03-18 22:25:38,933 INFO  [Thread-0] org.apache.zookeeper.ClientCnxn: zookeeper.request.timeout value is 0. feature enabled=false
2021-03-18 22:25:38,945 DEBUG [Thread-0-SendThread(localhost:2181)] org.apache.zookeeper.SaslServerPrincipal: Canonicalized address to localhost
2021-03-18 22:25:38,946 INFO  [Thread-0-SendThread(localhost:2181)] org.apache.zookeeper.ClientCnxn: Opening socket connection to server localhost/127.0.0.1:2181.
2021-03-18 22:25:38,946 INFO  [Thread-0-SendThread(localhost:2181)] org.apache.zookeeper.ClientCnxn: SASL config status: Will not attempt to authenticate using SASL (unknown error)
2021-03-18 22:25:38,963 INFO  [Thread-0-SendThread(localhost:2181)] org.apache.zookeeper.ClientCnxn: Socket connection established, initiating session, client: /127.0.0.1:52050, server: localhost/127.0.0.1:2181
2021-03-18 22:25:38,964 DEBUG [Thread-0-SendThread(localhost:2181)] org.apache.zookeeper.ClientCnxn: Session establishment request sent on localhost/127.0.0.1:2181
2021-03-18 22:25:38,994 TRACE [Thread-0-SendThread(localhost:2181)] org.apache.zookeeper.ClientCnxnSocket: readConnectResult 37 0x[0,0,0,0,0,0,f,ffffffa0,1,0,14,ffffffbd,52,70,0,53,0,0,0,10,ffffffe4,ffffffdb,fffffff3,26,ffffffa5,ffffffde,2a,1e,16,4b,ffffffcc,ffffffdf,43,ffffffce,ffffffc0,b,0,]
2021-03-18 22:25:38,997 INFO  [Thread-0-SendThread(localhost:2181)] org.apache.zookeeper.ClientCnxn: Session establishment complete on server localhost/127.0.0.1:2181, session id = 0x10014bd52700053, negotiated timeout = 4000
2021-03-18 22:25:39,000 DEBUG [Thread-0-EventThread] root: ZK event: 
2021-03-18 22:25:39,000 DEBUG [Thread-0-EventThread] root: WatchedEvent state:SyncConnected type:None path:null
2021-03-18 22:25:39,029 DEBUG [Thread-0-SendThread(localhost:2181)] org.apache.zookeeper.ClientCnxn: Reading reply session id: 0x10014bd52700053, packet:: clientPath:null serverPath:null finished:false header:: 1,1  replyHeader:: 1,276,0  request:: '/keeper/server106,,v{s{31,s{'world,'anyone}}},1  response:: '/keeper/server106 
2021-03-18 22:25:39,033 DEBUG [Thread-0-SendThread(localhost:2181)] org.apache.zookeeper.ClientCnxn: Reading reply session id: 0x10014bd52700053, packet:: clientPath:null serverPath:null finished:false header:: 2,3  replyHeader:: 2,276,0  request:: '/keeper/server106,T  response:: s{276,276,1616120739000,1616120739000,0,0,0,72080397402374227,0,0,276} 
2021-03-18 22:25:39,060 DEBUG [Thread-0-SendThread(localhost:2181)] org.apache.zookeeper.ClientCnxn: Got notification session id: 0x10014bd52700053
2021-03-18 22:25:39,062 DEBUG [Thread-0-SendThread(localhost:2181)] org.apache.zookeeper.ClientCnxn: Got WatchedEvent state:SyncConnected type:NodeDataChanged path:/keeper/server106 for session id 0x10014bd52700053
2021-03-18 22:25:39,064 DEBUG [Thread-0-EventThread] root: ZK event: 
2021-03-18 22:25:39,064 DEBUG [Thread-0-EventThread] root: WatchedEvent state:SyncConnected type:NodeDataChanged path:/keeper/server106
2021-03-18 22:25:39,064 DEBUG [Thread-0-SendThread(localhost:2181)] org.apache.zookeeper.ClientCnxn: Reading reply session id: 0x10014bd52700053, packet:: clientPath:null serverPath:null finished:false header:: 3,5  replyHeader:: 3,277,0  request:: '/keeper/server106,#3132372e302e302e313a3530313035,0  response:: s{276,277,1616120739000,1616120739034,1,0,0,72080397402374227,15,0,276} 
2021-03-18 22:25:39,065 INFO  [Thread-0] root: Node created at: /keeper/server106
Starting commModule
2021-03-18 22:25:39,072 INFO  [Thread-0] root: Server communication module connected
2021-03-18 22:25:39,073 INFO  [Thread-0] root: Connected to localhost on port 52051
2021-03-18 22:25:39,081 INFO  [Thread-1] root: Message received by server -> Status: INIT_SERVER
received adminmsg
2021-03-18 22:25:39,082 INFO  [Thread-1] root: Message sent by server -> Status: INIT_SERVER_SUCCESS
2021-03-18 22:25:39,083 INFO  [Thread-1] root: Message received by server -> Status: START
received adminmsg
2021-03-18 22:25:39,083 INFO  [Thread-1] root: Message sent by server -> Status: START_SUCCESS
Starting commModule
2021-03-18 22:25:39,084 INFO  [Thread-0] root: Server communication module connected
2021-03-18 22:25:39,085 INFO  [Thread-0] root: Connected to localhost on port 52052
2021-03-18 22:25:39,086 INFO  [Thread-2] root: Message received by server -> Status: UPDATE
received adminmsg
2021-03-18 22:25:39,087 INFO  [Thread-2] root: Message sent by server -> Status: UPDATE_SUCCESS
Starting commModule
2021-03-18 22:25:39,089 INFO  [Thread-0] root: Server communication module connected
2021-03-18 22:25:39,089 INFO  [Thread-0] root: Connected to localhost on port 52053
2021-03-18 22:25:39,090 INFO  [Thread-3] root: Message received by server -> Status: PROPAGATE_ADMIN
received adminmsg
2021-03-18 22:25:39,095 DEBUG [Thread-3] root: Getting successors
2021-03-18 22:25:39,095 DEBUG [Thread-3] root: Got successors
2021-03-18 22:25:39,095 DEBUG [Thread-3] root: Propagating to: 127.0.0.1:50105 127.0.0.1:50105
Starting commModule
2021-03-18 22:25:39,098 INFO  [Thread-0] root: Server communication module connected
2021-03-18 22:25:39,098 INFO  [Thread-3] root: Client communication module connected
2021-03-18 22:25:39,098 INFO  [Thread-0] root: Connected to localhost on port 52054
Starting commModule
2021-03-18 22:25:39,098 INFO  [Thread-0] root: Server communication module connected
2021-03-18 22:25:39,098 INFO  [Thread-3] root: Client communication module connected
2021-03-18 22:25:39,099 DEBUG [Thread-3] root: {}
2021-03-18 22:25:39,099 INFO  [Thread-3] root: Message sent by server -> Status: PROPAGATE_SUCCESS
2021-03-18 22:25:39,099 INFO  [Thread-0] root: Connected to localhost on port 52055
Starting commModule
2021-03-18 22:25:39,675 INFO  [Thread-0] root: Server communication module connected
2021-03-18 22:25:39,676 INFO  [Thread-0] root: Connected to localhost on port 52059
2021-03-18 22:25:39,677 INFO  [Thread-6] root: Message received by server -> Status: UPDATE
received adminmsg
2021-03-18 22:25:39,678 INFO  [Thread-6] root: Message sent by server -> Status: UPDATE_SUCCESS
Starting commModule
2021-03-18 22:25:39,678 INFO  [Thread-0] root: Server communication module connected
2021-03-18 22:25:39,679 INFO  [Thread-0] root: Connected to localhost on port 52060
2021-03-18 22:25:39,680 INFO  [Thread-7] root: Message received by server -> Status: PROPAGATE_ADMIN
received adminmsg
2021-03-18 22:25:39,680 DEBUG [Thread-7] root: Getting successors
2021-03-18 22:25:39,680 DEBUG [Thread-7] root: Got successors
2021-03-18 22:25:39,680 DEBUG [Thread-7] root: Propagating to: 127.0.0.1:50049 127.0.0.1:50105
2021-03-18 22:25:39,681 INFO  [Thread-7] root: Client communication module connected
Starting commModule
2021-03-18 22:25:39,681 INFO  [Thread-0] root: Server communication module connected
2021-03-18 22:25:39,681 INFO  [Thread-7] root: Client communication module connected
2021-03-18 22:25:39,681 DEBUG [Thread-7] root: {}
2021-03-18 22:25:39,682 INFO  [Thread-7] root: Message sent by server -> Status: PROPAGATE_SUCCESS
2021-03-18 22:25:39,682 INFO  [Thread-0] root: Connected to localhost on port 52062
Starting commModule
2021-03-18 22:25:39,683 INFO  [Thread-0] root: Server communication module connected
2021-03-18 22:25:39,683 INFO  [Thread-0] root: Connected to localhost on port 52063
2021-03-18 22:25:39,688 INFO  [Thread-9] root: Message received by server -> Status: MOVE_DATA
received adminmsg
2021-03-18 22:25:39,688 DEBUG [Thread-9] root: Input data: 
2021-03-18 22:25:39,688 DEBUG [Thread-9] root: 49bb89fd99779e42738fc3f42ee45d64:3e62539b22d2d43791905f456842e2e9
2021-03-18 22:25:39,688 DEBUG [Thread-9] root: 127.0.0.1:50049
2021-03-18 22:25:39,689 INFO  [Thread-9] root: Client communication module connected
2021-03-18 22:25:39,689 DEBUG [Thread-9] root: Host: 127.0.0.1
2021-03-18 22:25:39,689 DEBUG [Thread-9] root: Port: 50049
2021-03-18 22:25:39,689 DEBUG [Thread-9] root: Range: 49bb89fd99779e42738fc3f42ee45d64:3e62539b22d2d43791905f456842e2e9
2021-03-18 22:25:39,690 DEBUG [Thread-9] root: Starting flush data
2021-03-18 22:25:39,690 DEBUG [Thread-9] root: Finished flush data
2021-03-18 22:25:39,690 DEBUG [Thread-9] root: Closing conn
2021-03-18 22:25:39,690 INFO  [Thread-9] root: Connection closed!
2021-03-18 22:25:39,690 DEBUG [Thread-9] root: Closed conn
2021-03-18 22:25:39,690 INFO  [Thread-9] root: Message sent by server -> Status: MOVE_DATA_SUCCESS
Starting commModule
2021-03-18 22:25:39,692 INFO  [Thread-0] root: Server communication module connected
2021-03-18 22:25:39,693 INFO  [Thread-0] root: Connected to localhost on port 52065
2021-03-18 22:25:39,693 INFO  [Thread-10] root: Message received by server -> Status: UPDATE
received adminmsg
2021-03-18 22:25:39,694 INFO  [Thread-10] root: Message sent by server -> Status: UPDATE_SUCCESS
Starting commModule
2021-03-18 22:25:39,698 INFO  [Thread-0] root: Server communication module connected
2021-03-18 22:25:39,699 INFO  [Thread-0] root: Connected to localhost on port 52067
2021-03-18 22:25:39,699 INFO  [Thread-11] root: Message received by server -> Status: PROPAGATE_ADMIN
received adminmsg
2021-03-18 22:25:39,700 DEBUG [Thread-11] root: Getting successors
2021-03-18 22:25:39,700 DEBUG [Thread-11] root: Got successors
2021-03-18 22:25:39,700 DEBUG [Thread-11] root: Propagating to: 127.0.0.1:50049 127.0.0.1:50105
2021-03-18 22:25:39,700 INFO  [Thread-11] root: Client communication module connected
Starting commModule
2021-03-18 22:25:39,701 INFO  [Thread-0] root: Server communication module connected
2021-03-18 22:25:39,701 INFO  [Thread-11] root: Client communication module connected
2021-03-18 22:25:39,701 DEBUG [Thread-11] root: {}
2021-03-18 22:25:39,702 INFO  [Thread-11] root: Message sent by server -> Status: PROPAGATE_SUCCESS
2021-03-18 22:25:39,702 INFO  [Thread-0] root: Connected to localhost on port 52069
Starting commModule
2021-03-18 22:25:39,712 INFO  [Thread-0] root: Server communication module connected
2021-03-18 22:25:39,712 INFO  [Thread-0] root: Connected to localhost on port 52071
Starting commModule
2021-03-18 22:25:40,296 INFO  [Thread-0] root: Server communication module connected
2021-03-18 22:25:40,297 INFO  [Thread-0] root: Connected to localhost on port 52076
2021-03-18 22:25:40,298 INFO  [Thread-14] root: Message received by server -> Status: UPDATE
received adminmsg
2021-03-18 22:25:40,299 INFO  [Thread-14] root: Message sent by server -> Status: UPDATE_SUCCESS
Starting commModule
2021-03-18 22:25:40,303 INFO  [Thread-0] root: Server communication module connected
2021-03-18 22:25:40,304 INFO  [Thread-0] root: Connected to localhost on port 52078
2021-03-18 22:25:40,304 INFO  [Thread-15] root: Message received by server -> Status: PROPAGATE_ADMIN
received adminmsg
2021-03-18 22:25:40,304 DEBUG [Thread-15] root: Getting successors
2021-03-18 22:25:40,304 DEBUG [Thread-15] root: Got successors
2021-03-18 22:25:40,305 DEBUG [Thread-15] root: Propagating to: 127.0.0.1:50084 127.0.0.1:50049
2021-03-18 22:25:40,305 INFO  [Thread-15] root: Client communication module connected
2021-03-18 22:25:40,306 INFO  [Thread-15] root: Client communication module connected
2021-03-18 22:25:40,306 DEBUG [Thread-15] root: {}
2021-03-18 22:25:40,306 INFO  [Thread-15] root: Message sent by server -> Status: PROPAGATE_SUCCESS
Starting commModule
2021-03-18 22:25:40,309 INFO  [Thread-0] root: Server communication module connected
2021-03-18 22:25:40,310 INFO  [Thread-0] root: Connected to localhost on port 52082
Starting commModule
2021-03-18 22:25:40,314 INFO  [Thread-0] root: Server communication module connected
2021-03-18 22:25:40,315 INFO  [Thread-0] root: Connected to localhost on port 52086
2021-03-18 22:25:40,315 INFO  [Thread-17] root: Message received by server -> Status: UPDATE
received adminmsg
2021-03-18 22:25:40,316 INFO  [Thread-17] root: Message sent by server -> Status: UPDATE_SUCCESS
Starting commModule
2021-03-18 22:25:40,323 INFO  [Thread-0] root: Server communication module connected
2021-03-18 22:25:40,323 INFO  [Thread-0] root: Connected to localhost on port 52089
2021-03-18 22:25:40,324 INFO  [Thread-18] root: Message received by server -> Status: PROPAGATE_ADMIN
received adminmsg
2021-03-18 22:25:40,325 DEBUG [Thread-18] root: Getting successors
2021-03-18 22:25:40,325 DEBUG [Thread-18] root: Got successors
2021-03-18 22:25:40,325 DEBUG [Thread-18] root: Propagating to: 127.0.0.1:50084 127.0.0.1:50049
2021-03-18 22:25:40,325 INFO  [Thread-18] root: Client communication module connected
2021-03-18 22:25:40,326 INFO  [Thread-18] root: Client communication module connected
2021-03-18 22:25:40,326 DEBUG [Thread-18] root: {}
2021-03-18 22:25:40,326 INFO  [Thread-18] root: Message sent by server -> Status: PROPAGATE_SUCCESS
Starting commModule
2021-03-18 22:25:40,329 INFO  [Thread-0] root: Server communication module connected
2021-03-18 22:25:40,329 INFO  [Thread-0] root: Connected to localhost on port 52093
Starting commModule
2021-03-18 22:25:40,340 INFO  [Thread-0] root: Server communication module connected
2021-03-18 22:25:40,341 INFO  [Thread-0] root: Connected to localhost on port 52097
Starting commModule
2021-03-18 22:25:40,352 INFO  [Thread-0] root: Server communication module connected
2021-03-18 22:25:40,353 INFO  [Thread-0] root: Connected to localhost on port 52098
2021-03-18 22:25:40,358 INFO  [Thread-21] root: Message received by server -> Status: PUT Key: 1 Value: 1
2021-03-18 22:25:40,359 DEBUG [Thread-21] root: In serve
2021-03-18 22:25:40,359 DEBUG [Thread-21] root: Checking if stopped or write locked
2021-03-18 22:25:40,359 DEBUG [Thread-21] root: PUT request being served
2021-03-18 22:25:40,359 DEBUG [Thread-21] root: Checking if it's in range
2021-03-18 22:25:40,368 DEBUG [Thread-21] root: Got hostname and port -> 127.0.0.1:50105
2021-03-18 22:25:40,368 DEBUG [Thread-21] root: Got metadata range: 3e62539b22d2d43791905f456842e2ea:49bb89fd99779e42738fc3f42ee45d63
2021-03-18 22:25:40,368 DEBUG [Thread-21] root: 127.0.0.1:50049 -> a8bb92606ca27789af6c077da3955bce:3e62539b22d2d43791905f456842e2e9
2021-03-18 22:25:40,368 DEBUG [Thread-21] root: 127.0.0.1:50105 -> 3e62539b22d2d43791905f456842e2ea:49bb89fd99779e42738fc3f42ee45d63
2021-03-18 22:25:40,368 DEBUG [Thread-21] root: 127.0.0.1:50084 -> 49bb89fd99779e42738fc3f42ee45d64:a8bb92606ca27789af6c077da3955bcd
2021-03-18 22:25:40,368 DEBUG [Thread-21] root: Got range big ints
2021-03-18 22:25:40,368 DEBUG [Thread-21] root: Range start < range end
2021-03-18 22:25:40,368 DEBUG [Thread-21] root: Done with range check in server
2021-03-18 22:25:40,368 DEBUG [Thread-21] root: Not in range
2021-03-18 22:25:40,370 INFO  [Thread-21] root: Message sent by server -> Status: SERVER_NOT_RESPONSIBLE Key: 1 Value: null
2021-03-18 22:25:40,373 DEBUG [Thread-0-SendThread(localhost:2181)] org.apache.zookeeper.ClientCnxn: Got ping response for session id: 0x10014bd52700053 after 0ms.
Starting commModule
2021-03-18 22:25:40,384 INFO  [Thread-0] root: Server communication module connected
2021-03-18 22:25:40,385 INFO  [Thread-0] root: Connected to localhost on port 52100
2021-03-18 22:25:40,388 INFO  [Thread-22] root: Message received by server -> Status: PROPAGATE
2021-03-18 22:25:40,388 DEBUG [Thread-22] root: In serve
2021-03-18 22:25:40,388 DEBUG [Thread-22] root: Checking if stopped or write locked
2021-03-18 22:25:40,388 DEBUG [Thread-22] root: Case propagate
2021-03-18 22:25:40,388 DEBUG [Thread-22] root: Passing to server
2021-03-18 22:25:40,388 DEBUG [Thread-22] root: Getting Predecessors
2021-03-18 22:25:40,388 DEBUG [Thread-22] root: Looking for 127.0.0.1:50105
2021-03-18 22:25:40,388 DEBUG [Thread-22] root: [127.0.0.1:50049, 127.0.0.1:50105, 127.0.0.1:50084]
2021-03-18 22:25:40,388 DEBUG [Thread-22] root: Predecessors:
2021-03-18 22:25:40,388 DEBUG [Thread-22] root: [127.0.0.1:50084, 127.0.0.1:50049]
2021-03-18 22:25:40,388 DEBUG [Thread-22] root: Looking for 127.0.0.1:50049
2021-03-18 22:25:40,388 DEBUG [Thread-22] root: Index of predecessor: 1
2021-03-18 22:25:40,388 DEBUG [Thread-22] root: Server Stuff
2021-03-18 22:25:40,388 INFO  [Thread-22] root: Put: key = 1, value = 1
2021-03-18 22:25:40,390 INFO  [Thread-22] root: Message sent by server -> Status: PROPAGATE_SUCCESS Key: null Value: null
Starting commModule
2021-03-18 22:25:40,393 INFO  [Thread-0] root: Server communication module connected
2021-03-18 22:25:40,394 INFO  [Thread-0] root: Connected to localhost on port 52102
2021-03-18 22:25:41,706 DEBUG [Thread-0-SendThread(localhost:2181)] org.apache.zookeeper.ClientCnxn: Got ping response for session id: 0x10014bd52700053 after 0ms.
2021-03-18 22:25:43,040 DEBUG [Thread-0-SendThread(localhost:2181)] org.apache.zookeeper.ClientCnxn: Got ping response for session id: 0x10014bd52700053 after 0ms.
2021-03-18 22:25:44,377 DEBUG [Thread-0-SendThread(localhost:2181)] org.apache.zookeeper.ClientCnxn: Got ping response for session id: 0x10014bd52700053 after 1ms.
2021-03-18 22:25:45,716 DEBUG [Thread-0-SendThread(localhost:2181)] org.apache.zookeeper.ClientCnxn: Got ping response for session id: 0x10014bd52700053 after 1ms.
2021-03-18 22:25:47,053 DEBUG [Thread-0-SendThread(localhost:2181)] org.apache.zookeeper.ClientCnxn: Got ping response for session id: 0x10014bd52700053 after 1ms.
2021-03-18 22:25:48,387 DEBUG [Thread-0-SendThread(localhost:2181)] org.apache.zookeeper.ClientCnxn: Got ping response for session id: 0x10014bd52700053 after 0ms.
2021-03-18 22:25:49,723 DEBUG [Thread-0-SendThread(localhost:2181)] org.apache.zookeeper.ClientCnxn: Got ping response for session id: 0x10014bd52700053 after 0ms.
2021-03-18 22:25:51,056 DEBUG [Thread-0-SendThread(localhost:2181)] org.apache.zookeeper.ClientCnxn: Got ping response for session id: 0x10014bd52700053 after 0ms.
2021-03-18 22:25:52,392 DEBUG [Thread-0-SendThread(localhost:2181)] org.apache.zookeeper.ClientCnxn: Got ping response for session id: 0x10014bd52700053 after 1ms.
2021-03-18 22:25:53,729 DEBUG [Thread-0-SendThread(localhost:2181)] org.apache.zookeeper.ClientCnxn: Got ping response for session id: 0x10014bd52700053 after 1ms.
2021-03-18 22:25:55,067 DEBUG [Thread-0-SendThread(localhost:2181)] org.apache.zookeeper.ClientCnxn: Got ping response for session id: 0x10014bd52700053 after 1ms.
2021-03-18 22:25:56,403 DEBUG [Thread-0-SendThread(localhost:2181)] org.apache.zookeeper.ClientCnxn: Got ping response for session id: 0x10014bd52700053 after 1ms.
2021-03-18 22:25:57,738 DEBUG [Thread-0-SendThread(localhost:2181)] org.apache.zookeeper.ClientCnxn: Got ping response for session id: 0x10014bd52700053 after 0ms.
2021-03-18 22:25:59,073 DEBUG [Thread-0-SendThread(localhost:2181)] org.apache.zookeeper.ClientCnxn: Got ping response for session id: 0x10014bd52700053 after 1ms.
Starting commModule
2021-03-18 22:25:59,137 INFO  [Thread-0] root: Server communication module connected
2021-03-18 22:25:59,138 INFO  [Thread-0] root: Connected to localhost on port 52112
2021-03-18 22:25:59,138 INFO  [Thread-24] root: Message received by server -> Status: SHUTDOWN
received adminmsg
2021-03-18 22:25:59,138 DEBUG [Thread-24] root: Closing the program
2021-03-18 22:25:59,138 INFO  [Thread-24] root: Message sent by server -> Status: SHUTDOWN_SUCCESS
2021-03-18 22:25:59,139 ERROR [Thread-0] root: Error! Unable to establish connection. 

java.net.SocketException: Socket closed
	at java.base/java.net.PlainSocketImpl.socketAccept(Native Method)
	at java.base/java.net.AbstractPlainSocketImpl.accept(AbstractPlainSocketImpl.java:458)
	at java.base/java.net.ServerSocket.implAccept(ServerSocket.java:565)
	at java.base/java.net.ServerSocket.accept(ServerSocket.java:533)
	at app_kvServer.KVServer.run(KVServer.java:408)
2021-03-18 22:25:59,141 INFO  [Thread-0] root: Server stopped.
2021-03-18 22:25:59,141 INFO  [Thread-0] root: Clearing KV Storage...
