2021-03-18 21:47:42,464 INFO  [main] root: Creating Storage Files
2021-03-18 21:47:42,465 INFO  [main] root: File created: server67.json
2021-03-18 21:47:42,465 INFO  [main] root: File created: server67_replica_1.json
2021-03-18 21:47:42,465 INFO  [main] root: File created: server67_replica_2.json
2021-03-18 21:47:42,466 INFO  [Thread-0] root: Initialize server ...
2021-03-18 21:47:42,478 INFO  [Thread-0] root: Server listening on port: 50066
2021-03-18 21:47:42,500 INFO  [Thread-0] org.apache.zookeeper.ZooKeeper: Client environment:zookeeper.version=3.6.2--803c7f1a12f85978cb049af5e4ef23bd8b688715, built on 09/04/2020 12:44 GMT
2021-03-18 21:47:42,500 INFO  [Thread-0] org.apache.zookeeper.ZooKeeper: Client environment:host.name=localhost
2021-03-18 21:47:42,500 INFO  [Thread-0] org.apache.zookeeper.ZooKeeper: Client environment:java.version=11.0.10
2021-03-18 21:47:42,500 INFO  [Thread-0] org.apache.zookeeper.ZooKeeper: Client environment:java.vendor=Azul Systems, Inc.
2021-03-18 21:47:42,501 INFO  [Thread-0] org.apache.zookeeper.ZooKeeper: Client environment:java.home=/Users/steve/Library/Java/JavaVirtualMachines/azul-11.0.10/Contents/Home
2021-03-18 21:47:42,501 INFO  [Thread-0] org.apache.zookeeper.ZooKeeper: Client environment:java.class.path=/Users/steve/Desktop/UofT/year4/winter2021/ECE419/milestone3/m3-server.jar
2021-03-18 21:47:42,501 INFO  [Thread-0] org.apache.zookeeper.ZooKeeper: Client environment:java.library.path=/Users/steve/Library/Java/Extensions:/Library/Java/Extensions:/Network/Library/Java/Extensions:/System/Library/Java/Extensions:/usr/lib/java:.
2021-03-18 21:47:42,501 INFO  [Thread-0] org.apache.zookeeper.ZooKeeper: Client environment:java.io.tmpdir=/var/folders/kz/3gb57nkn6ks6_07_dtt5lqvr0000gn/T/
2021-03-18 21:47:42,501 INFO  [Thread-0] org.apache.zookeeper.ZooKeeper: Client environment:java.compiler=<NA>
2021-03-18 21:47:42,501 INFO  [Thread-0] org.apache.zookeeper.ZooKeeper: Client environment:os.name=Mac OS X
2021-03-18 21:47:42,501 INFO  [Thread-0] org.apache.zookeeper.ZooKeeper: Client environment:os.arch=x86_64
2021-03-18 21:47:42,501 INFO  [Thread-0] org.apache.zookeeper.ZooKeeper: Client environment:os.version=10.16
2021-03-18 21:47:42,501 INFO  [Thread-0] org.apache.zookeeper.ZooKeeper: Client environment:user.name=steve
2021-03-18 21:47:42,501 INFO  [Thread-0] org.apache.zookeeper.ZooKeeper: Client environment:user.home=/Users/steve
2021-03-18 21:47:42,501 INFO  [Thread-0] org.apache.zookeeper.ZooKeeper: Client environment:user.dir=/Users/steve
2021-03-18 21:47:42,501 INFO  [Thread-0] org.apache.zookeeper.ZooKeeper: Client environment:os.memory.free=249MB
2021-03-18 21:47:42,501 INFO  [Thread-0] org.apache.zookeeper.ZooKeeper: Client environment:os.memory.max=4096MB
2021-03-18 21:47:42,501 INFO  [Thread-0] org.apache.zookeeper.ZooKeeper: Client environment:os.memory.total=256MB
2021-03-18 21:47:42,504 INFO  [Thread-0] org.apache.zookeeper.ZooKeeper: Initiating client connection, connectString=localhost:2181 sessionTimeout=3000 watcher=app_kvServer.KVServer$1@6f049d8b
2021-03-18 21:47:42,508 INFO  [Thread-0] org.apache.zookeeper.common.X509Util: Setting -D jdk.tls.rejectClientInitiatedRenegotiation=true to disable client-initiated TLS renegotiation
2021-03-18 21:47:42,519 INFO  [Thread-0] org.apache.zookeeper.ClientCnxnSocket: jute.maxbuffer value is 1048575 Bytes
2021-03-18 21:47:42,526 INFO  [Thread-0] org.apache.zookeeper.ClientCnxn: zookeeper.request.timeout value is 0. feature enabled=false
2021-03-18 21:47:42,536 DEBUG [Thread-0-SendThread(localhost:2181)] org.apache.zookeeper.SaslServerPrincipal: Canonicalized address to localhost
2021-03-18 21:47:42,538 INFO  [Thread-0-SendThread(localhost:2181)] org.apache.zookeeper.ClientCnxn: Opening socket connection to server localhost/127.0.0.1:2181.
2021-03-18 21:47:42,538 INFO  [Thread-0-SendThread(localhost:2181)] org.apache.zookeeper.ClientCnxn: SASL config status: Will not attempt to authenticate using SASL (unknown error)
2021-03-18 21:47:42,555 INFO  [Thread-0-SendThread(localhost:2181)] org.apache.zookeeper.ClientCnxn: Socket connection established, initiating session, client: /127.0.0.1:50963, server: localhost/127.0.0.1:2181
2021-03-18 21:47:42,556 DEBUG [Thread-0-SendThread(localhost:2181)] org.apache.zookeeper.ClientCnxn: Session establishment request sent on localhost/127.0.0.1:2181
2021-03-18 21:47:42,585 TRACE [Thread-0-SendThread(localhost:2181)] org.apache.zookeeper.ClientCnxnSocket: readConnectResult 37 0x[0,0,0,0,0,0,f,ffffffa0,1,0,14,ffffffbd,52,70,0,24,0,0,0,10,11,70,34,27,ffffffc6,ffffff9e,ffffff92,28,ffffff8c,6a,5c,2,2b,ffffffed,ffffffde,3b,0,]
2021-03-18 21:47:42,587 INFO  [Thread-0-SendThread(localhost:2181)] org.apache.zookeeper.ClientCnxn: Session establishment complete on server localhost/127.0.0.1:2181, session id = 0x10014bd52700024, negotiated timeout = 4000
2021-03-18 21:47:42,589 DEBUG [Thread-0-EventThread] root: ZK event: 
2021-03-18 21:47:42,589 DEBUG [Thread-0-EventThread] root: WatchedEvent state:SyncConnected type:None path:null
2021-03-18 21:47:42,616 DEBUG [Thread-0-SendThread(localhost:2181)] org.apache.zookeeper.ClientCnxn: Reading reply session id: 0x10014bd52700024, packet:: clientPath:null serverPath:null finished:false header:: 1,1  replyHeader:: 1,117,0  request:: '/keeper/server67,,v{s{31,s{'world,'anyone}}},1  response:: '/keeper/server67 
2021-03-18 21:47:42,621 DEBUG [Thread-0-SendThread(localhost:2181)] org.apache.zookeeper.ClientCnxn: Reading reply session id: 0x10014bd52700024, packet:: clientPath:null serverPath:null finished:false header:: 2,3  replyHeader:: 2,117,0  request:: '/keeper/server67,T  response:: s{117,117,1616118462589,1616118462589,0,0,0,72080397402374180,0,0,117} 
2021-03-18 21:47:42,647 DEBUG [Thread-0-SendThread(localhost:2181)] org.apache.zookeeper.ClientCnxn: Got notification session id: 0x10014bd52700024
2021-03-18 21:47:42,648 DEBUG [Thread-0-SendThread(localhost:2181)] org.apache.zookeeper.ClientCnxn: Got WatchedEvent state:SyncConnected type:NodeDataChanged path:/keeper/server67 for session id 0x10014bd52700024
2021-03-18 21:47:42,649 DEBUG [Thread-0-EventThread] root: ZK event: 
2021-03-18 21:47:42,650 DEBUG [Thread-0-EventThread] root: WatchedEvent state:SyncConnected type:NodeDataChanged path:/keeper/server67
2021-03-18 21:47:42,650 DEBUG [Thread-0-SendThread(localhost:2181)] org.apache.zookeeper.ClientCnxn: Reading reply session id: 0x10014bd52700024, packet:: clientPath:null serverPath:null finished:false header:: 3,5  replyHeader:: 3,118,0  request:: '/keeper/server67,#3132372e302e302e313a3530303636,0  response:: s{117,118,1616118462589,1616118462622,1,0,0,72080397402374180,15,0,117} 
2021-03-18 21:47:42,650 INFO  [Thread-0] root: Node created at: /keeper/server67
Starting commModule
2021-03-18 21:47:42,657 INFO  [Thread-0] root: Server communication module connected
2021-03-18 21:47:42,658 INFO  [Thread-0] root: Connected to localhost on port 50964
2021-03-18 21:47:42,665 INFO  [Thread-1] root: Message received by server -> Status: INIT_SERVER
received adminmsg
2021-03-18 21:47:42,666 INFO  [Thread-1] root: Message sent by server -> Status: INIT_SERVER_SUCCESS
2021-03-18 21:47:42,666 INFO  [Thread-1] root: Message received by server -> Status: START
received adminmsg
2021-03-18 21:47:42,666 INFO  [Thread-1] root: Message sent by server -> Status: START_SUCCESS
Starting commModule
2021-03-18 21:47:42,667 INFO  [Thread-0] root: Server communication module connected
2021-03-18 21:47:42,668 INFO  [Thread-0] root: Connected to localhost on port 50965
2021-03-18 21:47:42,669 INFO  [Thread-2] root: Message received by server -> Status: UPDATE
received adminmsg
2021-03-18 21:47:42,669 INFO  [Thread-2] root: Message sent by server -> Status: UPDATE_SUCCESS
Starting commModule
2021-03-18 21:47:42,670 INFO  [Thread-0] root: Server communication module connected
2021-03-18 21:47:42,671 INFO  [Thread-0] root: Connected to localhost on port 50966
2021-03-18 21:47:42,671 INFO  [Thread-3] root: Message received by server -> Status: PROPAGATE_ADMIN
received adminmsg
2021-03-18 21:47:42,676 DEBUG [Thread-3] root: Getting successors
2021-03-18 21:47:42,676 DEBUG [Thread-3] root: Got successors
2021-03-18 21:47:42,676 DEBUG [Thread-3] root: Propagating to: 127.0.0.1:50066 127.0.0.1:50066
Starting commModule
2021-03-18 21:47:42,678 INFO  [Thread-0] root: Server communication module connected
2021-03-18 21:47:42,678 INFO  [Thread-3] root: Client communication module connected
2021-03-18 21:47:42,679 INFO  [Thread-0] root: Connected to localhost on port 50967
Starting commModule
2021-03-18 21:47:42,679 INFO  [Thread-0] root: Server communication module connected
2021-03-18 21:47:42,679 INFO  [Thread-3] root: Client communication module connected
2021-03-18 21:47:42,679 DEBUG [Thread-3] root: {}
2021-03-18 21:47:42,680 INFO  [Thread-0] root: Connected to localhost on port 50968
2021-03-18 21:47:42,680 INFO  [Thread-3] root: Message sent by server -> Status: PROPAGATE_SUCCESS
Starting commModule
2021-03-18 21:47:43,191 INFO  [Thread-0] root: Server communication module connected
2021-03-18 21:47:43,192 INFO  [Thread-0] root: Connected to localhost on port 50972
2021-03-18 21:47:43,192 INFO  [Thread-6] root: Message received by server -> Status: UPDATE
received adminmsg
2021-03-18 21:47:43,193 INFO  [Thread-6] root: Message sent by server -> Status: UPDATE_SUCCESS
Starting commModule
2021-03-18 21:47:43,194 INFO  [Thread-0] root: Server communication module connected
2021-03-18 21:47:43,195 INFO  [Thread-0] root: Connected to localhost on port 50973
2021-03-18 21:47:43,195 INFO  [Thread-7] root: Message received by server -> Status: PROPAGATE_ADMIN
received adminmsg
2021-03-18 21:47:43,196 DEBUG [Thread-7] root: Getting successors
2021-03-18 21:47:43,196 DEBUG [Thread-7] root: Got successors
2021-03-18 21:47:43,196 DEBUG [Thread-7] root: Propagating to: 127.0.0.1:50027 127.0.0.1:50066
2021-03-18 21:47:43,197 INFO  [Thread-7] root: Client communication module connected
Starting commModule
2021-03-18 21:47:43,197 INFO  [Thread-0] root: Server communication module connected
2021-03-18 21:47:43,197 INFO  [Thread-7] root: Client communication module connected
2021-03-18 21:47:43,197 DEBUG [Thread-7] root: {}
2021-03-18 21:47:43,198 INFO  [Thread-7] root: Message sent by server -> Status: PROPAGATE_SUCCESS
2021-03-18 21:47:43,198 INFO  [Thread-0] root: Connected to localhost on port 50975
Starting commModule
2021-03-18 21:47:43,198 INFO  [Thread-0] root: Server communication module connected
2021-03-18 21:47:43,199 INFO  [Thread-0] root: Connected to localhost on port 50976
2021-03-18 21:47:43,199 INFO  [Thread-9] root: Message received by server -> Status: MOVE_DATA
received adminmsg
2021-03-18 21:47:43,199 DEBUG [Thread-9] root: Input data: 
2021-03-18 21:47:43,199 DEBUG [Thread-9] root: 9e959f95619b7f8ee7be17b536cc194e:9c1b850a1824cfd91c854e3ea4aa20ed
2021-03-18 21:47:43,199 DEBUG [Thread-9] root: 127.0.0.1:50027
2021-03-18 21:47:43,200 INFO  [Thread-9] root: Client communication module connected
2021-03-18 21:47:43,200 DEBUG [Thread-9] root: Host: 127.0.0.1
2021-03-18 21:47:43,200 DEBUG [Thread-9] root: Port: 50027
2021-03-18 21:47:43,200 DEBUG [Thread-9] root: Range: 9e959f95619b7f8ee7be17b536cc194e:9c1b850a1824cfd91c854e3ea4aa20ed
2021-03-18 21:47:43,201 DEBUG [Thread-9] root: Starting flush data
2021-03-18 21:47:43,201 DEBUG [Thread-9] root: Finished flush data
2021-03-18 21:47:43,201 DEBUG [Thread-9] root: Closing conn
2021-03-18 21:47:43,201 INFO  [Thread-9] root: Connection closed!
2021-03-18 21:47:43,201 DEBUG [Thread-9] root: Closed conn
2021-03-18 21:47:43,201 INFO  [Thread-9] root: Message sent by server -> Status: MOVE_DATA_SUCCESS
Starting commModule
2021-03-18 21:47:43,202 INFO  [Thread-0] root: Server communication module connected
2021-03-18 21:47:43,203 INFO  [Thread-0] root: Connected to localhost on port 50978
2021-03-18 21:47:43,204 INFO  [Thread-10] root: Message received by server -> Status: UPDATE
received adminmsg
2021-03-18 21:47:43,204 INFO  [Thread-10] root: Message sent by server -> Status: UPDATE_SUCCESS
Starting commModule
2021-03-18 21:47:43,208 INFO  [Thread-0] root: Server communication module connected
2021-03-18 21:47:43,209 INFO  [Thread-0] root: Connected to localhost on port 50980
2021-03-18 21:47:43,209 INFO  [Thread-11] root: Message received by server -> Status: PROPAGATE_ADMIN
received adminmsg
2021-03-18 21:47:43,210 DEBUG [Thread-11] root: Getting successors
2021-03-18 21:47:43,210 DEBUG [Thread-11] root: Got successors
2021-03-18 21:47:43,210 DEBUG [Thread-11] root: Propagating to: 127.0.0.1:50027 127.0.0.1:50066
2021-03-18 21:47:43,210 INFO  [Thread-11] root: Client communication module connected
Starting commModule
2021-03-18 21:47:43,211 INFO  [Thread-0] root: Server communication module connected
2021-03-18 21:47:43,211 INFO  [Thread-11] root: Client communication module connected
2021-03-18 21:47:43,211 DEBUG [Thread-11] root: {}
2021-03-18 21:47:43,211 INFO  [Thread-11] root: Message sent by server -> Status: PROPAGATE_SUCCESS
2021-03-18 21:47:43,212 INFO  [Thread-0] root: Connected to localhost on port 50982
Starting commModule
2021-03-18 21:47:43,220 INFO  [Thread-0] root: Server communication module connected
2021-03-18 21:47:43,221 INFO  [Thread-0] root: Connected to localhost on port 50984
Starting commModule
2021-03-18 21:47:43,222 INFO  [Thread-0] root: Server communication module connected
2021-03-18 21:47:43,222 INFO  [Thread-0] root: Connected to localhost on port 50986
2021-03-18 21:47:43,223 INFO  [Thread-14] root: Message received by server -> Status: PUT Key: 1 Value: SIR1
2021-03-18 21:47:43,223 DEBUG [Thread-14] root: In serve
2021-03-18 21:47:43,224 DEBUG [Thread-14] root: Checking if stopped or write locked
2021-03-18 21:47:43,224 DEBUG [Thread-14] root: PUT request being served
2021-03-18 21:47:43,224 DEBUG [Thread-14] root: Checking if it's in range
2021-03-18 21:47:43,230 DEBUG [Thread-14] root: Got hostname and port -> 127.0.0.1:50066
2021-03-18 21:47:43,231 DEBUG [Thread-14] root: Got metadata range: 9c1b850a1824cfd91c854e3ea4aa20ee:9e959f95619b7f8ee7be17b536cc194d
2021-03-18 21:47:43,231 DEBUG [Thread-14] root: 127.0.0.1:50027 -> 9e959f95619b7f8ee7be17b536cc194e:9c1b850a1824cfd91c854e3ea4aa20ed
2021-03-18 21:47:43,231 DEBUG [Thread-14] root: 127.0.0.1:50066 -> 9c1b850a1824cfd91c854e3ea4aa20ee:9e959f95619b7f8ee7be17b536cc194d
2021-03-18 21:47:43,231 DEBUG [Thread-14] root: Got range big ints
2021-03-18 21:47:43,231 DEBUG [Thread-14] root: Range start < range end
2021-03-18 21:47:43,231 DEBUG [Thread-14] root: Done with range check in server
2021-03-18 21:47:43,231 DEBUG [Thread-14] root: Not in range
2021-03-18 21:47:43,233 INFO  [Thread-14] root: Message sent by server -> Status: SERVER_NOT_RESPONSIBLE Key: 1 Value: null
Starting commModule
2021-03-18 21:47:43,248 INFO  [Thread-0] root: Server communication module connected
2021-03-18 21:47:43,249 INFO  [Thread-0] root: Connected to localhost on port 50988
2021-03-18 21:47:43,252 INFO  [Thread-15] root: Message received by server -> Status: PROPAGATE
2021-03-18 21:47:43,253 DEBUG [Thread-15] root: In serve
2021-03-18 21:47:43,253 DEBUG [Thread-15] root: Checking if stopped or write locked
2021-03-18 21:47:43,253 DEBUG [Thread-15] root: Case propagate
2021-03-18 21:47:43,253 DEBUG [Thread-15] root: Passing to server
2021-03-18 21:47:43,253 DEBUG [Thread-15] root: Getting Predecessors
2021-03-18 21:47:43,253 DEBUG [Thread-15] root: Looking for 127.0.0.1:50066
2021-03-18 21:47:43,253 DEBUG [Thread-15] root: [127.0.0.1:50027, 127.0.0.1:50066]
2021-03-18 21:47:43,253 DEBUG [Thread-15] root: Predecessors:
2021-03-18 21:47:43,253 DEBUG [Thread-15] root: [127.0.0.1:50066, 127.0.0.1:50027]
2021-03-18 21:47:43,253 DEBUG [Thread-15] root: Looking for 127.0.0.1:50027
2021-03-18 21:47:43,254 DEBUG [Thread-15] root: Index of predecessor: 1
2021-03-18 21:47:43,254 DEBUG [Thread-15] root: Server Stuff
2021-03-18 21:47:43,254 INFO  [Thread-15] root: Put: key = 1, value = SIR1
2021-03-18 21:47:43,256 INFO  [Thread-15] root: Message sent by server -> Status: PROPAGATE_SUCCESS Key: null Value: null
Starting commModule
2021-03-18 21:47:43,260 INFO  [Thread-0] root: Server communication module connected
2021-03-18 21:47:43,262 INFO  [Thread-0] root: Connected to localhost on port 50990
2021-03-18 21:47:43,263 INFO  [Thread-16] root: Message received by server -> Status: PROPAGATE
2021-03-18 21:47:43,263 DEBUG [Thread-16] root: In serve
2021-03-18 21:47:43,263 DEBUG [Thread-16] root: Checking if stopped or write locked
2021-03-18 21:47:43,263 DEBUG [Thread-16] root: Case propagate
2021-03-18 21:47:43,263 DEBUG [Thread-16] root: Passing to server
2021-03-18 21:47:43,263 DEBUG [Thread-16] root: Getting Predecessors
2021-03-18 21:47:43,264 DEBUG [Thread-16] root: Looking for 127.0.0.1:50066
2021-03-18 21:47:43,264 DEBUG [Thread-16] root: [127.0.0.1:50027, 127.0.0.1:50066]
2021-03-18 21:47:43,264 DEBUG [Thread-16] root: Predecessors:
2021-03-18 21:47:43,264 DEBUG [Thread-16] root: [127.0.0.1:50066, 127.0.0.1:50027]
2021-03-18 21:47:43,264 DEBUG [Thread-16] root: Looking for 127.0.0.1:50027
2021-03-18 21:47:43,264 DEBUG [Thread-16] root: Index of predecessor: 1
2021-03-18 21:47:43,264 DEBUG [Thread-16] root: Server Stuff
2021-03-18 21:47:43,264 INFO  [Thread-16] root: Put: key = 2, value = SIR2
2021-03-18 21:47:43,265 INFO  [Thread-16] root: Message sent by server -> Status: PROPAGATE_SUCCESS Key: null Value: null
Starting commModule
2021-03-18 21:47:43,269 INFO  [Thread-0] root: Server communication module connected
2021-03-18 21:47:43,270 INFO  [Thread-0] root: Connected to localhost on port 50992
2021-03-18 21:47:43,271 INFO  [Thread-17] root: Message received by server -> Status: PROPAGATE
2021-03-18 21:47:43,271 DEBUG [Thread-17] root: In serve
2021-03-18 21:47:43,271 DEBUG [Thread-17] root: Checking if stopped or write locked
2021-03-18 21:47:43,271 DEBUG [Thread-17] root: Case propagate
2021-03-18 21:47:43,271 DEBUG [Thread-17] root: Passing to server
2021-03-18 21:47:43,271 DEBUG [Thread-17] root: Getting Predecessors
2021-03-18 21:47:43,271 DEBUG [Thread-17] root: Looking for 127.0.0.1:50066
2021-03-18 21:47:43,271 DEBUG [Thread-17] root: [127.0.0.1:50027, 127.0.0.1:50066]
2021-03-18 21:47:43,271 DEBUG [Thread-17] root: Predecessors:
2021-03-18 21:47:43,271 DEBUG [Thread-17] root: [127.0.0.1:50066, 127.0.0.1:50027]
2021-03-18 21:47:43,271 DEBUG [Thread-17] root: Looking for 127.0.0.1:50027
2021-03-18 21:47:43,271 DEBUG [Thread-17] root: Index of predecessor: 1
2021-03-18 21:47:43,271 DEBUG [Thread-17] root: Server Stuff
2021-03-18 21:47:43,271 INFO  [Thread-17] root: Put: key = 3, value = SIR3
2021-03-18 21:47:43,272 INFO  [Thread-17] root: Message sent by server -> Status: PROPAGATE_SUCCESS Key: null Value: null
Starting commModule
2021-03-18 21:47:43,277 INFO  [Thread-0] root: Server communication module connected
2021-03-18 21:47:43,278 INFO  [Thread-0] root: Connected to localhost on port 50994
2021-03-18 21:47:43,278 INFO  [Thread-18] root: Message received by server -> Status: PROPAGATE
2021-03-18 21:47:43,278 DEBUG [Thread-18] root: In serve
2021-03-18 21:47:43,278 DEBUG [Thread-18] root: Checking if stopped or write locked
2021-03-18 21:47:43,278 DEBUG [Thread-18] root: Case propagate
2021-03-18 21:47:43,278 DEBUG [Thread-18] root: Passing to server
2021-03-18 21:47:43,278 DEBUG [Thread-18] root: Getting Predecessors
2021-03-18 21:47:43,278 DEBUG [Thread-18] root: Looking for 127.0.0.1:50066
2021-03-18 21:47:43,279 DEBUG [Thread-18] root: [127.0.0.1:50027, 127.0.0.1:50066]
2021-03-18 21:47:43,279 DEBUG [Thread-18] root: Predecessors:
2021-03-18 21:47:43,279 DEBUG [Thread-18] root: [127.0.0.1:50066, 127.0.0.1:50027]
2021-03-18 21:47:43,279 DEBUG [Thread-18] root: Looking for 127.0.0.1:50027
2021-03-18 21:47:43,279 DEBUG [Thread-18] root: Index of predecessor: 1
2021-03-18 21:47:43,279 DEBUG [Thread-18] root: Server Stuff
2021-03-18 21:47:43,279 INFO  [Thread-18] root: Put: key = 4, value = SIR4
2021-03-18 21:47:43,280 INFO  [Thread-18] root: Message sent by server -> Status: PROPAGATE_SUCCESS Key: null Value: null
Starting commModule
2021-03-18 21:47:43,287 INFO  [Thread-0] root: Server communication module connected
2021-03-18 21:47:43,288 INFO  [Thread-0] root: Connected to localhost on port 50997
2021-03-18 21:47:43,288 INFO  [Thread-19] root: Message received by server -> Status: MOVE_DATA
received adminmsg
2021-03-18 21:47:43,288 DEBUG [Thread-19] root: Input data: 
2021-03-18 21:47:43,288 DEBUG [Thread-19] root: 9c1b850a1824cfd91c854e3ea4aa20ee:9e959f95619b7f8ee7be17b536cc194d
2021-03-18 21:47:43,288 DEBUG [Thread-19] root: 127.0.0.1:50027
2021-03-18 21:47:43,289 INFO  [Thread-19] root: Client communication module connected
2021-03-18 21:47:43,289 DEBUG [Thread-19] root: Host: 127.0.0.1
2021-03-18 21:47:43,289 DEBUG [Thread-19] root: Port: 50027
2021-03-18 21:47:43,289 DEBUG [Thread-19] root: Range: 9c1b850a1824cfd91c854e3ea4aa20ee:9e959f95619b7f8ee7be17b536cc194d
2021-03-18 21:47:43,289 DEBUG [Thread-19] root: Starting flush data
2021-03-18 21:47:43,289 DEBUG [Thread-19] root: Finished flush data
2021-03-18 21:47:43,290 DEBUG [Thread-19] root: Closing conn
2021-03-18 21:47:43,290 INFO  [Thread-19] root: Connection closed!
2021-03-18 21:47:43,290 DEBUG [Thread-19] root: Closed conn
2021-03-18 21:47:43,290 INFO  [Thread-19] root: Message sent by server -> Status: MOVE_DATA_SUCCESS
Starting commModule
2021-03-18 21:47:43,291 INFO  [Thread-0] root: Server communication module connected
2021-03-18 21:47:43,292 INFO  [Thread-0] root: Connected to localhost on port 50999
2021-03-18 21:47:43,293 INFO  [Thread-20] root: Message received by server -> Status: UPDATE
received adminmsg
2021-03-18 21:47:43,293 INFO  [Thread-20] root: Message sent by server -> Status: UPDATE_SUCCESS
Starting commModule
2021-03-18 21:47:43,297 INFO  [Thread-0] root: Server communication module connected
2021-03-18 21:47:43,298 INFO  [Thread-0] root: Connected to localhost on port 51001
2021-03-18 21:47:43,299 INFO  [Thread-21] root: Message received by server -> Status: PROPAGATE_ADMIN
received adminmsg
2021-03-18 21:47:43,299 DEBUG [Thread-21] root: Getting successors
2021-03-18 21:47:43,299 DEBUG [Thread-21] root: Got successors
2021-03-18 21:47:43,299 DEBUG [Thread-21] root: Propagating to: 127.0.0.1:50027 127.0.0.1:50027
2021-03-18 21:47:43,300 INFO  [Thread-21] root: Client communication module connected
2021-03-18 21:47:43,301 INFO  [Thread-21] root: Client communication module connected
2021-03-18 21:47:43,301 DEBUG [Thread-21] root: {}
2021-03-18 21:47:43,301 INFO  [Thread-21] root: Message sent by server -> Status: PROPAGATE_SUCCESS
Starting commModule
2021-03-18 21:47:43,312 INFO  [Thread-0] root: Server communication module connected
2021-03-18 21:47:43,313 INFO  [Thread-0] root: Connected to localhost on port 51007
2021-03-18 21:47:43,313 INFO  [Thread-22] root: Message received by server -> Status: SHUTDOWN
received adminmsg
2021-03-18 21:47:43,313 DEBUG [Thread-22] root: Closing the program
2021-03-18 21:47:43,314 INFO  [Thread-22] root: Message sent by server -> Status: SHUTDOWN_SUCCESS
2021-03-18 21:47:43,314 ERROR [Thread-0] root: Error! Unable to establish connection. 

java.net.SocketException: Socket closed
	at java.base/java.net.PlainSocketImpl.socketAccept(Native Method)
	at java.base/java.net.AbstractPlainSocketImpl.accept(AbstractPlainSocketImpl.java:458)
	at java.base/java.net.ServerSocket.implAccept(ServerSocket.java:565)
	at java.base/java.net.ServerSocket.accept(ServerSocket.java:533)
	at app_kvServer.KVServer.run(KVServer.java:408)
2021-03-18 21:47:43,316 INFO  [Thread-0] root: Server stopped.
2021-03-18 21:47:43,316 INFO  [Thread-0] root: Clearing KV Storage...
