2021-03-19 16:11:08,782 INFO  [main] root: Creating Storage Files
2021-03-19 16:11:08,784 INFO  [main] root: File created: server135.json
2021-03-19 16:11:08,784 INFO  [main] root: File created: server135_replica_1.json
2021-03-19 16:11:08,784 INFO  [main] root: File created: server135_replica_2.json
2021-03-19 16:11:08,785 INFO  [Thread-0] root: Initialize server ...
2021-03-19 16:11:08,799 INFO  [Thread-0] root: Server listening on port: 50134
2021-03-19 16:11:08,825 INFO  [Thread-0] org.apache.zookeeper.ZooKeeper: Client environment:zookeeper.version=3.6.2--803c7f1a12f85978cb049af5e4ef23bd8b688715, built on 09/04/2020 12:44 GMT
2021-03-19 16:11:08,825 INFO  [Thread-0] org.apache.zookeeper.ZooKeeper: Client environment:host.name=localhost
2021-03-19 16:11:08,826 INFO  [Thread-0] org.apache.zookeeper.ZooKeeper: Client environment:java.version=11.0.10
2021-03-19 16:11:08,826 INFO  [Thread-0] org.apache.zookeeper.ZooKeeper: Client environment:java.vendor=Azul Systems, Inc.
2021-03-19 16:11:08,826 INFO  [Thread-0] org.apache.zookeeper.ZooKeeper: Client environment:java.home=/Users/steve/Library/Java/JavaVirtualMachines/azul-11.0.10/Contents/Home
2021-03-19 16:11:08,826 INFO  [Thread-0] org.apache.zookeeper.ZooKeeper: Client environment:java.class.path=/Users/steve/Desktop/UofT/year4/winter2021/ECE419/milestone3/m3-server.jar
2021-03-19 16:11:08,826 INFO  [Thread-0] org.apache.zookeeper.ZooKeeper: Client environment:java.library.path=/Users/steve/Library/Java/Extensions:/Library/Java/Extensions:/Network/Library/Java/Extensions:/System/Library/Java/Extensions:/usr/lib/java:.
2021-03-19 16:11:08,826 INFO  [Thread-0] org.apache.zookeeper.ZooKeeper: Client environment:java.io.tmpdir=/var/folders/kz/3gb57nkn6ks6_07_dtt5lqvr0000gn/T/
2021-03-19 16:11:08,826 INFO  [Thread-0] org.apache.zookeeper.ZooKeeper: Client environment:java.compiler=<NA>
2021-03-19 16:11:08,826 INFO  [Thread-0] org.apache.zookeeper.ZooKeeper: Client environment:os.name=Mac OS X
2021-03-19 16:11:08,826 INFO  [Thread-0] org.apache.zookeeper.ZooKeeper: Client environment:os.arch=x86_64
2021-03-19 16:11:08,826 INFO  [Thread-0] org.apache.zookeeper.ZooKeeper: Client environment:os.version=10.16
2021-03-19 16:11:08,826 INFO  [Thread-0] org.apache.zookeeper.ZooKeeper: Client environment:user.name=steve
2021-03-19 16:11:08,826 INFO  [Thread-0] org.apache.zookeeper.ZooKeeper: Client environment:user.home=/Users/steve
2021-03-19 16:11:08,826 INFO  [Thread-0] org.apache.zookeeper.ZooKeeper: Client environment:user.dir=/Users/steve
2021-03-19 16:11:08,826 INFO  [Thread-0] org.apache.zookeeper.ZooKeeper: Client environment:os.memory.free=249MB
2021-03-19 16:11:08,827 INFO  [Thread-0] org.apache.zookeeper.ZooKeeper: Client environment:os.memory.max=4096MB
2021-03-19 16:11:08,827 INFO  [Thread-0] org.apache.zookeeper.ZooKeeper: Client environment:os.memory.total=256MB
2021-03-19 16:11:08,830 INFO  [Thread-0] org.apache.zookeeper.ZooKeeper: Initiating client connection, connectString=localhost:2181 sessionTimeout=3000 watcher=app_kvServer.KVServer$1@1c064949
2021-03-19 16:11:08,833 INFO  [Thread-0] org.apache.zookeeper.common.X509Util: Setting -D jdk.tls.rejectClientInitiatedRenegotiation=true to disable client-initiated TLS renegotiation
2021-03-19 16:11:08,844 INFO  [Thread-0] org.apache.zookeeper.ClientCnxnSocket: jute.maxbuffer value is 1048575 Bytes
2021-03-19 16:11:08,852 INFO  [Thread-0] org.apache.zookeeper.ClientCnxn: zookeeper.request.timeout value is 0. feature enabled=false
2021-03-19 16:11:08,861 DEBUG [Thread-0-SendThread(localhost:2181)] org.apache.zookeeper.SaslServerPrincipal: Canonicalized address to localhost
2021-03-19 16:11:08,862 INFO  [Thread-0-SendThread(localhost:2181)] org.apache.zookeeper.ClientCnxn: Opening socket connection to server localhost/0:0:0:0:0:0:0:1:2181.
2021-03-19 16:11:08,863 INFO  [Thread-0-SendThread(localhost:2181)] org.apache.zookeeper.ClientCnxn: SASL config status: Will not attempt to authenticate using SASL (unknown error)
2021-03-19 16:11:08,879 INFO  [Thread-0-SendThread(localhost:2181)] org.apache.zookeeper.ClientCnxn: Socket connection established, initiating session, client: /0:0:0:0:0:0:0:1:60451, server: localhost/0:0:0:0:0:0:0:1:2181
2021-03-19 16:11:08,880 DEBUG [Thread-0-SendThread(localhost:2181)] org.apache.zookeeper.ClientCnxn: Session establishment request sent on localhost/0:0:0:0:0:0:0:1:2181
2021-03-19 16:11:08,909 TRACE [Thread-0-SendThread(localhost:2181)] org.apache.zookeeper.ClientCnxnSocket: readConnectResult 37 0x[0,0,0,0,0,0,f,ffffffa0,1,0,14,ffffffbd,52,70,1,ffffffa7,0,0,0,10,58,ffffffb2,8,30,35,ffffffe3,ffffffc1,ffffff94,ffffffbe,ffffffb7,10,ffffffbc,ffffffe6,26,fffffffd,ffffffcf,0,]
2021-03-19 16:11:08,910 INFO  [Thread-0-SendThread(localhost:2181)] org.apache.zookeeper.ClientCnxn: Session establishment complete on server localhost/0:0:0:0:0:0:0:1:2181, session id = 0x10014bd527001a7, negotiated timeout = 4000
2021-03-19 16:11:08,912 DEBUG [Thread-0-EventThread] root: ZK event: 
2021-03-19 16:11:08,912 DEBUG [Thread-0-EventThread] root: WatchedEvent state:SyncConnected type:None path:null
2021-03-19 16:11:08,939 DEBUG [Thread-0-SendThread(localhost:2181)] org.apache.zookeeper.ClientCnxn: Reading reply session id: 0x10014bd527001a7, packet:: clientPath:null serverPath:null finished:false header:: 1,1  replyHeader:: 1,1360,0  request:: '/keeper/server135,,v{s{31,s{'world,'anyone}}},1  response:: '/keeper/server135 
2021-03-19 16:11:08,943 DEBUG [Thread-0-SendThread(localhost:2181)] org.apache.zookeeper.ClientCnxn: Reading reply session id: 0x10014bd527001a7, packet:: clientPath:null serverPath:null finished:false header:: 2,3  replyHeader:: 2,1360,0  request:: '/keeper/server135,T  response:: s{1360,1360,1616184668913,1616184668913,0,0,0,72080397402374567,0,0,1360} 
2021-03-19 16:11:09,001 DEBUG [Thread-0-SendThread(localhost:2181)] org.apache.zookeeper.ClientCnxn: Got notification session id: 0x10014bd527001a7
2021-03-19 16:11:09,002 DEBUG [Thread-0-SendThread(localhost:2181)] org.apache.zookeeper.ClientCnxn: Got WatchedEvent state:SyncConnected type:NodeDataChanged path:/keeper/server135 for session id 0x10014bd527001a7
2021-03-19 16:11:09,003 DEBUG [Thread-0-EventThread] root: ZK event: 
2021-03-19 16:11:09,003 DEBUG [Thread-0-EventThread] root: WatchedEvent state:SyncConnected type:NodeDataChanged path:/keeper/server135
2021-03-19 16:11:09,003 DEBUG [Thread-0-SendThread(localhost:2181)] org.apache.zookeeper.ClientCnxn: Reading reply session id: 0x10014bd527001a7, packet:: clientPath:null serverPath:null finished:false header:: 3,5  replyHeader:: 3,1361,0  request:: '/keeper/server135,#3132372e302e302e313a3530313334,0  response:: s{1360,1361,1616184668913,1616184668944,1,0,0,72080397402374567,15,0,1360} 
2021-03-19 16:11:09,003 INFO  [Thread-0] root: Node created at: /keeper/server135
Starting commModule
2021-03-19 16:11:09,009 INFO  [Thread-0] root: Server communication module connected
2021-03-19 16:11:09,030 INFO  [Thread-0] root: Connected to localhost on port 60452
2021-03-19 16:11:09,047 INFO  [Thread-1] root: Message received by server -> Status: INIT_SERVER
received adminmsg
2021-03-19 16:11:09,047 INFO  [Thread-1] root: Message sent by server -> Status: INIT_SERVER_SUCCESS
2021-03-19 16:11:09,048 INFO  [Thread-1] root: Message received by server -> Status: START
received adminmsg
2021-03-19 16:11:09,049 INFO  [Thread-1] root: Message sent by server -> Status: START_SUCCESS
Starting commModule
2021-03-19 16:11:09,051 INFO  [Thread-0] root: Server communication module connected
2021-03-19 16:11:09,052 INFO  [Thread-0] root: Connected to localhost on port 60453
2021-03-19 16:11:09,052 INFO  [Thread-2] root: Message received by server -> Status: UPDATE
received adminmsg
2021-03-19 16:11:09,053 INFO  [Thread-2] root: Message sent by server -> Status: UPDATE_SUCCESS
Starting commModule
2021-03-19 16:11:09,055 INFO  [Thread-0] root: Server communication module connected
2021-03-19 16:11:09,056 INFO  [Thread-0] root: Connected to localhost on port 60454
2021-03-19 16:11:09,057 INFO  [Thread-3] root: Message received by server -> Status: PROPAGATE_ADMIN
received adminmsg
2021-03-19 16:11:09,062 DEBUG [Thread-3] root: Getting successors
2021-03-19 16:11:09,062 DEBUG [Thread-3] root: Got successors
2021-03-19 16:11:09,062 DEBUG [Thread-3] root: Propagating to: 127.0.0.1:50134 127.0.0.1:50134
Starting commModule
2021-03-19 16:11:09,065 INFO  [Thread-0] root: Server communication module connected
2021-03-19 16:11:09,065 INFO  [Thread-3] root: Client communication module connected
2021-03-19 16:11:09,066 INFO  [Thread-0] root: Connected to localhost on port 60455
Starting commModule
2021-03-19 16:11:09,066 INFO  [Thread-0] root: Server communication module connected
2021-03-19 16:11:09,066 INFO  [Thread-3] root: Client communication module connected
2021-03-19 16:11:09,066 DEBUG [Thread-3] root: {}
2021-03-19 16:11:09,066 INFO  [Thread-0] root: Connected to localhost on port 60456
2021-03-19 16:11:09,067 INFO  [Thread-3] root: Message sent by server -> Status: PROPAGATE_SUCCESS
Starting commModule
2021-03-19 16:11:09,564 INFO  [Thread-0] root: Server communication module connected
2021-03-19 16:11:09,565 INFO  [Thread-0] root: Connected to localhost on port 60460
2021-03-19 16:11:09,566 INFO  [Thread-6] root: Message received by server -> Status: UPDATE
received adminmsg
2021-03-19 16:11:09,567 INFO  [Thread-6] root: Message sent by server -> Status: UPDATE_SUCCESS
Starting commModule
2021-03-19 16:11:09,567 INFO  [Thread-0] root: Server communication module connected
2021-03-19 16:11:09,568 INFO  [Thread-0] root: Connected to localhost on port 60461
2021-03-19 16:11:09,569 INFO  [Thread-7] root: Message received by server -> Status: PROPAGATE_ADMIN
received adminmsg
2021-03-19 16:11:09,569 DEBUG [Thread-7] root: Getting successors
2021-03-19 16:11:09,569 DEBUG [Thread-7] root: Got successors
2021-03-19 16:11:09,570 DEBUG [Thread-7] root: Propagating to: 127.0.0.1:50120 127.0.0.1:50134
2021-03-19 16:11:09,570 INFO  [Thread-7] root: Client communication module connected
Starting commModule
2021-03-19 16:11:09,570 INFO  [Thread-0] root: Server communication module connected
2021-03-19 16:11:09,570 INFO  [Thread-7] root: Client communication module connected
2021-03-19 16:11:09,571 DEBUG [Thread-7] root: {}
2021-03-19 16:11:09,571 INFO  [Thread-0] root: Connected to localhost on port 60463
2021-03-19 16:11:09,571 INFO  [Thread-7] root: Message sent by server -> Status: PROPAGATE_SUCCESS
Starting commModule
2021-03-19 16:11:09,572 INFO  [Thread-0] root: Server communication module connected
2021-03-19 16:11:09,572 INFO  [Thread-0] root: Connected to localhost on port 60464
2021-03-19 16:11:09,572 INFO  [Thread-9] root: Message received by server -> Status: MOVE_DATA
received adminmsg
2021-03-19 16:11:09,573 DEBUG [Thread-9] root: Input data: 
2021-03-19 16:11:09,573 DEBUG [Thread-9] root: a95ea7de8ee4dd7e708a119ac0af7771:8d90257e50c26bf77bc2720a0500604b
2021-03-19 16:11:09,573 DEBUG [Thread-9] root: 127.0.0.1:50120
2021-03-19 16:11:09,574 INFO  [Thread-9] root: Client communication module connected
2021-03-19 16:11:09,574 DEBUG [Thread-9] root: Host: 127.0.0.1
2021-03-19 16:11:09,574 DEBUG [Thread-9] root: Port: 50120
2021-03-19 16:11:09,574 DEBUG [Thread-9] root: Range: a95ea7de8ee4dd7e708a119ac0af7771:8d90257e50c26bf77bc2720a0500604b
2021-03-19 16:11:09,574 DEBUG [Thread-9] root: Starting flush data
2021-03-19 16:11:09,574 DEBUG [Thread-9] root: Finished flush data
2021-03-19 16:11:09,574 DEBUG [Thread-9] root: Closing conn
2021-03-19 16:11:09,574 INFO  [Thread-9] root: Connection closed!
2021-03-19 16:11:09,574 DEBUG [Thread-9] root: Closed conn
2021-03-19 16:11:09,574 INFO  [Thread-9] root: Message sent by server -> Status: MOVE_DATA_SUCCESS
Starting commModule
2021-03-19 16:11:09,576 INFO  [Thread-0] root: Server communication module connected
2021-03-19 16:11:09,576 INFO  [Thread-0] root: Connected to localhost on port 60466
2021-03-19 16:11:09,577 INFO  [Thread-10] root: Message received by server -> Status: UPDATE
received adminmsg
2021-03-19 16:11:09,578 INFO  [Thread-10] root: Message sent by server -> Status: UPDATE_SUCCESS
Starting commModule
2021-03-19 16:11:09,582 INFO  [Thread-0] root: Server communication module connected
2021-03-19 16:11:09,583 INFO  [Thread-0] root: Connected to localhost on port 60468
2021-03-19 16:11:09,583 INFO  [Thread-11] root: Message received by server -> Status: PROPAGATE_ADMIN
received adminmsg
2021-03-19 16:11:09,584 DEBUG [Thread-11] root: Getting successors
2021-03-19 16:11:09,584 DEBUG [Thread-11] root: Got successors
2021-03-19 16:11:09,584 DEBUG [Thread-11] root: Propagating to: 127.0.0.1:50120 127.0.0.1:50134
2021-03-19 16:11:09,584 INFO  [Thread-11] root: Client communication module connected
Starting commModule
2021-03-19 16:11:09,584 INFO  [Thread-0] root: Server communication module connected
2021-03-19 16:11:09,584 INFO  [Thread-11] root: Client communication module connected
2021-03-19 16:11:09,585 DEBUG [Thread-11] root: {}
2021-03-19 16:11:09,585 INFO  [Thread-11] root: Message sent by server -> Status: PROPAGATE_SUCCESS
2021-03-19 16:11:09,585 INFO  [Thread-0] root: Connected to localhost on port 60470
Starting commModule
2021-03-19 16:11:09,595 INFO  [Thread-0] root: Server communication module connected
2021-03-19 16:11:09,595 INFO  [Thread-0] root: Connected to localhost on port 60472
Starting commModule
2021-03-19 16:11:10,088 INFO  [Thread-0] root: Server communication module connected
2021-03-19 16:11:10,089 INFO  [Thread-0] root: Connected to localhost on port 60477
2021-03-19 16:11:10,090 INFO  [Thread-14] root: Message received by server -> Status: UPDATE
received adminmsg
2021-03-19 16:11:10,090 INFO  [Thread-14] root: Message sent by server -> Status: UPDATE_SUCCESS
Starting commModule
2021-03-19 16:11:10,094 INFO  [Thread-0] root: Server communication module connected
2021-03-19 16:11:10,095 INFO  [Thread-0] root: Connected to localhost on port 60479
2021-03-19 16:11:10,096 INFO  [Thread-15] root: Message received by server -> Status: PROPAGATE_ADMIN
received adminmsg
2021-03-19 16:11:10,096 DEBUG [Thread-15] root: Getting successors
2021-03-19 16:11:10,096 DEBUG [Thread-15] root: Got successors
2021-03-19 16:11:10,096 DEBUG [Thread-15] root: Propagating to: 127.0.0.1:50071 127.0.0.1:50120
2021-03-19 16:11:10,096 INFO  [Thread-15] root: Client communication module connected
2021-03-19 16:11:10,097 INFO  [Thread-15] root: Client communication module connected
2021-03-19 16:11:10,097 DEBUG [Thread-15] root: {}
2021-03-19 16:11:10,097 INFO  [Thread-15] root: Message sent by server -> Status: PROPAGATE_SUCCESS
Starting commModule
2021-03-19 16:11:10,101 INFO  [Thread-0] root: Server communication module connected
2021-03-19 16:11:10,101 INFO  [Thread-0] root: Connected to localhost on port 60483
Starting commModule
2021-03-19 16:11:10,105 INFO  [Thread-0] root: Server communication module connected
2021-03-19 16:11:10,106 INFO  [Thread-0] root: Connected to localhost on port 60487
2021-03-19 16:11:10,107 INFO  [Thread-17] root: Message received by server -> Status: UPDATE
received adminmsg
2021-03-19 16:11:10,108 INFO  [Thread-17] root: Message sent by server -> Status: UPDATE_SUCCESS
Starting commModule
2021-03-19 16:11:10,115 INFO  [Thread-0] root: Server communication module connected
2021-03-19 16:11:10,115 INFO  [Thread-0] root: Connected to localhost on port 60490
2021-03-19 16:11:10,116 INFO  [Thread-18] root: Message received by server -> Status: PROPAGATE_ADMIN
received adminmsg
2021-03-19 16:11:10,116 DEBUG [Thread-18] root: Getting successors
2021-03-19 16:11:10,116 DEBUG [Thread-18] root: Got successors
2021-03-19 16:11:10,116 DEBUG [Thread-18] root: Propagating to: 127.0.0.1:50071 127.0.0.1:50120
2021-03-19 16:11:10,117 INFO  [Thread-18] root: Client communication module connected
2021-03-19 16:11:10,117 INFO  [Thread-18] root: Client communication module connected
2021-03-19 16:11:10,117 DEBUG [Thread-18] root: {}
2021-03-19 16:11:10,118 INFO  [Thread-18] root: Message sent by server -> Status: PROPAGATE_SUCCESS
Starting commModule
2021-03-19 16:11:10,121 INFO  [Thread-0] root: Server communication module connected
2021-03-19 16:11:10,122 INFO  [Thread-0] root: Connected to localhost on port 60494
Starting commModule
2021-03-19 16:11:10,132 INFO  [Thread-0] root: Server communication module connected
2021-03-19 16:11:10,132 INFO  [Thread-0] root: Connected to localhost on port 60498
2021-03-19 16:11:10,278 DEBUG [Thread-0-SendThread(localhost:2181)] org.apache.zookeeper.ClientCnxn: Got ping response for session id: 0x10014bd527001a7 after 0ms.
Starting commModule
2021-03-19 16:11:10,620 INFO  [Thread-0] root: Server communication module connected
2021-03-19 16:11:10,620 INFO  [Thread-0] root: Connected to localhost on port 60502
2021-03-19 16:11:10,621 INFO  [Thread-21] root: Message received by server -> Status: UPDATE
received adminmsg
2021-03-19 16:11:10,621 INFO  [Thread-21] root: Message sent by server -> Status: UPDATE_SUCCESS
Starting commModule
2021-03-19 16:11:10,628 INFO  [Thread-0] root: Server communication module connected
2021-03-19 16:11:10,628 INFO  [Thread-0] root: Connected to localhost on port 60505
2021-03-19 16:11:10,629 INFO  [Thread-22] root: Message received by server -> Status: PROPAGATE_ADMIN
received adminmsg
2021-03-19 16:11:10,630 DEBUG [Thread-22] root: Getting successors
2021-03-19 16:11:10,630 DEBUG [Thread-22] root: Got successors
2021-03-19 16:11:10,630 DEBUG [Thread-22] root: Propagating to: 127.0.0.1:50062 127.0.0.1:50071
2021-03-19 16:11:10,630 INFO  [Thread-22] root: Client communication module connected
2021-03-19 16:11:10,631 INFO  [Thread-22] root: Client communication module connected
2021-03-19 16:11:10,631 DEBUG [Thread-22] root: {}
2021-03-19 16:11:10,631 INFO  [Thread-22] root: Message sent by server -> Status: PROPAGATE_SUCCESS
Starting commModule
2021-03-19 16:11:10,634 INFO  [Thread-0] root: Server communication module connected
2021-03-19 16:11:10,635 INFO  [Thread-0] root: Connected to localhost on port 60509
Starting commModule
2021-03-19 16:11:10,638 INFO  [Thread-0] root: Server communication module connected
2021-03-19 16:11:10,639 INFO  [Thread-0] root: Connected to localhost on port 60513
Starting commModule
2021-03-19 16:11:10,643 INFO  [Thread-0] root: Server communication module connected
2021-03-19 16:11:10,644 INFO  [Thread-0] root: Connected to localhost on port 60516
2021-03-19 16:11:10,644 INFO  [Thread-25] root: Message received by server -> Status: UPDATE
received adminmsg
2021-03-19 16:11:10,645 INFO  [Thread-25] root: Message sent by server -> Status: UPDATE_SUCCESS
Starting commModule
2021-03-19 16:11:10,654 INFO  [Thread-0] root: Server communication module connected
2021-03-19 16:11:10,654 INFO  [Thread-0] root: Connected to localhost on port 60520
2021-03-19 16:11:10,655 INFO  [Thread-26] root: Message received by server -> Status: PROPAGATE_ADMIN
received adminmsg
2021-03-19 16:11:10,655 DEBUG [Thread-26] root: Getting successors
2021-03-19 16:11:10,655 DEBUG [Thread-26] root: Got successors
2021-03-19 16:11:10,655 DEBUG [Thread-26] root: Propagating to: 127.0.0.1:50062 127.0.0.1:50071
2021-03-19 16:11:10,656 INFO  [Thread-26] root: Client communication module connected
2021-03-19 16:11:10,656 INFO  [Thread-26] root: Client communication module connected
2021-03-19 16:11:10,656 DEBUG [Thread-26] root: {}
2021-03-19 16:11:10,656 INFO  [Thread-26] root: Message sent by server -> Status: PROPAGATE_SUCCESS
Starting commModule
2021-03-19 16:11:10,659 INFO  [Thread-0] root: Server communication module connected
2021-03-19 16:11:10,660 INFO  [Thread-0] root: Connected to localhost on port 60524
Starting commModule
2021-03-19 16:11:10,664 INFO  [Thread-0] root: Server communication module connected
2021-03-19 16:11:10,664 INFO  [Thread-0] root: Connected to localhost on port 60528
Starting commModule
2021-03-19 16:11:11,158 INFO  [Thread-0] root: Server communication module connected
2021-03-19 16:11:11,159 INFO  [Thread-0] root: Connected to localhost on port 60535
2021-03-19 16:11:11,160 INFO  [Thread-29] root: Message received by server -> Status: UPDATE
received adminmsg
2021-03-19 16:11:11,160 INFO  [Thread-29] root: Message sent by server -> Status: UPDATE_SUCCESS
Starting commModule
2021-03-19 16:11:11,170 INFO  [Thread-0] root: Server communication module connected
2021-03-19 16:11:11,171 INFO  [Thread-0] root: Connected to localhost on port 60539
2021-03-19 16:11:11,172 INFO  [Thread-30] root: Message received by server -> Status: PROPAGATE_ADMIN
received adminmsg
2021-03-19 16:11:11,172 DEBUG [Thread-30] root: Getting successors
2021-03-19 16:11:11,172 DEBUG [Thread-30] root: Got successors
2021-03-19 16:11:11,172 DEBUG [Thread-30] root: Propagating to: 127.0.0.1:50062 127.0.0.1:50071
2021-03-19 16:11:11,173 INFO  [Thread-30] root: Client communication module connected
2021-03-19 16:11:11,173 INFO  [Thread-30] root: Client communication module connected
2021-03-19 16:11:11,173 DEBUG [Thread-30] root: {}
2021-03-19 16:11:11,174 INFO  [Thread-30] root: Message sent by server -> Status: PROPAGATE_SUCCESS
Starting commModule
2021-03-19 16:11:11,176 INFO  [Thread-0] root: Server communication module connected
2021-03-19 16:11:11,177 INFO  [Thread-0] root: Connected to localhost on port 60543
Starting commModule
2021-03-19 16:11:11,189 INFO  [Thread-0] root: Server communication module connected
2021-03-19 16:11:11,190 INFO  [Thread-0] root: Connected to localhost on port 60553
2021-03-19 16:11:11,190 INFO  [Thread-32] root: Message received by server -> Status: UPDATE
received adminmsg
2021-03-19 16:11:11,191 INFO  [Thread-32] root: Message sent by server -> Status: UPDATE_SUCCESS
Starting commModule
2021-03-19 16:11:11,204 INFO  [Thread-0] root: Server communication module connected
2021-03-19 16:11:11,204 INFO  [Thread-0] root: Connected to localhost on port 60558
2021-03-19 16:11:11,205 INFO  [Thread-33] root: Message received by server -> Status: PROPAGATE_ADMIN
received adminmsg
2021-03-19 16:11:11,205 DEBUG [Thread-33] root: Getting successors
2021-03-19 16:11:11,206 DEBUG [Thread-33] root: Got successors
2021-03-19 16:11:11,206 DEBUG [Thread-33] root: Propagating to: 127.0.0.1:50062 127.0.0.1:50071
2021-03-19 16:11:11,206 INFO  [Thread-33] root: Client communication module connected
2021-03-19 16:11:11,206 INFO  [Thread-33] root: Client communication module connected
2021-03-19 16:11:11,207 DEBUG [Thread-33] root: {}
2021-03-19 16:11:11,207 INFO  [Thread-33] root: Message sent by server -> Status: PROPAGATE_SUCCESS
Starting commModule
2021-03-19 16:11:11,210 INFO  [Thread-0] root: Server communication module connected
2021-03-19 16:11:11,210 INFO  [Thread-0] root: Connected to localhost on port 60562
Starting commModule
2021-03-19 16:11:11,228 INFO  [Thread-0] root: Server communication module connected
2021-03-19 16:11:11,228 INFO  [Thread-0] root: Connected to localhost on port 60572
2021-03-19 16:11:11,626 DEBUG [Thread-0-SendThread(localhost:2181)] org.apache.zookeeper.ClientCnxn: Got ping response for session id: 0x10014bd527001a7 after 14ms.
Starting commModule
2021-03-19 16:11:11,717 INFO  [Thread-0] root: Server communication module connected
2021-03-19 16:11:11,718 INFO  [Thread-0] root: Connected to localhost on port 60576
2021-03-19 16:11:11,718 INFO  [Thread-36] root: Message received by server -> Status: UPDATE
received adminmsg
2021-03-19 16:11:11,719 INFO  [Thread-36] root: Message sent by server -> Status: UPDATE_SUCCESS
Starting commModule
2021-03-19 16:11:11,732 INFO  [Thread-0] root: Server communication module connected
2021-03-19 16:11:11,733 INFO  [Thread-0] root: Connected to localhost on port 60581
2021-03-19 16:11:11,733 INFO  [Thread-37] root: Message received by server -> Status: PROPAGATE_ADMIN
received adminmsg
2021-03-19 16:11:11,733 DEBUG [Thread-37] root: Getting successors
2021-03-19 16:11:11,733 DEBUG [Thread-37] root: Got successors
2021-03-19 16:11:11,734 DEBUG [Thread-37] root: Propagating to: 127.0.0.1:50062 127.0.0.1:50071
2021-03-19 16:11:11,734 INFO  [Thread-37] root: Client communication module connected
2021-03-19 16:11:11,734 INFO  [Thread-37] root: Client communication module connected
2021-03-19 16:11:11,735 DEBUG [Thread-37] root: {}
2021-03-19 16:11:11,735 INFO  [Thread-37] root: Message sent by server -> Status: PROPAGATE_SUCCESS
Starting commModule
2021-03-19 16:11:11,737 INFO  [Thread-0] root: Server communication module connected
2021-03-19 16:11:11,738 INFO  [Thread-0] root: Connected to localhost on port 60585
Starting commModule
2021-03-19 16:11:11,751 INFO  [Thread-0] root: Server communication module connected
2021-03-19 16:11:11,752 INFO  [Thread-0] root: Connected to localhost on port 60595
Starting commModule
2021-03-19 16:11:11,757 INFO  [Thread-0] root: Server communication module connected
2021-03-19 16:11:11,757 INFO  [Thread-0] root: Connected to localhost on port 60598
2021-03-19 16:11:11,758 INFO  [Thread-40] root: Message received by server -> Status: UPDATE
received adminmsg
2021-03-19 16:11:11,758 INFO  [Thread-40] root: Message sent by server -> Status: UPDATE_SUCCESS
Starting commModule
2021-03-19 16:11:11,774 INFO  [Thread-0] root: Server communication module connected
2021-03-19 16:11:11,775 INFO  [Thread-0] root: Connected to localhost on port 60604
2021-03-19 16:11:11,775 INFO  [Thread-41] root: Message received by server -> Status: PROPAGATE_ADMIN
received adminmsg
2021-03-19 16:11:11,776 DEBUG [Thread-41] root: Getting successors
2021-03-19 16:11:11,776 DEBUG [Thread-41] root: Got successors
2021-03-19 16:11:11,776 DEBUG [Thread-41] root: Propagating to: 127.0.0.1:50062 127.0.0.1:50071
2021-03-19 16:11:11,776 INFO  [Thread-41] root: Client communication module connected
2021-03-19 16:11:11,777 INFO  [Thread-41] root: Client communication module connected
2021-03-19 16:11:11,777 DEBUG [Thread-41] root: {}
2021-03-19 16:11:11,777 INFO  [Thread-41] root: Message sent by server -> Status: PROPAGATE_SUCCESS
Starting commModule
2021-03-19 16:11:11,781 INFO  [Thread-0] root: Server communication module connected
2021-03-19 16:11:11,782 INFO  [Thread-0] root: Connected to localhost on port 60608
Starting commModule
2021-03-19 16:11:11,794 INFO  [Thread-0] root: Server communication module connected
2021-03-19 16:11:11,795 INFO  [Thread-0] root: Connected to localhost on port 60618
Starting commModule
2021-03-19 16:11:12,337 INFO  [Thread-0] root: Server communication module connected
2021-03-19 16:11:12,337 INFO  [Thread-0] root: Connected to localhost on port 60625
2021-03-19 16:11:12,338 INFO  [Thread-44] root: Message received by server -> Status: UPDATE
received adminmsg
2021-03-19 16:11:12,338 INFO  [Thread-44] root: Message sent by server -> Status: UPDATE_SUCCESS
Starting commModule
2021-03-19 16:11:12,354 INFO  [Thread-0] root: Server communication module connected
2021-03-19 16:11:12,355 INFO  [Thread-0] root: Connected to localhost on port 60631
2021-03-19 16:11:12,355 INFO  [Thread-45] root: Message received by server -> Status: PROPAGATE_ADMIN
received adminmsg
2021-03-19 16:11:12,356 DEBUG [Thread-45] root: Getting successors
2021-03-19 16:11:12,356 DEBUG [Thread-45] root: Got successors
2021-03-19 16:11:12,356 DEBUG [Thread-45] root: Propagating to: 127.0.0.1:50108 127.0.0.1:50062
2021-03-19 16:11:12,356 INFO  [Thread-45] root: Client communication module connected
2021-03-19 16:11:12,357 INFO  [Thread-45] root: Client communication module connected
2021-03-19 16:11:12,357 DEBUG [Thread-45] root: {}
2021-03-19 16:11:12,357 INFO  [Thread-45] root: Message sent by server -> Status: PROPAGATE_SUCCESS
Starting commModule
2021-03-19 16:11:12,361 INFO  [Thread-0] root: Server communication module connected
2021-03-19 16:11:12,361 INFO  [Thread-0] root: Connected to localhost on port 60635
Starting commModule
2021-03-19 16:11:12,376 INFO  [Thread-0] root: Server communication module connected
2021-03-19 16:11:12,377 INFO  [Thread-0] root: Connected to localhost on port 60645
Starting commModule
2021-03-19 16:11:12,386 INFO  [Thread-0] root: Server communication module connected
2021-03-19 16:11:12,387 INFO  [Thread-0] root: Connected to localhost on port 60651
2021-03-19 16:11:12,387 INFO  [Thread-48] root: Message received by server -> Status: UPDATE
received adminmsg
2021-03-19 16:11:12,388 INFO  [Thread-48] root: Message sent by server -> Status: UPDATE_SUCCESS
Starting commModule
2021-03-19 16:11:12,405 INFO  [Thread-0] root: Server communication module connected
2021-03-19 16:11:12,406 INFO  [Thread-0] root: Connected to localhost on port 60658
2021-03-19 16:11:12,407 INFO  [Thread-49] root: Message received by server -> Status: PROPAGATE_ADMIN
received adminmsg
2021-03-19 16:11:12,407 DEBUG [Thread-49] root: Getting successors
2021-03-19 16:11:12,407 DEBUG [Thread-49] root: Got successors
2021-03-19 16:11:12,407 DEBUG [Thread-49] root: Propagating to: 127.0.0.1:50108 127.0.0.1:50062
2021-03-19 16:11:12,407 INFO  [Thread-49] root: Client communication module connected
2021-03-19 16:11:12,408 INFO  [Thread-49] root: Client communication module connected
2021-03-19 16:11:12,408 DEBUG [Thread-49] root: {}
2021-03-19 16:11:12,408 INFO  [Thread-49] root: Message sent by server -> Status: PROPAGATE_SUCCESS
Starting commModule
2021-03-19 16:11:12,411 INFO  [Thread-0] root: Server communication module connected
2021-03-19 16:11:12,412 INFO  [Thread-0] root: Connected to localhost on port 60662
Starting commModule
2021-03-19 16:11:12,424 INFO  [Thread-0] root: Server communication module connected
2021-03-19 16:11:12,425 INFO  [Thread-0] root: Connected to localhost on port 60673
Starting commModule
2021-03-19 16:11:12,923 INFO  [Thread-0] root: Server communication module connected
2021-03-19 16:11:12,924 INFO  [Thread-0] root: Connected to localhost on port 60683
2021-03-19 16:11:12,924 INFO  [Thread-52] root: Message received by server -> Status: UPDATE
received adminmsg
2021-03-19 16:11:12,924 INFO  [Thread-52] root: Message sent by server -> Status: UPDATE_SUCCESS
Starting commModule
2021-03-19 16:11:12,941 INFO  [Thread-0] root: Server communication module connected
2021-03-19 16:11:12,941 INFO  [Thread-0] root: Connected to localhost on port 60690
2021-03-19 16:11:12,942 INFO  [Thread-53] root: Message received by server -> Status: PROPAGATE_ADMIN
received adminmsg
2021-03-19 16:11:12,942 DEBUG [Thread-53] root: Getting successors
2021-03-19 16:11:12,942 DEBUG [Thread-53] root: Got successors
2021-03-19 16:11:12,942 DEBUG [Thread-53] root: Propagating to: 127.0.0.1:50108 127.0.0.1:50062
2021-03-19 16:11:12,942 INFO  [Thread-53] root: Client communication module connected
2021-03-19 16:11:12,943 INFO  [Thread-53] root: Client communication module connected
2021-03-19 16:11:12,943 DEBUG [Thread-53] root: {}
2021-03-19 16:11:12,943 INFO  [Thread-53] root: Message sent by server -> Status: PROPAGATE_SUCCESS
Starting commModule
2021-03-19 16:11:12,946 INFO  [Thread-0] root: Server communication module connected
2021-03-19 16:11:12,947 INFO  [Thread-0] root: Connected to localhost on port 60694
2021-03-19 16:11:12,949 DEBUG [Thread-0-SendThread(localhost:2181)] org.apache.zookeeper.ClientCnxn: Got ping response for session id: 0x10014bd527001a7 after 0ms.
Starting commModule
2021-03-19 16:11:12,959 INFO  [Thread-0] root: Server communication module connected
2021-03-19 16:11:12,963 INFO  [Thread-0] root: Connected to localhost on port 60704
Starting commModule
2021-03-19 16:11:12,975 INFO  [Thread-0] root: Server communication module connected
2021-03-19 16:11:12,976 INFO  [Thread-0] root: Connected to localhost on port 60713
2021-03-19 16:11:12,976 INFO  [Thread-56] root: Message received by server -> Status: UPDATE
received adminmsg
2021-03-19 16:11:12,977 INFO  [Thread-56] root: Message sent by server -> Status: UPDATE_SUCCESS
Starting commModule
2021-03-19 16:11:12,999 INFO  [Thread-0] root: Server communication module connected
2021-03-19 16:11:13,000 INFO  [Thread-0] root: Connected to localhost on port 60721
2021-03-19 16:11:13,000 INFO  [Thread-57] root: Message received by server -> Status: PROPAGATE_ADMIN
received adminmsg
2021-03-19 16:11:13,000 DEBUG [Thread-57] root: Getting successors
2021-03-19 16:11:13,000 DEBUG [Thread-57] root: Got successors
2021-03-19 16:11:13,000 DEBUG [Thread-57] root: Propagating to: 127.0.0.1:50108 127.0.0.1:50062
2021-03-19 16:11:13,001 INFO  [Thread-57] root: Client communication module connected
2021-03-19 16:11:13,001 INFO  [Thread-57] root: Client communication module connected
2021-03-19 16:11:13,001 DEBUG [Thread-57] root: {}
2021-03-19 16:11:13,001 INFO  [Thread-57] root: Message sent by server -> Status: PROPAGATE_SUCCESS
Starting commModule
2021-03-19 16:11:13,004 INFO  [Thread-0] root: Server communication module connected
2021-03-19 16:11:13,005 INFO  [Thread-0] root: Connected to localhost on port 60725
Starting commModule
2021-03-19 16:11:13,023 INFO  [Thread-0] root: Server communication module connected
2021-03-19 16:11:13,024 INFO  [Thread-0] root: Connected to localhost on port 60735
Starting commModule
2021-03-19 16:11:13,045 INFO  [Thread-0] root: Server communication module connected
2021-03-19 16:11:13,046 INFO  [Thread-0] root: Connected to localhost on port 60745
2021-03-19 16:11:13,053 INFO  [Thread-60] root: Message received by server -> Status: GET_METADATA Key: nothing Value: nothing
2021-03-19 16:11:13,053 DEBUG [Thread-60] root: In serve
2021-03-19 16:11:13,053 DEBUG [Thread-60] root: Checking if stopped or write locked
2021-03-19 16:11:13,053 DEBUG [Thread-60] root: Case GET_METADATA
2021-03-19 16:11:13,062 INFO  [Thread-60] root: Message sent by server -> Status: GET_METADATA_SUCCESS Key: nothing Value: nothing
Starting commModule
2021-03-19 16:11:13,109 INFO  [Thread-0] root: Server communication module connected
2021-03-19 16:11:13,110 INFO  [Thread-0] root: Connected to localhost on port 60754
2021-03-19 16:11:13,110 INFO  [Thread-61] root: Message received by server -> Status: GET_METADATA Key: nothing Value: nothing
2021-03-19 16:11:13,110 DEBUG [Thread-61] root: In serve
2021-03-19 16:11:13,110 DEBUG [Thread-61] root: Checking if stopped or write locked
2021-03-19 16:11:13,110 DEBUG [Thread-61] root: Case GET_METADATA
2021-03-19 16:11:13,111 INFO  [Thread-61] root: Message sent by server -> Status: GET_METADATA_SUCCESS Key: nothing Value: nothing
2021-03-19 16:11:13,111 INFO  [Thread-61] root: Message received by server -> Status: PUT Key: 4 Value: MNS4
2021-03-19 16:11:13,111 DEBUG [Thread-61] root: In serve
2021-03-19 16:11:13,111 DEBUG [Thread-61] root: Checking if stopped or write locked
2021-03-19 16:11:13,111 DEBUG [Thread-61] root: PUT request being served
2021-03-19 16:11:13,111 DEBUG [Thread-61] root: Checking if it's in range
2021-03-19 16:11:13,113 DEBUG [Thread-61] root: Got hostname and port -> 127.0.0.1:50134
2021-03-19 16:11:13,113 DEBUG [Thread-61] root: Got metadata range: 8d90257e50c26bf77bc2720a0500604c:a95ea7de8ee4dd7e708a119ac0af7770
2021-03-19 16:11:13,113 DEBUG [Thread-61] root: 127.0.0.1:50047 -> 1dac169400f49f159c03e41444693bbf:4c6c123a892c4f3ac4906ac76a38bcaf
2021-03-19 16:11:13,113 DEBUG [Thread-61] root: 127.0.0.1:50134 -> 8d90257e50c26bf77bc2720a0500604c:a95ea7de8ee4dd7e708a119ac0af7770
2021-03-19 16:11:13,113 DEBUG [Thread-61] root: 127.0.0.1:50051 -> 4c6c123a892c4f3ac4906ac76a38bcb0:6aea519c46e2d3594f951390c89daec5
2021-03-19 16:11:13,113 DEBUG [Thread-61] root: 127.0.0.1:50062 -> ba59fe1d5978cd844e7dddbc83babf68:c92c39df5e10f7be142ab8274b097327
2021-03-19 16:11:13,113 DEBUG [Thread-61] root: 127.0.0.1:50120 -> 7ae3e72fc27386cc08a57ae8172f01c7:8d90257e50c26bf77bc2720a0500604b
2021-03-19 16:11:13,113 DEBUG [Thread-61] root: 127.0.0.1:50141 -> 6aea519c46e2d3594f951390c89daec6:7ae3e72fc27386cc08a57ae8172f01c6
2021-03-19 16:11:13,113 DEBUG [Thread-61] root: 127.0.0.1:50108 -> a95ea7de8ee4dd7e708a119ac0af7771:ba59fe1d5978cd844e7dddbc83babf67
2021-03-19 16:11:13,113 DEBUG [Thread-61] root: 127.0.0.1:50071 -> c92c39df5e10f7be142ab8274b097328:1dac169400f49f159c03e41444693bbe
2021-03-19 16:11:13,113 DEBUG [Thread-61] root: Got range big ints
2021-03-19 16:11:13,113 DEBUG [Thread-61] root: Range start < range end
2021-03-19 16:11:13,113 DEBUG [Thread-61] root: Done with range check in server
2021-03-19 16:11:13,113 DEBUG [Thread-61] root: In range
2021-03-19 16:11:13,114 INFO  [Thread-61] root: Put: key = 4, value = MNS4
2021-03-19 16:11:13,114 DEBUG [Thread-61] root: Getting successors
2021-03-19 16:11:13,114 DEBUG [Thread-61] root: Got successors
2021-03-19 16:11:13,114 DEBUG [Thread-61] root: Propagating to: 127.0.0.1:50108 127.0.0.1:50062
2021-03-19 16:11:13,115 INFO  [Thread-61] root: Client communication module connected
2021-03-19 16:11:13,115 INFO  [Thread-61] root: Client communication module connected
2021-03-19 16:11:13,115 DEBUG [Thread-61] root: {"4":"MNS4"}
2021-03-19 16:11:13,116 INFO  [Thread-61] root: Message sent by client -> Status: PROPAGATE
2021-03-19 16:11:13,117 INFO  [Thread-61] root: Message sent by client -> Status: PROPAGATE
2021-03-19 16:11:13,121 INFO  [Thread-61] root: Message received by client -> Status: PROPAGATE_SUCCESS Key: null Value: null
2021-03-19 16:11:13,121 INFO  [Thread-61] root: Message received by client -> Status: PROPAGATE_SUCCESS Key: null Value: null
2021-03-19 16:11:13,121 INFO  [Thread-61] root: Message sent by server -> Status: PUT_SUCCESS Key: 4 Value: MNS4
Starting commModule
2021-03-19 16:11:13,135 INFO  [Thread-0] root: Server communication module connected
2021-03-19 16:11:13,135 INFO  [Thread-0] root: Connected to localhost on port 60762
2021-03-19 16:11:13,136 INFO  [Thread-62] root: Message received by server -> Status: GET_METADATA Key: nothing Value: nothing
2021-03-19 16:11:13,136 DEBUG [Thread-62] root: In serve
2021-03-19 16:11:13,136 DEBUG [Thread-62] root: Checking if stopped or write locked
2021-03-19 16:11:13,136 DEBUG [Thread-62] root: Case GET_METADATA
2021-03-19 16:11:13,136 INFO  [Thread-62] root: Message sent by server -> Status: GET_METADATA_SUCCESS Key: nothing Value: nothing
2021-03-19 16:11:13,136 INFO  [Thread-62] root: Message received by server -> Status: PUT Key: 7 Value: MNS7
2021-03-19 16:11:13,136 DEBUG [Thread-62] root: In serve
2021-03-19 16:11:13,136 DEBUG [Thread-62] root: Checking if stopped or write locked
2021-03-19 16:11:13,136 DEBUG [Thread-62] root: PUT request being served
2021-03-19 16:11:13,137 DEBUG [Thread-62] root: Checking if it's in range
2021-03-19 16:11:13,137 DEBUG [Thread-62] root: Got hostname and port -> 127.0.0.1:50134
2021-03-19 16:11:13,137 DEBUG [Thread-62] root: Got metadata range: 8d90257e50c26bf77bc2720a0500604c:a95ea7de8ee4dd7e708a119ac0af7770
2021-03-19 16:11:13,137 DEBUG [Thread-62] root: 127.0.0.1:50047 -> 1dac169400f49f159c03e41444693bbf:4c6c123a892c4f3ac4906ac76a38bcaf
2021-03-19 16:11:13,137 DEBUG [Thread-62] root: 127.0.0.1:50134 -> 8d90257e50c26bf77bc2720a0500604c:a95ea7de8ee4dd7e708a119ac0af7770
2021-03-19 16:11:13,137 DEBUG [Thread-62] root: 127.0.0.1:50051 -> 4c6c123a892c4f3ac4906ac76a38bcb0:6aea519c46e2d3594f951390c89daec5
2021-03-19 16:11:13,137 DEBUG [Thread-62] root: 127.0.0.1:50062 -> ba59fe1d5978cd844e7dddbc83babf68:c92c39df5e10f7be142ab8274b097327
2021-03-19 16:11:13,137 DEBUG [Thread-62] root: 127.0.0.1:50120 -> 7ae3e72fc27386cc08a57ae8172f01c7:8d90257e50c26bf77bc2720a0500604b
2021-03-19 16:11:13,137 DEBUG [Thread-62] root: 127.0.0.1:50141 -> 6aea519c46e2d3594f951390c89daec6:7ae3e72fc27386cc08a57ae8172f01c6
2021-03-19 16:11:13,137 DEBUG [Thread-62] root: 127.0.0.1:50108 -> a95ea7de8ee4dd7e708a119ac0af7771:ba59fe1d5978cd844e7dddbc83babf67
2021-03-19 16:11:13,137 DEBUG [Thread-62] root: 127.0.0.1:50071 -> c92c39df5e10f7be142ab8274b097328:1dac169400f49f159c03e41444693bbe
2021-03-19 16:11:13,137 DEBUG [Thread-62] root: Got range big ints
2021-03-19 16:11:13,137 DEBUG [Thread-62] root: Range start < range end
2021-03-19 16:11:13,137 DEBUG [Thread-62] root: Done with range check in server
2021-03-19 16:11:13,137 DEBUG [Thread-62] root: In range
2021-03-19 16:11:13,137 INFO  [Thread-62] root: Put: key = 7, value = MNS7
2021-03-19 16:11:13,137 DEBUG [Thread-62] root: Getting successors
2021-03-19 16:11:13,137 DEBUG [Thread-62] root: Got successors
2021-03-19 16:11:13,138 DEBUG [Thread-62] root: Propagating to: 127.0.0.1:50108 127.0.0.1:50062
2021-03-19 16:11:13,138 INFO  [Thread-62] root: Client communication module connected
2021-03-19 16:11:13,138 INFO  [Thread-62] root: Client communication module connected
2021-03-19 16:11:13,138 DEBUG [Thread-62] root: {"7":"MNS7"}
2021-03-19 16:11:13,139 INFO  [Thread-62] root: Message sent by client -> Status: PROPAGATE
2021-03-19 16:11:13,139 INFO  [Thread-62] root: Message sent by client -> Status: PROPAGATE
2021-03-19 16:11:13,141 INFO  [Thread-62] root: Message received by client -> Status: PROPAGATE_SUCCESS Key: null Value: null
2021-03-19 16:11:13,144 INFO  [Thread-62] root: Message received by client -> Status: PROPAGATE_SUCCESS Key: null Value: null
2021-03-19 16:11:13,144 INFO  [Thread-62] root: Message sent by server -> Status: PUT_SUCCESS Key: 7 Value: MNS7
Starting commModule
2021-03-19 16:11:13,193 INFO  [Thread-0] root: Server communication module connected
2021-03-19 16:11:13,194 INFO  [Thread-0] root: Connected to localhost on port 60775
2021-03-19 16:11:13,194 INFO  [Thread-63] root: Message received by server -> Status: GET_METADATA Key: nothing Value: nothing
2021-03-19 16:11:13,194 DEBUG [Thread-63] root: In serve
2021-03-19 16:11:13,194 DEBUG [Thread-63] root: Checking if stopped or write locked
2021-03-19 16:11:13,194 DEBUG [Thread-63] root: Case GET_METADATA
2021-03-19 16:11:13,194 INFO  [Thread-63] root: Message sent by server -> Status: GET_METADATA_SUCCESS Key: nothing Value: nothing
2021-03-19 16:11:13,195 INFO  [Thread-63] root: Message received by server -> Status: GET Key: 4 Value: 
2021-03-19 16:11:13,195 DEBUG [Thread-63] root: In serve
2021-03-19 16:11:13,195 DEBUG [Thread-63] root: Checking if stopped or write locked
2021-03-19 16:11:13,195 DEBUG [Thread-63] root: Checking if it's in range
2021-03-19 16:11:13,195 DEBUG [Thread-63] root: Got hostname and port -> 127.0.0.1:50134
2021-03-19 16:11:13,195 DEBUG [Thread-63] root: Got metadata range: 6aea519c46e2d3594f951390c89daec6:a95ea7de8ee4dd7e708a119ac0af7770
2021-03-19 16:11:13,195 DEBUG [Thread-63] root: 127.0.0.1:50047 -> ba59fe1d5978cd844e7dddbc83babf68:4c6c123a892c4f3ac4906ac76a38bcaf
2021-03-19 16:11:13,195 DEBUG [Thread-63] root: 127.0.0.1:50134 -> 6aea519c46e2d3594f951390c89daec6:a95ea7de8ee4dd7e708a119ac0af7770
2021-03-19 16:11:13,195 DEBUG [Thread-63] root: 127.0.0.1:50051 -> c92c39df5e10f7be142ab8274b097328:6aea519c46e2d3594f951390c89daec5
2021-03-19 16:11:13,195 DEBUG [Thread-63] root: 127.0.0.1:50062 -> 8d90257e50c26bf77bc2720a0500604c:c92c39df5e10f7be142ab8274b097327
2021-03-19 16:11:13,195 DEBUG [Thread-63] root: 127.0.0.1:50120 -> 4c6c123a892c4f3ac4906ac76a38bcb0:8d90257e50c26bf77bc2720a0500604b
2021-03-19 16:11:13,195 DEBUG [Thread-63] root: 127.0.0.1:50141 -> 1dac169400f49f159c03e41444693bbf:7ae3e72fc27386cc08a57ae8172f01c6
2021-03-19 16:11:13,195 DEBUG [Thread-63] root: 127.0.0.1:50108 -> 7ae3e72fc27386cc08a57ae8172f01c7:ba59fe1d5978cd844e7dddbc83babf67
2021-03-19 16:11:13,195 DEBUG [Thread-63] root: 127.0.0.1:50071 -> a95ea7de8ee4dd7e708a119ac0af7771:1dac169400f49f159c03e41444693bbe
2021-03-19 16:11:13,195 DEBUG [Thread-63] root: Got range big ints
2021-03-19 16:11:13,195 DEBUG [Thread-63] root: Range start < range end
2021-03-19 16:11:13,195 DEBUG [Thread-63] root: Done with range check in server
2021-03-19 16:11:13,195 INFO  [Thread-63] root: Get: key = 4
2021-03-19 16:11:13,196 INFO  [Thread-63] root: Message sent by server -> Status: GET_SUCCESS Key: 4 Value: MNS4
Starting commModule
2021-03-19 16:11:13,202 INFO  [Thread-0] root: Server communication module connected
2021-03-19 16:11:13,202 INFO  [Thread-0] root: Connected to localhost on port 60777
2021-03-19 16:11:13,203 INFO  [Thread-64] root: Message received by server -> Status: GET_METADATA Key: nothing Value: nothing
2021-03-19 16:11:13,203 DEBUG [Thread-64] root: In serve
2021-03-19 16:11:13,203 DEBUG [Thread-64] root: Checking if stopped or write locked
2021-03-19 16:11:13,203 DEBUG [Thread-64] root: Case GET_METADATA
2021-03-19 16:11:13,203 INFO  [Thread-64] root: Message sent by server -> Status: GET_METADATA_SUCCESS Key: nothing Value: nothing
2021-03-19 16:11:13,203 INFO  [Thread-64] root: Message received by server -> Status: GET Key: 7 Value: 
2021-03-19 16:11:13,203 DEBUG [Thread-64] root: In serve
2021-03-19 16:11:13,203 DEBUG [Thread-64] root: Checking if stopped or write locked
2021-03-19 16:11:13,203 DEBUG [Thread-64] root: Checking if it's in range
2021-03-19 16:11:13,204 DEBUG [Thread-64] root: Got hostname and port -> 127.0.0.1:50134
2021-03-19 16:11:13,204 DEBUG [Thread-64] root: Got metadata range: 6aea519c46e2d3594f951390c89daec6:a95ea7de8ee4dd7e708a119ac0af7770
2021-03-19 16:11:13,204 DEBUG [Thread-64] root: 127.0.0.1:50047 -> ba59fe1d5978cd844e7dddbc83babf68:4c6c123a892c4f3ac4906ac76a38bcaf
2021-03-19 16:11:13,204 DEBUG [Thread-64] root: 127.0.0.1:50134 -> 6aea519c46e2d3594f951390c89daec6:a95ea7de8ee4dd7e708a119ac0af7770
2021-03-19 16:11:13,204 DEBUG [Thread-64] root: 127.0.0.1:50051 -> c92c39df5e10f7be142ab8274b097328:6aea519c46e2d3594f951390c89daec5
2021-03-19 16:11:13,204 DEBUG [Thread-64] root: 127.0.0.1:50062 -> 8d90257e50c26bf77bc2720a0500604c:c92c39df5e10f7be142ab8274b097327
2021-03-19 16:11:13,204 DEBUG [Thread-64] root: 127.0.0.1:50120 -> 4c6c123a892c4f3ac4906ac76a38bcb0:8d90257e50c26bf77bc2720a0500604b
2021-03-19 16:11:13,204 DEBUG [Thread-64] root: 127.0.0.1:50141 -> 1dac169400f49f159c03e41444693bbf:7ae3e72fc27386cc08a57ae8172f01c6
2021-03-19 16:11:13,204 DEBUG [Thread-64] root: 127.0.0.1:50108 -> 7ae3e72fc27386cc08a57ae8172f01c7:ba59fe1d5978cd844e7dddbc83babf67
2021-03-19 16:11:13,204 DEBUG [Thread-64] root: 127.0.0.1:50071 -> a95ea7de8ee4dd7e708a119ac0af7771:1dac169400f49f159c03e41444693bbe
2021-03-19 16:11:13,204 DEBUG [Thread-64] root: Got range big ints
2021-03-19 16:11:13,204 DEBUG [Thread-64] root: Range start < range end
2021-03-19 16:11:13,204 DEBUG [Thread-64] root: Done with range check in server
2021-03-19 16:11:13,204 INFO  [Thread-64] root: Get: key = 7
2021-03-19 16:11:13,204 INFO  [Thread-64] root: Message sent by server -> Status: GET_SUCCESS Key: 7 Value: MNS7
Starting commModule
2021-03-19 16:11:13,234 INFO  [Thread-0] root: Server communication module connected
2021-03-19 16:11:13,235 INFO  [Thread-0] root: Connected to localhost on port 60787
2021-03-19 16:11:13,235 INFO  [Thread-65] root: Message received by server -> Status: GET_METADATA Key: nothing Value: nothing
2021-03-19 16:11:13,235 DEBUG [Thread-65] root: In serve
2021-03-19 16:11:13,235 DEBUG [Thread-65] root: Checking if stopped or write locked
2021-03-19 16:11:13,235 DEBUG [Thread-65] root: Case GET_METADATA
2021-03-19 16:11:13,236 INFO  [Thread-65] root: Message sent by server -> Status: GET_METADATA_SUCCESS Key: nothing Value: nothing
2021-03-19 16:11:13,236 INFO  [Thread-65] root: Message received by server -> Status: PUT Key: 4 Value: null
2021-03-19 16:11:13,236 DEBUG [Thread-65] root: In serve
2021-03-19 16:11:13,236 DEBUG [Thread-65] root: Checking if stopped or write locked
2021-03-19 16:11:13,236 DEBUG [Thread-65] root: PUT request being served
2021-03-19 16:11:13,236 DEBUG [Thread-65] root: Checking if it's in range
2021-03-19 16:11:13,237 DEBUG [Thread-65] root: Got hostname and port -> 127.0.0.1:50134
2021-03-19 16:11:13,237 DEBUG [Thread-65] root: Got metadata range: 8d90257e50c26bf77bc2720a0500604c:a95ea7de8ee4dd7e708a119ac0af7770
2021-03-19 16:11:13,237 DEBUG [Thread-65] root: 127.0.0.1:50047 -> 1dac169400f49f159c03e41444693bbf:4c6c123a892c4f3ac4906ac76a38bcaf
2021-03-19 16:11:13,237 DEBUG [Thread-65] root: 127.0.0.1:50134 -> 8d90257e50c26bf77bc2720a0500604c:a95ea7de8ee4dd7e708a119ac0af7770
2021-03-19 16:11:13,237 DEBUG [Thread-65] root: 127.0.0.1:50051 -> 4c6c123a892c4f3ac4906ac76a38bcb0:6aea519c46e2d3594f951390c89daec5
2021-03-19 16:11:13,237 DEBUG [Thread-65] root: 127.0.0.1:50062 -> ba59fe1d5978cd844e7dddbc83babf68:c92c39df5e10f7be142ab8274b097327
2021-03-19 16:11:13,237 DEBUG [Thread-65] root: 127.0.0.1:50120 -> 7ae3e72fc27386cc08a57ae8172f01c7:8d90257e50c26bf77bc2720a0500604b
2021-03-19 16:11:13,237 DEBUG [Thread-65] root: 127.0.0.1:50141 -> 6aea519c46e2d3594f951390c89daec6:7ae3e72fc27386cc08a57ae8172f01c6
2021-03-19 16:11:13,237 DEBUG [Thread-65] root: 127.0.0.1:50108 -> a95ea7de8ee4dd7e708a119ac0af7771:ba59fe1d5978cd844e7dddbc83babf67
2021-03-19 16:11:13,237 DEBUG [Thread-65] root: 127.0.0.1:50071 -> c92c39df5e10f7be142ab8274b097328:1dac169400f49f159c03e41444693bbe
2021-03-19 16:11:13,237 DEBUG [Thread-65] root: Got range big ints
2021-03-19 16:11:13,237 DEBUG [Thread-65] root: Range start < range end
2021-03-19 16:11:13,237 DEBUG [Thread-65] root: Done with range check in server
2021-03-19 16:11:13,237 DEBUG [Thread-65] root: In range
2021-03-19 16:11:13,237 INFO  [Thread-65] root: Delete: key = 4
2021-03-19 16:11:13,237 INFO  [Thread-65] root: Updating storage
2021-03-19 16:11:13,237 DEBUG [Thread-65] root: Getting successors
2021-03-19 16:11:13,237 DEBUG [Thread-65] root: Got successors
2021-03-19 16:11:13,238 DEBUG [Thread-65] root: Propagating to: 127.0.0.1:50108 127.0.0.1:50062
2021-03-19 16:11:13,238 INFO  [Thread-65] root: Client communication module connected
2021-03-19 16:11:13,238 INFO  [Thread-65] root: Client communication module connected
2021-03-19 16:11:13,238 DEBUG [Thread-65] root: {"4":null}
2021-03-19 16:11:13,239 INFO  [Thread-65] root: Message sent by client -> Status: PROPAGATE
2021-03-19 16:11:13,239 INFO  [Thread-65] root: Message sent by client -> Status: PROPAGATE
2021-03-19 16:11:13,241 INFO  [Thread-65] root: Message received by client -> Status: PROPAGATE_SUCCESS Key: null Value: null
2021-03-19 16:11:13,241 INFO  [Thread-65] root: Message received by client -> Status: PROPAGATE_SUCCESS Key: null Value: null
2021-03-19 16:11:13,241 INFO  [Thread-65] root: Message sent by server -> Status: DELETE_SUCCESS Key: 4 Value: null
Starting commModule
2021-03-19 16:11:13,255 INFO  [Thread-0] root: Server communication module connected
2021-03-19 16:11:13,256 INFO  [Thread-0] root: Connected to localhost on port 60795
2021-03-19 16:11:13,256 INFO  [Thread-66] root: Message received by server -> Status: GET_METADATA Key: nothing Value: nothing
2021-03-19 16:11:13,256 DEBUG [Thread-66] root: In serve
2021-03-19 16:11:13,256 DEBUG [Thread-66] root: Checking if stopped or write locked
2021-03-19 16:11:13,256 DEBUG [Thread-66] root: Case GET_METADATA
2021-03-19 16:11:13,257 INFO  [Thread-66] root: Message sent by server -> Status: GET_METADATA_SUCCESS Key: nothing Value: nothing
2021-03-19 16:11:13,257 INFO  [Thread-66] root: Message received by server -> Status: PUT Key: 7 Value: null
2021-03-19 16:11:13,257 DEBUG [Thread-66] root: In serve
2021-03-19 16:11:13,257 DEBUG [Thread-66] root: Checking if stopped or write locked
2021-03-19 16:11:13,257 DEBUG [Thread-66] root: PUT request being served
2021-03-19 16:11:13,257 DEBUG [Thread-66] root: Checking if it's in range
2021-03-19 16:11:13,257 DEBUG [Thread-66] root: Got hostname and port -> 127.0.0.1:50134
2021-03-19 16:11:13,257 DEBUG [Thread-66] root: Got metadata range: 8d90257e50c26bf77bc2720a0500604c:a95ea7de8ee4dd7e708a119ac0af7770
2021-03-19 16:11:13,258 DEBUG [Thread-66] root: 127.0.0.1:50047 -> 1dac169400f49f159c03e41444693bbf:4c6c123a892c4f3ac4906ac76a38bcaf
2021-03-19 16:11:13,258 DEBUG [Thread-66] root: 127.0.0.1:50134 -> 8d90257e50c26bf77bc2720a0500604c:a95ea7de8ee4dd7e708a119ac0af7770
2021-03-19 16:11:13,258 DEBUG [Thread-66] root: 127.0.0.1:50051 -> 4c6c123a892c4f3ac4906ac76a38bcb0:6aea519c46e2d3594f951390c89daec5
2021-03-19 16:11:13,258 DEBUG [Thread-66] root: 127.0.0.1:50062 -> ba59fe1d5978cd844e7dddbc83babf68:c92c39df5e10f7be142ab8274b097327
2021-03-19 16:11:13,258 DEBUG [Thread-66] root: 127.0.0.1:50120 -> 7ae3e72fc27386cc08a57ae8172f01c7:8d90257e50c26bf77bc2720a0500604b
2021-03-19 16:11:13,258 DEBUG [Thread-66] root: 127.0.0.1:50141 -> 6aea519c46e2d3594f951390c89daec6:7ae3e72fc27386cc08a57ae8172f01c6
2021-03-19 16:11:13,258 DEBUG [Thread-66] root: 127.0.0.1:50108 -> a95ea7de8ee4dd7e708a119ac0af7771:ba59fe1d5978cd844e7dddbc83babf67
2021-03-19 16:11:13,258 DEBUG [Thread-66] root: 127.0.0.1:50071 -> c92c39df5e10f7be142ab8274b097328:1dac169400f49f159c03e41444693bbe
2021-03-19 16:11:13,258 DEBUG [Thread-66] root: Got range big ints
2021-03-19 16:11:13,258 DEBUG [Thread-66] root: Range start < range end
2021-03-19 16:11:13,258 DEBUG [Thread-66] root: Done with range check in server
2021-03-19 16:11:13,258 DEBUG [Thread-66] root: In range
2021-03-19 16:11:13,258 INFO  [Thread-66] root: Delete: key = 7
2021-03-19 16:11:13,258 INFO  [Thread-66] root: Updating storage
2021-03-19 16:11:13,258 DEBUG [Thread-66] root: Getting successors
2021-03-19 16:11:13,258 DEBUG [Thread-66] root: Got successors
2021-03-19 16:11:13,258 DEBUG [Thread-66] root: Propagating to: 127.0.0.1:50108 127.0.0.1:50062
2021-03-19 16:11:13,259 INFO  [Thread-66] root: Client communication module connected
2021-03-19 16:11:13,259 INFO  [Thread-66] root: Client communication module connected
2021-03-19 16:11:13,259 DEBUG [Thread-66] root: {"7":null}
2021-03-19 16:11:13,260 INFO  [Thread-66] root: Message sent by client -> Status: PROPAGATE
2021-03-19 16:11:13,260 INFO  [Thread-66] root: Message sent by client -> Status: PROPAGATE
2021-03-19 16:11:13,262 INFO  [Thread-66] root: Message received by client -> Status: PROPAGATE_SUCCESS Key: null Value: null
2021-03-19 16:11:13,263 INFO  [Thread-66] root: Message received by client -> Status: PROPAGATE_SUCCESS Key: null Value: null
2021-03-19 16:11:13,263 INFO  [Thread-66] root: Message sent by server -> Status: DELETE_SUCCESS Key: 7 Value: null
Starting commModule
2021-03-19 16:11:13,295 INFO  [Thread-0] root: Server communication module connected
2021-03-19 16:11:13,295 INFO  [Thread-67] root: Message received by server -> Status: SHUTDOWN
received adminmsg
2021-03-19 16:11:13,295 DEBUG [Thread-67] root: Closing the program
2021-03-19 16:11:13,296 INFO  [Thread-0] root: Connected to localhost on port 60807
2021-03-19 16:11:13,296 INFO  [Thread-0] root: Server stopped.
2021-03-19 16:11:13,296 INFO  [Thread-0] root: Clearing KV Storage...
2021-03-19 16:11:13,296 INFO  [Thread-67] root: Message sent by server -> Status: SHUTDOWN_SUCCESS
2021-03-19 16:13:08,446 INFO  [Thread-0] root: Initialize server ...
2021-03-19 16:13:08,458 INFO  [Thread-0] root: Server listening on port: 50134
2021-03-19 16:13:08,478 INFO  [Thread-0] org.apache.zookeeper.ZooKeeper: Client environment:zookeeper.version=3.6.2--803c7f1a12f85978cb049af5e4ef23bd8b688715, built on 09/04/2020 12:44 GMT
2021-03-19 16:13:08,478 INFO  [Thread-0] org.apache.zookeeper.ZooKeeper: Client environment:host.name=localhost
2021-03-19 16:13:08,478 INFO  [Thread-0] org.apache.zookeeper.ZooKeeper: Client environment:java.version=11.0.10
2021-03-19 16:13:08,478 INFO  [Thread-0] org.apache.zookeeper.ZooKeeper: Client environment:java.vendor=Azul Systems, Inc.
2021-03-19 16:13:08,478 INFO  [Thread-0] org.apache.zookeeper.ZooKeeper: Client environment:java.home=/Users/steve/Library/Java/JavaVirtualMachines/azul-11.0.10/Contents/Home
2021-03-19 16:13:08,478 INFO  [Thread-0] org.apache.zookeeper.ZooKeeper: Client environment:java.class.path=/Users/steve/Desktop/UofT/year4/winter2021/ECE419/milestone3/m3-server.jar
2021-03-19 16:13:08,478 INFO  [Thread-0] org.apache.zookeeper.ZooKeeper: Client environment:java.library.path=/Users/steve/Library/Java/Extensions:/Library/Java/Extensions:/Network/Library/Java/Extensions:/System/Library/Java/Extensions:/usr/lib/java:.
2021-03-19 16:13:08,478 INFO  [Thread-0] org.apache.zookeeper.ZooKeeper: Client environment:java.io.tmpdir=/var/folders/kz/3gb57nkn6ks6_07_dtt5lqvr0000gn/T/
2021-03-19 16:13:08,478 INFO  [Thread-0] org.apache.zookeeper.ZooKeeper: Client environment:java.compiler=<NA>
2021-03-19 16:13:08,478 INFO  [Thread-0] org.apache.zookeeper.ZooKeeper: Client environment:os.name=Mac OS X
2021-03-19 16:13:08,478 INFO  [Thread-0] org.apache.zookeeper.ZooKeeper: Client environment:os.arch=x86_64
2021-03-19 16:13:08,478 INFO  [Thread-0] org.apache.zookeeper.ZooKeeper: Client environment:os.version=10.16
2021-03-19 16:13:08,478 INFO  [Thread-0] org.apache.zookeeper.ZooKeeper: Client environment:user.name=steve
2021-03-19 16:13:08,479 INFO  [Thread-0] org.apache.zookeeper.ZooKeeper: Client environment:user.home=/Users/steve
2021-03-19 16:13:08,479 INFO  [Thread-0] org.apache.zookeeper.ZooKeeper: Client environment:user.dir=/Users/steve
2021-03-19 16:13:08,479 INFO  [Thread-0] org.apache.zookeeper.ZooKeeper: Client environment:os.memory.free=249MB
2021-03-19 16:13:08,479 INFO  [Thread-0] org.apache.zookeeper.ZooKeeper: Client environment:os.memory.max=4096MB
2021-03-19 16:13:08,479 INFO  [Thread-0] org.apache.zookeeper.ZooKeeper: Client environment:os.memory.total=256MB
2021-03-19 16:13:08,481 INFO  [Thread-0] org.apache.zookeeper.ZooKeeper: Initiating client connection, connectString=localhost:2181 sessionTimeout=3000 watcher=app_kvServer.KVServer$1@24877fd5
2021-03-19 16:13:08,484 INFO  [Thread-0] org.apache.zookeeper.common.X509Util: Setting -D jdk.tls.rejectClientInitiatedRenegotiation=true to disable client-initiated TLS renegotiation
2021-03-19 16:13:08,496 INFO  [Thread-0] org.apache.zookeeper.ClientCnxnSocket: jute.maxbuffer value is 1048575 Bytes
2021-03-19 16:13:08,504 INFO  [Thread-0] org.apache.zookeeper.ClientCnxn: zookeeper.request.timeout value is 0. feature enabled=false
2021-03-19 16:13:08,513 DEBUG [Thread-0-SendThread(localhost:2181)] org.apache.zookeeper.SaslServerPrincipal: Canonicalized address to localhost
2021-03-19 16:13:08,514 INFO  [Thread-0-SendThread(localhost:2181)] org.apache.zookeeper.ClientCnxn: Opening socket connection to server localhost/0:0:0:0:0:0:0:1:2181.
2021-03-19 16:13:08,514 INFO  [Thread-0-SendThread(localhost:2181)] org.apache.zookeeper.ClientCnxn: SASL config status: Will not attempt to authenticate using SASL (unknown error)
2021-03-19 16:13:08,530 INFO  [Thread-0-SendThread(localhost:2181)] org.apache.zookeeper.ClientCnxn: Socket connection established, initiating session, client: /0:0:0:0:0:0:0:1:61879, server: localhost/0:0:0:0:0:0:0:1:2181
2021-03-19 16:13:08,531 DEBUG [Thread-0-SendThread(localhost:2181)] org.apache.zookeeper.ClientCnxn: Session establishment request sent on localhost/0:0:0:0:0:0:0:1:2181
2021-03-19 16:13:08,562 TRACE [Thread-0-SendThread(localhost:2181)] org.apache.zookeeper.ClientCnxnSocket: readConnectResult 37 0x[0,0,0,0,0,0,f,ffffffa0,1,0,14,ffffffbd,52,70,1,ffffffe1,0,0,0,10,fffffff8,ffffffb4,ffffff9c,2e,fffffff3,33,ffffffd6,42,23,ffffffef,12,3f,27,4a,fffffff6,7a,0,]
2021-03-19 16:13:08,563 INFO  [Thread-0-SendThread(localhost:2181)] org.apache.zookeeper.ClientCnxn: Session establishment complete on server localhost/0:0:0:0:0:0:0:1:2181, session id = 0x10014bd527001e1, negotiated timeout = 4000
2021-03-19 16:13:08,566 DEBUG [Thread-0-EventThread] root: ZK event: 
2021-03-19 16:13:08,566 DEBUG [Thread-0-EventThread] root: WatchedEvent state:SyncConnected type:None path:null
2021-03-19 16:13:08,594 DEBUG [Thread-0-SendThread(localhost:2181)] org.apache.zookeeper.ClientCnxn: Reading reply session id: 0x10014bd527001e1, packet:: clientPath:null serverPath:null finished:false header:: 1,1  replyHeader:: 1,1537,0  request:: '/keeper/server135,,v{s{31,s{'world,'anyone}}},1  response:: '/keeper/server135 
2021-03-19 16:13:08,598 DEBUG [Thread-0-SendThread(localhost:2181)] org.apache.zookeeper.ClientCnxn: Reading reply session id: 0x10014bd527001e1, packet:: clientPath:null serverPath:null finished:false header:: 2,3  replyHeader:: 2,1537,0  request:: '/keeper/server135,T  response:: s{1537,1537,1616184788567,1616184788567,0,0,0,72080397402374625,0,0,1537} 
2021-03-19 16:13:08,624 DEBUG [Thread-0-SendThread(localhost:2181)] org.apache.zookeeper.ClientCnxn: Got notification session id: 0x10014bd527001e1
2021-03-19 16:13:08,625 DEBUG [Thread-0-SendThread(localhost:2181)] org.apache.zookeeper.ClientCnxn: Got WatchedEvent state:SyncConnected type:NodeDataChanged path:/keeper/server135 for session id 0x10014bd527001e1
2021-03-19 16:13:08,626 DEBUG [Thread-0-EventThread] root: ZK event: 
2021-03-19 16:13:08,626 DEBUG [Thread-0-EventThread] root: WatchedEvent state:SyncConnected type:NodeDataChanged path:/keeper/server135
2021-03-19 16:13:08,626 DEBUG [Thread-0-SendThread(localhost:2181)] org.apache.zookeeper.ClientCnxn: Reading reply session id: 0x10014bd527001e1, packet:: clientPath:null serverPath:null finished:false header:: 3,5  replyHeader:: 3,1538,0  request:: '/keeper/server135,#3132372e302e302e313a3530313334,0  response:: s{1537,1538,1616184788567,1616184788599,1,0,0,72080397402374625,15,0,1537} 
2021-03-19 16:13:08,626 INFO  [Thread-0] root: Node created at: /keeper/server135
Starting commModule
2021-03-19 16:13:08,633 INFO  [Thread-0] root: Server communication module connected
2021-03-19 16:13:08,634 INFO  [Thread-0] root: Connected to localhost on port 61880
2021-03-19 16:13:08,642 INFO  [Thread-1] root: Message received by server -> Status: INIT_SERVER
received adminmsg
2021-03-19 16:13:08,643 INFO  [Thread-1] root: Message sent by server -> Status: INIT_SERVER_SUCCESS
2021-03-19 16:13:08,643 INFO  [Thread-1] root: Message received by server -> Status: START
received adminmsg
2021-03-19 16:13:08,643 INFO  [Thread-1] root: Message sent by server -> Status: START_SUCCESS
Starting commModule
2021-03-19 16:13:08,686 INFO  [Thread-0] root: Server communication module connected
2021-03-19 16:13:08,687 INFO  [Thread-0] root: Connected to localhost on port 61898
Starting commModule
2021-03-19 16:13:08,702 INFO  [Thread-0] root: Server communication module connected
2021-03-19 16:13:08,703 INFO  [Thread-0] root: Connected to localhost on port 61908
Starting commModule
2021-03-19 16:13:08,706 INFO  [Thread-0] root: Server communication module connected
2021-03-19 16:13:08,707 INFO  [Thread-0] root: Connected to localhost on port 61910
Starting commModule
2021-03-19 16:13:08,731 INFO  [Thread-0] root: Server communication module connected
2021-03-19 16:13:08,732 INFO  [Thread-0] root: Connected to localhost on port 61918
2021-03-19 16:13:08,733 INFO  [Thread-5] root: Message received by server -> Status: UPDATE
received adminmsg
2021-03-19 16:13:08,734 INFO  [Thread-5] root: Message sent by server -> Status: UPDATE_SUCCESS
Starting commModule
2021-03-19 16:13:08,756 INFO  [Thread-0] root: Server communication module connected
2021-03-19 16:13:08,757 INFO  [Thread-0] root: Connected to localhost on port 61929
Starting commModule
2021-03-19 16:13:08,773 INFO  [Thread-0] root: Server communication module connected
2021-03-19 16:13:08,774 INFO  [Thread-0] root: Connected to localhost on port 61939
Starting commModule
2021-03-19 16:13:08,774 INFO  [Thread-0] root: Server communication module connected
2021-03-19 16:13:08,775 INFO  [Thread-0] root: Connected to localhost on port 61940
2021-03-19 16:13:08,776 INFO  [Thread-8] root: Message received by server -> Status: PROPAGATE_ADMIN
received adminmsg
2021-03-19 16:13:08,781 DEBUG [Thread-8] root: Getting successors
2021-03-19 16:13:08,781 DEBUG [Thread-8] root: Got successors
2021-03-19 16:13:08,782 DEBUG [Thread-8] root: Propagating to: 127.0.0.1:50091 127.0.0.1:50145
2021-03-19 16:13:08,784 INFO  [Thread-8] root: Client communication module connected
2021-03-19 16:13:08,785 INFO  [Thread-8] root: Client communication module connected
2021-03-19 16:13:08,785 DEBUG [Thread-8] root: {}
2021-03-19 16:13:08,785 INFO  [Thread-8] root: Message sent by server -> Status: PROPAGATE_SUCCESS
2021-03-19 16:13:09,936 DEBUG [Thread-0-SendThread(localhost:2181)] org.apache.zookeeper.ClientCnxn: Got ping response for session id: 0x10014bd527001e1 after 2ms.
2021-03-19 16:13:11,269 DEBUG [Thread-0-SendThread(localhost:2181)] org.apache.zookeeper.ClientCnxn: Got ping response for session id: 0x10014bd527001e1 after 0ms.
2021-03-19 16:13:12,606 DEBUG [Thread-0-SendThread(localhost:2181)] org.apache.zookeeper.ClientCnxn: Got ping response for session id: 0x10014bd527001e1 after 0ms.
Starting commModule
2021-03-19 16:13:13,828 INFO  [Thread-0] root: Server communication module connected
2021-03-19 16:13:13,829 INFO  [Thread-0] root: Connected to localhost on port 61955
2021-03-19 16:13:13,831 INFO  [Thread-9] root: Message received by server -> Status: GET_METADATA Key: nothing Value: nothing
2021-03-19 16:13:13,832 DEBUG [Thread-9] root: In serve
2021-03-19 16:13:13,832 DEBUG [Thread-9] root: Checking if stopped or write locked
2021-03-19 16:13:13,832 DEBUG [Thread-9] root: Case GET_METADATA
2021-03-19 16:13:13,847 INFO  [Thread-9] root: Message sent by server -> Status: GET_METADATA_SUCCESS Key: nothing Value: nothing
2021-03-19 16:13:13,847 INFO  [Thread-9] root: Message received by server -> Status: PUT Key: 4 Value: MNS4
2021-03-19 16:13:13,847 DEBUG [Thread-9] root: In serve
2021-03-19 16:13:13,847 DEBUG [Thread-9] root: Checking if stopped or write locked
2021-03-19 16:13:13,848 DEBUG [Thread-9] root: PUT request being served
2021-03-19 16:13:13,848 DEBUG [Thread-9] root: Checking if it's in range
2021-03-19 16:13:13,850 DEBUG [Thread-9] root: Got hostname and port -> 127.0.0.1:50134
2021-03-19 16:13:13,850 DEBUG [Thread-9] root: Got metadata range: 9efa48c7a65ce701f7d47cdddd38f9b1:a95ea7de8ee4dd7e708a119ac0af7770
2021-03-19 16:13:13,850 DEBUG [Thread-9] root: 127.0.0.1:50037 -> 18fac06783088afb5a30fa414794fefb:2a2e69a7c21349d2061427b923edd37e
2021-03-19 16:13:13,850 DEBUG [Thread-9] root: 127.0.0.1:50029 -> 621f4210428ae90bf957a61affc96008:7a8189a1ab2de708aef6ffed2e048fe0
2021-03-19 16:13:13,850 DEBUG [Thread-9] root: 127.0.0.1:50145 -> d5ea9e7a433fd7e7e2e41bfbd0dfdda5:e9117e185e76206da5b073d36e173b1
2021-03-19 16:13:13,851 DEBUG [Thread-9] root: 127.0.0.1:50035 -> e9117e185e76206da5b073d36e173b2:18fac06783088afb5a30fa414794fefa
2021-03-19 16:13:13,851 DEBUG [Thread-9] root: 127.0.0.1:50134 -> 9efa48c7a65ce701f7d47cdddd38f9b1:a95ea7de8ee4dd7e708a119ac0af7770
2021-03-19 16:13:13,851 DEBUG [Thread-9] root: 127.0.0.1:50119 -> 2a2e69a7c21349d2061427b923edd37f:621f4210428ae90bf957a61affc96007
2021-03-19 16:13:13,851 DEBUG [Thread-9] root: 127.0.0.1:50092 -> 7a8189a1ab2de708aef6ffed2e048fe1:9efa48c7a65ce701f7d47cdddd38f9b0
2021-03-19 16:13:13,851 DEBUG [Thread-9] root: 127.0.0.1:50091 -> a95ea7de8ee4dd7e708a119ac0af7771:d5ea9e7a433fd7e7e2e41bfbd0dfdda4
2021-03-19 16:13:13,851 DEBUG [Thread-9] root: Got range big ints
2021-03-19 16:13:13,851 DEBUG [Thread-9] root: Range start < range end
2021-03-19 16:13:13,851 DEBUG [Thread-9] root: Done with range check in server
2021-03-19 16:13:13,851 DEBUG [Thread-9] root: In range
2021-03-19 16:13:13,852 INFO  [Thread-9] root: Put: key = 4, value = MNS4
2021-03-19 16:13:13,853 DEBUG [Thread-9] root: Getting successors
2021-03-19 16:13:13,853 DEBUG [Thread-9] root: Got successors
2021-03-19 16:13:13,853 DEBUG [Thread-9] root: Propagating to: 127.0.0.1:50091 127.0.0.1:50145
2021-03-19 16:13:13,854 INFO  [Thread-9] root: Client communication module connected
2021-03-19 16:13:13,855 INFO  [Thread-9] root: Client communication module connected
2021-03-19 16:13:13,855 DEBUG [Thread-9] root: {"4":"MNS4"}
2021-03-19 16:13:13,857 INFO  [Thread-9] root: Message sent by client -> Status: PROPAGATE
2021-03-19 16:13:13,857 INFO  [Thread-9] root: Message sent by client -> Status: PROPAGATE
2021-03-19 16:13:13,859 INFO  [Thread-9] root: Message received by client -> Status: PROPAGATE_SUCCESS Key: null Value: null
2021-03-19 16:13:13,860 INFO  [Thread-9] root: Message received by client -> Status: PROPAGATE_SUCCESS Key: null Value: null
2021-03-19 16:13:13,860 INFO  [Thread-9] root: Message sent by server -> Status: PUT_SUCCESS Key: 4 Value: MNS4
Starting commModule
2021-03-19 16:13:13,903 INFO  [Thread-0] root: Server communication module connected
2021-03-19 16:13:13,904 INFO  [Thread-0] root: Connected to localhost on port 61965
2021-03-19 16:13:13,905 INFO  [Thread-10] root: Message received by server -> Status: PROPAGATE
2021-03-19 16:13:13,905 DEBUG [Thread-10] root: In serve
2021-03-19 16:13:13,905 DEBUG [Thread-10] root: Checking if stopped or write locked
2021-03-19 16:13:13,905 DEBUG [Thread-10] root: Case propagate
2021-03-19 16:13:13,905 DEBUG [Thread-10] root: Passing to server
2021-03-19 16:13:13,905 DEBUG [Thread-10] root: Getting Predecessors
2021-03-19 16:13:13,905 DEBUG [Thread-10] root: Looking for 127.0.0.1:50134
2021-03-19 16:13:13,905 DEBUG [Thread-10] root: [127.0.0.1:50145, 127.0.0.1:50035, 127.0.0.1:50037, 127.0.0.1:50119, 127.0.0.1:50029, 127.0.0.1:50092, 127.0.0.1:50134, 127.0.0.1:50091]
2021-03-19 16:13:13,906 DEBUG [Thread-10] root: Predecessors:
2021-03-19 16:13:13,906 DEBUG [Thread-10] root: [127.0.0.1:50029, 127.0.0.1:50092]
2021-03-19 16:13:13,906 DEBUG [Thread-10] root: Looking for 127.0.0.1:50092
2021-03-19 16:13:13,906 DEBUG [Thread-10] root: Index of predecessor: 1
2021-03-19 16:13:13,906 DEBUG [Thread-10] root: Server Stuff
2021-03-19 16:13:13,906 INFO  [Thread-10] root: Put: key = 7, value = MNS7
2021-03-19 16:13:13,907 INFO  [Thread-10] root: Message sent by server -> Status: PROPAGATE_SUCCESS Key: null Value: null
2021-03-19 16:13:13,944 DEBUG [Thread-0-SendThread(localhost:2181)] org.apache.zookeeper.ClientCnxn: Got ping response for session id: 0x10014bd527001e1 after 0ms.
Starting commModule
2021-03-19 16:13:13,961 INFO  [Thread-0] root: Server communication module connected
2021-03-19 16:13:13,962 INFO  [Thread-0] root: Connected to localhost on port 61980
2021-03-19 16:13:13,963 INFO  [Thread-11] root: Message received by server -> Status: GET_METADATA Key: nothing Value: nothing
2021-03-19 16:13:13,963 DEBUG [Thread-11] root: In serve
2021-03-19 16:13:13,963 DEBUG [Thread-11] root: Checking if stopped or write locked
2021-03-19 16:13:13,963 DEBUG [Thread-11] root: Case GET_METADATA
2021-03-19 16:13:13,964 INFO  [Thread-11] root: Message sent by server -> Status: GET_METADATA_SUCCESS Key: nothing Value: nothing
2021-03-19 16:13:13,964 INFO  [Thread-11] root: Message received by server -> Status: GET Key: 7 Value: 
2021-03-19 16:13:13,964 DEBUG [Thread-11] root: In serve
2021-03-19 16:13:13,964 DEBUG [Thread-11] root: Checking if stopped or write locked
2021-03-19 16:13:13,964 DEBUG [Thread-11] root: Checking if it's in range
2021-03-19 16:13:13,965 DEBUG [Thread-11] root: Got hostname and port -> 127.0.0.1:50134
2021-03-19 16:13:13,965 DEBUG [Thread-11] root: Got metadata range: 621f4210428ae90bf957a61affc96008:a95ea7de8ee4dd7e708a119ac0af7770
2021-03-19 16:13:13,965 DEBUG [Thread-11] root: 127.0.0.1:50037 -> d5ea9e7a433fd7e7e2e41bfbd0dfdda5:2a2e69a7c21349d2061427b923edd37e
2021-03-19 16:13:13,965 DEBUG [Thread-11] root: 127.0.0.1:50029 -> 18fac06783088afb5a30fa414794fefb:7a8189a1ab2de708aef6ffed2e048fe0
2021-03-19 16:13:13,965 DEBUG [Thread-11] root: 127.0.0.1:50145 -> 9efa48c7a65ce701f7d47cdddd38f9b1:e9117e185e76206da5b073d36e173b1
2021-03-19 16:13:13,965 DEBUG [Thread-11] root: 127.0.0.1:50035 -> a95ea7de8ee4dd7e708a119ac0af7771:18fac06783088afb5a30fa414794fefa
2021-03-19 16:13:13,965 DEBUG [Thread-11] root: 127.0.0.1:50134 -> 621f4210428ae90bf957a61affc96008:a95ea7de8ee4dd7e708a119ac0af7770
2021-03-19 16:13:13,965 DEBUG [Thread-11] root: 127.0.0.1:50119 -> e9117e185e76206da5b073d36e173b2:621f4210428ae90bf957a61affc96007
2021-03-19 16:13:13,965 DEBUG [Thread-11] root: 127.0.0.1:50092 -> 2a2e69a7c21349d2061427b923edd37f:9efa48c7a65ce701f7d47cdddd38f9b0
2021-03-19 16:13:13,965 DEBUG [Thread-11] root: 127.0.0.1:50091 -> 7a8189a1ab2de708aef6ffed2e048fe1:d5ea9e7a433fd7e7e2e41bfbd0dfdda4
2021-03-19 16:13:13,965 DEBUG [Thread-11] root: Got range big ints
2021-03-19 16:13:13,965 DEBUG [Thread-11] root: Range start < range end
2021-03-19 16:13:13,965 DEBUG [Thread-11] root: Done with range check in server
2021-03-19 16:13:13,965 INFO  [Thread-11] root: Get: key = 7
2021-03-19 16:13:13,966 INFO  [Thread-11] root: Message sent by server -> Status: GET_SUCCESS Key: 7 Value: MNS7
Starting commModule
2021-03-19 16:13:14,024 INFO  [Thread-0] root: Server communication module connected
2021-03-19 16:13:14,025 INFO  [Thread-0] root: Connected to localhost on port 61992
2021-03-19 16:13:14,026 INFO  [Thread-12] root: Message received by server -> Status: GET_METADATA Key: nothing Value: nothing
2021-03-19 16:13:14,026 DEBUG [Thread-12] root: In serve
2021-03-19 16:13:14,026 DEBUG [Thread-12] root: Checking if stopped or write locked
2021-03-19 16:13:14,026 DEBUG [Thread-12] root: Case GET_METADATA
2021-03-19 16:13:14,027 INFO  [Thread-12] root: Message sent by server -> Status: GET_METADATA_SUCCESS Key: nothing Value: nothing
2021-03-19 16:13:14,027 INFO  [Thread-12] root: Message received by server -> Status: PUT Key: 4 Value: null
2021-03-19 16:13:14,028 DEBUG [Thread-12] root: In serve
2021-03-19 16:13:14,028 DEBUG [Thread-12] root: Checking if stopped or write locked
2021-03-19 16:13:14,028 DEBUG [Thread-12] root: PUT request being served
2021-03-19 16:13:14,028 DEBUG [Thread-12] root: Checking if it's in range
2021-03-19 16:13:14,028 DEBUG [Thread-12] root: Got hostname and port -> 127.0.0.1:50134
2021-03-19 16:13:14,028 DEBUG [Thread-12] root: Got metadata range: 9efa48c7a65ce701f7d47cdddd38f9b1:a95ea7de8ee4dd7e708a119ac0af7770
2021-03-19 16:13:14,028 DEBUG [Thread-12] root: 127.0.0.1:50037 -> 18fac06783088afb5a30fa414794fefb:2a2e69a7c21349d2061427b923edd37e
2021-03-19 16:13:14,028 DEBUG [Thread-12] root: 127.0.0.1:50029 -> 621f4210428ae90bf957a61affc96008:7a8189a1ab2de708aef6ffed2e048fe0
2021-03-19 16:13:14,028 DEBUG [Thread-12] root: 127.0.0.1:50145 -> d5ea9e7a433fd7e7e2e41bfbd0dfdda5:e9117e185e76206da5b073d36e173b1
2021-03-19 16:13:14,028 DEBUG [Thread-12] root: 127.0.0.1:50035 -> e9117e185e76206da5b073d36e173b2:18fac06783088afb5a30fa414794fefa
2021-03-19 16:13:14,028 DEBUG [Thread-12] root: 127.0.0.1:50134 -> 9efa48c7a65ce701f7d47cdddd38f9b1:a95ea7de8ee4dd7e708a119ac0af7770
2021-03-19 16:13:14,028 DEBUG [Thread-12] root: 127.0.0.1:50119 -> 2a2e69a7c21349d2061427b923edd37f:621f4210428ae90bf957a61affc96007
2021-03-19 16:13:14,028 DEBUG [Thread-12] root: 127.0.0.1:50092 -> 7a8189a1ab2de708aef6ffed2e048fe1:9efa48c7a65ce701f7d47cdddd38f9b0
2021-03-19 16:13:14,028 DEBUG [Thread-12] root: 127.0.0.1:50091 -> a95ea7de8ee4dd7e708a119ac0af7771:d5ea9e7a433fd7e7e2e41bfbd0dfdda4
2021-03-19 16:13:14,029 DEBUG [Thread-12] root: Got range big ints
2021-03-19 16:13:14,029 DEBUG [Thread-12] root: Range start < range end
2021-03-19 16:13:14,029 DEBUG [Thread-12] root: Done with range check in server
2021-03-19 16:13:14,029 DEBUG [Thread-12] root: In range
2021-03-19 16:13:14,029 INFO  [Thread-12] root: Delete: key = 4
2021-03-19 16:13:14,030 INFO  [Thread-12] root: Updating storage
2021-03-19 16:13:14,030 DEBUG [Thread-12] root: Getting successors
2021-03-19 16:13:14,030 DEBUG [Thread-12] root: Got successors
2021-03-19 16:13:14,030 DEBUG [Thread-12] root: Propagating to: 127.0.0.1:50091 127.0.0.1:50145
2021-03-19 16:13:14,031 INFO  [Thread-12] root: Client communication module connected
2021-03-19 16:13:14,031 INFO  [Thread-12] root: Client communication module connected
2021-03-19 16:13:14,031 DEBUG [Thread-12] root: {"4":null}
2021-03-19 16:13:14,032 INFO  [Thread-12] root: Message sent by client -> Status: PROPAGATE
2021-03-19 16:13:14,033 INFO  [Thread-12] root: Message sent by client -> Status: PROPAGATE
2021-03-19 16:13:14,035 INFO  [Thread-12] root: Message received by client -> Status: PROPAGATE_SUCCESS Key: null Value: null
2021-03-19 16:13:14,036 INFO  [Thread-12] root: Message received by client -> Status: PROPAGATE_SUCCESS Key: null Value: null
2021-03-19 16:13:14,036 INFO  [Thread-12] root: Message sent by server -> Status: DELETE_SUCCESS Key: 4 Value: null
Starting commModule
2021-03-19 16:13:14,060 INFO  [Thread-0] root: Server communication module connected
2021-03-19 16:13:14,061 INFO  [Thread-0] root: Connected to localhost on port 62002
2021-03-19 16:13:14,062 INFO  [Thread-13] root: Message received by server -> Status: PROPAGATE
2021-03-19 16:13:14,062 DEBUG [Thread-13] root: In serve
2021-03-19 16:13:14,062 DEBUG [Thread-13] root: Checking if stopped or write locked
2021-03-19 16:13:14,062 DEBUG [Thread-13] root: Case propagate
2021-03-19 16:13:14,062 DEBUG [Thread-13] root: Passing to server
2021-03-19 16:13:14,062 DEBUG [Thread-13] root: Getting Predecessors
2021-03-19 16:13:14,063 DEBUG [Thread-13] root: Looking for 127.0.0.1:50134
2021-03-19 16:13:14,063 DEBUG [Thread-13] root: [127.0.0.1:50145, 127.0.0.1:50035, 127.0.0.1:50037, 127.0.0.1:50119, 127.0.0.1:50029, 127.0.0.1:50092, 127.0.0.1:50134, 127.0.0.1:50091]
2021-03-19 16:13:14,063 DEBUG [Thread-13] root: Predecessors:
2021-03-19 16:13:14,063 DEBUG [Thread-13] root: [127.0.0.1:50029, 127.0.0.1:50092]
2021-03-19 16:13:14,063 DEBUG [Thread-13] root: Looking for 127.0.0.1:50092
2021-03-19 16:13:14,063 DEBUG [Thread-13] root: Index of predecessor: 1
2021-03-19 16:13:14,063 DEBUG [Thread-13] root: Server Stuff
2021-03-19 16:13:14,063 INFO  [Thread-13] root: Delete: key = 7
2021-03-19 16:13:14,063 INFO  [Thread-13] root: Updating storage
2021-03-19 16:13:14,064 INFO  [Thread-13] root: Message sent by server -> Status: PROPAGATE_SUCCESS Key: null Value: null
2021-03-19 16:13:15,281 DEBUG [Thread-0-SendThread(localhost:2181)] org.apache.zookeeper.ClientCnxn: Got ping response for session id: 0x10014bd527001e1 after 0ms.
2021-03-19 16:13:16,618 DEBUG [Thread-0-SendThread(localhost:2181)] org.apache.zookeeper.ClientCnxn: Got ping response for session id: 0x10014bd527001e1 after 0ms.
2021-03-19 16:13:17,956 DEBUG [Thread-0-SendThread(localhost:2181)] org.apache.zookeeper.ClientCnxn: Got ping response for session id: 0x10014bd527001e1 after 0ms.
Starting commModule
2021-03-19 16:13:18,594 INFO  [Thread-0] root: Server communication module connected
2021-03-19 16:13:18,594 INFO  [Thread-0] root: Connected to localhost on port 62024
2021-03-19 16:13:18,595 INFO  [Thread-14] root: Message received by server -> Status: UPDATE
received adminmsg
2021-03-19 16:13:18,596 INFO  [Thread-14] root: Message sent by server -> Status: UPDATE_SUCCESS
Starting commModule
2021-03-19 16:13:18,606 INFO  [Thread-0] root: Server communication module connected
2021-03-19 16:13:18,608 INFO  [Thread-0] root: Connected to localhost on port 62035
Starting commModule
2021-03-19 16:13:18,614 INFO  [Thread-0] root: Server communication module connected
2021-03-19 16:13:18,615 INFO  [Thread-0] root: Connected to localhost on port 62042
Starting commModule
2021-03-19 16:13:18,615 INFO  [Thread-0] root: Server communication module connected
2021-03-19 16:13:18,617 INFO  [Thread-17] root: Message received by server -> Status: PROPAGATE_ADMIN
received adminmsg
2021-03-19 16:13:18,617 INFO  [Thread-0] root: Connected to localhost on port 62043
2021-03-19 16:13:18,617 DEBUG [Thread-17] root: Getting successors
2021-03-19 16:13:18,617 DEBUG [Thread-17] root: Got successors
2021-03-19 16:13:18,617 DEBUG [Thread-17] root: Propagating to: 127.0.0.1:50091 127.0.0.1:50145
2021-03-19 16:13:18,618 INFO  [Thread-17] root: Client communication module connected
2021-03-19 16:13:18,618 INFO  [Thread-17] root: Client communication module connected
2021-03-19 16:13:18,618 DEBUG [Thread-17] root: {}
2021-03-19 16:13:18,618 INFO  [Thread-17] root: Message sent by server -> Status: PROPAGATE_SUCCESS
Starting commModule
2021-03-19 16:13:19,151 INFO  [Thread-0] root: Server communication module connected
2021-03-19 16:13:19,152 INFO  [Thread-0] root: Connected to localhost on port 62055
2021-03-19 16:13:19,152 INFO  [Thread-18] root: Message received by server -> Status: UPDATE
received adminmsg
2021-03-19 16:13:19,153 INFO  [Thread-18] root: Message sent by server -> Status: UPDATE_SUCCESS
Starting commModule
2021-03-19 16:13:19,188 INFO  [Thread-0] root: Server communication module connected
2021-03-19 16:13:19,189 INFO  [Thread-0] root: Connected to localhost on port 62066
Starting commModule
2021-03-19 16:13:19,192 INFO  [Thread-0] root: Server communication module connected
2021-03-19 16:13:19,192 INFO  [Thread-0] root: Connected to localhost on port 62071
Starting commModule
2021-03-19 16:13:19,192 INFO  [Thread-0] root: Server communication module connected
2021-03-19 16:13:19,193 INFO  [Thread-0] root: Connected to localhost on port 62072
2021-03-19 16:13:19,194 INFO  [Thread-21] root: Message received by server -> Status: PROPAGATE_ADMIN
received adminmsg
2021-03-19 16:13:19,194 DEBUG [Thread-21] root: Getting successors
2021-03-19 16:13:19,194 DEBUG [Thread-21] root: Got successors
2021-03-19 16:13:19,194 DEBUG [Thread-21] root: Propagating to: 127.0.0.1:50091 127.0.0.1:50045
2021-03-19 16:13:19,194 INFO  [Thread-21] root: Server found an exception when receiving/processing/sending admin message! java.net.ConnectException: Connection refused (Connection refused)
Starting commModule
2021-03-19 16:13:19,207 INFO  [Thread-0] root: Server communication module connected
2021-03-19 16:13:19,207 INFO  [Thread-0] root: Connected to localhost on port 62082
2021-03-19 16:13:19,208 INFO  [Thread-22] root: Message received by server -> Status: UPDATE
received adminmsg
2021-03-19 16:13:19,209 INFO  [Thread-22] root: Message sent by server -> Status: UPDATE_SUCCESS
Starting commModule
2021-03-19 16:13:19,221 INFO  [Thread-0] root: Server communication module connected
2021-03-19 16:13:19,222 INFO  [Thread-0] root: Connected to localhost on port 62094
Starting commModule
2021-03-19 16:13:19,224 INFO  [Thread-0] root: Server communication module connected
2021-03-19 16:13:19,225 INFO  [Thread-0] root: Connected to localhost on port 62099
Starting commModule
2021-03-19 16:13:19,225 INFO  [Thread-0] root: Server communication module connected
2021-03-19 16:13:19,226 INFO  [Thread-0] root: Connected to localhost on port 62100
2021-03-19 16:13:19,227 INFO  [Thread-25] root: Message received by server -> Status: PROPAGATE_ADMIN
received adminmsg
2021-03-19 16:13:19,227 DEBUG [Thread-25] root: Getting successors
2021-03-19 16:13:19,227 DEBUG [Thread-25] root: Got successors
2021-03-19 16:13:19,227 DEBUG [Thread-25] root: Propagating to: 127.0.0.1:50091 127.0.0.1:50045
2021-03-19 16:13:19,227 INFO  [Thread-25] root: Server found an exception when receiving/processing/sending admin message! java.net.ConnectException: Connection refused (Connection refused)
2021-03-19 16:13:19,294 DEBUG [Thread-0-SendThread(localhost:2181)] org.apache.zookeeper.ClientCnxn: Got ping response for session id: 0x10014bd527001e1 after 1ms.
2021-03-19 16:13:20,632 DEBUG [Thread-0-SendThread(localhost:2181)] org.apache.zookeeper.ClientCnxn: Got ping response for session id: 0x10014bd527001e1 after 0ms.
2021-03-19 16:13:21,969 DEBUG [Thread-0-SendThread(localhost:2181)] org.apache.zookeeper.ClientCnxn: Got ping response for session id: 0x10014bd527001e1 after 0ms.
Starting commModule
2021-03-19 16:13:22,590 INFO  [Thread-0] root: Server communication module connected
2021-03-19 16:13:22,591 INFO  [Thread-0] root: Connected to localhost on port 62111
2021-03-19 16:13:22,592 INFO  [Thread-26] root: Message received by server -> Status: UPDATE
received adminmsg
2021-03-19 16:13:22,592 INFO  [Thread-26] root: Message sent by server -> Status: UPDATE_SUCCESS
Starting commModule
2021-03-19 16:13:22,607 INFO  [Thread-0] root: Server communication module connected
2021-03-19 16:13:22,608 INFO  [Thread-0] root: Connected to localhost on port 62123
Starting commModule
2021-03-19 16:13:22,631 INFO  [Thread-0] root: Server communication module connected
2021-03-19 16:13:22,632 INFO  [Thread-0] root: Connected to localhost on port 62127
Starting commModule
2021-03-19 16:13:22,632 INFO  [Thread-0] root: Server communication module connected
2021-03-19 16:13:22,633 INFO  [Thread-0] root: Connected to localhost on port 62128
2021-03-19 16:13:22,634 INFO  [Thread-29] root: Message received by server -> Status: PROPAGATE_ADMIN
received adminmsg
2021-03-19 16:13:22,634 DEBUG [Thread-29] root: Getting successors
2021-03-19 16:13:22,634 DEBUG [Thread-29] root: Got successors
2021-03-19 16:13:22,634 DEBUG [Thread-29] root: Propagating to: 127.0.0.1:50045 127.0.0.1:50145
2021-03-19 16:13:22,635 INFO  [Thread-29] root: Client communication module connected
2021-03-19 16:13:22,635 INFO  [Thread-29] root: Client communication module connected
2021-03-19 16:13:22,635 DEBUG [Thread-29] root: {}
2021-03-19 16:13:22,636 INFO  [Thread-29] root: Message sent by server -> Status: PROPAGATE_SUCCESS
Starting commModule
2021-03-19 16:13:23,283 INFO  [Thread-0] root: Server communication module connected
2021-03-19 16:13:23,284 INFO  [Thread-0] root: Connected to localhost on port 62142
2021-03-19 16:13:23,284 INFO  [Thread-30] root: Message received by server -> Status: UPDATE
received adminmsg
2021-03-19 16:13:23,285 INFO  [Thread-30] root: Message sent by server -> Status: UPDATE_SUCCESS
Starting commModule
2021-03-19 16:13:23,300 INFO  [Thread-0] root: Server communication module connected
2021-03-19 16:13:23,301 INFO  [Thread-0] root: Connected to localhost on port 62154
Starting commModule
2021-03-19 16:13:23,305 INFO  [Thread-0] root: Server communication module connected
2021-03-19 16:13:23,305 DEBUG [Thread-0-SendThread(localhost:2181)] org.apache.zookeeper.ClientCnxn: Got ping response for session id: 0x10014bd527001e1 after 0ms.
2021-03-19 16:13:23,306 INFO  [Thread-0] root: Connected to localhost on port 62159
2021-03-19 16:13:23,306 INFO  [Thread-32] root: Message received by server -> Status: PROPAGATE_ADMIN
received adminmsg
2021-03-19 16:13:23,306 DEBUG [Thread-32] root: Getting successors
2021-03-19 16:13:23,306 DEBUG [Thread-32] root: Got successors
2021-03-19 16:13:23,306 DEBUG [Thread-32] root: Propagating to: 127.0.0.1:50045 127.0.0.1:50145
2021-03-19 16:13:23,307 INFO  [Thread-32] root: Client communication module connected
2021-03-19 16:13:23,307 INFO  [Thread-32] root: Client communication module connected
2021-03-19 16:13:23,307 DEBUG [Thread-32] root: {}
2021-03-19 16:13:23,308 INFO  [Thread-32] root: Message sent by server -> Status: PROPAGATE_SUCCESS
Starting commModule
2021-03-19 16:13:23,331 INFO  [Thread-0] root: Server communication module connected
2021-03-19 16:13:23,331 INFO  [Thread-0] root: Connected to localhost on port 62172
2021-03-19 16:13:23,332 INFO  [Thread-33] root: Message received by server -> Status: UPDATE
received adminmsg
2021-03-19 16:13:23,333 INFO  [Thread-33] root: Message sent by server -> Status: UPDATE_SUCCESS
Starting commModule
2021-03-19 16:13:23,355 INFO  [Thread-0] root: Server communication module connected
2021-03-19 16:13:23,356 INFO  [Thread-0] root: Connected to localhost on port 62185
Starting commModule
2021-03-19 16:13:23,361 INFO  [Thread-0] root: Server communication module connected
2021-03-19 16:13:23,362 INFO  [Thread-0] root: Connected to localhost on port 62190
2021-03-19 16:13:23,363 INFO  [Thread-35] root: Message received by server -> Status: PROPAGATE_ADMIN
received adminmsg
2021-03-19 16:13:23,363 DEBUG [Thread-35] root: Getting successors
2021-03-19 16:13:23,363 DEBUG [Thread-35] root: Got successors
2021-03-19 16:13:23,363 DEBUG [Thread-35] root: Propagating to: 127.0.0.1:50045 127.0.0.1:50145
2021-03-19 16:13:23,364 INFO  [Thread-35] root: Client communication module connected
2021-03-19 16:13:23,365 INFO  [Thread-35] root: Client communication module connected
2021-03-19 16:13:23,365 DEBUG [Thread-35] root: {}
2021-03-19 16:13:23,366 INFO  [Thread-35] root: Message sent by server -> Status: PROPAGATE_SUCCESS
Starting commModule
2021-03-19 16:13:23,390 INFO  [Thread-0] root: Server communication module connected
2021-03-19 16:13:23,391 INFO  [Thread-0] root: Connected to localhost on port 62198
Starting commModule
2021-03-19 16:13:24,182 INFO  [Thread-0] root: Server communication module connected
2021-03-19 16:13:24,183 INFO  [Thread-37] root: Message received by server -> Status: SHUTDOWN
received adminmsg
2021-03-19 16:13:24,183 DEBUG [Thread-37] root: Closing the program
2021-03-19 16:13:24,184 INFO  [Thread-0] root: Connected to localhost on port 62210
2021-03-19 16:13:24,184 INFO  [Thread-0] root: Server stopped.
2021-03-19 16:13:24,184 INFO  [Thread-0] root: Clearing KV Storage...
2021-03-19 16:13:24,184 INFO  [Thread-37] root: Message sent by server -> Status: SHUTDOWN_SUCCESS
