2021-03-19 16:20:14,077 INFO  [Thread-0] root: Initialize server ...
2021-03-19 16:20:14,092 INFO  [Thread-0] root: Server listening on port: 50036
2021-03-19 16:20:14,118 INFO  [Thread-0] org.apache.zookeeper.ZooKeeper: Client environment:zookeeper.version=3.6.2--803c7f1a12f85978cb049af5e4ef23bd8b688715, built on 09/04/2020 12:44 GMT
2021-03-19 16:20:14,118 INFO  [Thread-0] org.apache.zookeeper.ZooKeeper: Client environment:host.name=localhost
2021-03-19 16:20:14,118 INFO  [Thread-0] org.apache.zookeeper.ZooKeeper: Client environment:java.version=11.0.10
2021-03-19 16:20:14,118 INFO  [Thread-0] org.apache.zookeeper.ZooKeeper: Client environment:java.vendor=Azul Systems, Inc.
2021-03-19 16:20:14,118 INFO  [Thread-0] org.apache.zookeeper.ZooKeeper: Client environment:java.home=/Users/steve/Library/Java/JavaVirtualMachines/azul-11.0.10/Contents/Home
2021-03-19 16:20:14,119 INFO  [Thread-0] org.apache.zookeeper.ZooKeeper: Client environment:java.class.path=/Users/steve/Desktop/UofT/year4/winter2021/ECE419/milestone3/m3-server.jar
2021-03-19 16:20:14,119 INFO  [Thread-0] org.apache.zookeeper.ZooKeeper: Client environment:java.library.path=/Users/steve/Library/Java/Extensions:/Library/Java/Extensions:/Network/Library/Java/Extensions:/System/Library/Java/Extensions:/usr/lib/java:.
2021-03-19 16:20:14,119 INFO  [Thread-0] org.apache.zookeeper.ZooKeeper: Client environment:java.io.tmpdir=/var/folders/kz/3gb57nkn6ks6_07_dtt5lqvr0000gn/T/
2021-03-19 16:20:14,119 INFO  [Thread-0] org.apache.zookeeper.ZooKeeper: Client environment:java.compiler=<NA>
2021-03-19 16:20:14,119 INFO  [Thread-0] org.apache.zookeeper.ZooKeeper: Client environment:os.name=Mac OS X
2021-03-19 16:20:14,119 INFO  [Thread-0] org.apache.zookeeper.ZooKeeper: Client environment:os.arch=x86_64
2021-03-19 16:20:14,119 INFO  [Thread-0] org.apache.zookeeper.ZooKeeper: Client environment:os.version=10.16
2021-03-19 16:20:14,119 INFO  [Thread-0] org.apache.zookeeper.ZooKeeper: Client environment:user.name=steve
2021-03-19 16:20:14,120 INFO  [Thread-0] org.apache.zookeeper.ZooKeeper: Client environment:user.home=/Users/steve
2021-03-19 16:20:14,120 INFO  [Thread-0] org.apache.zookeeper.ZooKeeper: Client environment:user.dir=/Users/steve
2021-03-19 16:20:14,120 INFO  [Thread-0] org.apache.zookeeper.ZooKeeper: Client environment:os.memory.free=249MB
2021-03-19 16:20:14,120 INFO  [Thread-0] org.apache.zookeeper.ZooKeeper: Client environment:os.memory.max=4096MB
2021-03-19 16:20:14,120 INFO  [Thread-0] org.apache.zookeeper.ZooKeeper: Client environment:os.memory.total=256MB
2021-03-19 16:20:14,124 INFO  [Thread-0] org.apache.zookeeper.ZooKeeper: Initiating client connection, connectString=localhost:2181 sessionTimeout=3000 watcher=app_kvServer.KVServer$1@24877fd5
2021-03-19 16:20:14,128 INFO  [Thread-0] org.apache.zookeeper.common.X509Util: Setting -D jdk.tls.rejectClientInitiatedRenegotiation=true to disable client-initiated TLS renegotiation
2021-03-19 16:20:14,141 INFO  [Thread-0] org.apache.zookeeper.ClientCnxnSocket: jute.maxbuffer value is 1048575 Bytes
2021-03-19 16:20:14,148 INFO  [Thread-0] org.apache.zookeeper.ClientCnxn: zookeeper.request.timeout value is 0. feature enabled=false
2021-03-19 16:20:14,160 DEBUG [Thread-0-SendThread(localhost:2181)] org.apache.zookeeper.SaslServerPrincipal: Canonicalized address to localhost
2021-03-19 16:20:14,162 INFO  [Thread-0-SendThread(localhost:2181)] org.apache.zookeeper.ClientCnxn: Opening socket connection to server localhost/0:0:0:0:0:0:0:1:2181.
2021-03-19 16:20:14,162 INFO  [Thread-0-SendThread(localhost:2181)] org.apache.zookeeper.ClientCnxn: SASL config status: Will not attempt to authenticate using SASL (unknown error)
2021-03-19 16:20:14,180 INFO  [Thread-0-SendThread(localhost:2181)] org.apache.zookeeper.ClientCnxn: Socket connection established, initiating session, client: /0:0:0:0:0:0:0:1:63329, server: localhost/0:0:0:0:0:0:0:1:2181
2021-03-19 16:20:14,181 DEBUG [Thread-0-SendThread(localhost:2181)] org.apache.zookeeper.ClientCnxn: Session establishment request sent on localhost/0:0:0:0:0:0:0:1:2181
2021-03-19 16:20:14,210 TRACE [Thread-0-SendThread(localhost:2181)] org.apache.zookeeper.ClientCnxnSocket: readConnectResult 37 0x[0,0,0,0,0,0,f,ffffffa0,1,0,14,ffffffbd,52,70,2,16,0,0,0,10,ffffff8a,20,ffffff9c,1c,73,19,ffffff8d,73,1d,41,ffffffb7,56,17,ffffffdb,ffffffed,56,0,]
2021-03-19 16:20:14,211 INFO  [Thread-0-SendThread(localhost:2181)] org.apache.zookeeper.ClientCnxn: Session establishment complete on server localhost/0:0:0:0:0:0:0:1:2181, session id = 0x10014bd52700216, negotiated timeout = 4000
2021-03-19 16:20:14,213 DEBUG [Thread-0-EventThread] root: ZK event: 
2021-03-19 16:20:14,214 DEBUG [Thread-0-EventThread] root: WatchedEvent state:SyncConnected type:None path:null
2021-03-19 16:20:14,243 DEBUG [Thread-0-SendThread(localhost:2181)] org.apache.zookeeper.ClientCnxn: Reading reply session id: 0x10014bd52700216, packet:: clientPath:null serverPath:null finished:false header:: 1,1  replyHeader:: 1,1723,0  request:: '/keeper/server37,,v{s{31,s{'world,'anyone}}},1  response:: '/keeper/server37 
2021-03-19 16:20:14,248 DEBUG [Thread-0-SendThread(localhost:2181)] org.apache.zookeeper.ClientCnxn: Reading reply session id: 0x10014bd52700216, packet:: clientPath:null serverPath:null finished:false header:: 2,3  replyHeader:: 2,1723,0  request:: '/keeper/server37,T  response:: s{1723,1723,1616185214214,1616185214214,0,0,0,72080397402374678,0,0,1723} 
2021-03-19 16:20:14,275 DEBUG [Thread-0-SendThread(localhost:2181)] org.apache.zookeeper.ClientCnxn: Got notification session id: 0x10014bd52700216
2021-03-19 16:20:14,276 DEBUG [Thread-0-SendThread(localhost:2181)] org.apache.zookeeper.ClientCnxn: Got WatchedEvent state:SyncConnected type:NodeDataChanged path:/keeper/server37 for session id 0x10014bd52700216
2021-03-19 16:20:14,277 DEBUG [Thread-0-EventThread] root: ZK event: 
2021-03-19 16:20:14,277 DEBUG [Thread-0-EventThread] root: WatchedEvent state:SyncConnected type:NodeDataChanged path:/keeper/server37
2021-03-19 16:20:14,278 DEBUG [Thread-0-SendThread(localhost:2181)] org.apache.zookeeper.ClientCnxn: Reading reply session id: 0x10014bd52700216, packet:: clientPath:null serverPath:null finished:false header:: 3,5  replyHeader:: 3,1724,0  request:: '/keeper/server37,#3132372e302e302e313a3530303336,0  response:: s{1723,1724,1616185214214,1616185214249,1,0,0,72080397402374678,15,0,1723} 
2021-03-19 16:20:14,278 INFO  [Thread-0] root: Node created at: /keeper/server37
Starting commModule
2021-03-19 16:20:14,286 INFO  [Thread-0] root: Server communication module connected
2021-03-19 16:20:14,287 INFO  [Thread-0] root: Connected to localhost on port 63330
2021-03-19 16:20:14,297 INFO  [Thread-1] root: Message received by server -> Status: INIT_SERVER
received adminmsg
2021-03-19 16:20:14,298 INFO  [Thread-1] root: Message sent by server -> Status: INIT_SERVER_SUCCESS
2021-03-19 16:20:14,298 INFO  [Thread-1] root: Message received by server -> Status: START
received adminmsg
2021-03-19 16:20:14,298 INFO  [Thread-1] root: Message sent by server -> Status: START_SUCCESS
Starting commModule
2021-03-19 16:20:14,308 INFO  [Thread-0] root: Server communication module connected
2021-03-19 16:20:14,309 INFO  [Thread-0] root: Connected to localhost on port 63334
Starting commModule
2021-03-19 16:20:14,313 INFO  [Thread-0] root: Server communication module connected
2021-03-19 16:20:14,314 INFO  [Thread-0] root: Connected to localhost on port 63338
Starting commModule
2021-03-19 16:20:14,317 INFO  [Thread-0] root: Server communication module connected
2021-03-19 16:20:14,318 INFO  [Thread-0] root: Connected to localhost on port 63340
Starting commModule
2021-03-19 16:20:14,324 INFO  [Thread-0] root: Server communication module connected
2021-03-19 16:20:14,325 INFO  [Thread-0] root: Connected to localhost on port 63344
2021-03-19 16:20:14,326 INFO  [Thread-5] root: Message received by server -> Status: UPDATE
received adminmsg
2021-03-19 16:20:14,327 INFO  [Thread-5] root: Message sent by server -> Status: UPDATE_SUCCESS
Starting commModule
2021-03-19 16:20:14,330 INFO  [Thread-0] root: Server communication module connected
2021-03-19 16:20:14,331 INFO  [Thread-0] root: Connected to localhost on port 63346
Starting commModule
2021-03-19 16:20:14,334 INFO  [Thread-0] root: Server communication module connected
2021-03-19 16:20:14,335 INFO  [Thread-0] root: Connected to localhost on port 63350
Starting commModule
2021-03-19 16:20:14,335 INFO  [Thread-0] root: Server communication module connected
2021-03-19 16:20:14,336 INFO  [Thread-0] root: Connected to localhost on port 63351
2021-03-19 16:20:14,337 INFO  [Thread-8] root: Message received by server -> Status: PROPAGATE_ADMIN
received adminmsg
2021-03-19 16:20:14,342 DEBUG [Thread-8] root: Getting successors
2021-03-19 16:20:14,342 DEBUG [Thread-8] root: Got successors
2021-03-19 16:20:14,342 DEBUG [Thread-8] root: Propagating to: 127.0.0.1:50065 127.0.0.1:50080
2021-03-19 16:20:14,344 INFO  [Thread-8] root: Client communication module connected
2021-03-19 16:20:14,345 INFO  [Thread-8] root: Client communication module connected
2021-03-19 16:20:14,345 DEBUG [Thread-8] root: {}
2021-03-19 16:20:14,346 INFO  [Thread-8] root: Message sent by server -> Status: PROPAGATE_SUCCESS
Starting commModule
2021-03-19 16:20:14,967 INFO  [Thread-0] root: Server communication module connected
2021-03-19 16:20:14,967 INFO  [Thread-0] root: Connected to localhost on port 63359
2021-03-19 16:20:14,968 INFO  [Thread-9] root: Message received by server -> Status: UPDATE
received adminmsg
2021-03-19 16:20:14,969 INFO  [Thread-9] root: Message sent by server -> Status: UPDATE_SUCCESS
Starting commModule
2021-03-19 16:20:14,972 INFO  [Thread-0] root: Server communication module connected
2021-03-19 16:20:14,972 INFO  [Thread-0] root: Connected to localhost on port 63361
Starting commModule
2021-03-19 16:20:14,977 INFO  [Thread-0] root: Server communication module connected
2021-03-19 16:20:14,978 INFO  [Thread-0] root: Connected to localhost on port 63366
2021-03-19 16:20:14,978 INFO  [Thread-11] root: Message received by server -> Status: PROPAGATE_ADMIN
received adminmsg
2021-03-19 16:20:14,979 DEBUG [Thread-11] root: Getting successors
2021-03-19 16:20:14,979 DEBUG [Thread-11] root: Got successors
2021-03-19 16:20:14,979 DEBUG [Thread-11] root: Propagating to: 127.0.0.1:50065 127.0.0.1:50047
2021-03-19 16:20:14,979 INFO  [Thread-11] root: Client communication module connected
2021-03-19 16:20:14,980 INFO  [Thread-11] root: Client communication module connected
2021-03-19 16:20:14,980 DEBUG [Thread-11] root: {}
2021-03-19 16:20:14,980 INFO  [Thread-11] root: Message sent by server -> Status: PROPAGATE_SUCCESS
Starting commModule
2021-03-19 16:20:14,989 INFO  [Thread-0] root: Server communication module connected
2021-03-19 16:20:14,989 INFO  [Thread-0] root: Connected to localhost on port 63373
2021-03-19 16:20:14,990 INFO  [Thread-12] root: Message received by server -> Status: UPDATE
received adminmsg
2021-03-19 16:20:14,991 INFO  [Thread-12] root: Message sent by server -> Status: UPDATE_SUCCESS
Starting commModule
2021-03-19 16:20:14,997 INFO  [Thread-0] root: Server communication module connected
2021-03-19 16:20:14,997 INFO  [Thread-0] root: Connected to localhost on port 63376
Starting commModule
2021-03-19 16:20:15,002 INFO  [Thread-0] root: Server communication module connected
2021-03-19 16:20:15,003 INFO  [Thread-0] root: Connected to localhost on port 63381
2021-03-19 16:20:15,004 INFO  [Thread-14] root: Message received by server -> Status: PROPAGATE_ADMIN
received adminmsg
2021-03-19 16:20:15,004 DEBUG [Thread-14] root: Getting successors
2021-03-19 16:20:15,004 DEBUG [Thread-14] root: Got successors
2021-03-19 16:20:15,004 DEBUG [Thread-14] root: Propagating to: 127.0.0.1:50065 127.0.0.1:50047
2021-03-19 16:20:15,005 INFO  [Thread-14] root: Client communication module connected
2021-03-19 16:20:15,005 INFO  [Thread-14] root: Client communication module connected
2021-03-19 16:20:15,005 DEBUG [Thread-14] root: {}
2021-03-19 16:20:15,006 INFO  [Thread-14] root: Message sent by server -> Status: PROPAGATE_SUCCESS
Starting commModule
2021-03-19 16:20:15,018 INFO  [Thread-0] root: Server communication module connected
2021-03-19 16:20:15,019 INFO  [Thread-0] root: Connected to localhost on port 63386
Starting commModule
2021-03-19 16:20:15,543 INFO  [Thread-0] root: Server communication module connected
2021-03-19 16:20:15,544 INFO  [Thread-0] root: Connected to localhost on port 63392
2021-03-19 16:20:15,546 INFO  [Thread-16] root: Message received by server -> Status: UPDATE
received adminmsg
2021-03-19 16:20:15,546 INFO  [Thread-16] root: Message sent by server -> Status: UPDATE_SUCCESS
Starting commModule
2021-03-19 16:20:15,553 INFO  [Thread-0] root: Server communication module connected
2021-03-19 16:20:15,554 INFO  [Thread-0] root: Connected to localhost on port 63396
Starting commModule
2021-03-19 16:20:15,559 INFO  [Thread-0] root: Server communication module connected
2021-03-19 16:20:15,559 INFO  [Thread-0] root: Connected to localhost on port 63400
2021-03-19 16:20:15,560 INFO  [Thread-18] root: Message received by server -> Status: PROPAGATE_ADMIN
received adminmsg
2021-03-19 16:20:15,561 DEBUG [Thread-18] root: Getting successors
2021-03-19 16:20:15,561 DEBUG [Thread-18] root: Got successors
2021-03-19 16:20:15,561 DEBUG [Thread-18] root: Propagating to: 127.0.0.1:50065 127.0.0.1:50047
2021-03-19 16:20:15,561 INFO  [Thread-18] root: Client communication module connected
2021-03-19 16:20:15,562 INFO  [Thread-18] root: Client communication module connected
2021-03-19 16:20:15,562 DEBUG [Thread-18] root: {}
2021-03-19 16:20:15,562 INFO  [Thread-18] root: Message sent by server -> Status: PROPAGATE_SUCCESS
Starting commModule
2021-03-19 16:20:15,568 INFO  [Thread-0] root: Server communication module connected
2021-03-19 16:20:15,569 INFO  [Thread-0] root: Connected to localhost on port 63406
2021-03-19 16:20:15,569 INFO  [Thread-19] root: Message received by server -> Status: MOVE_DATA
received adminmsg
2021-03-19 16:20:15,569 DEBUG [Thread-19] root: Input data: 
2021-03-19 16:20:15,569 DEBUG [Thread-19] root: 534ebf1693f15d4e96bbf83e92570e02:a8bb92606ca27789af6c077da3955bcd
2021-03-19 16:20:15,569 DEBUG [Thread-19] root: 127.0.0.1:50084
2021-03-19 16:20:15,570 INFO  [Thread-19] root: Client communication module connected
2021-03-19 16:20:15,570 DEBUG [Thread-19] root: Host: 127.0.0.1
2021-03-19 16:20:15,570 DEBUG [Thread-19] root: Port: 50084
2021-03-19 16:20:15,570 DEBUG [Thread-19] root: Range: 534ebf1693f15d4e96bbf83e92570e02:a8bb92606ca27789af6c077da3955bcd
2021-03-19 16:20:15,570 DEBUG [Thread-19] root: Starting flush data
2021-03-19 16:20:15,570 DEBUG [Thread-19] root: Finished flush data
2021-03-19 16:20:15,570 DEBUG [Thread-19] root: Closing conn
2021-03-19 16:20:15,570 INFO  [Thread-19] root: Connection closed!
2021-03-19 16:20:15,570 DEBUG [Thread-19] root: Closed conn
2021-03-19 16:20:15,570 INFO  [Thread-19] root: Message sent by server -> Status: MOVE_DATA_SUCCESS
Starting commModule
2021-03-19 16:20:15,577 INFO  [Thread-0] root: Server communication module connected
2021-03-19 16:20:15,578 INFO  [Thread-0] root: Connected to localhost on port 63410
2021-03-19 16:20:15,578 INFO  [Thread-20] root: Message received by server -> Status: UPDATE
received adminmsg
2021-03-19 16:20:15,579 INFO  [Thread-20] root: Message sent by server -> Status: UPDATE_SUCCESS
2021-03-19 16:20:15,588 DEBUG [Thread-0-SendThread(localhost:2181)] org.apache.zookeeper.ClientCnxn: Got ping response for session id: 0x10014bd52700216 after 0ms.
Starting commModule
2021-03-19 16:20:15,589 INFO  [Thread-0] root: Server communication module connected
2021-03-19 16:20:15,590 INFO  [Thread-0] root: Connected to localhost on port 63415
Starting commModule
2021-03-19 16:20:15,594 INFO  [Thread-0] root: Server communication module connected
2021-03-19 16:20:15,595 INFO  [Thread-0] root: Connected to localhost on port 63419
2021-03-19 16:20:15,595 INFO  [Thread-22] root: Message received by server -> Status: PROPAGATE_ADMIN
received adminmsg
2021-03-19 16:20:15,596 DEBUG [Thread-22] root: Getting successors
2021-03-19 16:20:15,596 DEBUG [Thread-22] root: Got successors
2021-03-19 16:20:15,596 DEBUG [Thread-22] root: Propagating to: 127.0.0.1:50065 127.0.0.1:50047
2021-03-19 16:20:15,596 INFO  [Thread-22] root: Client communication module connected
2021-03-19 16:20:15,597 INFO  [Thread-22] root: Client communication module connected
2021-03-19 16:20:15,597 DEBUG [Thread-22] root: {}
2021-03-19 16:20:15,597 INFO  [Thread-22] root: Message sent by server -> Status: PROPAGATE_SUCCESS
Starting commModule
2021-03-19 16:20:15,613 INFO  [Thread-0] root: Server communication module connected
2021-03-19 16:20:15,614 INFO  [Thread-0] root: Connected to localhost on port 63426
2021-03-19 16:20:16,921 DEBUG [Thread-0-SendThread(localhost:2181)] org.apache.zookeeper.ClientCnxn: Got ping response for session id: 0x10014bd52700216 after 1ms.
2021-03-19 16:20:18,259 DEBUG [Thread-0-SendThread(localhost:2181)] org.apache.zookeeper.ClientCnxn: Got ping response for session id: 0x10014bd52700216 after 0ms.
2021-03-19 16:20:19,593 DEBUG [Thread-0-SendThread(localhost:2181)] org.apache.zookeeper.ClientCnxn: Got ping response for session id: 0x10014bd52700216 after 1ms.
Starting commModule
2021-03-19 16:20:20,630 INFO  [Thread-0] root: Server communication module connected
2021-03-19 16:20:20,630 INFO  [Thread-0] root: Connected to localhost on port 63430
2021-03-19 16:20:20,632 INFO  [Thread-24] root: Message received by server -> Status: GET_METADATA Key: nothing Value: nothing
2021-03-19 16:20:20,632 DEBUG [Thread-24] root: In serve
2021-03-19 16:20:20,632 DEBUG [Thread-24] root: Checking if stopped or write locked
2021-03-19 16:20:20,632 DEBUG [Thread-24] root: Case GET_METADATA
2021-03-19 16:20:20,641 INFO  [Thread-24] root: Message sent by server -> Status: GET_METADATA_SUCCESS Key: nothing Value: nothing
2021-03-19 16:20:20,641 INFO  [Thread-24] root: Message received by server -> Status: PUT Key: 1 Value: MNS1
2021-03-19 16:20:20,641 DEBUG [Thread-24] root: In serve
2021-03-19 16:20:20,641 DEBUG [Thread-24] root: Checking if stopped or write locked
2021-03-19 16:20:20,641 DEBUG [Thread-24] root: PUT request being served
2021-03-19 16:20:20,641 DEBUG [Thread-24] root: Checking if it's in range
2021-03-19 16:20:20,643 DEBUG [Thread-24] root: Got hostname and port -> 127.0.0.1:50036
2021-03-19 16:20:20,643 DEBUG [Thread-24] root: Got metadata range: a8bb92606ca27789af6c077da3955bce:e65098d2af86c1e2bcc991a809156600
2021-03-19 16:20:20,643 DEBUG [Thread-24] root: 127.0.0.1:50047 -> 2c6ed99e5244f3eeabdede7297c35790:4c6c123a892c4f3ac4906ac76a38bcaf
2021-03-19 16:20:20,643 DEBUG [Thread-24] root: 127.0.0.1:50036 -> a8bb92606ca27789af6c077da3955bce:e65098d2af86c1e2bcc991a809156600
2021-03-19 16:20:20,643 DEBUG [Thread-24] root: 127.0.0.1:50084 -> 534ebf1693f15d4e96bbf83e92570e02:a8bb92606ca27789af6c077da3955bcd
2021-03-19 16:20:20,643 DEBUG [Thread-24] root: 127.0.0.1:50065 -> e65098d2af86c1e2bcc991a809156601:2c6ed99e5244f3eeabdede7297c3578f
2021-03-19 16:20:20,643 DEBUG [Thread-24] root: 127.0.0.1:50080 -> 4c6c123a892c4f3ac4906ac76a38bcb0:534ebf1693f15d4e96bbf83e92570e01
2021-03-19 16:20:20,643 DEBUG [Thread-24] root: Got range big ints
2021-03-19 16:20:20,643 DEBUG [Thread-24] root: Range start < range end
2021-03-19 16:20:20,643 DEBUG [Thread-24] root: Done with range check in server
2021-03-19 16:20:20,643 DEBUG [Thread-24] root: In range
2021-03-19 16:20:20,643 INFO  [Thread-24] root: Put: key = 1, value = MNS1
2021-03-19 16:20:20,644 DEBUG [Thread-24] root: Getting successors
2021-03-19 16:20:20,644 DEBUG [Thread-24] root: Got successors
2021-03-19 16:20:20,644 DEBUG [Thread-24] root: Propagating to: 127.0.0.1:50065 127.0.0.1:50047
2021-03-19 16:20:20,645 INFO  [Thread-24] root: Client communication module connected
2021-03-19 16:20:20,646 INFO  [Thread-24] root: Client communication module connected
2021-03-19 16:20:20,646 DEBUG [Thread-24] root: {"1":"MNS1"}
2021-03-19 16:20:20,647 INFO  [Thread-24] root: Message sent by client -> Status: PROPAGATE
2021-03-19 16:20:20,647 INFO  [Thread-24] root: Message sent by client -> Status: PROPAGATE
2021-03-19 16:20:20,651 INFO  [Thread-24] root: Message received by client -> Status: PROPAGATE_SUCCESS Key: null Value: null
2021-03-19 16:20:20,653 INFO  [Thread-24] root: Message received by client -> Status: PROPAGATE_SUCCESS Key: null Value: null
2021-03-19 16:20:20,654 INFO  [Thread-24] root: Message sent by server -> Status: PUT_SUCCESS Key: 1 Value: MNS1
2021-03-19 16:20:20,654 INFO  [Thread-24] root: Message received by server -> Status: PUT Key: 2 Value: MNS2
2021-03-19 16:20:20,654 DEBUG [Thread-24] root: In serve
2021-03-19 16:20:20,654 DEBUG [Thread-24] root: Checking if stopped or write locked
2021-03-19 16:20:20,654 DEBUG [Thread-24] root: PUT request being served
2021-03-19 16:20:20,654 DEBUG [Thread-24] root: Checking if it's in range
2021-03-19 16:20:20,654 DEBUG [Thread-24] root: Got hostname and port -> 127.0.0.1:50036
2021-03-19 16:20:20,654 DEBUG [Thread-24] root: Got metadata range: a8bb92606ca27789af6c077da3955bce:e65098d2af86c1e2bcc991a809156600
2021-03-19 16:20:20,655 DEBUG [Thread-24] root: 127.0.0.1:50047 -> 2c6ed99e5244f3eeabdede7297c35790:4c6c123a892c4f3ac4906ac76a38bcaf
2021-03-19 16:20:20,655 DEBUG [Thread-24] root: 127.0.0.1:50036 -> a8bb92606ca27789af6c077da3955bce:e65098d2af86c1e2bcc991a809156600
2021-03-19 16:20:20,655 DEBUG [Thread-24] root: 127.0.0.1:50084 -> 534ebf1693f15d4e96bbf83e92570e02:a8bb92606ca27789af6c077da3955bcd
2021-03-19 16:20:20,655 DEBUG [Thread-24] root: 127.0.0.1:50065 -> e65098d2af86c1e2bcc991a809156601:2c6ed99e5244f3eeabdede7297c3578f
2021-03-19 16:20:20,655 DEBUG [Thread-24] root: 127.0.0.1:50080 -> 4c6c123a892c4f3ac4906ac76a38bcb0:534ebf1693f15d4e96bbf83e92570e01
2021-03-19 16:20:20,655 DEBUG [Thread-24] root: Got range big ints
2021-03-19 16:20:20,655 DEBUG [Thread-24] root: Range start < range end
2021-03-19 16:20:20,655 DEBUG [Thread-24] root: Done with range check in server
2021-03-19 16:20:20,655 DEBUG [Thread-24] root: In range
2021-03-19 16:20:20,655 INFO  [Thread-24] root: Put: key = 2, value = MNS2
2021-03-19 16:20:20,656 DEBUG [Thread-24] root: Getting successors
2021-03-19 16:20:20,656 DEBUG [Thread-24] root: Got successors
2021-03-19 16:20:20,656 DEBUG [Thread-24] root: Propagating to: 127.0.0.1:50065 127.0.0.1:50047
2021-03-19 16:20:20,656 INFO  [Thread-24] root: Client communication module connected
2021-03-19 16:20:20,657 INFO  [Thread-24] root: Client communication module connected
2021-03-19 16:20:20,657 DEBUG [Thread-24] root: {"2":"MNS2"}
2021-03-19 16:20:20,658 INFO  [Thread-24] root: Message sent by client -> Status: PROPAGATE
2021-03-19 16:20:20,658 INFO  [Thread-24] root: Message sent by client -> Status: PROPAGATE
2021-03-19 16:20:20,661 INFO  [Thread-24] root: Message received by client -> Status: PROPAGATE_SUCCESS Key: null Value: null
2021-03-19 16:20:20,662 INFO  [Thread-24] root: Message received by client -> Status: PROPAGATE_SUCCESS Key: null Value: null
2021-03-19 16:20:20,662 INFO  [Thread-24] root: Message sent by server -> Status: PUT_SUCCESS Key: 2 Value: MNS2
Starting commModule
2021-03-19 16:20:20,692 INFO  [Thread-0] root: Server communication module connected
2021-03-19 16:20:20,693 INFO  [Thread-0] root: Connected to localhost on port 63439
2021-03-19 16:20:20,694 INFO  [Thread-25] root: Message received by server -> Status: PROPAGATE
2021-03-19 16:20:20,695 DEBUG [Thread-25] root: In serve
2021-03-19 16:20:20,695 DEBUG [Thread-25] root: Checking if stopped or write locked
2021-03-19 16:20:20,695 DEBUG [Thread-25] root: Case propagate
2021-03-19 16:20:20,695 DEBUG [Thread-25] root: Passing to server
2021-03-19 16:20:20,695 DEBUG [Thread-25] root: Getting Predecessors
2021-03-19 16:20:20,695 DEBUG [Thread-25] root: Looking for 127.0.0.1:50036
2021-03-19 16:20:20,695 DEBUG [Thread-25] root: [127.0.0.1:50065, 127.0.0.1:50047, 127.0.0.1:50080, 127.0.0.1:50084, 127.0.0.1:50036]
2021-03-19 16:20:20,695 DEBUG [Thread-25] root: Predecessors:
2021-03-19 16:20:20,696 DEBUG [Thread-25] root: [127.0.0.1:50080, 127.0.0.1:50084]
2021-03-19 16:20:20,696 DEBUG [Thread-25] root: Looking for 127.0.0.1:50084
2021-03-19 16:20:20,696 DEBUG [Thread-25] root: Index of predecessor: 1
2021-03-19 16:20:20,696 DEBUG [Thread-25] root: Server Stuff
2021-03-19 16:20:20,696 INFO  [Thread-25] root: Put: key = 4, value = MNS4
2021-03-19 16:20:20,697 INFO  [Thread-25] root: Message sent by server -> Status: PROPAGATE_SUCCESS Key: null Value: null
Starting commModule
2021-03-19 16:20:20,699 INFO  [Thread-0] root: Server communication module connected
2021-03-19 16:20:20,700 INFO  [Thread-0] root: Connected to localhost on port 63441
2021-03-19 16:20:20,701 INFO  [Thread-26] root: Message received by server -> Status: GET_METADATA Key: nothing Value: nothing
2021-03-19 16:20:20,701 DEBUG [Thread-26] root: In serve
2021-03-19 16:20:20,701 DEBUG [Thread-26] root: Checking if stopped or write locked
2021-03-19 16:20:20,701 DEBUG [Thread-26] root: Case GET_METADATA
2021-03-19 16:20:20,701 INFO  [Thread-26] root: Message sent by server -> Status: GET_METADATA_SUCCESS Key: nothing Value: nothing
2021-03-19 16:20:20,702 INFO  [Thread-26] root: Message received by server -> Status: PUT Key: 5 Value: MNS5
2021-03-19 16:20:20,702 DEBUG [Thread-26] root: In serve
2021-03-19 16:20:20,702 DEBUG [Thread-26] root: Checking if stopped or write locked
2021-03-19 16:20:20,702 DEBUG [Thread-26] root: PUT request being served
2021-03-19 16:20:20,702 DEBUG [Thread-26] root: Checking if it's in range
2021-03-19 16:20:20,702 DEBUG [Thread-26] root: Got hostname and port -> 127.0.0.1:50036
2021-03-19 16:20:20,702 DEBUG [Thread-26] root: Got metadata range: a8bb92606ca27789af6c077da3955bce:e65098d2af86c1e2bcc991a809156600
2021-03-19 16:20:20,702 DEBUG [Thread-26] root: 127.0.0.1:50047 -> 2c6ed99e5244f3eeabdede7297c35790:4c6c123a892c4f3ac4906ac76a38bcaf
2021-03-19 16:20:20,702 DEBUG [Thread-26] root: 127.0.0.1:50036 -> a8bb92606ca27789af6c077da3955bce:e65098d2af86c1e2bcc991a809156600
2021-03-19 16:20:20,702 DEBUG [Thread-26] root: 127.0.0.1:50084 -> 534ebf1693f15d4e96bbf83e92570e02:a8bb92606ca27789af6c077da3955bcd
2021-03-19 16:20:20,702 DEBUG [Thread-26] root: 127.0.0.1:50065 -> e65098d2af86c1e2bcc991a809156601:2c6ed99e5244f3eeabdede7297c3578f
2021-03-19 16:20:20,702 DEBUG [Thread-26] root: 127.0.0.1:50080 -> 4c6c123a892c4f3ac4906ac76a38bcb0:534ebf1693f15d4e96bbf83e92570e01
2021-03-19 16:20:20,702 DEBUG [Thread-26] root: Got range big ints
2021-03-19 16:20:20,702 DEBUG [Thread-26] root: Range start < range end
2021-03-19 16:20:20,702 DEBUG [Thread-26] root: Done with range check in server
2021-03-19 16:20:20,702 DEBUG [Thread-26] root: In range
2021-03-19 16:20:20,703 INFO  [Thread-26] root: Put: key = 5, value = MNS5
2021-03-19 16:20:20,703 DEBUG [Thread-26] root: Getting successors
2021-03-19 16:20:20,703 DEBUG [Thread-26] root: Got successors
2021-03-19 16:20:20,703 DEBUG [Thread-26] root: Propagating to: 127.0.0.1:50065 127.0.0.1:50047
2021-03-19 16:20:20,704 INFO  [Thread-26] root: Client communication module connected
2021-03-19 16:20:20,704 INFO  [Thread-26] root: Client communication module connected
2021-03-19 16:20:20,704 DEBUG [Thread-26] root: {"5":"MNS5"}
2021-03-19 16:20:20,705 INFO  [Thread-26] root: Message sent by client -> Status: PROPAGATE
2021-03-19 16:20:20,705 INFO  [Thread-26] root: Message sent by client -> Status: PROPAGATE
2021-03-19 16:20:20,708 INFO  [Thread-26] root: Message received by client -> Status: PROPAGATE_SUCCESS Key: null Value: null
2021-03-19 16:20:20,709 INFO  [Thread-26] root: Message received by client -> Status: PROPAGATE_SUCCESS Key: null Value: null
2021-03-19 16:20:20,709 INFO  [Thread-26] root: Message sent by server -> Status: PUT_SUCCESS Key: 5 Value: MNS5
Starting commModule
2021-03-19 16:20:20,724 INFO  [Thread-0] root: Server communication module connected
2021-03-19 16:20:20,725 INFO  [Thread-0] root: Connected to localhost on port 63448
2021-03-19 16:20:20,726 INFO  [Thread-27] root: Message received by server -> Status: PROPAGATE
2021-03-19 16:20:20,726 DEBUG [Thread-27] root: In serve
2021-03-19 16:20:20,726 DEBUG [Thread-27] root: Checking if stopped or write locked
2021-03-19 16:20:20,726 DEBUG [Thread-27] root: Case propagate
2021-03-19 16:20:20,726 DEBUG [Thread-27] root: Passing to server
2021-03-19 16:20:20,726 DEBUG [Thread-27] root: Getting Predecessors
2021-03-19 16:20:20,726 DEBUG [Thread-27] root: Looking for 127.0.0.1:50036
2021-03-19 16:20:20,726 DEBUG [Thread-27] root: [127.0.0.1:50065, 127.0.0.1:50047, 127.0.0.1:50080, 127.0.0.1:50084, 127.0.0.1:50036]
2021-03-19 16:20:20,726 DEBUG [Thread-27] root: Predecessors:
2021-03-19 16:20:20,726 DEBUG [Thread-27] root: [127.0.0.1:50080, 127.0.0.1:50084]
2021-03-19 16:20:20,726 DEBUG [Thread-27] root: Looking for 127.0.0.1:50084
2021-03-19 16:20:20,726 DEBUG [Thread-27] root: Index of predecessor: 1
2021-03-19 16:20:20,726 DEBUG [Thread-27] root: Server Stuff
2021-03-19 16:20:20,727 INFO  [Thread-27] root: Put: key = 7, value = MNS7
2021-03-19 16:20:20,727 INFO  [Thread-27] root: Message sent by server -> Status: PROPAGATE_SUCCESS Key: null Value: null
Starting commModule
2021-03-19 16:20:20,729 INFO  [Thread-0] root: Server communication module connected
2021-03-19 16:20:20,729 INFO  [Thread-0] root: Connected to localhost on port 63450
2021-03-19 16:20:20,730 INFO  [Thread-28] root: Message received by server -> Status: GET_METADATA Key: nothing Value: nothing
2021-03-19 16:20:20,730 DEBUG [Thread-28] root: In serve
2021-03-19 16:20:20,730 DEBUG [Thread-28] root: Checking if stopped or write locked
2021-03-19 16:20:20,730 DEBUG [Thread-28] root: Case GET_METADATA
2021-03-19 16:20:20,730 INFO  [Thread-28] root: Message sent by server -> Status: GET_METADATA_SUCCESS Key: nothing Value: nothing
2021-03-19 16:20:20,731 INFO  [Thread-28] root: Message received by server -> Status: PUT Key: 8 Value: MNS8
2021-03-19 16:20:20,731 DEBUG [Thread-28] root: In serve
2021-03-19 16:20:20,731 DEBUG [Thread-28] root: Checking if stopped or write locked
2021-03-19 16:20:20,731 DEBUG [Thread-28] root: PUT request being served
2021-03-19 16:20:20,731 DEBUG [Thread-28] root: Checking if it's in range
2021-03-19 16:20:20,731 DEBUG [Thread-28] root: Got hostname and port -> 127.0.0.1:50036
2021-03-19 16:20:20,731 DEBUG [Thread-28] root: Got metadata range: a8bb92606ca27789af6c077da3955bce:e65098d2af86c1e2bcc991a809156600
2021-03-19 16:20:20,731 DEBUG [Thread-28] root: 127.0.0.1:50047 -> 2c6ed99e5244f3eeabdede7297c35790:4c6c123a892c4f3ac4906ac76a38bcaf
2021-03-19 16:20:20,731 DEBUG [Thread-28] root: 127.0.0.1:50036 -> a8bb92606ca27789af6c077da3955bce:e65098d2af86c1e2bcc991a809156600
2021-03-19 16:20:20,731 DEBUG [Thread-28] root: 127.0.0.1:50084 -> 534ebf1693f15d4e96bbf83e92570e02:a8bb92606ca27789af6c077da3955bcd
2021-03-19 16:20:20,731 DEBUG [Thread-28] root: 127.0.0.1:50065 -> e65098d2af86c1e2bcc991a809156601:2c6ed99e5244f3eeabdede7297c3578f
2021-03-19 16:20:20,731 DEBUG [Thread-28] root: 127.0.0.1:50080 -> 4c6c123a892c4f3ac4906ac76a38bcb0:534ebf1693f15d4e96bbf83e92570e01
2021-03-19 16:20:20,731 DEBUG [Thread-28] root: Got range big ints
2021-03-19 16:20:20,731 DEBUG [Thread-28] root: Range start < range end
2021-03-19 16:20:20,731 DEBUG [Thread-28] root: Done with range check in server
2021-03-19 16:20:20,731 DEBUG [Thread-28] root: In range
2021-03-19 16:20:20,731 INFO  [Thread-28] root: Put: key = 8, value = MNS8
2021-03-19 16:20:20,732 DEBUG [Thread-28] root: Getting successors
2021-03-19 16:20:20,732 DEBUG [Thread-28] root: Got successors
2021-03-19 16:20:20,732 DEBUG [Thread-28] root: Propagating to: 127.0.0.1:50065 127.0.0.1:50047
2021-03-19 16:20:20,732 INFO  [Thread-28] root: Client communication module connected
2021-03-19 16:20:20,732 INFO  [Thread-28] root: Client communication module connected
2021-03-19 16:20:20,733 DEBUG [Thread-28] root: {"8":"MNS8"}
2021-03-19 16:20:20,733 INFO  [Thread-28] root: Message sent by client -> Status: PROPAGATE
2021-03-19 16:20:20,733 INFO  [Thread-28] root: Message sent by client -> Status: PROPAGATE
2021-03-19 16:20:20,739 INFO  [Thread-28] root: Message received by client -> Status: PROPAGATE_SUCCESS Key: null Value: null
2021-03-19 16:20:20,740 INFO  [Thread-28] root: Message received by client -> Status: PROPAGATE_SUCCESS Key: null Value: null
2021-03-19 16:20:20,740 INFO  [Thread-28] root: Message sent by server -> Status: PUT_SUCCESS Key: 8 Value: MNS8
Starting commModule
2021-03-19 16:20:20,759 INFO  [Thread-0] root: Server communication module connected
2021-03-19 16:20:20,760 INFO  [Thread-0] root: Connected to localhost on port 63456
2021-03-19 16:20:20,760 INFO  [Thread-29] root: Message received by server -> Status: GET_METADATA Key: nothing Value: nothing
2021-03-19 16:20:20,760 DEBUG [Thread-29] root: In serve
2021-03-19 16:20:20,760 DEBUG [Thread-29] root: Checking if stopped or write locked
2021-03-19 16:20:20,760 DEBUG [Thread-29] root: Case GET_METADATA
2021-03-19 16:20:20,761 INFO  [Thread-29] root: Message sent by server -> Status: GET_METADATA_SUCCESS Key: nothing Value: nothing
2021-03-19 16:20:20,761 INFO  [Thread-29] root: Message received by server -> Status: PUT Key: 10 Value: MNS10
2021-03-19 16:20:20,761 DEBUG [Thread-29] root: In serve
2021-03-19 16:20:20,761 DEBUG [Thread-29] root: Checking if stopped or write locked
2021-03-19 16:20:20,761 DEBUG [Thread-29] root: PUT request being served
2021-03-19 16:20:20,761 DEBUG [Thread-29] root: Checking if it's in range
2021-03-19 16:20:20,761 DEBUG [Thread-29] root: Got hostname and port -> 127.0.0.1:50036
2021-03-19 16:20:20,761 DEBUG [Thread-29] root: Got metadata range: a8bb92606ca27789af6c077da3955bce:e65098d2af86c1e2bcc991a809156600
2021-03-19 16:20:20,761 DEBUG [Thread-29] root: 127.0.0.1:50047 -> 2c6ed99e5244f3eeabdede7297c35790:4c6c123a892c4f3ac4906ac76a38bcaf
2021-03-19 16:20:20,761 DEBUG [Thread-29] root: 127.0.0.1:50036 -> a8bb92606ca27789af6c077da3955bce:e65098d2af86c1e2bcc991a809156600
2021-03-19 16:20:20,761 DEBUG [Thread-29] root: 127.0.0.1:50084 -> 534ebf1693f15d4e96bbf83e92570e02:a8bb92606ca27789af6c077da3955bcd
2021-03-19 16:20:20,761 DEBUG [Thread-29] root: 127.0.0.1:50065 -> e65098d2af86c1e2bcc991a809156601:2c6ed99e5244f3eeabdede7297c3578f
2021-03-19 16:20:20,761 DEBUG [Thread-29] root: 127.0.0.1:50080 -> 4c6c123a892c4f3ac4906ac76a38bcb0:534ebf1693f15d4e96bbf83e92570e01
2021-03-19 16:20:20,761 DEBUG [Thread-29] root: Got range big ints
2021-03-19 16:20:20,761 DEBUG [Thread-29] root: Range start < range end
2021-03-19 16:20:20,761 DEBUG [Thread-29] root: Done with range check in server
2021-03-19 16:20:20,761 DEBUG [Thread-29] root: In range
2021-03-19 16:20:20,762 INFO  [Thread-29] root: Put: key = 10, value = MNS10
2021-03-19 16:20:20,762 DEBUG [Thread-29] root: Getting successors
2021-03-19 16:20:20,762 DEBUG [Thread-29] root: Got successors
2021-03-19 16:20:20,762 DEBUG [Thread-29] root: Propagating to: 127.0.0.1:50065 127.0.0.1:50047
2021-03-19 16:20:20,762 INFO  [Thread-29] root: Client communication module connected
2021-03-19 16:20:20,763 INFO  [Thread-29] root: Client communication module connected
2021-03-19 16:20:20,763 DEBUG [Thread-29] root: {"10":"MNS10"}
2021-03-19 16:20:20,763 INFO  [Thread-29] root: Message sent by client -> Status: PROPAGATE
2021-03-19 16:20:20,764 INFO  [Thread-29] root: Message sent by client -> Status: PROPAGATE
2021-03-19 16:20:20,765 INFO  [Thread-29] root: Message received by client -> Status: PROPAGATE_SUCCESS Key: null Value: null
2021-03-19 16:20:20,766 INFO  [Thread-29] root: Message received by client -> Status: PROPAGATE_SUCCESS Key: null Value: null
2021-03-19 16:20:20,767 INFO  [Thread-29] root: Message sent by server -> Status: PUT_SUCCESS Key: 10 Value: MNS10
Starting commModule
2021-03-19 16:20:20,775 INFO  [Thread-0] root: Server communication module connected
2021-03-19 16:20:20,776 INFO  [Thread-0] root: Connected to localhost on port 63460
2021-03-19 16:20:20,776 INFO  [Thread-30] root: Message received by server -> Status: GET_METADATA Key: nothing Value: nothing
2021-03-19 16:20:20,776 DEBUG [Thread-30] root: In serve
2021-03-19 16:20:20,776 DEBUG [Thread-30] root: Checking if stopped or write locked
2021-03-19 16:20:20,776 DEBUG [Thread-30] root: Case GET_METADATA
2021-03-19 16:20:20,777 INFO  [Thread-30] root: Message sent by server -> Status: GET_METADATA_SUCCESS Key: nothing Value: nothing
2021-03-19 16:20:20,777 INFO  [Thread-30] root: Message received by server -> Status: GET Key: 4 Value: 
2021-03-19 16:20:20,777 DEBUG [Thread-30] root: In serve
2021-03-19 16:20:20,777 DEBUG [Thread-30] root: Checking if stopped or write locked
2021-03-19 16:20:20,777 DEBUG [Thread-30] root: Checking if it's in range
2021-03-19 16:20:20,777 DEBUG [Thread-30] root: Got hostname and port -> 127.0.0.1:50036
2021-03-19 16:20:20,777 DEBUG [Thread-30] root: Got metadata range: 4c6c123a892c4f3ac4906ac76a38bcb0:e65098d2af86c1e2bcc991a809156600
2021-03-19 16:20:20,777 DEBUG [Thread-30] root: 127.0.0.1:50047 -> a8bb92606ca27789af6c077da3955bce:4c6c123a892c4f3ac4906ac76a38bcaf
2021-03-19 16:20:20,777 DEBUG [Thread-30] root: 127.0.0.1:50036 -> 4c6c123a892c4f3ac4906ac76a38bcb0:e65098d2af86c1e2bcc991a809156600
2021-03-19 16:20:20,777 DEBUG [Thread-30] root: 127.0.0.1:50084 -> 2c6ed99e5244f3eeabdede7297c35790:a8bb92606ca27789af6c077da3955bcd
2021-03-19 16:20:20,778 DEBUG [Thread-30] root: 127.0.0.1:50065 -> 534ebf1693f15d4e96bbf83e92570e02:2c6ed99e5244f3eeabdede7297c3578f
2021-03-19 16:20:20,778 DEBUG [Thread-30] root: 127.0.0.1:50080 -> e65098d2af86c1e2bcc991a809156601:534ebf1693f15d4e96bbf83e92570e01
2021-03-19 16:20:20,778 DEBUG [Thread-30] root: Got range big ints
2021-03-19 16:20:20,778 DEBUG [Thread-30] root: Range start < range end
2021-03-19 16:20:20,778 DEBUG [Thread-30] root: Done with range check in server
2021-03-19 16:20:20,778 INFO  [Thread-30] root: Get: key = 4
2021-03-19 16:20:20,779 INFO  [Thread-30] root: Message sent by server -> Status: GET_SUCCESS Key: 4 Value: MNS4
Starting commModule
2021-03-19 16:20:20,786 INFO  [Thread-0] root: Server communication module connected
2021-03-19 16:20:20,787 INFO  [Thread-0] root: Connected to localhost on port 63462
2021-03-19 16:20:20,787 INFO  [Thread-31] root: Message received by server -> Status: GET_METADATA Key: nothing Value: nothing
2021-03-19 16:20:20,787 DEBUG [Thread-31] root: In serve
2021-03-19 16:20:20,787 DEBUG [Thread-31] root: Checking if stopped or write locked
2021-03-19 16:20:20,787 DEBUG [Thread-31] root: Case GET_METADATA
2021-03-19 16:20:20,788 INFO  [Thread-31] root: Message sent by server -> Status: GET_METADATA_SUCCESS Key: nothing Value: nothing
2021-03-19 16:20:20,788 INFO  [Thread-31] root: Message received by server -> Status: GET Key: 7 Value: 
2021-03-19 16:20:20,788 DEBUG [Thread-31] root: In serve
2021-03-19 16:20:20,788 DEBUG [Thread-31] root: Checking if stopped or write locked
2021-03-19 16:20:20,788 DEBUG [Thread-31] root: Checking if it's in range
2021-03-19 16:20:20,788 DEBUG [Thread-31] root: Got hostname and port -> 127.0.0.1:50036
2021-03-19 16:20:20,788 DEBUG [Thread-31] root: Got metadata range: 4c6c123a892c4f3ac4906ac76a38bcb0:e65098d2af86c1e2bcc991a809156600
2021-03-19 16:20:20,789 DEBUG [Thread-31] root: 127.0.0.1:50047 -> a8bb92606ca27789af6c077da3955bce:4c6c123a892c4f3ac4906ac76a38bcaf
2021-03-19 16:20:20,789 DEBUG [Thread-31] root: 127.0.0.1:50036 -> 4c6c123a892c4f3ac4906ac76a38bcb0:e65098d2af86c1e2bcc991a809156600
2021-03-19 16:20:20,789 DEBUG [Thread-31] root: 127.0.0.1:50084 -> 2c6ed99e5244f3eeabdede7297c35790:a8bb92606ca27789af6c077da3955bcd
2021-03-19 16:20:20,789 DEBUG [Thread-31] root: 127.0.0.1:50065 -> 534ebf1693f15d4e96bbf83e92570e02:2c6ed99e5244f3eeabdede7297c3578f
2021-03-19 16:20:20,789 DEBUG [Thread-31] root: 127.0.0.1:50080 -> e65098d2af86c1e2bcc991a809156601:534ebf1693f15d4e96bbf83e92570e01
2021-03-19 16:20:20,789 DEBUG [Thread-31] root: Got range big ints
2021-03-19 16:20:20,789 DEBUG [Thread-31] root: Range start < range end
2021-03-19 16:20:20,789 DEBUG [Thread-31] root: Done with range check in server
2021-03-19 16:20:20,789 INFO  [Thread-31] root: Get: key = 7
2021-03-19 16:20:20,789 INFO  [Thread-31] root: Message sent by server -> Status: GET_SUCCESS Key: 7 Value: MNS7
Starting commModule
2021-03-19 16:20:20,797 INFO  [Thread-0] root: Server communication module connected
2021-03-19 16:20:20,798 INFO  [Thread-0] root: Connected to localhost on port 63464
2021-03-19 16:20:20,798 INFO  [Thread-32] root: Message received by server -> Status: GET_METADATA Key: nothing Value: nothing
2021-03-19 16:20:20,798 DEBUG [Thread-32] root: In serve
2021-03-19 16:20:20,798 DEBUG [Thread-32] root: Checking if stopped or write locked
2021-03-19 16:20:20,798 DEBUG [Thread-32] root: Case GET_METADATA
2021-03-19 16:20:20,799 INFO  [Thread-32] root: Message sent by server -> Status: GET_METADATA_SUCCESS Key: nothing Value: nothing
2021-03-19 16:20:20,799 INFO  [Thread-32] root: Message received by server -> Status: PUT Key: 1 Value: null
2021-03-19 16:20:20,799 DEBUG [Thread-32] root: In serve
2021-03-19 16:20:20,799 DEBUG [Thread-32] root: Checking if stopped or write locked
2021-03-19 16:20:20,799 DEBUG [Thread-32] root: PUT request being served
2021-03-19 16:20:20,799 DEBUG [Thread-32] root: Checking if it's in range
2021-03-19 16:20:20,799 DEBUG [Thread-32] root: Got hostname and port -> 127.0.0.1:50036
2021-03-19 16:20:20,799 DEBUG [Thread-32] root: Got metadata range: a8bb92606ca27789af6c077da3955bce:e65098d2af86c1e2bcc991a809156600
2021-03-19 16:20:20,799 DEBUG [Thread-32] root: 127.0.0.1:50047 -> 2c6ed99e5244f3eeabdede7297c35790:4c6c123a892c4f3ac4906ac76a38bcaf
2021-03-19 16:20:20,799 DEBUG [Thread-32] root: 127.0.0.1:50036 -> a8bb92606ca27789af6c077da3955bce:e65098d2af86c1e2bcc991a809156600
2021-03-19 16:20:20,799 DEBUG [Thread-32] root: 127.0.0.1:50084 -> 534ebf1693f15d4e96bbf83e92570e02:a8bb92606ca27789af6c077da3955bcd
2021-03-19 16:20:20,799 DEBUG [Thread-32] root: 127.0.0.1:50065 -> e65098d2af86c1e2bcc991a809156601:2c6ed99e5244f3eeabdede7297c3578f
2021-03-19 16:20:20,799 DEBUG [Thread-32] root: 127.0.0.1:50080 -> 4c6c123a892c4f3ac4906ac76a38bcb0:534ebf1693f15d4e96bbf83e92570e01
2021-03-19 16:20:20,799 DEBUG [Thread-32] root: Got range big ints
2021-03-19 16:20:20,799 DEBUG [Thread-32] root: Range start < range end
2021-03-19 16:20:20,799 DEBUG [Thread-32] root: Done with range check in server
2021-03-19 16:20:20,799 DEBUG [Thread-32] root: In range
2021-03-19 16:20:20,800 INFO  [Thread-32] root: Delete: key = 1
2021-03-19 16:20:20,800 INFO  [Thread-32] root: Updating storage
2021-03-19 16:20:20,800 DEBUG [Thread-32] root: Getting successors
2021-03-19 16:20:20,800 DEBUG [Thread-32] root: Got successors
2021-03-19 16:20:20,800 DEBUG [Thread-32] root: Propagating to: 127.0.0.1:50065 127.0.0.1:50047
2021-03-19 16:20:20,800 INFO  [Thread-32] root: Client communication module connected
2021-03-19 16:20:20,801 INFO  [Thread-32] root: Client communication module connected
2021-03-19 16:20:20,801 DEBUG [Thread-32] root: {"1":null}
2021-03-19 16:20:20,802 INFO  [Thread-32] root: Message sent by client -> Status: PROPAGATE
2021-03-19 16:20:20,802 INFO  [Thread-32] root: Message sent by client -> Status: PROPAGATE
2021-03-19 16:20:20,804 INFO  [Thread-32] root: Message received by client -> Status: PROPAGATE_SUCCESS Key: null Value: null
2021-03-19 16:20:20,804 INFO  [Thread-32] root: Message received by client -> Status: PROPAGATE_SUCCESS Key: null Value: null
2021-03-19 16:20:20,804 INFO  [Thread-32] root: Message sent by server -> Status: DELETE_SUCCESS Key: 1 Value: null
2021-03-19 16:20:20,804 INFO  [Thread-32] root: Message received by server -> Status: PUT Key: 2 Value: null
2021-03-19 16:20:20,804 DEBUG [Thread-32] root: In serve
2021-03-19 16:20:20,804 DEBUG [Thread-32] root: Checking if stopped or write locked
2021-03-19 16:20:20,804 DEBUG [Thread-32] root: PUT request being served
2021-03-19 16:20:20,804 DEBUG [Thread-32] root: Checking if it's in range
2021-03-19 16:20:20,805 DEBUG [Thread-32] root: Got hostname and port -> 127.0.0.1:50036
2021-03-19 16:20:20,805 DEBUG [Thread-32] root: Got metadata range: a8bb92606ca27789af6c077da3955bce:e65098d2af86c1e2bcc991a809156600
2021-03-19 16:20:20,805 DEBUG [Thread-32] root: 127.0.0.1:50047 -> 2c6ed99e5244f3eeabdede7297c35790:4c6c123a892c4f3ac4906ac76a38bcaf
2021-03-19 16:20:20,805 DEBUG [Thread-32] root: 127.0.0.1:50036 -> a8bb92606ca27789af6c077da3955bce:e65098d2af86c1e2bcc991a809156600
2021-03-19 16:20:20,805 DEBUG [Thread-32] root: 127.0.0.1:50084 -> 534ebf1693f15d4e96bbf83e92570e02:a8bb92606ca27789af6c077da3955bcd
2021-03-19 16:20:20,805 DEBUG [Thread-32] root: 127.0.0.1:50065 -> e65098d2af86c1e2bcc991a809156601:2c6ed99e5244f3eeabdede7297c3578f
2021-03-19 16:20:20,805 DEBUG [Thread-32] root: 127.0.0.1:50080 -> 4c6c123a892c4f3ac4906ac76a38bcb0:534ebf1693f15d4e96bbf83e92570e01
2021-03-19 16:20:20,805 DEBUG [Thread-32] root: Got range big ints
2021-03-19 16:20:20,805 DEBUG [Thread-32] root: Range start < range end
2021-03-19 16:20:20,805 DEBUG [Thread-32] root: Done with range check in server
2021-03-19 16:20:20,805 DEBUG [Thread-32] root: In range
2021-03-19 16:20:20,805 INFO  [Thread-32] root: Delete: key = 2
2021-03-19 16:20:20,805 INFO  [Thread-32] root: Updating storage
2021-03-19 16:20:20,806 DEBUG [Thread-32] root: Getting successors
2021-03-19 16:20:20,806 DEBUG [Thread-32] root: Got successors
2021-03-19 16:20:20,806 DEBUG [Thread-32] root: Propagating to: 127.0.0.1:50065 127.0.0.1:50047
2021-03-19 16:20:20,806 INFO  [Thread-32] root: Client communication module connected
2021-03-19 16:20:20,807 INFO  [Thread-32] root: Client communication module connected
2021-03-19 16:20:20,807 DEBUG [Thread-32] root: {"2":null}
2021-03-19 16:20:20,807 INFO  [Thread-32] root: Message sent by client -> Status: PROPAGATE
2021-03-19 16:20:20,807 INFO  [Thread-32] root: Message sent by client -> Status: PROPAGATE
2021-03-19 16:20:20,809 INFO  [Thread-32] root: Message received by client -> Status: PROPAGATE_SUCCESS Key: null Value: null
2021-03-19 16:20:20,810 INFO  [Thread-32] root: Message received by client -> Status: PROPAGATE_SUCCESS Key: null Value: null
2021-03-19 16:20:20,810 INFO  [Thread-32] root: Message sent by server -> Status: DELETE_SUCCESS Key: 2 Value: null
Starting commModule
2021-03-19 16:20:20,822 INFO  [Thread-0] root: Server communication module connected
2021-03-19 16:20:20,822 INFO  [Thread-0] root: Connected to localhost on port 63473
2021-03-19 16:20:20,823 INFO  [Thread-33] root: Message received by server -> Status: PROPAGATE
2021-03-19 16:20:20,823 DEBUG [Thread-33] root: In serve
2021-03-19 16:20:20,823 DEBUG [Thread-33] root: Checking if stopped or write locked
2021-03-19 16:20:20,823 DEBUG [Thread-33] root: Case propagate
2021-03-19 16:20:20,823 DEBUG [Thread-33] root: Passing to server
2021-03-19 16:20:20,823 DEBUG [Thread-33] root: Getting Predecessors
2021-03-19 16:20:20,823 DEBUG [Thread-33] root: Looking for 127.0.0.1:50036
2021-03-19 16:20:20,823 DEBUG [Thread-33] root: [127.0.0.1:50065, 127.0.0.1:50047, 127.0.0.1:50080, 127.0.0.1:50084, 127.0.0.1:50036]
2021-03-19 16:20:20,823 DEBUG [Thread-33] root: Predecessors:
2021-03-19 16:20:20,823 DEBUG [Thread-33] root: [127.0.0.1:50080, 127.0.0.1:50084]
2021-03-19 16:20:20,823 DEBUG [Thread-33] root: Looking for 127.0.0.1:50084
2021-03-19 16:20:20,823 DEBUG [Thread-33] root: Index of predecessor: 1
2021-03-19 16:20:20,823 DEBUG [Thread-33] root: Server Stuff
2021-03-19 16:20:20,824 INFO  [Thread-33] root: Delete: key = 4
2021-03-19 16:20:20,824 INFO  [Thread-33] root: Updating storage
2021-03-19 16:20:20,824 INFO  [Thread-33] root: Message sent by server -> Status: PROPAGATE_SUCCESS Key: null Value: null
Starting commModule
2021-03-19 16:20:20,826 INFO  [Thread-0] root: Server communication module connected
2021-03-19 16:20:20,826 INFO  [Thread-0] root: Connected to localhost on port 63475
2021-03-19 16:20:20,827 INFO  [Thread-34] root: Message received by server -> Status: GET_METADATA Key: nothing Value: nothing
2021-03-19 16:20:20,827 DEBUG [Thread-34] root: In serve
2021-03-19 16:20:20,827 DEBUG [Thread-34] root: Checking if stopped or write locked
2021-03-19 16:20:20,827 DEBUG [Thread-34] root: Case GET_METADATA
2021-03-19 16:20:20,827 INFO  [Thread-34] root: Message sent by server -> Status: GET_METADATA_SUCCESS Key: nothing Value: nothing
2021-03-19 16:20:20,827 INFO  [Thread-34] root: Message received by server -> Status: PUT Key: 5 Value: null
2021-03-19 16:20:20,827 DEBUG [Thread-34] root: In serve
2021-03-19 16:20:20,827 DEBUG [Thread-34] root: Checking if stopped or write locked
2021-03-19 16:20:20,827 DEBUG [Thread-34] root: PUT request being served
2021-03-19 16:20:20,828 DEBUG [Thread-34] root: Checking if it's in range
2021-03-19 16:20:20,828 DEBUG [Thread-34] root: Got hostname and port -> 127.0.0.1:50036
2021-03-19 16:20:20,828 DEBUG [Thread-34] root: Got metadata range: a8bb92606ca27789af6c077da3955bce:e65098d2af86c1e2bcc991a809156600
2021-03-19 16:20:20,828 DEBUG [Thread-34] root: 127.0.0.1:50047 -> 2c6ed99e5244f3eeabdede7297c35790:4c6c123a892c4f3ac4906ac76a38bcaf
2021-03-19 16:20:20,828 DEBUG [Thread-34] root: 127.0.0.1:50036 -> a8bb92606ca27789af6c077da3955bce:e65098d2af86c1e2bcc991a809156600
2021-03-19 16:20:20,828 DEBUG [Thread-34] root: 127.0.0.1:50084 -> 534ebf1693f15d4e96bbf83e92570e02:a8bb92606ca27789af6c077da3955bcd
2021-03-19 16:20:20,828 DEBUG [Thread-34] root: 127.0.0.1:50065 -> e65098d2af86c1e2bcc991a809156601:2c6ed99e5244f3eeabdede7297c3578f
2021-03-19 16:20:20,828 DEBUG [Thread-34] root: 127.0.0.1:50080 -> 4c6c123a892c4f3ac4906ac76a38bcb0:534ebf1693f15d4e96bbf83e92570e01
2021-03-19 16:20:20,828 DEBUG [Thread-34] root: Got range big ints
2021-03-19 16:20:20,828 DEBUG [Thread-34] root: Range start < range end
2021-03-19 16:20:20,828 DEBUG [Thread-34] root: Done with range check in server
2021-03-19 16:20:20,828 DEBUG [Thread-34] root: In range
2021-03-19 16:20:20,828 INFO  [Thread-34] root: Delete: key = 5
2021-03-19 16:20:20,829 INFO  [Thread-34] root: Updating storage
2021-03-19 16:20:20,829 DEBUG [Thread-34] root: Getting successors
2021-03-19 16:20:20,829 DEBUG [Thread-34] root: Got successors
2021-03-19 16:20:20,829 DEBUG [Thread-34] root: Propagating to: 127.0.0.1:50065 127.0.0.1:50047
2021-03-19 16:20:20,829 INFO  [Thread-34] root: Client communication module connected
2021-03-19 16:20:20,830 INFO  [Thread-34] root: Client communication module connected
2021-03-19 16:20:20,830 DEBUG [Thread-34] root: {"5":null}
2021-03-19 16:20:20,830 INFO  [Thread-34] root: Message sent by client -> Status: PROPAGATE
2021-03-19 16:20:20,830 INFO  [Thread-34] root: Message sent by client -> Status: PROPAGATE
2021-03-19 16:20:20,831 INFO  [Thread-34] root: Message received by client -> Status: PROPAGATE_SUCCESS Key: null Value: null
2021-03-19 16:20:20,832 INFO  [Thread-34] root: Message received by client -> Status: PROPAGATE_SUCCESS Key: null Value: null
2021-03-19 16:20:20,832 INFO  [Thread-34] root: Message sent by server -> Status: DELETE_SUCCESS Key: 5 Value: null
Starting commModule
2021-03-19 16:20:20,845 INFO  [Thread-0] root: Server communication module connected
2021-03-19 16:20:20,846 INFO  [Thread-0] root: Connected to localhost on port 63482
2021-03-19 16:20:20,846 INFO  [Thread-35] root: Message received by server -> Status: PROPAGATE
2021-03-19 16:20:20,846 DEBUG [Thread-35] root: In serve
2021-03-19 16:20:20,846 DEBUG [Thread-35] root: Checking if stopped or write locked
2021-03-19 16:20:20,846 DEBUG [Thread-35] root: Case propagate
2021-03-19 16:20:20,846 DEBUG [Thread-35] root: Passing to server
2021-03-19 16:20:20,846 DEBUG [Thread-35] root: Getting Predecessors
2021-03-19 16:20:20,846 DEBUG [Thread-35] root: Looking for 127.0.0.1:50036
2021-03-19 16:20:20,846 DEBUG [Thread-35] root: [127.0.0.1:50065, 127.0.0.1:50047, 127.0.0.1:50080, 127.0.0.1:50084, 127.0.0.1:50036]
2021-03-19 16:20:20,846 DEBUG [Thread-35] root: Predecessors:
2021-03-19 16:20:20,846 DEBUG [Thread-35] root: [127.0.0.1:50080, 127.0.0.1:50084]
2021-03-19 16:20:20,846 DEBUG [Thread-35] root: Looking for 127.0.0.1:50084
2021-03-19 16:20:20,846 DEBUG [Thread-35] root: Index of predecessor: 1
2021-03-19 16:20:20,846 DEBUG [Thread-35] root: Server Stuff
2021-03-19 16:20:20,847 INFO  [Thread-35] root: Delete: key = 7
2021-03-19 16:20:20,847 INFO  [Thread-35] root: Updating storage
2021-03-19 16:20:20,847 INFO  [Thread-35] root: Message sent by server -> Status: PROPAGATE_SUCCESS Key: null Value: null
Starting commModule
2021-03-19 16:20:20,849 INFO  [Thread-0] root: Server communication module connected
2021-03-19 16:20:20,850 INFO  [Thread-0] root: Connected to localhost on port 63484
2021-03-19 16:20:20,850 INFO  [Thread-36] root: Message received by server -> Status: GET_METADATA Key: nothing Value: nothing
2021-03-19 16:20:20,850 DEBUG [Thread-36] root: In serve
2021-03-19 16:20:20,850 DEBUG [Thread-36] root: Checking if stopped or write locked
2021-03-19 16:20:20,850 DEBUG [Thread-36] root: Case GET_METADATA
2021-03-19 16:20:20,850 INFO  [Thread-36] root: Message sent by server -> Status: GET_METADATA_SUCCESS Key: nothing Value: nothing
2021-03-19 16:20:20,851 INFO  [Thread-36] root: Message received by server -> Status: PUT Key: 8 Value: null
2021-03-19 16:20:20,851 DEBUG [Thread-36] root: In serve
2021-03-19 16:20:20,851 DEBUG [Thread-36] root: Checking if stopped or write locked
2021-03-19 16:20:20,851 DEBUG [Thread-36] root: PUT request being served
2021-03-19 16:20:20,851 DEBUG [Thread-36] root: Checking if it's in range
2021-03-19 16:20:20,851 DEBUG [Thread-36] root: Got hostname and port -> 127.0.0.1:50036
2021-03-19 16:20:20,851 DEBUG [Thread-36] root: Got metadata range: a8bb92606ca27789af6c077da3955bce:e65098d2af86c1e2bcc991a809156600
2021-03-19 16:20:20,851 DEBUG [Thread-36] root: 127.0.0.1:50047 -> 2c6ed99e5244f3eeabdede7297c35790:4c6c123a892c4f3ac4906ac76a38bcaf
2021-03-19 16:20:20,851 DEBUG [Thread-36] root: 127.0.0.1:50036 -> a8bb92606ca27789af6c077da3955bce:e65098d2af86c1e2bcc991a809156600
2021-03-19 16:20:20,851 DEBUG [Thread-36] root: 127.0.0.1:50084 -> 534ebf1693f15d4e96bbf83e92570e02:a8bb92606ca27789af6c077da3955bcd
2021-03-19 16:20:20,851 DEBUG [Thread-36] root: 127.0.0.1:50065 -> e65098d2af86c1e2bcc991a809156601:2c6ed99e5244f3eeabdede7297c3578f
2021-03-19 16:20:20,851 DEBUG [Thread-36] root: 127.0.0.1:50080 -> 4c6c123a892c4f3ac4906ac76a38bcb0:534ebf1693f15d4e96bbf83e92570e01
2021-03-19 16:20:20,851 DEBUG [Thread-36] root: Got range big ints
2021-03-19 16:20:20,851 DEBUG [Thread-36] root: Range start < range end
2021-03-19 16:20:20,851 DEBUG [Thread-36] root: Done with range check in server
2021-03-19 16:20:20,851 DEBUG [Thread-36] root: In range
2021-03-19 16:20:20,851 INFO  [Thread-36] root: Delete: key = 8
2021-03-19 16:20:20,851 INFO  [Thread-36] root: Updating storage
2021-03-19 16:20:20,852 DEBUG [Thread-36] root: Getting successors
2021-03-19 16:20:20,852 DEBUG [Thread-36] root: Got successors
2021-03-19 16:20:20,852 DEBUG [Thread-36] root: Propagating to: 127.0.0.1:50065 127.0.0.1:50047
2021-03-19 16:20:20,852 INFO  [Thread-36] root: Client communication module connected
2021-03-19 16:20:20,853 INFO  [Thread-36] root: Client communication module connected
2021-03-19 16:20:20,853 DEBUG [Thread-36] root: {"8":null}
2021-03-19 16:20:20,853 INFO  [Thread-36] root: Message sent by client -> Status: PROPAGATE
2021-03-19 16:20:20,853 INFO  [Thread-36] root: Message sent by client -> Status: PROPAGATE
2021-03-19 16:20:20,855 INFO  [Thread-36] root: Message received by client -> Status: PROPAGATE_SUCCESS Key: null Value: null
2021-03-19 16:20:20,856 INFO  [Thread-36] root: Message received by client -> Status: PROPAGATE_SUCCESS Key: null Value: null
2021-03-19 16:20:20,856 INFO  [Thread-36] root: Message sent by server -> Status: DELETE_SUCCESS Key: 8 Value: null
Starting commModule
2021-03-19 16:20:20,866 INFO  [Thread-0] root: Server communication module connected
2021-03-19 16:20:20,866 INFO  [Thread-0] root: Connected to localhost on port 63490
2021-03-19 16:20:20,867 INFO  [Thread-37] root: Message received by server -> Status: GET_METADATA Key: nothing Value: nothing
2021-03-19 16:20:20,867 DEBUG [Thread-37] root: In serve
2021-03-19 16:20:20,867 DEBUG [Thread-37] root: Checking if stopped or write locked
2021-03-19 16:20:20,867 DEBUG [Thread-37] root: Case GET_METADATA
2021-03-19 16:20:20,867 INFO  [Thread-37] root: Message sent by server -> Status: GET_METADATA_SUCCESS Key: nothing Value: nothing
2021-03-19 16:20:20,868 INFO  [Thread-37] root: Message received by server -> Status: PUT Key: 10 Value: null
2021-03-19 16:20:20,868 DEBUG [Thread-37] root: In serve
2021-03-19 16:20:20,868 DEBUG [Thread-37] root: Checking if stopped or write locked
2021-03-19 16:20:20,868 DEBUG [Thread-37] root: PUT request being served
2021-03-19 16:20:20,868 DEBUG [Thread-37] root: Checking if it's in range
2021-03-19 16:20:20,868 DEBUG [Thread-37] root: Got hostname and port -> 127.0.0.1:50036
2021-03-19 16:20:20,868 DEBUG [Thread-37] root: Got metadata range: a8bb92606ca27789af6c077da3955bce:e65098d2af86c1e2bcc991a809156600
2021-03-19 16:20:20,868 DEBUG [Thread-37] root: 127.0.0.1:50047 -> 2c6ed99e5244f3eeabdede7297c35790:4c6c123a892c4f3ac4906ac76a38bcaf
2021-03-19 16:20:20,868 DEBUG [Thread-37] root: 127.0.0.1:50036 -> a8bb92606ca27789af6c077da3955bce:e65098d2af86c1e2bcc991a809156600
2021-03-19 16:20:20,868 DEBUG [Thread-37] root: 127.0.0.1:50084 -> 534ebf1693f15d4e96bbf83e92570e02:a8bb92606ca27789af6c077da3955bcd
2021-03-19 16:20:20,868 DEBUG [Thread-37] root: 127.0.0.1:50065 -> e65098d2af86c1e2bcc991a809156601:2c6ed99e5244f3eeabdede7297c3578f
2021-03-19 16:20:20,868 DEBUG [Thread-37] root: 127.0.0.1:50080 -> 4c6c123a892c4f3ac4906ac76a38bcb0:534ebf1693f15d4e96bbf83e92570e01
2021-03-19 16:20:20,868 DEBUG [Thread-37] root: Got range big ints
2021-03-19 16:20:20,868 DEBUG [Thread-37] root: Range start < range end
2021-03-19 16:20:20,868 DEBUG [Thread-37] root: Done with range check in server
2021-03-19 16:20:20,869 DEBUG [Thread-37] root: In range
2021-03-19 16:20:20,869 INFO  [Thread-37] root: Delete: key = 10
2021-03-19 16:20:20,869 INFO  [Thread-37] root: Updating storage
2021-03-19 16:20:20,869 DEBUG [Thread-37] root: Getting successors
2021-03-19 16:20:20,870 DEBUG [Thread-37] root: Got successors
2021-03-19 16:20:20,870 DEBUG [Thread-37] root: Propagating to: 127.0.0.1:50065 127.0.0.1:50047
2021-03-19 16:20:20,870 INFO  [Thread-37] root: Client communication module connected
2021-03-19 16:20:20,871 INFO  [Thread-37] root: Client communication module connected
2021-03-19 16:20:20,871 DEBUG [Thread-37] root: {"10":null}
2021-03-19 16:20:20,872 INFO  [Thread-37] root: Message sent by client -> Status: PROPAGATE
2021-03-19 16:20:20,872 INFO  [Thread-37] root: Message sent by client -> Status: PROPAGATE
2021-03-19 16:20:20,874 INFO  [Thread-37] root: Message received by client -> Status: PROPAGATE_SUCCESS Key: null Value: null
2021-03-19 16:20:20,874 INFO  [Thread-37] root: Message received by client -> Status: PROPAGATE_SUCCESS Key: null Value: null
2021-03-19 16:20:20,874 INFO  [Thread-37] root: Message sent by server -> Status: DELETE_SUCCESS Key: 10 Value: null
Starting commModule
2021-03-19 16:20:20,876 INFO  [Thread-0] root: Server communication module connected
2021-03-19 16:20:20,876 INFO  [Thread-0] root: Connected to localhost on port 63494
2021-03-19 16:20:20,929 DEBUG [Thread-0-SendThread(localhost:2181)] org.apache.zookeeper.ClientCnxn: Got ping response for session id: 0x10014bd52700216 after 1ms.
2021-03-19 16:20:22,266 DEBUG [Thread-0-SendThread(localhost:2181)] org.apache.zookeeper.ClientCnxn: Got ping response for session id: 0x10014bd52700216 after 0ms.
2021-03-19 16:20:23,604 DEBUG [Thread-0-SendThread(localhost:2181)] org.apache.zookeeper.ClientCnxn: Got ping response for session id: 0x10014bd52700216 after 0ms.
Starting commModule
2021-03-19 16:20:24,579 INFO  [Thread-0] root: Server communication module connected
2021-03-19 16:20:24,582 INFO  [Thread-0] root: Connected to localhost on port 63497
2021-03-19 16:20:24,583 INFO  [Thread-39] root: Message received by server -> Status: UPDATE
received adminmsg
2021-03-19 16:20:24,584 INFO  [Thread-39] root: Message sent by server -> Status: UPDATE_SUCCESS
Starting commModule
2021-03-19 16:20:24,593 INFO  [Thread-0] root: Server communication module connected
2021-03-19 16:20:24,593 INFO  [Thread-0] root: Connected to localhost on port 63502
Starting commModule
2021-03-19 16:20:24,593 INFO  [Thread-0] root: Server communication module connected
2021-03-19 16:20:24,594 INFO  [Thread-0] root: Connected to localhost on port 63503
2021-03-19 16:20:24,594 INFO  [Thread-41] root: Message received by server -> Status: PROPAGATE_ADMIN
received adminmsg
2021-03-19 16:20:24,595 DEBUG [Thread-41] root: Getting successors
2021-03-19 16:20:24,595 DEBUG [Thread-41] root: Got successors
2021-03-19 16:20:24,595 DEBUG [Thread-41] root: Propagating to: 127.0.0.1:50047 127.0.0.1:50080
2021-03-19 16:20:24,595 INFO  [Thread-41] root: Client communication module connected
2021-03-19 16:20:24,596 INFO  [Thread-41] root: Client communication module connected
2021-03-19 16:20:24,596 DEBUG [Thread-41] root: {}
2021-03-19 16:20:24,596 INFO  [Thread-41] root: Message sent by server -> Status: PROPAGATE_SUCCESS
Starting commModule
2021-03-19 16:20:24,609 INFO  [Thread-0] root: Server communication module connected
2021-03-19 16:20:24,610 INFO  [Thread-0] root: Connected to localhost on port 63510
2021-03-19 16:20:24,941 DEBUG [Thread-0-SendThread(localhost:2181)] org.apache.zookeeper.ClientCnxn: Got ping response for session id: 0x10014bd52700216 after 0ms.
Starting commModule
2021-03-19 16:20:25,127 INFO  [Thread-0] root: Server communication module connected
2021-03-19 16:20:25,128 INFO  [Thread-0] root: Connected to localhost on port 63516
2021-03-19 16:20:25,128 INFO  [Thread-43] root: Message received by server -> Status: UPDATE
received adminmsg
2021-03-19 16:20:25,129 INFO  [Thread-43] root: Message sent by server -> Status: UPDATE_SUCCESS
Starting commModule
2021-03-19 16:20:25,138 INFO  [Thread-0] root: Server communication module connected
2021-03-19 16:20:25,139 INFO  [Thread-0] root: Connected to localhost on port 63522
2021-03-19 16:20:25,139 INFO  [Thread-44] root: Message received by server -> Status: PROPAGATE_ADMIN
received adminmsg
2021-03-19 16:20:25,139 DEBUG [Thread-44] root: Getting successors
2021-03-19 16:20:25,139 DEBUG [Thread-44] root: Got successors
2021-03-19 16:20:25,139 DEBUG [Thread-44] root: Propagating to: 127.0.0.1:50047 127.0.0.1:50080
2021-03-19 16:20:25,140 INFO  [Thread-44] root: Client communication module connected
2021-03-19 16:20:25,140 INFO  [Thread-44] root: Client communication module connected
2021-03-19 16:20:25,140 DEBUG [Thread-44] root: {}
2021-03-19 16:20:25,140 INFO  [Thread-44] root: Message sent by server -> Status: PROPAGATE_SUCCESS
Starting commModule
2021-03-19 16:20:25,146 INFO  [Thread-0] root: Server communication module connected
2021-03-19 16:20:25,146 INFO  [Thread-0] root: Connected to localhost on port 63530
Starting commModule
2021-03-19 16:20:25,146 INFO  [Thread-0] root: Server communication module connected
2021-03-19 16:20:25,147 INFO  [Thread-46] root: Message received by server -> Status: MOVE_DATA
received adminmsg
2021-03-19 16:20:25,147 INFO  [Thread-0] root: Connected to localhost on port 63531
2021-03-19 16:20:25,147 DEBUG [Thread-46] root: Input data: 
2021-03-19 16:20:25,147 DEBUG [Thread-46] root: a8bb92606ca27789af6c077da3955bce:cfdc969d09978c45b3f8ed041fe4fcf1
2021-03-19 16:20:25,147 DEBUG [Thread-46] root: 127.0.0.1:50104
2021-03-19 16:20:25,148 INFO  [Thread-46] root: Client communication module connected
2021-03-19 16:20:25,148 DEBUG [Thread-46] root: Host: 127.0.0.1
2021-03-19 16:20:25,148 DEBUG [Thread-46] root: Port: 50104
2021-03-19 16:20:25,148 DEBUG [Thread-46] root: Range: a8bb92606ca27789af6c077da3955bce:cfdc969d09978c45b3f8ed041fe4fcf1
2021-03-19 16:20:25,148 DEBUG [Thread-46] root: Starting flush data
2021-03-19 16:20:25,148 DEBUG [Thread-46] root: Finished flush data
2021-03-19 16:20:25,148 DEBUG [Thread-46] root: Closing conn
2021-03-19 16:20:25,148 INFO  [Thread-46] root: Connection closed!
2021-03-19 16:20:25,148 DEBUG [Thread-46] root: Closed conn
2021-03-19 16:20:25,148 INFO  [Thread-46] root: Message sent by server -> Status: MOVE_DATA_SUCCESS
Starting commModule
2021-03-19 16:20:25,151 INFO  [Thread-0] root: Server communication module connected
2021-03-19 16:20:25,151 INFO  [Thread-0] root: Connected to localhost on port 63534
2021-03-19 16:20:25,152 INFO  [Thread-47] root: Message received by server -> Status: UPDATE
received adminmsg
2021-03-19 16:20:25,153 INFO  [Thread-47] root: Message sent by server -> Status: UPDATE_SUCCESS
Starting commModule
2021-03-19 16:20:25,164 INFO  [Thread-0] root: Server communication module connected
2021-03-19 16:20:25,165 INFO  [Thread-0] root: Connected to localhost on port 63541
2021-03-19 16:20:25,165 INFO  [Thread-48] root: Message received by server -> Status: PROPAGATE_ADMIN
received adminmsg
2021-03-19 16:20:25,165 DEBUG [Thread-48] root: Getting successors
2021-03-19 16:20:25,165 DEBUG [Thread-48] root: Got successors
2021-03-19 16:20:25,165 DEBUG [Thread-48] root: Propagating to: 127.0.0.1:50047 127.0.0.1:50080
2021-03-19 16:20:25,166 INFO  [Thread-48] root: Client communication module connected
2021-03-19 16:20:25,166 INFO  [Thread-48] root: Client communication module connected
2021-03-19 16:20:25,166 DEBUG [Thread-48] root: {}
2021-03-19 16:20:25,166 INFO  [Thread-48] root: Message sent by server -> Status: PROPAGATE_SUCCESS
Starting commModule
2021-03-19 16:20:25,172 INFO  [Thread-0] root: Server communication module connected
2021-03-19 16:20:25,172 INFO  [Thread-0] root: Connected to localhost on port 63549
Starting commModule
2021-03-19 16:20:25,181 INFO  [Thread-0] root: Server communication module connected
2021-03-19 16:20:25,182 INFO  [Thread-0] root: Connected to localhost on port 63551
2021-03-19 16:20:25,879 INFO  [Thread-38] root: Message received by server -> Status: SHUTDOWN
received adminmsg
2021-03-19 16:20:25,879 DEBUG [Thread-38] root: Closing the program
2021-03-19 16:20:25,879 INFO  [Thread-38] root: Message sent by server -> Status: SHUTDOWN_SUCCESS
2021-03-19 16:20:25,880 ERROR [Thread-0] root: Error! Unable to establish connection. 

java.net.SocketException: Socket closed
	at java.base/java.net.PlainSocketImpl.socketAccept(Native Method)
	at java.base/java.net.AbstractPlainSocketImpl.accept(AbstractPlainSocketImpl.java:458)
	at java.base/java.net.ServerSocket.implAccept(ServerSocket.java:565)
	at java.base/java.net.ServerSocket.accept(ServerSocket.java:533)
	at app_kvServer.KVServer.run(KVServer.java:408)
2021-03-19 16:20:25,881 INFO  [Thread-0] root: Server stopped.
2021-03-19 16:20:25,881 INFO  [Thread-0] root: Clearing KV Storage...
