2021-03-19 10:28:10,820 INFO  [Thread-0] root: Initialize server ...
2021-03-19 10:28:10,831 INFO  [Thread-0] root: Server listening on port: 50002
2021-03-19 10:28:10,849 INFO  [Thread-0] org.apache.zookeeper.ZooKeeper: Client environment:zookeeper.version=3.6.2--803c7f1a12f85978cb049af5e4ef23bd8b688715, built on 09/04/2020 12:44 GMT
2021-03-19 10:28:10,849 INFO  [Thread-0] org.apache.zookeeper.ZooKeeper: Client environment:host.name=localhost
2021-03-19 10:28:10,849 INFO  [Thread-0] org.apache.zookeeper.ZooKeeper: Client environment:java.version=11.0.10
2021-03-19 10:28:10,849 INFO  [Thread-0] org.apache.zookeeper.ZooKeeper: Client environment:java.vendor=Azul Systems, Inc.
2021-03-19 10:28:10,849 INFO  [Thread-0] org.apache.zookeeper.ZooKeeper: Client environment:java.home=/Users/steve/Library/Java/JavaVirtualMachines/azul-11.0.10/Contents/Home
2021-03-19 10:28:10,849 INFO  [Thread-0] org.apache.zookeeper.ZooKeeper: Client environment:java.class.path=/Users/steve/Desktop/UofT/year4/winter2021/ECE419/milestone3/m3-server.jar
2021-03-19 10:28:10,849 INFO  [Thread-0] org.apache.zookeeper.ZooKeeper: Client environment:java.library.path=/Users/steve/Library/Java/Extensions:/Library/Java/Extensions:/Network/Library/Java/Extensions:/System/Library/Java/Extensions:/usr/lib/java:.
2021-03-19 10:28:10,849 INFO  [Thread-0] org.apache.zookeeper.ZooKeeper: Client environment:java.io.tmpdir=/var/folders/kz/3gb57nkn6ks6_07_dtt5lqvr0000gn/T/
2021-03-19 10:28:10,850 INFO  [Thread-0] org.apache.zookeeper.ZooKeeper: Client environment:java.compiler=<NA>
2021-03-19 10:28:10,850 INFO  [Thread-0] org.apache.zookeeper.ZooKeeper: Client environment:os.name=Mac OS X
2021-03-19 10:28:10,850 INFO  [Thread-0] org.apache.zookeeper.ZooKeeper: Client environment:os.arch=x86_64
2021-03-19 10:28:10,850 INFO  [Thread-0] org.apache.zookeeper.ZooKeeper: Client environment:os.version=10.16
2021-03-19 10:28:10,850 INFO  [Thread-0] org.apache.zookeeper.ZooKeeper: Client environment:user.name=steve
2021-03-19 10:28:10,850 INFO  [Thread-0] org.apache.zookeeper.ZooKeeper: Client environment:user.home=/Users/steve
2021-03-19 10:28:10,850 INFO  [Thread-0] org.apache.zookeeper.ZooKeeper: Client environment:user.dir=/Users/steve
2021-03-19 10:28:10,850 INFO  [Thread-0] org.apache.zookeeper.ZooKeeper: Client environment:os.memory.free=249MB
2021-03-19 10:28:10,850 INFO  [Thread-0] org.apache.zookeeper.ZooKeeper: Client environment:os.memory.max=4096MB
2021-03-19 10:28:10,850 INFO  [Thread-0] org.apache.zookeeper.ZooKeeper: Client environment:os.memory.total=256MB
2021-03-19 10:28:10,853 INFO  [Thread-0] org.apache.zookeeper.ZooKeeper: Initiating client connection, connectString=localhost:2181 sessionTimeout=3000 watcher=app_kvServer.KVServer$1@12b3f602
2021-03-19 10:28:10,857 INFO  [Thread-0] org.apache.zookeeper.common.X509Util: Setting -D jdk.tls.rejectClientInitiatedRenegotiation=true to disable client-initiated TLS renegotiation
2021-03-19 10:28:10,869 INFO  [Thread-0] org.apache.zookeeper.ClientCnxnSocket: jute.maxbuffer value is 1048575 Bytes
2021-03-19 10:28:10,877 INFO  [Thread-0] org.apache.zookeeper.ClientCnxn: zookeeper.request.timeout value is 0. feature enabled=false
2021-03-19 10:28:10,886 DEBUG [Thread-0-SendThread(localhost:2181)] org.apache.zookeeper.SaslServerPrincipal: Canonicalized address to localhost
2021-03-19 10:28:10,887 INFO  [Thread-0-SendThread(localhost:2181)] org.apache.zookeeper.ClientCnxn: Opening socket connection to server localhost/0:0:0:0:0:0:0:1:2181.
2021-03-19 10:28:10,888 INFO  [Thread-0-SendThread(localhost:2181)] org.apache.zookeeper.ClientCnxn: SASL config status: Will not attempt to authenticate using SASL (unknown error)
2021-03-19 10:28:10,904 INFO  [Thread-0-SendThread(localhost:2181)] org.apache.zookeeper.ClientCnxn: Socket connection established, initiating session, client: /0:0:0:0:0:0:0:1:55210, server: localhost/0:0:0:0:0:0:0:1:2181
2021-03-19 10:28:10,905 DEBUG [Thread-0-SendThread(localhost:2181)] org.apache.zookeeper.ClientCnxn: Session establishment request sent on localhost/0:0:0:0:0:0:0:1:2181
2021-03-19 10:28:10,934 TRACE [Thread-0-SendThread(localhost:2181)] org.apache.zookeeper.ClientCnxnSocket: readConnectResult 37 0x[0,0,0,0,0,0,f,ffffffa0,1,0,14,ffffffbd,52,70,1,16,0,0,0,10,3d,ffffffe7,38,2e,ffffff92,39,ffffffaa,ffffffd5,6c,61,ffffffee,20,34,60,53,19,0,]
2021-03-19 10:28:10,937 INFO  [Thread-0-SendThread(localhost:2181)] org.apache.zookeeper.ClientCnxn: Session establishment complete on server localhost/0:0:0:0:0:0:0:1:2181, session id = 0x10014bd52700116, negotiated timeout = 4000
2021-03-19 10:28:10,939 DEBUG [Thread-0-EventThread] root: ZK event: 
2021-03-19 10:28:10,939 DEBUG [Thread-0-EventThread] root: WatchedEvent state:SyncConnected type:None path:null
2021-03-19 10:28:10,967 DEBUG [Thread-0-SendThread(localhost:2181)] org.apache.zookeeper.ClientCnxn: Reading reply session id: 0x10014bd52700116, packet:: clientPath:null serverPath:null finished:false header:: 1,1  replyHeader:: 1,886,0  request:: '/keeper/server3,,v{s{31,s{'world,'anyone}}},1  response:: '/keeper/server3 
2021-03-19 10:28:10,970 DEBUG [Thread-0-SendThread(localhost:2181)] org.apache.zookeeper.ClientCnxn: Reading reply session id: 0x10014bd52700116, packet:: clientPath:null serverPath:null finished:false header:: 2,3  replyHeader:: 2,886,0  request:: '/keeper/server3,T  response:: s{886,886,1616164090940,1616164090940,0,0,0,72080397402374422,0,0,886} 
2021-03-19 10:28:10,997 DEBUG [Thread-0-SendThread(localhost:2181)] org.apache.zookeeper.ClientCnxn: Got notification session id: 0x10014bd52700116
2021-03-19 10:28:10,997 DEBUG [Thread-0-SendThread(localhost:2181)] org.apache.zookeeper.ClientCnxn: Got WatchedEvent state:SyncConnected type:NodeDataChanged path:/keeper/server3 for session id 0x10014bd52700116
2021-03-19 10:28:10,998 DEBUG [Thread-0-EventThread] root: ZK event: 
2021-03-19 10:28:10,998 DEBUG [Thread-0-EventThread] root: WatchedEvent state:SyncConnected type:NodeDataChanged path:/keeper/server3
2021-03-19 10:28:10,999 DEBUG [Thread-0-SendThread(localhost:2181)] org.apache.zookeeper.ClientCnxn: Reading reply session id: 0x10014bd52700116, packet:: clientPath:null serverPath:null finished:false header:: 3,5  replyHeader:: 3,887,0  request:: '/keeper/server3,#3132372e302e302e313a3530303032,0  response:: s{886,887,1616164090940,1616164090971,1,0,0,72080397402374422,15,0,886} 
2021-03-19 10:28:10,999 INFO  [Thread-0] root: Node created at: /keeper/server3
Starting commModule
2021-03-19 10:28:11,005 INFO  [Thread-0] root: Server communication module connected
2021-03-19 10:28:11,006 INFO  [Thread-0] root: Connected to localhost on port 55211
2021-03-19 10:28:11,014 INFO  [Thread-1] root: Message received by server -> Status: INIT_SERVER
received adminmsg
2021-03-19 10:28:11,015 INFO  [Thread-1] root: Message sent by server -> Status: INIT_SERVER_SUCCESS
2021-03-19 10:28:11,015 INFO  [Thread-1] root: Message received by server -> Status: START
received adminmsg
2021-03-19 10:28:11,015 INFO  [Thread-1] root: Message sent by server -> Status: START_SUCCESS
Starting commModule
2021-03-19 10:28:11,016 INFO  [Thread-0] root: Server communication module connected
2021-03-19 10:28:11,016 INFO  [Thread-0] root: Connected to localhost on port 55212
2021-03-19 10:28:11,017 INFO  [Thread-2] root: Message received by server -> Status: UPDATE
received adminmsg
2021-03-19 10:28:11,018 INFO  [Thread-2] root: Message sent by server -> Status: UPDATE_SUCCESS
Starting commModule
2021-03-19 10:28:11,019 INFO  [Thread-0] root: Server communication module connected
2021-03-19 10:28:11,020 INFO  [Thread-0] root: Connected to localhost on port 55213
2021-03-19 10:28:11,020 INFO  [Thread-3] root: Message received by server -> Status: PROPAGATE_ADMIN
received adminmsg
2021-03-19 10:28:11,026 DEBUG [Thread-3] root: Getting successors
2021-03-19 10:28:11,026 DEBUG [Thread-3] root: Got successors
2021-03-19 10:28:11,026 DEBUG [Thread-3] root: Propagating to: 127.0.0.1:50002 127.0.0.1:50002
Starting commModule
2021-03-19 10:28:11,028 INFO  [Thread-3] root: Client communication module connected
2021-03-19 10:28:11,028 INFO  [Thread-0] root: Server communication module connected
2021-03-19 10:28:11,029 INFO  [Thread-0] root: Connected to localhost on port 55214
Starting commModule
2021-03-19 10:28:11,030 INFO  [Thread-3] root: Client communication module connected
2021-03-19 10:28:11,030 DEBUG [Thread-3] root: {}
2021-03-19 10:28:11,030 INFO  [Thread-0] root: Server communication module connected
2021-03-19 10:28:11,030 INFO  [Thread-3] root: Message sent by server -> Status: PROPAGATE_SUCCESS
2021-03-19 10:28:11,031 INFO  [Thread-0] root: Connected to localhost on port 55215
Starting commModule
2021-03-19 10:28:11,684 INFO  [Thread-0] root: Server communication module connected
2021-03-19 10:28:11,685 INFO  [Thread-0] root: Connected to localhost on port 55219
2021-03-19 10:28:11,686 INFO  [Thread-6] root: Message received by server -> Status: UPDATE
received adminmsg
2021-03-19 10:28:11,686 INFO  [Thread-6] root: Message sent by server -> Status: UPDATE_SUCCESS
Starting commModule
2021-03-19 10:28:11,687 INFO  [Thread-0] root: Server communication module connected
2021-03-19 10:28:11,688 INFO  [Thread-0] root: Connected to localhost on port 55220
2021-03-19 10:28:11,689 INFO  [Thread-7] root: Message received by server -> Status: PROPAGATE_ADMIN
received adminmsg
2021-03-19 10:28:11,689 DEBUG [Thread-7] root: Getting successors
2021-03-19 10:28:11,689 DEBUG [Thread-7] root: Got successors
2021-03-19 10:28:11,689 DEBUG [Thread-7] root: Propagating to: 127.0.0.1:50001 127.0.0.1:50002
2021-03-19 10:28:11,689 INFO  [Thread-7] root: Client communication module connected
Starting commModule
2021-03-19 10:28:11,690 INFO  [Thread-0] root: Server communication module connected
2021-03-19 10:28:11,690 INFO  [Thread-7] root: Client communication module connected
2021-03-19 10:28:11,690 DEBUG [Thread-7] root: {}
2021-03-19 10:28:11,690 INFO  [Thread-7] root: Message sent by server -> Status: PROPAGATE_SUCCESS
2021-03-19 10:28:11,691 INFO  [Thread-0] root: Connected to localhost on port 55222
Starting commModule
2021-03-19 10:28:11,691 INFO  [Thread-0] root: Server communication module connected
2021-03-19 10:28:11,692 INFO  [Thread-0] root: Connected to localhost on port 55223
2021-03-19 10:28:11,692 INFO  [Thread-9] root: Message received by server -> Status: MOVE_DATA
received adminmsg
2021-03-19 10:28:11,692 DEBUG [Thread-9] root: Input data: 
2021-03-19 10:28:11,692 DEBUG [Thread-9] root: b3638a32c297f43aa37e63bbd839fc7f:dcee0277eb13b76434e8dcd31a387709
2021-03-19 10:28:11,692 DEBUG [Thread-9] root: 127.0.0.1:50001
2021-03-19 10:28:11,693 INFO  [Thread-9] root: Client communication module connected
2021-03-19 10:28:11,693 DEBUG [Thread-9] root: Host: 127.0.0.1
2021-03-19 10:28:11,693 DEBUG [Thread-9] root: Port: 50001
2021-03-19 10:28:11,693 DEBUG [Thread-9] root: Range: b3638a32c297f43aa37e63bbd839fc7f:dcee0277eb13b76434e8dcd31a387709
2021-03-19 10:28:11,693 DEBUG [Thread-9] root: Starting flush data
2021-03-19 10:28:11,693 DEBUG [Thread-9] root: Finished flush data
2021-03-19 10:28:11,693 DEBUG [Thread-9] root: Closing conn
2021-03-19 10:28:11,693 INFO  [Thread-9] root: Connection closed!
2021-03-19 10:28:11,693 DEBUG [Thread-9] root: Closed conn
2021-03-19 10:28:11,694 INFO  [Thread-9] root: Message sent by server -> Status: MOVE_DATA_SUCCESS
Starting commModule
2021-03-19 10:28:11,695 INFO  [Thread-0] root: Server communication module connected
2021-03-19 10:28:11,695 INFO  [Thread-0] root: Connected to localhost on port 55225
2021-03-19 10:28:11,696 INFO  [Thread-10] root: Message received by server -> Status: UPDATE
received adminmsg
2021-03-19 10:28:11,697 INFO  [Thread-10] root: Message sent by server -> Status: UPDATE_SUCCESS
Starting commModule
2021-03-19 10:28:11,702 INFO  [Thread-0] root: Server communication module connected
2021-03-19 10:28:11,704 INFO  [Thread-0] root: Connected to localhost on port 55227
2021-03-19 10:28:11,704 INFO  [Thread-11] root: Message received by server -> Status: PROPAGATE_ADMIN
received adminmsg
2021-03-19 10:28:11,705 DEBUG [Thread-11] root: Getting successors
2021-03-19 10:28:11,705 DEBUG [Thread-11] root: Got successors
2021-03-19 10:28:11,705 DEBUG [Thread-11] root: Propagating to: 127.0.0.1:50001 127.0.0.1:50002
2021-03-19 10:28:11,706 INFO  [Thread-11] root: Client communication module connected
Starting commModule
2021-03-19 10:28:11,706 INFO  [Thread-0] root: Server communication module connected
2021-03-19 10:28:11,706 INFO  [Thread-11] root: Client communication module connected
2021-03-19 10:28:11,707 DEBUG [Thread-11] root: {}
2021-03-19 10:28:11,707 INFO  [Thread-11] root: Message sent by server -> Status: PROPAGATE_SUCCESS
2021-03-19 10:28:11,707 INFO  [Thread-0] root: Connected to localhost on port 55229
Starting commModule
2021-03-19 10:28:11,717 INFO  [Thread-0] root: Server communication module connected
2021-03-19 10:28:11,718 INFO  [Thread-0] root: Connected to localhost on port 55231
Starting commModule
2021-03-19 10:28:12,302 INFO  [Thread-0] root: Server communication module connected
2021-03-19 10:28:12,303 INFO  [Thread-0] root: Connected to localhost on port 55236
2021-03-19 10:28:12,304 INFO  [Thread-14] root: Message received by server -> Status: UPDATE
received adminmsg
2021-03-19 10:28:12,304 INFO  [Thread-14] root: Message sent by server -> Status: UPDATE_SUCCESS
2021-03-19 10:28:12,305 DEBUG [Thread-0-SendThread(localhost:2181)] org.apache.zookeeper.ClientCnxn: Got ping response for session id: 0x10014bd52700116 after 0ms.
Starting commModule
2021-03-19 10:28:12,308 INFO  [Thread-0] root: Server communication module connected
2021-03-19 10:28:12,309 INFO  [Thread-0] root: Connected to localhost on port 55238
2021-03-19 10:28:12,310 INFO  [Thread-15] root: Message received by server -> Status: PROPAGATE_ADMIN
received adminmsg
2021-03-19 10:28:12,310 DEBUG [Thread-15] root: Getting successors
2021-03-19 10:28:12,310 DEBUG [Thread-15] root: Got successors
2021-03-19 10:28:12,310 DEBUG [Thread-15] root: Propagating to: 127.0.0.1:50001 127.0.0.1:50003
2021-03-19 10:28:12,311 INFO  [Thread-15] root: Client communication module connected
2021-03-19 10:28:12,312 INFO  [Thread-15] root: Client communication module connected
2021-03-19 10:28:12,312 DEBUG [Thread-15] root: {}
2021-03-19 10:28:12,312 INFO  [Thread-15] root: Message sent by server -> Status: PROPAGATE_SUCCESS
Starting commModule
2021-03-19 10:28:12,316 INFO  [Thread-0] root: Server communication module connected
2021-03-19 10:28:12,317 INFO  [Thread-0] root: Connected to localhost on port 55243
Starting commModule
2021-03-19 10:28:12,317 INFO  [Thread-0] root: Server communication module connected
2021-03-19 10:28:12,318 INFO  [Thread-0] root: Connected to localhost on port 55244
2021-03-19 10:28:12,318 INFO  [Thread-17] root: Message received by server -> Status: MOVE_DATA
received adminmsg
2021-03-19 10:28:12,318 DEBUG [Thread-17] root: Input data: 
2021-03-19 10:28:12,318 DEBUG [Thread-17] root: dcee0277eb13b76434e8dcd31a38770a:a98109598267087dfc364fae4cf24578
2021-03-19 10:28:12,318 DEBUG [Thread-17] root: 127.0.0.1:50003
2021-03-19 10:28:12,319 INFO  [Thread-17] root: Client communication module connected
2021-03-19 10:28:12,319 DEBUG [Thread-17] root: Host: 127.0.0.1
2021-03-19 10:28:12,319 DEBUG [Thread-17] root: Port: 50003
2021-03-19 10:28:12,319 DEBUG [Thread-17] root: Range: dcee0277eb13b76434e8dcd31a38770a:a98109598267087dfc364fae4cf24578
2021-03-19 10:28:12,319 DEBUG [Thread-17] root: Starting flush data
2021-03-19 10:28:12,319 DEBUG [Thread-17] root: Finished flush data
2021-03-19 10:28:12,319 DEBUG [Thread-17] root: Closing conn
2021-03-19 10:28:12,320 INFO  [Thread-17] root: Connection closed!
2021-03-19 10:28:12,320 DEBUG [Thread-17] root: Closed conn
2021-03-19 10:28:12,320 INFO  [Thread-17] root: Message sent by server -> Status: MOVE_DATA_SUCCESS
Starting commModule
2021-03-19 10:28:12,321 INFO  [Thread-0] root: Server communication module connected
2021-03-19 10:28:12,322 INFO  [Thread-0] root: Connected to localhost on port 55246
2021-03-19 10:28:12,322 INFO  [Thread-18] root: Message received by server -> Status: UPDATE
received adminmsg
2021-03-19 10:28:12,323 INFO  [Thread-18] root: Message sent by server -> Status: UPDATE_SUCCESS
Starting commModule
2021-03-19 10:28:12,332 INFO  [Thread-0] root: Server communication module connected
2021-03-19 10:28:12,334 INFO  [Thread-19] root: Message received by server -> Status: PROPAGATE_ADMIN
received adminmsg
2021-03-19 10:28:12,334 INFO  [Thread-0] root: Connected to localhost on port 55249
2021-03-19 10:28:12,334 DEBUG [Thread-19] root: Getting successors
2021-03-19 10:28:12,334 DEBUG [Thread-19] root: Got successors
2021-03-19 10:28:12,334 DEBUG [Thread-19] root: Propagating to: 127.0.0.1:50001 127.0.0.1:50003
2021-03-19 10:28:12,335 INFO  [Thread-19] root: Client communication module connected
2021-03-19 10:28:12,335 INFO  [Thread-19] root: Client communication module connected
2021-03-19 10:28:12,335 DEBUG [Thread-19] root: {}
2021-03-19 10:28:12,336 INFO  [Thread-19] root: Message sent by server -> Status: PROPAGATE_SUCCESS
Starting commModule
2021-03-19 10:28:12,340 INFO  [Thread-0] root: Server communication module connected
2021-03-19 10:28:12,340 INFO  [Thread-0] root: Connected to localhost on port 55254
Starting commModule
2021-03-19 10:28:12,350 INFO  [Thread-0] root: Server communication module connected
2021-03-19 10:28:12,351 INFO  [Thread-0] root: Connected to localhost on port 55256
Starting commModule
2021-03-19 10:28:12,937 INFO  [Thread-0] root: Server communication module connected
2021-03-19 10:28:12,938 INFO  [Thread-0] root: Connected to localhost on port 55263
2021-03-19 10:28:12,938 INFO  [Thread-22] root: Message received by server -> Status: UPDATE
received adminmsg
2021-03-19 10:28:12,939 INFO  [Thread-22] root: Message sent by server -> Status: UPDATE_SUCCESS
Starting commModule
2021-03-19 10:28:12,946 INFO  [Thread-0] root: Server communication module connected
2021-03-19 10:28:12,947 INFO  [Thread-0] root: Connected to localhost on port 55266
2021-03-19 10:28:12,948 INFO  [Thread-23] root: Message received by server -> Status: PROPAGATE_ADMIN
received adminmsg
2021-03-19 10:28:12,948 DEBUG [Thread-23] root: Getting successors
2021-03-19 10:28:12,948 DEBUG [Thread-23] root: Got successors
2021-03-19 10:28:12,948 DEBUG [Thread-23] root: Propagating to: 127.0.0.1:50001 127.0.0.1:50000
2021-03-19 10:28:12,949 INFO  [Thread-23] root: Client communication module connected
2021-03-19 10:28:12,949 INFO  [Thread-23] root: Client communication module connected
2021-03-19 10:28:12,949 DEBUG [Thread-23] root: {}
2021-03-19 10:28:12,950 INFO  [Thread-23] root: Message sent by server -> Status: PROPAGATE_SUCCESS
Starting commModule
2021-03-19 10:28:12,957 INFO  [Thread-0] root: Server communication module connected
2021-03-19 10:28:12,958 INFO  [Thread-0] root: Connected to localhost on port 55273
Starting commModule
2021-03-19 10:28:12,963 INFO  [Thread-0] root: Server communication module connected
2021-03-19 10:28:12,964 INFO  [Thread-0] root: Connected to localhost on port 55277
2021-03-19 10:28:12,964 INFO  [Thread-25] root: Message received by server -> Status: UPDATE
received adminmsg
2021-03-19 10:28:12,965 INFO  [Thread-25] root: Message sent by server -> Status: UPDATE_SUCCESS
Starting commModule
2021-03-19 10:28:12,977 INFO  [Thread-0] root: Server communication module connected
2021-03-19 10:28:12,977 INFO  [Thread-0] root: Connected to localhost on port 55282
2021-03-19 10:28:12,978 INFO  [Thread-26] root: Message received by server -> Status: PROPAGATE_ADMIN
received adminmsg
2021-03-19 10:28:12,978 DEBUG [Thread-26] root: Getting successors
2021-03-19 10:28:12,978 DEBUG [Thread-26] root: Got successors
2021-03-19 10:28:12,978 DEBUG [Thread-26] root: Propagating to: 127.0.0.1:50001 127.0.0.1:50000
2021-03-19 10:28:12,979 INFO  [Thread-26] root: Client communication module connected
2021-03-19 10:28:12,979 INFO  [Thread-26] root: Client communication module connected
2021-03-19 10:28:12,979 DEBUG [Thread-26] root: {}
2021-03-19 10:28:12,980 INFO  [Thread-26] root: Message sent by server -> Status: PROPAGATE_SUCCESS
Starting commModule
2021-03-19 10:28:12,988 INFO  [Thread-0] root: Server communication module connected
2021-03-19 10:28:12,988 INFO  [Thread-0] root: Connected to localhost on port 55289
Starting commModule
2021-03-19 10:28:13,000 INFO  [Thread-0] root: Server communication module connected
2021-03-19 10:28:13,001 INFO  [Thread-0] root: Connected to localhost on port 55293
Starting commModule
2021-03-19 10:28:13,002 INFO  [Thread-0] root: Server communication module connected
2021-03-19 10:28:13,002 INFO  [Thread-0] root: Connected to localhost on port 55294
2021-03-19 10:28:13,002 INFO  [Thread-29] root: Message received by server -> Status: SHUTDOWN
received adminmsg
2021-03-19 10:28:13,002 DEBUG [Thread-29] root: Closing the program
2021-03-19 10:28:13,003 INFO  [Thread-29] root: Message sent by server -> Status: SHUTDOWN_SUCCESS
2021-03-19 10:28:13,003 ERROR [Thread-0] root: Error! Unable to establish connection. 

java.net.SocketException: Socket closed
	at java.base/java.net.PlainSocketImpl.socketAccept(Native Method)
	at java.base/java.net.AbstractPlainSocketImpl.accept(AbstractPlainSocketImpl.java:458)
	at java.base/java.net.ServerSocket.implAccept(ServerSocket.java:565)
	at java.base/java.net.ServerSocket.accept(ServerSocket.java:533)
	at app_kvServer.KVServer.run(KVServer.java:408)
2021-03-19 10:28:13,005 INFO  [Thread-0] root: Server stopped.
2021-03-19 10:28:13,005 INFO  [Thread-0] root: Clearing KV Storage...
2021-03-19 10:28:35,408 INFO  [Thread-0] root: Initialize server ...
2021-03-19 10:28:35,423 INFO  [Thread-0] root: Server listening on port: 50002
2021-03-19 10:28:35,448 INFO  [Thread-0] org.apache.zookeeper.ZooKeeper: Client environment:zookeeper.version=3.6.2--803c7f1a12f85978cb049af5e4ef23bd8b688715, built on 09/04/2020 12:44 GMT
2021-03-19 10:28:35,448 INFO  [Thread-0] org.apache.zookeeper.ZooKeeper: Client environment:host.name=localhost
2021-03-19 10:28:35,448 INFO  [Thread-0] org.apache.zookeeper.ZooKeeper: Client environment:java.version=11.0.10
2021-03-19 10:28:35,449 INFO  [Thread-0] org.apache.zookeeper.ZooKeeper: Client environment:java.vendor=Azul Systems, Inc.
2021-03-19 10:28:35,449 INFO  [Thread-0] org.apache.zookeeper.ZooKeeper: Client environment:java.home=/Users/steve/Library/Java/JavaVirtualMachines/azul-11.0.10/Contents/Home
2021-03-19 10:28:35,449 INFO  [Thread-0] org.apache.zookeeper.ZooKeeper: Client environment:java.class.path=/Users/steve/Desktop/UofT/year4/winter2021/ECE419/milestone3/m3-server.jar
2021-03-19 10:28:35,449 INFO  [Thread-0] org.apache.zookeeper.ZooKeeper: Client environment:java.library.path=/Users/steve/Library/Java/Extensions:/Library/Java/Extensions:/Network/Library/Java/Extensions:/System/Library/Java/Extensions:/usr/lib/java:.
2021-03-19 10:28:35,449 INFO  [Thread-0] org.apache.zookeeper.ZooKeeper: Client environment:java.io.tmpdir=/var/folders/kz/3gb57nkn6ks6_07_dtt5lqvr0000gn/T/
2021-03-19 10:28:35,449 INFO  [Thread-0] org.apache.zookeeper.ZooKeeper: Client environment:java.compiler=<NA>
2021-03-19 10:28:35,449 INFO  [Thread-0] org.apache.zookeeper.ZooKeeper: Client environment:os.name=Mac OS X
2021-03-19 10:28:35,449 INFO  [Thread-0] org.apache.zookeeper.ZooKeeper: Client environment:os.arch=x86_64
2021-03-19 10:28:35,449 INFO  [Thread-0] org.apache.zookeeper.ZooKeeper: Client environment:os.version=10.16
2021-03-19 10:28:35,449 INFO  [Thread-0] org.apache.zookeeper.ZooKeeper: Client environment:user.name=steve
2021-03-19 10:28:35,449 INFO  [Thread-0] org.apache.zookeeper.ZooKeeper: Client environment:user.home=/Users/steve
2021-03-19 10:28:35,449 INFO  [Thread-0] org.apache.zookeeper.ZooKeeper: Client environment:user.dir=/Users/steve
2021-03-19 10:28:35,449 INFO  [Thread-0] org.apache.zookeeper.ZooKeeper: Client environment:os.memory.free=249MB
2021-03-19 10:28:35,450 INFO  [Thread-0] org.apache.zookeeper.ZooKeeper: Client environment:os.memory.max=4096MB
2021-03-19 10:28:35,450 INFO  [Thread-0] org.apache.zookeeper.ZooKeeper: Client environment:os.memory.total=256MB
2021-03-19 10:28:35,453 INFO  [Thread-0] org.apache.zookeeper.ZooKeeper: Initiating client connection, connectString=localhost:2181 sessionTimeout=3000 watcher=app_kvServer.KVServer$1@7a8d20e7
2021-03-19 10:28:35,457 INFO  [Thread-0] org.apache.zookeeper.common.X509Util: Setting -D jdk.tls.rejectClientInitiatedRenegotiation=true to disable client-initiated TLS renegotiation
2021-03-19 10:28:35,470 INFO  [Thread-0] org.apache.zookeeper.ClientCnxnSocket: jute.maxbuffer value is 1048575 Bytes
2021-03-19 10:28:35,479 INFO  [Thread-0] org.apache.zookeeper.ClientCnxn: zookeeper.request.timeout value is 0. feature enabled=false
2021-03-19 10:28:35,488 DEBUG [Thread-0-SendThread(localhost:2181)] org.apache.zookeeper.SaslServerPrincipal: Canonicalized address to localhost
2021-03-19 10:28:35,490 INFO  [Thread-0-SendThread(localhost:2181)] org.apache.zookeeper.ClientCnxn: Opening socket connection to server localhost/0:0:0:0:0:0:0:1:2181.
2021-03-19 10:28:35,490 INFO  [Thread-0-SendThread(localhost:2181)] org.apache.zookeeper.ClientCnxn: SASL config status: Will not attempt to authenticate using SASL (unknown error)
2021-03-19 10:28:35,506 INFO  [Thread-0-SendThread(localhost:2181)] org.apache.zookeeper.ClientCnxn: Socket connection established, initiating session, client: /0:0:0:0:0:0:0:1:55424, server: localhost/0:0:0:0:0:0:0:1:2181
2021-03-19 10:28:35,507 DEBUG [Thread-0-SendThread(localhost:2181)] org.apache.zookeeper.ClientCnxn: Session establishment request sent on localhost/0:0:0:0:0:0:0:1:2181
2021-03-19 10:28:35,537 TRACE [Thread-0-SendThread(localhost:2181)] org.apache.zookeeper.ClientCnxnSocket: readConnectResult 37 0x[0,0,0,0,0,0,f,ffffffa0,1,0,14,ffffffbd,52,70,1,23,0,0,0,10,ffffff98,ffffffb7,30,2d,ffffffb0,ffffff84,ffffffea,fffffff0,ffffff87,26,15,ffffffc2,68,6d,ffffffef,25,0,]
2021-03-19 10:28:35,539 INFO  [Thread-0-SendThread(localhost:2181)] org.apache.zookeeper.ClientCnxn: Session establishment complete on server localhost/0:0:0:0:0:0:0:1:2181, session id = 0x10014bd52700123, negotiated timeout = 4000
2021-03-19 10:28:35,543 DEBUG [Thread-0-EventThread] root: ZK event: 
2021-03-19 10:28:35,543 DEBUG [Thread-0-EventThread] root: WatchedEvent state:SyncConnected type:None path:null
2021-03-19 10:28:35,571 DEBUG [Thread-0-SendThread(localhost:2181)] org.apache.zookeeper.ClientCnxn: Reading reply session id: 0x10014bd52700123, packet:: clientPath:null serverPath:null finished:false header:: 1,1  replyHeader:: 1,925,0  request:: '/keeper/server3,,v{s{31,s{'world,'anyone}}},1  response:: '/keeper/server3 
2021-03-19 10:28:35,575 DEBUG [Thread-0-SendThread(localhost:2181)] org.apache.zookeeper.ClientCnxn: Reading reply session id: 0x10014bd52700123, packet:: clientPath:null serverPath:null finished:false header:: 2,3  replyHeader:: 2,925,0  request:: '/keeper/server3,T  response:: s{925,925,1616164115543,1616164115543,0,0,0,72080397402374435,0,0,925} 
2021-03-19 10:28:35,602 DEBUG [Thread-0-SendThread(localhost:2181)] org.apache.zookeeper.ClientCnxn: Got notification session id: 0x10014bd52700123
2021-03-19 10:28:35,603 DEBUG [Thread-0-SendThread(localhost:2181)] org.apache.zookeeper.ClientCnxn: Got WatchedEvent state:SyncConnected type:NodeDataChanged path:/keeper/server3 for session id 0x10014bd52700123
2021-03-19 10:28:35,604 DEBUG [Thread-0-EventThread] root: ZK event: 
2021-03-19 10:28:35,604 DEBUG [Thread-0-EventThread] root: WatchedEvent state:SyncConnected type:NodeDataChanged path:/keeper/server3
2021-03-19 10:28:35,605 DEBUG [Thread-0-SendThread(localhost:2181)] org.apache.zookeeper.ClientCnxn: Reading reply session id: 0x10014bd52700123, packet:: clientPath:null serverPath:null finished:false header:: 3,5  replyHeader:: 3,926,0  request:: '/keeper/server3,#3132372e302e302e313a3530303032,0  response:: s{925,926,1616164115543,1616164115576,1,0,0,72080397402374435,15,0,925} 
2021-03-19 10:28:35,605 INFO  [Thread-0] root: Node created at: /keeper/server3
Starting commModule
2021-03-19 10:28:35,614 INFO  [Thread-0] root: Server communication module connected
2021-03-19 10:28:35,614 INFO  [Thread-0] root: Connected to localhost on port 55425
2021-03-19 10:28:35,623 INFO  [Thread-1] root: Message received by server -> Status: INIT_SERVER
received adminmsg
2021-03-19 10:28:35,624 INFO  [Thread-1] root: Message sent by server -> Status: INIT_SERVER_SUCCESS
2021-03-19 10:28:35,625 INFO  [Thread-1] root: Message received by server -> Status: START
received adminmsg
2021-03-19 10:28:35,625 INFO  [Thread-1] root: Message sent by server -> Status: START_SUCCESS
Starting commModule
2021-03-19 10:28:35,630 INFO  [Thread-0] root: Server communication module connected
2021-03-19 10:28:35,631 INFO  [Thread-0] root: Connected to localhost on port 55428
Starting commModule
2021-03-19 10:28:35,633 INFO  [Thread-0] root: Server communication module connected
2021-03-19 10:28:35,634 INFO  [Thread-0] root: Connected to localhost on port 55431
Starting commModule
2021-03-19 10:28:35,638 INFO  [Thread-0] root: Server communication module connected
2021-03-19 10:28:35,638 INFO  [Thread-0] root: Connected to localhost on port 55433
2021-03-19 10:28:35,639 INFO  [Thread-4] root: Message received by server -> Status: UPDATE
received adminmsg
2021-03-19 10:28:35,640 INFO  [Thread-4] root: Message sent by server -> Status: UPDATE_SUCCESS
Starting commModule
2021-03-19 10:28:35,643 INFO  [Thread-0] root: Server communication module connected
2021-03-19 10:28:35,643 INFO  [Thread-0] root: Connected to localhost on port 55435
Starting commModule
2021-03-19 10:28:35,644 INFO  [Thread-0] root: Server communication module connected
2021-03-19 10:28:35,645 INFO  [Thread-0] root: Connected to localhost on port 55437
2021-03-19 10:28:35,646 INFO  [Thread-6] root: Message received by server -> Status: PROPAGATE_ADMIN
received adminmsg
2021-03-19 10:28:35,650 DEBUG [Thread-6] root: Getting successors
2021-03-19 10:28:35,650 DEBUG [Thread-6] root: Got successors
2021-03-19 10:28:35,651 DEBUG [Thread-6] root: Propagating to: 127.0.0.1:50003 127.0.0.1:50002
2021-03-19 10:28:35,653 INFO  [Thread-6] root: Client communication module connected
Starting commModule
2021-03-19 10:28:35,654 INFO  [Thread-0] root: Server communication module connected
2021-03-19 10:28:35,654 INFO  [Thread-6] root: Client communication module connected
2021-03-19 10:28:35,654 DEBUG [Thread-6] root: {}
2021-03-19 10:28:35,654 INFO  [Thread-0] root: Connected to localhost on port 55439
2021-03-19 10:28:35,654 INFO  [Thread-6] root: Message sent by server -> Status: PROPAGATE_SUCCESS
Starting commModule
2021-03-19 10:28:36,304 INFO  [Thread-0] root: Server communication module connected
2021-03-19 10:28:36,305 INFO  [Thread-0] root: Connected to localhost on port 55444
2021-03-19 10:28:36,306 INFO  [Thread-8] root: Message received by server -> Status: UPDATE
received adminmsg
2021-03-19 10:28:36,307 INFO  [Thread-8] root: Message sent by server -> Status: UPDATE_SUCCESS
Starting commModule
2021-03-19 10:28:36,310 INFO  [Thread-0] root: Server communication module connected
2021-03-19 10:28:36,311 INFO  [Thread-0] root: Connected to localhost on port 55446
Starting commModule
2021-03-19 10:28:36,312 INFO  [Thread-0] root: Server communication module connected
2021-03-19 10:28:36,313 INFO  [Thread-0] root: Connected to localhost on port 55448
2021-03-19 10:28:36,314 INFO  [Thread-10] root: Message received by server -> Status: PROPAGATE_ADMIN
received adminmsg
2021-03-19 10:28:36,314 DEBUG [Thread-10] root: Getting successors
2021-03-19 10:28:36,314 DEBUG [Thread-10] root: Got successors
2021-03-19 10:28:36,314 DEBUG [Thread-10] root: Propagating to: 127.0.0.1:50001 127.0.0.1:50003
2021-03-19 10:28:36,315 INFO  [Thread-10] root: Client communication module connected
2021-03-19 10:28:36,315 INFO  [Thread-10] root: Client communication module connected
2021-03-19 10:28:36,315 DEBUG [Thread-10] root: {}
2021-03-19 10:28:36,316 INFO  [Thread-10] root: Message sent by server -> Status: PROPAGATE_SUCCESS
Starting commModule
2021-03-19 10:28:36,323 INFO  [Thread-0] root: Server communication module connected
2021-03-19 10:28:36,324 INFO  [Thread-0] root: Connected to localhost on port 55454
2021-03-19 10:28:36,325 INFO  [Thread-11] root: Message received by server -> Status: UPDATE
received adminmsg
2021-03-19 10:28:36,325 INFO  [Thread-11] root: Message sent by server -> Status: UPDATE_SUCCESS
Starting commModule
2021-03-19 10:28:36,332 INFO  [Thread-0] root: Server communication module connected
2021-03-19 10:28:36,333 INFO  [Thread-0] root: Connected to localhost on port 55457
Starting commModule
2021-03-19 10:28:36,334 INFO  [Thread-0] root: Server communication module connected
2021-03-19 10:28:36,334 INFO  [Thread-0] root: Connected to localhost on port 55459
2021-03-19 10:28:36,335 INFO  [Thread-13] root: Message received by server -> Status: PROPAGATE_ADMIN
received adminmsg
2021-03-19 10:28:36,335 DEBUG [Thread-13] root: Getting successors
2021-03-19 10:28:36,335 DEBUG [Thread-13] root: Got successors
2021-03-19 10:28:36,335 DEBUG [Thread-13] root: Propagating to: 127.0.0.1:50001 127.0.0.1:50003
2021-03-19 10:28:36,336 INFO  [Thread-13] root: Client communication module connected
2021-03-19 10:28:36,336 INFO  [Thread-13] root: Client communication module connected
2021-03-19 10:28:36,336 DEBUG [Thread-13] root: {}
2021-03-19 10:28:36,337 INFO  [Thread-13] root: Message sent by server -> Status: PROPAGATE_SUCCESS
Starting commModule
2021-03-19 10:28:36,348 INFO  [Thread-0] root: Server communication module connected
2021-03-19 10:28:36,348 INFO  [Thread-0] root: Connected to localhost on port 55464
2021-03-19 10:28:36,917 DEBUG [Thread-0-SendThread(localhost:2181)] org.apache.zookeeper.ClientCnxn: Got ping response for session id: 0x10014bd52700123 after 5ms.
Starting commModule
2021-03-19 10:28:37,011 INFO  [Thread-0] root: Server communication module connected
2021-03-19 10:28:37,012 INFO  [Thread-0] root: Connected to localhost on port 55469
2021-03-19 10:28:37,013 INFO  [Thread-15] root: Message received by server -> Status: UPDATE
received adminmsg
2021-03-19 10:28:37,014 INFO  [Thread-15] root: Message sent by server -> Status: UPDATE_SUCCESS
Starting commModule
2021-03-19 10:28:37,020 INFO  [Thread-0] root: Server communication module connected
2021-03-19 10:28:37,020 INFO  [Thread-0] root: Connected to localhost on port 55472
Starting commModule
2021-03-19 10:28:37,021 INFO  [Thread-0] root: Server communication module connected
2021-03-19 10:28:37,021 INFO  [Thread-0] root: Connected to localhost on port 55474
2021-03-19 10:28:37,022 INFO  [Thread-17] root: Message received by server -> Status: PROPAGATE_ADMIN
received adminmsg
2021-03-19 10:28:37,022 DEBUG [Thread-17] root: Getting successors
2021-03-19 10:28:37,022 DEBUG [Thread-17] root: Got successors
2021-03-19 10:28:37,023 DEBUG [Thread-17] root: Propagating to: 127.0.0.1:50001 127.0.0.1:50000
2021-03-19 10:28:37,023 INFO  [Thread-17] root: Client communication module connected
2021-03-19 10:28:37,023 INFO  [Thread-17] root: Client communication module connected
2021-03-19 10:28:37,024 DEBUG [Thread-17] root: {}
2021-03-19 10:28:37,024 INFO  [Thread-17] root: Message sent by server -> Status: PROPAGATE_SUCCESS
Starting commModule
2021-03-19 10:28:37,034 INFO  [Thread-0] root: Server communication module connected
2021-03-19 10:28:37,034 INFO  [Thread-0] root: Connected to localhost on port 55483
2021-03-19 10:28:37,035 INFO  [Thread-18] root: Message received by server -> Status: UPDATE
received adminmsg
2021-03-19 10:28:37,035 INFO  [Thread-18] root: Message sent by server -> Status: UPDATE_SUCCESS
Starting commModule
2021-03-19 10:28:37,044 INFO  [Thread-0] root: Server communication module connected
2021-03-19 10:28:37,044 INFO  [Thread-0] root: Connected to localhost on port 55487
Starting commModule
2021-03-19 10:28:37,045 INFO  [Thread-0] root: Server communication module connected
2021-03-19 10:28:37,046 INFO  [Thread-0] root: Connected to localhost on port 55489
2021-03-19 10:28:37,047 INFO  [Thread-20] root: Message received by server -> Status: PROPAGATE_ADMIN
received adminmsg
2021-03-19 10:28:37,047 DEBUG [Thread-20] root: Getting successors
2021-03-19 10:28:37,047 DEBUG [Thread-20] root: Got successors
2021-03-19 10:28:37,047 DEBUG [Thread-20] root: Propagating to: 127.0.0.1:50001 127.0.0.1:50000
2021-03-19 10:28:37,048 INFO  [Thread-20] root: Client communication module connected
2021-03-19 10:28:37,048 INFO  [Thread-20] root: Client communication module connected
2021-03-19 10:28:37,048 DEBUG [Thread-20] root: {}
2021-03-19 10:28:37,049 INFO  [Thread-20] root: Message sent by server -> Status: PROPAGATE_SUCCESS
Starting commModule
2021-03-19 10:28:37,065 INFO  [Thread-0] root: Server communication module connected
2021-03-19 10:28:37,066 INFO  [Thread-0] root: Connected to localhost on port 55497
Starting commModule
2021-03-19 10:28:37,069 INFO  [Thread-0] root: Server communication module connected
2021-03-19 10:28:37,070 INFO  [Thread-0] root: Connected to localhost on port 55499
2021-03-19 10:28:37,070 INFO  [Thread-22] root: Message received by server -> Status: SHUTDOWN
received adminmsg
2021-03-19 10:28:37,070 DEBUG [Thread-22] root: Closing the program
2021-03-19 10:28:37,071 INFO  [Thread-22] root: Message sent by server -> Status: SHUTDOWN_SUCCESS
2021-03-19 10:28:37,071 ERROR [Thread-0] root: Error! Unable to establish connection. 

java.net.SocketException: Socket closed
	at java.base/java.net.PlainSocketImpl.socketAccept(Native Method)
	at java.base/java.net.AbstractPlainSocketImpl.accept(AbstractPlainSocketImpl.java:458)
	at java.base/java.net.ServerSocket.implAccept(ServerSocket.java:565)
	at java.base/java.net.ServerSocket.accept(ServerSocket.java:533)
	at app_kvServer.KVServer.run(KVServer.java:408)
2021-03-19 10:28:37,073 INFO  [Thread-0] root: Server stopped.
2021-03-19 10:28:37,073 INFO  [Thread-0] root: Clearing KV Storage...
2021-03-19 10:35:08,071 INFO  [Thread-0] root: Initialize server ...
2021-03-19 10:35:08,085 INFO  [Thread-0] root: Server listening on port: 50002
2021-03-19 10:35:08,106 INFO  [Thread-0] org.apache.zookeeper.ZooKeeper: Client environment:zookeeper.version=3.6.2--803c7f1a12f85978cb049af5e4ef23bd8b688715, built on 09/04/2020 12:44 GMT
2021-03-19 10:35:08,106 INFO  [Thread-0] org.apache.zookeeper.ZooKeeper: Client environment:host.name=localhost
2021-03-19 10:35:08,106 INFO  [Thread-0] org.apache.zookeeper.ZooKeeper: Client environment:java.version=11.0.10
2021-03-19 10:35:08,107 INFO  [Thread-0] org.apache.zookeeper.ZooKeeper: Client environment:java.vendor=Azul Systems, Inc.
2021-03-19 10:35:08,107 INFO  [Thread-0] org.apache.zookeeper.ZooKeeper: Client environment:java.home=/Users/steve/Library/Java/JavaVirtualMachines/azul-11.0.10/Contents/Home
2021-03-19 10:35:08,107 INFO  [Thread-0] org.apache.zookeeper.ZooKeeper: Client environment:java.class.path=/Users/steve/Desktop/UofT/year4/winter2021/ECE419/milestone3/m3-server.jar
2021-03-19 10:35:08,107 INFO  [Thread-0] org.apache.zookeeper.ZooKeeper: Client environment:java.library.path=/Users/steve/Library/Java/Extensions:/Library/Java/Extensions:/Network/Library/Java/Extensions:/System/Library/Java/Extensions:/usr/lib/java:.
2021-03-19 10:35:08,107 INFO  [Thread-0] org.apache.zookeeper.ZooKeeper: Client environment:java.io.tmpdir=/var/folders/kz/3gb57nkn6ks6_07_dtt5lqvr0000gn/T/
2021-03-19 10:35:08,107 INFO  [Thread-0] org.apache.zookeeper.ZooKeeper: Client environment:java.compiler=<NA>
2021-03-19 10:35:08,107 INFO  [Thread-0] org.apache.zookeeper.ZooKeeper: Client environment:os.name=Mac OS X
2021-03-19 10:35:08,107 INFO  [Thread-0] org.apache.zookeeper.ZooKeeper: Client environment:os.arch=x86_64
2021-03-19 10:35:08,107 INFO  [Thread-0] org.apache.zookeeper.ZooKeeper: Client environment:os.version=10.16
2021-03-19 10:35:08,107 INFO  [Thread-0] org.apache.zookeeper.ZooKeeper: Client environment:user.name=steve
2021-03-19 10:35:08,107 INFO  [Thread-0] org.apache.zookeeper.ZooKeeper: Client environment:user.home=/Users/steve
2021-03-19 10:35:08,107 INFO  [Thread-0] org.apache.zookeeper.ZooKeeper: Client environment:user.dir=/Users/steve
2021-03-19 10:35:08,107 INFO  [Thread-0] org.apache.zookeeper.ZooKeeper: Client environment:os.memory.free=249MB
2021-03-19 10:35:08,107 INFO  [Thread-0] org.apache.zookeeper.ZooKeeper: Client environment:os.memory.max=4096MB
2021-03-19 10:35:08,108 INFO  [Thread-0] org.apache.zookeeper.ZooKeeper: Client environment:os.memory.total=256MB
2021-03-19 10:35:08,111 INFO  [Thread-0] org.apache.zookeeper.ZooKeeper: Initiating client connection, connectString=localhost:2181 sessionTimeout=3000 watcher=app_kvServer.KVServer$1@7a8d20e7
2021-03-19 10:35:08,115 INFO  [Thread-0] org.apache.zookeeper.common.X509Util: Setting -D jdk.tls.rejectClientInitiatedRenegotiation=true to disable client-initiated TLS renegotiation
2021-03-19 10:35:08,127 INFO  [Thread-0] org.apache.zookeeper.ClientCnxnSocket: jute.maxbuffer value is 1048575 Bytes
2021-03-19 10:35:08,135 INFO  [Thread-0] org.apache.zookeeper.ClientCnxn: zookeeper.request.timeout value is 0. feature enabled=false
2021-03-19 10:35:08,145 DEBUG [Thread-0-SendThread(localhost:2181)] org.apache.zookeeper.SaslServerPrincipal: Canonicalized address to localhost
2021-03-19 10:35:08,147 INFO  [Thread-0-SendThread(localhost:2181)] org.apache.zookeeper.ClientCnxn: Opening socket connection to server localhost/127.0.0.1:2181.
2021-03-19 10:35:08,147 INFO  [Thread-0-SendThread(localhost:2181)] org.apache.zookeeper.ClientCnxn: SASL config status: Will not attempt to authenticate using SASL (unknown error)
2021-03-19 10:35:08,163 INFO  [Thread-0-SendThread(localhost:2181)] org.apache.zookeeper.ClientCnxn: Socket connection established, initiating session, client: /127.0.0.1:55740, server: localhost/127.0.0.1:2181
2021-03-19 10:35:08,164 DEBUG [Thread-0-SendThread(localhost:2181)] org.apache.zookeeper.ClientCnxn: Session establishment request sent on localhost/127.0.0.1:2181
2021-03-19 10:35:08,194 TRACE [Thread-0-SendThread(localhost:2181)] org.apache.zookeeper.ClientCnxnSocket: readConnectResult 37 0x[0,0,0,0,0,0,f,ffffffa0,1,0,14,ffffffbd,52,70,1,33,0,0,0,10,67,ffffffa6,ffffff8e,2d,ffffffb1,ffffffca,fffffff5,ffffffa2,33,fffffff7,ffffffa0,b,2e,ffffffe0,ffffffa6,54,0,]
2021-03-19 10:35:08,198 INFO  [Thread-0-SendThread(localhost:2181)] org.apache.zookeeper.ClientCnxn: Session establishment complete on server localhost/127.0.0.1:2181, session id = 0x10014bd52700133, negotiated timeout = 4000
2021-03-19 10:35:08,204 DEBUG [Thread-0-EventThread] root: ZK event: 
2021-03-19 10:35:08,204 DEBUG [Thread-0-EventThread] root: WatchedEvent state:SyncConnected type:None path:null
2021-03-19 10:35:08,233 DEBUG [Thread-0-SendThread(localhost:2181)] org.apache.zookeeper.ClientCnxn: Reading reply session id: 0x10014bd52700133, packet:: clientPath:null serverPath:null finished:false header:: 1,1  replyHeader:: 1,986,0  request:: '/keeper/server3,,v{s{31,s{'world,'anyone}}},1  response:: '/keeper/server3 
2021-03-19 10:35:08,238 DEBUG [Thread-0-SendThread(localhost:2181)] org.apache.zookeeper.ClientCnxn: Reading reply session id: 0x10014bd52700133, packet:: clientPath:null serverPath:null finished:false header:: 2,3  replyHeader:: 2,986,0  request:: '/keeper/server3,T  response:: s{986,986,1616164508204,1616164508204,0,0,0,72080397402374451,0,0,986} 
2021-03-19 10:35:08,281 DEBUG [Thread-0-SendThread(localhost:2181)] org.apache.zookeeper.ClientCnxn: Got notification session id: 0x10014bd52700133
2021-03-19 10:35:08,282 DEBUG [Thread-0-SendThread(localhost:2181)] org.apache.zookeeper.ClientCnxn: Got WatchedEvent state:SyncConnected type:NodeDataChanged path:/keeper/server3 for session id 0x10014bd52700133
2021-03-19 10:35:08,283 DEBUG [Thread-0-EventThread] root: ZK event: 
2021-03-19 10:35:08,283 DEBUG [Thread-0-EventThread] root: WatchedEvent state:SyncConnected type:NodeDataChanged path:/keeper/server3
2021-03-19 10:35:08,284 DEBUG [Thread-0-SendThread(localhost:2181)] org.apache.zookeeper.ClientCnxn: Reading reply session id: 0x10014bd52700133, packet:: clientPath:null serverPath:null finished:false header:: 3,5  replyHeader:: 3,987,0  request:: '/keeper/server3,#3132372e302e302e313a3530303032,0  response:: s{986,987,1616164508204,1616164508240,1,0,0,72080397402374451,15,0,986} 
2021-03-19 10:35:08,284 INFO  [Thread-0] root: Node created at: /keeper/server3
Starting commModule
2021-03-19 10:35:08,291 INFO  [Thread-0] root: Server communication module connected
2021-03-19 10:35:08,292 INFO  [Thread-0] root: Connected to localhost on port 55741
2021-03-19 10:35:08,301 INFO  [Thread-1] root: Message received by server -> Status: INIT_SERVER
received adminmsg
2021-03-19 10:35:08,302 INFO  [Thread-1] root: Message sent by server -> Status: INIT_SERVER_SUCCESS
2021-03-19 10:35:08,302 INFO  [Thread-1] root: Message received by server -> Status: START
received adminmsg
2021-03-19 10:35:08,302 INFO  [Thread-1] root: Message sent by server -> Status: START_SUCCESS
Starting commModule
2021-03-19 10:35:08,311 INFO  [Thread-0] root: Server communication module connected
2021-03-19 10:35:08,312 INFO  [Thread-0] root: Connected to localhost on port 55746
Starting commModule
2021-03-19 10:35:08,314 INFO  [Thread-0] root: Server communication module connected
2021-03-19 10:35:08,315 INFO  [Thread-0] root: Connected to localhost on port 55748
Starting commModule
2021-03-19 10:35:08,317 INFO  [Thread-0] root: Server communication module connected
2021-03-19 10:35:08,318 INFO  [Thread-0] root: Connected to localhost on port 55751
Starting commModule
2021-03-19 10:35:08,324 INFO  [Thread-0] root: Server communication module connected
2021-03-19 10:35:08,325 INFO  [Thread-0] root: Connected to localhost on port 55754
2021-03-19 10:35:08,326 INFO  [Thread-5] root: Message received by server -> Status: UPDATE
received adminmsg
2021-03-19 10:35:08,327 INFO  [Thread-5] root: Message sent by server -> Status: UPDATE_SUCCESS
Starting commModule
2021-03-19 10:35:08,330 INFO  [Thread-0] root: Server communication module connected
2021-03-19 10:35:08,330 INFO  [Thread-0] root: Connected to localhost on port 55757
Starting commModule
2021-03-19 10:35:08,333 INFO  [Thread-0] root: Server communication module connected
2021-03-19 10:35:08,333 INFO  [Thread-0] root: Connected to localhost on port 55759
Starting commModule
2021-03-19 10:35:08,334 INFO  [Thread-0] root: Server communication module connected
2021-03-19 10:35:08,334 INFO  [Thread-0] root: Connected to localhost on port 55761
2021-03-19 10:35:08,335 INFO  [Thread-8] root: Message received by server -> Status: PROPAGATE_ADMIN
received adminmsg
2021-03-19 10:35:08,340 DEBUG [Thread-8] root: Getting successors
2021-03-19 10:35:08,340 DEBUG [Thread-8] root: Got successors
2021-03-19 10:35:08,340 DEBUG [Thread-8] root: Propagating to: 127.0.0.1:50001 127.0.0.1:50003
2021-03-19 10:35:08,343 INFO  [Thread-8] root: Client communication module connected
2021-03-19 10:35:08,344 INFO  [Thread-8] root: Client communication module connected
2021-03-19 10:35:08,344 DEBUG [Thread-8] root: {}
2021-03-19 10:35:08,344 INFO  [Thread-8] root: Message sent by server -> Status: PROPAGATE_SUCCESS
Starting commModule
2021-03-19 10:35:08,877 INFO  [Thread-0] root: Server communication module connected
2021-03-19 10:35:08,878 INFO  [Thread-0] root: Connected to localhost on port 55769
2021-03-19 10:35:08,878 INFO  [Thread-9] root: Message received by server -> Status: UPDATE
received adminmsg
2021-03-19 10:35:08,879 INFO  [Thread-9] root: Message sent by server -> Status: UPDATE_SUCCESS
Starting commModule
2021-03-19 10:35:08,886 INFO  [Thread-0] root: Server communication module connected
2021-03-19 10:35:08,888 INFO  [Thread-0] root: Connected to localhost on port 55774
Starting commModule
2021-03-19 10:35:08,889 INFO  [Thread-0] root: Server communication module connected
2021-03-19 10:35:08,889 INFO  [Thread-0] root: Connected to localhost on port 55776
2021-03-19 10:35:08,890 INFO  [Thread-11] root: Message received by server -> Status: PROPAGATE_ADMIN
received adminmsg
2021-03-19 10:35:08,890 DEBUG [Thread-11] root: Getting successors
2021-03-19 10:35:08,890 DEBUG [Thread-11] root: Got successors
2021-03-19 10:35:08,890 DEBUG [Thread-11] root: Propagating to: 127.0.0.1:50001 127.0.0.1:50000
2021-03-19 10:35:08,891 INFO  [Thread-11] root: Client communication module connected
2021-03-19 10:35:08,891 INFO  [Thread-11] root: Client communication module connected
2021-03-19 10:35:08,891 DEBUG [Thread-11] root: {}
2021-03-19 10:35:08,892 INFO  [Thread-11] root: Message sent by server -> Status: PROPAGATE_SUCCESS
Starting commModule
2021-03-19 10:35:08,900 INFO  [Thread-0] root: Server communication module connected
2021-03-19 10:35:08,901 INFO  [Thread-0] root: Connected to localhost on port 55783
2021-03-19 10:35:08,902 INFO  [Thread-12] root: Message received by server -> Status: UPDATE
received adminmsg
2021-03-19 10:35:08,903 INFO  [Thread-12] root: Message sent by server -> Status: UPDATE_SUCCESS
Starting commModule
2021-03-19 10:35:08,915 INFO  [Thread-0] root: Server communication module connected
2021-03-19 10:35:08,915 INFO  [Thread-0] root: Connected to localhost on port 55789
Starting commModule
2021-03-19 10:35:08,916 INFO  [Thread-0] root: Server communication module connected
2021-03-19 10:35:08,917 INFO  [Thread-0] root: Connected to localhost on port 55791
2021-03-19 10:35:08,917 INFO  [Thread-14] root: Message received by server -> Status: PROPAGATE_ADMIN
received adminmsg
2021-03-19 10:35:08,918 DEBUG [Thread-14] root: Getting successors
2021-03-19 10:35:08,918 DEBUG [Thread-14] root: Got successors
2021-03-19 10:35:08,918 DEBUG [Thread-14] root: Propagating to: 127.0.0.1:50001 127.0.0.1:50000
2021-03-19 10:35:08,919 INFO  [Thread-14] root: Client communication module connected
2021-03-19 10:35:08,920 INFO  [Thread-14] root: Client communication module connected
2021-03-19 10:35:08,920 DEBUG [Thread-14] root: {}
2021-03-19 10:35:08,920 INFO  [Thread-14] root: Message sent by server -> Status: PROPAGATE_SUCCESS
Starting commModule
2021-03-19 10:35:08,931 INFO  [Thread-0] root: Server communication module connected
2021-03-19 10:35:08,932 INFO  [Thread-0] root: Connected to localhost on port 55796
Starting commModule
2021-03-19 10:35:08,938 INFO  [Thread-0] root: Server communication module connected
2021-03-19 10:35:08,939 INFO  [Thread-0] root: Connected to localhost on port 55799
2021-03-19 10:35:08,939 INFO  [Thread-16] root: Message received by server -> Status: SHUTDOWN
received adminmsg
2021-03-19 10:35:08,940 DEBUG [Thread-16] root: Closing the program
2021-03-19 10:35:08,940 INFO  [Thread-16] root: Message sent by server -> Status: SHUTDOWN_SUCCESS
2021-03-19 10:35:08,940 ERROR [Thread-0] root: Error! Unable to establish connection. 

java.net.SocketException: Socket closed
	at java.base/java.net.PlainSocketImpl.socketAccept(Native Method)
	at java.base/java.net.AbstractPlainSocketImpl.accept(AbstractPlainSocketImpl.java:458)
	at java.base/java.net.ServerSocket.implAccept(ServerSocket.java:565)
	at java.base/java.net.ServerSocket.accept(ServerSocket.java:533)
	at app_kvServer.KVServer.run(KVServer.java:408)
2021-03-19 10:35:08,942 INFO  [Thread-0] root: Server stopped.
2021-03-19 10:35:08,942 INFO  [Thread-0] root: Clearing KV Storage...
2021-03-19 10:35:14,733 INFO  [Thread-0] root: Initialize server ...
2021-03-19 10:35:14,746 INFO  [Thread-0] root: Server listening on port: 50002
2021-03-19 10:35:14,763 INFO  [Thread-0] org.apache.zookeeper.ZooKeeper: Client environment:zookeeper.version=3.6.2--803c7f1a12f85978cb049af5e4ef23bd8b688715, built on 09/04/2020 12:44 GMT
2021-03-19 10:35:14,763 INFO  [Thread-0] org.apache.zookeeper.ZooKeeper: Client environment:host.name=localhost
2021-03-19 10:35:14,764 INFO  [Thread-0] org.apache.zookeeper.ZooKeeper: Client environment:java.version=11.0.10
2021-03-19 10:35:14,764 INFO  [Thread-0] org.apache.zookeeper.ZooKeeper: Client environment:java.vendor=Azul Systems, Inc.
2021-03-19 10:35:14,764 INFO  [Thread-0] org.apache.zookeeper.ZooKeeper: Client environment:java.home=/Users/steve/Library/Java/JavaVirtualMachines/azul-11.0.10/Contents/Home
2021-03-19 10:35:14,764 INFO  [Thread-0] org.apache.zookeeper.ZooKeeper: Client environment:java.class.path=/Users/steve/Desktop/UofT/year4/winter2021/ECE419/milestone3/m3-server.jar
2021-03-19 10:35:14,764 INFO  [Thread-0] org.apache.zookeeper.ZooKeeper: Client environment:java.library.path=/Users/steve/Library/Java/Extensions:/Library/Java/Extensions:/Network/Library/Java/Extensions:/System/Library/Java/Extensions:/usr/lib/java:.
2021-03-19 10:35:14,764 INFO  [Thread-0] org.apache.zookeeper.ZooKeeper: Client environment:java.io.tmpdir=/var/folders/kz/3gb57nkn6ks6_07_dtt5lqvr0000gn/T/
2021-03-19 10:35:14,764 INFO  [Thread-0] org.apache.zookeeper.ZooKeeper: Client environment:java.compiler=<NA>
2021-03-19 10:35:14,764 INFO  [Thread-0] org.apache.zookeeper.ZooKeeper: Client environment:os.name=Mac OS X
2021-03-19 10:35:14,764 INFO  [Thread-0] org.apache.zookeeper.ZooKeeper: Client environment:os.arch=x86_64
2021-03-19 10:35:14,764 INFO  [Thread-0] org.apache.zookeeper.ZooKeeper: Client environment:os.version=10.16
2021-03-19 10:35:14,764 INFO  [Thread-0] org.apache.zookeeper.ZooKeeper: Client environment:user.name=steve
2021-03-19 10:35:14,764 INFO  [Thread-0] org.apache.zookeeper.ZooKeeper: Client environment:user.home=/Users/steve
2021-03-19 10:35:14,764 INFO  [Thread-0] org.apache.zookeeper.ZooKeeper: Client environment:user.dir=/Users/steve
2021-03-19 10:35:14,764 INFO  [Thread-0] org.apache.zookeeper.ZooKeeper: Client environment:os.memory.free=249MB
2021-03-19 10:35:14,764 INFO  [Thread-0] org.apache.zookeeper.ZooKeeper: Client environment:os.memory.max=4096MB
2021-03-19 10:35:14,764 INFO  [Thread-0] org.apache.zookeeper.ZooKeeper: Client environment:os.memory.total=256MB
2021-03-19 10:35:14,767 INFO  [Thread-0] org.apache.zookeeper.ZooKeeper: Initiating client connection, connectString=localhost:2181 sessionTimeout=3000 watcher=app_kvServer.KVServer$1@7a8d20e7
2021-03-19 10:35:14,770 INFO  [Thread-0] org.apache.zookeeper.common.X509Util: Setting -D jdk.tls.rejectClientInitiatedRenegotiation=true to disable client-initiated TLS renegotiation
2021-03-19 10:35:14,779 INFO  [Thread-0] org.apache.zookeeper.ClientCnxnSocket: jute.maxbuffer value is 1048575 Bytes
2021-03-19 10:35:14,785 INFO  [Thread-0] org.apache.zookeeper.ClientCnxn: zookeeper.request.timeout value is 0. feature enabled=false
2021-03-19 10:35:14,794 DEBUG [Thread-0-SendThread(localhost:2181)] org.apache.zookeeper.SaslServerPrincipal: Canonicalized address to localhost
2021-03-19 10:35:14,795 INFO  [Thread-0-SendThread(localhost:2181)] org.apache.zookeeper.ClientCnxn: Opening socket connection to server localhost/127.0.0.1:2181.
2021-03-19 10:35:14,795 INFO  [Thread-0-SendThread(localhost:2181)] org.apache.zookeeper.ClientCnxn: SASL config status: Will not attempt to authenticate using SASL (unknown error)
2021-03-19 10:35:14,809 INFO  [Thread-0-SendThread(localhost:2181)] org.apache.zookeeper.ClientCnxn: Socket connection established, initiating session, client: /127.0.0.1:55804, server: localhost/127.0.0.1:2181
2021-03-19 10:35:14,810 DEBUG [Thread-0-SendThread(localhost:2181)] org.apache.zookeeper.ClientCnxn: Session establishment request sent on localhost/127.0.0.1:2181
2021-03-19 10:35:14,839 TRACE [Thread-0-SendThread(localhost:2181)] org.apache.zookeeper.ClientCnxnSocket: readConnectResult 37 0x[0,0,0,0,0,0,f,ffffffa0,1,0,14,ffffffbd,52,70,1,37,0,0,0,10,ffffffb3,2a,77,2d,31,fffffff9,72,ffffffb6,8,3,3e,ffffffb9,7c,3,fffffff9,ffffff88,0,]
2021-03-19 10:35:14,842 INFO  [Thread-0-SendThread(localhost:2181)] org.apache.zookeeper.ClientCnxn: Session establishment complete on server localhost/127.0.0.1:2181, session id = 0x10014bd52700137, negotiated timeout = 4000
2021-03-19 10:35:14,845 DEBUG [Thread-0-EventThread] root: ZK event: 
2021-03-19 10:35:14,845 DEBUG [Thread-0-EventThread] root: WatchedEvent state:SyncConnected type:None path:null
2021-03-19 10:35:14,872 DEBUG [Thread-0-SendThread(localhost:2181)] org.apache.zookeeper.ClientCnxn: Reading reply session id: 0x10014bd52700137, packet:: clientPath:null serverPath:null finished:false header:: 1,1  replyHeader:: 1,998,0  request:: '/keeper/server3,,v{s{31,s{'world,'anyone}}},1  response:: '/keeper/server3 
2021-03-19 10:35:14,876 DEBUG [Thread-0-SendThread(localhost:2181)] org.apache.zookeeper.ClientCnxn: Reading reply session id: 0x10014bd52700137, packet:: clientPath:null serverPath:null finished:false header:: 2,3  replyHeader:: 2,998,0  request:: '/keeper/server3,T  response:: s{998,998,1616164514845,1616164514845,0,0,0,72080397402374455,0,0,998} 
2021-03-19 10:35:14,903 DEBUG [Thread-0-SendThread(localhost:2181)] org.apache.zookeeper.ClientCnxn: Got notification session id: 0x10014bd52700137
2021-03-19 10:35:14,905 DEBUG [Thread-0-SendThread(localhost:2181)] org.apache.zookeeper.ClientCnxn: Got WatchedEvent state:SyncConnected type:NodeDataChanged path:/keeper/server3 for session id 0x10014bd52700137
2021-03-19 10:35:14,906 DEBUG [Thread-0-EventThread] root: ZK event: 
2021-03-19 10:35:14,906 DEBUG [Thread-0-EventThread] root: WatchedEvent state:SyncConnected type:NodeDataChanged path:/keeper/server3
2021-03-19 10:35:14,907 DEBUG [Thread-0-SendThread(localhost:2181)] org.apache.zookeeper.ClientCnxn: Reading reply session id: 0x10014bd52700137, packet:: clientPath:null serverPath:null finished:false header:: 3,5  replyHeader:: 3,999,0  request:: '/keeper/server3,#3132372e302e302e313a3530303032,0  response:: s{998,999,1616164514845,1616164514877,1,0,0,72080397402374455,15,0,998} 
2021-03-19 10:35:14,907 INFO  [Thread-0] root: Node created at: /keeper/server3
Starting commModule
2021-03-19 10:35:14,914 INFO  [Thread-0] root: Server communication module connected
2021-03-19 10:35:14,915 INFO  [Thread-0] root: Connected to localhost on port 55805
2021-03-19 10:35:14,923 INFO  [Thread-1] root: Message received by server -> Status: INIT_SERVER
received adminmsg
2021-03-19 10:35:14,924 INFO  [Thread-1] root: Message sent by server -> Status: INIT_SERVER_SUCCESS
2021-03-19 10:35:14,924 INFO  [Thread-1] root: Message received by server -> Status: START
received adminmsg
2021-03-19 10:35:14,924 INFO  [Thread-1] root: Message sent by server -> Status: START_SUCCESS
Starting commModule
2021-03-19 10:35:14,925 INFO  [Thread-0] root: Server communication module connected
2021-03-19 10:35:14,925 INFO  [Thread-0] root: Connected to localhost on port 55806
2021-03-19 10:35:14,926 INFO  [Thread-2] root: Message received by server -> Status: UPDATE
received adminmsg
2021-03-19 10:35:14,927 INFO  [Thread-2] root: Message sent by server -> Status: UPDATE_SUCCESS
Starting commModule
2021-03-19 10:35:14,928 INFO  [Thread-0] root: Server communication module connected
2021-03-19 10:35:14,929 INFO  [Thread-0] root: Connected to localhost on port 55807
2021-03-19 10:35:14,929 INFO  [Thread-3] root: Message received by server -> Status: PROPAGATE_ADMIN
received adminmsg
2021-03-19 10:35:14,934 DEBUG [Thread-3] root: Getting successors
2021-03-19 10:35:14,934 DEBUG [Thread-3] root: Got successors
2021-03-19 10:35:14,934 DEBUG [Thread-3] root: Propagating to: 127.0.0.1:50002 127.0.0.1:50002
Starting commModule
2021-03-19 10:35:14,936 INFO  [Thread-0] root: Server communication module connected
2021-03-19 10:35:14,936 INFO  [Thread-3] root: Client communication module connected
2021-03-19 10:35:14,937 INFO  [Thread-0] root: Connected to localhost on port 55808
Starting commModule
2021-03-19 10:35:14,937 INFO  [Thread-0] root: Server communication module connected
2021-03-19 10:35:14,937 INFO  [Thread-3] root: Client communication module connected
2021-03-19 10:35:14,937 DEBUG [Thread-3] root: {}
2021-03-19 10:35:14,938 INFO  [Thread-0] root: Connected to localhost on port 55809
2021-03-19 10:35:14,938 INFO  [Thread-3] root: Message sent by server -> Status: PROPAGATE_SUCCESS
Starting commModule
2021-03-19 10:35:15,451 INFO  [Thread-0] root: Server communication module connected
2021-03-19 10:35:15,452 INFO  [Thread-0] root: Connected to localhost on port 55813
2021-03-19 10:35:15,452 INFO  [Thread-6] root: Message received by server -> Status: UPDATE
received adminmsg
2021-03-19 10:35:15,453 INFO  [Thread-6] root: Message sent by server -> Status: UPDATE_SUCCESS
Starting commModule
2021-03-19 10:35:15,454 INFO  [Thread-0] root: Server communication module connected
2021-03-19 10:35:15,455 INFO  [Thread-0] root: Connected to localhost on port 55814
2021-03-19 10:35:15,455 INFO  [Thread-7] root: Message received by server -> Status: PROPAGATE_ADMIN
received adminmsg
2021-03-19 10:35:15,456 DEBUG [Thread-7] root: Getting successors
2021-03-19 10:35:15,456 DEBUG [Thread-7] root: Got successors
2021-03-19 10:35:15,456 DEBUG [Thread-7] root: Propagating to: 127.0.0.1:50003 127.0.0.1:50002
2021-03-19 10:35:15,456 INFO  [Thread-7] root: Client communication module connected
Starting commModule
2021-03-19 10:35:15,457 INFO  [Thread-0] root: Server communication module connected
2021-03-19 10:35:15,457 INFO  [Thread-7] root: Client communication module connected
2021-03-19 10:35:15,457 DEBUG [Thread-7] root: {}
2021-03-19 10:35:15,457 INFO  [Thread-7] root: Message sent by server -> Status: PROPAGATE_SUCCESS
2021-03-19 10:35:15,457 INFO  [Thread-0] root: Connected to localhost on port 55816
Starting commModule
2021-03-19 10:35:15,458 INFO  [Thread-0] root: Server communication module connected
2021-03-19 10:35:15,459 INFO  [Thread-0] root: Connected to localhost on port 55817
2021-03-19 10:35:15,459 INFO  [Thread-9] root: Message received by server -> Status: MOVE_DATA
received adminmsg
2021-03-19 10:35:15,459 DEBUG [Thread-9] root: Input data: 
2021-03-19 10:35:15,459 DEBUG [Thread-9] root: b3638a32c297f43aa37e63bbd839fc7f:a98109598267087dfc364fae4cf24578
2021-03-19 10:35:15,459 DEBUG [Thread-9] root: 127.0.0.1:50003
2021-03-19 10:35:15,460 INFO  [Thread-9] root: Client communication module connected
2021-03-19 10:35:15,460 DEBUG [Thread-9] root: Host: 127.0.0.1
2021-03-19 10:35:15,460 DEBUG [Thread-9] root: Port: 50003
2021-03-19 10:35:15,460 DEBUG [Thread-9] root: Range: b3638a32c297f43aa37e63bbd839fc7f:a98109598267087dfc364fae4cf24578
2021-03-19 10:35:15,460 DEBUG [Thread-9] root: Starting flush data
2021-03-19 10:35:15,460 DEBUG [Thread-9] root: Finished flush data
2021-03-19 10:35:15,460 DEBUG [Thread-9] root: Closing conn
2021-03-19 10:35:15,460 INFO  [Thread-9] root: Connection closed!
2021-03-19 10:35:15,460 DEBUG [Thread-9] root: Closed conn
2021-03-19 10:35:15,461 INFO  [Thread-9] root: Message sent by server -> Status: MOVE_DATA_SUCCESS
Starting commModule
2021-03-19 10:35:15,462 INFO  [Thread-0] root: Server communication module connected
2021-03-19 10:35:15,463 INFO  [Thread-0] root: Connected to localhost on port 55819
2021-03-19 10:35:15,464 INFO  [Thread-10] root: Message received by server -> Status: UPDATE
received adminmsg
2021-03-19 10:35:15,465 INFO  [Thread-10] root: Message sent by server -> Status: UPDATE_SUCCESS
Starting commModule
2021-03-19 10:35:15,469 INFO  [Thread-0] root: Server communication module connected
2021-03-19 10:35:15,470 INFO  [Thread-0] root: Connected to localhost on port 55821
2021-03-19 10:35:15,470 INFO  [Thread-11] root: Message received by server -> Status: PROPAGATE_ADMIN
received adminmsg
2021-03-19 10:35:15,470 DEBUG [Thread-11] root: Getting successors
2021-03-19 10:35:15,471 DEBUG [Thread-11] root: Got successors
2021-03-19 10:35:15,471 DEBUG [Thread-11] root: Propagating to: 127.0.0.1:50003 127.0.0.1:50002
2021-03-19 10:35:15,471 INFO  [Thread-11] root: Client communication module connected
Starting commModule
2021-03-19 10:35:15,472 INFO  [Thread-0] root: Server communication module connected
2021-03-19 10:35:15,472 INFO  [Thread-11] root: Client communication module connected
2021-03-19 10:35:15,472 DEBUG [Thread-11] root: {}
2021-03-19 10:35:15,472 INFO  [Thread-11] root: Message sent by server -> Status: PROPAGATE_SUCCESS
2021-03-19 10:35:15,472 INFO  [Thread-0] root: Connected to localhost on port 55823
Starting commModule
2021-03-19 10:35:15,483 INFO  [Thread-0] root: Server communication module connected
2021-03-19 10:35:15,483 INFO  [Thread-0] root: Connected to localhost on port 55825
Starting commModule
2021-03-19 10:35:16,017 INFO  [Thread-0] root: Server communication module connected
2021-03-19 10:35:16,018 INFO  [Thread-0] root: Connected to localhost on port 55830
2021-03-19 10:35:16,019 INFO  [Thread-14] root: Message received by server -> Status: UPDATE
received adminmsg
2021-03-19 10:35:16,020 INFO  [Thread-14] root: Message sent by server -> Status: UPDATE_SUCCESS
Starting commModule
2021-03-19 10:35:16,025 INFO  [Thread-0] root: Server communication module connected
2021-03-19 10:35:16,025 INFO  [Thread-0] root: Connected to localhost on port 55832
2021-03-19 10:35:16,026 INFO  [Thread-15] root: Message received by server -> Status: PROPAGATE_ADMIN
received adminmsg
2021-03-19 10:35:16,026 DEBUG [Thread-15] root: Getting successors
2021-03-19 10:35:16,026 DEBUG [Thread-15] root: Got successors
2021-03-19 10:35:16,027 DEBUG [Thread-15] root: Propagating to: 127.0.0.1:50001 127.0.0.1:50003
2021-03-19 10:35:16,027 INFO  [Thread-15] root: Client communication module connected
2021-03-19 10:35:16,028 INFO  [Thread-15] root: Client communication module connected
2021-03-19 10:35:16,028 DEBUG [Thread-15] root: {}
2021-03-19 10:35:16,028 INFO  [Thread-15] root: Message sent by server -> Status: PROPAGATE_SUCCESS
Starting commModule
2021-03-19 10:35:16,032 INFO  [Thread-0] root: Server communication module connected
2021-03-19 10:35:16,033 INFO  [Thread-0] root: Connected to localhost on port 55836
Starting commModule
2021-03-19 10:35:16,037 INFO  [Thread-0] root: Server communication module connected
2021-03-19 10:35:16,038 INFO  [Thread-0] root: Connected to localhost on port 55840
2021-03-19 10:35:16,039 INFO  [Thread-17] root: Message received by server -> Status: UPDATE
received adminmsg
2021-03-19 10:35:16,039 INFO  [Thread-17] root: Message sent by server -> Status: UPDATE_SUCCESS
Starting commModule
2021-03-19 10:35:16,046 INFO  [Thread-0] root: Server communication module connected
2021-03-19 10:35:16,047 INFO  [Thread-0] root: Connected to localhost on port 55843
2021-03-19 10:35:16,048 INFO  [Thread-18] root: Message received by server -> Status: PROPAGATE_ADMIN
received adminmsg
2021-03-19 10:35:16,048 DEBUG [Thread-18] root: Getting successors
2021-03-19 10:35:16,048 DEBUG [Thread-18] root: Got successors
2021-03-19 10:35:16,048 DEBUG [Thread-18] root: Propagating to: 127.0.0.1:50001 127.0.0.1:50003
2021-03-19 10:35:16,049 INFO  [Thread-18] root: Client communication module connected
2021-03-19 10:35:16,050 INFO  [Thread-18] root: Client communication module connected
2021-03-19 10:35:16,050 DEBUG [Thread-18] root: {}
2021-03-19 10:35:16,050 INFO  [Thread-18] root: Message sent by server -> Status: PROPAGATE_SUCCESS
Starting commModule
2021-03-19 10:35:16,053 INFO  [Thread-0] root: Server communication module connected
2021-03-19 10:35:16,054 INFO  [Thread-0] root: Connected to localhost on port 55847
Starting commModule
2021-03-19 10:35:16,064 INFO  [Thread-0] root: Server communication module connected
2021-03-19 10:35:16,065 INFO  [Thread-0] root: Connected to localhost on port 55851
2021-03-19 10:35:16,217 DEBUG [Thread-0-SendThread(localhost:2181)] org.apache.zookeeper.ClientCnxn: Got ping response for session id: 0x10014bd52700137 after 0ms.
Starting commModule
2021-03-19 10:35:16,588 INFO  [Thread-0] root: Server communication module connected
2021-03-19 10:35:16,588 INFO  [Thread-0] root: Connected to localhost on port 55855
2021-03-19 10:35:16,589 INFO  [Thread-21] root: Message received by server -> Status: UPDATE
received adminmsg
2021-03-19 10:35:16,590 INFO  [Thread-21] root: Message sent by server -> Status: UPDATE_SUCCESS
Starting commModule
2021-03-19 10:35:16,598 INFO  [Thread-0] root: Server communication module connected
2021-03-19 10:35:16,599 INFO  [Thread-0] root: Connected to localhost on port 55858
2021-03-19 10:35:16,599 INFO  [Thread-22] root: Message received by server -> Status: PROPAGATE_ADMIN
received adminmsg
2021-03-19 10:35:16,600 DEBUG [Thread-22] root: Getting successors
2021-03-19 10:35:16,600 DEBUG [Thread-22] root: Got successors
2021-03-19 10:35:16,600 DEBUG [Thread-22] root: Propagating to: 127.0.0.1:50001 127.0.0.1:50000
2021-03-19 10:35:16,600 INFO  [Thread-22] root: Client communication module connected
2021-03-19 10:35:16,601 INFO  [Thread-22] root: Client communication module connected
2021-03-19 10:35:16,601 DEBUG [Thread-22] root: {}
2021-03-19 10:35:16,601 INFO  [Thread-22] root: Message sent by server -> Status: PROPAGATE_SUCCESS
Starting commModule
2021-03-19 10:35:16,604 INFO  [Thread-0] root: Server communication module connected
2021-03-19 10:35:16,604 INFO  [Thread-0] root: Connected to localhost on port 55862
Starting commModule
2021-03-19 10:35:16,614 INFO  [Thread-0] root: Server communication module connected
2021-03-19 10:35:16,615 INFO  [Thread-0] root: Connected to localhost on port 55869
2021-03-19 10:35:16,615 INFO  [Thread-24] root: Message received by server -> Status: UPDATE
received adminmsg
2021-03-19 10:35:16,616 INFO  [Thread-24] root: Message sent by server -> Status: UPDATE_SUCCESS
Starting commModule
2021-03-19 10:35:16,626 INFO  [Thread-0] root: Server communication module connected
2021-03-19 10:35:16,627 INFO  [Thread-0] root: Connected to localhost on port 55873
2021-03-19 10:35:16,628 INFO  [Thread-25] root: Message received by server -> Status: PROPAGATE_ADMIN
received adminmsg
2021-03-19 10:35:16,628 DEBUG [Thread-25] root: Getting successors
2021-03-19 10:35:16,628 DEBUG [Thread-25] root: Got successors
2021-03-19 10:35:16,628 DEBUG [Thread-25] root: Propagating to: 127.0.0.1:50001 127.0.0.1:50000
2021-03-19 10:35:16,629 INFO  [Thread-25] root: Client communication module connected
2021-03-19 10:35:16,629 INFO  [Thread-25] root: Client communication module connected
2021-03-19 10:35:16,629 DEBUG [Thread-25] root: {}
2021-03-19 10:35:16,630 INFO  [Thread-25] root: Message sent by server -> Status: PROPAGATE_SUCCESS
Starting commModule
2021-03-19 10:35:16,633 INFO  [Thread-0] root: Server communication module connected
2021-03-19 10:35:16,633 INFO  [Thread-0] root: Connected to localhost on port 55877
Starting commModule
2021-03-19 10:35:16,649 INFO  [Thread-0] root: Server communication module connected
2021-03-19 10:35:16,649 INFO  [Thread-0] root: Connected to localhost on port 55884
Starting commModule
2021-03-19 10:35:16,650 INFO  [Thread-0] root: Server communication module connected
2021-03-19 10:35:16,651 INFO  [Thread-0] root: Connected to localhost on port 55885
2021-03-19 10:35:16,651 INFO  [Thread-28] root: Message received by server -> Status: SHUTDOWN
received adminmsg
2021-03-19 10:35:16,651 DEBUG [Thread-28] root: Closing the program
2021-03-19 10:35:16,651 INFO  [Thread-28] root: Message sent by server -> Status: SHUTDOWN_SUCCESS
2021-03-19 10:35:16,652 ERROR [Thread-0] root: Error! Unable to establish connection. 

java.net.SocketException: Socket closed
	at java.base/java.net.PlainSocketImpl.socketAccept(Native Method)
	at java.base/java.net.AbstractPlainSocketImpl.accept(AbstractPlainSocketImpl.java:458)
	at java.base/java.net.ServerSocket.implAccept(ServerSocket.java:565)
	at java.base/java.net.ServerSocket.accept(ServerSocket.java:533)
	at app_kvServer.KVServer.run(KVServer.java:408)
2021-03-19 10:35:16,653 INFO  [Thread-0] root: Server stopped.
2021-03-19 10:35:16,653 INFO  [Thread-0] root: Clearing KV Storage...
