2021-03-18 21:18:20,401 INFO  [main] root: Creating Storage Files
2021-03-18 21:18:20,402 INFO  [main] root: File created: server122.json
2021-03-18 21:18:20,402 INFO  [main] root: File created: server122_replica_1.json
2021-03-18 21:18:20,402 INFO  [main] root: File created: server122_replica_2.json
2021-03-18 21:18:20,403 INFO  [Thread-0] root: Initialize server ...
2021-03-18 21:18:20,422 INFO  [Thread-0] root: Server listening on port: 50121
2021-03-18 21:18:20,450 INFO  [Thread-0] org.apache.zookeeper.ZooKeeper: Client environment:zookeeper.version=3.6.2--803c7f1a12f85978cb049af5e4ef23bd8b688715, built on 09/04/2020 12:44 GMT
2021-03-18 21:18:20,450 INFO  [Thread-0] org.apache.zookeeper.ZooKeeper: Client environment:host.name=localhost
2021-03-18 21:18:20,450 INFO  [Thread-0] org.apache.zookeeper.ZooKeeper: Client environment:java.version=11.0.10
2021-03-18 21:18:20,450 INFO  [Thread-0] org.apache.zookeeper.ZooKeeper: Client environment:java.vendor=Azul Systems, Inc.
2021-03-18 21:18:20,450 INFO  [Thread-0] org.apache.zookeeper.ZooKeeper: Client environment:java.home=/Users/steve/Library/Java/JavaVirtualMachines/azul-11.0.10/Contents/Home
2021-03-18 21:18:20,450 INFO  [Thread-0] org.apache.zookeeper.ZooKeeper: Client environment:java.class.path=/Users/steve/Desktop/UofT/year4/winter2021/ECE419/milestone3/m3-server.jar
2021-03-18 21:18:20,450 INFO  [Thread-0] org.apache.zookeeper.ZooKeeper: Client environment:java.library.path=/Users/steve/Library/Java/Extensions:/Library/Java/Extensions:/Network/Library/Java/Extensions:/System/Library/Java/Extensions:/usr/lib/java:.
2021-03-18 21:18:20,450 INFO  [Thread-0] org.apache.zookeeper.ZooKeeper: Client environment:java.io.tmpdir=/var/folders/kz/3gb57nkn6ks6_07_dtt5lqvr0000gn/T/
2021-03-18 21:18:20,451 INFO  [Thread-0] org.apache.zookeeper.ZooKeeper: Client environment:java.compiler=<NA>
2021-03-18 21:18:20,451 INFO  [Thread-0] org.apache.zookeeper.ZooKeeper: Client environment:os.name=Mac OS X
2021-03-18 21:18:20,451 INFO  [Thread-0] org.apache.zookeeper.ZooKeeper: Client environment:os.arch=x86_64
2021-03-18 21:18:20,451 INFO  [Thread-0] org.apache.zookeeper.ZooKeeper: Client environment:os.version=10.16
2021-03-18 21:18:20,451 INFO  [Thread-0] org.apache.zookeeper.ZooKeeper: Client environment:user.name=steve
2021-03-18 21:18:20,451 INFO  [Thread-0] org.apache.zookeeper.ZooKeeper: Client environment:user.home=/Users/steve
2021-03-18 21:18:20,451 INFO  [Thread-0] org.apache.zookeeper.ZooKeeper: Client environment:user.dir=/Users/steve
2021-03-18 21:18:20,451 INFO  [Thread-0] org.apache.zookeeper.ZooKeeper: Client environment:os.memory.free=249MB
2021-03-18 21:18:20,451 INFO  [Thread-0] org.apache.zookeeper.ZooKeeper: Client environment:os.memory.max=4096MB
2021-03-18 21:18:20,451 INFO  [Thread-0] org.apache.zookeeper.ZooKeeper: Client environment:os.memory.total=256MB
2021-03-18 21:18:20,455 INFO  [Thread-0] org.apache.zookeeper.ZooKeeper: Initiating client connection, connectString=localhost:2181 sessionTimeout=3000 watcher=app_kvServer.KVServer$1@42034375
2021-03-18 21:18:20,461 INFO  [Thread-0] org.apache.zookeeper.common.X509Util: Setting -D jdk.tls.rejectClientInitiatedRenegotiation=true to disable client-initiated TLS renegotiation
2021-03-18 21:18:20,475 INFO  [Thread-0] org.apache.zookeeper.ClientCnxnSocket: jute.maxbuffer value is 1048575 Bytes
2021-03-18 21:18:20,485 INFO  [Thread-0] org.apache.zookeeper.ClientCnxn: zookeeper.request.timeout value is 0. feature enabled=false
2021-03-18 21:18:20,497 DEBUG [Thread-0-SendThread(localhost:2181)] org.apache.zookeeper.SaslServerPrincipal: Canonicalized address to localhost
2021-03-18 21:18:20,498 INFO  [Thread-0-SendThread(localhost:2181)] org.apache.zookeeper.ClientCnxn: Opening socket connection to server localhost/0:0:0:0:0:0:0:1:2181.
2021-03-18 21:18:20,499 INFO  [Thread-0-SendThread(localhost:2181)] org.apache.zookeeper.ClientCnxn: SASL config status: Will not attempt to authenticate using SASL (unknown error)
2021-03-18 21:18:20,516 INFO  [Thread-0-SendThread(localhost:2181)] org.apache.zookeeper.ClientCnxn: Socket connection established, initiating session, client: /0:0:0:0:0:0:0:1:50047, server: localhost/0:0:0:0:0:0:0:1:2181
2021-03-18 21:18:20,517 DEBUG [Thread-0-SendThread(localhost:2181)] org.apache.zookeeper.ClientCnxn: Session establishment request sent on localhost/0:0:0:0:0:0:0:1:2181
2021-03-18 21:18:20,546 TRACE [Thread-0-SendThread(localhost:2181)] org.apache.zookeeper.ClientCnxnSocket: readConnectResult 37 0x[0,0,0,0,0,0,f,ffffffa0,1,0,14,ffffffbd,52,70,0,5,0,0,0,10,ffffffc1,6e,ffffffea,27,67,76,ffffff88,ffffffd1,ffffffda,4e,ffffffdb,ffffffc0,ffffff8a,5b,62,66,0,]
2021-03-18 21:18:20,548 INFO  [Thread-0-SendThread(localhost:2181)] org.apache.zookeeper.ClientCnxn: Session establishment complete on server localhost/0:0:0:0:0:0:0:1:2181, session id = 0x10014bd52700005, negotiated timeout = 4000
2021-03-18 21:18:20,550 DEBUG [Thread-0-EventThread] root: ZK event: 
2021-03-18 21:18:20,550 DEBUG [Thread-0-EventThread] root: WatchedEvent state:SyncConnected type:None path:null
2021-03-18 21:18:20,578 DEBUG [Thread-0-SendThread(localhost:2181)] org.apache.zookeeper.ClientCnxn: Reading reply session id: 0x10014bd52700005, packet:: clientPath:null serverPath:null finished:false header:: 1,1  replyHeader:: 1,14,0  request:: '/keeper/server122,,v{s{31,s{'world,'anyone}}},1  response:: '/keeper/server122 
2021-03-18 21:18:20,584 DEBUG [Thread-0-SendThread(localhost:2181)] org.apache.zookeeper.ClientCnxn: Reading reply session id: 0x10014bd52700005, packet:: clientPath:null serverPath:null finished:false header:: 2,3  replyHeader:: 2,14,0  request:: '/keeper/server122,T  response:: s{14,14,1616116700551,1616116700551,0,0,0,72080397402374149,0,0,14} 
2021-03-18 21:18:20,611 DEBUG [Thread-0-SendThread(localhost:2181)] org.apache.zookeeper.ClientCnxn: Got notification session id: 0x10014bd52700005
2021-03-18 21:18:20,612 DEBUG [Thread-0-SendThread(localhost:2181)] org.apache.zookeeper.ClientCnxn: Got WatchedEvent state:SyncConnected type:NodeDataChanged path:/keeper/server122 for session id 0x10014bd52700005
2021-03-18 21:18:20,614 DEBUG [Thread-0-EventThread] root: ZK event: 
2021-03-18 21:18:20,614 DEBUG [Thread-0-EventThread] root: WatchedEvent state:SyncConnected type:NodeDataChanged path:/keeper/server122
2021-03-18 21:18:20,614 DEBUG [Thread-0-SendThread(localhost:2181)] org.apache.zookeeper.ClientCnxn: Reading reply session id: 0x10014bd52700005, packet:: clientPath:null serverPath:null finished:false header:: 3,5  replyHeader:: 3,15,0  request:: '/keeper/server122,#3132372e302e302e313a3530313231,0  response:: s{14,15,1616116700551,1616116700585,1,0,0,72080397402374149,15,0,14} 
2021-03-18 21:18:20,615 INFO  [Thread-0] root: Node created at: /keeper/server122
Starting commModule
2021-03-18 21:18:20,622 INFO  [Thread-0] root: Server communication module connected
2021-03-18 21:18:20,623 INFO  [Thread-0] root: Connected to localhost on port 50048
2021-03-18 21:18:20,633 INFO  [Thread-1] root: Message received by server -> Status: INIT_SERVER
received adminmsg
2021-03-18 21:18:20,634 INFO  [Thread-1] root: Message sent by server -> Status: INIT_SERVER_SUCCESS
2021-03-18 21:18:20,635 INFO  [Thread-1] root: Message received by server -> Status: START
received adminmsg
2021-03-18 21:18:20,635 INFO  [Thread-1] root: Message sent by server -> Status: START_SUCCESS
Starting commModule
2021-03-18 21:18:20,636 INFO  [Thread-0] root: Server communication module connected
2021-03-18 21:18:20,637 INFO  [Thread-0] root: Connected to localhost on port 50049
2021-03-18 21:18:20,638 INFO  [Thread-2] root: Message received by server -> Status: UPDATE
received adminmsg
2021-03-18 21:18:20,639 INFO  [Thread-2] root: Message sent by server -> Status: UPDATE_SUCCESS
Starting commModule
2021-03-18 21:18:20,640 INFO  [Thread-0] root: Server communication module connected
2021-03-18 21:18:20,640 INFO  [Thread-0] root: Connected to localhost on port 50050
2021-03-18 21:18:20,641 INFO  [Thread-3] root: Message received by server -> Status: PROPAGATE_ADMIN
received adminmsg
2021-03-18 21:18:20,647 DEBUG [Thread-3] root: Getting successors
2021-03-18 21:18:20,647 DEBUG [Thread-3] root: Got successors
2021-03-18 21:18:20,647 DEBUG [Thread-3] root: Propagating to: 127.0.0.1:50121 127.0.0.1:50121
Starting commModule
2021-03-18 21:18:20,649 INFO  [Thread-0] root: Server communication module connected
2021-03-18 21:18:20,649 INFO  [Thread-3] root: Client communication module connected
2021-03-18 21:18:20,650 INFO  [Thread-0] root: Connected to localhost on port 50051
Starting commModule
2021-03-18 21:18:20,650 INFO  [Thread-3] root: Client communication module connected
2021-03-18 21:18:20,650 DEBUG [Thread-3] root: {}
2021-03-18 21:18:20,650 INFO  [Thread-0] root: Server communication module connected
2021-03-18 21:18:20,651 INFO  [Thread-3] root: Message sent by server -> Status: PROPAGATE_SUCCESS
2021-03-18 21:18:20,651 INFO  [Thread-0] root: Connected to localhost on port 50052
2021-03-18 21:18:21,919 DEBUG [Thread-0-SendThread(localhost:2181)] org.apache.zookeeper.ClientCnxn: Got ping response for session id: 0x10014bd52700005 after 0ms.
2021-03-18 21:18:23,256 DEBUG [Thread-0-SendThread(localhost:2181)] org.apache.zookeeper.ClientCnxn: Got ping response for session id: 0x10014bd52700005 after 1ms.
2021-03-18 21:18:24,594 DEBUG [Thread-0-SendThread(localhost:2181)] org.apache.zookeeper.ClientCnxn: Got ping response for session id: 0x10014bd52700005 after 0ms.
2021-03-18 21:18:25,928 DEBUG [Thread-0-SendThread(localhost:2181)] org.apache.zookeeper.ClientCnxn: Got ping response for session id: 0x10014bd52700005 after 0ms.
2021-03-18 21:18:27,266 DEBUG [Thread-0-SendThread(localhost:2181)] org.apache.zookeeper.ClientCnxn: Got ping response for session id: 0x10014bd52700005 after 0ms.
2021-03-18 21:18:28,603 DEBUG [Thread-0-SendThread(localhost:2181)] org.apache.zookeeper.ClientCnxn: Got ping response for session id: 0x10014bd52700005 after 1ms.
2021-03-18 21:18:29,937 DEBUG [Thread-0-SendThread(localhost:2181)] org.apache.zookeeper.ClientCnxn: Got ping response for session id: 0x10014bd52700005 after 1ms.
2021-03-18 21:18:31,272 DEBUG [Thread-0-SendThread(localhost:2181)] org.apache.zookeeper.ClientCnxn: Got ping response for session id: 0x10014bd52700005 after 1ms.
2021-03-18 21:18:32,610 DEBUG [Thread-0-SendThread(localhost:2181)] org.apache.zookeeper.ClientCnxn: Got ping response for session id: 0x10014bd52700005 after 1ms.
2021-03-18 21:18:33,946 DEBUG [Thread-0-SendThread(localhost:2181)] org.apache.zookeeper.ClientCnxn: Got ping response for session id: 0x10014bd52700005 after 1ms.
2021-03-18 21:18:35,284 DEBUG [Thread-0-SendThread(localhost:2181)] org.apache.zookeeper.ClientCnxn: Got ping response for session id: 0x10014bd52700005 after 1ms.
2021-03-18 21:18:36,620 DEBUG [Thread-0-SendThread(localhost:2181)] org.apache.zookeeper.ClientCnxn: Got ping response for session id: 0x10014bd52700005 after 1ms.
2021-03-18 21:18:37,956 DEBUG [Thread-0-SendThread(localhost:2181)] org.apache.zookeeper.ClientCnxn: Got ping response for session id: 0x10014bd52700005 after 1ms.
2021-03-18 21:18:39,295 DEBUG [Thread-0-SendThread(localhost:2181)] org.apache.zookeeper.ClientCnxn: Got ping response for session id: 0x10014bd52700005 after 1ms.
2021-03-18 21:18:40,633 DEBUG [Thread-0-SendThread(localhost:2181)] org.apache.zookeeper.ClientCnxn: Got ping response for session id: 0x10014bd52700005 after 1ms.
2021-03-18 21:18:41,969 DEBUG [Thread-0-SendThread(localhost:2181)] org.apache.zookeeper.ClientCnxn: Got ping response for session id: 0x10014bd52700005 after 2ms.
2021-03-18 21:18:43,306 DEBUG [Thread-0-SendThread(localhost:2181)] org.apache.zookeeper.ClientCnxn: Got ping response for session id: 0x10014bd52700005 after 1ms.
2021-03-18 21:18:44,645 DEBUG [Thread-0-SendThread(localhost:2181)] org.apache.zookeeper.ClientCnxn: Got ping response for session id: 0x10014bd52700005 after 1ms.
2021-03-18 21:18:45,980 DEBUG [Thread-0-SendThread(localhost:2181)] org.apache.zookeeper.ClientCnxn: Got ping response for session id: 0x10014bd52700005 after 0ms.
2021-03-18 21:18:47,316 DEBUG [Thread-0-SendThread(localhost:2181)] org.apache.zookeeper.ClientCnxn: Got ping response for session id: 0x10014bd52700005 after 1ms.
2021-03-18 21:18:48,650 DEBUG [Thread-0-SendThread(localhost:2181)] org.apache.zookeeper.ClientCnxn: Got ping response for session id: 0x10014bd52700005 after 1ms.
2021-03-18 21:18:49,984 DEBUG [Thread-0-SendThread(localhost:2181)] org.apache.zookeeper.ClientCnxn: Got ping response for session id: 0x10014bd52700005 after 1ms.
2021-03-18 21:18:51,317 DEBUG [Thread-0-SendThread(localhost:2181)] org.apache.zookeeper.ClientCnxn: Got ping response for session id: 0x10014bd52700005 after 0ms.
2021-03-18 21:18:52,653 DEBUG [Thread-0-SendThread(localhost:2181)] org.apache.zookeeper.ClientCnxn: Got ping response for session id: 0x10014bd52700005 after 0ms.
2021-03-18 21:18:53,989 DEBUG [Thread-0-SendThread(localhost:2181)] org.apache.zookeeper.ClientCnxn: Got ping response for session id: 0x10014bd52700005 after 1ms.
2021-03-18 21:18:55,326 DEBUG [Thread-0-SendThread(localhost:2181)] org.apache.zookeeper.ClientCnxn: Got ping response for session id: 0x10014bd52700005 after 1ms.
2021-03-18 21:18:56,664 DEBUG [Thread-0-SendThread(localhost:2181)] org.apache.zookeeper.ClientCnxn: Got ping response for session id: 0x10014bd52700005 after 1ms.
2021-03-18 21:18:58,000 DEBUG [Thread-0-SendThread(localhost:2181)] org.apache.zookeeper.ClientCnxn: Got ping response for session id: 0x10014bd52700005 after 0ms.
2021-03-18 21:18:59,335 DEBUG [Thread-0-SendThread(localhost:2181)] org.apache.zookeeper.ClientCnxn: Got ping response for session id: 0x10014bd52700005 after 1ms.
2021-03-18 21:19:00,674 DEBUG [Thread-0-SendThread(localhost:2181)] org.apache.zookeeper.ClientCnxn: Got ping response for session id: 0x10014bd52700005 after 1ms.
2021-03-18 21:19:02,009 DEBUG [Thread-0-SendThread(localhost:2181)] org.apache.zookeeper.ClientCnxn: Got ping response for session id: 0x10014bd52700005 after 0ms.
2021-03-18 21:19:03,343 DEBUG [Thread-0-SendThread(localhost:2181)] org.apache.zookeeper.ClientCnxn: Got ping response for session id: 0x10014bd52700005 after 0ms.
2021-03-18 21:19:04,677 DEBUG [Thread-0-SendThread(localhost:2181)] org.apache.zookeeper.ClientCnxn: Got ping response for session id: 0x10014bd52700005 after 0ms.
2021-03-18 21:19:06,011 DEBUG [Thread-0-SendThread(localhost:2181)] org.apache.zookeeper.ClientCnxn: Got ping response for session id: 0x10014bd52700005 after 0ms.
2021-03-18 21:19:07,349 DEBUG [Thread-0-SendThread(localhost:2181)] org.apache.zookeeper.ClientCnxn: Got ping response for session id: 0x10014bd52700005 after 0ms.
2021-03-18 21:19:08,685 DEBUG [Thread-0-SendThread(localhost:2181)] org.apache.zookeeper.ClientCnxn: Got ping response for session id: 0x10014bd52700005 after 0ms.
2021-03-18 21:19:10,019 DEBUG [Thread-0-SendThread(localhost:2181)] org.apache.zookeeper.ClientCnxn: Got ping response for session id: 0x10014bd52700005 after 0ms.
2021-03-18 21:19:11,353 DEBUG [Thread-0-SendThread(localhost:2181)] org.apache.zookeeper.ClientCnxn: Got ping response for session id: 0x10014bd52700005 after 0ms.
2021-03-18 21:19:12,691 DEBUG [Thread-0-SendThread(localhost:2181)] org.apache.zookeeper.ClientCnxn: Got ping response for session id: 0x10014bd52700005 after 0ms.
2021-03-18 21:19:14,024 DEBUG [Thread-0-SendThread(localhost:2181)] org.apache.zookeeper.ClientCnxn: Got ping response for session id: 0x10014bd52700005 after 0ms.
2021-03-18 21:19:15,360 DEBUG [Thread-0-SendThread(localhost:2181)] org.apache.zookeeper.ClientCnxn: Got ping response for session id: 0x10014bd52700005 after 0ms.
2021-03-18 21:19:16,695 DEBUG [Thread-0-SendThread(localhost:2181)] org.apache.zookeeper.ClientCnxn: Got ping response for session id: 0x10014bd52700005 after 0ms.
2021-03-18 21:19:18,033 DEBUG [Thread-0-SendThread(localhost:2181)] org.apache.zookeeper.ClientCnxn: Got ping response for session id: 0x10014bd52700005 after 0ms.
2021-03-18 21:19:19,371 DEBUG [Thread-0-SendThread(localhost:2181)] org.apache.zookeeper.ClientCnxn: Got ping response for session id: 0x10014bd52700005 after 0ms.
2021-03-18 21:19:20,709 DEBUG [Thread-0-SendThread(localhost:2181)] org.apache.zookeeper.ClientCnxn: Got ping response for session id: 0x10014bd52700005 after 0ms.
2021-03-18 21:19:22,045 DEBUG [Thread-0-SendThread(localhost:2181)] org.apache.zookeeper.ClientCnxn: Got ping response for session id: 0x10014bd52700005 after 0ms.
2021-03-18 21:19:23,380 DEBUG [Thread-0-SendThread(localhost:2181)] org.apache.zookeeper.ClientCnxn: Got ping response for session id: 0x10014bd52700005 after 0ms.
2021-03-18 21:19:24,718 DEBUG [Thread-0-SendThread(localhost:2181)] org.apache.zookeeper.ClientCnxn: Got ping response for session id: 0x10014bd52700005 after 0ms.
2021-03-18 21:19:26,055 DEBUG [Thread-0-SendThread(localhost:2181)] org.apache.zookeeper.ClientCnxn: Got ping response for session id: 0x10014bd52700005 after 0ms.
2021-03-18 21:19:27,391 DEBUG [Thread-0-SendThread(localhost:2181)] org.apache.zookeeper.ClientCnxn: Got ping response for session id: 0x10014bd52700005 after 0ms.
2021-03-18 21:19:28,724 DEBUG [Thread-0-SendThread(localhost:2181)] org.apache.zookeeper.ClientCnxn: Got ping response for session id: 0x10014bd52700005 after 1ms.
2021-03-18 21:19:30,060 DEBUG [Thread-0-SendThread(localhost:2181)] org.apache.zookeeper.ClientCnxn: Got ping response for session id: 0x10014bd52700005 after 1ms.
2021-03-18 21:19:31,395 DEBUG [Thread-0-SendThread(localhost:2181)] org.apache.zookeeper.ClientCnxn: Got ping response for session id: 0x10014bd52700005 after 0ms.
2021-03-18 21:19:32,733 DEBUG [Thread-0-SendThread(localhost:2181)] org.apache.zookeeper.ClientCnxn: Got ping response for session id: 0x10014bd52700005 after 1ms.
2021-03-18 21:19:34,069 DEBUG [Thread-0-SendThread(localhost:2181)] org.apache.zookeeper.ClientCnxn: Got ping response for session id: 0x10014bd52700005 after 0ms.
2021-03-18 21:19:35,407 DEBUG [Thread-0-SendThread(localhost:2181)] org.apache.zookeeper.ClientCnxn: Got ping response for session id: 0x10014bd52700005 after 1ms.
2021-03-18 21:19:36,740 DEBUG [Thread-0-SendThread(localhost:2181)] org.apache.zookeeper.ClientCnxn: Got ping response for session id: 0x10014bd52700005 after 0ms.
2021-03-18 21:19:38,076 DEBUG [Thread-0-SendThread(localhost:2181)] org.apache.zookeeper.ClientCnxn: Got ping response for session id: 0x10014bd52700005 after 0ms.
2021-03-18 21:19:39,410 DEBUG [Thread-0-SendThread(localhost:2181)] org.apache.zookeeper.ClientCnxn: Got ping response for session id: 0x10014bd52700005 after 0ms.
2021-03-18 21:19:40,747 DEBUG [Thread-0-SendThread(localhost:2181)] org.apache.zookeeper.ClientCnxn: Got ping response for session id: 0x10014bd52700005 after 0ms.
2021-03-18 21:19:42,083 DEBUG [Thread-0-SendThread(localhost:2181)] org.apache.zookeeper.ClientCnxn: Got ping response for session id: 0x10014bd52700005 after 0ms.
2021-03-18 21:19:43,422 DEBUG [Thread-0-SendThread(localhost:2181)] org.apache.zookeeper.ClientCnxn: Got ping response for session id: 0x10014bd52700005 after 0ms.
2021-03-18 21:19:44,759 DEBUG [Thread-0-SendThread(localhost:2181)] org.apache.zookeeper.ClientCnxn: Got ping response for session id: 0x10014bd52700005 after 0ms.
2021-03-18 21:19:46,098 DEBUG [Thread-0-SendThread(localhost:2181)] org.apache.zookeeper.ClientCnxn: Got ping response for session id: 0x10014bd52700005 after 0ms.
Starting commModule
2021-03-18 21:19:47,182 INFO  [Thread-0] root: Server communication module connected
2021-03-18 21:19:47,183 INFO  [Thread-0] root: Connected to localhost on port 50067
2021-03-18 21:19:47,184 INFO  [Thread-6] root: Message received by server -> Status: UPDATE
received adminmsg
2021-03-18 21:19:47,184 INFO  [Thread-6] root: Message sent by server -> Status: UPDATE_SUCCESS
Starting commModule
2021-03-18 21:19:47,185 INFO  [Thread-0] root: Server communication module connected
2021-03-18 21:19:47,186 INFO  [Thread-0] root: Connected to localhost on port 50068
2021-03-18 21:19:47,186 INFO  [Thread-7] root: Message received by server -> Status: PROPAGATE_ADMIN
received adminmsg
2021-03-18 21:19:47,187 DEBUG [Thread-7] root: Getting successors
2021-03-18 21:19:47,187 DEBUG [Thread-7] root: Got successors
2021-03-18 21:19:47,187 DEBUG [Thread-7] root: Propagating to: 127.0.0.1:50063 127.0.0.1:50121
2021-03-18 21:19:47,187 INFO  [Thread-7] root: Client communication module connected
Starting commModule
2021-03-18 21:19:47,188 INFO  [Thread-0] root: Server communication module connected
2021-03-18 21:19:47,188 INFO  [Thread-7] root: Client communication module connected
2021-03-18 21:19:47,188 DEBUG [Thread-7] root: {}
2021-03-18 21:19:47,188 INFO  [Thread-7] root: Message sent by server -> Status: PROPAGATE_SUCCESS
2021-03-18 21:19:47,188 INFO  [Thread-0] root: Connected to localhost on port 50070
Starting commModule
2021-03-18 21:19:47,189 INFO  [Thread-0] root: Server communication module connected
2021-03-18 21:19:47,189 INFO  [Thread-0] root: Connected to localhost on port 50071
2021-03-18 21:19:47,190 INFO  [Thread-9] root: Message received by server -> Status: MOVE_DATA
received adminmsg
2021-03-18 21:19:47,190 DEBUG [Thread-9] root: Input data: 
2021-03-18 21:19:47,190 DEBUG [Thread-9] root: 88e369eef70c272af8f6d6833467bfc9:b05beab8c0e76705fd2bfa7b95b9e319
2021-03-18 21:19:47,190 DEBUG [Thread-9] root: 127.0.0.1:50063
2021-03-18 21:19:47,191 INFO  [Thread-9] root: Client communication module connected
2021-03-18 21:19:47,191 DEBUG [Thread-9] root: Host: 127.0.0.1
2021-03-18 21:19:47,191 DEBUG [Thread-9] root: Port: 50063
2021-03-18 21:19:47,191 DEBUG [Thread-9] root: Range: 88e369eef70c272af8f6d6833467bfc9:b05beab8c0e76705fd2bfa7b95b9e319
2021-03-18 21:19:47,191 DEBUG [Thread-9] root: Starting flush data
2021-03-18 21:19:47,191 DEBUG [Thread-9] root: Finished flush data
2021-03-18 21:19:47,191 DEBUG [Thread-9] root: Closing conn
2021-03-18 21:19:47,191 INFO  [Thread-9] root: Connection closed!
2021-03-18 21:19:47,191 DEBUG [Thread-9] root: Closed conn
2021-03-18 21:19:47,192 INFO  [Thread-9] root: Message sent by server -> Status: MOVE_DATA_SUCCESS
Starting commModule
2021-03-18 21:19:47,193 INFO  [Thread-0] root: Server communication module connected
2021-03-18 21:19:47,194 INFO  [Thread-0] root: Connected to localhost on port 50073
2021-03-18 21:19:47,194 INFO  [Thread-10] root: Message received by server -> Status: UPDATE
received adminmsg
2021-03-18 21:19:47,195 INFO  [Thread-10] root: Message sent by server -> Status: UPDATE_SUCCESS
Starting commModule
2021-03-18 21:19:47,199 INFO  [Thread-0] root: Server communication module connected
2021-03-18 21:19:47,200 INFO  [Thread-0] root: Connected to localhost on port 50075
2021-03-18 21:19:47,201 INFO  [Thread-11] root: Message received by server -> Status: PROPAGATE_ADMIN
received adminmsg
2021-03-18 21:19:47,201 DEBUG [Thread-11] root: Getting successors
2021-03-18 21:19:47,201 DEBUG [Thread-11] root: Got successors
2021-03-18 21:19:47,201 DEBUG [Thread-11] root: Propagating to: 127.0.0.1:50063 127.0.0.1:50121
2021-03-18 21:19:47,202 INFO  [Thread-11] root: Client communication module connected
Starting commModule
2021-03-18 21:19:47,202 INFO  [Thread-0] root: Server communication module connected
2021-03-18 21:19:47,202 INFO  [Thread-11] root: Client communication module connected
2021-03-18 21:19:47,202 DEBUG [Thread-11] root: {}
2021-03-18 21:19:47,203 INFO  [Thread-11] root: Message sent by server -> Status: PROPAGATE_SUCCESS
2021-03-18 21:19:47,203 INFO  [Thread-0] root: Connected to localhost on port 50077
Starting commModule
2021-03-18 21:19:47,214 INFO  [Thread-0] root: Server communication module connected
2021-03-18 21:19:47,215 INFO  [Thread-0] root: Connected to localhost on port 50079
2021-03-18 21:19:47,433 DEBUG [Thread-0-SendThread(localhost:2181)] org.apache.zookeeper.ClientCnxn: Got ping response for session id: 0x10014bd52700005 after 0ms.
2021-03-18 21:19:48,767 DEBUG [Thread-0-SendThread(localhost:2181)] org.apache.zookeeper.ClientCnxn: Got ping response for session id: 0x10014bd52700005 after 1ms.
2021-03-18 21:19:50,102 DEBUG [Thread-0-SendThread(localhost:2181)] org.apache.zookeeper.ClientCnxn: Got ping response for session id: 0x10014bd52700005 after 0ms.
2021-03-18 21:19:51,440 DEBUG [Thread-0-SendThread(localhost:2181)] org.apache.zookeeper.ClientCnxn: Got ping response for session id: 0x10014bd52700005 after 0ms.
2021-03-18 21:19:52,778 DEBUG [Thread-0-SendThread(localhost:2181)] org.apache.zookeeper.ClientCnxn: Got ping response for session id: 0x10014bd52700005 after 1ms.
2021-03-18 21:19:54,115 DEBUG [Thread-0-SendThread(localhost:2181)] org.apache.zookeeper.ClientCnxn: Got ping response for session id: 0x10014bd52700005 after 0ms.
2021-03-18 21:19:55,451 DEBUG [Thread-0-SendThread(localhost:2181)] org.apache.zookeeper.ClientCnxn: Got ping response for session id: 0x10014bd52700005 after 0ms.
2021-03-18 21:19:56,785 DEBUG [Thread-0-SendThread(localhost:2181)] org.apache.zookeeper.ClientCnxn: Got ping response for session id: 0x10014bd52700005 after 0ms.
2021-03-18 21:19:58,123 DEBUG [Thread-0-SendThread(localhost:2181)] org.apache.zookeeper.ClientCnxn: Got ping response for session id: 0x10014bd52700005 after 1ms.
2021-03-18 21:19:59,462 DEBUG [Thread-0-SendThread(localhost:2181)] org.apache.zookeeper.ClientCnxn: Got ping response for session id: 0x10014bd52700005 after 1ms.
2021-03-18 21:20:00,801 DEBUG [Thread-0-SendThread(localhost:2181)] org.apache.zookeeper.ClientCnxn: Got ping response for session id: 0x10014bd52700005 after 1ms.
2021-03-18 21:20:02,140 DEBUG [Thread-0-SendThread(localhost:2181)] org.apache.zookeeper.ClientCnxn: Got ping response for session id: 0x10014bd52700005 after 0ms.
2021-03-18 21:20:03,477 DEBUG [Thread-0-SendThread(localhost:2181)] org.apache.zookeeper.ClientCnxn: Got ping response for session id: 0x10014bd52700005 after 1ms.
2021-03-18 21:20:04,815 DEBUG [Thread-0-SendThread(localhost:2181)] org.apache.zookeeper.ClientCnxn: Got ping response for session id: 0x10014bd52700005 after 0ms.
Starting commModule
2021-03-18 21:20:05,130 INFO  [Thread-0] root: Server communication module connected
2021-03-18 21:20:05,131 INFO  [Thread-0] root: Connected to localhost on port 50083
2021-03-18 21:20:06,155 DEBUG [Thread-0-SendThread(localhost:2181)] org.apache.zookeeper.ClientCnxn: Got ping response for session id: 0x10014bd52700005 after 1ms.
2021-03-18 21:20:07,492 DEBUG [Thread-0-SendThread(localhost:2181)] org.apache.zookeeper.ClientCnxn: Got ping response for session id: 0x10014bd52700005 after 0ms.
2021-03-18 21:20:08,827 DEBUG [Thread-0-SendThread(localhost:2181)] org.apache.zookeeper.ClientCnxn: Got ping response for session id: 0x10014bd52700005 after 0ms.
2021-03-18 21:20:10,165 DEBUG [Thread-0-SendThread(localhost:2181)] org.apache.zookeeper.ClientCnxn: Got ping response for session id: 0x10014bd52700005 after 0ms.
2021-03-18 21:20:11,503 DEBUG [Thread-0-SendThread(localhost:2181)] org.apache.zookeeper.ClientCnxn: Got ping response for session id: 0x10014bd52700005 after 0ms.
2021-03-18 21:20:12,839 DEBUG [Thread-0-SendThread(localhost:2181)] org.apache.zookeeper.ClientCnxn: Got ping response for session id: 0x10014bd52700005 after 0ms.
2021-03-18 21:20:14,179 DEBUG [Thread-0-SendThread(localhost:2181)] org.apache.zookeeper.ClientCnxn: Got ping response for session id: 0x10014bd52700005 after 0ms.
2021-03-18 21:20:15,517 DEBUG [Thread-0-SendThread(localhost:2181)] org.apache.zookeeper.ClientCnxn: Got ping response for session id: 0x10014bd52700005 after 0ms.
2021-03-18 21:20:16,854 DEBUG [Thread-0-SendThread(localhost:2181)] org.apache.zookeeper.ClientCnxn: Got ping response for session id: 0x10014bd52700005 after 0ms.
2021-03-18 21:20:18,188 DEBUG [Thread-0-SendThread(localhost:2181)] org.apache.zookeeper.ClientCnxn: Got ping response for session id: 0x10014bd52700005 after 0ms.
2021-03-18 21:20:19,523 DEBUG [Thread-0-SendThread(localhost:2181)] org.apache.zookeeper.ClientCnxn: Got ping response for session id: 0x10014bd52700005 after 0ms.
2021-03-18 21:20:20,862 DEBUG [Thread-0-SendThread(localhost:2181)] org.apache.zookeeper.ClientCnxn: Got ping response for session id: 0x10014bd52700005 after 0ms.
2021-03-18 21:20:22,196 DEBUG [Thread-0-SendThread(localhost:2181)] org.apache.zookeeper.ClientCnxn: Got ping response for session id: 0x10014bd52700005 after 0ms.
2021-03-18 21:20:23,532 DEBUG [Thread-0-SendThread(localhost:2181)] org.apache.zookeeper.ClientCnxn: Got ping response for session id: 0x10014bd52700005 after 0ms.
2021-03-18 21:20:24,868 DEBUG [Thread-0-SendThread(localhost:2181)] org.apache.zookeeper.ClientCnxn: Got ping response for session id: 0x10014bd52700005 after 0ms.
2021-03-18 21:20:26,206 DEBUG [Thread-0-SendThread(localhost:2181)] org.apache.zookeeper.ClientCnxn: Got ping response for session id: 0x10014bd52700005 after 0ms.
2021-03-18 21:20:27,542 DEBUG [Thread-0-SendThread(localhost:2181)] org.apache.zookeeper.ClientCnxn: Got ping response for session id: 0x10014bd52700005 after 1ms.
2021-03-18 21:20:28,878 DEBUG [Thread-0-SendThread(localhost:2181)] org.apache.zookeeper.ClientCnxn: Got ping response for session id: 0x10014bd52700005 after 0ms.
2021-03-18 21:20:30,232 DEBUG [Thread-0-SendThread(localhost:2181)] org.apache.zookeeper.ClientCnxn: Got ping response for session id: 0x10014bd52700005 after 0ms.
2021-03-18 21:20:31,566 DEBUG [Thread-0-SendThread(localhost:2181)] org.apache.zookeeper.ClientCnxn: Got ping response for session id: 0x10014bd52700005 after 0ms.
2021-03-18 21:20:32,902 DEBUG [Thread-0-SendThread(localhost:2181)] org.apache.zookeeper.ClientCnxn: Got ping response for session id: 0x10014bd52700005 after 2ms.
2021-03-18 21:20:34,237 DEBUG [Thread-0-SendThread(localhost:2181)] org.apache.zookeeper.ClientCnxn: Got ping response for session id: 0x10014bd52700005 after 0ms.
2021-03-18 21:20:35,576 DEBUG [Thread-0-SendThread(localhost:2181)] org.apache.zookeeper.ClientCnxn: Got ping response for session id: 0x10014bd52700005 after 0ms.
2021-03-18 21:20:36,910 DEBUG [Thread-0-SendThread(localhost:2181)] org.apache.zookeeper.ClientCnxn: Got ping response for session id: 0x10014bd52700005 after 0ms.
2021-03-18 21:20:38,244 DEBUG [Thread-0-SendThread(localhost:2181)] org.apache.zookeeper.ClientCnxn: Got ping response for session id: 0x10014bd52700005 after 0ms.
2021-03-18 21:20:39,578 DEBUG [Thread-0-SendThread(localhost:2181)] org.apache.zookeeper.ClientCnxn: Got ping response for session id: 0x10014bd52700005 after 1ms.
2021-03-18 21:20:40,915 DEBUG [Thread-0-SendThread(localhost:2181)] org.apache.zookeeper.ClientCnxn: Got ping response for session id: 0x10014bd52700005 after 0ms.
2021-03-18 21:20:42,251 DEBUG [Thread-0-SendThread(localhost:2181)] org.apache.zookeeper.ClientCnxn: Got ping response for session id: 0x10014bd52700005 after 0ms.
2021-03-18 21:20:43,602 DEBUG [Thread-0-SendThread(localhost:2181)] org.apache.zookeeper.ClientCnxn: Got ping response for session id: 0x10014bd52700005 after 0ms.
2021-03-18 21:20:44,938 DEBUG [Thread-0-SendThread(localhost:2181)] org.apache.zookeeper.ClientCnxn: Got ping response for session id: 0x10014bd52700005 after 0ms.
2021-03-18 21:20:46,273 DEBUG [Thread-0-SendThread(localhost:2181)] org.apache.zookeeper.ClientCnxn: Got ping response for session id: 0x10014bd52700005 after 0ms.
2021-03-18 21:20:47,611 DEBUG [Thread-0-SendThread(localhost:2181)] org.apache.zookeeper.ClientCnxn: Got ping response for session id: 0x10014bd52700005 after 0ms.
2021-03-18 21:20:48,947 DEBUG [Thread-0-SendThread(localhost:2181)] org.apache.zookeeper.ClientCnxn: Got ping response for session id: 0x10014bd52700005 after 0ms.
2021-03-18 21:20:50,285 DEBUG [Thread-0-SendThread(localhost:2181)] org.apache.zookeeper.ClientCnxn: Got ping response for session id: 0x10014bd52700005 after 1ms.
2021-03-18 21:20:51,623 DEBUG [Thread-0-SendThread(localhost:2181)] org.apache.zookeeper.ClientCnxn: Got ping response for session id: 0x10014bd52700005 after 0ms.
2021-03-18 21:20:52,957 DEBUG [Thread-0-SendThread(localhost:2181)] org.apache.zookeeper.ClientCnxn: Got ping response for session id: 0x10014bd52700005 after 0ms.
2021-03-18 21:20:54,291 DEBUG [Thread-0-SendThread(localhost:2181)] org.apache.zookeeper.ClientCnxn: Got ping response for session id: 0x10014bd52700005 after 0ms.
2021-03-18 21:20:55,630 DEBUG [Thread-0-SendThread(localhost:2181)] org.apache.zookeeper.ClientCnxn: Got ping response for session id: 0x10014bd52700005 after 1ms.
2021-03-18 21:20:56,968 DEBUG [Thread-0-SendThread(localhost:2181)] org.apache.zookeeper.ClientCnxn: Got ping response for session id: 0x10014bd52700005 after 0ms.
2021-03-18 21:20:58,303 DEBUG [Thread-0-SendThread(localhost:2181)] org.apache.zookeeper.ClientCnxn: Got ping response for session id: 0x10014bd52700005 after 1ms.
2021-03-18 21:20:59,640 DEBUG [Thread-0-SendThread(localhost:2181)] org.apache.zookeeper.ClientCnxn: Got ping response for session id: 0x10014bd52700005 after 0ms.
2021-03-18 21:21:00,979 DEBUG [Thread-0-SendThread(localhost:2181)] org.apache.zookeeper.ClientCnxn: Got ping response for session id: 0x10014bd52700005 after 1ms.
2021-03-18 21:21:02,313 DEBUG [Thread-0-SendThread(localhost:2181)] org.apache.zookeeper.ClientCnxn: Got ping response for session id: 0x10014bd52700005 after 1ms.
2021-03-18 21:21:03,649 DEBUG [Thread-0-SendThread(localhost:2181)] org.apache.zookeeper.ClientCnxn: Got ping response for session id: 0x10014bd52700005 after 0ms.
2021-03-18 21:21:04,984 DEBUG [Thread-0-SendThread(localhost:2181)] org.apache.zookeeper.ClientCnxn: Got ping response for session id: 0x10014bd52700005 after 1ms.
2021-03-18 21:21:06,321 DEBUG [Thread-0-SendThread(localhost:2181)] org.apache.zookeeper.ClientCnxn: Got ping response for session id: 0x10014bd52700005 after 1ms.
2021-03-18 21:21:07,656 DEBUG [Thread-0-SendThread(localhost:2181)] org.apache.zookeeper.ClientCnxn: Got ping response for session id: 0x10014bd52700005 after 0ms.
2021-03-18 21:21:08,989 DEBUG [Thread-0-SendThread(localhost:2181)] org.apache.zookeeper.ClientCnxn: Got ping response for session id: 0x10014bd52700005 after 0ms.
2021-03-18 21:21:10,326 DEBUG [Thread-0-SendThread(localhost:2181)] org.apache.zookeeper.ClientCnxn: Got ping response for session id: 0x10014bd52700005 after 0ms.
2021-03-18 21:21:11,659 DEBUG [Thread-0-SendThread(localhost:2181)] org.apache.zookeeper.ClientCnxn: Got ping response for session id: 0x10014bd52700005 after 0ms.
2021-03-18 21:21:12,996 DEBUG [Thread-0-SendThread(localhost:2181)] org.apache.zookeeper.ClientCnxn: Got ping response for session id: 0x10014bd52700005 after 0ms.
2021-03-18 21:21:14,331 DEBUG [Thread-0-SendThread(localhost:2181)] org.apache.zookeeper.ClientCnxn: Got ping response for session id: 0x10014bd52700005 after 0ms.
2021-03-18 21:21:15,667 DEBUG [Thread-0-SendThread(localhost:2181)] org.apache.zookeeper.ClientCnxn: Got ping response for session id: 0x10014bd52700005 after 0ms.
2021-03-18 21:21:17,005 DEBUG [Thread-0-SendThread(localhost:2181)] org.apache.zookeeper.ClientCnxn: Got ping response for session id: 0x10014bd52700005 after 0ms.
2021-03-18 21:21:18,350 DEBUG [Thread-0-SendThread(localhost:2181)] org.apache.zookeeper.ClientCnxn: Got ping response for session id: 0x10014bd52700005 after 0ms.
2021-03-18 21:21:19,687 DEBUG [Thread-0-SendThread(localhost:2181)] org.apache.zookeeper.ClientCnxn: Got ping response for session id: 0x10014bd52700005 after 0ms.
2021-03-18 21:21:21,020 DEBUG [Thread-0-SendThread(localhost:2181)] org.apache.zookeeper.ClientCnxn: Got ping response for session id: 0x10014bd52700005 after 0ms.
2021-03-18 21:21:22,354 DEBUG [Thread-0-SendThread(localhost:2181)] org.apache.zookeeper.ClientCnxn: Got ping response for session id: 0x10014bd52700005 after 0ms.
2021-03-18 21:21:23,689 DEBUG [Thread-0-SendThread(localhost:2181)] org.apache.zookeeper.ClientCnxn: Got ping response for session id: 0x10014bd52700005 after 0ms.
2021-03-18 21:21:25,027 DEBUG [Thread-0-SendThread(localhost:2181)] org.apache.zookeeper.ClientCnxn: Got ping response for session id: 0x10014bd52700005 after 0ms.
2021-03-18 21:21:26,364 DEBUG [Thread-0-SendThread(localhost:2181)] org.apache.zookeeper.ClientCnxn: Got ping response for session id: 0x10014bd52700005 after 0ms.
2021-03-18 21:21:27,699 DEBUG [Thread-0-SendThread(localhost:2181)] org.apache.zookeeper.ClientCnxn: Got ping response for session id: 0x10014bd52700005 after 0ms.
2021-03-18 21:21:29,036 DEBUG [Thread-0-SendThread(localhost:2181)] org.apache.zookeeper.ClientCnxn: Got ping response for session id: 0x10014bd52700005 after 0ms.
2021-03-18 21:21:30,370 DEBUG [Thread-0-SendThread(localhost:2181)] org.apache.zookeeper.ClientCnxn: Got ping response for session id: 0x10014bd52700005 after 0ms.
2021-03-18 21:21:31,703 DEBUG [Thread-0-SendThread(localhost:2181)] org.apache.zookeeper.ClientCnxn: Got ping response for session id: 0x10014bd52700005 after 0ms.
2021-03-18 21:21:33,040 DEBUG [Thread-0-SendThread(localhost:2181)] org.apache.zookeeper.ClientCnxn: Got ping response for session id: 0x10014bd52700005 after 0ms.
2021-03-18 21:21:34,377 DEBUG [Thread-0-SendThread(localhost:2181)] org.apache.zookeeper.ClientCnxn: Got ping response for session id: 0x10014bd52700005 after 0ms.
2021-03-18 21:21:35,712 DEBUG [Thread-0-SendThread(localhost:2181)] org.apache.zookeeper.ClientCnxn: Got ping response for session id: 0x10014bd52700005 after 0ms.
2021-03-18 21:21:37,049 DEBUG [Thread-0-SendThread(localhost:2181)] org.apache.zookeeper.ClientCnxn: Got ping response for session id: 0x10014bd52700005 after 1ms.
2021-03-18 21:21:38,386 DEBUG [Thread-0-SendThread(localhost:2181)] org.apache.zookeeper.ClientCnxn: Got ping response for session id: 0x10014bd52700005 after 1ms.
2021-03-18 21:21:39,721 DEBUG [Thread-0-SendThread(localhost:2181)] org.apache.zookeeper.ClientCnxn: Got ping response for session id: 0x10014bd52700005 after 0ms.
2021-03-18 21:21:41,059 DEBUG [Thread-0-SendThread(localhost:2181)] org.apache.zookeeper.ClientCnxn: Got ping response for session id: 0x10014bd52700005 after 0ms.
2021-03-18 21:21:42,393 DEBUG [Thread-0-SendThread(localhost:2181)] org.apache.zookeeper.ClientCnxn: Got ping response for session id: 0x10014bd52700005 after 0ms.
2021-03-18 21:21:43,730 DEBUG [Thread-0-SendThread(localhost:2181)] org.apache.zookeeper.ClientCnxn: Got ping response for session id: 0x10014bd52700005 after 0ms.
2021-03-18 21:21:45,065 DEBUG [Thread-0-SendThread(localhost:2181)] org.apache.zookeeper.ClientCnxn: Got ping response for session id: 0x10014bd52700005 after 0ms.
2021-03-18 21:21:46,399 DEBUG [Thread-0-SendThread(localhost:2181)] org.apache.zookeeper.ClientCnxn: Got ping response for session id: 0x10014bd52700005 after 0ms.
2021-03-18 21:21:47,737 DEBUG [Thread-0-SendThread(localhost:2181)] org.apache.zookeeper.ClientCnxn: Got ping response for session id: 0x10014bd52700005 after 0ms.
2021-03-18 21:21:49,076 DEBUG [Thread-0-SendThread(localhost:2181)] org.apache.zookeeper.ClientCnxn: Got ping response for session id: 0x10014bd52700005 after 0ms.
2021-03-18 21:21:50,409 DEBUG [Thread-0-SendThread(localhost:2181)] org.apache.zookeeper.ClientCnxn: Got ping response for session id: 0x10014bd52700005 after 0ms.
2021-03-18 21:21:51,744 DEBUG [Thread-0-SendThread(localhost:2181)] org.apache.zookeeper.ClientCnxn: Got ping response for session id: 0x10014bd52700005 after 1ms.
2021-03-18 21:21:53,080 DEBUG [Thread-0-SendThread(localhost:2181)] org.apache.zookeeper.ClientCnxn: Got ping response for session id: 0x10014bd52700005 after 0ms.
2021-03-18 21:21:54,415 DEBUG [Thread-0-SendThread(localhost:2181)] org.apache.zookeeper.ClientCnxn: Got ping response for session id: 0x10014bd52700005 after 0ms.
2021-03-18 21:21:55,750 DEBUG [Thread-0-SendThread(localhost:2181)] org.apache.zookeeper.ClientCnxn: Got ping response for session id: 0x10014bd52700005 after 0ms.
2021-03-18 21:21:57,089 DEBUG [Thread-0-SendThread(localhost:2181)] org.apache.zookeeper.ClientCnxn: Got ping response for session id: 0x10014bd52700005 after 0ms.
2021-03-18 21:21:58,422 DEBUG [Thread-0-SendThread(localhost:2181)] org.apache.zookeeper.ClientCnxn: Got ping response for session id: 0x10014bd52700005 after 0ms.
2021-03-18 21:21:59,756 DEBUG [Thread-0-SendThread(localhost:2181)] org.apache.zookeeper.ClientCnxn: Got ping response for session id: 0x10014bd52700005 after 0ms.
2021-03-18 21:22:01,093 DEBUG [Thread-0-SendThread(localhost:2181)] org.apache.zookeeper.ClientCnxn: Got ping response for session id: 0x10014bd52700005 after 0ms.
2021-03-18 21:22:02,432 DEBUG [Thread-0-SendThread(localhost:2181)] org.apache.zookeeper.ClientCnxn: Got ping response for session id: 0x10014bd52700005 after 0ms.
2021-03-18 21:22:03,765 DEBUG [Thread-0-SendThread(localhost:2181)] org.apache.zookeeper.ClientCnxn: Got ping response for session id: 0x10014bd52700005 after 0ms.
2021-03-18 21:22:05,099 DEBUG [Thread-0-SendThread(localhost:2181)] org.apache.zookeeper.ClientCnxn: Got ping response for session id: 0x10014bd52700005 after 0ms.
2021-03-18 21:22:06,436 DEBUG [Thread-0-SendThread(localhost:2181)] org.apache.zookeeper.ClientCnxn: Got ping response for session id: 0x10014bd52700005 after 0ms.
2021-03-18 21:22:07,773 DEBUG [Thread-0-SendThread(localhost:2181)] org.apache.zookeeper.ClientCnxn: Got ping response for session id: 0x10014bd52700005 after 0ms.
2021-03-18 21:22:09,111 DEBUG [Thread-0-SendThread(localhost:2181)] org.apache.zookeeper.ClientCnxn: Got ping response for session id: 0x10014bd52700005 after 0ms.
2021-03-18 21:22:10,444 DEBUG [Thread-0-SendThread(localhost:2181)] org.apache.zookeeper.ClientCnxn: Got ping response for session id: 0x10014bd52700005 after 0ms.
2021-03-18 21:22:11,777 DEBUG [Thread-0-SendThread(localhost:2181)] org.apache.zookeeper.ClientCnxn: Got ping response for session id: 0x10014bd52700005 after 0ms.
2021-03-18 21:22:13,112 DEBUG [Thread-0-SendThread(localhost:2181)] org.apache.zookeeper.ClientCnxn: Got ping response for session id: 0x10014bd52700005 after 0ms.
2021-03-18 21:22:14,450 DEBUG [Thread-0-SendThread(localhost:2181)] org.apache.zookeeper.ClientCnxn: Got ping response for session id: 0x10014bd52700005 after 0ms.
2021-03-18 21:22:15,787 DEBUG [Thread-0-SendThread(localhost:2181)] org.apache.zookeeper.ClientCnxn: Got ping response for session id: 0x10014bd52700005 after 0ms.
2021-03-18 21:22:17,120 DEBUG [Thread-0-SendThread(localhost:2181)] org.apache.zookeeper.ClientCnxn: Got ping response for session id: 0x10014bd52700005 after 0ms.
2021-03-18 21:22:18,454 DEBUG [Thread-0-SendThread(localhost:2181)] org.apache.zookeeper.ClientCnxn: Got ping response for session id: 0x10014bd52700005 after 0ms.
2021-03-18 21:22:19,792 DEBUG [Thread-0-SendThread(localhost:2181)] org.apache.zookeeper.ClientCnxn: Got ping response for session id: 0x10014bd52700005 after 0ms.
2021-03-18 21:22:21,125 DEBUG [Thread-0-SendThread(localhost:2181)] org.apache.zookeeper.ClientCnxn: Got ping response for session id: 0x10014bd52700005 after 0ms.
2021-03-18 21:22:22,458 DEBUG [Thread-0-SendThread(localhost:2181)] org.apache.zookeeper.ClientCnxn: Got ping response for session id: 0x10014bd52700005 after 0ms.
2021-03-18 21:22:23,795 DEBUG [Thread-0-SendThread(localhost:2181)] org.apache.zookeeper.ClientCnxn: Got ping response for session id: 0x10014bd52700005 after 0ms.
2021-03-18 21:22:25,130 DEBUG [Thread-0-SendThread(localhost:2181)] org.apache.zookeeper.ClientCnxn: Got ping response for session id: 0x10014bd52700005 after 0ms.
2021-03-18 21:22:26,467 DEBUG [Thread-0-SendThread(localhost:2181)] org.apache.zookeeper.ClientCnxn: Got ping response for session id: 0x10014bd52700005 after 0ms.
2021-03-18 21:22:27,805 DEBUG [Thread-0-SendThread(localhost:2181)] org.apache.zookeeper.ClientCnxn: Got ping response for session id: 0x10014bd52700005 after 0ms.
2021-03-18 21:22:29,143 DEBUG [Thread-0-SendThread(localhost:2181)] org.apache.zookeeper.ClientCnxn: Got ping response for session id: 0x10014bd52700005 after 1ms.
2021-03-18 21:22:30,478 DEBUG [Thread-0-SendThread(localhost:2181)] org.apache.zookeeper.ClientCnxn: Got ping response for session id: 0x10014bd52700005 after 2ms.
2021-03-18 21:22:31,814 DEBUG [Thread-0-SendThread(localhost:2181)] org.apache.zookeeper.ClientCnxn: Got ping response for session id: 0x10014bd52700005 after 1ms.
2021-03-18 21:22:33,151 DEBUG [Thread-0-SendThread(localhost:2181)] org.apache.zookeeper.ClientCnxn: Got ping response for session id: 0x10014bd52700005 after 0ms.
2021-03-18 21:22:34,487 DEBUG [Thread-0-SendThread(localhost:2181)] org.apache.zookeeper.ClientCnxn: Got ping response for session id: 0x10014bd52700005 after 1ms.
2021-03-18 21:22:35,825 DEBUG [Thread-0-SendThread(localhost:2181)] org.apache.zookeeper.ClientCnxn: Got ping response for session id: 0x10014bd52700005 after 0ms.
2021-03-18 21:22:37,162 DEBUG [Thread-0-SendThread(localhost:2181)] org.apache.zookeeper.ClientCnxn: Got ping response for session id: 0x10014bd52700005 after 0ms.
2021-03-18 21:22:38,499 DEBUG [Thread-0-SendThread(localhost:2181)] org.apache.zookeeper.ClientCnxn: Got ping response for session id: 0x10014bd52700005 after 0ms.
2021-03-18 21:22:39,834 DEBUG [Thread-0-SendThread(localhost:2181)] org.apache.zookeeper.ClientCnxn: Got ping response for session id: 0x10014bd52700005 after 0ms.
2021-03-18 21:22:41,173 DEBUG [Thread-0-SendThread(localhost:2181)] org.apache.zookeeper.ClientCnxn: Got ping response for session id: 0x10014bd52700005 after 0ms.
2021-03-18 21:22:42,508 DEBUG [Thread-0-SendThread(localhost:2181)] org.apache.zookeeper.ClientCnxn: Got ping response for session id: 0x10014bd52700005 after 0ms.
2021-03-18 21:22:43,847 DEBUG [Thread-0-SendThread(localhost:2181)] org.apache.zookeeper.ClientCnxn: Got ping response for session id: 0x10014bd52700005 after 0ms.
2021-03-18 21:22:45,183 DEBUG [Thread-0-SendThread(localhost:2181)] org.apache.zookeeper.ClientCnxn: Got ping response for session id: 0x10014bd52700005 after 0ms.
2021-03-18 21:22:46,520 DEBUG [Thread-0-SendThread(localhost:2181)] org.apache.zookeeper.ClientCnxn: Got ping response for session id: 0x10014bd52700005 after 0ms.
2021-03-18 21:22:47,856 DEBUG [Thread-0-SendThread(localhost:2181)] org.apache.zookeeper.ClientCnxn: Got ping response for session id: 0x10014bd52700005 after 0ms.
2021-03-18 21:22:49,190 DEBUG [Thread-0-SendThread(localhost:2181)] org.apache.zookeeper.ClientCnxn: Got ping response for session id: 0x10014bd52700005 after 0ms.
2021-03-18 21:22:50,523 DEBUG [Thread-0-SendThread(localhost:2181)] org.apache.zookeeper.ClientCnxn: Got ping response for session id: 0x10014bd52700005 after 0ms.
2021-03-18 21:22:51,856 DEBUG [Thread-0-SendThread(localhost:2181)] org.apache.zookeeper.ClientCnxn: Got ping response for session id: 0x10014bd52700005 after 0ms.
2021-03-18 21:22:53,192 DEBUG [Thread-0-SendThread(localhost:2181)] org.apache.zookeeper.ClientCnxn: Got ping response for session id: 0x10014bd52700005 after 0ms.
2021-03-18 21:22:54,529 DEBUG [Thread-0-SendThread(localhost:2181)] org.apache.zookeeper.ClientCnxn: Got ping response for session id: 0x10014bd52700005 after 0ms.
2021-03-18 21:22:55,864 DEBUG [Thread-0-SendThread(localhost:2181)] org.apache.zookeeper.ClientCnxn: Got ping response for session id: 0x10014bd52700005 after 0ms.
2021-03-18 21:22:57,198 DEBUG [Thread-0-SendThread(localhost:2181)] org.apache.zookeeper.ClientCnxn: Got ping response for session id: 0x10014bd52700005 after 0ms.
2021-03-18 21:22:58,533 DEBUG [Thread-0-SendThread(localhost:2181)] org.apache.zookeeper.ClientCnxn: Got ping response for session id: 0x10014bd52700005 after 0ms.
2021-03-18 21:22:59,870 DEBUG [Thread-0-SendThread(localhost:2181)] org.apache.zookeeper.ClientCnxn: Got ping response for session id: 0x10014bd52700005 after 0ms.
