2021-03-18 22:37:33,631 INFO  [main] root: Creating Storage Files
2021-03-18 22:37:33,631 INFO  [main] root: File created: server8.json
2021-03-18 22:37:33,631 INFO  [main] root: File created: server8_replica_1.json
2021-03-18 22:37:33,632 INFO  [main] root: File created: server8_replica_2.json
2021-03-18 22:37:33,632 INFO  [Thread-0] root: Initialize server ...
2021-03-18 22:37:33,643 INFO  [Thread-0] root: Server listening on port: 50007
2021-03-18 22:37:33,662 INFO  [Thread-0] org.apache.zookeeper.ZooKeeper: Client environment:zookeeper.version=3.6.2--803c7f1a12f85978cb049af5e4ef23bd8b688715, built on 09/04/2020 12:44 GMT
2021-03-18 22:37:33,662 INFO  [Thread-0] org.apache.zookeeper.ZooKeeper: Client environment:host.name=localhost
2021-03-18 22:37:33,662 INFO  [Thread-0] org.apache.zookeeper.ZooKeeper: Client environment:java.version=11.0.10
2021-03-18 22:37:33,662 INFO  [Thread-0] org.apache.zookeeper.ZooKeeper: Client environment:java.vendor=Azul Systems, Inc.
2021-03-18 22:37:33,662 INFO  [Thread-0] org.apache.zookeeper.ZooKeeper: Client environment:java.home=/Users/steve/Library/Java/JavaVirtualMachines/azul-11.0.10/Contents/Home
2021-03-18 22:37:33,662 INFO  [Thread-0] org.apache.zookeeper.ZooKeeper: Client environment:java.class.path=/Users/steve/Desktop/UofT/year4/winter2021/ECE419/milestone3/m3-server.jar
2021-03-18 22:37:33,662 INFO  [Thread-0] org.apache.zookeeper.ZooKeeper: Client environment:java.library.path=/Users/steve/Library/Java/Extensions:/Library/Java/Extensions:/Network/Library/Java/Extensions:/System/Library/Java/Extensions:/usr/lib/java:.
2021-03-18 22:37:33,662 INFO  [Thread-0] org.apache.zookeeper.ZooKeeper: Client environment:java.io.tmpdir=/var/folders/kz/3gb57nkn6ks6_07_dtt5lqvr0000gn/T/
2021-03-18 22:37:33,662 INFO  [Thread-0] org.apache.zookeeper.ZooKeeper: Client environment:java.compiler=<NA>
2021-03-18 22:37:33,662 INFO  [Thread-0] org.apache.zookeeper.ZooKeeper: Client environment:os.name=Mac OS X
2021-03-18 22:37:33,662 INFO  [Thread-0] org.apache.zookeeper.ZooKeeper: Client environment:os.arch=x86_64
2021-03-18 22:37:33,662 INFO  [Thread-0] org.apache.zookeeper.ZooKeeper: Client environment:os.version=10.16
2021-03-18 22:37:33,662 INFO  [Thread-0] org.apache.zookeeper.ZooKeeper: Client environment:user.name=steve
2021-03-18 22:37:33,663 INFO  [Thread-0] org.apache.zookeeper.ZooKeeper: Client environment:user.home=/Users/steve
2021-03-18 22:37:33,663 INFO  [Thread-0] org.apache.zookeeper.ZooKeeper: Client environment:user.dir=/Users/steve
2021-03-18 22:37:33,663 INFO  [Thread-0] org.apache.zookeeper.ZooKeeper: Client environment:os.memory.free=249MB
2021-03-18 22:37:33,663 INFO  [Thread-0] org.apache.zookeeper.ZooKeeper: Client environment:os.memory.max=4096MB
2021-03-18 22:37:33,663 INFO  [Thread-0] org.apache.zookeeper.ZooKeeper: Client environment:os.memory.total=256MB
2021-03-18 22:37:33,666 INFO  [Thread-0] org.apache.zookeeper.ZooKeeper: Initiating client connection, connectString=localhost:2181 sessionTimeout=3000 watcher=app_kvServer.KVServer$1@5a87eda6
2021-03-18 22:37:33,669 INFO  [Thread-0] org.apache.zookeeper.common.X509Util: Setting -D jdk.tls.rejectClientInitiatedRenegotiation=true to disable client-initiated TLS renegotiation
2021-03-18 22:37:33,679 INFO  [Thread-0] org.apache.zookeeper.ClientCnxnSocket: jute.maxbuffer value is 1048575 Bytes
2021-03-18 22:37:33,686 INFO  [Thread-0] org.apache.zookeeper.ClientCnxn: zookeeper.request.timeout value is 0. feature enabled=false
2021-03-18 22:37:33,696 DEBUG [Thread-0-SendThread(localhost:2181)] org.apache.zookeeper.SaslServerPrincipal: Canonicalized address to localhost
2021-03-18 22:37:33,697 INFO  [Thread-0-SendThread(localhost:2181)] org.apache.zookeeper.ClientCnxn: Opening socket connection to server localhost/127.0.0.1:2181.
2021-03-18 22:37:33,697 INFO  [Thread-0-SendThread(localhost:2181)] org.apache.zookeeper.ClientCnxn: SASL config status: Will not attempt to authenticate using SASL (unknown error)
2021-03-18 22:37:33,713 INFO  [Thread-0-SendThread(localhost:2181)] org.apache.zookeeper.ClientCnxn: Socket connection established, initiating session, client: /127.0.0.1:52709, server: localhost/127.0.0.1:2181
2021-03-18 22:37:33,714 DEBUG [Thread-0-SendThread(localhost:2181)] org.apache.zookeeper.ClientCnxn: Session establishment request sent on localhost/127.0.0.1:2181
2021-03-18 22:37:33,746 TRACE [Thread-0-SendThread(localhost:2181)] org.apache.zookeeper.ClientCnxnSocket: readConnectResult 37 0x[0,0,0,0,0,0,f,ffffffa0,1,0,14,ffffffbd,52,70,0,79,0,0,0,10,6,49,fffffffd,25,ffffffe4,46,ffffffcd,6a,52,47,ffffffbd,fffffffe,fffffffb,40,1f,ffffffb1,0,]
2021-03-18 22:37:33,748 INFO  [Thread-0-SendThread(localhost:2181)] org.apache.zookeeper.ClientCnxn: Session establishment complete on server localhost/127.0.0.1:2181, session id = 0x10014bd52700079, negotiated timeout = 4000
2021-03-18 22:37:33,751 DEBUG [Thread-0-EventThread] root: ZK event: 
2021-03-18 22:37:33,751 DEBUG [Thread-0-EventThread] root: WatchedEvent state:SyncConnected type:None path:null
2021-03-18 22:37:33,779 DEBUG [Thread-0-SendThread(localhost:2181)] org.apache.zookeeper.ClientCnxn: Reading reply session id: 0x10014bd52700079, packet:: clientPath:null serverPath:null finished:false header:: 1,1  replyHeader:: 1,408,0  request:: '/keeper/server8,,v{s{31,s{'world,'anyone}}},1  response:: '/keeper/server8 
2021-03-18 22:37:33,784 DEBUG [Thread-0-SendThread(localhost:2181)] org.apache.zookeeper.ClientCnxn: Reading reply session id: 0x10014bd52700079, packet:: clientPath:null serverPath:null finished:false header:: 2,3  replyHeader:: 2,408,0  request:: '/keeper/server8,T  response:: s{408,408,1616121453751,1616121453751,0,0,0,72080397402374265,0,0,408} 
2021-03-18 22:37:33,811 DEBUG [Thread-0-SendThread(localhost:2181)] org.apache.zookeeper.ClientCnxn: Got notification session id: 0x10014bd52700079
2021-03-18 22:37:33,812 DEBUG [Thread-0-SendThread(localhost:2181)] org.apache.zookeeper.ClientCnxn: Got WatchedEvent state:SyncConnected type:NodeDataChanged path:/keeper/server8 for session id 0x10014bd52700079
2021-03-18 22:37:33,814 DEBUG [Thread-0-EventThread] root: ZK event: 
2021-03-18 22:37:33,814 DEBUG [Thread-0-EventThread] root: WatchedEvent state:SyncConnected type:NodeDataChanged path:/keeper/server8
2021-03-18 22:37:33,815 DEBUG [Thread-0-SendThread(localhost:2181)] org.apache.zookeeper.ClientCnxn: Reading reply session id: 0x10014bd52700079, packet:: clientPath:null serverPath:null finished:false header:: 3,5  replyHeader:: 3,409,0  request:: '/keeper/server8,#3132372e302e302e313a3530303037,0  response:: s{408,409,1616121453751,1616121453785,1,0,0,72080397402374265,15,0,408} 
2021-03-18 22:37:33,815 INFO  [Thread-0] root: Node created at: /keeper/server8
Starting commModule
2021-03-18 22:37:33,822 INFO  [Thread-0] root: Server communication module connected
2021-03-18 22:37:33,823 INFO  [Thread-0] root: Connected to localhost on port 52710
2021-03-18 22:37:33,831 INFO  [Thread-1] root: Message received by server -> Status: INIT_SERVER
received adminmsg
2021-03-18 22:37:33,831 INFO  [Thread-1] root: Message sent by server -> Status: INIT_SERVER_SUCCESS
2021-03-18 22:37:33,832 INFO  [Thread-1] root: Message received by server -> Status: START
received adminmsg
2021-03-18 22:37:33,832 INFO  [Thread-1] root: Message sent by server -> Status: START_SUCCESS
Starting commModule
2021-03-18 22:37:33,842 INFO  [Thread-0] root: Server communication module connected
2021-03-18 22:37:33,842 INFO  [Thread-0] root: Connected to localhost on port 52715
Starting commModule
2021-03-18 22:37:33,845 INFO  [Thread-0] root: Server communication module connected
2021-03-18 22:37:33,846 INFO  [Thread-0] root: Connected to localhost on port 52717
Starting commModule
2021-03-18 22:37:33,848 INFO  [Thread-0] root: Server communication module connected
2021-03-18 22:37:33,849 INFO  [Thread-0] root: Connected to localhost on port 52720
Starting commModule
2021-03-18 22:37:33,855 INFO  [Thread-0] root: Server communication module connected
2021-03-18 22:37:33,856 INFO  [Thread-0] root: Connected to localhost on port 52723
2021-03-18 22:37:33,857 INFO  [Thread-5] root: Message received by server -> Status: UPDATE
received adminmsg
2021-03-18 22:37:33,858 INFO  [Thread-5] root: Message sent by server -> Status: UPDATE_SUCCESS
Starting commModule
2021-03-18 22:37:33,861 INFO  [Thread-0] root: Server communication module connected
2021-03-18 22:37:33,862 INFO  [Thread-0] root: Connected to localhost on port 52726
Starting commModule
2021-03-18 22:37:33,864 INFO  [Thread-0] root: Server communication module connected
2021-03-18 22:37:33,866 INFO  [Thread-0] root: Connected to localhost on port 52728
Starting commModule
2021-03-18 22:37:33,866 INFO  [Thread-0] root: Server communication module connected
2021-03-18 22:37:33,867 INFO  [Thread-0] root: Connected to localhost on port 52730
2021-03-18 22:37:33,867 INFO  [Thread-8] root: Message received by server -> Status: PROPAGATE_ADMIN
received adminmsg
2021-03-18 22:37:33,872 DEBUG [Thread-8] root: Getting successors
2021-03-18 22:37:33,872 DEBUG [Thread-8] root: Got successors
2021-03-18 22:37:33,873 DEBUG [Thread-8] root: Propagating to: 127.0.0.1:50030 127.0.0.1:50085
2021-03-18 22:37:33,875 INFO  [Thread-8] root: Client communication module connected
2021-03-18 22:37:33,875 INFO  [Thread-8] root: Client communication module connected
2021-03-18 22:37:33,875 DEBUG [Thread-8] root: {}
2021-03-18 22:37:33,876 INFO  [Thread-8] root: Message sent by server -> Status: PROPAGATE_SUCCESS
2021-03-18 22:37:35,120 DEBUG [Thread-0-SendThread(localhost:2181)] org.apache.zookeeper.ClientCnxn: Got ping response for session id: 0x10014bd52700079 after 0ms.
2021-03-18 22:37:36,455 DEBUG [Thread-0-SendThread(localhost:2181)] org.apache.zookeeper.ClientCnxn: Got ping response for session id: 0x10014bd52700079 after 1ms.
2021-03-18 22:37:37,789 DEBUG [Thread-0-SendThread(localhost:2181)] org.apache.zookeeper.ClientCnxn: Got ping response for session id: 0x10014bd52700079 after 0ms.
Starting commModule
2021-03-18 22:37:38,909 INFO  [Thread-0] root: Server communication module connected
2021-03-18 22:37:38,910 INFO  [Thread-0] root: Connected to localhost on port 52735
2021-03-18 22:37:38,911 INFO  [Thread-9] root: Message received by server -> Status: PUT Key: 1 Value: 1
2021-03-18 22:37:38,911 DEBUG [Thread-9] root: In serve
2021-03-18 22:37:38,911 DEBUG [Thread-9] root: Checking if stopped or write locked
2021-03-18 22:37:38,911 DEBUG [Thread-9] root: PUT request being served
2021-03-18 22:37:38,911 DEBUG [Thread-9] root: Checking if it's in range
2021-03-18 22:37:38,919 DEBUG [Thread-9] root: Got hostname and port -> 127.0.0.1:50007
2021-03-18 22:37:38,919 DEBUG [Thread-9] root: Got metadata range: 771cb79e63c3160a1c0c05c24bef65ce:209b422ec722673d3f5ed25fe49c2103
2021-03-18 22:37:38,919 DEBUG [Thread-9] root: 127.0.0.1:50007 -> 771cb79e63c3160a1c0c05c24bef65ce:209b422ec722673d3f5ed25fe49c2103
2021-03-18 22:37:38,919 DEBUG [Thread-9] root: 127.0.0.1:50030 -> 209b422ec722673d3f5ed25fe49c2104:31207dc3383942c33cf050f3314ef855
2021-03-18 22:37:38,919 DEBUG [Thread-9] root: 127.0.0.1:50085 -> 31207dc3383942c33cf050f3314ef856:771cb79e63c3160a1c0c05c24bef65cd
2021-03-18 22:37:38,919 DEBUG [Thread-9] root: Got range big ints
2021-03-18 22:37:38,919 DEBUG [Thread-9] root: Range end < range start
2021-03-18 22:37:38,919 DEBUG [Thread-9] root: Done with range check in server
2021-03-18 22:37:38,919 DEBUG [Thread-9] root: In range
2021-03-18 22:37:38,920 INFO  [Thread-9] root: Put: key = 1, value = 1
2021-03-18 22:37:38,921 DEBUG [Thread-9] root: Getting successors
2021-03-18 22:37:38,921 DEBUG [Thread-9] root: Got successors
2021-03-18 22:37:38,921 DEBUG [Thread-9] root: Propagating to: 127.0.0.1:50030 127.0.0.1:50085
2021-03-18 22:37:38,921 INFO  [Thread-9] root: Client communication module connected
2021-03-18 22:37:38,922 INFO  [Thread-9] root: Client communication module connected
2021-03-18 22:37:38,922 DEBUG [Thread-9] root: {"1":"1"}
2021-03-18 22:37:38,924 INFO  [Thread-9] root: Message sent by client -> Status: PROPAGATE
2021-03-18 22:37:38,924 INFO  [Thread-9] root: Message sent by client -> Status: PROPAGATE
2021-03-18 22:37:38,928 INFO  [Thread-9] root: Message received by client -> Status: PROPAGATE_SUCCESS Key: null Value: null
2021-03-18 22:37:38,929 INFO  [Thread-9] root: Message received by client -> Status: PROPAGATE_SUCCESS Key: null Value: null
2021-03-18 22:37:38,930 INFO  [Thread-9] root: Message sent by server -> Status: PUT_SUCCESS Key: 1 Value: 1
Starting commModule
2021-03-18 22:37:38,945 INFO  [Thread-0] root: Server communication module connected
2021-03-18 22:37:38,946 INFO  [Thread-0] root: Connected to localhost on port 52740
2021-03-18 22:37:38,946 INFO  [Thread-10] root: Message received by server -> Status: GET Key: 1 Value: null
2021-03-18 22:37:38,946 DEBUG [Thread-10] root: In serve
2021-03-18 22:37:38,946 DEBUG [Thread-10] root: Checking if stopped or write locked
2021-03-18 22:37:38,946 DEBUG [Thread-10] root: Checking if it's in range
2021-03-18 22:37:38,946 DEBUG [Thread-10] root: Got hostname and port -> 127.0.0.1:50007
2021-03-18 22:37:38,946 DEBUG [Thread-10] root: Got metadata range: 209b422ec722673d3f5ed25fe49c2104:209b422ec722673d3f5ed25fe49c2103
2021-03-18 22:37:38,946 DEBUG [Thread-10] root: 127.0.0.1:50007 -> 209b422ec722673d3f5ed25fe49c2104:209b422ec722673d3f5ed25fe49c2103
2021-03-18 22:37:38,946 DEBUG [Thread-10] root: 127.0.0.1:50030 -> 31207dc3383942c33cf050f3314ef856:31207dc3383942c33cf050f3314ef855
2021-03-18 22:37:38,947 DEBUG [Thread-10] root: 127.0.0.1:50085 -> 771cb79e63c3160a1c0c05c24bef65ce:771cb79e63c3160a1c0c05c24bef65cd
2021-03-18 22:37:38,947 DEBUG [Thread-10] root: Got range big ints
2021-03-18 22:37:38,947 DEBUG [Thread-10] root: Range end < range start
2021-03-18 22:37:38,947 DEBUG [Thread-10] root: Done with range check in server
2021-03-18 22:37:38,947 INFO  [Thread-10] root: Get: key = 1
2021-03-18 22:37:38,948 INFO  [Thread-10] root: Message sent by server -> Status: GET_SUCCESS Key: 1 Value: 1
2021-03-18 22:37:39,125 DEBUG [Thread-0-SendThread(localhost:2181)] org.apache.zookeeper.ClientCnxn: Got ping response for session id: 0x10014bd52700079 after 0ms.
2021-03-18 22:37:40,465 DEBUG [Thread-0-SendThread(localhost:2181)] org.apache.zookeeper.ClientCnxn: Got ping response for session id: 0x10014bd52700079 after 1ms.
2021-03-18 22:37:41,802 DEBUG [Thread-0-SendThread(localhost:2181)] org.apache.zookeeper.ClientCnxn: Got ping response for session id: 0x10014bd52700079 after 0ms.
2021-03-18 22:37:43,136 DEBUG [Thread-0-SendThread(localhost:2181)] org.apache.zookeeper.ClientCnxn: Got ping response for session id: 0x10014bd52700079 after 0ms.
2021-03-18 22:37:44,470 DEBUG [Thread-0-SendThread(localhost:2181)] org.apache.zookeeper.ClientCnxn: Got ping response for session id: 0x10014bd52700079 after 0ms.
2021-03-18 22:37:45,808 DEBUG [Thread-0-SendThread(localhost:2181)] org.apache.zookeeper.ClientCnxn: Got ping response for session id: 0x10014bd52700079 after 1ms.
2021-03-18 22:37:47,147 DEBUG [Thread-0-SendThread(localhost:2181)] org.apache.zookeeper.ClientCnxn: Got ping response for session id: 0x10014bd52700079 after 0ms.
2021-03-18 22:37:48,486 DEBUG [Thread-0-SendThread(localhost:2181)] org.apache.zookeeper.ClientCnxn: Got ping response for session id: 0x10014bd52700079 after 1ms.
2021-03-18 22:37:49,822 DEBUG [Thread-0-SendThread(localhost:2181)] org.apache.zookeeper.ClientCnxn: Got ping response for session id: 0x10014bd52700079 after 1ms.
2021-03-18 22:37:51,158 DEBUG [Thread-0-SendThread(localhost:2181)] org.apache.zookeeper.ClientCnxn: Got ping response for session id: 0x10014bd52700079 after 1ms.
2021-03-18 22:37:52,495 DEBUG [Thread-0-SendThread(localhost:2181)] org.apache.zookeeper.ClientCnxn: Got ping response for session id: 0x10014bd52700079 after 1ms.
2021-03-18 22:37:53,829 DEBUG [Thread-0-SendThread(localhost:2181)] org.apache.zookeeper.ClientCnxn: Got ping response for session id: 0x10014bd52700079 after 0ms.
2021-03-18 22:37:55,167 DEBUG [Thread-0-SendThread(localhost:2181)] org.apache.zookeeper.ClientCnxn: Got ping response for session id: 0x10014bd52700079 after 2ms.
2021-03-18 22:37:56,505 DEBUG [Thread-0-SendThread(localhost:2181)] org.apache.zookeeper.ClientCnxn: Got ping response for session id: 0x10014bd52700079 after 0ms.
2021-03-18 22:37:57,838 DEBUG [Thread-0-SendThread(localhost:2181)] org.apache.zookeeper.ClientCnxn: Got ping response for session id: 0x10014bd52700079 after 0ms.
2021-03-18 22:37:59,176 DEBUG [Thread-0-SendThread(localhost:2181)] org.apache.zookeeper.ClientCnxn: Got ping response for session id: 0x10014bd52700079 after 0ms.
2021-03-18 22:38:00,513 DEBUG [Thread-0-SendThread(localhost:2181)] org.apache.zookeeper.ClientCnxn: Got ping response for session id: 0x10014bd52700079 after 0ms.
2021-03-18 22:38:01,850 DEBUG [Thread-0-SendThread(localhost:2181)] org.apache.zookeeper.ClientCnxn: Got ping response for session id: 0x10014bd52700079 after 0ms.
2021-03-18 22:38:03,183 DEBUG [Thread-0-SendThread(localhost:2181)] org.apache.zookeeper.ClientCnxn: Got ping response for session id: 0x10014bd52700079 after 0ms.
2021-03-18 22:38:04,518 DEBUG [Thread-0-SendThread(localhost:2181)] org.apache.zookeeper.ClientCnxn: Got ping response for session id: 0x10014bd52700079 after 1ms.
2021-03-18 22:38:05,853 DEBUG [Thread-0-SendThread(localhost:2181)] org.apache.zookeeper.ClientCnxn: Got ping response for session id: 0x10014bd52700079 after 1ms.
2021-03-18 22:38:07,216 DEBUG [Thread-0-SendThread(localhost:2181)] org.apache.zookeeper.ClientCnxn: Got ping response for session id: 0x10014bd52700079 after 21ms.
2021-03-18 22:38:08,530 DEBUG [Thread-0-SendThread(localhost:2181)] org.apache.zookeeper.ClientCnxn: Got ping response for session id: 0x10014bd52700079 after 0ms.
2021-03-18 22:38:09,873 DEBUG [Thread-0-SendThread(localhost:2181)] org.apache.zookeeper.ClientCnxn: Got ping response for session id: 0x10014bd52700079 after 2ms.
2021-03-18 22:38:11,205 DEBUG [Thread-0-SendThread(localhost:2181)] org.apache.zookeeper.ClientCnxn: Got ping response for session id: 0x10014bd52700079 after 0ms.
2021-03-18 22:38:12,541 DEBUG [Thread-0-SendThread(localhost:2181)] org.apache.zookeeper.ClientCnxn: Got ping response for session id: 0x10014bd52700079 after 1ms.
2021-03-18 22:38:13,876 DEBUG [Thread-0-SendThread(localhost:2181)] org.apache.zookeeper.ClientCnxn: Got ping response for session id: 0x10014bd52700079 after 1ms.
2021-03-18 22:38:15,210 DEBUG [Thread-0-SendThread(localhost:2181)] org.apache.zookeeper.ClientCnxn: Got ping response for session id: 0x10014bd52700079 after 0ms.
2021-03-18 22:38:16,548 DEBUG [Thread-0-SendThread(localhost:2181)] org.apache.zookeeper.ClientCnxn: Got ping response for session id: 0x10014bd52700079 after 1ms.
2021-03-18 22:38:17,885 DEBUG [Thread-0-SendThread(localhost:2181)] org.apache.zookeeper.ClientCnxn: Got ping response for session id: 0x10014bd52700079 after 0ms.
2021-03-18 22:38:19,219 DEBUG [Thread-0-SendThread(localhost:2181)] org.apache.zookeeper.ClientCnxn: Got ping response for session id: 0x10014bd52700079 after 0ms.
2021-03-18 22:38:20,553 DEBUG [Thread-0-SendThread(localhost:2181)] org.apache.zookeeper.ClientCnxn: Got ping response for session id: 0x10014bd52700079 after 0ms.
2021-03-18 22:38:21,889 DEBUG [Thread-0-SendThread(localhost:2181)] org.apache.zookeeper.ClientCnxn: Got ping response for session id: 0x10014bd52700079 after 0ms.
Starting commModule
2021-03-18 22:38:22,387 INFO  [Thread-0] root: Server communication module connected
2021-03-18 22:38:22,388 INFO  [Thread-11] root: Message received by server -> Status: SHUTDOWN
received adminmsg
2021-03-18 22:38:22,388 DEBUG [Thread-11] root: Closing the program
2021-03-18 22:38:22,388 INFO  [Thread-11] root: Message sent by server -> Status: SHUTDOWN_SUCCESS
2021-03-18 22:38:22,388 INFO  [Thread-0] root: Connected to localhost on port 52749
2021-03-18 22:38:22,389 INFO  [Thread-0] root: Server stopped.
2021-03-18 22:38:22,389 INFO  [Thread-0] root: Clearing KV Storage...
