2021-03-18 21:46:19,835 INFO  [main] root: Creating Storage Files
2021-03-18 21:46:19,836 INFO  [main] root: File created: server108.json
2021-03-18 21:46:19,836 INFO  [main] root: File created: server108_replica_1.json
2021-03-18 21:46:19,837 INFO  [main] root: File created: server108_replica_2.json
2021-03-18 21:46:19,837 INFO  [Thread-0] root: Initialize server ...
2021-03-18 21:46:19,855 INFO  [Thread-0] root: Server listening on port: 50107
2021-03-18 21:46:19,889 INFO  [Thread-0] org.apache.zookeeper.ZooKeeper: Client environment:zookeeper.version=3.6.2--803c7f1a12f85978cb049af5e4ef23bd8b688715, built on 09/04/2020 12:44 GMT
2021-03-18 21:46:19,889 INFO  [Thread-0] org.apache.zookeeper.ZooKeeper: Client environment:host.name=localhost
2021-03-18 21:46:19,890 INFO  [Thread-0] org.apache.zookeeper.ZooKeeper: Client environment:java.version=11.0.10
2021-03-18 21:46:19,890 INFO  [Thread-0] org.apache.zookeeper.ZooKeeper: Client environment:java.vendor=Azul Systems, Inc.
2021-03-18 21:46:19,890 INFO  [Thread-0] org.apache.zookeeper.ZooKeeper: Client environment:java.home=/Users/steve/Library/Java/JavaVirtualMachines/azul-11.0.10/Contents/Home
2021-03-18 21:46:19,890 INFO  [Thread-0] org.apache.zookeeper.ZooKeeper: Client environment:java.class.path=/Users/steve/Desktop/UofT/year4/winter2021/ECE419/milestone3/m3-server.jar
2021-03-18 21:46:19,890 INFO  [Thread-0] org.apache.zookeeper.ZooKeeper: Client environment:java.library.path=/Users/steve/Library/Java/Extensions:/Library/Java/Extensions:/Network/Library/Java/Extensions:/System/Library/Java/Extensions:/usr/lib/java:.
2021-03-18 21:46:19,890 INFO  [Thread-0] org.apache.zookeeper.ZooKeeper: Client environment:java.io.tmpdir=/var/folders/kz/3gb57nkn6ks6_07_dtt5lqvr0000gn/T/
2021-03-18 21:46:19,890 INFO  [Thread-0] org.apache.zookeeper.ZooKeeper: Client environment:java.compiler=<NA>
2021-03-18 21:46:19,890 INFO  [Thread-0] org.apache.zookeeper.ZooKeeper: Client environment:os.name=Mac OS X
2021-03-18 21:46:19,890 INFO  [Thread-0] org.apache.zookeeper.ZooKeeper: Client environment:os.arch=x86_64
2021-03-18 21:46:19,891 INFO  [Thread-0] org.apache.zookeeper.ZooKeeper: Client environment:os.version=10.16
2021-03-18 21:46:19,891 INFO  [Thread-0] org.apache.zookeeper.ZooKeeper: Client environment:user.name=steve
2021-03-18 21:46:19,891 INFO  [Thread-0] org.apache.zookeeper.ZooKeeper: Client environment:user.home=/Users/steve
2021-03-18 21:46:19,891 INFO  [Thread-0] org.apache.zookeeper.ZooKeeper: Client environment:user.dir=/Users/steve
2021-03-18 21:46:19,891 INFO  [Thread-0] org.apache.zookeeper.ZooKeeper: Client environment:os.memory.free=249MB
2021-03-18 21:46:19,891 INFO  [Thread-0] org.apache.zookeeper.ZooKeeper: Client environment:os.memory.max=4096MB
2021-03-18 21:46:19,891 INFO  [Thread-0] org.apache.zookeeper.ZooKeeper: Client environment:os.memory.total=256MB
2021-03-18 21:46:19,895 INFO  [Thread-0] org.apache.zookeeper.ZooKeeper: Initiating client connection, connectString=localhost:2181 sessionTimeout=3000 watcher=app_kvServer.KVServer$1@7cceab42
2021-03-18 21:46:19,900 INFO  [Thread-0] org.apache.zookeeper.common.X509Util: Setting -D jdk.tls.rejectClientInitiatedRenegotiation=true to disable client-initiated TLS renegotiation
2021-03-18 21:46:19,915 INFO  [Thread-0] org.apache.zookeeper.ClientCnxnSocket: jute.maxbuffer value is 1048575 Bytes
2021-03-18 21:46:19,925 INFO  [Thread-0] org.apache.zookeeper.ClientCnxn: zookeeper.request.timeout value is 0. feature enabled=false
2021-03-18 21:46:19,939 DEBUG [Thread-0-SendThread(localhost:2181)] org.apache.zookeeper.SaslServerPrincipal: Canonicalized address to localhost
2021-03-18 21:46:19,941 INFO  [Thread-0-SendThread(localhost:2181)] org.apache.zookeeper.ClientCnxn: Opening socket connection to server localhost/127.0.0.1:2181.
2021-03-18 21:46:19,941 INFO  [Thread-0-SendThread(localhost:2181)] org.apache.zookeeper.ClientCnxn: SASL config status: Will not attempt to authenticate using SASL (unknown error)
2021-03-18 21:46:19,961 INFO  [Thread-0-SendThread(localhost:2181)] org.apache.zookeeper.ClientCnxn: Socket connection established, initiating session, client: /127.0.0.1:50825, server: localhost/127.0.0.1:2181
2021-03-18 21:46:19,962 DEBUG [Thread-0-SendThread(localhost:2181)] org.apache.zookeeper.ClientCnxn: Session establishment request sent on localhost/127.0.0.1:2181
2021-03-18 21:46:19,992 TRACE [Thread-0-SendThread(localhost:2181)] org.apache.zookeeper.ClientCnxnSocket: readConnectResult 37 0x[0,0,0,0,0,0,f,ffffffa0,1,0,14,ffffffbd,52,70,0,1f,0,0,0,10,2,24,25,28,27,ffffff82,ffffffcf,20,46,ffffffb1,ffffffd2,e,46,3,ffffff95,63,0,]
2021-03-18 21:46:19,994 INFO  [Thread-0-SendThread(localhost:2181)] org.apache.zookeeper.ClientCnxn: Session establishment complete on server localhost/127.0.0.1:2181, session id = 0x10014bd5270001f, negotiated timeout = 4000
2021-03-18 21:46:19,997 DEBUG [Thread-0-EventThread] root: ZK event: 
2021-03-18 21:46:19,997 DEBUG [Thread-0-EventThread] root: WatchedEvent state:SyncConnected type:None path:null
2021-03-18 21:46:20,024 DEBUG [Thread-0-SendThread(localhost:2181)] org.apache.zookeeper.ClientCnxn: Reading reply session id: 0x10014bd5270001f, packet:: clientPath:null serverPath:null finished:false header:: 1,1  replyHeader:: 1,95,0  request:: '/keeper/server108,,v{s{31,s{'world,'anyone}}},1  response:: '/keeper/server108 
2021-03-18 21:46:20,028 DEBUG [Thread-0-SendThread(localhost:2181)] org.apache.zookeeper.ClientCnxn: Reading reply session id: 0x10014bd5270001f, packet:: clientPath:null serverPath:null finished:false header:: 2,3  replyHeader:: 2,95,0  request:: '/keeper/server108,T  response:: s{95,95,1616118379997,1616118379997,0,0,0,72080397402374175,0,0,95} 
2021-03-18 21:46:20,055 DEBUG [Thread-0-SendThread(localhost:2181)] org.apache.zookeeper.ClientCnxn: Got notification session id: 0x10014bd5270001f
2021-03-18 21:46:20,056 DEBUG [Thread-0-SendThread(localhost:2181)] org.apache.zookeeper.ClientCnxn: Got WatchedEvent state:SyncConnected type:NodeDataChanged path:/keeper/server108 for session id 0x10014bd5270001f
2021-03-18 21:46:20,057 DEBUG [Thread-0-EventThread] root: ZK event: 
2021-03-18 21:46:20,057 DEBUG [Thread-0-EventThread] root: WatchedEvent state:SyncConnected type:NodeDataChanged path:/keeper/server108
2021-03-18 21:46:20,057 DEBUG [Thread-0-SendThread(localhost:2181)] org.apache.zookeeper.ClientCnxn: Reading reply session id: 0x10014bd5270001f, packet:: clientPath:null serverPath:null finished:false header:: 3,5  replyHeader:: 3,96,0  request:: '/keeper/server108,#3132372e302e302e313a3530313037,0  response:: s{95,96,1616118379997,1616118380029,1,0,0,72080397402374175,15,0,95} 
2021-03-18 21:46:20,058 INFO  [Thread-0] root: Node created at: /keeper/server108
Starting commModule
2021-03-18 21:46:20,064 INFO  [Thread-0] root: Server communication module connected
2021-03-18 21:46:20,065 INFO  [Thread-0] root: Connected to localhost on port 50826
2021-03-18 21:46:20,073 INFO  [Thread-1] root: Message received by server -> Status: INIT_SERVER
received adminmsg
2021-03-18 21:46:20,074 INFO  [Thread-1] root: Message sent by server -> Status: INIT_SERVER_SUCCESS
2021-03-18 21:46:20,074 INFO  [Thread-1] root: Message received by server -> Status: START
received adminmsg
2021-03-18 21:46:20,074 INFO  [Thread-1] root: Message sent by server -> Status: START_SUCCESS
Starting commModule
2021-03-18 21:46:20,100 INFO  [Thread-0] root: Server communication module connected
2021-03-18 21:46:20,101 INFO  [Thread-0] root: Connected to localhost on port 50836
Starting commModule
2021-03-18 21:46:20,104 INFO  [Thread-0] root: Server communication module connected
2021-03-18 21:46:20,105 INFO  [Thread-0] root: Connected to localhost on port 50838
Starting commModule
2021-03-18 21:46:20,131 INFO  [Thread-0] root: Server communication module connected
2021-03-18 21:46:20,132 INFO  [Thread-0] root: Connected to localhost on port 50856
Starting commModule
2021-03-18 21:46:20,171 INFO  [Thread-0] root: Server communication module connected
2021-03-18 21:46:20,172 INFO  [Thread-0] root: Connected to localhost on port 50864
2021-03-18 21:46:20,174 INFO  [Thread-5] root: Message received by server -> Status: UPDATE
received adminmsg
2021-03-18 21:46:20,176 INFO  [Thread-5] root: Message sent by server -> Status: UPDATE_SUCCESS
Starting commModule
2021-03-18 21:46:20,181 INFO  [Thread-0] root: Server communication module connected
2021-03-18 21:46:20,182 INFO  [Thread-0] root: Connected to localhost on port 50867
Starting commModule
2021-03-18 21:46:20,187 INFO  [Thread-0] root: Server communication module connected
2021-03-18 21:46:20,188 INFO  [Thread-0] root: Connected to localhost on port 50869
Starting commModule
2021-03-18 21:46:20,216 INFO  [Thread-0] root: Server communication module connected
2021-03-18 21:46:20,217 INFO  [Thread-0] root: Connected to localhost on port 50886
2021-03-18 21:46:20,218 INFO  [Thread-8] root: Message received by server -> Status: PROPAGATE_ADMIN
received adminmsg
2021-03-18 21:46:20,224 DEBUG [Thread-8] root: Getting successors
2021-03-18 21:46:20,224 DEBUG [Thread-8] root: Got successors
2021-03-18 21:46:20,225 DEBUG [Thread-8] root: Propagating to: 127.0.0.1:50047 127.0.0.1:50131
2021-03-18 21:46:20,228 INFO  [Thread-8] root: Client communication module connected
2021-03-18 21:46:20,228 INFO  [Thread-8] root: Client communication module connected
2021-03-18 21:46:20,228 DEBUG [Thread-8] root: {}
2021-03-18 21:46:20,229 INFO  [Thread-8] root: Message sent by server -> Status: PROPAGATE_SUCCESS
2021-03-18 21:46:21,368 DEBUG [Thread-0-SendThread(localhost:2181)] org.apache.zookeeper.ClientCnxn: Got ping response for session id: 0x10014bd5270001f after 1ms.
2021-03-18 21:46:22,703 DEBUG [Thread-0-SendThread(localhost:2181)] org.apache.zookeeper.ClientCnxn: Got ping response for session id: 0x10014bd5270001f after 1ms.
2021-03-18 21:46:24,036 DEBUG [Thread-0-SendThread(localhost:2181)] org.apache.zookeeper.ClientCnxn: Got ping response for session id: 0x10014bd5270001f after 0ms.
2021-03-18 21:46:25,371 DEBUG [Thread-0-SendThread(localhost:2181)] org.apache.zookeeper.ClientCnxn: Got ping response for session id: 0x10014bd5270001f after 0ms.
2021-03-18 21:46:26,705 DEBUG [Thread-0-SendThread(localhost:2181)] org.apache.zookeeper.ClientCnxn: Got ping response for session id: 0x10014bd5270001f after 0ms.
2021-03-18 21:46:28,039 DEBUG [Thread-0-SendThread(localhost:2181)] org.apache.zookeeper.ClientCnxn: Got ping response for session id: 0x10014bd5270001f after 1ms.
2021-03-18 21:46:29,377 DEBUG [Thread-0-SendThread(localhost:2181)] org.apache.zookeeper.ClientCnxn: Got ping response for session id: 0x10014bd5270001f after 1ms.
Starting commModule
2021-03-18 21:46:30,259 INFO  [Thread-0] root: Server communication module connected
2021-03-18 21:46:30,260 INFO  [Thread-0] root: Connected to localhost on port 50898
2021-03-18 21:46:30,260 INFO  [Thread-9] root: Message received by server -> Status: SHUTDOWN
received adminmsg
2021-03-18 21:46:30,260 DEBUG [Thread-9] root: Closing the program
2021-03-18 21:46:30,261 INFO  [Thread-9] root: Message sent by server -> Status: SHUTDOWN_SUCCESS
2021-03-18 21:46:30,261 ERROR [Thread-0] root: Error! Unable to establish connection. 

java.net.SocketException: Socket closed
	at java.base/java.net.PlainSocketImpl.socketAccept(Native Method)
	at java.base/java.net.AbstractPlainSocketImpl.accept(AbstractPlainSocketImpl.java:458)
	at java.base/java.net.ServerSocket.implAccept(ServerSocket.java:565)
	at java.base/java.net.ServerSocket.accept(ServerSocket.java:533)
	at app_kvServer.KVServer.run(KVServer.java:408)
2021-03-18 21:46:30,263 INFO  [Thread-0] root: Server stopped.
2021-03-18 21:46:30,263 INFO  [Thread-0] root: Clearing KV Storage...
