2021-03-19 15:28:43,270 INFO  [Thread-0] root: Initialize server ...
2021-03-19 15:28:43,289 INFO  [Thread-0] root: Server listening on port: 50083
2021-03-19 15:28:43,321 INFO  [Thread-0] org.apache.zookeeper.ZooKeeper: Client environment:zookeeper.version=3.6.2--803c7f1a12f85978cb049af5e4ef23bd8b688715, built on 09/04/2020 12:44 GMT
2021-03-19 15:28:43,322 INFO  [Thread-0] org.apache.zookeeper.ZooKeeper: Client environment:host.name=localhost
2021-03-19 15:28:43,322 INFO  [Thread-0] org.apache.zookeeper.ZooKeeper: Client environment:java.version=11.0.10
2021-03-19 15:28:43,322 INFO  [Thread-0] org.apache.zookeeper.ZooKeeper: Client environment:java.vendor=Azul Systems, Inc.
2021-03-19 15:28:43,322 INFO  [Thread-0] org.apache.zookeeper.ZooKeeper: Client environment:java.home=/Users/steve/Library/Java/JavaVirtualMachines/azul-11.0.10/Contents/Home
2021-03-19 15:28:43,322 INFO  [Thread-0] org.apache.zookeeper.ZooKeeper: Client environment:java.class.path=/Users/steve/Desktop/UofT/year4/winter2021/ECE419/milestone3/m3-server.jar
2021-03-19 15:28:43,322 INFO  [Thread-0] org.apache.zookeeper.ZooKeeper: Client environment:java.library.path=/Users/steve/Library/Java/Extensions:/Library/Java/Extensions:/Network/Library/Java/Extensions:/System/Library/Java/Extensions:/usr/lib/java:.
2021-03-19 15:28:43,322 INFO  [Thread-0] org.apache.zookeeper.ZooKeeper: Client environment:java.io.tmpdir=/var/folders/kz/3gb57nkn6ks6_07_dtt5lqvr0000gn/T/
2021-03-19 15:28:43,322 INFO  [Thread-0] org.apache.zookeeper.ZooKeeper: Client environment:java.compiler=<NA>
2021-03-19 15:28:43,322 INFO  [Thread-0] org.apache.zookeeper.ZooKeeper: Client environment:os.name=Mac OS X
2021-03-19 15:28:43,322 INFO  [Thread-0] org.apache.zookeeper.ZooKeeper: Client environment:os.arch=x86_64
2021-03-19 15:28:43,323 INFO  [Thread-0] org.apache.zookeeper.ZooKeeper: Client environment:os.version=10.16
2021-03-19 15:28:43,323 INFO  [Thread-0] org.apache.zookeeper.ZooKeeper: Client environment:user.name=steve
2021-03-19 15:28:43,323 INFO  [Thread-0] org.apache.zookeeper.ZooKeeper: Client environment:user.home=/Users/steve
2021-03-19 15:28:43,323 INFO  [Thread-0] org.apache.zookeeper.ZooKeeper: Client environment:user.dir=/Users/steve
2021-03-19 15:28:43,323 INFO  [Thread-0] org.apache.zookeeper.ZooKeeper: Client environment:os.memory.free=249MB
2021-03-19 15:28:43,323 INFO  [Thread-0] org.apache.zookeeper.ZooKeeper: Client environment:os.memory.max=4096MB
2021-03-19 15:28:43,323 INFO  [Thread-0] org.apache.zookeeper.ZooKeeper: Client environment:os.memory.total=256MB
2021-03-19 15:28:43,328 INFO  [Thread-0] org.apache.zookeeper.ZooKeeper: Initiating client connection, connectString=localhost:2181 sessionTimeout=3000 watcher=app_kvServer.KVServer$1@7a8d20e7
2021-03-19 15:28:43,334 INFO  [Thread-0] org.apache.zookeeper.common.X509Util: Setting -D jdk.tls.rejectClientInitiatedRenegotiation=true to disable client-initiated TLS renegotiation
2021-03-19 15:28:43,348 INFO  [Thread-0] org.apache.zookeeper.ClientCnxnSocket: jute.maxbuffer value is 1048575 Bytes
2021-03-19 15:28:43,359 INFO  [Thread-0] org.apache.zookeeper.ClientCnxn: zookeeper.request.timeout value is 0. feature enabled=false
2021-03-19 15:28:43,373 DEBUG [Thread-0-SendThread(localhost:2181)] org.apache.zookeeper.SaslServerPrincipal: Canonicalized address to localhost
2021-03-19 15:28:43,375 INFO  [Thread-0-SendThread(localhost:2181)] org.apache.zookeeper.ClientCnxn: Opening socket connection to server localhost/0:0:0:0:0:0:0:1:2181.
2021-03-19 15:28:43,375 INFO  [Thread-0-SendThread(localhost:2181)] org.apache.zookeeper.ClientCnxn: SASL config status: Will not attempt to authenticate using SASL (unknown error)
2021-03-19 15:28:43,395 INFO  [Thread-0-SendThread(localhost:2181)] org.apache.zookeeper.ClientCnxn: Socket connection established, initiating session, client: /0:0:0:0:0:0:0:1:59668, server: localhost/0:0:0:0:0:0:0:1:2181
2021-03-19 15:28:43,396 DEBUG [Thread-0-SendThread(localhost:2181)] org.apache.zookeeper.ClientCnxn: Session establishment request sent on localhost/0:0:0:0:0:0:0:1:2181
2021-03-19 15:28:43,425 TRACE [Thread-0-SendThread(localhost:2181)] org.apache.zookeeper.ClientCnxnSocket: readConnectResult 37 0x[0,0,0,0,0,0,f,ffffffa0,1,0,14,ffffffbd,52,70,1,ffffff87,0,0,0,10,fffffff5,ffffff8f,ffffffc4,30,37,6f,ffffffd8,fffffff8,17,59,28,4f,72,c,6c,2d,0,]
2021-03-19 15:28:43,427 INFO  [Thread-0-SendThread(localhost:2181)] org.apache.zookeeper.ClientCnxn: Session establishment complete on server localhost/0:0:0:0:0:0:0:1:2181, session id = 0x10014bd52700187, negotiated timeout = 4000
2021-03-19 15:28:43,430 DEBUG [Thread-0-EventThread] root: ZK event: 
2021-03-19 15:28:43,430 DEBUG [Thread-0-EventThread] root: WatchedEvent state:SyncConnected type:None path:null
2021-03-19 15:28:43,457 DEBUG [Thread-0-SendThread(localhost:2181)] org.apache.zookeeper.ClientCnxn: Reading reply session id: 0x10014bd52700187, packet:: clientPath:null serverPath:null finished:false header:: 1,1  replyHeader:: 1,1258,0  request:: '/keeper/server84,,v{s{31,s{'world,'anyone}}},1  response:: '/keeper/server84 
2021-03-19 15:28:43,462 DEBUG [Thread-0-SendThread(localhost:2181)] org.apache.zookeeper.ClientCnxn: Reading reply session id: 0x10014bd52700187, packet:: clientPath:null serverPath:null finished:false header:: 2,3  replyHeader:: 2,1258,0  request:: '/keeper/server84,T  response:: s{1258,1258,1616182123430,1616182123430,0,0,0,72080397402374535,0,0,1258} 
2021-03-19 15:28:43,517 DEBUG [Thread-0-SendThread(localhost:2181)] org.apache.zookeeper.ClientCnxn: Got notification session id: 0x10014bd52700187
2021-03-19 15:28:43,518 DEBUG [Thread-0-SendThread(localhost:2181)] org.apache.zookeeper.ClientCnxn: Got WatchedEvent state:SyncConnected type:NodeDataChanged path:/keeper/server84 for session id 0x10014bd52700187
2021-03-19 15:28:43,521 DEBUG [Thread-0-EventThread] root: ZK event: 
2021-03-19 15:28:43,522 DEBUG [Thread-0-EventThread] root: WatchedEvent state:SyncConnected type:NodeDataChanged path:/keeper/server84
2021-03-19 15:28:43,522 DEBUG [Thread-0-SendThread(localhost:2181)] org.apache.zookeeper.ClientCnxn: Reading reply session id: 0x10014bd52700187, packet:: clientPath:null serverPath:null finished:false header:: 3,5  replyHeader:: 3,1259,0  request:: '/keeper/server84,#3132372e302e302e313a3530303833,0  response:: s{1258,1259,1616182123430,1616182123463,1,0,0,72080397402374535,15,0,1258} 
2021-03-19 15:28:43,523 INFO  [Thread-0] root: Node created at: /keeper/server84
Starting commModule
2021-03-19 15:28:43,531 INFO  [Thread-0] root: Server communication module connected
2021-03-19 15:28:43,531 INFO  [Thread-0] root: Connected to localhost on port 59669
2021-03-19 15:28:43,543 INFO  [Thread-1] root: Message received by server -> Status: INIT_SERVER
received adminmsg
2021-03-19 15:28:43,544 INFO  [Thread-1] root: Message sent by server -> Status: INIT_SERVER_SUCCESS
2021-03-19 15:28:43,545 INFO  [Thread-1] root: Message received by server -> Status: START
received adminmsg
2021-03-19 15:28:43,545 INFO  [Thread-1] root: Message sent by server -> Status: START_SUCCESS
Starting commModule
2021-03-19 15:28:43,547 INFO  [Thread-0] root: Server communication module connected
2021-03-19 15:28:43,548 INFO  [Thread-0] root: Connected to localhost on port 59670
2021-03-19 15:28:43,549 INFO  [Thread-2] root: Message received by server -> Status: UPDATE
received adminmsg
2021-03-19 15:28:43,551 INFO  [Thread-2] root: Message sent by server -> Status: UPDATE_SUCCESS
Starting commModule
2021-03-19 15:28:43,553 INFO  [Thread-0] root: Server communication module connected
2021-03-19 15:28:43,554 INFO  [Thread-0] root: Connected to localhost on port 59671
2021-03-19 15:28:43,555 INFO  [Thread-3] root: Message received by server -> Status: PROPAGATE_ADMIN
received adminmsg
2021-03-19 15:28:43,560 DEBUG [Thread-3] root: Getting successors
2021-03-19 15:28:43,560 DEBUG [Thread-3] root: Got successors
2021-03-19 15:28:43,560 DEBUG [Thread-3] root: Propagating to: 127.0.0.1:50083 127.0.0.1:50083
Starting commModule
2021-03-19 15:28:43,563 INFO  [Thread-0] root: Server communication module connected
2021-03-19 15:28:43,563 INFO  [Thread-3] root: Client communication module connected
2021-03-19 15:28:43,564 INFO  [Thread-0] root: Connected to localhost on port 59672
Starting commModule
2021-03-19 15:28:43,564 INFO  [Thread-0] root: Server communication module connected
2021-03-19 15:28:43,564 INFO  [Thread-3] root: Client communication module connected
2021-03-19 15:28:43,564 DEBUG [Thread-3] root: {}
2021-03-19 15:28:43,565 INFO  [Thread-0] root: Connected to localhost on port 59673
2021-03-19 15:28:43,565 INFO  [Thread-3] root: Message sent by server -> Status: PROPAGATE_SUCCESS
Starting commModule
2021-03-19 15:28:43,567 INFO  [Thread-0] root: Server communication module connected
2021-03-19 15:28:43,568 INFO  [Thread-0] root: Connected to localhost on port 59674
2021-03-19 15:28:43,571 INFO  [Thread-6] root: Message received by server -> Status: GET_METADATA Key: nothing Value: nothing
2021-03-19 15:28:43,572 DEBUG [Thread-6] root: In serve
2021-03-19 15:28:43,572 DEBUG [Thread-6] root: Checking if stopped or write locked
2021-03-19 15:28:43,572 DEBUG [Thread-6] root: Case GET_METADATA
2021-03-19 15:28:43,580 INFO  [Thread-6] root: Message sent by server -> Status: GET_METADATA_SUCCESS Key: nothing Value: nothing
2021-03-19 15:28:43,581 INFO  [Thread-6] root: Message received by server -> Status: PUT Key: 1 Value: SIA1
2021-03-19 15:28:43,581 DEBUG [Thread-6] root: In serve
2021-03-19 15:28:43,581 DEBUG [Thread-6] root: Checking if stopped or write locked
2021-03-19 15:28:43,581 DEBUG [Thread-6] root: PUT request being served
2021-03-19 15:28:43,582 DEBUG [Thread-6] root: Checking if it's in range
2021-03-19 15:28:43,583 DEBUG [Thread-6] root: Got hostname and port -> 127.0.0.1:50083
2021-03-19 15:28:43,583 DEBUG [Thread-6] root: Got metadata range: 79dd3cf5e97f199af4cf481808382a61:79dd3cf5e97f199af4cf481808382a60
2021-03-19 15:28:43,583 DEBUG [Thread-6] root: 127.0.0.1:50083 -> 79dd3cf5e97f199af4cf481808382a61:79dd3cf5e97f199af4cf481808382a60
2021-03-19 15:28:43,583 DEBUG [Thread-6] root: Got range big ints
2021-03-19 15:28:43,583 DEBUG [Thread-6] root: Range end < range start
2021-03-19 15:28:43,583 DEBUG [Thread-6] root: Done with range check in server
2021-03-19 15:28:43,583 DEBUG [Thread-6] root: In range
2021-03-19 15:28:43,584 INFO  [Thread-6] root: Put: key = 1, value = SIA1
2021-03-19 15:28:43,585 DEBUG [Thread-6] root: Getting successors
2021-03-19 15:28:43,585 DEBUG [Thread-6] root: Got successors
2021-03-19 15:28:43,585 DEBUG [Thread-6] root: Propagating to: 127.0.0.1:50083 127.0.0.1:50083
Starting commModule
2021-03-19 15:28:43,585 INFO  [Thread-0] root: Server communication module connected
2021-03-19 15:28:43,585 INFO  [Thread-6] root: Client communication module connected
2021-03-19 15:28:43,586 INFO  [Thread-0] root: Connected to localhost on port 59675
Starting commModule
2021-03-19 15:28:43,586 INFO  [Thread-0] root: Server communication module connected
2021-03-19 15:28:43,586 INFO  [Thread-6] root: Client communication module connected
2021-03-19 15:28:43,586 DEBUG [Thread-6] root: {"1":"SIA1"}
2021-03-19 15:28:43,586 INFO  [Thread-0] root: Connected to localhost on port 59676
2021-03-19 15:28:43,587 INFO  [Thread-6] root: Message sent by client -> Status: PROPAGATE
2021-03-19 15:28:43,587 INFO  [Thread-7] root: Message received by server -> Status: PROPAGATE
2021-03-19 15:28:43,587 DEBUG [Thread-7] root: In serve
2021-03-19 15:28:43,587 DEBUG [Thread-7] root: Checking if stopped or write locked
2021-03-19 15:28:43,587 DEBUG [Thread-7] root: Case propagate
2021-03-19 15:28:43,587 INFO  [Thread-6] root: Message sent by client -> Status: PROPAGATE
2021-03-19 15:28:43,587 DEBUG [Thread-7] root: Passing to server
2021-03-19 15:28:43,588 DEBUG [Thread-7] root: Getting Predecessors
2021-03-19 15:28:43,588 DEBUG [Thread-7] root: Looking for 127.0.0.1:50083
2021-03-19 15:28:43,588 DEBUG [Thread-7] root: [127.0.0.1:50083]
2021-03-19 15:28:43,588 DEBUG [Thread-7] root: Predecessors:
2021-03-19 15:28:43,588 DEBUG [Thread-7] root: [127.0.0.1:50083, 127.0.0.1:50083]
2021-03-19 15:28:43,588 INFO  [Thread-8] root: Message received by server -> Status: PROPAGATE
2021-03-19 15:28:43,588 DEBUG [Thread-7] root: Looking for 127.0.0.1:50083
2021-03-19 15:28:43,588 DEBUG [Thread-8] root: In serve
2021-03-19 15:28:43,588 DEBUG [Thread-7] root: Index of predecessor: 0
2021-03-19 15:28:43,588 DEBUG [Thread-8] root: Checking if stopped or write locked
2021-03-19 15:28:43,588 DEBUG [Thread-7] root: Server Stuff
2021-03-19 15:28:43,588 DEBUG [Thread-8] root: Case propagate
2021-03-19 15:28:43,588 DEBUG [Thread-8] root: Passing to server
2021-03-19 15:28:43,588 DEBUG [Thread-8] root: Getting Predecessors
2021-03-19 15:28:43,589 DEBUG [Thread-8] root: Looking for 127.0.0.1:50083
2021-03-19 15:28:43,589 DEBUG [Thread-8] root: [127.0.0.1:50083]
2021-03-19 15:28:43,589 INFO  [Thread-7] root: Put: key = 1, value = SIA1
2021-03-19 15:28:43,589 DEBUG [Thread-8] root: Predecessors:
2021-03-19 15:28:43,589 DEBUG [Thread-8] root: [127.0.0.1:50083, 127.0.0.1:50083]
2021-03-19 15:28:43,589 DEBUG [Thread-8] root: Looking for 127.0.0.1:50083
2021-03-19 15:28:43,589 DEBUG [Thread-8] root: Index of predecessor: 0
2021-03-19 15:28:43,589 DEBUG [Thread-8] root: Server Stuff
2021-03-19 15:28:43,589 INFO  [Thread-8] root: Put: key = 1, value = SIA1
2021-03-19 15:28:43,589 INFO  [Thread-7] root: Message sent by server -> Status: PROPAGATE_SUCCESS Key: null Value: null
2021-03-19 15:28:43,589 INFO  [Thread-6] root: Message received by client -> Status: PROPAGATE_SUCCESS Key: null Value: null
2021-03-19 15:28:43,590 INFO  [Thread-8] root: Message sent by server -> Status: PROPAGATE_SUCCESS Key: null Value: null
2021-03-19 15:28:43,590 INFO  [Thread-6] root: Message received by client -> Status: PROPAGATE_SUCCESS Key: null Value: null
2021-03-19 15:28:43,590 INFO  [Thread-6] root: Message sent by server -> Status: PUT_SUCCESS Key: 1 Value: SIA1
2021-03-19 15:28:43,591 INFO  [Thread-6] root: Message received by server -> Status: PUT Key: 2 Value: SIA2
2021-03-19 15:28:43,591 DEBUG [Thread-6] root: In serve
2021-03-19 15:28:43,591 DEBUG [Thread-6] root: Checking if stopped or write locked
2021-03-19 15:28:43,591 DEBUG [Thread-6] root: PUT request being served
2021-03-19 15:28:43,591 DEBUG [Thread-6] root: Checking if it's in range
2021-03-19 15:28:43,591 DEBUG [Thread-6] root: Got hostname and port -> 127.0.0.1:50083
2021-03-19 15:28:43,591 DEBUG [Thread-6] root: Got metadata range: 79dd3cf5e97f199af4cf481808382a61:79dd3cf5e97f199af4cf481808382a60
2021-03-19 15:28:43,591 DEBUG [Thread-6] root: 127.0.0.1:50083 -> 79dd3cf5e97f199af4cf481808382a61:79dd3cf5e97f199af4cf481808382a60
2021-03-19 15:28:43,591 DEBUG [Thread-6] root: Got range big ints
2021-03-19 15:28:43,591 DEBUG [Thread-6] root: Range end < range start
2021-03-19 15:28:43,591 DEBUG [Thread-6] root: Done with range check in server
2021-03-19 15:28:43,591 DEBUG [Thread-6] root: In range
2021-03-19 15:28:43,592 INFO  [Thread-6] root: Put: key = 2, value = SIA2
2021-03-19 15:28:43,592 DEBUG [Thread-6] root: Getting successors
2021-03-19 15:28:43,592 DEBUG [Thread-6] root: Got successors
2021-03-19 15:28:43,592 DEBUG [Thread-6] root: Propagating to: 127.0.0.1:50083 127.0.0.1:50083
Starting commModule
2021-03-19 15:28:43,592 INFO  [Thread-0] root: Server communication module connected
2021-03-19 15:28:43,592 INFO  [Thread-6] root: Client communication module connected
2021-03-19 15:28:43,593 INFO  [Thread-0] root: Connected to localhost on port 59677
Starting commModule
2021-03-19 15:28:43,593 INFO  [Thread-0] root: Server communication module connected
2021-03-19 15:28:43,593 INFO  [Thread-6] root: Client communication module connected
2021-03-19 15:28:43,593 DEBUG [Thread-6] root: {"2":"SIA2"}
2021-03-19 15:28:43,594 INFO  [Thread-0] root: Connected to localhost on port 59678
2021-03-19 15:28:43,594 INFO  [Thread-6] root: Message sent by client -> Status: PROPAGATE
2021-03-19 15:28:43,594 INFO  [Thread-6] root: Message sent by client -> Status: PROPAGATE
2021-03-19 15:28:43,594 INFO  [Thread-9] root: Message received by server -> Status: PROPAGATE
2021-03-19 15:28:43,594 DEBUG [Thread-9] root: In serve
2021-03-19 15:28:43,594 DEBUG [Thread-9] root: Checking if stopped or write locked
2021-03-19 15:28:43,594 DEBUG [Thread-9] root: Case propagate
2021-03-19 15:28:43,594 DEBUG [Thread-9] root: Passing to server
2021-03-19 15:28:43,594 DEBUG [Thread-9] root: Getting Predecessors
2021-03-19 15:28:43,594 DEBUG [Thread-9] root: Looking for 127.0.0.1:50083
2021-03-19 15:28:43,594 DEBUG [Thread-9] root: [127.0.0.1:50083]
2021-03-19 15:28:43,594 INFO  [Thread-10] root: Message received by server -> Status: PROPAGATE
2021-03-19 15:28:43,595 DEBUG [Thread-10] root: In serve
2021-03-19 15:28:43,594 DEBUG [Thread-9] root: Predecessors:
2021-03-19 15:28:43,595 DEBUG [Thread-9] root: [127.0.0.1:50083, 127.0.0.1:50083]
2021-03-19 15:28:43,595 DEBUG [Thread-9] root: Looking for 127.0.0.1:50083
2021-03-19 15:28:43,595 DEBUG [Thread-10] root: Checking if stopped or write locked
2021-03-19 15:28:43,595 DEBUG [Thread-9] root: Index of predecessor: 0
2021-03-19 15:28:43,595 DEBUG [Thread-9] root: Server Stuff
2021-03-19 15:28:43,595 DEBUG [Thread-10] root: Case propagate
2021-03-19 15:28:43,595 DEBUG [Thread-10] root: Passing to server
2021-03-19 15:28:43,595 DEBUG [Thread-10] root: Getting Predecessors
2021-03-19 15:28:43,595 DEBUG [Thread-10] root: Looking for 127.0.0.1:50083
2021-03-19 15:28:43,595 DEBUG [Thread-10] root: [127.0.0.1:50083]
2021-03-19 15:28:43,595 INFO  [Thread-9] root: Put: key = 2, value = SIA2
2021-03-19 15:28:43,595 DEBUG [Thread-10] root: Predecessors:
2021-03-19 15:28:43,595 DEBUG [Thread-10] root: [127.0.0.1:50083, 127.0.0.1:50083]
2021-03-19 15:28:43,596 DEBUG [Thread-10] root: Looking for 127.0.0.1:50083
2021-03-19 15:28:43,596 DEBUG [Thread-10] root: Index of predecessor: 0
2021-03-19 15:28:43,596 DEBUG [Thread-10] root: Server Stuff
2021-03-19 15:28:43,596 INFO  [Thread-10] root: Put: key = 2, value = SIA2
2021-03-19 15:28:43,596 INFO  [Thread-9] root: Message sent by server -> Status: PROPAGATE_SUCCESS Key: null Value: null
2021-03-19 15:28:43,596 INFO  [Thread-6] root: Message received by client -> Status: PROPAGATE_SUCCESS Key: null Value: null
2021-03-19 15:28:43,596 INFO  [Thread-10] root: Message sent by server -> Status: PROPAGATE_SUCCESS Key: null Value: null
2021-03-19 15:28:43,596 INFO  [Thread-6] root: Message received by client -> Status: PROPAGATE_SUCCESS Key: null Value: null
2021-03-19 15:28:43,597 INFO  [Thread-6] root: Message sent by server -> Status: PUT_SUCCESS Key: 2 Value: SIA2
2021-03-19 15:28:43,597 INFO  [Thread-6] root: Message received by server -> Status: PUT Key: 3 Value: SIA3
2021-03-19 15:28:43,597 DEBUG [Thread-6] root: In serve
2021-03-19 15:28:43,597 DEBUG [Thread-6] root: Checking if stopped or write locked
2021-03-19 15:28:43,597 DEBUG [Thread-6] root: PUT request being served
2021-03-19 15:28:43,598 DEBUG [Thread-6] root: Checking if it's in range
2021-03-19 15:28:43,598 DEBUG [Thread-6] root: Got hostname and port -> 127.0.0.1:50083
2021-03-19 15:28:43,598 DEBUG [Thread-6] root: Got metadata range: 79dd3cf5e97f199af4cf481808382a61:79dd3cf5e97f199af4cf481808382a60
2021-03-19 15:28:43,598 DEBUG [Thread-6] root: 127.0.0.1:50083 -> 79dd3cf5e97f199af4cf481808382a61:79dd3cf5e97f199af4cf481808382a60
2021-03-19 15:28:43,598 DEBUG [Thread-6] root: Got range big ints
2021-03-19 15:28:43,598 DEBUG [Thread-6] root: Range end < range start
2021-03-19 15:28:43,598 DEBUG [Thread-6] root: Done with range check in server
2021-03-19 15:28:43,598 DEBUG [Thread-6] root: In range
2021-03-19 15:28:43,598 INFO  [Thread-6] root: Put: key = 3, value = SIA3
2021-03-19 15:28:43,598 DEBUG [Thread-6] root: Getting successors
2021-03-19 15:28:43,598 DEBUG [Thread-6] root: Got successors
2021-03-19 15:28:43,598 DEBUG [Thread-6] root: Propagating to: 127.0.0.1:50083 127.0.0.1:50083
Starting commModule
2021-03-19 15:28:43,599 INFO  [Thread-0] root: Server communication module connected
2021-03-19 15:28:43,599 INFO  [Thread-6] root: Client communication module connected
2021-03-19 15:28:43,599 INFO  [Thread-0] root: Connected to localhost on port 59679
Starting commModule
2021-03-19 15:28:43,600 INFO  [Thread-0] root: Server communication module connected
2021-03-19 15:28:43,600 INFO  [Thread-6] root: Client communication module connected
2021-03-19 15:28:43,600 DEBUG [Thread-6] root: {"3":"SIA3"}
2021-03-19 15:28:43,600 INFO  [Thread-0] root: Connected to localhost on port 59680
2021-03-19 15:28:43,600 INFO  [Thread-6] root: Message sent by client -> Status: PROPAGATE
2021-03-19 15:28:43,600 INFO  [Thread-6] root: Message sent by client -> Status: PROPAGATE
2021-03-19 15:28:43,600 INFO  [Thread-11] root: Message received by server -> Status: PROPAGATE
2021-03-19 15:28:43,601 DEBUG [Thread-11] root: In serve
2021-03-19 15:28:43,601 DEBUG [Thread-11] root: Checking if stopped or write locked
2021-03-19 15:28:43,601 DEBUG [Thread-11] root: Case propagate
2021-03-19 15:28:43,601 DEBUG [Thread-11] root: Passing to server
2021-03-19 15:28:43,601 DEBUG [Thread-11] root: Getting Predecessors
2021-03-19 15:28:43,601 DEBUG [Thread-11] root: Looking for 127.0.0.1:50083
2021-03-19 15:28:43,601 DEBUG [Thread-11] root: [127.0.0.1:50083]
2021-03-19 15:28:43,601 DEBUG [Thread-11] root: Predecessors:
2021-03-19 15:28:43,601 INFO  [Thread-12] root: Message received by server -> Status: PROPAGATE
2021-03-19 15:28:43,601 DEBUG [Thread-11] root: [127.0.0.1:50083, 127.0.0.1:50083]
2021-03-19 15:28:43,601 DEBUG [Thread-12] root: In serve
2021-03-19 15:28:43,601 DEBUG [Thread-11] root: Looking for 127.0.0.1:50083
2021-03-19 15:28:43,601 DEBUG [Thread-12] root: Checking if stopped or write locked
2021-03-19 15:28:43,601 DEBUG [Thread-11] root: Index of predecessor: 0
2021-03-19 15:28:43,601 DEBUG [Thread-11] root: Server Stuff
2021-03-19 15:28:43,601 DEBUG [Thread-12] root: Case propagate
2021-03-19 15:28:43,601 DEBUG [Thread-12] root: Passing to server
2021-03-19 15:28:43,601 DEBUG [Thread-12] root: Getting Predecessors
2021-03-19 15:28:43,601 DEBUG [Thread-12] root: Looking for 127.0.0.1:50083
2021-03-19 15:28:43,601 DEBUG [Thread-12] root: [127.0.0.1:50083]
2021-03-19 15:28:43,601 INFO  [Thread-11] root: Put: key = 3, value = SIA3
2021-03-19 15:28:43,601 DEBUG [Thread-12] root: Predecessors:
2021-03-19 15:28:43,601 DEBUG [Thread-12] root: [127.0.0.1:50083, 127.0.0.1:50083]
2021-03-19 15:28:43,601 DEBUG [Thread-12] root: Looking for 127.0.0.1:50083
2021-03-19 15:28:43,601 DEBUG [Thread-12] root: Index of predecessor: 0
2021-03-19 15:28:43,601 DEBUG [Thread-12] root: Server Stuff
2021-03-19 15:28:43,602 INFO  [Thread-12] root: Put: key = 3, value = SIA3
2021-03-19 15:28:43,602 INFO  [Thread-11] root: Message sent by server -> Status: PROPAGATE_SUCCESS Key: null Value: null
2021-03-19 15:28:43,602 INFO  [Thread-6] root: Message received by client -> Status: PROPAGATE_SUCCESS Key: null Value: null
2021-03-19 15:28:43,602 INFO  [Thread-12] root: Message sent by server -> Status: PROPAGATE_SUCCESS Key: null Value: null
2021-03-19 15:28:43,603 INFO  [Thread-6] root: Message received by client -> Status: PROPAGATE_SUCCESS Key: null Value: null
2021-03-19 15:28:43,603 INFO  [Thread-6] root: Message sent by server -> Status: PUT_SUCCESS Key: 3 Value: SIA3
2021-03-19 15:28:43,603 INFO  [Thread-6] root: Message received by server -> Status: PUT Key: 4 Value: SIA4
2021-03-19 15:28:43,603 DEBUG [Thread-6] root: In serve
2021-03-19 15:28:43,603 DEBUG [Thread-6] root: Checking if stopped or write locked
2021-03-19 15:28:43,604 DEBUG [Thread-6] root: PUT request being served
2021-03-19 15:28:43,604 DEBUG [Thread-6] root: Checking if it's in range
2021-03-19 15:28:43,604 DEBUG [Thread-6] root: Got hostname and port -> 127.0.0.1:50083
2021-03-19 15:28:43,604 DEBUG [Thread-6] root: Got metadata range: 79dd3cf5e97f199af4cf481808382a61:79dd3cf5e97f199af4cf481808382a60
2021-03-19 15:28:43,604 DEBUG [Thread-6] root: 127.0.0.1:50083 -> 79dd3cf5e97f199af4cf481808382a61:79dd3cf5e97f199af4cf481808382a60
2021-03-19 15:28:43,604 DEBUG [Thread-6] root: Got range big ints
2021-03-19 15:28:43,604 DEBUG [Thread-6] root: Range end < range start
2021-03-19 15:28:43,604 DEBUG [Thread-6] root: Done with range check in server
2021-03-19 15:28:43,604 DEBUG [Thread-6] root: In range
2021-03-19 15:28:43,604 INFO  [Thread-6] root: Put: key = 4, value = SIA4
2021-03-19 15:28:43,605 DEBUG [Thread-6] root: Getting successors
2021-03-19 15:28:43,605 DEBUG [Thread-6] root: Got successors
2021-03-19 15:28:43,605 DEBUG [Thread-6] root: Propagating to: 127.0.0.1:50083 127.0.0.1:50083
Starting commModule
2021-03-19 15:28:43,605 INFO  [Thread-6] root: Client communication module connected
2021-03-19 15:28:43,605 INFO  [Thread-0] root: Server communication module connected
2021-03-19 15:28:43,606 INFO  [Thread-0] root: Connected to localhost on port 59681
Starting commModule
2021-03-19 15:28:43,606 INFO  [Thread-0] root: Server communication module connected
2021-03-19 15:28:43,606 INFO  [Thread-6] root: Client communication module connected
2021-03-19 15:28:43,606 DEBUG [Thread-6] root: {"4":"SIA4"}
2021-03-19 15:28:43,606 INFO  [Thread-0] root: Connected to localhost on port 59682
2021-03-19 15:28:43,607 INFO  [Thread-6] root: Message sent by client -> Status: PROPAGATE
2021-03-19 15:28:43,607 INFO  [Thread-13] root: Message received by server -> Status: PROPAGATE
2021-03-19 15:28:43,607 DEBUG [Thread-13] root: In serve
2021-03-19 15:28:43,607 INFO  [Thread-6] root: Message sent by client -> Status: PROPAGATE
2021-03-19 15:28:43,607 DEBUG [Thread-13] root: Checking if stopped or write locked
2021-03-19 15:28:43,607 DEBUG [Thread-13] root: Case propagate
2021-03-19 15:28:43,607 DEBUG [Thread-13] root: Passing to server
2021-03-19 15:28:43,607 DEBUG [Thread-13] root: Getting Predecessors
2021-03-19 15:28:43,607 DEBUG [Thread-13] root: Looking for 127.0.0.1:50083
2021-03-19 15:28:43,607 DEBUG [Thread-13] root: [127.0.0.1:50083]
2021-03-19 15:28:43,607 DEBUG [Thread-13] root: Predecessors:
2021-03-19 15:28:43,607 DEBUG [Thread-13] root: [127.0.0.1:50083, 127.0.0.1:50083]
2021-03-19 15:28:43,607 DEBUG [Thread-13] root: Looking for 127.0.0.1:50083
2021-03-19 15:28:43,607 DEBUG [Thread-13] root: Index of predecessor: 0
2021-03-19 15:28:43,607 DEBUG [Thread-13] root: Server Stuff
2021-03-19 15:28:43,608 INFO  [Thread-13] root: Put: key = 4, value = SIA4
2021-03-19 15:28:43,608 INFO  [Thread-14] root: Message received by server -> Status: PROPAGATE
2021-03-19 15:28:43,608 DEBUG [Thread-14] root: In serve
2021-03-19 15:28:43,608 DEBUG [Thread-14] root: Checking if stopped or write locked
2021-03-19 15:28:43,608 DEBUG [Thread-14] root: Case propagate
2021-03-19 15:28:43,608 DEBUG [Thread-14] root: Passing to server
2021-03-19 15:28:43,608 DEBUG [Thread-14] root: Getting Predecessors
2021-03-19 15:28:43,608 DEBUG [Thread-14] root: Looking for 127.0.0.1:50083
2021-03-19 15:28:43,608 DEBUG [Thread-14] root: [127.0.0.1:50083]
2021-03-19 15:28:43,608 DEBUG [Thread-14] root: Predecessors:
2021-03-19 15:28:43,608 DEBUG [Thread-14] root: [127.0.0.1:50083, 127.0.0.1:50083]
2021-03-19 15:28:43,608 DEBUG [Thread-14] root: Looking for 127.0.0.1:50083
2021-03-19 15:28:43,608 DEBUG [Thread-14] root: Index of predecessor: 0
2021-03-19 15:28:43,608 DEBUG [Thread-14] root: Server Stuff
2021-03-19 15:28:43,608 INFO  [Thread-13] root: Message sent by server -> Status: PROPAGATE_SUCCESS Key: null Value: null
2021-03-19 15:28:43,608 INFO  [Thread-14] root: Put: key = 4, value = SIA4
2021-03-19 15:28:43,608 INFO  [Thread-6] root: Message received by client -> Status: PROPAGATE_SUCCESS Key: null Value: null
2021-03-19 15:28:43,609 INFO  [Thread-14] root: Message sent by server -> Status: PROPAGATE_SUCCESS Key: null Value: null
2021-03-19 15:28:43,609 INFO  [Thread-6] root: Message received by client -> Status: PROPAGATE_SUCCESS Key: null Value: null
2021-03-19 15:28:43,609 INFO  [Thread-6] root: Message sent by server -> Status: PUT_SUCCESS Key: 4 Value: SIA4
Starting commModule
2021-03-19 15:28:44,145 INFO  [Thread-0] root: Server communication module connected
2021-03-19 15:28:44,146 INFO  [Thread-0] root: Connected to localhost on port 59686
2021-03-19 15:28:44,146 INFO  [Thread-15] root: Message received by server -> Status: UPDATE
received adminmsg
2021-03-19 15:28:44,147 INFO  [Thread-15] root: Message sent by server -> Status: UPDATE_SUCCESS
Starting commModule
2021-03-19 15:28:44,148 INFO  [Thread-0] root: Server communication module connected
2021-03-19 15:28:44,149 INFO  [Thread-0] root: Connected to localhost on port 59687
2021-03-19 15:28:44,149 INFO  [Thread-16] root: Message received by server -> Status: PROPAGATE_ADMIN
received adminmsg
2021-03-19 15:28:44,149 DEBUG [Thread-16] root: Getting successors
2021-03-19 15:28:44,150 DEBUG [Thread-16] root: Got successors
2021-03-19 15:28:44,150 DEBUG [Thread-16] root: Propagating to: 127.0.0.1:50005 127.0.0.1:50083
2021-03-19 15:28:44,150 INFO  [Thread-16] root: Client communication module connected
Starting commModule
2021-03-19 15:28:44,151 INFO  [Thread-16] root: Client communication module connected
2021-03-19 15:28:44,151 DEBUG [Thread-16] root: {"1":"SIA1","2":"SIA2","3":"SIA3","4":"SIA4"}
2021-03-19 15:28:44,151 INFO  [Thread-0] root: Server communication module connected
2021-03-19 15:28:44,152 INFO  [Thread-16] root: Message sent by client -> Status: PROPAGATE
2021-03-19 15:28:44,152 INFO  [Thread-0] root: Connected to localhost on port 59689
2021-03-19 15:28:44,152 INFO  [Thread-16] root: Message sent by client -> Status: PROPAGATE
2021-03-19 15:28:44,153 INFO  [Thread-17] root: Message received by server -> Status: PROPAGATE
2021-03-19 15:28:44,153 DEBUG [Thread-17] root: In serve
2021-03-19 15:28:44,153 DEBUG [Thread-17] root: Checking if stopped or write locked
2021-03-19 15:28:44,153 DEBUG [Thread-17] root: Case propagate
2021-03-19 15:28:44,153 DEBUG [Thread-17] root: Passing to server
2021-03-19 15:28:44,153 DEBUG [Thread-17] root: Getting Predecessors
2021-03-19 15:28:44,153 DEBUG [Thread-17] root: Looking for 127.0.0.1:50083
2021-03-19 15:28:44,153 DEBUG [Thread-17] root: [127.0.0.1:50005, 127.0.0.1:50083]
2021-03-19 15:28:44,153 DEBUG [Thread-17] root: Predecessors:
2021-03-19 15:28:44,153 DEBUG [Thread-17] root: [127.0.0.1:50083, 127.0.0.1:50005]
2021-03-19 15:28:44,154 DEBUG [Thread-17] root: Looking for 127.0.0.1:50083
2021-03-19 15:28:44,154 DEBUG [Thread-17] root: Index of predecessor: 0
2021-03-19 15:28:44,154 DEBUG [Thread-17] root: Server Stuff
2021-03-19 15:28:44,154 INFO  [Thread-17] root: Put: key = 1, value = SIA1
2021-03-19 15:28:44,154 INFO  [Thread-17] root: Put: key = 2, value = SIA2
2021-03-19 15:28:44,155 INFO  [Thread-17] root: Put: key = 3, value = SIA3
2021-03-19 15:28:44,155 INFO  [Thread-17] root: Put: key = 4, value = SIA4
2021-03-19 15:28:44,156 INFO  [Thread-17] root: Message sent by server -> Status: PROPAGATE_SUCCESS Key: null Value: null
2021-03-19 15:28:44,165 INFO  [Thread-16] root: Message received by client -> Status: PROPAGATE_SUCCESS Key: null Value: null
2021-03-19 15:28:44,165 INFO  [Thread-16] root: Message received by client -> Status: PROPAGATE_SUCCESS Key: null Value: null
2021-03-19 15:28:44,166 INFO  [Thread-16] root: Message sent by server -> Status: PROPAGATE_SUCCESS
Starting commModule
2021-03-19 15:28:44,167 INFO  [Thread-0] root: Server communication module connected
2021-03-19 15:28:44,167 INFO  [Thread-18] root: Message received by server -> Status: MOVE_DATA
received adminmsg
2021-03-19 15:28:44,167 INFO  [Thread-0] root: Connected to localhost on port 59690
2021-03-19 15:28:44,167 DEBUG [Thread-18] root: Input data: 
2021-03-19 15:28:44,167 DEBUG [Thread-18] root: 79dd3cf5e97f199af4cf481808382a61:297e522da5461c774be1037dfb0a8226
2021-03-19 15:28:44,167 DEBUG [Thread-18] root: 127.0.0.1:50005
2021-03-19 15:28:44,168 INFO  [Thread-18] root: Client communication module connected
2021-03-19 15:28:44,168 DEBUG [Thread-18] root: Host: 127.0.0.1
2021-03-19 15:28:44,168 DEBUG [Thread-18] root: Port: 50005
2021-03-19 15:28:44,168 DEBUG [Thread-18] root: Range: 79dd3cf5e97f199af4cf481808382a61:297e522da5461c774be1037dfb0a8226
2021-03-19 15:28:44,168 DEBUG [Thread-18] root: In interator.
2021-03-19 15:28:44,169 DEBUG [Thread-18] root: Key: 1
2021-03-19 15:28:44,170 DEBUG [Thread-18] root: KeyHash: 261578874264819908609102035485573088411
2021-03-19 15:28:44,170 DEBUG [Thread-18] root: In range? true
2021-03-19 15:28:44,170 DEBUG [Thread-18] root: Adding key to flush
2021-03-19 15:28:44,170 DEBUG [Thread-18] root: Added key to flush
2021-03-19 15:28:44,170 DEBUG [Thread-18] root: Getting key value
2021-03-19 15:28:44,170 DEBUG [Thread-18] root: Got key value
2021-03-19 15:28:44,170 DEBUG [Thread-18] root: KVPair: 1:SIA1
2021-03-19 15:28:44,170 INFO  [Thread-18] root: Message sent by client -> Status: PUT Key: 1 Value: SIA1
Starting commModule
2021-03-19 15:28:44,183 INFO  [Thread-0] root: Server communication module connected
2021-03-19 15:28:44,184 INFO  [Thread-0] root: Connected to localhost on port 59692
2021-03-19 15:28:44,186 INFO  [Thread-19] root: Message received by server -> Status: PROPAGATE
2021-03-19 15:28:44,186 DEBUG [Thread-19] root: In serve
2021-03-19 15:28:44,186 DEBUG [Thread-19] root: Checking if stopped or write locked
2021-03-19 15:28:44,186 DEBUG [Thread-19] root: Case propagate
2021-03-19 15:28:44,186 DEBUG [Thread-19] root: Passing to server
2021-03-19 15:28:44,186 DEBUG [Thread-19] root: Getting Predecessors
2021-03-19 15:28:44,186 DEBUG [Thread-19] root: Looking for 127.0.0.1:50083
2021-03-19 15:28:44,186 DEBUG [Thread-19] root: [127.0.0.1:50005, 127.0.0.1:50083]
2021-03-19 15:28:44,186 DEBUG [Thread-19] root: Predecessors:
2021-03-19 15:28:44,186 DEBUG [Thread-19] root: [127.0.0.1:50083, 127.0.0.1:50005]
2021-03-19 15:28:44,186 DEBUG [Thread-19] root: Looking for 127.0.0.1:50005
2021-03-19 15:28:44,186 DEBUG [Thread-19] root: Index of predecessor: 1
2021-03-19 15:28:44,186 DEBUG [Thread-19] root: Server Stuff
2021-03-19 15:28:44,186 INFO  [Thread-19] root: Put: key = 1, value = SIA1
2021-03-19 15:28:44,187 INFO  [Thread-19] root: Message sent by server -> Status: PROPAGATE_SUCCESS Key: null Value: null
2021-03-19 15:28:44,190 INFO  [Thread-18] root: Message received by client -> Status: PUT_SUCCESS Key: 1 Value: SIA1
2021-03-19 15:28:44,190 DEBUG [Thread-18] root: In interator.
2021-03-19 15:28:44,190 DEBUG [Thread-18] root: Key: 2
2021-03-19 15:28:44,190 DEBUG [Thread-18] root: KeyHash: 266003691477286198901011725417809479212
2021-03-19 15:28:44,190 DEBUG [Thread-18] root: In range? true
2021-03-19 15:28:44,190 DEBUG [Thread-18] root: Adding key to flush
2021-03-19 15:28:44,190 DEBUG [Thread-18] root: Added key to flush
2021-03-19 15:28:44,190 DEBUG [Thread-18] root: Getting key value
2021-03-19 15:28:44,190 DEBUG [Thread-18] root: Got key value
2021-03-19 15:28:44,190 DEBUG [Thread-18] root: KVPair: 2:SIA2
2021-03-19 15:28:44,190 INFO  [Thread-18] root: Message sent by client -> Status: PUT Key: 2 Value: SIA2
Starting commModule
2021-03-19 15:28:44,192 INFO  [Thread-0] root: Server communication module connected
2021-03-19 15:28:44,193 INFO  [Thread-0] root: Connected to localhost on port 59694
2021-03-19 15:28:44,194 INFO  [Thread-20] root: Message received by server -> Status: PROPAGATE
2021-03-19 15:28:44,194 DEBUG [Thread-20] root: In serve
2021-03-19 15:28:44,194 DEBUG [Thread-20] root: Checking if stopped or write locked
2021-03-19 15:28:44,194 DEBUG [Thread-20] root: Case propagate
2021-03-19 15:28:44,194 DEBUG [Thread-20] root: Passing to server
2021-03-19 15:28:44,194 DEBUG [Thread-20] root: Getting Predecessors
2021-03-19 15:28:44,194 DEBUG [Thread-20] root: Looking for 127.0.0.1:50083
2021-03-19 15:28:44,194 DEBUG [Thread-20] root: [127.0.0.1:50005, 127.0.0.1:50083]
2021-03-19 15:28:44,194 DEBUG [Thread-20] root: Predecessors:
2021-03-19 15:28:44,194 DEBUG [Thread-20] root: [127.0.0.1:50083, 127.0.0.1:50005]
2021-03-19 15:28:44,194 DEBUG [Thread-20] root: Looking for 127.0.0.1:50005
2021-03-19 15:28:44,194 DEBUG [Thread-20] root: Index of predecessor: 1
2021-03-19 15:28:44,194 DEBUG [Thread-20] root: Server Stuff
2021-03-19 15:28:44,195 INFO  [Thread-20] root: Put: key = 2, value = SIA2
2021-03-19 15:28:44,195 INFO  [Thread-20] root: Message sent by server -> Status: PROPAGATE_SUCCESS Key: null Value: null
2021-03-19 15:28:44,197 INFO  [Thread-18] root: Message received by client -> Status: PUT_SUCCESS Key: 2 Value: SIA2
2021-03-19 15:28:44,197 DEBUG [Thread-18] root: In interator.
2021-03-19 15:28:44,197 DEBUG [Thread-18] root: Key: 3
2021-03-19 15:28:44,197 DEBUG [Thread-18] root: KeyHash: 314755909755515592000481005244904880883
2021-03-19 15:28:44,197 DEBUG [Thread-18] root: In range? true
2021-03-19 15:28:44,197 DEBUG [Thread-18] root: Adding key to flush
2021-03-19 15:28:44,197 DEBUG [Thread-18] root: Added key to flush
2021-03-19 15:28:44,197 DEBUG [Thread-18] root: Getting key value
2021-03-19 15:28:44,197 DEBUG [Thread-18] root: Got key value
2021-03-19 15:28:44,197 DEBUG [Thread-18] root: KVPair: 3:SIA3
2021-03-19 15:28:44,197 INFO  [Thread-18] root: Message sent by client -> Status: PUT Key: 3 Value: SIA3
Starting commModule
2021-03-19 15:28:44,199 INFO  [Thread-0] root: Server communication module connected
2021-03-19 15:28:44,200 INFO  [Thread-0] root: Connected to localhost on port 59696
2021-03-19 15:28:44,201 INFO  [Thread-21] root: Message received by server -> Status: PROPAGATE
2021-03-19 15:28:44,201 DEBUG [Thread-21] root: In serve
2021-03-19 15:28:44,201 DEBUG [Thread-21] root: Checking if stopped or write locked
2021-03-19 15:28:44,201 DEBUG [Thread-21] root: Case propagate
2021-03-19 15:28:44,201 DEBUG [Thread-21] root: Passing to server
2021-03-19 15:28:44,201 DEBUG [Thread-21] root: Getting Predecessors
2021-03-19 15:28:44,201 DEBUG [Thread-21] root: Looking for 127.0.0.1:50083
2021-03-19 15:28:44,201 DEBUG [Thread-21] root: [127.0.0.1:50005, 127.0.0.1:50083]
2021-03-19 15:28:44,201 DEBUG [Thread-21] root: Predecessors:
2021-03-19 15:28:44,201 DEBUG [Thread-21] root: [127.0.0.1:50083, 127.0.0.1:50005]
2021-03-19 15:28:44,201 DEBUG [Thread-21] root: Looking for 127.0.0.1:50005
2021-03-19 15:28:44,201 DEBUG [Thread-21] root: Index of predecessor: 1
2021-03-19 15:28:44,201 DEBUG [Thread-21] root: Server Stuff
2021-03-19 15:28:44,201 INFO  [Thread-21] root: Put: key = 3, value = SIA3
2021-03-19 15:28:44,202 INFO  [Thread-21] root: Message sent by server -> Status: PROPAGATE_SUCCESS Key: null Value: null
2021-03-19 15:28:44,203 INFO  [Thread-18] root: Message received by client -> Status: PUT_SUCCESS Key: 3 Value: SIA3
2021-03-19 15:28:44,203 DEBUG [Thread-18] root: In interator.
2021-03-19 15:28:44,203 DEBUG [Thread-18] root: Key: 4
2021-03-19 15:28:44,204 DEBUG [Thread-18] root: KeyHash: 223974724102701384270894320508706361900
2021-03-19 15:28:44,204 DEBUG [Thread-18] root: In range? true
2021-03-19 15:28:44,204 DEBUG [Thread-18] root: Adding key to flush
2021-03-19 15:28:44,204 DEBUG [Thread-18] root: Added key to flush
2021-03-19 15:28:44,204 DEBUG [Thread-18] root: Getting key value
2021-03-19 15:28:44,204 DEBUG [Thread-18] root: Got key value
2021-03-19 15:28:44,204 DEBUG [Thread-18] root: KVPair: 4:SIA4
2021-03-19 15:28:44,204 INFO  [Thread-18] root: Message sent by client -> Status: PUT Key: 4 Value: SIA4
Starting commModule
2021-03-19 15:28:44,206 INFO  [Thread-0] root: Server communication module connected
2021-03-19 15:28:44,206 INFO  [Thread-0] root: Connected to localhost on port 59698
2021-03-19 15:28:44,207 INFO  [Thread-22] root: Message received by server -> Status: PROPAGATE
2021-03-19 15:28:44,207 DEBUG [Thread-22] root: In serve
2021-03-19 15:28:44,207 DEBUG [Thread-22] root: Checking if stopped or write locked
2021-03-19 15:28:44,207 DEBUG [Thread-22] root: Case propagate
2021-03-19 15:28:44,207 DEBUG [Thread-22] root: Passing to server
2021-03-19 15:28:44,207 DEBUG [Thread-22] root: Getting Predecessors
2021-03-19 15:28:44,207 DEBUG [Thread-22] root: Looking for 127.0.0.1:50083
2021-03-19 15:28:44,207 DEBUG [Thread-22] root: [127.0.0.1:50005, 127.0.0.1:50083]
2021-03-19 15:28:44,207 DEBUG [Thread-22] root: Predecessors:
2021-03-19 15:28:44,207 DEBUG [Thread-22] root: [127.0.0.1:50083, 127.0.0.1:50005]
2021-03-19 15:28:44,207 DEBUG [Thread-22] root: Looking for 127.0.0.1:50005
2021-03-19 15:28:44,207 DEBUG [Thread-22] root: Index of predecessor: 1
2021-03-19 15:28:44,207 DEBUG [Thread-22] root: Server Stuff
2021-03-19 15:28:44,207 INFO  [Thread-22] root: Put: key = 4, value = SIA4
2021-03-19 15:28:44,208 INFO  [Thread-22] root: Message sent by server -> Status: PROPAGATE_SUCCESS Key: null Value: null
2021-03-19 15:28:44,210 INFO  [Thread-18] root: Message received by client -> Status: PUT_SUCCESS Key: 4 Value: SIA4
2021-03-19 15:28:44,210 DEBUG [Thread-18] root: Starting flush data
2021-03-19 15:28:44,210 INFO  [Thread-18] root: Delete: key = 1
2021-03-19 15:28:44,210 INFO  [Thread-18] root: Updating storage
2021-03-19 15:28:44,210 INFO  [Thread-18] root: Delete: key = 2
2021-03-19 15:28:44,211 INFO  [Thread-18] root: Updating storage
2021-03-19 15:28:44,211 INFO  [Thread-18] root: Delete: key = 3
2021-03-19 15:28:44,211 INFO  [Thread-18] root: Updating storage
2021-03-19 15:28:44,211 INFO  [Thread-18] root: Delete: key = 4
2021-03-19 15:28:44,211 INFO  [Thread-18] root: Updating storage
2021-03-19 15:28:44,211 DEBUG [Thread-18] root: Finished flush data
2021-03-19 15:28:44,211 DEBUG [Thread-18] root: Closing conn
2021-03-19 15:28:44,211 INFO  [Thread-18] root: Connection closed!
2021-03-19 15:28:44,211 DEBUG [Thread-18] root: Closed conn
2021-03-19 15:28:44,211 INFO  [Thread-18] root: Message sent by server -> Status: MOVE_DATA_SUCCESS
Starting commModule
2021-03-19 15:28:44,212 INFO  [Thread-0] root: Server communication module connected
2021-03-19 15:28:44,213 INFO  [Thread-0] root: Connected to localhost on port 59700
2021-03-19 15:28:44,214 INFO  [Thread-23] root: Message received by server -> Status: UPDATE
received adminmsg
2021-03-19 15:28:44,214 INFO  [Thread-23] root: Message sent by server -> Status: UPDATE_SUCCESS
Starting commModule
2021-03-19 15:28:44,218 INFO  [Thread-0] root: Server communication module connected
2021-03-19 15:28:44,218 INFO  [Thread-0] root: Connected to localhost on port 59702
2021-03-19 15:28:44,219 INFO  [Thread-24] root: Message received by server -> Status: PROPAGATE_ADMIN
received adminmsg
2021-03-19 15:28:44,219 DEBUG [Thread-24] root: Getting successors
2021-03-19 15:28:44,219 DEBUG [Thread-24] root: Got successors
2021-03-19 15:28:44,219 DEBUG [Thread-24] root: Propagating to: 127.0.0.1:50005 127.0.0.1:50083
2021-03-19 15:28:44,219 INFO  [Thread-24] root: Client communication module connected
Starting commModule
2021-03-19 15:28:44,220 INFO  [Thread-24] root: Client communication module connected
2021-03-19 15:28:44,220 DEBUG [Thread-24] root: {}
2021-03-19 15:28:44,220 INFO  [Thread-0] root: Server communication module connected
2021-03-19 15:28:44,220 INFO  [Thread-24] root: Message sent by server -> Status: PROPAGATE_SUCCESS
2021-03-19 15:28:44,220 INFO  [Thread-0] root: Connected to localhost on port 59704
Starting commModule
2021-03-19 15:28:44,223 INFO  [Thread-0] root: Server communication module connected
2021-03-19 15:28:44,223 INFO  [Thread-0] root: Connected to localhost on port 59706
2021-03-19 15:28:44,224 INFO  [Thread-26] root: Message received by server -> Status: PROPAGATE
2021-03-19 15:28:44,224 DEBUG [Thread-26] root: In serve
2021-03-19 15:28:44,224 DEBUG [Thread-26] root: Checking if stopped or write locked
2021-03-19 15:28:44,224 DEBUG [Thread-26] root: Case propagate
2021-03-19 15:28:44,224 DEBUG [Thread-26] root: Passing to server
2021-03-19 15:28:44,224 DEBUG [Thread-26] root: Getting Predecessors
2021-03-19 15:28:44,224 DEBUG [Thread-26] root: Looking for 127.0.0.1:50083
2021-03-19 15:28:44,224 DEBUG [Thread-26] root: [127.0.0.1:50005, 127.0.0.1:50083]
2021-03-19 15:28:44,224 DEBUG [Thread-26] root: Predecessors:
2021-03-19 15:28:44,224 DEBUG [Thread-26] root: [127.0.0.1:50083, 127.0.0.1:50005]
2021-03-19 15:28:44,224 DEBUG [Thread-26] root: Looking for 127.0.0.1:50005
2021-03-19 15:28:44,224 DEBUG [Thread-26] root: Index of predecessor: 1
2021-03-19 15:28:44,224 DEBUG [Thread-26] root: Server Stuff
2021-03-19 15:28:44,225 INFO  [Thread-26] root: Put: key = 1, value = SIA1
2021-03-19 15:28:44,225 INFO  [Thread-26] root: Put: key = 2, value = SIA2
2021-03-19 15:28:44,225 INFO  [Thread-26] root: Put: key = 3, value = SIA3
2021-03-19 15:28:44,226 INFO  [Thread-26] root: Put: key = 4, value = SIA4
2021-03-19 15:28:44,226 INFO  [Thread-26] root: Message sent by server -> Status: PROPAGATE_SUCCESS Key: null Value: null
2021-03-19 15:28:44,228 INFO  [Thread-6] root: Message received by server -> Status: GET Key: 1 Value: 
2021-03-19 15:28:44,228 DEBUG [Thread-6] root: In serve
2021-03-19 15:28:44,228 DEBUG [Thread-6] root: Checking if stopped or write locked
2021-03-19 15:28:44,228 DEBUG [Thread-6] root: Checking if it's in range
2021-03-19 15:28:44,228 DEBUG [Thread-6] root: Got hostname and port -> 127.0.0.1:50083
2021-03-19 15:28:44,228 DEBUG [Thread-6] root: Got metadata range: 79dd3cf5e97f199af4cf481808382a61:79dd3cf5e97f199af4cf481808382a60
2021-03-19 15:28:44,228 DEBUG [Thread-6] root: 127.0.0.1:50005 -> 297e522da5461c774be1037dfb0a8227:297e522da5461c774be1037dfb0a8226
2021-03-19 15:28:44,228 DEBUG [Thread-6] root: 127.0.0.1:50083 -> 79dd3cf5e97f199af4cf481808382a61:79dd3cf5e97f199af4cf481808382a60
2021-03-19 15:28:44,228 DEBUG [Thread-6] root: Got range big ints
2021-03-19 15:28:44,228 DEBUG [Thread-6] root: Range end < range start
2021-03-19 15:28:44,228 DEBUG [Thread-6] root: Done with range check in server
2021-03-19 15:28:44,228 INFO  [Thread-6] root: Get: key = 1
2021-03-19 15:28:44,229 INFO  [Thread-6] root: Message sent by server -> Status: GET_SUCCESS Key: 1 Value: SIA1
2021-03-19 15:28:44,229 INFO  [Thread-6] root: Message received by server -> Status: GET Key: 2 Value: 
2021-03-19 15:28:44,229 DEBUG [Thread-6] root: In serve
2021-03-19 15:28:44,230 DEBUG [Thread-6] root: Checking if stopped or write locked
2021-03-19 15:28:44,230 DEBUG [Thread-6] root: Checking if it's in range
2021-03-19 15:28:44,230 DEBUG [Thread-6] root: Got hostname and port -> 127.0.0.1:50083
2021-03-19 15:28:44,230 DEBUG [Thread-6] root: Got metadata range: 79dd3cf5e97f199af4cf481808382a61:79dd3cf5e97f199af4cf481808382a60
2021-03-19 15:28:44,230 DEBUG [Thread-6] root: 127.0.0.1:50005 -> 297e522da5461c774be1037dfb0a8227:297e522da5461c774be1037dfb0a8226
2021-03-19 15:28:44,230 DEBUG [Thread-6] root: 127.0.0.1:50083 -> 79dd3cf5e97f199af4cf481808382a61:79dd3cf5e97f199af4cf481808382a60
2021-03-19 15:28:44,230 DEBUG [Thread-6] root: Got range big ints
2021-03-19 15:28:44,230 DEBUG [Thread-6] root: Range end < range start
2021-03-19 15:28:44,230 DEBUG [Thread-6] root: Done with range check in server
2021-03-19 15:28:44,230 INFO  [Thread-6] root: Get: key = 2
2021-03-19 15:28:44,230 INFO  [Thread-6] root: Message sent by server -> Status: GET_SUCCESS Key: 2 Value: SIA2
2021-03-19 15:28:44,231 INFO  [Thread-6] root: Message received by server -> Status: GET Key: 3 Value: 
2021-03-19 15:28:44,231 DEBUG [Thread-6] root: In serve
2021-03-19 15:28:44,231 DEBUG [Thread-6] root: Checking if stopped or write locked
2021-03-19 15:28:44,231 DEBUG [Thread-6] root: Checking if it's in range
2021-03-19 15:28:44,231 DEBUG [Thread-6] root: Got hostname and port -> 127.0.0.1:50083
2021-03-19 15:28:44,231 DEBUG [Thread-6] root: Got metadata range: 79dd3cf5e97f199af4cf481808382a61:79dd3cf5e97f199af4cf481808382a60
2021-03-19 15:28:44,231 DEBUG [Thread-6] root: 127.0.0.1:50005 -> 297e522da5461c774be1037dfb0a8227:297e522da5461c774be1037dfb0a8226
2021-03-19 15:28:44,231 DEBUG [Thread-6] root: 127.0.0.1:50083 -> 79dd3cf5e97f199af4cf481808382a61:79dd3cf5e97f199af4cf481808382a60
2021-03-19 15:28:44,231 DEBUG [Thread-6] root: Got range big ints
2021-03-19 15:28:44,231 DEBUG [Thread-6] root: Range end < range start
2021-03-19 15:28:44,231 DEBUG [Thread-6] root: Done with range check in server
2021-03-19 15:28:44,231 INFO  [Thread-6] root: Get: key = 3
2021-03-19 15:28:44,232 INFO  [Thread-6] root: Message sent by server -> Status: GET_SUCCESS Key: 3 Value: SIA3
2021-03-19 15:28:44,232 INFO  [Thread-6] root: Message received by server -> Status: GET Key: 4 Value: 
2021-03-19 15:28:44,232 DEBUG [Thread-6] root: In serve
2021-03-19 15:28:44,232 DEBUG [Thread-6] root: Checking if stopped or write locked
2021-03-19 15:28:44,232 DEBUG [Thread-6] root: Checking if it's in range
2021-03-19 15:28:44,232 DEBUG [Thread-6] root: Got hostname and port -> 127.0.0.1:50083
2021-03-19 15:28:44,232 DEBUG [Thread-6] root: Got metadata range: 79dd3cf5e97f199af4cf481808382a61:79dd3cf5e97f199af4cf481808382a60
2021-03-19 15:28:44,232 DEBUG [Thread-6] root: 127.0.0.1:50005 -> 297e522da5461c774be1037dfb0a8227:297e522da5461c774be1037dfb0a8226
2021-03-19 15:28:44,232 DEBUG [Thread-6] root: 127.0.0.1:50083 -> 79dd3cf5e97f199af4cf481808382a61:79dd3cf5e97f199af4cf481808382a60
2021-03-19 15:28:44,232 DEBUG [Thread-6] root: Got range big ints
2021-03-19 15:28:44,232 DEBUG [Thread-6] root: Range end < range start
2021-03-19 15:28:44,232 DEBUG [Thread-6] root: Done with range check in server
2021-03-19 15:28:44,232 INFO  [Thread-6] root: Get: key = 4
2021-03-19 15:28:44,233 INFO  [Thread-6] root: Message sent by server -> Status: GET_SUCCESS Key: 4 Value: SIA4
2021-03-19 15:28:44,233 INFO  [Thread-6] root: Message received by server -> Status: PUT Key: 1 Value: null
2021-03-19 15:28:44,233 DEBUG [Thread-6] root: In serve
2021-03-19 15:28:44,234 DEBUG [Thread-6] root: Checking if stopped or write locked
2021-03-19 15:28:44,234 DEBUG [Thread-6] root: PUT request being served
2021-03-19 15:28:44,234 DEBUG [Thread-6] root: Checking if it's in range
2021-03-19 15:28:44,234 DEBUG [Thread-6] root: Got hostname and port -> 127.0.0.1:50083
2021-03-19 15:28:44,234 DEBUG [Thread-6] root: Got metadata range: 297e522da5461c774be1037dfb0a8227:79dd3cf5e97f199af4cf481808382a60
2021-03-19 15:28:44,234 DEBUG [Thread-6] root: 127.0.0.1:50005 -> 79dd3cf5e97f199af4cf481808382a61:297e522da5461c774be1037dfb0a8226
2021-03-19 15:28:44,234 DEBUG [Thread-6] root: 127.0.0.1:50083 -> 297e522da5461c774be1037dfb0a8227:79dd3cf5e97f199af4cf481808382a60
2021-03-19 15:28:44,234 DEBUG [Thread-6] root: Got range big ints
2021-03-19 15:28:44,234 DEBUG [Thread-6] root: Range start < range end
2021-03-19 15:28:44,234 DEBUG [Thread-6] root: Done with range check in server
2021-03-19 15:28:44,234 DEBUG [Thread-6] root: Not in range
2021-03-19 15:28:44,234 INFO  [Thread-6] root: Message sent by server -> Status: SERVER_NOT_RESPONSIBLE Key: 1 Value: null
Starting commModule
2021-03-19 15:28:44,240 INFO  [Thread-0] root: Server communication module connected
2021-03-19 15:28:44,241 INFO  [Thread-0] root: Connected to localhost on port 59709
2021-03-19 15:28:44,242 INFO  [Thread-27] root: Message received by server -> Status: PROPAGATE
2021-03-19 15:28:44,242 DEBUG [Thread-27] root: In serve
2021-03-19 15:28:44,242 DEBUG [Thread-27] root: Checking if stopped or write locked
2021-03-19 15:28:44,242 DEBUG [Thread-27] root: Case propagate
2021-03-19 15:28:44,242 DEBUG [Thread-27] root: Passing to server
2021-03-19 15:28:44,242 DEBUG [Thread-27] root: Getting Predecessors
2021-03-19 15:28:44,242 DEBUG [Thread-27] root: Looking for 127.0.0.1:50083
2021-03-19 15:28:44,242 DEBUG [Thread-27] root: [127.0.0.1:50005, 127.0.0.1:50083]
2021-03-19 15:28:44,242 DEBUG [Thread-27] root: Predecessors:
2021-03-19 15:28:44,242 DEBUG [Thread-27] root: [127.0.0.1:50083, 127.0.0.1:50005]
2021-03-19 15:28:44,242 DEBUG [Thread-27] root: Looking for 127.0.0.1:50005
2021-03-19 15:28:44,242 DEBUG [Thread-27] root: Index of predecessor: 1
2021-03-19 15:28:44,242 DEBUG [Thread-27] root: Server Stuff
2021-03-19 15:28:44,242 INFO  [Thread-27] root: Delete: key = 1
2021-03-19 15:28:44,242 INFO  [Thread-27] root: Updating storage
2021-03-19 15:28:44,243 INFO  [Thread-27] root: Message sent by server -> Status: PROPAGATE_SUCCESS Key: null Value: null
Starting commModule
2021-03-19 15:28:44,247 INFO  [Thread-0] root: Server communication module connected
2021-03-19 15:28:44,248 INFO  [Thread-0] root: Connected to localhost on port 59711
2021-03-19 15:28:44,249 INFO  [Thread-28] root: Message received by server -> Status: PROPAGATE
2021-03-19 15:28:44,249 DEBUG [Thread-28] root: In serve
2021-03-19 15:28:44,249 DEBUG [Thread-28] root: Checking if stopped or write locked
2021-03-19 15:28:44,249 DEBUG [Thread-28] root: Case propagate
2021-03-19 15:28:44,249 DEBUG [Thread-28] root: Passing to server
2021-03-19 15:28:44,249 DEBUG [Thread-28] root: Getting Predecessors
2021-03-19 15:28:44,249 DEBUG [Thread-28] root: Looking for 127.0.0.1:50083
2021-03-19 15:28:44,249 DEBUG [Thread-28] root: [127.0.0.1:50005, 127.0.0.1:50083]
2021-03-19 15:28:44,249 DEBUG [Thread-28] root: Predecessors:
2021-03-19 15:28:44,249 DEBUG [Thread-28] root: [127.0.0.1:50083, 127.0.0.1:50005]
2021-03-19 15:28:44,249 DEBUG [Thread-28] root: Looking for 127.0.0.1:50005
2021-03-19 15:28:44,249 DEBUG [Thread-28] root: Index of predecessor: 1
2021-03-19 15:28:44,249 DEBUG [Thread-28] root: Server Stuff
2021-03-19 15:28:44,249 INFO  [Thread-28] root: Delete: key = 2
2021-03-19 15:28:44,249 INFO  [Thread-28] root: Updating storage
2021-03-19 15:28:44,250 INFO  [Thread-28] root: Message sent by server -> Status: PROPAGATE_SUCCESS Key: null Value: null
Starting commModule
2021-03-19 15:28:44,253 INFO  [Thread-0] root: Server communication module connected
2021-03-19 15:28:44,254 INFO  [Thread-0] root: Connected to localhost on port 59713
2021-03-19 15:28:44,254 INFO  [Thread-29] root: Message received by server -> Status: PROPAGATE
2021-03-19 15:28:44,254 DEBUG [Thread-29] root: In serve
2021-03-19 15:28:44,254 DEBUG [Thread-29] root: Checking if stopped or write locked
2021-03-19 15:28:44,254 DEBUG [Thread-29] root: Case propagate
2021-03-19 15:28:44,254 DEBUG [Thread-29] root: Passing to server
2021-03-19 15:28:44,254 DEBUG [Thread-29] root: Getting Predecessors
2021-03-19 15:28:44,254 DEBUG [Thread-29] root: Looking for 127.0.0.1:50083
2021-03-19 15:28:44,255 DEBUG [Thread-29] root: [127.0.0.1:50005, 127.0.0.1:50083]
2021-03-19 15:28:44,255 DEBUG [Thread-29] root: Predecessors:
2021-03-19 15:28:44,255 DEBUG [Thread-29] root: [127.0.0.1:50083, 127.0.0.1:50005]
2021-03-19 15:28:44,255 DEBUG [Thread-29] root: Looking for 127.0.0.1:50005
2021-03-19 15:28:44,255 DEBUG [Thread-29] root: Index of predecessor: 1
2021-03-19 15:28:44,255 DEBUG [Thread-29] root: Server Stuff
2021-03-19 15:28:44,255 INFO  [Thread-29] root: Delete: key = 3
2021-03-19 15:28:44,255 INFO  [Thread-29] root: Updating storage
2021-03-19 15:28:44,255 INFO  [Thread-29] root: Message sent by server -> Status: PROPAGATE_SUCCESS Key: null Value: null
Starting commModule
2021-03-19 15:28:44,258 INFO  [Thread-0] root: Server communication module connected
2021-03-19 15:28:44,259 INFO  [Thread-0] root: Connected to localhost on port 59715
2021-03-19 15:28:44,260 INFO  [Thread-30] root: Message received by server -> Status: PROPAGATE
2021-03-19 15:28:44,260 DEBUG [Thread-30] root: In serve
2021-03-19 15:28:44,260 DEBUG [Thread-30] root: Checking if stopped or write locked
2021-03-19 15:28:44,260 DEBUG [Thread-30] root: Case propagate
2021-03-19 15:28:44,260 DEBUG [Thread-30] root: Passing to server
2021-03-19 15:28:44,260 DEBUG [Thread-30] root: Getting Predecessors
2021-03-19 15:28:44,260 DEBUG [Thread-30] root: Looking for 127.0.0.1:50083
2021-03-19 15:28:44,260 DEBUG [Thread-30] root: [127.0.0.1:50005, 127.0.0.1:50083]
2021-03-19 15:28:44,260 DEBUG [Thread-30] root: Predecessors:
2021-03-19 15:28:44,260 DEBUG [Thread-30] root: [127.0.0.1:50083, 127.0.0.1:50005]
2021-03-19 15:28:44,260 DEBUG [Thread-30] root: Looking for 127.0.0.1:50005
2021-03-19 15:28:44,260 DEBUG [Thread-30] root: Index of predecessor: 1
2021-03-19 15:28:44,260 DEBUG [Thread-30] root: Server Stuff
2021-03-19 15:28:44,260 INFO  [Thread-30] root: Delete: key = 4
2021-03-19 15:28:44,260 INFO  [Thread-30] root: Updating storage
2021-03-19 15:28:44,260 INFO  [Thread-30] root: Message sent by server -> Status: PROPAGATE_SUCCESS Key: null Value: null
Starting commModule
2021-03-19 15:28:44,263 INFO  [Thread-0] root: Server communication module connected
2021-03-19 15:28:44,263 INFO  [Thread-0] root: Connected to localhost on port 59717
2021-03-19 15:28:44,264 INFO  [Thread-31] root: Message received by server -> Status: SHUTDOWN
received adminmsg
2021-03-19 15:28:44,264 DEBUG [Thread-31] root: Closing the program
2021-03-19 15:28:44,264 INFO  [Thread-31] root: Message sent by server -> Status: SHUTDOWN_SUCCESS
2021-03-19 15:28:44,265 ERROR [Thread-0] root: Error! Unable to establish connection. 

java.net.SocketException: Socket closed
	at java.base/java.net.PlainSocketImpl.socketAccept(Native Method)
	at java.base/java.net.AbstractPlainSocketImpl.accept(AbstractPlainSocketImpl.java:458)
	at java.base/java.net.ServerSocket.implAccept(ServerSocket.java:565)
	at java.base/java.net.ServerSocket.accept(ServerSocket.java:533)
	at app_kvServer.KVServer.run(KVServer.java:408)
2021-03-19 15:28:44,267 INFO  [Thread-0] root: Server stopped.
2021-03-19 15:28:44,267 INFO  [Thread-0] root: Clearing KV Storage...
