2021-03-19 11:58:25,225 INFO  [main] root: Creating Storage Files
2021-03-19 11:58:25,225 INFO  [main] root: File created: server59.json
2021-03-19 11:58:25,226 INFO  [main] root: File created: server59_replica_1.json
2021-03-19 11:58:25,226 INFO  [main] root: File created: server59_replica_2.json
2021-03-19 11:58:25,226 INFO  [Thread-0] root: Initialize server ...
2021-03-19 11:58:25,242 INFO  [Thread-0] root: Server listening on port: 50058
2021-03-19 11:58:25,273 INFO  [Thread-0] org.apache.zookeeper.ZooKeeper: Client environment:zookeeper.version=3.6.2--803c7f1a12f85978cb049af5e4ef23bd8b688715, built on 09/04/2020 12:44 GMT
2021-03-19 11:58:25,273 INFO  [Thread-0] org.apache.zookeeper.ZooKeeper: Client environment:host.name=localhost
2021-03-19 11:58:25,273 INFO  [Thread-0] org.apache.zookeeper.ZooKeeper: Client environment:java.version=11.0.10
2021-03-19 11:58:25,273 INFO  [Thread-0] org.apache.zookeeper.ZooKeeper: Client environment:java.vendor=Azul Systems, Inc.
2021-03-19 11:58:25,273 INFO  [Thread-0] org.apache.zookeeper.ZooKeeper: Client environment:java.home=/Users/steve/Library/Java/JavaVirtualMachines/azul-11.0.10/Contents/Home
2021-03-19 11:58:25,273 INFO  [Thread-0] org.apache.zookeeper.ZooKeeper: Client environment:java.class.path=/Users/steve/Desktop/UofT/year4/winter2021/ECE419/milestone3/m3-server.jar
2021-03-19 11:58:25,273 INFO  [Thread-0] org.apache.zookeeper.ZooKeeper: Client environment:java.library.path=/Users/steve/Library/Java/Extensions:/Library/Java/Extensions:/Network/Library/Java/Extensions:/System/Library/Java/Extensions:/usr/lib/java:.
2021-03-19 11:58:25,273 INFO  [Thread-0] org.apache.zookeeper.ZooKeeper: Client environment:java.io.tmpdir=/var/folders/kz/3gb57nkn6ks6_07_dtt5lqvr0000gn/T/
2021-03-19 11:58:25,273 INFO  [Thread-0] org.apache.zookeeper.ZooKeeper: Client environment:java.compiler=<NA>
2021-03-19 11:58:25,273 INFO  [Thread-0] org.apache.zookeeper.ZooKeeper: Client environment:os.name=Mac OS X
2021-03-19 11:58:25,274 INFO  [Thread-0] org.apache.zookeeper.ZooKeeper: Client environment:os.arch=x86_64
2021-03-19 11:58:25,274 INFO  [Thread-0] org.apache.zookeeper.ZooKeeper: Client environment:os.version=10.16
2021-03-19 11:58:25,274 INFO  [Thread-0] org.apache.zookeeper.ZooKeeper: Client environment:user.name=steve
2021-03-19 11:58:25,274 INFO  [Thread-0] org.apache.zookeeper.ZooKeeper: Client environment:user.home=/Users/steve
2021-03-19 11:58:25,274 INFO  [Thread-0] org.apache.zookeeper.ZooKeeper: Client environment:user.dir=/Users/steve
2021-03-19 11:58:25,274 INFO  [Thread-0] org.apache.zookeeper.ZooKeeper: Client environment:os.memory.free=249MB
2021-03-19 11:58:25,274 INFO  [Thread-0] org.apache.zookeeper.ZooKeeper: Client environment:os.memory.max=4096MB
2021-03-19 11:58:25,274 INFO  [Thread-0] org.apache.zookeeper.ZooKeeper: Client environment:os.memory.total=256MB
2021-03-19 11:58:25,279 INFO  [Thread-0] org.apache.zookeeper.ZooKeeper: Initiating client connection, connectString=localhost:2181 sessionTimeout=3000 watcher=app_kvServer.KVServer$1@1c064949
2021-03-19 11:58:25,285 INFO  [Thread-0] org.apache.zookeeper.common.X509Util: Setting -D jdk.tls.rejectClientInitiatedRenegotiation=true to disable client-initiated TLS renegotiation
2021-03-19 11:58:25,300 INFO  [Thread-0] org.apache.zookeeper.ClientCnxnSocket: jute.maxbuffer value is 1048575 Bytes
2021-03-19 11:58:25,309 INFO  [Thread-0] org.apache.zookeeper.ClientCnxn: zookeeper.request.timeout value is 0. feature enabled=false
2021-03-19 11:58:25,322 DEBUG [Thread-0-SendThread(localhost:2181)] org.apache.zookeeper.SaslServerPrincipal: Canonicalized address to localhost
2021-03-19 11:58:25,323 INFO  [Thread-0-SendThread(localhost:2181)] org.apache.zookeeper.ClientCnxn: Opening socket connection to server localhost/127.0.0.1:2181.
2021-03-19 11:58:25,324 INFO  [Thread-0-SendThread(localhost:2181)] org.apache.zookeeper.ClientCnxn: SASL config status: Will not attempt to authenticate using SASL (unknown error)
2021-03-19 11:58:25,342 INFO  [Thread-0-SendThread(localhost:2181)] org.apache.zookeeper.ClientCnxn: Socket connection established, initiating session, client: /127.0.0.1:57338, server: localhost/127.0.0.1:2181
2021-03-19 11:58:25,343 DEBUG [Thread-0-SendThread(localhost:2181)] org.apache.zookeeper.ClientCnxn: Session establishment request sent on localhost/127.0.0.1:2181
2021-03-19 11:58:25,373 TRACE [Thread-0-SendThread(localhost:2181)] org.apache.zookeeper.ClientCnxnSocket: readConnectResult 37 0x[0,0,0,0,0,0,f,ffffffa0,1,0,14,ffffffbd,52,70,1,67,0,0,0,10,ffffffab,ffffff80,ffffffa1,2b,2e,ffffff9b,3a,3c,ffffffab,ffffffef,ffffff82,49,ffffff9e,ffffffc5,63,ffffff9f,0,]
2021-03-19 11:58:25,375 INFO  [Thread-0-SendThread(localhost:2181)] org.apache.zookeeper.ClientCnxn: Session establishment complete on server localhost/127.0.0.1:2181, session id = 0x10014bd52700167, negotiated timeout = 4000
2021-03-19 11:58:25,378 DEBUG [Thread-0-EventThread] root: ZK event: 
2021-03-19 11:58:25,378 DEBUG [Thread-0-EventThread] root: WatchedEvent state:SyncConnected type:None path:null
2021-03-19 11:58:25,410 DEBUG [Thread-0-SendThread(localhost:2181)] org.apache.zookeeper.ClientCnxn: Reading reply session id: 0x10014bd52700167, packet:: clientPath:null serverPath:null finished:false header:: 1,1  replyHeader:: 1,1156,0  request:: '/keeper/server59,,v{s{31,s{'world,'anyone}}},1  response:: '/keeper/server59 
2021-03-19 11:58:25,420 DEBUG [Thread-0-SendThread(localhost:2181)] org.apache.zookeeper.ClientCnxn: Reading reply session id: 0x10014bd52700167, packet:: clientPath:null serverPath:null finished:false header:: 2,3  replyHeader:: 2,1156,0  request:: '/keeper/server59,T  response:: s{1156,1156,1616169505379,1616169505379,0,0,0,72080397402374503,0,0,1156} 
2021-03-19 11:58:25,448 DEBUG [Thread-0-SendThread(localhost:2181)] org.apache.zookeeper.ClientCnxn: Got notification session id: 0x10014bd52700167
2021-03-19 11:58:25,448 DEBUG [Thread-0-SendThread(localhost:2181)] org.apache.zookeeper.ClientCnxn: Got WatchedEvent state:SyncConnected type:NodeDataChanged path:/keeper/server59 for session id 0x10014bd52700167
2021-03-19 11:58:25,450 DEBUG [Thread-0-EventThread] root: ZK event: 
2021-03-19 11:58:25,450 DEBUG [Thread-0-EventThread] root: WatchedEvent state:SyncConnected type:NodeDataChanged path:/keeper/server59
2021-03-19 11:58:25,450 DEBUG [Thread-0-SendThread(localhost:2181)] org.apache.zookeeper.ClientCnxn: Reading reply session id: 0x10014bd52700167, packet:: clientPath:null serverPath:null finished:false header:: 3,5  replyHeader:: 3,1157,0  request:: '/keeper/server59,#3132372e302e302e313a3530303538,0  response:: s{1156,1157,1616169505379,1616169505421,1,0,0,72080397402374503,15,0,1156} 
2021-03-19 11:58:25,451 INFO  [Thread-0] root: Node created at: /keeper/server59
Starting commModule
2021-03-19 11:58:25,459 INFO  [Thread-0] root: Server communication module connected
2021-03-19 11:58:25,460 INFO  [Thread-0] root: Connected to localhost on port 57339
2021-03-19 11:58:25,469 INFO  [Thread-1] root: Message received by server -> Status: INIT_SERVER
received adminmsg
2021-03-19 11:58:25,471 INFO  [Thread-1] root: Message sent by server -> Status: INIT_SERVER_SUCCESS
2021-03-19 11:58:25,472 INFO  [Thread-1] root: Message received by server -> Status: START
received adminmsg
2021-03-19 11:58:25,472 INFO  [Thread-1] root: Message sent by server -> Status: START_SUCCESS
Starting commModule
2021-03-19 11:58:25,474 INFO  [Thread-0] root: Server communication module connected
2021-03-19 11:58:25,475 INFO  [Thread-0] root: Connected to localhost on port 57340
2021-03-19 11:58:25,476 INFO  [Thread-2] root: Message received by server -> Status: UPDATE
received adminmsg
2021-03-19 11:58:25,477 INFO  [Thread-2] root: Message sent by server -> Status: UPDATE_SUCCESS
Starting commModule
2021-03-19 11:58:25,483 INFO  [Thread-0] root: Server communication module connected
2021-03-19 11:58:25,485 INFO  [Thread-0] root: Connected to localhost on port 57341
2021-03-19 11:58:25,486 INFO  [Thread-3] root: Message received by server -> Status: PROPAGATE_ADMIN
received adminmsg
2021-03-19 11:58:25,494 DEBUG [Thread-3] root: Getting successors
2021-03-19 11:58:25,495 DEBUG [Thread-3] root: Got successors
2021-03-19 11:58:25,496 DEBUG [Thread-3] root: Propagating to: 127.0.0.1:50058 127.0.0.1:50058
Starting commModule
2021-03-19 11:58:25,500 INFO  [Thread-0] root: Server communication module connected
2021-03-19 11:58:25,500 INFO  [Thread-3] root: Client communication module connected
2021-03-19 11:58:25,501 INFO  [Thread-0] root: Connected to localhost on port 57342
Starting commModule
2021-03-19 11:58:25,501 INFO  [Thread-0] root: Server communication module connected
2021-03-19 11:58:25,501 INFO  [Thread-3] root: Client communication module connected
2021-03-19 11:58:25,501 DEBUG [Thread-3] root: {}
2021-03-19 11:58:25,502 INFO  [Thread-3] root: Message sent by server -> Status: PROPAGATE_SUCCESS
2021-03-19 11:58:25,502 INFO  [Thread-0] root: Connected to localhost on port 57343
Starting commModule
2021-03-19 11:58:25,505 INFO  [Thread-0] root: Server communication module connected
2021-03-19 11:58:25,506 INFO  [Thread-0] root: Connected to localhost on port 57344
2021-03-19 11:58:25,515 INFO  [Thread-6] root: Message received by server -> Status: GET_METADATA Key: nothing Value: nothing
2021-03-19 11:58:25,515 DEBUG [Thread-6] root: In serve
2021-03-19 11:58:25,515 DEBUG [Thread-6] root: Checking if stopped or write locked
2021-03-19 11:58:25,515 DEBUG [Thread-6] root: Case GET_METADATA
2021-03-19 11:58:25,529 INFO  [Thread-6] root: Message sent by server -> Status: GET_METADATA_SUCCESS Key: nothing Value: nothing
2021-03-19 11:58:25,530 INFO  [Thread-6] root: Message received by server -> Status: PUT Key: 1 Value: SIA1
2021-03-19 11:58:25,530 DEBUG [Thread-6] root: In serve
2021-03-19 11:58:25,530 DEBUG [Thread-6] root: Checking if stopped or write locked
2021-03-19 11:58:25,530 DEBUG [Thread-6] root: PUT request being served
2021-03-19 11:58:25,530 DEBUG [Thread-6] root: Checking if it's in range
2021-03-19 11:58:25,532 DEBUG [Thread-6] root: Got hostname and port -> 127.0.0.1:50058
2021-03-19 11:58:25,532 DEBUG [Thread-6] root: Got metadata range: dae7709f832bd65b72b3f501a9cddddf:dae7709f832bd65b72b3f501a9cdddde
2021-03-19 11:58:25,532 DEBUG [Thread-6] root: 127.0.0.1:50058 -> dae7709f832bd65b72b3f501a9cddddf:dae7709f832bd65b72b3f501a9cdddde
2021-03-19 11:58:25,532 DEBUG [Thread-6] root: Got range big ints
2021-03-19 11:58:25,532 DEBUG [Thread-6] root: Range end < range start
2021-03-19 11:58:25,532 DEBUG [Thread-6] root: Done with range check in server
2021-03-19 11:58:25,532 DEBUG [Thread-6] root: In range
2021-03-19 11:58:25,533 INFO  [Thread-6] root: Put: key = 1, value = SIA1
2021-03-19 11:58:25,534 DEBUG [Thread-6] root: Getting successors
2021-03-19 11:58:25,534 DEBUG [Thread-6] root: Got successors
2021-03-19 11:58:25,534 DEBUG [Thread-6] root: Propagating to: 127.0.0.1:50058 127.0.0.1:50058
Starting commModule
2021-03-19 11:58:25,535 INFO  [Thread-0] root: Server communication module connected
2021-03-19 11:58:25,535 INFO  [Thread-6] root: Client communication module connected
2021-03-19 11:58:25,536 INFO  [Thread-0] root: Connected to localhost on port 57345
Starting commModule
2021-03-19 11:58:25,536 INFO  [Thread-6] root: Client communication module connected
2021-03-19 11:58:25,536 INFO  [Thread-0] root: Server communication module connected
2021-03-19 11:58:25,536 DEBUG [Thread-6] root: {"1":"SIA1"}
2021-03-19 11:58:25,537 INFO  [Thread-0] root: Connected to localhost on port 57346
2021-03-19 11:58:25,537 INFO  [Thread-6] root: Message sent by client -> Status: PROPAGATE
2021-03-19 11:58:25,538 INFO  [Thread-6] root: Message sent by client -> Status: PROPAGATE
2021-03-19 11:58:25,538 INFO  [Thread-7] root: Message received by server -> Status: PROPAGATE
2021-03-19 11:58:25,538 DEBUG [Thread-7] root: In serve
2021-03-19 11:58:25,538 DEBUG [Thread-7] root: Checking if stopped or write locked
2021-03-19 11:58:25,538 DEBUG [Thread-7] root: Case propagate
2021-03-19 11:58:25,538 DEBUG [Thread-7] root: Passing to server
2021-03-19 11:58:25,538 DEBUG [Thread-7] root: Getting Predecessors
2021-03-19 11:58:25,538 DEBUG [Thread-7] root: Looking for 127.0.0.1:50058
2021-03-19 11:58:25,538 DEBUG [Thread-7] root: [127.0.0.1:50058]
2021-03-19 11:58:25,538 INFO  [Thread-8] root: Message received by server -> Status: PROPAGATE
2021-03-19 11:58:25,539 DEBUG [Thread-8] root: In serve
2021-03-19 11:58:25,539 DEBUG [Thread-8] root: Checking if stopped or write locked
2021-03-19 11:58:25,539 DEBUG [Thread-8] root: Case propagate
2021-03-19 11:58:25,539 DEBUG [Thread-8] root: Passing to server
2021-03-19 11:58:25,539 DEBUG [Thread-8] root: Getting Predecessors
2021-03-19 11:58:25,538 DEBUG [Thread-7] root: Predecessors:
2021-03-19 11:58:25,539 DEBUG [Thread-7] root: [127.0.0.1:50058, 127.0.0.1:50058]
2021-03-19 11:58:25,539 DEBUG [Thread-7] root: Looking for 127.0.0.1:50058
2021-03-19 11:58:25,539 DEBUG [Thread-8] root: Looking for 127.0.0.1:50058
2021-03-19 11:58:25,539 DEBUG [Thread-8] root: [127.0.0.1:50058]
2021-03-19 11:58:25,539 DEBUG [Thread-8] root: Predecessors:
2021-03-19 11:58:25,539 DEBUG [Thread-8] root: [127.0.0.1:50058, 127.0.0.1:50058]
2021-03-19 11:58:25,539 DEBUG [Thread-8] root: Looking for 127.0.0.1:50058
2021-03-19 11:58:25,539 DEBUG [Thread-8] root: Index of predecessor: 0
2021-03-19 11:58:25,539 DEBUG [Thread-7] root: Index of predecessor: 0
2021-03-19 11:58:25,540 DEBUG [Thread-7] root: Server Stuff
2021-03-19 11:58:25,540 DEBUG [Thread-8] root: Server Stuff
2021-03-19 11:58:25,540 INFO  [Thread-7] root: Put: key = 1, value = SIA1
2021-03-19 11:58:25,540 INFO  [Thread-7] root: Message sent by server -> Status: PROPAGATE_SUCCESS Key: null Value: null
2021-03-19 11:58:25,541 INFO  [Thread-8] root: Put: key = 1, value = SIA1
2021-03-19 11:58:25,541 INFO  [Thread-6] root: Message received by client -> Status: PROPAGATE_SUCCESS Key: null Value: null
2021-03-19 11:58:25,541 INFO  [Thread-8] root: Message sent by server -> Status: PROPAGATE_SUCCESS Key: null Value: null
2021-03-19 11:58:25,542 INFO  [Thread-6] root: Message received by client -> Status: PROPAGATE_SUCCESS Key: null Value: null
2021-03-19 11:58:25,542 INFO  [Thread-6] root: Message sent by server -> Status: PUT_SUCCESS Key: 1 Value: SIA1
2021-03-19 11:58:25,546 INFO  [Thread-6] root: Message received by server -> Status: PUT Key: 2 Value: SIA2
2021-03-19 11:58:25,546 DEBUG [Thread-6] root: In serve
2021-03-19 11:58:25,546 DEBUG [Thread-6] root: Checking if stopped or write locked
2021-03-19 11:58:25,546 DEBUG [Thread-6] root: PUT request being served
2021-03-19 11:58:25,546 DEBUG [Thread-6] root: Checking if it's in range
2021-03-19 11:58:25,546 DEBUG [Thread-6] root: Got hostname and port -> 127.0.0.1:50058
2021-03-19 11:58:25,546 DEBUG [Thread-6] root: Got metadata range: dae7709f832bd65b72b3f501a9cddddf:dae7709f832bd65b72b3f501a9cdddde
2021-03-19 11:58:25,546 DEBUG [Thread-6] root: 127.0.0.1:50058 -> dae7709f832bd65b72b3f501a9cddddf:dae7709f832bd65b72b3f501a9cdddde
2021-03-19 11:58:25,546 DEBUG [Thread-6] root: Got range big ints
2021-03-19 11:58:25,547 DEBUG [Thread-6] root: Range end < range start
2021-03-19 11:58:25,547 DEBUG [Thread-6] root: Done with range check in server
2021-03-19 11:58:25,547 DEBUG [Thread-6] root: In range
2021-03-19 11:58:25,547 INFO  [Thread-6] root: Put: key = 2, value = SIA2
2021-03-19 11:58:25,547 DEBUG [Thread-6] root: Getting successors
2021-03-19 11:58:25,547 DEBUG [Thread-6] root: Got successors
2021-03-19 11:58:25,548 DEBUG [Thread-6] root: Propagating to: 127.0.0.1:50058 127.0.0.1:50058
Starting commModule
2021-03-19 11:58:25,548 INFO  [Thread-6] root: Client communication module connected
2021-03-19 11:58:25,548 INFO  [Thread-0] root: Server communication module connected
2021-03-19 11:58:25,549 INFO  [Thread-0] root: Connected to localhost on port 57347
Starting commModule
2021-03-19 11:58:25,549 INFO  [Thread-0] root: Server communication module connected
2021-03-19 11:58:25,549 INFO  [Thread-6] root: Client communication module connected
2021-03-19 11:58:25,549 DEBUG [Thread-6] root: {"2":"SIA2"}
2021-03-19 11:58:25,550 INFO  [Thread-6] root: Message sent by client -> Status: PROPAGATE
2021-03-19 11:58:25,550 INFO  [Thread-0] root: Connected to localhost on port 57348
2021-03-19 11:58:25,550 INFO  [Thread-9] root: Message received by server -> Status: PROPAGATE
2021-03-19 11:58:25,550 DEBUG [Thread-9] root: In serve
2021-03-19 11:58:25,550 INFO  [Thread-6] root: Message sent by client -> Status: PROPAGATE
2021-03-19 11:58:25,550 DEBUG [Thread-9] root: Checking if stopped or write locked
2021-03-19 11:58:25,551 DEBUG [Thread-9] root: Case propagate
2021-03-19 11:58:25,551 DEBUG [Thread-9] root: Passing to server
2021-03-19 11:58:25,551 DEBUG [Thread-9] root: Getting Predecessors
2021-03-19 11:58:25,551 DEBUG [Thread-9] root: Looking for 127.0.0.1:50058
2021-03-19 11:58:25,551 DEBUG [Thread-9] root: [127.0.0.1:50058]
2021-03-19 11:58:25,551 DEBUG [Thread-9] root: Predecessors:
2021-03-19 11:58:25,551 DEBUG [Thread-9] root: [127.0.0.1:50058, 127.0.0.1:50058]
2021-03-19 11:58:25,551 DEBUG [Thread-9] root: Looking for 127.0.0.1:50058
2021-03-19 11:58:25,551 DEBUG [Thread-9] root: Index of predecessor: 0
2021-03-19 11:58:25,551 DEBUG [Thread-9] root: Server Stuff
2021-03-19 11:58:25,551 INFO  [Thread-10] root: Message received by server -> Status: PROPAGATE
2021-03-19 11:58:25,551 DEBUG [Thread-10] root: In serve
2021-03-19 11:58:25,552 DEBUG [Thread-10] root: Checking if stopped or write locked
2021-03-19 11:58:25,552 DEBUG [Thread-10] root: Case propagate
2021-03-19 11:58:25,552 DEBUG [Thread-10] root: Passing to server
2021-03-19 11:58:25,552 DEBUG [Thread-10] root: Getting Predecessors
2021-03-19 11:58:25,552 INFO  [Thread-9] root: Put: key = 2, value = SIA2
2021-03-19 11:58:25,552 DEBUG [Thread-10] root: Looking for 127.0.0.1:50058
2021-03-19 11:58:25,552 DEBUG [Thread-10] root: [127.0.0.1:50058]
2021-03-19 11:58:25,552 DEBUG [Thread-10] root: Predecessors:
2021-03-19 11:58:25,552 DEBUG [Thread-10] root: [127.0.0.1:50058, 127.0.0.1:50058]
2021-03-19 11:58:25,552 DEBUG [Thread-10] root: Looking for 127.0.0.1:50058
2021-03-19 11:58:25,552 DEBUG [Thread-10] root: Index of predecessor: 0
2021-03-19 11:58:25,553 DEBUG [Thread-10] root: Server Stuff
2021-03-19 11:58:25,553 INFO  [Thread-9] root: Message sent by server -> Status: PROPAGATE_SUCCESS Key: null Value: null
2021-03-19 11:58:25,553 INFO  [Thread-10] root: Put: key = 2, value = SIA2
2021-03-19 11:58:25,553 INFO  [Thread-6] root: Message received by client -> Status: PROPAGATE_SUCCESS Key: null Value: null
2021-03-19 11:58:25,553 INFO  [Thread-10] root: Message sent by server -> Status: PROPAGATE_SUCCESS Key: null Value: null
2021-03-19 11:58:25,554 INFO  [Thread-6] root: Message received by client -> Status: PROPAGATE_SUCCESS Key: null Value: null
2021-03-19 11:58:25,554 INFO  [Thread-6] root: Message sent by server -> Status: PUT_SUCCESS Key: 2 Value: SIA2
2021-03-19 11:58:25,555 INFO  [Thread-6] root: Message received by server -> Status: PUT Key: 3 Value: SIA3
2021-03-19 11:58:25,555 DEBUG [Thread-6] root: In serve
2021-03-19 11:58:25,556 DEBUG [Thread-6] root: Checking if stopped or write locked
2021-03-19 11:58:25,556 DEBUG [Thread-6] root: PUT request being served
2021-03-19 11:58:25,556 DEBUG [Thread-6] root: Checking if it's in range
2021-03-19 11:58:25,556 DEBUG [Thread-6] root: Got hostname and port -> 127.0.0.1:50058
2021-03-19 11:58:25,556 DEBUG [Thread-6] root: Got metadata range: dae7709f832bd65b72b3f501a9cddddf:dae7709f832bd65b72b3f501a9cdddde
2021-03-19 11:58:25,556 DEBUG [Thread-6] root: 127.0.0.1:50058 -> dae7709f832bd65b72b3f501a9cddddf:dae7709f832bd65b72b3f501a9cdddde
2021-03-19 11:58:25,556 DEBUG [Thread-6] root: Got range big ints
2021-03-19 11:58:25,556 DEBUG [Thread-6] root: Range end < range start
2021-03-19 11:58:25,556 DEBUG [Thread-6] root: Done with range check in server
2021-03-19 11:58:25,556 DEBUG [Thread-6] root: In range
2021-03-19 11:58:25,557 INFO  [Thread-6] root: Put: key = 3, value = SIA3
2021-03-19 11:58:25,557 DEBUG [Thread-6] root: Getting successors
2021-03-19 11:58:25,557 DEBUG [Thread-6] root: Got successors
2021-03-19 11:58:25,557 DEBUG [Thread-6] root: Propagating to: 127.0.0.1:50058 127.0.0.1:50058
Starting commModule
2021-03-19 11:58:25,558 INFO  [Thread-6] root: Client communication module connected
2021-03-19 11:58:25,558 INFO  [Thread-0] root: Server communication module connected
2021-03-19 11:58:25,558 INFO  [Thread-0] root: Connected to localhost on port 57349
Starting commModule
2021-03-19 11:58:25,559 INFO  [Thread-0] root: Server communication module connected
2021-03-19 11:58:25,559 INFO  [Thread-6] root: Client communication module connected
2021-03-19 11:58:25,559 DEBUG [Thread-6] root: {"3":"SIA3"}
2021-03-19 11:58:25,559 INFO  [Thread-0] root: Connected to localhost on port 57350
2021-03-19 11:58:25,560 INFO  [Thread-6] root: Message sent by client -> Status: PROPAGATE
2021-03-19 11:58:25,560 INFO  [Thread-6] root: Message sent by client -> Status: PROPAGATE
2021-03-19 11:58:25,560 INFO  [Thread-11] root: Message received by server -> Status: PROPAGATE
2021-03-19 11:58:25,560 DEBUG [Thread-11] root: In serve
2021-03-19 11:58:25,560 DEBUG [Thread-11] root: Checking if stopped or write locked
2021-03-19 11:58:25,560 DEBUG [Thread-11] root: Case propagate
2021-03-19 11:58:25,560 DEBUG [Thread-11] root: Passing to server
2021-03-19 11:58:25,560 DEBUG [Thread-11] root: Getting Predecessors
2021-03-19 11:58:25,560 DEBUG [Thread-11] root: Looking for 127.0.0.1:50058
2021-03-19 11:58:25,561 DEBUG [Thread-11] root: [127.0.0.1:50058]
2021-03-19 11:58:25,561 DEBUG [Thread-11] root: Predecessors:
2021-03-19 11:58:25,561 DEBUG [Thread-11] root: [127.0.0.1:50058, 127.0.0.1:50058]
2021-03-19 11:58:25,561 DEBUG [Thread-11] root: Looking for 127.0.0.1:50058
2021-03-19 11:58:25,561 DEBUG [Thread-11] root: Index of predecessor: 0
2021-03-19 11:58:25,561 DEBUG [Thread-11] root: Server Stuff
2021-03-19 11:58:25,561 INFO  [Thread-12] root: Message received by server -> Status: PROPAGATE
2021-03-19 11:58:25,561 DEBUG [Thread-12] root: In serve
2021-03-19 11:58:25,561 DEBUG [Thread-12] root: Checking if stopped or write locked
2021-03-19 11:58:25,561 DEBUG [Thread-12] root: Case propagate
2021-03-19 11:58:25,561 DEBUG [Thread-12] root: Passing to server
2021-03-19 11:58:25,561 INFO  [Thread-11] root: Put: key = 3, value = SIA3
2021-03-19 11:58:25,561 DEBUG [Thread-12] root: Getting Predecessors
2021-03-19 11:58:25,561 DEBUG [Thread-12] root: Looking for 127.0.0.1:50058
2021-03-19 11:58:25,561 DEBUG [Thread-12] root: [127.0.0.1:50058]
2021-03-19 11:58:25,561 DEBUG [Thread-12] root: Predecessors:
2021-03-19 11:58:25,561 DEBUG [Thread-12] root: [127.0.0.1:50058, 127.0.0.1:50058]
2021-03-19 11:58:25,561 DEBUG [Thread-12] root: Looking for 127.0.0.1:50058
2021-03-19 11:58:25,561 DEBUG [Thread-12] root: Index of predecessor: 0
2021-03-19 11:58:25,561 DEBUG [Thread-12] root: Server Stuff
2021-03-19 11:58:25,562 INFO  [Thread-11] root: Message sent by server -> Status: PROPAGATE_SUCCESS Key: null Value: null
2021-03-19 11:58:25,562 INFO  [Thread-12] root: Put: key = 3, value = SIA3
2021-03-19 11:58:25,562 INFO  [Thread-6] root: Message received by client -> Status: PROPAGATE_SUCCESS Key: null Value: null
2021-03-19 11:58:25,562 INFO  [Thread-12] root: Message sent by server -> Status: PROPAGATE_SUCCESS Key: null Value: null
2021-03-19 11:58:25,563 INFO  [Thread-6] root: Message received by client -> Status: PROPAGATE_SUCCESS Key: null Value: null
2021-03-19 11:58:25,563 INFO  [Thread-6] root: Message sent by server -> Status: PUT_SUCCESS Key: 3 Value: SIA3
2021-03-19 11:58:25,564 INFO  [Thread-6] root: Message received by server -> Status: PUT Key: 4 Value: SIA4
2021-03-19 11:58:25,564 DEBUG [Thread-6] root: In serve
2021-03-19 11:58:25,564 DEBUG [Thread-6] root: Checking if stopped or write locked
2021-03-19 11:58:25,564 DEBUG [Thread-6] root: PUT request being served
2021-03-19 11:58:25,564 DEBUG [Thread-6] root: Checking if it's in range
2021-03-19 11:58:25,565 DEBUG [Thread-6] root: Got hostname and port -> 127.0.0.1:50058
2021-03-19 11:58:25,565 DEBUG [Thread-6] root: Got metadata range: dae7709f832bd65b72b3f501a9cddddf:dae7709f832bd65b72b3f501a9cdddde
2021-03-19 11:58:25,565 DEBUG [Thread-6] root: 127.0.0.1:50058 -> dae7709f832bd65b72b3f501a9cddddf:dae7709f832bd65b72b3f501a9cdddde
2021-03-19 11:58:25,565 DEBUG [Thread-6] root: Got range big ints
2021-03-19 11:58:25,565 DEBUG [Thread-6] root: Range end < range start
2021-03-19 11:58:25,565 DEBUG [Thread-6] root: Done with range check in server
2021-03-19 11:58:25,565 DEBUG [Thread-6] root: In range
2021-03-19 11:58:25,565 INFO  [Thread-6] root: Put: key = 4, value = SIA4
2021-03-19 11:58:25,566 DEBUG [Thread-6] root: Getting successors
2021-03-19 11:58:25,566 DEBUG [Thread-6] root: Got successors
2021-03-19 11:58:25,566 DEBUG [Thread-6] root: Propagating to: 127.0.0.1:50058 127.0.0.1:50058
Starting commModule
2021-03-19 11:58:25,567 INFO  [Thread-6] root: Client communication module connected
2021-03-19 11:58:25,567 INFO  [Thread-0] root: Server communication module connected
2021-03-19 11:58:25,568 INFO  [Thread-0] root: Connected to localhost on port 57351
Starting commModule
2021-03-19 11:58:25,568 INFO  [Thread-0] root: Server communication module connected
2021-03-19 11:58:25,568 INFO  [Thread-6] root: Client communication module connected
2021-03-19 11:58:25,568 DEBUG [Thread-6] root: {"4":"SIA4"}
2021-03-19 11:58:25,569 INFO  [Thread-0] root: Connected to localhost on port 57352
2021-03-19 11:58:25,569 INFO  [Thread-6] root: Message sent by client -> Status: PROPAGATE
2021-03-19 11:58:25,570 INFO  [Thread-13] root: Message received by server -> Status: PROPAGATE
2021-03-19 11:58:25,570 INFO  [Thread-6] root: Message sent by client -> Status: PROPAGATE
2021-03-19 11:58:25,570 DEBUG [Thread-13] root: In serve
2021-03-19 11:58:25,570 DEBUG [Thread-13] root: Checking if stopped or write locked
2021-03-19 11:58:25,570 DEBUG [Thread-13] root: Case propagate
2021-03-19 11:58:25,570 DEBUG [Thread-13] root: Passing to server
2021-03-19 11:58:25,570 DEBUG [Thread-13] root: Getting Predecessors
2021-03-19 11:58:25,570 DEBUG [Thread-13] root: Looking for 127.0.0.1:50058
2021-03-19 11:58:25,570 DEBUG [Thread-13] root: [127.0.0.1:50058]
2021-03-19 11:58:25,570 DEBUG [Thread-13] root: Predecessors:
2021-03-19 11:58:25,570 DEBUG [Thread-13] root: [127.0.0.1:50058, 127.0.0.1:50058]
2021-03-19 11:58:25,570 DEBUG [Thread-13] root: Looking for 127.0.0.1:50058
2021-03-19 11:58:25,570 INFO  [Thread-14] root: Message received by server -> Status: PROPAGATE
2021-03-19 11:58:25,570 DEBUG [Thread-14] root: In serve
2021-03-19 11:58:25,571 DEBUG [Thread-14] root: Checking if stopped or write locked
2021-03-19 11:58:25,571 DEBUG [Thread-14] root: Case propagate
2021-03-19 11:58:25,571 DEBUG [Thread-14] root: Passing to server
2021-03-19 11:58:25,571 DEBUG [Thread-14] root: Getting Predecessors
2021-03-19 11:58:25,571 DEBUG [Thread-14] root: Looking for 127.0.0.1:50058
2021-03-19 11:58:25,571 DEBUG [Thread-14] root: [127.0.0.1:50058]
2021-03-19 11:58:25,570 DEBUG [Thread-13] root: Index of predecessor: 0
2021-03-19 11:58:25,571 DEBUG [Thread-14] root: Predecessors:
2021-03-19 11:58:25,571 DEBUG [Thread-13] root: Server Stuff
2021-03-19 11:58:25,571 DEBUG [Thread-14] root: [127.0.0.1:50058, 127.0.0.1:50058]
2021-03-19 11:58:25,571 DEBUG [Thread-14] root: Looking for 127.0.0.1:50058
2021-03-19 11:58:25,571 DEBUG [Thread-14] root: Index of predecessor: 0
2021-03-19 11:58:25,571 DEBUG [Thread-14] root: Server Stuff
2021-03-19 11:58:25,571 INFO  [Thread-13] root: Put: key = 4, value = SIA4
2021-03-19 11:58:25,572 INFO  [Thread-13] root: Message sent by server -> Status: PROPAGATE_SUCCESS Key: null Value: null
2021-03-19 11:58:25,572 INFO  [Thread-14] root: Put: key = 4, value = SIA4
2021-03-19 11:58:25,573 INFO  [Thread-14] root: Message sent by server -> Status: PROPAGATE_SUCCESS Key: null Value: null
2021-03-19 11:58:25,573 INFO  [Thread-6] root: Message received by client -> Status: PROPAGATE_SUCCESS Key: null Value: null
2021-03-19 11:58:25,573 INFO  [Thread-6] root: Message received by client -> Status: PROPAGATE_SUCCESS Key: null Value: null
2021-03-19 11:58:25,573 INFO  [Thread-6] root: Message sent by server -> Status: PUT_SUCCESS Key: 4 Value: SIA4
Starting commModule
2021-03-19 11:58:26,171 INFO  [Thread-0] root: Server communication module connected
2021-03-19 11:58:26,173 INFO  [Thread-0] root: Connected to localhost on port 57356
2021-03-19 11:58:26,173 INFO  [Thread-15] root: Message received by server -> Status: UPDATE
received adminmsg
2021-03-19 11:58:26,174 INFO  [Thread-15] root: Message sent by server -> Status: UPDATE_SUCCESS
Starting commModule
2021-03-19 11:58:26,175 INFO  [Thread-0] root: Server communication module connected
2021-03-19 11:58:26,175 INFO  [Thread-0] root: Connected to localhost on port 57357
2021-03-19 11:58:26,176 INFO  [Thread-16] root: Message received by server -> Status: PROPAGATE_ADMIN
received adminmsg
2021-03-19 11:58:26,177 DEBUG [Thread-16] root: Getting successors
2021-03-19 11:58:26,177 DEBUG [Thread-16] root: Got successors
2021-03-19 11:58:26,177 DEBUG [Thread-16] root: Propagating to: 127.0.0.1:50024 127.0.0.1:50058
2021-03-19 11:58:26,177 INFO  [Thread-16] root: Client communication module connected
Starting commModule
2021-03-19 11:58:26,178 INFO  [Thread-16] root: Client communication module connected
2021-03-19 11:58:26,178 DEBUG [Thread-16] root: {"1":"SIA1","2":"SIA2","3":"SIA3","4":"SIA4"}
2021-03-19 11:58:26,178 INFO  [Thread-0] root: Server communication module connected
2021-03-19 11:58:26,179 INFO  [Thread-0] root: Connected to localhost on port 57359
2021-03-19 11:58:26,180 INFO  [Thread-16] root: Message sent by client -> Status: PROPAGATE
2021-03-19 11:58:26,180 INFO  [Thread-16] root: Message sent by client -> Status: PROPAGATE
2021-03-19 11:58:26,181 INFO  [Thread-17] root: Message received by server -> Status: PROPAGATE
2021-03-19 11:58:26,181 DEBUG [Thread-17] root: In serve
2021-03-19 11:58:26,181 DEBUG [Thread-17] root: Checking if stopped or write locked
2021-03-19 11:58:26,181 DEBUG [Thread-17] root: Case propagate
2021-03-19 11:58:26,181 DEBUG [Thread-17] root: Passing to server
2021-03-19 11:58:26,181 DEBUG [Thread-17] root: Getting Predecessors
2021-03-19 11:58:26,181 DEBUG [Thread-17] root: Looking for 127.0.0.1:50058
2021-03-19 11:58:26,181 DEBUG [Thread-17] root: [127.0.0.1:50058, 127.0.0.1:50024]
2021-03-19 11:58:26,181 DEBUG [Thread-17] root: Predecessors:
2021-03-19 11:58:26,181 DEBUG [Thread-17] root: [127.0.0.1:50058, 127.0.0.1:50024]
2021-03-19 11:58:26,181 DEBUG [Thread-17] root: Looking for 127.0.0.1:50058
2021-03-19 11:58:26,182 DEBUG [Thread-17] root: Index of predecessor: 0
2021-03-19 11:58:26,182 DEBUG [Thread-17] root: Server Stuff
2021-03-19 11:58:26,182 INFO  [Thread-17] root: Put: key = 1, value = SIA1
2021-03-19 11:58:26,182 INFO  [Thread-17] root: Put: key = 2, value = SIA2
2021-03-19 11:58:26,183 INFO  [Thread-17] root: Put: key = 3, value = SIA3
2021-03-19 11:58:26,184 INFO  [Thread-17] root: Put: key = 4, value = SIA4
2021-03-19 11:58:26,185 INFO  [Thread-17] root: Message sent by server -> Status: PROPAGATE_SUCCESS Key: null Value: null
2021-03-19 11:58:26,194 INFO  [Thread-16] root: Message received by client -> Status: PROPAGATE_SUCCESS Key: null Value: null
2021-03-19 11:58:26,195 INFO  [Thread-16] root: Message received by client -> Status: PROPAGATE_SUCCESS Key: null Value: null
2021-03-19 11:58:26,195 INFO  [Thread-16] root: Message sent by server -> Status: PROPAGATE_SUCCESS
Starting commModule
2021-03-19 11:58:26,196 INFO  [Thread-0] root: Server communication module connected
2021-03-19 11:58:26,197 INFO  [Thread-0] root: Connected to localhost on port 57360
2021-03-19 11:58:26,197 INFO  [Thread-18] root: Message received by server -> Status: MOVE_DATA
received adminmsg
2021-03-19 11:58:26,197 DEBUG [Thread-18] root: Input data: 
2021-03-19 11:58:26,197 DEBUG [Thread-18] root: dae7709f832bd65b72b3f501a9cddddf:dcdf9ce6a28a25210afbebd0ecda7ecd
2021-03-19 11:58:26,197 DEBUG [Thread-18] root: 127.0.0.1:50024
2021-03-19 11:58:26,201 INFO  [Thread-18] root: Client communication module connected
2021-03-19 11:58:26,203 DEBUG [Thread-18] root: Host: 127.0.0.1
2021-03-19 11:58:26,204 DEBUG [Thread-18] root: Port: 50024
2021-03-19 11:58:26,204 DEBUG [Thread-18] root: Range: dae7709f832bd65b72b3f501a9cddddf:dcdf9ce6a28a25210afbebd0ecda7ecd
2021-03-19 11:58:26,204 DEBUG [Thread-18] root: In interator.
2021-03-19 11:58:26,204 DEBUG [Thread-18] root: Key: 1
2021-03-19 11:58:26,206 DEBUG [Thread-18] root: KeyHash: 261578874264819908609102035485573088411
2021-03-19 11:58:26,206 DEBUG [Thread-18] root: In range? false
2021-03-19 11:58:26,206 DEBUG [Thread-18] root: In interator.
2021-03-19 11:58:26,206 DEBUG [Thread-18] root: Key: 2
2021-03-19 11:58:26,206 DEBUG [Thread-18] root: KeyHash: 266003691477286198901011725417809479212
2021-03-19 11:58:26,206 DEBUG [Thread-18] root: In range? false
2021-03-19 11:58:26,206 DEBUG [Thread-18] root: In interator.
2021-03-19 11:58:26,206 DEBUG [Thread-18] root: Key: 3
2021-03-19 11:58:26,207 DEBUG [Thread-18] root: KeyHash: 314755909755515592000481005244904880883
2021-03-19 11:58:26,207 DEBUG [Thread-18] root: In range? false
2021-03-19 11:58:26,207 DEBUG [Thread-18] root: In interator.
2021-03-19 11:58:26,207 DEBUG [Thread-18] root: Key: 4
2021-03-19 11:58:26,207 DEBUG [Thread-18] root: KeyHash: 223974724102701384270894320508706361900
2021-03-19 11:58:26,207 DEBUG [Thread-18] root: In range? false
2021-03-19 11:58:26,207 DEBUG [Thread-18] root: Starting flush data
2021-03-19 11:58:26,207 DEBUG [Thread-18] root: Finished flush data
2021-03-19 11:58:26,207 DEBUG [Thread-18] root: Closing conn
2021-03-19 11:58:26,207 INFO  [Thread-18] root: Connection closed!
2021-03-19 11:58:26,207 DEBUG [Thread-18] root: Closed conn
2021-03-19 11:58:26,208 INFO  [Thread-18] root: Message sent by server -> Status: MOVE_DATA_SUCCESS
Starting commModule
2021-03-19 11:58:26,211 INFO  [Thread-0] root: Server communication module connected
2021-03-19 11:58:26,211 INFO  [Thread-0] root: Connected to localhost on port 57362
2021-03-19 11:58:26,212 INFO  [Thread-19] root: Message received by server -> Status: UPDATE
received adminmsg
2021-03-19 11:58:26,213 INFO  [Thread-19] root: Message sent by server -> Status: UPDATE_SUCCESS
Starting commModule
2021-03-19 11:58:26,221 INFO  [Thread-0] root: Server communication module connected
2021-03-19 11:58:26,222 INFO  [Thread-0] root: Connected to localhost on port 57364
2021-03-19 11:58:26,223 INFO  [Thread-20] root: Message received by server -> Status: PROPAGATE_ADMIN
received adminmsg
2021-03-19 11:58:26,223 DEBUG [Thread-20] root: Getting successors
2021-03-19 11:58:26,223 DEBUG [Thread-20] root: Got successors
2021-03-19 11:58:26,223 DEBUG [Thread-20] root: Propagating to: 127.0.0.1:50024 127.0.0.1:50058
2021-03-19 11:58:26,224 INFO  [Thread-20] root: Client communication module connected
Starting commModule
2021-03-19 11:58:26,224 INFO  [Thread-20] root: Client communication module connected
2021-03-19 11:58:26,224 DEBUG [Thread-20] root: {"1":"SIA1","2":"SIA2","3":"SIA3","4":"SIA4"}
2021-03-19 11:58:26,224 INFO  [Thread-0] root: Server communication module connected
2021-03-19 11:58:26,225 INFO  [Thread-20] root: Message sent by client -> Status: PROPAGATE
2021-03-19 11:58:26,225 INFO  [Thread-0] root: Connected to localhost on port 57366
2021-03-19 11:58:26,225 INFO  [Thread-20] root: Message sent by client -> Status: PROPAGATE
2021-03-19 11:58:26,226 INFO  [Thread-21] root: Message received by server -> Status: PROPAGATE
2021-03-19 11:58:26,226 DEBUG [Thread-21] root: In serve
2021-03-19 11:58:26,226 DEBUG [Thread-21] root: Checking if stopped or write locked
2021-03-19 11:58:26,226 DEBUG [Thread-21] root: Case propagate
2021-03-19 11:58:26,226 DEBUG [Thread-21] root: Passing to server
2021-03-19 11:58:26,226 DEBUG [Thread-21] root: Getting Predecessors
2021-03-19 11:58:26,226 DEBUG [Thread-21] root: Looking for 127.0.0.1:50058
2021-03-19 11:58:26,226 DEBUG [Thread-21] root: [127.0.0.1:50058, 127.0.0.1:50024]
2021-03-19 11:58:26,226 DEBUG [Thread-21] root: Predecessors:
2021-03-19 11:58:26,226 DEBUG [Thread-21] root: [127.0.0.1:50058, 127.0.0.1:50024]
2021-03-19 11:58:26,226 DEBUG [Thread-21] root: Looking for 127.0.0.1:50058
2021-03-19 11:58:26,226 DEBUG [Thread-21] root: Index of predecessor: 0
2021-03-19 11:58:26,226 DEBUG [Thread-21] root: Server Stuff
2021-03-19 11:58:26,226 INFO  [Thread-21] root: Put: key = 1, value = SIA1
2021-03-19 11:58:26,227 INFO  [Thread-21] root: Put: key = 2, value = SIA2
2021-03-19 11:58:26,227 INFO  [Thread-21] root: Put: key = 3, value = SIA3
2021-03-19 11:58:26,228 INFO  [Thread-21] root: Put: key = 4, value = SIA4
2021-03-19 11:58:26,229 INFO  [Thread-21] root: Message sent by server -> Status: PROPAGATE_SUCCESS Key: null Value: null
2021-03-19 11:58:26,230 INFO  [Thread-20] root: Message received by client -> Status: PROPAGATE_SUCCESS Key: null Value: null
2021-03-19 11:58:26,230 INFO  [Thread-20] root: Message received by client -> Status: PROPAGATE_SUCCESS Key: null Value: null
2021-03-19 11:58:26,230 INFO  [Thread-20] root: Message sent by server -> Status: PROPAGATE_SUCCESS
Starting commModule
2021-03-19 11:58:26,236 INFO  [Thread-0] root: Server communication module connected
2021-03-19 11:58:26,237 INFO  [Thread-0] root: Connected to localhost on port 57368
2021-03-19 11:58:26,238 INFO  [Thread-6] root: Message received by server -> Status: GET Key: 1 Value: 
2021-03-19 11:58:26,238 DEBUG [Thread-6] root: In serve
2021-03-19 11:58:26,239 DEBUG [Thread-6] root: Checking if stopped or write locked
2021-03-19 11:58:26,239 DEBUG [Thread-6] root: Checking if it's in range
2021-03-19 11:58:26,239 DEBUG [Thread-6] root: Got hostname and port -> 127.0.0.1:50058
2021-03-19 11:58:26,239 DEBUG [Thread-6] root: Got metadata range: dae7709f832bd65b72b3f501a9cddddf:dae7709f832bd65b72b3f501a9cdddde
2021-03-19 11:58:26,239 DEBUG [Thread-6] root: 127.0.0.1:50058 -> dae7709f832bd65b72b3f501a9cddddf:dae7709f832bd65b72b3f501a9cdddde
2021-03-19 11:58:26,239 DEBUG [Thread-6] root: 127.0.0.1:50024 -> dcdf9ce6a28a25210afbebd0ecda7ece:dcdf9ce6a28a25210afbebd0ecda7ecd
2021-03-19 11:58:26,239 DEBUG [Thread-6] root: Got range big ints
2021-03-19 11:58:26,239 DEBUG [Thread-6] root: Range end < range start
2021-03-19 11:58:26,239 DEBUG [Thread-6] root: Done with range check in server
2021-03-19 11:58:26,239 INFO  [Thread-6] root: Get: key = 1
2021-03-19 11:58:26,240 INFO  [Thread-6] root: Message sent by server -> Status: GET_SUCCESS Key: 1 Value: SIA1
2021-03-19 11:58:26,240 INFO  [Thread-6] root: Message received by server -> Status: GET Key: 2 Value: 
2021-03-19 11:58:26,241 DEBUG [Thread-6] root: In serve
2021-03-19 11:58:26,241 DEBUG [Thread-6] root: Checking if stopped or write locked
2021-03-19 11:58:26,241 DEBUG [Thread-6] root: Checking if it's in range
2021-03-19 11:58:26,241 DEBUG [Thread-6] root: Got hostname and port -> 127.0.0.1:50058
2021-03-19 11:58:26,241 DEBUG [Thread-6] root: Got metadata range: dae7709f832bd65b72b3f501a9cddddf:dae7709f832bd65b72b3f501a9cdddde
2021-03-19 11:58:26,241 DEBUG [Thread-6] root: 127.0.0.1:50058 -> dae7709f832bd65b72b3f501a9cddddf:dae7709f832bd65b72b3f501a9cdddde
2021-03-19 11:58:26,241 DEBUG [Thread-6] root: 127.0.0.1:50024 -> dcdf9ce6a28a25210afbebd0ecda7ece:dcdf9ce6a28a25210afbebd0ecda7ecd
2021-03-19 11:58:26,241 DEBUG [Thread-6] root: Got range big ints
2021-03-19 11:58:26,241 DEBUG [Thread-6] root: Range end < range start
2021-03-19 11:58:26,241 DEBUG [Thread-6] root: Done with range check in server
2021-03-19 11:58:26,241 INFO  [Thread-6] root: Get: key = 2
2021-03-19 11:58:26,241 INFO  [Thread-6] root: Message sent by server -> Status: GET_SUCCESS Key: 2 Value: SIA2
2021-03-19 11:58:26,242 INFO  [Thread-6] root: Message received by server -> Status: GET Key: 3 Value: 
2021-03-19 11:58:26,242 DEBUG [Thread-6] root: In serve
2021-03-19 11:58:26,242 DEBUG [Thread-6] root: Checking if stopped or write locked
2021-03-19 11:58:26,242 DEBUG [Thread-6] root: Checking if it's in range
2021-03-19 11:58:26,242 DEBUG [Thread-6] root: Got hostname and port -> 127.0.0.1:50058
2021-03-19 11:58:26,242 DEBUG [Thread-6] root: Got metadata range: dae7709f832bd65b72b3f501a9cddddf:dae7709f832bd65b72b3f501a9cdddde
2021-03-19 11:58:26,242 DEBUG [Thread-6] root: 127.0.0.1:50058 -> dae7709f832bd65b72b3f501a9cddddf:dae7709f832bd65b72b3f501a9cdddde
2021-03-19 11:58:26,242 DEBUG [Thread-6] root: 127.0.0.1:50024 -> dcdf9ce6a28a25210afbebd0ecda7ece:dcdf9ce6a28a25210afbebd0ecda7ecd
2021-03-19 11:58:26,242 DEBUG [Thread-6] root: Got range big ints
2021-03-19 11:58:26,242 DEBUG [Thread-6] root: Range end < range start
2021-03-19 11:58:26,242 DEBUG [Thread-6] root: Done with range check in server
2021-03-19 11:58:26,242 INFO  [Thread-6] root: Get: key = 3
2021-03-19 11:58:26,243 INFO  [Thread-6] root: Message sent by server -> Status: GET_SUCCESS Key: 3 Value: SIA3
2021-03-19 11:58:26,244 INFO  [Thread-6] root: Message received by server -> Status: GET Key: 4 Value: 
2021-03-19 11:58:26,244 DEBUG [Thread-6] root: In serve
2021-03-19 11:58:26,244 DEBUG [Thread-6] root: Checking if stopped or write locked
2021-03-19 11:58:26,244 DEBUG [Thread-6] root: Checking if it's in range
2021-03-19 11:58:26,244 DEBUG [Thread-6] root: Got hostname and port -> 127.0.0.1:50058
2021-03-19 11:58:26,244 DEBUG [Thread-6] root: Got metadata range: dae7709f832bd65b72b3f501a9cddddf:dae7709f832bd65b72b3f501a9cdddde
2021-03-19 11:58:26,244 DEBUG [Thread-6] root: 127.0.0.1:50058 -> dae7709f832bd65b72b3f501a9cddddf:dae7709f832bd65b72b3f501a9cdddde
2021-03-19 11:58:26,244 DEBUG [Thread-6] root: 127.0.0.1:50024 -> dcdf9ce6a28a25210afbebd0ecda7ece:dcdf9ce6a28a25210afbebd0ecda7ecd
2021-03-19 11:58:26,244 DEBUG [Thread-6] root: Got range big ints
2021-03-19 11:58:26,244 DEBUG [Thread-6] root: Range end < range start
2021-03-19 11:58:26,244 DEBUG [Thread-6] root: Done with range check in server
2021-03-19 11:58:26,244 INFO  [Thread-6] root: Get: key = 4
2021-03-19 11:58:26,245 INFO  [Thread-6] root: Message sent by server -> Status: GET_SUCCESS Key: 4 Value: SIA4
2021-03-19 11:58:26,246 INFO  [Thread-6] root: Message received by server -> Status: PUT Key: 1 Value: null
2021-03-19 11:58:26,246 DEBUG [Thread-6] root: In serve
2021-03-19 11:58:26,246 DEBUG [Thread-6] root: Checking if stopped or write locked
2021-03-19 11:58:26,246 DEBUG [Thread-6] root: PUT request being served
2021-03-19 11:58:26,246 DEBUG [Thread-6] root: Checking if it's in range
2021-03-19 11:58:26,246 DEBUG [Thread-6] root: Got hostname and port -> 127.0.0.1:50058
2021-03-19 11:58:26,246 DEBUG [Thread-6] root: Got metadata range: dcdf9ce6a28a25210afbebd0ecda7ece:dae7709f832bd65b72b3f501a9cdddde
2021-03-19 11:58:26,246 DEBUG [Thread-6] root: 127.0.0.1:50058 -> dcdf9ce6a28a25210afbebd0ecda7ece:dae7709f832bd65b72b3f501a9cdddde
2021-03-19 11:58:26,246 DEBUG [Thread-6] root: 127.0.0.1:50024 -> dae7709f832bd65b72b3f501a9cddddf:dcdf9ce6a28a25210afbebd0ecda7ecd
2021-03-19 11:58:26,246 DEBUG [Thread-6] root: Got range big ints
2021-03-19 11:58:26,246 DEBUG [Thread-6] root: Range end < range start
2021-03-19 11:58:26,246 DEBUG [Thread-6] root: Done with range check in server
2021-03-19 11:58:26,247 DEBUG [Thread-6] root: In range
2021-03-19 11:58:26,247 INFO  [Thread-6] root: Delete: key = 1
2021-03-19 11:58:26,247 INFO  [Thread-6] root: Updating storage
2021-03-19 11:58:26,247 DEBUG [Thread-6] root: Getting successors
2021-03-19 11:58:26,247 DEBUG [Thread-6] root: Got successors
2021-03-19 11:58:26,247 DEBUG [Thread-6] root: Propagating to: 127.0.0.1:50024 127.0.0.1:50058
2021-03-19 11:58:26,248 INFO  [Thread-6] root: Client communication module connected
Starting commModule
2021-03-19 11:58:26,248 INFO  [Thread-0] root: Server communication module connected
2021-03-19 11:58:26,248 INFO  [Thread-6] root: Client communication module connected
2021-03-19 11:58:26,248 DEBUG [Thread-6] root: {"1":null}
2021-03-19 11:58:26,249 INFO  [Thread-6] root: Message sent by client -> Status: PROPAGATE
2021-03-19 11:58:26,249 INFO  [Thread-0] root: Connected to localhost on port 57371
2021-03-19 11:58:26,250 INFO  [Thread-6] root: Message sent by client -> Status: PROPAGATE
2021-03-19 11:58:26,250 INFO  [Thread-23] root: Message received by server -> Status: PROPAGATE
2021-03-19 11:58:26,250 DEBUG [Thread-23] root: In serve
2021-03-19 11:58:26,250 DEBUG [Thread-23] root: Checking if stopped or write locked
2021-03-19 11:58:26,250 DEBUG [Thread-23] root: Case propagate
2021-03-19 11:58:26,250 DEBUG [Thread-23] root: Passing to server
2021-03-19 11:58:26,250 DEBUG [Thread-23] root: Getting Predecessors
2021-03-19 11:58:26,250 DEBUG [Thread-23] root: Looking for 127.0.0.1:50058
2021-03-19 11:58:26,250 DEBUG [Thread-23] root: [127.0.0.1:50058, 127.0.0.1:50024]
2021-03-19 11:58:26,250 DEBUG [Thread-23] root: Predecessors:
2021-03-19 11:58:26,250 DEBUG [Thread-23] root: [127.0.0.1:50058, 127.0.0.1:50024]
2021-03-19 11:58:26,250 DEBUG [Thread-23] root: Looking for 127.0.0.1:50058
2021-03-19 11:58:26,250 DEBUG [Thread-23] root: Index of predecessor: 0
2021-03-19 11:58:26,250 DEBUG [Thread-23] root: Server Stuff
2021-03-19 11:58:26,251 INFO  [Thread-23] root: Delete: key = 1
2021-03-19 11:58:26,251 INFO  [Thread-23] root: Updating storage
2021-03-19 11:58:26,251 INFO  [Thread-23] root: Message sent by server -> Status: PROPAGATE_SUCCESS Key: null Value: null
2021-03-19 11:58:26,252 INFO  [Thread-6] root: Message received by client -> Status: PROPAGATE_SUCCESS Key: null Value: null
2021-03-19 11:58:26,253 INFO  [Thread-6] root: Message received by client -> Status: PROPAGATE_SUCCESS Key: null Value: null
2021-03-19 11:58:26,253 INFO  [Thread-6] root: Message sent by server -> Status: DELETE_SUCCESS Key: 1 Value: null
2021-03-19 11:58:26,254 INFO  [Thread-6] root: Message received by server -> Status: PUT Key: 2 Value: null
2021-03-19 11:58:26,254 DEBUG [Thread-6] root: In serve
2021-03-19 11:58:26,254 DEBUG [Thread-6] root: Checking if stopped or write locked
2021-03-19 11:58:26,254 DEBUG [Thread-6] root: PUT request being served
2021-03-19 11:58:26,254 DEBUG [Thread-6] root: Checking if it's in range
2021-03-19 11:58:26,254 DEBUG [Thread-6] root: Got hostname and port -> 127.0.0.1:50058
2021-03-19 11:58:26,254 DEBUG [Thread-6] root: Got metadata range: dcdf9ce6a28a25210afbebd0ecda7ece:dae7709f832bd65b72b3f501a9cdddde
2021-03-19 11:58:26,254 DEBUG [Thread-6] root: 127.0.0.1:50058 -> dcdf9ce6a28a25210afbebd0ecda7ece:dae7709f832bd65b72b3f501a9cdddde
2021-03-19 11:58:26,254 DEBUG [Thread-6] root: 127.0.0.1:50024 -> dae7709f832bd65b72b3f501a9cddddf:dcdf9ce6a28a25210afbebd0ecda7ecd
2021-03-19 11:58:26,254 DEBUG [Thread-6] root: Got range big ints
2021-03-19 11:58:26,254 DEBUG [Thread-6] root: Range end < range start
2021-03-19 11:58:26,254 DEBUG [Thread-6] root: Done with range check in server
2021-03-19 11:58:26,254 DEBUG [Thread-6] root: In range
2021-03-19 11:58:26,254 INFO  [Thread-6] root: Delete: key = 2
2021-03-19 11:58:26,255 INFO  [Thread-6] root: Updating storage
2021-03-19 11:58:26,255 DEBUG [Thread-6] root: Getting successors
2021-03-19 11:58:26,255 DEBUG [Thread-6] root: Got successors
2021-03-19 11:58:26,255 DEBUG [Thread-6] root: Propagating to: 127.0.0.1:50024 127.0.0.1:50058
2021-03-19 11:58:26,255 INFO  [Thread-6] root: Client communication module connected
Starting commModule
2021-03-19 11:58:26,256 INFO  [Thread-0] root: Server communication module connected
2021-03-19 11:58:26,256 INFO  [Thread-6] root: Client communication module connected
2021-03-19 11:58:26,256 DEBUG [Thread-6] root: {"2":null}
2021-03-19 11:58:26,257 INFO  [Thread-6] root: Message sent by client -> Status: PROPAGATE
2021-03-19 11:58:26,257 INFO  [Thread-0] root: Connected to localhost on port 57373
2021-03-19 11:58:26,257 INFO  [Thread-6] root: Message sent by client -> Status: PROPAGATE
2021-03-19 11:58:26,258 INFO  [Thread-24] root: Message received by server -> Status: PROPAGATE
2021-03-19 11:58:26,258 DEBUG [Thread-24] root: In serve
2021-03-19 11:58:26,258 DEBUG [Thread-24] root: Checking if stopped or write locked
2021-03-19 11:58:26,258 DEBUG [Thread-24] root: Case propagate
2021-03-19 11:58:26,258 DEBUG [Thread-24] root: Passing to server
2021-03-19 11:58:26,258 DEBUG [Thread-24] root: Getting Predecessors
2021-03-19 11:58:26,258 DEBUG [Thread-24] root: Looking for 127.0.0.1:50058
2021-03-19 11:58:26,258 DEBUG [Thread-24] root: [127.0.0.1:50058, 127.0.0.1:50024]
2021-03-19 11:58:26,258 DEBUG [Thread-24] root: Predecessors:
2021-03-19 11:58:26,258 DEBUG [Thread-24] root: [127.0.0.1:50058, 127.0.0.1:50024]
2021-03-19 11:58:26,258 DEBUG [Thread-24] root: Looking for 127.0.0.1:50058
2021-03-19 11:58:26,258 DEBUG [Thread-24] root: Index of predecessor: 0
2021-03-19 11:58:26,258 DEBUG [Thread-24] root: Server Stuff
2021-03-19 11:58:26,258 INFO  [Thread-24] root: Delete: key = 2
2021-03-19 11:58:26,259 INFO  [Thread-24] root: Updating storage
2021-03-19 11:58:26,259 INFO  [Thread-24] root: Message sent by server -> Status: PROPAGATE_SUCCESS Key: null Value: null
2021-03-19 11:58:26,260 INFO  [Thread-6] root: Message received by client -> Status: PROPAGATE_SUCCESS Key: null Value: null
2021-03-19 11:58:26,260 INFO  [Thread-6] root: Message received by client -> Status: PROPAGATE_SUCCESS Key: null Value: null
2021-03-19 11:58:26,260 INFO  [Thread-6] root: Message sent by server -> Status: DELETE_SUCCESS Key: 2 Value: null
2021-03-19 11:58:26,261 INFO  [Thread-6] root: Message received by server -> Status: PUT Key: 3 Value: null
2021-03-19 11:58:26,261 DEBUG [Thread-6] root: In serve
2021-03-19 11:58:26,261 DEBUG [Thread-6] root: Checking if stopped or write locked
2021-03-19 11:58:26,262 DEBUG [Thread-6] root: PUT request being served
2021-03-19 11:58:26,262 DEBUG [Thread-6] root: Checking if it's in range
2021-03-19 11:58:26,262 DEBUG [Thread-6] root: Got hostname and port -> 127.0.0.1:50058
2021-03-19 11:58:26,262 DEBUG [Thread-6] root: Got metadata range: dcdf9ce6a28a25210afbebd0ecda7ece:dae7709f832bd65b72b3f501a9cdddde
2021-03-19 11:58:26,262 DEBUG [Thread-6] root: 127.0.0.1:50058 -> dcdf9ce6a28a25210afbebd0ecda7ece:dae7709f832bd65b72b3f501a9cdddde
2021-03-19 11:58:26,262 DEBUG [Thread-6] root: 127.0.0.1:50024 -> dae7709f832bd65b72b3f501a9cddddf:dcdf9ce6a28a25210afbebd0ecda7ecd
2021-03-19 11:58:26,262 DEBUG [Thread-6] root: Got range big ints
2021-03-19 11:58:26,262 DEBUG [Thread-6] root: Range end < range start
2021-03-19 11:58:26,262 DEBUG [Thread-6] root: Done with range check in server
2021-03-19 11:58:26,262 DEBUG [Thread-6] root: In range
2021-03-19 11:58:26,262 INFO  [Thread-6] root: Delete: key = 3
2021-03-19 11:58:26,263 INFO  [Thread-6] root: Updating storage
2021-03-19 11:58:26,263 DEBUG [Thread-6] root: Getting successors
2021-03-19 11:58:26,263 DEBUG [Thread-6] root: Got successors
2021-03-19 11:58:26,263 DEBUG [Thread-6] root: Propagating to: 127.0.0.1:50024 127.0.0.1:50058
2021-03-19 11:58:26,264 INFO  [Thread-6] root: Client communication module connected
Starting commModule
2021-03-19 11:58:26,264 INFO  [Thread-0] root: Server communication module connected
2021-03-19 11:58:26,264 INFO  [Thread-6] root: Client communication module connected
2021-03-19 11:58:26,264 DEBUG [Thread-6] root: {"3":null}
2021-03-19 11:58:26,265 INFO  [Thread-6] root: Message sent by client -> Status: PROPAGATE
2021-03-19 11:58:26,265 INFO  [Thread-0] root: Connected to localhost on port 57375
2021-03-19 11:58:26,265 INFO  [Thread-6] root: Message sent by client -> Status: PROPAGATE
2021-03-19 11:58:26,266 INFO  [Thread-25] root: Message received by server -> Status: PROPAGATE
2021-03-19 11:58:26,266 DEBUG [Thread-25] root: In serve
2021-03-19 11:58:26,266 DEBUG [Thread-25] root: Checking if stopped or write locked
2021-03-19 11:58:26,266 DEBUG [Thread-25] root: Case propagate
2021-03-19 11:58:26,266 DEBUG [Thread-25] root: Passing to server
2021-03-19 11:58:26,266 DEBUG [Thread-25] root: Getting Predecessors
2021-03-19 11:58:26,266 DEBUG [Thread-25] root: Looking for 127.0.0.1:50058
2021-03-19 11:58:26,266 DEBUG [Thread-25] root: [127.0.0.1:50058, 127.0.0.1:50024]
2021-03-19 11:58:26,266 DEBUG [Thread-25] root: Predecessors:
2021-03-19 11:58:26,266 DEBUG [Thread-25] root: [127.0.0.1:50058, 127.0.0.1:50024]
2021-03-19 11:58:26,266 DEBUG [Thread-25] root: Looking for 127.0.0.1:50058
2021-03-19 11:58:26,266 DEBUG [Thread-25] root: Index of predecessor: 0
2021-03-19 11:58:26,267 DEBUG [Thread-25] root: Server Stuff
2021-03-19 11:58:26,267 INFO  [Thread-25] root: Delete: key = 3
2021-03-19 11:58:26,267 INFO  [Thread-25] root: Updating storage
2021-03-19 11:58:26,267 INFO  [Thread-25] root: Message sent by server -> Status: PROPAGATE_SUCCESS Key: null Value: null
2021-03-19 11:58:26,268 INFO  [Thread-6] root: Message received by client -> Status: PROPAGATE_SUCCESS Key: null Value: null
2021-03-19 11:58:26,269 INFO  [Thread-6] root: Message received by client -> Status: PROPAGATE_SUCCESS Key: null Value: null
2021-03-19 11:58:26,269 INFO  [Thread-6] root: Message sent by server -> Status: DELETE_SUCCESS Key: 3 Value: null
2021-03-19 11:58:26,270 INFO  [Thread-6] root: Message received by server -> Status: PUT Key: 4 Value: null
2021-03-19 11:58:26,270 DEBUG [Thread-6] root: In serve
2021-03-19 11:58:26,270 DEBUG [Thread-6] root: Checking if stopped or write locked
2021-03-19 11:58:26,270 DEBUG [Thread-6] root: PUT request being served
2021-03-19 11:58:26,270 DEBUG [Thread-6] root: Checking if it's in range
2021-03-19 11:58:26,270 DEBUG [Thread-6] root: Got hostname and port -> 127.0.0.1:50058
2021-03-19 11:58:26,270 DEBUG [Thread-6] root: Got metadata range: dcdf9ce6a28a25210afbebd0ecda7ece:dae7709f832bd65b72b3f501a9cdddde
2021-03-19 11:58:26,270 DEBUG [Thread-6] root: 127.0.0.1:50058 -> dcdf9ce6a28a25210afbebd0ecda7ece:dae7709f832bd65b72b3f501a9cdddde
2021-03-19 11:58:26,270 DEBUG [Thread-6] root: 127.0.0.1:50024 -> dae7709f832bd65b72b3f501a9cddddf:dcdf9ce6a28a25210afbebd0ecda7ecd
2021-03-19 11:58:26,270 DEBUG [Thread-6] root: Got range big ints
2021-03-19 11:58:26,271 DEBUG [Thread-6] root: Range end < range start
2021-03-19 11:58:26,271 DEBUG [Thread-6] root: Done with range check in server
2021-03-19 11:58:26,271 DEBUG [Thread-6] root: In range
2021-03-19 11:58:26,271 INFO  [Thread-6] root: Delete: key = 4
2021-03-19 11:58:26,271 INFO  [Thread-6] root: Updating storage
2021-03-19 11:58:26,271 DEBUG [Thread-6] root: Getting successors
2021-03-19 11:58:26,271 DEBUG [Thread-6] root: Got successors
2021-03-19 11:58:26,271 DEBUG [Thread-6] root: Propagating to: 127.0.0.1:50024 127.0.0.1:50058
2021-03-19 11:58:26,272 INFO  [Thread-6] root: Client communication module connected
Starting commModule
2021-03-19 11:58:26,273 INFO  [Thread-6] root: Client communication module connected
2021-03-19 11:58:26,273 INFO  [Thread-0] root: Server communication module connected
2021-03-19 11:58:26,273 DEBUG [Thread-6] root: {"4":null}
2021-03-19 11:58:26,275 INFO  [Thread-6] root: Message sent by client -> Status: PROPAGATE
2021-03-19 11:58:26,276 INFO  [Thread-0] root: Connected to localhost on port 57377
2021-03-19 11:58:26,276 INFO  [Thread-6] root: Message sent by client -> Status: PROPAGATE
2021-03-19 11:58:26,277 INFO  [Thread-26] root: Message received by server -> Status: PROPAGATE
2021-03-19 11:58:26,277 DEBUG [Thread-26] root: In serve
2021-03-19 11:58:26,277 DEBUG [Thread-26] root: Checking if stopped or write locked
2021-03-19 11:58:26,277 DEBUG [Thread-26] root: Case propagate
2021-03-19 11:58:26,277 DEBUG [Thread-26] root: Passing to server
2021-03-19 11:58:26,277 DEBUG [Thread-26] root: Getting Predecessors
2021-03-19 11:58:26,277 DEBUG [Thread-26] root: Looking for 127.0.0.1:50058
2021-03-19 11:58:26,277 DEBUG [Thread-26] root: [127.0.0.1:50058, 127.0.0.1:50024]
2021-03-19 11:58:26,277 DEBUG [Thread-26] root: Predecessors:
2021-03-19 11:58:26,277 DEBUG [Thread-26] root: [127.0.0.1:50058, 127.0.0.1:50024]
2021-03-19 11:58:26,277 DEBUG [Thread-26] root: Looking for 127.0.0.1:50058
2021-03-19 11:58:26,277 DEBUG [Thread-26] root: Index of predecessor: 0
2021-03-19 11:58:26,277 DEBUG [Thread-26] root: Server Stuff
2021-03-19 11:58:26,278 INFO  [Thread-26] root: Delete: key = 4
2021-03-19 11:58:26,278 INFO  [Thread-26] root: Updating storage
2021-03-19 11:58:26,279 INFO  [Thread-26] root: Message sent by server -> Status: PROPAGATE_SUCCESS Key: null Value: null
2021-03-19 11:58:26,281 INFO  [Thread-6] root: Message received by client -> Status: PROPAGATE_SUCCESS Key: null Value: null
2021-03-19 11:58:26,282 INFO  [Thread-6] root: Message received by client -> Status: PROPAGATE_SUCCESS Key: null Value: null
2021-03-19 11:58:26,282 INFO  [Thread-6] root: Message sent by server -> Status: DELETE_SUCCESS Key: 4 Value: null
Starting commModule
2021-03-19 11:58:26,283 INFO  [Thread-0] root: Server communication module connected
2021-03-19 11:58:26,283 INFO  [Thread-0] root: Connected to localhost on port 57378
2021-03-19 11:58:26,283 INFO  [Thread-27] root: Message received by server -> Status: SHUTDOWN
received adminmsg
2021-03-19 11:58:26,284 DEBUG [Thread-27] root: Closing the program
2021-03-19 11:58:26,284 INFO  [Thread-27] root: Message sent by server -> Status: SHUTDOWN_SUCCESS
2021-03-19 11:58:26,285 ERROR [Thread-0] root: Error! Unable to establish connection. 

java.net.SocketException: Socket closed
	at java.base/java.net.PlainSocketImpl.socketAccept(Native Method)
	at java.base/java.net.AbstractPlainSocketImpl.accept(AbstractPlainSocketImpl.java:458)
	at java.base/java.net.ServerSocket.implAccept(ServerSocket.java:565)
	at java.base/java.net.ServerSocket.accept(ServerSocket.java:533)
	at app_kvServer.KVServer.run(KVServer.java:408)
2021-03-19 11:58:26,287 INFO  [Thread-0] root: Server stopped.
2021-03-19 11:58:26,287 INFO  [Thread-0] root: Clearing KV Storage...
