2021-03-18 21:48:08,475 INFO  [main] root: Creating Storage Files
2021-03-18 21:48:08,476 INFO  [main] root: File created: server91.json
2021-03-18 21:48:08,476 INFO  [main] root: File created: server91_replica_1.json
2021-03-18 21:48:08,476 INFO  [main] root: File created: server91_replica_2.json
2021-03-18 21:48:08,476 INFO  [Thread-0] root: Initialize server ...
2021-03-18 21:48:08,490 INFO  [Thread-0] root: Server listening on port: 50090
2021-03-18 21:48:08,512 INFO  [Thread-0] org.apache.zookeeper.ZooKeeper: Client environment:zookeeper.version=3.6.2--803c7f1a12f85978cb049af5e4ef23bd8b688715, built on 09/04/2020 12:44 GMT
2021-03-18 21:48:08,512 INFO  [Thread-0] org.apache.zookeeper.ZooKeeper: Client environment:host.name=localhost
2021-03-18 21:48:08,512 INFO  [Thread-0] org.apache.zookeeper.ZooKeeper: Client environment:java.version=11.0.10
2021-03-18 21:48:08,512 INFO  [Thread-0] org.apache.zookeeper.ZooKeeper: Client environment:java.vendor=Azul Systems, Inc.
2021-03-18 21:48:08,512 INFO  [Thread-0] org.apache.zookeeper.ZooKeeper: Client environment:java.home=/Users/steve/Library/Java/JavaVirtualMachines/azul-11.0.10/Contents/Home
2021-03-18 21:48:08,512 INFO  [Thread-0] org.apache.zookeeper.ZooKeeper: Client environment:java.class.path=/Users/steve/Desktop/UofT/year4/winter2021/ECE419/milestone3/m3-server.jar
2021-03-18 21:48:08,512 INFO  [Thread-0] org.apache.zookeeper.ZooKeeper: Client environment:java.library.path=/Users/steve/Library/Java/Extensions:/Library/Java/Extensions:/Network/Library/Java/Extensions:/System/Library/Java/Extensions:/usr/lib/java:.
2021-03-18 21:48:08,512 INFO  [Thread-0] org.apache.zookeeper.ZooKeeper: Client environment:java.io.tmpdir=/var/folders/kz/3gb57nkn6ks6_07_dtt5lqvr0000gn/T/
2021-03-18 21:48:08,512 INFO  [Thread-0] org.apache.zookeeper.ZooKeeper: Client environment:java.compiler=<NA>
2021-03-18 21:48:08,512 INFO  [Thread-0] org.apache.zookeeper.ZooKeeper: Client environment:os.name=Mac OS X
2021-03-18 21:48:08,512 INFO  [Thread-0] org.apache.zookeeper.ZooKeeper: Client environment:os.arch=x86_64
2021-03-18 21:48:08,513 INFO  [Thread-0] org.apache.zookeeper.ZooKeeper: Client environment:os.version=10.16
2021-03-18 21:48:08,513 INFO  [Thread-0] org.apache.zookeeper.ZooKeeper: Client environment:user.name=steve
2021-03-18 21:48:08,513 INFO  [Thread-0] org.apache.zookeeper.ZooKeeper: Client environment:user.home=/Users/steve
2021-03-18 21:48:08,513 INFO  [Thread-0] org.apache.zookeeper.ZooKeeper: Client environment:user.dir=/Users/steve
2021-03-18 21:48:08,513 INFO  [Thread-0] org.apache.zookeeper.ZooKeeper: Client environment:os.memory.free=249MB
2021-03-18 21:48:08,513 INFO  [Thread-0] org.apache.zookeeper.ZooKeeper: Client environment:os.memory.max=4096MB
2021-03-18 21:48:08,513 INFO  [Thread-0] org.apache.zookeeper.ZooKeeper: Client environment:os.memory.total=256MB
2021-03-18 21:48:08,516 INFO  [Thread-0] org.apache.zookeeper.ZooKeeper: Initiating client connection, connectString=localhost:2181 sessionTimeout=3000 watcher=app_kvServer.KVServer$1@42034375
2021-03-18 21:48:08,520 INFO  [Thread-0] org.apache.zookeeper.common.X509Util: Setting -D jdk.tls.rejectClientInitiatedRenegotiation=true to disable client-initiated TLS renegotiation
2021-03-18 21:48:08,531 INFO  [Thread-0] org.apache.zookeeper.ClientCnxnSocket: jute.maxbuffer value is 1048575 Bytes
2021-03-18 21:48:08,537 INFO  [Thread-0] org.apache.zookeeper.ClientCnxn: zookeeper.request.timeout value is 0. feature enabled=false
2021-03-18 21:48:08,546 DEBUG [Thread-0-SendThread(localhost:2181)] org.apache.zookeeper.SaslServerPrincipal: Canonicalized address to localhost
2021-03-18 21:48:08,548 INFO  [Thread-0-SendThread(localhost:2181)] org.apache.zookeeper.ClientCnxn: Opening socket connection to server localhost/127.0.0.1:2181.
2021-03-18 21:48:08,548 INFO  [Thread-0-SendThread(localhost:2181)] org.apache.zookeeper.ClientCnxn: SASL config status: Will not attempt to authenticate using SASL (unknown error)
2021-03-18 21:48:08,563 INFO  [Thread-0-SendThread(localhost:2181)] org.apache.zookeeper.ClientCnxn: Socket connection established, initiating session, client: /127.0.0.1:51200, server: localhost/127.0.0.1:2181
2021-03-18 21:48:08,564 DEBUG [Thread-0-SendThread(localhost:2181)] org.apache.zookeeper.ClientCnxn: Session establishment request sent on localhost/127.0.0.1:2181
2021-03-18 21:48:08,593 TRACE [Thread-0-SendThread(localhost:2181)] org.apache.zookeeper.ClientCnxnSocket: readConnectResult 37 0x[0,0,0,0,0,0,f,ffffffa0,1,0,14,ffffffbd,52,70,0,33,0,0,0,10,ffffff80,ffffffb9,ffffffaf,27,ffffffa7,6a,41,ffffff82,6f,ffffffec,ffffffe3,72,ffffffcf,ffffffb3,2f,69,0,]
2021-03-18 21:48:08,595 INFO  [Thread-0-SendThread(localhost:2181)] org.apache.zookeeper.ClientCnxn: Session establishment complete on server localhost/127.0.0.1:2181, session id = 0x10014bd52700033, negotiated timeout = 4000
2021-03-18 21:48:08,598 DEBUG [Thread-0-EventThread] root: ZK event: 
2021-03-18 21:48:08,598 DEBUG [Thread-0-EventThread] root: WatchedEvent state:SyncConnected type:None path:null
2021-03-18 21:48:08,627 DEBUG [Thread-0-SendThread(localhost:2181)] org.apache.zookeeper.ClientCnxn: Reading reply session id: 0x10014bd52700033, packet:: clientPath:null serverPath:null finished:false header:: 1,1  replyHeader:: 1,162,0  request:: '/keeper/server91,,v{s{31,s{'world,'anyone}}},1  response:: '/keeper/server91 
2021-03-18 21:48:08,632 DEBUG [Thread-0-SendThread(localhost:2181)] org.apache.zookeeper.ClientCnxn: Reading reply session id: 0x10014bd52700033, packet:: clientPath:null serverPath:null finished:false header:: 2,3  replyHeader:: 2,162,0  request:: '/keeper/server91,T  response:: s{162,162,1616118488598,1616118488598,0,0,0,72080397402374195,0,0,162} 
2021-03-18 21:48:08,659 DEBUG [Thread-0-SendThread(localhost:2181)] org.apache.zookeeper.ClientCnxn: Got notification session id: 0x10014bd52700033
2021-03-18 21:48:08,661 DEBUG [Thread-0-SendThread(localhost:2181)] org.apache.zookeeper.ClientCnxn: Got WatchedEvent state:SyncConnected type:NodeDataChanged path:/keeper/server91 for session id 0x10014bd52700033
2021-03-18 21:48:08,662 DEBUG [Thread-0-EventThread] root: ZK event: 
2021-03-18 21:48:08,662 DEBUG [Thread-0-EventThread] root: WatchedEvent state:SyncConnected type:NodeDataChanged path:/keeper/server91
2021-03-18 21:48:08,663 DEBUG [Thread-0-SendThread(localhost:2181)] org.apache.zookeeper.ClientCnxn: Reading reply session id: 0x10014bd52700033, packet:: clientPath:null serverPath:null finished:false header:: 3,5  replyHeader:: 3,163,0  request:: '/keeper/server91,#3132372e302e302e313a3530303930,0  response:: s{162,163,1616118488598,1616118488633,1,0,0,72080397402374195,15,0,162} 
2021-03-18 21:48:08,663 INFO  [Thread-0] root: Node created at: /keeper/server91
Starting commModule
2021-03-18 21:48:08,671 INFO  [Thread-0] root: Server communication module connected
2021-03-18 21:48:08,672 INFO  [Thread-0] root: Connected to localhost on port 51201
2021-03-18 21:48:08,679 INFO  [Thread-1] root: Message received by server -> Status: INIT_SERVER
received adminmsg
2021-03-18 21:48:08,680 INFO  [Thread-1] root: Message sent by server -> Status: INIT_SERVER_SUCCESS
2021-03-18 21:48:08,680 INFO  [Thread-1] root: Message received by server -> Status: START
received adminmsg
2021-03-18 21:48:08,680 INFO  [Thread-1] root: Message sent by server -> Status: START_SUCCESS
Starting commModule
2021-03-18 21:48:08,681 INFO  [Thread-0] root: Server communication module connected
2021-03-18 21:48:08,682 INFO  [Thread-0] root: Connected to localhost on port 51202
2021-03-18 21:48:08,683 INFO  [Thread-2] root: Message received by server -> Status: UPDATE
received adminmsg
2021-03-18 21:48:08,684 INFO  [Thread-2] root: Message sent by server -> Status: UPDATE_SUCCESS
Starting commModule
2021-03-18 21:48:08,684 INFO  [Thread-0] root: Server communication module connected
2021-03-18 21:48:08,685 INFO  [Thread-0] root: Connected to localhost on port 51203
2021-03-18 21:48:08,686 INFO  [Thread-3] root: Message received by server -> Status: PROPAGATE_ADMIN
received adminmsg
2021-03-18 21:48:08,690 DEBUG [Thread-3] root: Getting successors
2021-03-18 21:48:08,690 DEBUG [Thread-3] root: Got successors
2021-03-18 21:48:08,691 DEBUG [Thread-3] root: Propagating to: 127.0.0.1:50090 127.0.0.1:50090
Starting commModule
2021-03-18 21:48:08,693 INFO  [Thread-0] root: Server communication module connected
2021-03-18 21:48:08,693 INFO  [Thread-3] root: Client communication module connected
2021-03-18 21:48:08,694 INFO  [Thread-0] root: Connected to localhost on port 51204
Starting commModule
2021-03-18 21:48:08,694 INFO  [Thread-0] root: Server communication module connected
2021-03-18 21:48:08,694 INFO  [Thread-3] root: Client communication module connected
2021-03-18 21:48:08,694 DEBUG [Thread-3] root: {}
2021-03-18 21:48:08,695 INFO  [Thread-3] root: Message sent by server -> Status: PROPAGATE_SUCCESS
2021-03-18 21:48:08,695 INFO  [Thread-0] root: Connected to localhost on port 51205
Starting commModule
2021-03-18 21:48:09,239 INFO  [Thread-0] root: Server communication module connected
2021-03-18 21:48:09,240 INFO  [Thread-0] root: Connected to localhost on port 51209
2021-03-18 21:48:09,241 INFO  [Thread-6] root: Message received by server -> Status: UPDATE
received adminmsg
2021-03-18 21:48:09,242 INFO  [Thread-6] root: Message sent by server -> Status: UPDATE_SUCCESS
Starting commModule
2021-03-18 21:48:09,242 INFO  [Thread-0] root: Server communication module connected
2021-03-18 21:48:09,243 INFO  [Thread-0] root: Connected to localhost on port 51210
2021-03-18 21:48:09,243 INFO  [Thread-7] root: Message received by server -> Status: PROPAGATE_ADMIN
received adminmsg
2021-03-18 21:48:09,244 DEBUG [Thread-7] root: Getting successors
2021-03-18 21:48:09,244 DEBUG [Thread-7] root: Got successors
2021-03-18 21:48:09,244 DEBUG [Thread-7] root: Propagating to: 127.0.0.1:50008 127.0.0.1:50090
2021-03-18 21:48:09,244 INFO  [Thread-7] root: Client communication module connected
Starting commModule
2021-03-18 21:48:09,245 INFO  [Thread-0] root: Server communication module connected
2021-03-18 21:48:09,245 INFO  [Thread-7] root: Client communication module connected
2021-03-18 21:48:09,245 DEBUG [Thread-7] root: {}
2021-03-18 21:48:09,245 INFO  [Thread-7] root: Message sent by server -> Status: PROPAGATE_SUCCESS
2021-03-18 21:48:09,246 INFO  [Thread-0] root: Connected to localhost on port 51212
Starting commModule
2021-03-18 21:48:09,246 INFO  [Thread-0] root: Server communication module connected
2021-03-18 21:48:09,246 INFO  [Thread-0] root: Connected to localhost on port 51213
2021-03-18 21:48:09,247 INFO  [Thread-9] root: Message received by server -> Status: MOVE_DATA
received adminmsg
2021-03-18 21:48:09,247 DEBUG [Thread-9] root: Input data: 
2021-03-18 21:48:09,247 DEBUG [Thread-9] root: 8abb14128eacd4c086a7efaed4a37a3f:76022fb5320a82850f4f8bb039566ddd
2021-03-18 21:48:09,247 DEBUG [Thread-9] root: 127.0.0.1:50008
2021-03-18 21:48:09,248 INFO  [Thread-9] root: Client communication module connected
2021-03-18 21:48:09,248 DEBUG [Thread-9] root: Host: 127.0.0.1
2021-03-18 21:48:09,248 DEBUG [Thread-9] root: Port: 50008
2021-03-18 21:48:09,248 DEBUG [Thread-9] root: Range: 8abb14128eacd4c086a7efaed4a37a3f:76022fb5320a82850f4f8bb039566ddd
2021-03-18 21:48:09,248 DEBUG [Thread-9] root: Starting flush data
2021-03-18 21:48:09,248 DEBUG [Thread-9] root: Finished flush data
2021-03-18 21:48:09,248 DEBUG [Thread-9] root: Closing conn
2021-03-18 21:48:09,248 INFO  [Thread-9] root: Connection closed!
2021-03-18 21:48:09,248 DEBUG [Thread-9] root: Closed conn
2021-03-18 21:48:09,248 INFO  [Thread-9] root: Message sent by server -> Status: MOVE_DATA_SUCCESS
Starting commModule
2021-03-18 21:48:09,249 INFO  [Thread-0] root: Server communication module connected
2021-03-18 21:48:09,250 INFO  [Thread-0] root: Connected to localhost on port 51215
2021-03-18 21:48:09,250 INFO  [Thread-10] root: Message received by server -> Status: UPDATE
received adminmsg
2021-03-18 21:48:09,251 INFO  [Thread-10] root: Message sent by server -> Status: UPDATE_SUCCESS
Starting commModule
2021-03-18 21:48:09,254 INFO  [Thread-0] root: Server communication module connected
2021-03-18 21:48:09,255 INFO  [Thread-0] root: Connected to localhost on port 51217
2021-03-18 21:48:09,255 INFO  [Thread-11] root: Message received by server -> Status: PROPAGATE_ADMIN
received adminmsg
2021-03-18 21:48:09,256 DEBUG [Thread-11] root: Getting successors
2021-03-18 21:48:09,256 DEBUG [Thread-11] root: Got successors
2021-03-18 21:48:09,256 DEBUG [Thread-11] root: Propagating to: 127.0.0.1:50008 127.0.0.1:50090
2021-03-18 21:48:09,256 INFO  [Thread-11] root: Client communication module connected
Starting commModule
2021-03-18 21:48:09,257 INFO  [Thread-0] root: Server communication module connected
2021-03-18 21:48:09,257 INFO  [Thread-11] root: Client communication module connected
2021-03-18 21:48:09,257 DEBUG [Thread-11] root: {}
2021-03-18 21:48:09,257 INFO  [Thread-11] root: Message sent by server -> Status: PROPAGATE_SUCCESS
2021-03-18 21:48:09,257 INFO  [Thread-0] root: Connected to localhost on port 51219
Starting commModule
2021-03-18 21:48:09,267 INFO  [Thread-0] root: Server communication module connected
2021-03-18 21:48:09,267 INFO  [Thread-0] root: Connected to localhost on port 51221
Starting commModule
2021-03-18 21:48:09,269 INFO  [Thread-0] root: Server communication module connected
2021-03-18 21:48:09,270 INFO  [Thread-0] root: Connected to localhost on port 51223
2021-03-18 21:48:09,270 INFO  [Thread-14] root: Message received by server -> Status: STOP
received adminmsg
2021-03-18 21:48:09,270 INFO  [Thread-14] root: Message sent by server -> Status: STOP_SUCCESS
2021-03-18 21:48:09,969 DEBUG [Thread-0-SendThread(localhost:2181)] org.apache.zookeeper.ClientCnxn: Got ping response for session id: 0x10014bd52700033 after 1ms.
2021-03-18 21:48:11,304 DEBUG [Thread-0-SendThread(localhost:2181)] org.apache.zookeeper.ClientCnxn: Got ping response for session id: 0x10014bd52700033 after 0ms.
2021-03-18 21:48:12,639 DEBUG [Thread-0-SendThread(localhost:2181)] org.apache.zookeeper.ClientCnxn: Got ping response for session id: 0x10014bd52700033 after 0ms.
2021-03-18 21:48:13,976 DEBUG [Thread-0-SendThread(localhost:2181)] org.apache.zookeeper.ClientCnxn: Got ping response for session id: 0x10014bd52700033 after 0ms.
2021-03-18 21:48:15,311 DEBUG [Thread-0-SendThread(localhost:2181)] org.apache.zookeeper.ClientCnxn: Got ping response for session id: 0x10014bd52700033 after 1ms.
2021-03-18 21:48:16,645 DEBUG [Thread-0-SendThread(localhost:2181)] org.apache.zookeeper.ClientCnxn: Got ping response for session id: 0x10014bd52700033 after 0ms.
2021-03-18 21:48:17,980 DEBUG [Thread-0-SendThread(localhost:2181)] org.apache.zookeeper.ClientCnxn: Got ping response for session id: 0x10014bd52700033 after 1ms.
Starting commModule
2021-03-18 21:48:19,271 INFO  [Thread-0] root: Server communication module connected
2021-03-18 21:48:19,273 INFO  [Thread-0] root: Connected to localhost on port 51225
2021-03-18 21:48:19,273 INFO  [Thread-15] root: Message received by server -> Status: SHUTDOWN
received adminmsg
2021-03-18 21:48:19,273 DEBUG [Thread-15] root: Closing the program
2021-03-18 21:48:19,274 INFO  [Thread-15] root: Message sent by server -> Status: SHUTDOWN_SUCCESS
2021-03-18 21:48:19,275 ERROR [Thread-0] root: Error! Unable to establish connection. 

java.net.SocketException: Socket closed
	at java.base/java.net.PlainSocketImpl.socketAccept(Native Method)
	at java.base/java.net.AbstractPlainSocketImpl.accept(AbstractPlainSocketImpl.java:458)
	at java.base/java.net.ServerSocket.implAccept(ServerSocket.java:565)
	at java.base/java.net.ServerSocket.accept(ServerSocket.java:533)
	at app_kvServer.KVServer.run(KVServer.java:408)
2021-03-18 21:48:19,277 INFO  [Thread-0] root: Server stopped.
2021-03-18 21:48:19,277 INFO  [Thread-0] root: Clearing KV Storage...
2021-03-18 22:24:26,470 INFO  [main] root: Creating Storage Files
2021-03-18 22:24:26,471 INFO  [main] root: File created: server91.json
2021-03-18 22:24:26,471 INFO  [main] root: File created: server91_replica_1.json
2021-03-18 22:24:26,471 INFO  [main] root: File created: server91_replica_2.json
2021-03-18 22:24:26,471 INFO  [Thread-0] root: Initialize server ...
2021-03-18 22:24:26,489 INFO  [Thread-0] root: Server listening on port: 50090
2021-03-18 22:24:26,519 INFO  [Thread-0] org.apache.zookeeper.ZooKeeper: Client environment:zookeeper.version=3.6.2--803c7f1a12f85978cb049af5e4ef23bd8b688715, built on 09/04/2020 12:44 GMT
2021-03-18 22:24:26,519 INFO  [Thread-0] org.apache.zookeeper.ZooKeeper: Client environment:host.name=localhost
2021-03-18 22:24:26,519 INFO  [Thread-0] org.apache.zookeeper.ZooKeeper: Client environment:java.version=11.0.10
2021-03-18 22:24:26,519 INFO  [Thread-0] org.apache.zookeeper.ZooKeeper: Client environment:java.vendor=Azul Systems, Inc.
2021-03-18 22:24:26,519 INFO  [Thread-0] org.apache.zookeeper.ZooKeeper: Client environment:java.home=/Users/steve/Library/Java/JavaVirtualMachines/azul-11.0.10/Contents/Home
2021-03-18 22:24:26,519 INFO  [Thread-0] org.apache.zookeeper.ZooKeeper: Client environment:java.class.path=/Users/steve/Desktop/UofT/year4/winter2021/ECE419/milestone3/m3-server.jar
2021-03-18 22:24:26,519 INFO  [Thread-0] org.apache.zookeeper.ZooKeeper: Client environment:java.library.path=/Users/steve/Library/Java/Extensions:/Library/Java/Extensions:/Network/Library/Java/Extensions:/System/Library/Java/Extensions:/usr/lib/java:.
2021-03-18 22:24:26,519 INFO  [Thread-0] org.apache.zookeeper.ZooKeeper: Client environment:java.io.tmpdir=/var/folders/kz/3gb57nkn6ks6_07_dtt5lqvr0000gn/T/
2021-03-18 22:24:26,519 INFO  [Thread-0] org.apache.zookeeper.ZooKeeper: Client environment:java.compiler=<NA>
2021-03-18 22:24:26,520 INFO  [Thread-0] org.apache.zookeeper.ZooKeeper: Client environment:os.name=Mac OS X
2021-03-18 22:24:26,520 INFO  [Thread-0] org.apache.zookeeper.ZooKeeper: Client environment:os.arch=x86_64
2021-03-18 22:24:26,520 INFO  [Thread-0] org.apache.zookeeper.ZooKeeper: Client environment:os.version=10.16
2021-03-18 22:24:26,520 INFO  [Thread-0] org.apache.zookeeper.ZooKeeper: Client environment:user.name=steve
2021-03-18 22:24:26,520 INFO  [Thread-0] org.apache.zookeeper.ZooKeeper: Client environment:user.home=/Users/steve
2021-03-18 22:24:26,520 INFO  [Thread-0] org.apache.zookeeper.ZooKeeper: Client environment:user.dir=/Users/steve
2021-03-18 22:24:26,520 INFO  [Thread-0] org.apache.zookeeper.ZooKeeper: Client environment:os.memory.free=249MB
2021-03-18 22:24:26,520 INFO  [Thread-0] org.apache.zookeeper.ZooKeeper: Client environment:os.memory.max=4096MB
2021-03-18 22:24:26,520 INFO  [Thread-0] org.apache.zookeeper.ZooKeeper: Client environment:os.memory.total=256MB
2021-03-18 22:24:26,524 INFO  [Thread-0] org.apache.zookeeper.ZooKeeper: Initiating client connection, connectString=localhost:2181 sessionTimeout=3000 watcher=app_kvServer.KVServer$1@1b84e5c2
2021-03-18 22:24:26,528 INFO  [Thread-0] org.apache.zookeeper.common.X509Util: Setting -D jdk.tls.rejectClientInitiatedRenegotiation=true to disable client-initiated TLS renegotiation
2021-03-18 22:24:26,543 INFO  [Thread-0] org.apache.zookeeper.ClientCnxnSocket: jute.maxbuffer value is 1048575 Bytes
2021-03-18 22:24:26,552 INFO  [Thread-0] org.apache.zookeeper.ClientCnxn: zookeeper.request.timeout value is 0. feature enabled=false
2021-03-18 22:24:26,564 DEBUG [Thread-0-SendThread(localhost:2181)] org.apache.zookeeper.SaslServerPrincipal: Canonicalized address to localhost
2021-03-18 22:24:26,565 INFO  [Thread-0-SendThread(localhost:2181)] org.apache.zookeeper.ClientCnxn: Opening socket connection to server localhost/127.0.0.1:2181.
2021-03-18 22:24:26,565 INFO  [Thread-0-SendThread(localhost:2181)] org.apache.zookeeper.ClientCnxn: SASL config status: Will not attempt to authenticate using SASL (unknown error)
2021-03-18 22:24:26,585 INFO  [Thread-0-SendThread(localhost:2181)] org.apache.zookeeper.ClientCnxn: Socket connection established, initiating session, client: /127.0.0.1:51927, server: localhost/127.0.0.1:2181
2021-03-18 22:24:26,586 DEBUG [Thread-0-SendThread(localhost:2181)] org.apache.zookeeper.ClientCnxn: Session establishment request sent on localhost/127.0.0.1:2181
2021-03-18 22:24:26,616 TRACE [Thread-0-SendThread(localhost:2181)] org.apache.zookeeper.ClientCnxnSocket: readConnectResult 37 0x[0,0,0,0,0,0,f,ffffffa0,1,0,14,ffffffbd,52,70,0,4c,0,0,0,10,d,ffffff9b,49,26,ffffffc4,6f,76,ffffffeb,ffffffde,ffffffe0,7e,ffffffca,3c,4e,14,47,0,]
2021-03-18 22:24:26,618 INFO  [Thread-0-SendThread(localhost:2181)] org.apache.zookeeper.ClientCnxn: Session establishment complete on server localhost/127.0.0.1:2181, session id = 0x10014bd5270004c, negotiated timeout = 4000
2021-03-18 22:24:26,620 DEBUG [Thread-0-EventThread] root: ZK event: 
2021-03-18 22:24:26,621 DEBUG [Thread-0-EventThread] root: WatchedEvent state:SyncConnected type:None path:null
2021-03-18 22:24:26,647 DEBUG [Thread-0-SendThread(localhost:2181)] org.apache.zookeeper.ClientCnxn: Reading reply session id: 0x10014bd5270004c, packet:: clientPath:null serverPath:null finished:false header:: 1,1  replyHeader:: 1,251,0  request:: '/keeper/server91,,v{s{31,s{'world,'anyone}}},1  response:: '/keeper/server91 
2021-03-18 22:24:26,651 DEBUG [Thread-0-SendThread(localhost:2181)] org.apache.zookeeper.ClientCnxn: Reading reply session id: 0x10014bd5270004c, packet:: clientPath:null serverPath:null finished:false header:: 2,3  replyHeader:: 2,251,0  request:: '/keeper/server91,T  response:: s{251,251,1616120666621,1616120666621,0,0,0,72080397402374220,0,0,251} 
2021-03-18 22:24:26,678 DEBUG [Thread-0-SendThread(localhost:2181)] org.apache.zookeeper.ClientCnxn: Got notification session id: 0x10014bd5270004c
2021-03-18 22:24:26,680 DEBUG [Thread-0-SendThread(localhost:2181)] org.apache.zookeeper.ClientCnxn: Got WatchedEvent state:SyncConnected type:NodeDataChanged path:/keeper/server91 for session id 0x10014bd5270004c
2021-03-18 22:24:26,681 DEBUG [Thread-0-EventThread] root: ZK event: 
2021-03-18 22:24:26,682 DEBUG [Thread-0-EventThread] root: WatchedEvent state:SyncConnected type:NodeDataChanged path:/keeper/server91
2021-03-18 22:24:26,683 DEBUG [Thread-0-SendThread(localhost:2181)] org.apache.zookeeper.ClientCnxn: Reading reply session id: 0x10014bd5270004c, packet:: clientPath:null serverPath:null finished:false header:: 3,5  replyHeader:: 3,252,0  request:: '/keeper/server91,#3132372e302e302e313a3530303930,0  response:: s{251,252,1616120666621,1616120666652,1,0,0,72080397402374220,15,0,251} 
2021-03-18 22:24:26,683 INFO  [Thread-0] root: Node created at: /keeper/server91
Starting commModule
2021-03-18 22:24:26,690 INFO  [Thread-0] root: Server communication module connected
2021-03-18 22:24:26,691 INFO  [Thread-0] root: Connected to localhost on port 51928
2021-03-18 22:24:26,699 INFO  [Thread-1] root: Message received by server -> Status: INIT_SERVER
received adminmsg
2021-03-18 22:24:26,700 INFO  [Thread-1] root: Message sent by server -> Status: INIT_SERVER_SUCCESS
2021-03-18 22:24:26,700 INFO  [Thread-1] root: Message received by server -> Status: START
received adminmsg
2021-03-18 22:24:26,701 INFO  [Thread-1] root: Message sent by server -> Status: START_SUCCESS
Starting commModule
2021-03-18 22:24:26,707 INFO  [Thread-0] root: Server communication module connected
2021-03-18 22:24:26,708 INFO  [Thread-0] root: Connected to localhost on port 51931
Starting commModule
2021-03-18 22:24:26,715 INFO  [Thread-0] root: Server communication module connected
2021-03-18 22:24:26,716 INFO  [Thread-0] root: Connected to localhost on port 51934
Starting commModule
2021-03-18 22:24:26,720 INFO  [Thread-0] root: Server communication module connected
2021-03-18 22:24:26,721 INFO  [Thread-0] root: Connected to localhost on port 51936
2021-03-18 22:24:26,722 INFO  [Thread-4] root: Message received by server -> Status: UPDATE
received adminmsg
2021-03-18 22:24:26,723 INFO  [Thread-4] root: Message sent by server -> Status: UPDATE_SUCCESS
Starting commModule
2021-03-18 22:24:26,726 INFO  [Thread-0] root: Server communication module connected
2021-03-18 22:24:26,726 INFO  [Thread-0] root: Connected to localhost on port 51938
Starting commModule
2021-03-18 22:24:26,727 INFO  [Thread-0] root: Server communication module connected
2021-03-18 22:24:26,728 INFO  [Thread-0] root: Connected to localhost on port 51940
2021-03-18 22:24:26,728 INFO  [Thread-6] root: Message received by server -> Status: PROPAGATE_ADMIN
received adminmsg
2021-03-18 22:24:26,733 DEBUG [Thread-6] root: Getting successors
2021-03-18 22:24:26,733 DEBUG [Thread-6] root: Got successors
2021-03-18 22:24:26,734 DEBUG [Thread-6] root: Propagating to: 127.0.0.1:50036 127.0.0.1:50090
2021-03-18 22:24:26,736 INFO  [Thread-6] root: Client communication module connected
Starting commModule
2021-03-18 22:24:26,736 INFO  [Thread-0] root: Server communication module connected
2021-03-18 22:24:26,736 INFO  [Thread-6] root: Client communication module connected
2021-03-18 22:24:26,736 DEBUG [Thread-6] root: {}
2021-03-18 22:24:26,737 INFO  [Thread-0] root: Connected to localhost on port 51942
2021-03-18 22:24:26,737 INFO  [Thread-6] root: Message sent by server -> Status: PROPAGATE_SUCCESS
Starting commModule
2021-03-18 22:24:27,410 INFO  [Thread-0] root: Server communication module connected
2021-03-18 22:24:27,412 INFO  [Thread-0] root: Connected to localhost on port 51947
2021-03-18 22:24:27,413 INFO  [Thread-8] root: Message received by server -> Status: UPDATE
received adminmsg
2021-03-18 22:24:27,413 INFO  [Thread-8] root: Message sent by server -> Status: UPDATE_SUCCESS
Starting commModule
2021-03-18 22:24:27,417 INFO  [Thread-0] root: Server communication module connected
2021-03-18 22:24:27,418 INFO  [Thread-0] root: Connected to localhost on port 51950
Starting commModule
2021-03-18 22:24:27,418 INFO  [Thread-0] root: Server communication module connected
2021-03-18 22:24:27,419 INFO  [Thread-0] root: Connected to localhost on port 51951
2021-03-18 22:24:27,420 INFO  [Thread-10] root: Message received by server -> Status: PROPAGATE_ADMIN
received adminmsg
2021-03-18 22:24:27,420 DEBUG [Thread-10] root: Getting successors
2021-03-18 22:24:27,420 DEBUG [Thread-10] root: Got successors
2021-03-18 22:24:27,420 DEBUG [Thread-10] root: Propagating to: 127.0.0.1:50036 127.0.0.1:50127
2021-03-18 22:24:27,421 INFO  [Thread-10] root: Client communication module connected
2021-03-18 22:24:27,421 INFO  [Thread-10] root: Client communication module connected
2021-03-18 22:24:27,422 DEBUG [Thread-10] root: {}
2021-03-18 22:24:27,422 INFO  [Thread-10] root: Message sent by server -> Status: PROPAGATE_SUCCESS
Starting commModule
2021-03-18 22:24:27,423 INFO  [Thread-0] root: Server communication module connected
2021-03-18 22:24:27,423 INFO  [Thread-0] root: Connected to localhost on port 51954
2021-03-18 22:24:27,423 INFO  [Thread-11] root: Message received by server -> Status: MOVE_DATA
received adminmsg
2021-03-18 22:24:27,423 DEBUG [Thread-11] root: Input data: 
2021-03-18 22:24:27,424 DEBUG [Thread-11] root: e65098d2af86c1e2bcc991a809156601:405476b204c651e28b31de182ed6cd57
2021-03-18 22:24:27,424 DEBUG [Thread-11] root: 127.0.0.1:50127
2021-03-18 22:24:27,425 INFO  [Thread-11] root: Client communication module connected
2021-03-18 22:24:27,425 DEBUG [Thread-11] root: Host: 127.0.0.1
2021-03-18 22:24:27,425 DEBUG [Thread-11] root: Port: 50127
2021-03-18 22:24:27,425 DEBUG [Thread-11] root: Range: e65098d2af86c1e2bcc991a809156601:405476b204c651e28b31de182ed6cd57
2021-03-18 22:24:27,425 DEBUG [Thread-11] root: Starting flush data
2021-03-18 22:24:27,425 DEBUG [Thread-11] root: Finished flush data
2021-03-18 22:24:27,425 DEBUG [Thread-11] root: Closing conn
2021-03-18 22:24:27,425 INFO  [Thread-11] root: Connection closed!
2021-03-18 22:24:27,426 DEBUG [Thread-11] root: Closed conn
2021-03-18 22:24:27,426 INFO  [Thread-11] root: Message sent by server -> Status: MOVE_DATA_SUCCESS
Starting commModule
2021-03-18 22:24:27,430 INFO  [Thread-0] root: Server communication module connected
2021-03-18 22:24:27,430 INFO  [Thread-0] root: Connected to localhost on port 51957
2021-03-18 22:24:27,431 INFO  [Thread-12] root: Message received by server -> Status: UPDATE
received adminmsg
2021-03-18 22:24:27,432 INFO  [Thread-12] root: Message sent by server -> Status: UPDATE_SUCCESS
Starting commModule
2021-03-18 22:24:27,439 INFO  [Thread-0] root: Server communication module connected
2021-03-18 22:24:27,439 INFO  [Thread-0] root: Connected to localhost on port 51961
Starting commModule
2021-03-18 22:24:27,440 INFO  [Thread-0] root: Server communication module connected
2021-03-18 22:24:27,441 INFO  [Thread-0] root: Connected to localhost on port 51962
2021-03-18 22:24:27,442 INFO  [Thread-14] root: Message received by server -> Status: PROPAGATE_ADMIN
received adminmsg
2021-03-18 22:24:27,442 DEBUG [Thread-14] root: Getting successors
2021-03-18 22:24:27,442 DEBUG [Thread-14] root: Got successors
2021-03-18 22:24:27,442 DEBUG [Thread-14] root: Propagating to: 127.0.0.1:50036 127.0.0.1:50127
2021-03-18 22:24:27,443 INFO  [Thread-14] root: Client communication module connected
2021-03-18 22:24:27,444 INFO  [Thread-14] root: Client communication module connected
2021-03-18 22:24:27,444 DEBUG [Thread-14] root: {}
2021-03-18 22:24:27,444 INFO  [Thread-14] root: Message sent by server -> Status: PROPAGATE_SUCCESS
Starting commModule
2021-03-18 22:24:27,455 INFO  [Thread-0] root: Server communication module connected
2021-03-18 22:24:27,456 INFO  [Thread-0] root: Connected to localhost on port 51966
Starting commModule
2021-03-18 22:24:27,500 INFO  [Thread-0] root: Server communication module connected
2021-03-18 22:24:27,501 INFO  [Thread-0] root: Connected to localhost on port 51970
2021-03-18 22:24:27,506 INFO  [Thread-16] root: Message received by server -> Status: PROPAGATE
2021-03-18 22:24:27,506 DEBUG [Thread-16] root: In serve
2021-03-18 22:24:27,506 DEBUG [Thread-16] root: Checking if stopped or write locked
2021-03-18 22:24:27,506 DEBUG [Thread-16] root: Case propagate
2021-03-18 22:24:27,506 DEBUG [Thread-16] root: Passing to server
2021-03-18 22:24:27,506 DEBUG [Thread-16] root: Getting Predecessors
2021-03-18 22:24:27,506 DEBUG [Thread-16] root: Looking for 127.0.0.1:50090
2021-03-18 22:24:27,506 DEBUG [Thread-16] root: [127.0.0.1:50127, 127.0.0.1:50090, 127.0.0.1:50036]
2021-03-18 22:24:27,506 DEBUG [Thread-16] root: Predecessors:
2021-03-18 22:24:27,506 DEBUG [Thread-16] root: [127.0.0.1:50036, 127.0.0.1:50127]
2021-03-18 22:24:27,507 DEBUG [Thread-16] root: Looking for 127.0.0.1:50036
2021-03-18 22:24:27,507 DEBUG [Thread-16] root: Index of predecessor: 0
2021-03-18 22:24:27,507 DEBUG [Thread-16] root: Server Stuff
2021-03-18 22:24:27,507 INFO  [Thread-16] root: Put: key = 1, value = 1
2021-03-18 22:24:27,510 INFO  [Thread-16] root: Message sent by server -> Status: PROPAGATE_SUCCESS Key: null Value: null
2021-03-18 22:24:27,991 DEBUG [Thread-0-SendThread(localhost:2181)] org.apache.zookeeper.ClientCnxn: Got ping response for session id: 0x10014bd5270004c after 0ms.
2021-03-18 22:24:29,324 DEBUG [Thread-0-SendThread(localhost:2181)] org.apache.zookeeper.ClientCnxn: Got ping response for session id: 0x10014bd5270004c after 0ms.
2021-03-18 22:24:30,659 DEBUG [Thread-0-SendThread(localhost:2181)] org.apache.zookeeper.ClientCnxn: Got ping response for session id: 0x10014bd5270004c after 1ms.
2021-03-18 22:24:31,994 DEBUG [Thread-0-SendThread(localhost:2181)] org.apache.zookeeper.ClientCnxn: Got ping response for session id: 0x10014bd5270004c after 0ms.
2021-03-18 22:24:33,330 DEBUG [Thread-0-SendThread(localhost:2181)] org.apache.zookeeper.ClientCnxn: Got ping response for session id: 0x10014bd5270004c after 1ms.
2021-03-18 22:24:34,667 DEBUG [Thread-0-SendThread(localhost:2181)] org.apache.zookeeper.ClientCnxn: Got ping response for session id: 0x10014bd5270004c after 1ms.
2021-03-18 22:24:36,004 DEBUG [Thread-0-SendThread(localhost:2181)] org.apache.zookeeper.ClientCnxn: Got ping response for session id: 0x10014bd5270004c after 1ms.
2021-03-18 22:24:37,341 DEBUG [Thread-0-SendThread(localhost:2181)] org.apache.zookeeper.ClientCnxn: Got ping response for session id: 0x10014bd5270004c after 0ms.
2021-03-18 22:24:38,679 DEBUG [Thread-0-SendThread(localhost:2181)] org.apache.zookeeper.ClientCnxn: Got ping response for session id: 0x10014bd5270004c after 0ms.
2021-03-18 22:24:40,016 DEBUG [Thread-0-SendThread(localhost:2181)] org.apache.zookeeper.ClientCnxn: Got ping response for session id: 0x10014bd5270004c after 0ms.
2021-03-18 22:24:41,354 DEBUG [Thread-0-SendThread(localhost:2181)] org.apache.zookeeper.ClientCnxn: Got ping response for session id: 0x10014bd5270004c after 0ms.
2021-03-18 22:24:42,692 DEBUG [Thread-0-SendThread(localhost:2181)] org.apache.zookeeper.ClientCnxn: Got ping response for session id: 0x10014bd5270004c after 0ms.
2021-03-18 22:24:44,030 DEBUG [Thread-0-SendThread(localhost:2181)] org.apache.zookeeper.ClientCnxn: Got ping response for session id: 0x10014bd5270004c after 0ms.
2021-03-18 22:24:45,366 DEBUG [Thread-0-SendThread(localhost:2181)] org.apache.zookeeper.ClientCnxn: Got ping response for session id: 0x10014bd5270004c after 1ms.
2021-03-18 22:24:46,706 DEBUG [Thread-0-SendThread(localhost:2181)] org.apache.zookeeper.ClientCnxn: Got ping response for session id: 0x10014bd5270004c after 2ms.
2021-03-18 22:24:48,043 DEBUG [Thread-0-SendThread(localhost:2181)] org.apache.zookeeper.ClientCnxn: Got ping response for session id: 0x10014bd5270004c after 1ms.
2021-03-18 22:24:49,377 DEBUG [Thread-0-SendThread(localhost:2181)] org.apache.zookeeper.ClientCnxn: Got ping response for session id: 0x10014bd5270004c after 0ms.
2021-03-18 22:24:50,710 DEBUG [Thread-0-SendThread(localhost:2181)] org.apache.zookeeper.ClientCnxn: Got ping response for session id: 0x10014bd5270004c after 0ms.
2021-03-18 22:24:52,046 DEBUG [Thread-0-SendThread(localhost:2181)] org.apache.zookeeper.ClientCnxn: Got ping response for session id: 0x10014bd5270004c after 0ms.
2021-03-18 22:24:53,381 DEBUG [Thread-0-SendThread(localhost:2181)] org.apache.zookeeper.ClientCnxn: Got ping response for session id: 0x10014bd5270004c after 0ms.
2021-03-18 22:24:54,717 DEBUG [Thread-0-SendThread(localhost:2181)] org.apache.zookeeper.ClientCnxn: Got ping response for session id: 0x10014bd5270004c after 1ms.
2021-03-18 22:24:56,054 DEBUG [Thread-0-SendThread(localhost:2181)] org.apache.zookeeper.ClientCnxn: Got ping response for session id: 0x10014bd5270004c after 0ms.
2021-03-18 22:24:57,391 DEBUG [Thread-0-SendThread(localhost:2181)] org.apache.zookeeper.ClientCnxn: Got ping response for session id: 0x10014bd5270004c after 1ms.
2021-03-18 22:24:58,725 DEBUG [Thread-0-SendThread(localhost:2181)] org.apache.zookeeper.ClientCnxn: Got ping response for session id: 0x10014bd5270004c after 0ms.
2021-03-18 22:25:00,061 DEBUG [Thread-0-SendThread(localhost:2181)] org.apache.zookeeper.ClientCnxn: Got ping response for session id: 0x10014bd5270004c after 0ms.
2021-03-18 22:25:01,400 DEBUG [Thread-0-SendThread(localhost:2181)] org.apache.zookeeper.ClientCnxn: Got ping response for session id: 0x10014bd5270004c after 1ms.
2021-03-18 22:25:02,734 DEBUG [Thread-0-SendThread(localhost:2181)] org.apache.zookeeper.ClientCnxn: Got ping response for session id: 0x10014bd5270004c after 0ms.
Starting commModule
2021-03-18 22:25:04,011 INFO  [Thread-0] root: Server communication module connected
2021-03-18 22:25:04,012 INFO  [Thread-17] root: Message received by server -> Status: SHUTDOWN
received adminmsg
2021-03-18 22:25:04,012 DEBUG [Thread-17] root: Closing the program
2021-03-18 22:25:04,014 INFO  [Thread-17] root: Message sent by server -> Status: SHUTDOWN_SUCCESS
2021-03-18 22:25:04,014 INFO  [Thread-0] root: Connected to localhost on port 51980
2021-03-18 22:25:04,015 INFO  [Thread-0] root: Server stopped.
2021-03-18 22:25:04,015 INFO  [Thread-0] root: Clearing KV Storage...
2021-03-18 22:29:32,546 INFO  [Thread-0] root: Initialize server ...
2021-03-18 22:29:32,559 INFO  [Thread-0] root: Server listening on port: 50090
2021-03-18 22:29:32,581 INFO  [Thread-0] org.apache.zookeeper.ZooKeeper: Client environment:zookeeper.version=3.6.2--803c7f1a12f85978cb049af5e4ef23bd8b688715, built on 09/04/2020 12:44 GMT
2021-03-18 22:29:32,581 INFO  [Thread-0] org.apache.zookeeper.ZooKeeper: Client environment:host.name=localhost
2021-03-18 22:29:32,581 INFO  [Thread-0] org.apache.zookeeper.ZooKeeper: Client environment:java.version=11.0.10
2021-03-18 22:29:32,581 INFO  [Thread-0] org.apache.zookeeper.ZooKeeper: Client environment:java.vendor=Azul Systems, Inc.
2021-03-18 22:29:32,581 INFO  [Thread-0] org.apache.zookeeper.ZooKeeper: Client environment:java.home=/Users/steve/Library/Java/JavaVirtualMachines/azul-11.0.10/Contents/Home
2021-03-18 22:29:32,581 INFO  [Thread-0] org.apache.zookeeper.ZooKeeper: Client environment:java.class.path=/Users/steve/Desktop/UofT/year4/winter2021/ECE419/milestone3/m3-server.jar
2021-03-18 22:29:32,581 INFO  [Thread-0] org.apache.zookeeper.ZooKeeper: Client environment:java.library.path=/Users/steve/Library/Java/Extensions:/Library/Java/Extensions:/Network/Library/Java/Extensions:/System/Library/Java/Extensions:/usr/lib/java:.
2021-03-18 22:29:32,582 INFO  [Thread-0] org.apache.zookeeper.ZooKeeper: Client environment:java.io.tmpdir=/var/folders/kz/3gb57nkn6ks6_07_dtt5lqvr0000gn/T/
2021-03-18 22:29:32,582 INFO  [Thread-0] org.apache.zookeeper.ZooKeeper: Client environment:java.compiler=<NA>
2021-03-18 22:29:32,582 INFO  [Thread-0] org.apache.zookeeper.ZooKeeper: Client environment:os.name=Mac OS X
2021-03-18 22:29:32,582 INFO  [Thread-0] org.apache.zookeeper.ZooKeeper: Client environment:os.arch=x86_64
2021-03-18 22:29:32,582 INFO  [Thread-0] org.apache.zookeeper.ZooKeeper: Client environment:os.version=10.16
2021-03-18 22:29:32,582 INFO  [Thread-0] org.apache.zookeeper.ZooKeeper: Client environment:user.name=steve
2021-03-18 22:29:32,582 INFO  [Thread-0] org.apache.zookeeper.ZooKeeper: Client environment:user.home=/Users/steve
2021-03-18 22:29:32,582 INFO  [Thread-0] org.apache.zookeeper.ZooKeeper: Client environment:user.dir=/Users/steve
2021-03-18 22:29:32,582 INFO  [Thread-0] org.apache.zookeeper.ZooKeeper: Client environment:os.memory.free=249MB
2021-03-18 22:29:32,582 INFO  [Thread-0] org.apache.zookeeper.ZooKeeper: Client environment:os.memory.max=4096MB
2021-03-18 22:29:32,582 INFO  [Thread-0] org.apache.zookeeper.ZooKeeper: Client environment:os.memory.total=256MB
2021-03-18 22:29:32,585 INFO  [Thread-0] org.apache.zookeeper.ZooKeeper: Initiating client connection, connectString=localhost:2181 sessionTimeout=3000 watcher=app_kvServer.KVServer$1@48a00dff
2021-03-18 22:29:32,589 INFO  [Thread-0] org.apache.zookeeper.common.X509Util: Setting -D jdk.tls.rejectClientInitiatedRenegotiation=true to disable client-initiated TLS renegotiation
2021-03-18 22:29:32,600 INFO  [Thread-0] org.apache.zookeeper.ClientCnxnSocket: jute.maxbuffer value is 1048575 Bytes
2021-03-18 22:29:32,607 INFO  [Thread-0] org.apache.zookeeper.ClientCnxn: zookeeper.request.timeout value is 0. feature enabled=false
2021-03-18 22:29:32,618 DEBUG [Thread-0-SendThread(localhost:2181)] org.apache.zookeeper.SaslServerPrincipal: Canonicalized address to localhost
2021-03-18 22:29:32,620 INFO  [Thread-0-SendThread(localhost:2181)] org.apache.zookeeper.ClientCnxn: Opening socket connection to server localhost/0:0:0:0:0:0:0:1:2181.
2021-03-18 22:29:32,620 INFO  [Thread-0-SendThread(localhost:2181)] org.apache.zookeeper.ClientCnxn: SASL config status: Will not attempt to authenticate using SASL (unknown error)
2021-03-18 22:29:32,637 INFO  [Thread-0-SendThread(localhost:2181)] org.apache.zookeeper.ClientCnxn: Socket connection established, initiating session, client: /0:0:0:0:0:0:0:1:52321, server: localhost/0:0:0:0:0:0:0:1:2181
2021-03-18 22:29:32,638 DEBUG [Thread-0-SendThread(localhost:2181)] org.apache.zookeeper.ClientCnxn: Session establishment request sent on localhost/0:0:0:0:0:0:0:1:2181
2021-03-18 22:29:32,670 TRACE [Thread-0-SendThread(localhost:2181)] org.apache.zookeeper.ClientCnxnSocket: readConnectResult 37 0x[0,0,0,0,0,0,f,ffffffa0,1,0,14,ffffffbd,52,70,0,63,0,0,0,10,78,f,ffffffda,25,ffffffa3,c,9,8,11,ffffffd9,28,3,fffffff1,75,ffffff9a,7f,0,]
2021-03-18 22:29:32,673 INFO  [Thread-0-SendThread(localhost:2181)] org.apache.zookeeper.ClientCnxn: Session establishment complete on server localhost/0:0:0:0:0:0:0:1:2181, session id = 0x10014bd52700063, negotiated timeout = 4000
2021-03-18 22:29:32,676 DEBUG [Thread-0-EventThread] root: ZK event: 
2021-03-18 22:29:32,676 DEBUG [Thread-0-EventThread] root: WatchedEvent state:SyncConnected type:None path:null
2021-03-18 22:29:32,704 DEBUG [Thread-0-SendThread(localhost:2181)] org.apache.zookeeper.ClientCnxn: Reading reply session id: 0x10014bd52700063, packet:: clientPath:null serverPath:null finished:false header:: 1,1  replyHeader:: 1,332,0  request:: '/keeper/server91,,v{s{31,s{'world,'anyone}}},1  response:: '/keeper/server91 
2021-03-18 22:29:32,709 DEBUG [Thread-0-SendThread(localhost:2181)] org.apache.zookeeper.ClientCnxn: Reading reply session id: 0x10014bd52700063, packet:: clientPath:null serverPath:null finished:false header:: 2,3  replyHeader:: 2,332,0  request:: '/keeper/server91,T  response:: s{332,332,1616120972676,1616120972676,0,0,0,72080397402374243,0,0,332} 
2021-03-18 22:29:32,737 DEBUG [Thread-0-SendThread(localhost:2181)] org.apache.zookeeper.ClientCnxn: Got notification session id: 0x10014bd52700063
2021-03-18 22:29:32,738 DEBUG [Thread-0-SendThread(localhost:2181)] org.apache.zookeeper.ClientCnxn: Got WatchedEvent state:SyncConnected type:NodeDataChanged path:/keeper/server91 for session id 0x10014bd52700063
2021-03-18 22:29:32,740 DEBUG [Thread-0-EventThread] root: ZK event: 
2021-03-18 22:29:32,740 DEBUG [Thread-0-EventThread] root: WatchedEvent state:SyncConnected type:NodeDataChanged path:/keeper/server91
2021-03-18 22:29:32,741 DEBUG [Thread-0-SendThread(localhost:2181)] org.apache.zookeeper.ClientCnxn: Reading reply session id: 0x10014bd52700063, packet:: clientPath:null serverPath:null finished:false header:: 3,5  replyHeader:: 3,333,0  request:: '/keeper/server91,#3132372e302e302e313a3530303930,0  response:: s{332,333,1616120972676,1616120972710,1,0,0,72080397402374243,15,0,332} 
2021-03-18 22:29:32,741 INFO  [Thread-0] root: Node created at: /keeper/server91
Starting commModule
2021-03-18 22:29:32,749 INFO  [Thread-0] root: Server communication module connected
2021-03-18 22:29:32,750 INFO  [Thread-0] root: Connected to localhost on port 52322
2021-03-18 22:29:32,759 INFO  [Thread-1] root: Message received by server -> Status: INIT_SERVER
received adminmsg
2021-03-18 22:29:32,760 INFO  [Thread-1] root: Message sent by server -> Status: INIT_SERVER_SUCCESS
2021-03-18 22:29:32,760 INFO  [Thread-1] root: Message received by server -> Status: START
received adminmsg
2021-03-18 22:29:32,760 INFO  [Thread-1] root: Message sent by server -> Status: START_SUCCESS
Starting commModule
2021-03-18 22:29:32,762 INFO  [Thread-0] root: Server communication module connected
2021-03-18 22:29:32,763 INFO  [Thread-0] root: Connected to localhost on port 52323
2021-03-18 22:29:32,764 INFO  [Thread-2] root: Message received by server -> Status: UPDATE
received adminmsg
2021-03-18 22:29:32,765 INFO  [Thread-2] root: Message sent by server -> Status: UPDATE_SUCCESS
Starting commModule
2021-03-18 22:29:32,766 INFO  [Thread-0] root: Server communication module connected
2021-03-18 22:29:32,767 INFO  [Thread-0] root: Connected to localhost on port 52324
2021-03-18 22:29:32,768 INFO  [Thread-3] root: Message received by server -> Status: PROPAGATE_ADMIN
received adminmsg
2021-03-18 22:29:32,772 DEBUG [Thread-3] root: Getting successors
2021-03-18 22:29:32,773 DEBUG [Thread-3] root: Got successors
2021-03-18 22:29:32,773 DEBUG [Thread-3] root: Propagating to: 127.0.0.1:50090 127.0.0.1:50090
Starting commModule
2021-03-18 22:29:32,775 INFO  [Thread-0] root: Server communication module connected
2021-03-18 22:29:32,775 INFO  [Thread-3] root: Client communication module connected
2021-03-18 22:29:32,776 INFO  [Thread-0] root: Connected to localhost on port 52325
Starting commModule
2021-03-18 22:29:32,776 INFO  [Thread-0] root: Server communication module connected
2021-03-18 22:29:32,776 INFO  [Thread-3] root: Client communication module connected
2021-03-18 22:29:32,776 DEBUG [Thread-3] root: {}
2021-03-18 22:29:32,777 INFO  [Thread-0] root: Connected to localhost on port 52326
2021-03-18 22:29:32,777 INFO  [Thread-3] root: Message sent by server -> Status: PROPAGATE_SUCCESS
Starting commModule
2021-03-18 22:29:33,326 INFO  [Thread-0] root: Server communication module connected
2021-03-18 22:29:33,327 INFO  [Thread-0] root: Connected to localhost on port 52330
2021-03-18 22:29:33,327 INFO  [Thread-6] root: Message received by server -> Status: UPDATE
received adminmsg
2021-03-18 22:29:33,328 INFO  [Thread-6] root: Message sent by server -> Status: UPDATE_SUCCESS
Starting commModule
2021-03-18 22:29:33,329 INFO  [Thread-0] root: Server communication module connected
2021-03-18 22:29:33,330 INFO  [Thread-0] root: Connected to localhost on port 52331
2021-03-18 22:29:33,330 INFO  [Thread-7] root: Message received by server -> Status: PROPAGATE_ADMIN
received adminmsg
2021-03-18 22:29:33,330 DEBUG [Thread-7] root: Getting successors
2021-03-18 22:29:33,330 DEBUG [Thread-7] root: Got successors
2021-03-18 22:29:33,331 DEBUG [Thread-7] root: Propagating to: 127.0.0.1:50089 127.0.0.1:50090
2021-03-18 22:29:33,331 INFO  [Thread-7] root: Client communication module connected
Starting commModule
2021-03-18 22:29:33,331 INFO  [Thread-0] root: Server communication module connected
2021-03-18 22:29:33,331 INFO  [Thread-7] root: Client communication module connected
2021-03-18 22:29:33,332 DEBUG [Thread-7] root: {}
2021-03-18 22:29:33,332 INFO  [Thread-7] root: Message sent by server -> Status: PROPAGATE_SUCCESS
2021-03-18 22:29:33,332 INFO  [Thread-0] root: Connected to localhost on port 52333
Starting commModule
2021-03-18 22:29:33,333 INFO  [Thread-0] root: Server communication module connected
2021-03-18 22:29:33,333 INFO  [Thread-0] root: Connected to localhost on port 52334
2021-03-18 22:29:33,337 INFO  [Thread-9] root: Message received by server -> Status: MOVE_DATA
received adminmsg
2021-03-18 22:29:33,338 DEBUG [Thread-9] root: Input data: 
2021-03-18 22:29:33,338 DEBUG [Thread-9] root: 8abb14128eacd4c086a7efaed4a37a3f:eac6542808c8591ec45fbbfa21914a1f
2021-03-18 22:29:33,338 DEBUG [Thread-9] root: 127.0.0.1:50089
2021-03-18 22:29:33,338 INFO  [Thread-9] root: Client communication module connected
2021-03-18 22:29:33,338 DEBUG [Thread-9] root: Host: 127.0.0.1
2021-03-18 22:29:33,338 DEBUG [Thread-9] root: Port: 50089
2021-03-18 22:29:33,339 DEBUG [Thread-9] root: Range: 8abb14128eacd4c086a7efaed4a37a3f:eac6542808c8591ec45fbbfa21914a1f
2021-03-18 22:29:33,339 DEBUG [Thread-9] root: Starting flush data
2021-03-18 22:29:33,339 DEBUG [Thread-9] root: Finished flush data
2021-03-18 22:29:33,339 DEBUG [Thread-9] root: Closing conn
2021-03-18 22:29:33,339 INFO  [Thread-9] root: Connection closed!
2021-03-18 22:29:33,339 DEBUG [Thread-9] root: Closed conn
2021-03-18 22:29:33,339 INFO  [Thread-9] root: Message sent by server -> Status: MOVE_DATA_SUCCESS
Starting commModule
2021-03-18 22:29:33,341 INFO  [Thread-0] root: Server communication module connected
2021-03-18 22:29:33,341 INFO  [Thread-0] root: Connected to localhost on port 52336
2021-03-18 22:29:33,342 INFO  [Thread-10] root: Message received by server -> Status: UPDATE
received adminmsg
2021-03-18 22:29:33,343 INFO  [Thread-10] root: Message sent by server -> Status: UPDATE_SUCCESS
Starting commModule
2021-03-18 22:29:33,346 INFO  [Thread-0] root: Server communication module connected
2021-03-18 22:29:33,347 INFO  [Thread-0] root: Connected to localhost on port 52338
2021-03-18 22:29:33,348 INFO  [Thread-11] root: Message received by server -> Status: PROPAGATE_ADMIN
received adminmsg
2021-03-18 22:29:33,348 DEBUG [Thread-11] root: Getting successors
2021-03-18 22:29:33,348 DEBUG [Thread-11] root: Got successors
2021-03-18 22:29:33,348 DEBUG [Thread-11] root: Propagating to: 127.0.0.1:50089 127.0.0.1:50090
2021-03-18 22:29:33,349 INFO  [Thread-11] root: Client communication module connected
Starting commModule
2021-03-18 22:29:33,349 INFO  [Thread-11] root: Client communication module connected
2021-03-18 22:29:33,349 DEBUG [Thread-11] root: {}
2021-03-18 22:29:33,349 INFO  [Thread-0] root: Server communication module connected
2021-03-18 22:29:33,349 INFO  [Thread-11] root: Message sent by server -> Status: PROPAGATE_SUCCESS
2021-03-18 22:29:33,350 INFO  [Thread-0] root: Connected to localhost on port 52340
Starting commModule
2021-03-18 22:29:33,361 INFO  [Thread-0] root: Server communication module connected
2021-03-18 22:29:33,361 INFO  [Thread-0] root: Connected to localhost on port 52342
Starting commModule
2021-03-18 22:29:33,888 INFO  [Thread-0] root: Server communication module connected
2021-03-18 22:29:33,889 INFO  [Thread-0] root: Connected to localhost on port 52347
2021-03-18 22:29:33,890 INFO  [Thread-14] root: Message received by server -> Status: UPDATE
received adminmsg
2021-03-18 22:29:33,891 INFO  [Thread-14] root: Message sent by server -> Status: UPDATE_SUCCESS
Starting commModule
2021-03-18 22:29:33,894 INFO  [Thread-0] root: Server communication module connected
2021-03-18 22:29:33,895 INFO  [Thread-0] root: Connected to localhost on port 52349
2021-03-18 22:29:33,896 INFO  [Thread-15] root: Message received by server -> Status: PROPAGATE_ADMIN
received adminmsg
2021-03-18 22:29:33,896 DEBUG [Thread-15] root: Getting successors
2021-03-18 22:29:33,896 DEBUG [Thread-15] root: Got successors
2021-03-18 22:29:33,896 DEBUG [Thread-15] root: Propagating to: 127.0.0.1:50089 127.0.0.1:50064
2021-03-18 22:29:33,897 INFO  [Thread-15] root: Client communication module connected
2021-03-18 22:29:33,897 INFO  [Thread-15] root: Client communication module connected
2021-03-18 22:29:33,897 DEBUG [Thread-15] root: {}
2021-03-18 22:29:33,897 INFO  [Thread-15] root: Message sent by server -> Status: PROPAGATE_SUCCESS
Starting commModule
2021-03-18 22:29:33,901 INFO  [Thread-0] root: Server communication module connected
2021-03-18 22:29:33,902 INFO  [Thread-0] root: Connected to localhost on port 52354
Starting commModule
2021-03-18 22:29:33,902 INFO  [Thread-0] root: Server communication module connected
2021-03-18 22:29:33,903 INFO  [Thread-0] root: Connected to localhost on port 52355
2021-03-18 22:29:33,903 INFO  [Thread-17] root: Message received by server -> Status: MOVE_DATA
received adminmsg
2021-03-18 22:29:33,903 DEBUG [Thread-17] root: Input data: 
2021-03-18 22:29:33,903 DEBUG [Thread-17] root: eac6542808c8591ec45fbbfa21914a20:f886891f794aac098538c45c8eee3f6b
2021-03-18 22:29:33,903 DEBUG [Thread-17] root: 127.0.0.1:50064
2021-03-18 22:29:33,904 INFO  [Thread-17] root: Client communication module connected
2021-03-18 22:29:33,904 DEBUG [Thread-17] root: Host: 127.0.0.1
2021-03-18 22:29:33,904 DEBUG [Thread-17] root: Port: 50064
2021-03-18 22:29:33,904 DEBUG [Thread-17] root: Range: eac6542808c8591ec45fbbfa21914a20:f886891f794aac098538c45c8eee3f6b
2021-03-18 22:29:33,904 DEBUG [Thread-17] root: Starting flush data
2021-03-18 22:29:33,904 DEBUG [Thread-17] root: Finished flush data
2021-03-18 22:29:33,904 DEBUG [Thread-17] root: Closing conn
2021-03-18 22:29:33,904 INFO  [Thread-17] root: Connection closed!
2021-03-18 22:29:33,904 DEBUG [Thread-17] root: Closed conn
2021-03-18 22:29:33,904 INFO  [Thread-17] root: Message sent by server -> Status: MOVE_DATA_SUCCESS
Starting commModule
2021-03-18 22:29:33,905 INFO  [Thread-0] root: Server communication module connected
2021-03-18 22:29:33,906 INFO  [Thread-0] root: Connected to localhost on port 52357
2021-03-18 22:29:33,906 INFO  [Thread-18] root: Message received by server -> Status: UPDATE
received adminmsg
2021-03-18 22:29:33,907 INFO  [Thread-18] root: Message sent by server -> Status: UPDATE_SUCCESS
Starting commModule
2021-03-18 22:29:33,913 INFO  [Thread-0] root: Server communication module connected
2021-03-18 22:29:33,914 INFO  [Thread-0] root: Connected to localhost on port 52360
2021-03-18 22:29:33,914 INFO  [Thread-19] root: Message received by server -> Status: PROPAGATE_ADMIN
received adminmsg
2021-03-18 22:29:33,915 DEBUG [Thread-19] root: Getting successors
2021-03-18 22:29:33,915 DEBUG [Thread-19] root: Got successors
2021-03-18 22:29:33,915 DEBUG [Thread-19] root: Propagating to: 127.0.0.1:50089 127.0.0.1:50064
2021-03-18 22:29:33,915 INFO  [Thread-19] root: Client communication module connected
2021-03-18 22:29:33,916 INFO  [Thread-19] root: Client communication module connected
2021-03-18 22:29:33,916 DEBUG [Thread-19] root: {}
2021-03-18 22:29:33,916 INFO  [Thread-19] root: Message sent by server -> Status: PROPAGATE_SUCCESS
Starting commModule
2021-03-18 22:29:33,919 INFO  [Thread-0] root: Server communication module connected
2021-03-18 22:29:33,920 INFO  [Thread-0] root: Connected to localhost on port 52365
Starting commModule
2021-03-18 22:29:33,929 INFO  [Thread-0] root: Server communication module connected
2021-03-18 22:29:33,930 INFO  [Thread-0] root: Connected to localhost on port 52367
Starting commModule
2021-03-18 22:29:33,940 INFO  [Thread-0] root: Server communication module connected
2021-03-18 22:29:33,941 INFO  [Thread-0] root: Connected to localhost on port 52369
2021-03-18 22:29:33,944 INFO  [Thread-22] root: Message received by server -> Status: PUT Key: 1 Value: 1
2021-03-18 22:29:33,944 DEBUG [Thread-22] root: In serve
2021-03-18 22:29:33,944 DEBUG [Thread-22] root: Checking if stopped or write locked
2021-03-18 22:29:33,944 DEBUG [Thread-22] root: PUT request being served
2021-03-18 22:29:33,944 DEBUG [Thread-22] root: Checking if it's in range
2021-03-18 22:29:33,952 DEBUG [Thread-22] root: Got hostname and port -> 127.0.0.1:50090
2021-03-18 22:29:33,952 DEBUG [Thread-22] root: Got metadata range: f886891f794aac098538c45c8eee3f6c:8abb14128eacd4c086a7efaed4a37a3e
2021-03-18 22:29:33,952 DEBUG [Thread-22] root: 127.0.0.1:50090 -> f886891f794aac098538c45c8eee3f6c:8abb14128eacd4c086a7efaed4a37a3e
2021-03-18 22:29:33,952 DEBUG [Thread-22] root: 127.0.0.1:50089 -> 8abb14128eacd4c086a7efaed4a37a3f:eac6542808c8591ec45fbbfa21914a1f
2021-03-18 22:29:33,952 DEBUG [Thread-22] root: 127.0.0.1:50064 -> eac6542808c8591ec45fbbfa21914a20:f886891f794aac098538c45c8eee3f6b
2021-03-18 22:29:33,952 DEBUG [Thread-22] root: Got range big ints
2021-03-18 22:29:33,952 DEBUG [Thread-22] root: Range end < range start
2021-03-18 22:29:33,952 DEBUG [Thread-22] root: Done with range check in server
2021-03-18 22:29:33,952 DEBUG [Thread-22] root: Not in range
2021-03-18 22:29:33,955 INFO  [Thread-22] root: Message sent by server -> Status: SERVER_NOT_RESPONSIBLE Key: 1 Value: null
Starting commModule
2021-03-18 22:29:33,968 INFO  [Thread-0] root: Server communication module connected
2021-03-18 22:29:33,968 INFO  [Thread-0] root: Connected to localhost on port 52372
2021-03-18 22:29:33,972 INFO  [Thread-23] root: Message received by server -> Status: PROPAGATE
2021-03-18 22:29:33,972 DEBUG [Thread-23] root: In serve
2021-03-18 22:29:33,972 DEBUG [Thread-23] root: Checking if stopped or write locked
2021-03-18 22:29:33,972 DEBUG [Thread-23] root: Case propagate
2021-03-18 22:29:33,972 DEBUG [Thread-23] root: Passing to server
2021-03-18 22:29:33,972 DEBUG [Thread-23] root: Getting Predecessors
2021-03-18 22:29:33,972 DEBUG [Thread-23] root: Looking for 127.0.0.1:50090
2021-03-18 22:29:33,972 DEBUG [Thread-23] root: [127.0.0.1:50090, 127.0.0.1:50089, 127.0.0.1:50064]
2021-03-18 22:29:33,972 DEBUG [Thread-23] root: Predecessors:
2021-03-18 22:29:33,972 DEBUG [Thread-23] root: [127.0.0.1:50089, 127.0.0.1:50064]
2021-03-18 22:29:33,973 DEBUG [Thread-23] root: Looking for 127.0.0.1:50089
2021-03-18 22:29:33,973 DEBUG [Thread-23] root: Index of predecessor: 0
2021-03-18 22:29:33,973 DEBUG [Thread-23] root: Server Stuff
2021-03-18 22:29:33,973 INFO  [Thread-23] root: Put: key = 1, value = 1
2021-03-18 22:29:33,974 INFO  [Thread-23] root: Message sent by server -> Status: PROPAGATE_SUCCESS Key: null Value: null
Starting commModule
2021-03-18 22:29:33,976 INFO  [Thread-0] root: Server communication module connected
2021-03-18 22:29:33,976 INFO  [Thread-0] root: Connected to localhost on port 52373
2021-03-18 22:29:34,046 DEBUG [Thread-0-SendThread(localhost:2181)] org.apache.zookeeper.ClientCnxn: Got ping response for session id: 0x10014bd52700063 after 1ms.
2021-03-18 22:29:35,383 DEBUG [Thread-0-SendThread(localhost:2181)] org.apache.zookeeper.ClientCnxn: Got ping response for session id: 0x10014bd52700063 after 0ms.
2021-03-18 22:29:36,719 DEBUG [Thread-0-SendThread(localhost:2181)] org.apache.zookeeper.ClientCnxn: Got ping response for session id: 0x10014bd52700063 after 0ms.
2021-03-18 22:29:38,054 DEBUG [Thread-0-SendThread(localhost:2181)] org.apache.zookeeper.ClientCnxn: Got ping response for session id: 0x10014bd52700063 after 1ms.
2021-03-18 22:29:39,390 DEBUG [Thread-0-SendThread(localhost:2181)] org.apache.zookeeper.ClientCnxn: Got ping response for session id: 0x10014bd52700063 after 1ms.
2021-03-18 22:29:40,724 DEBUG [Thread-0-SendThread(localhost:2181)] org.apache.zookeeper.ClientCnxn: Got ping response for session id: 0x10014bd52700063 after 0ms.
2021-03-18 22:29:42,058 DEBUG [Thread-0-SendThread(localhost:2181)] org.apache.zookeeper.ClientCnxn: Got ping response for session id: 0x10014bd52700063 after 1ms.
2021-03-18 22:29:43,392 DEBUG [Thread-0-SendThread(localhost:2181)] org.apache.zookeeper.ClientCnxn: Got ping response for session id: 0x10014bd52700063 after 1ms.
2021-03-18 22:29:44,728 DEBUG [Thread-0-SendThread(localhost:2181)] org.apache.zookeeper.ClientCnxn: Got ping response for session id: 0x10014bd52700063 after 1ms.
2021-03-18 22:29:46,066 DEBUG [Thread-0-SendThread(localhost:2181)] org.apache.zookeeper.ClientCnxn: Got ping response for session id: 0x10014bd52700063 after 1ms.
2021-03-18 22:29:47,404 DEBUG [Thread-0-SendThread(localhost:2181)] org.apache.zookeeper.ClientCnxn: Got ping response for session id: 0x10014bd52700063 after 1ms.
2021-03-18 22:29:48,738 DEBUG [Thread-0-SendThread(localhost:2181)] org.apache.zookeeper.ClientCnxn: Got ping response for session id: 0x10014bd52700063 after 1ms.
2021-03-18 22:29:50,076 DEBUG [Thread-0-SendThread(localhost:2181)] org.apache.zookeeper.ClientCnxn: Got ping response for session id: 0x10014bd52700063 after 1ms.
2021-03-18 22:29:51,410 DEBUG [Thread-0-SendThread(localhost:2181)] org.apache.zookeeper.ClientCnxn: Got ping response for session id: 0x10014bd52700063 after 1ms.
2021-03-18 22:29:52,748 DEBUG [Thread-0-SendThread(localhost:2181)] org.apache.zookeeper.ClientCnxn: Got ping response for session id: 0x10014bd52700063 after 0ms.
2021-03-18 22:29:54,087 DEBUG [Thread-0-SendThread(localhost:2181)] org.apache.zookeeper.ClientCnxn: Got ping response for session id: 0x10014bd52700063 after 1ms.
2021-03-18 22:29:55,420 DEBUG [Thread-0-SendThread(localhost:2181)] org.apache.zookeeper.ClientCnxn: Got ping response for session id: 0x10014bd52700063 after 1ms.
2021-03-18 22:29:56,754 DEBUG [Thread-0-SendThread(localhost:2181)] org.apache.zookeeper.ClientCnxn: Got ping response for session id: 0x10014bd52700063 after 0ms.
2021-03-18 22:29:58,093 DEBUG [Thread-0-SendThread(localhost:2181)] org.apache.zookeeper.ClientCnxn: Got ping response for session id: 0x10014bd52700063 after 1ms.
2021-03-18 22:29:59,426 DEBUG [Thread-0-SendThread(localhost:2181)] org.apache.zookeeper.ClientCnxn: Got ping response for session id: 0x10014bd52700063 after 0ms.
2021-03-18 22:30:00,760 DEBUG [Thread-0-SendThread(localhost:2181)] org.apache.zookeeper.ClientCnxn: Got ping response for session id: 0x10014bd52700063 after 1ms.
2021-03-18 22:30:02,095 DEBUG [Thread-0-SendThread(localhost:2181)] org.apache.zookeeper.ClientCnxn: Got ping response for session id: 0x10014bd52700063 after 0ms.
2021-03-18 22:30:03,433 DEBUG [Thread-0-SendThread(localhost:2181)] org.apache.zookeeper.ClientCnxn: Got ping response for session id: 0x10014bd52700063 after 1ms.
2021-03-18 22:30:04,770 DEBUG [Thread-0-SendThread(localhost:2181)] org.apache.zookeeper.ClientCnxn: Got ping response for session id: 0x10014bd52700063 after 1ms.
2021-03-18 22:30:06,105 DEBUG [Thread-0-SendThread(localhost:2181)] org.apache.zookeeper.ClientCnxn: Got ping response for session id: 0x10014bd52700063 after 1ms.
2021-03-18 22:30:07,439 DEBUG [Thread-0-SendThread(localhost:2181)] org.apache.zookeeper.ClientCnxn: Got ping response for session id: 0x10014bd52700063 after 0ms.
2021-03-18 22:30:08,772 DEBUG [Thread-0-SendThread(localhost:2181)] org.apache.zookeeper.ClientCnxn: Got ping response for session id: 0x10014bd52700063 after 0ms.
2021-03-18 22:30:10,111 DEBUG [Thread-0-SendThread(localhost:2181)] org.apache.zookeeper.ClientCnxn: Got ping response for session id: 0x10014bd52700063 after 1ms.
2021-03-18 22:30:11,449 DEBUG [Thread-0-SendThread(localhost:2181)] org.apache.zookeeper.ClientCnxn: Got ping response for session id: 0x10014bd52700063 after 1ms.
2021-03-18 22:30:12,787 DEBUG [Thread-0-SendThread(localhost:2181)] org.apache.zookeeper.ClientCnxn: Got ping response for session id: 0x10014bd52700063 after 1ms.
2021-03-18 22:30:14,120 DEBUG [Thread-0-SendThread(localhost:2181)] org.apache.zookeeper.ClientCnxn: Got ping response for session id: 0x10014bd52700063 after 0ms.
2021-03-18 22:30:15,454 DEBUG [Thread-0-SendThread(localhost:2181)] org.apache.zookeeper.ClientCnxn: Got ping response for session id: 0x10014bd52700063 after 1ms.
2021-03-18 22:30:16,791 DEBUG [Thread-0-SendThread(localhost:2181)] org.apache.zookeeper.ClientCnxn: Got ping response for session id: 0x10014bd52700063 after 1ms.
2021-03-18 22:30:18,128 DEBUG [Thread-0-SendThread(localhost:2181)] org.apache.zookeeper.ClientCnxn: Got ping response for session id: 0x10014bd52700063 after 0ms.
2021-03-18 22:30:19,462 DEBUG [Thread-0-SendThread(localhost:2181)] org.apache.zookeeper.ClientCnxn: Got ping response for session id: 0x10014bd52700063 after 0ms.
2021-03-18 22:30:20,797 DEBUG [Thread-0-SendThread(localhost:2181)] org.apache.zookeeper.ClientCnxn: Got ping response for session id: 0x10014bd52700063 after 0ms.
2021-03-18 22:30:22,133 DEBUG [Thread-0-SendThread(localhost:2181)] org.apache.zookeeper.ClientCnxn: Got ping response for session id: 0x10014bd52700063 after 1ms.
2021-03-18 22:30:23,470 DEBUG [Thread-0-SendThread(localhost:2181)] org.apache.zookeeper.ClientCnxn: Got ping response for session id: 0x10014bd52700063 after 0ms.
2021-03-18 22:30:24,804 DEBUG [Thread-0-SendThread(localhost:2181)] org.apache.zookeeper.ClientCnxn: Got ping response for session id: 0x10014bd52700063 after 1ms.
2021-03-18 22:30:26,138 DEBUG [Thread-0-SendThread(localhost:2181)] org.apache.zookeeper.ClientCnxn: Got ping response for session id: 0x10014bd52700063 after 1ms.
2021-03-18 22:30:27,472 DEBUG [Thread-0-SendThread(localhost:2181)] org.apache.zookeeper.ClientCnxn: Got ping response for session id: 0x10014bd52700063 after 0ms.
2021-03-18 22:30:28,807 DEBUG [Thread-0-SendThread(localhost:2181)] org.apache.zookeeper.ClientCnxn: Got ping response for session id: 0x10014bd52700063 after 0ms.
2021-03-18 22:30:30,143 DEBUG [Thread-0-SendThread(localhost:2181)] org.apache.zookeeper.ClientCnxn: Got ping response for session id: 0x10014bd52700063 after 1ms.
2021-03-18 22:30:31,479 DEBUG [Thread-0-SendThread(localhost:2181)] org.apache.zookeeper.ClientCnxn: Got ping response for session id: 0x10014bd52700063 after 1ms.
2021-03-18 22:30:32,815 DEBUG [Thread-0-SendThread(localhost:2181)] org.apache.zookeeper.ClientCnxn: Got ping response for session id: 0x10014bd52700063 after 0ms.
2021-03-18 22:30:34,154 DEBUG [Thread-0-SendThread(localhost:2181)] org.apache.zookeeper.ClientCnxn: Got ping response for session id: 0x10014bd52700063 after 1ms.
2021-03-18 22:30:35,488 DEBUG [Thread-0-SendThread(localhost:2181)] org.apache.zookeeper.ClientCnxn: Got ping response for session id: 0x10014bd52700063 after 1ms.
2021-03-18 22:30:36,822 DEBUG [Thread-0-SendThread(localhost:2181)] org.apache.zookeeper.ClientCnxn: Got ping response for session id: 0x10014bd52700063 after 1ms.
2021-03-18 22:30:38,159 DEBUG [Thread-0-SendThread(localhost:2181)] org.apache.zookeeper.ClientCnxn: Got ping response for session id: 0x10014bd52700063 after 0ms.
2021-03-18 22:30:39,493 DEBUG [Thread-0-SendThread(localhost:2181)] org.apache.zookeeper.ClientCnxn: Got ping response for session id: 0x10014bd52700063 after 0ms.
2021-03-18 22:30:40,826 DEBUG [Thread-0-SendThread(localhost:2181)] org.apache.zookeeper.ClientCnxn: Got ping response for session id: 0x10014bd52700063 after 0ms.
2021-03-18 22:30:42,164 DEBUG [Thread-0-SendThread(localhost:2181)] org.apache.zookeeper.ClientCnxn: Got ping response for session id: 0x10014bd52700063 after 0ms.
2021-03-18 22:30:43,531 DEBUG [Thread-0-SendThread(localhost:2181)] org.apache.zookeeper.ClientCnxn: Got ping response for session id: 0x10014bd52700063 after 0ms.
2021-03-18 22:30:44,869 DEBUG [Thread-0-SendThread(localhost:2181)] org.apache.zookeeper.ClientCnxn: Got ping response for session id: 0x10014bd52700063 after 0ms.
2021-03-18 22:30:46,204 DEBUG [Thread-0-SendThread(localhost:2181)] org.apache.zookeeper.ClientCnxn: Got ping response for session id: 0x10014bd52700063 after 0ms.
2021-03-18 22:30:47,537 DEBUG [Thread-0-SendThread(localhost:2181)] org.apache.zookeeper.ClientCnxn: Got ping response for session id: 0x10014bd52700063 after 0ms.
2021-03-18 22:30:48,872 DEBUG [Thread-0-SendThread(localhost:2181)] org.apache.zookeeper.ClientCnxn: Got ping response for session id: 0x10014bd52700063 after 1ms.
2021-03-18 22:30:50,209 DEBUG [Thread-0-SendThread(localhost:2181)] org.apache.zookeeper.ClientCnxn: Got ping response for session id: 0x10014bd52700063 after 1ms.
2021-03-18 22:30:51,542 DEBUG [Thread-0-SendThread(localhost:2181)] org.apache.zookeeper.ClientCnxn: Got ping response for session id: 0x10014bd52700063 after 0ms.
2021-03-18 22:30:52,878 DEBUG [Thread-0-SendThread(localhost:2181)] org.apache.zookeeper.ClientCnxn: Got ping response for session id: 0x10014bd52700063 after 0ms.
2021-03-18 22:30:54,213 DEBUG [Thread-0-SendThread(localhost:2181)] org.apache.zookeeper.ClientCnxn: Got ping response for session id: 0x10014bd52700063 after 0ms.
2021-03-18 22:30:55,551 DEBUG [Thread-0-SendThread(localhost:2181)] org.apache.zookeeper.ClientCnxn: Got ping response for session id: 0x10014bd52700063 after 0ms.
2021-03-18 22:30:56,887 DEBUG [Thread-0-SendThread(localhost:2181)] org.apache.zookeeper.ClientCnxn: Got ping response for session id: 0x10014bd52700063 after 0ms.
2021-03-18 22:30:58,225 DEBUG [Thread-0-SendThread(localhost:2181)] org.apache.zookeeper.ClientCnxn: Got ping response for session id: 0x10014bd52700063 after 0ms.
2021-03-18 22:30:59,558 DEBUG [Thread-0-SendThread(localhost:2181)] org.apache.zookeeper.ClientCnxn: Got ping response for session id: 0x10014bd52700063 after 0ms.
2021-03-18 22:31:00,896 DEBUG [Thread-0-SendThread(localhost:2181)] org.apache.zookeeper.ClientCnxn: Got ping response for session id: 0x10014bd52700063 after 0ms.
Starting commModule
2021-03-18 22:31:01,699 INFO  [Thread-0] root: Server communication module connected
2021-03-18 22:31:01,700 INFO  [Thread-25] root: Message received by server -> Status: SHUTDOWN
received adminmsg
2021-03-18 22:31:01,700 DEBUG [Thread-25] root: Closing the program
2021-03-18 22:31:01,701 INFO  [Thread-25] root: Message sent by server -> Status: SHUTDOWN_SUCCESS
2021-03-18 22:31:01,701 INFO  [Thread-0] root: Connected to localhost on port 52394
2021-03-18 22:31:01,701 INFO  [Thread-0] root: Server stopped.
2021-03-18 22:31:01,701 INFO  [Thread-0] root: Clearing KV Storage...
