2021-03-18 21:55:47,588 INFO  [main] root: Creating Storage Files
2021-03-18 21:55:47,589 INFO  [main] root: File created: server40.json
2021-03-18 21:55:47,589 INFO  [main] root: File created: server40_replica_1.json
2021-03-18 21:55:47,589 INFO  [main] root: File created: server40_replica_2.json
2021-03-18 21:55:47,590 INFO  [Thread-0] root: Initialize server ...
2021-03-18 21:55:47,605 INFO  [Thread-0] root: Server listening on port: 50039
2021-03-18 21:55:47,629 INFO  [Thread-0] org.apache.zookeeper.ZooKeeper: Client environment:zookeeper.version=3.6.2--803c7f1a12f85978cb049af5e4ef23bd8b688715, built on 09/04/2020 12:44 GMT
2021-03-18 21:55:47,630 INFO  [Thread-0] org.apache.zookeeper.ZooKeeper: Client environment:host.name=localhost
2021-03-18 21:55:47,630 INFO  [Thread-0] org.apache.zookeeper.ZooKeeper: Client environment:java.version=11.0.10
2021-03-18 21:55:47,630 INFO  [Thread-0] org.apache.zookeeper.ZooKeeper: Client environment:java.vendor=Azul Systems, Inc.
2021-03-18 21:55:47,630 INFO  [Thread-0] org.apache.zookeeper.ZooKeeper: Client environment:java.home=/Users/steve/Library/Java/JavaVirtualMachines/azul-11.0.10/Contents/Home
2021-03-18 21:55:47,630 INFO  [Thread-0] org.apache.zookeeper.ZooKeeper: Client environment:java.class.path=/Users/steve/Desktop/UofT/year4/winter2021/ECE419/milestone3/m3-server.jar
2021-03-18 21:55:47,630 INFO  [Thread-0] org.apache.zookeeper.ZooKeeper: Client environment:java.library.path=/Users/steve/Library/Java/Extensions:/Library/Java/Extensions:/Network/Library/Java/Extensions:/System/Library/Java/Extensions:/usr/lib/java:.
2021-03-18 21:55:47,630 INFO  [Thread-0] org.apache.zookeeper.ZooKeeper: Client environment:java.io.tmpdir=/var/folders/kz/3gb57nkn6ks6_07_dtt5lqvr0000gn/T/
2021-03-18 21:55:47,630 INFO  [Thread-0] org.apache.zookeeper.ZooKeeper: Client environment:java.compiler=<NA>
2021-03-18 21:55:47,630 INFO  [Thread-0] org.apache.zookeeper.ZooKeeper: Client environment:os.name=Mac OS X
2021-03-18 21:55:47,630 INFO  [Thread-0] org.apache.zookeeper.ZooKeeper: Client environment:os.arch=x86_64
2021-03-18 21:55:47,630 INFO  [Thread-0] org.apache.zookeeper.ZooKeeper: Client environment:os.version=10.16
2021-03-18 21:55:47,630 INFO  [Thread-0] org.apache.zookeeper.ZooKeeper: Client environment:user.name=steve
2021-03-18 21:55:47,630 INFO  [Thread-0] org.apache.zookeeper.ZooKeeper: Client environment:user.home=/Users/steve
2021-03-18 21:55:47,631 INFO  [Thread-0] org.apache.zookeeper.ZooKeeper: Client environment:user.dir=/Users/steve
2021-03-18 21:55:47,631 INFO  [Thread-0] org.apache.zookeeper.ZooKeeper: Client environment:os.memory.free=249MB
2021-03-18 21:55:47,631 INFO  [Thread-0] org.apache.zookeeper.ZooKeeper: Client environment:os.memory.max=4096MB
2021-03-18 21:55:47,631 INFO  [Thread-0] org.apache.zookeeper.ZooKeeper: Client environment:os.memory.total=256MB
2021-03-18 21:55:47,634 INFO  [Thread-0] org.apache.zookeeper.ZooKeeper: Initiating client connection, connectString=localhost:2181 sessionTimeout=3000 watcher=app_kvServer.KVServer$1@5a87eda6
2021-03-18 21:55:47,638 INFO  [Thread-0] org.apache.zookeeper.common.X509Util: Setting -D jdk.tls.rejectClientInitiatedRenegotiation=true to disable client-initiated TLS renegotiation
2021-03-18 21:55:47,650 INFO  [Thread-0] org.apache.zookeeper.ClientCnxnSocket: jute.maxbuffer value is 1048575 Bytes
2021-03-18 21:55:47,657 INFO  [Thread-0] org.apache.zookeeper.ClientCnxn: zookeeper.request.timeout value is 0. feature enabled=false
2021-03-18 21:55:47,667 DEBUG [Thread-0-SendThread(localhost:2181)] org.apache.zookeeper.SaslServerPrincipal: Canonicalized address to localhost
2021-03-18 21:55:47,668 INFO  [Thread-0-SendThread(localhost:2181)] org.apache.zookeeper.ClientCnxn: Opening socket connection to server localhost/127.0.0.1:2181.
2021-03-18 21:55:47,669 INFO  [Thread-0-SendThread(localhost:2181)] org.apache.zookeeper.ClientCnxn: SASL config status: Will not attempt to authenticate using SASL (unknown error)
2021-03-18 21:55:47,686 INFO  [Thread-0-SendThread(localhost:2181)] org.apache.zookeeper.ClientCnxn: Socket connection established, initiating session, client: /127.0.0.1:51377, server: localhost/127.0.0.1:2181
2021-03-18 21:55:47,687 DEBUG [Thread-0-SendThread(localhost:2181)] org.apache.zookeeper.ClientCnxn: Session establishment request sent on localhost/127.0.0.1:2181
2021-03-18 21:55:47,717 TRACE [Thread-0-SendThread(localhost:2181)] org.apache.zookeeper.ClientCnxnSocket: readConnectResult 37 0x[0,0,0,0,0,0,f,ffffffa0,1,0,14,ffffffbd,52,70,0,38,0,0,0,10,2c,ffffffe3,7a,27,46,13,1b,ffffffee,e,47,ffffff85,fffffff9,3f,ffffff83,ffffffe8,ffffff9e,0,]
2021-03-18 21:55:47,719 INFO  [Thread-0-SendThread(localhost:2181)] org.apache.zookeeper.ClientCnxn: Session establishment complete on server localhost/127.0.0.1:2181, session id = 0x10014bd52700038, negotiated timeout = 4000
2021-03-18 21:55:47,721 DEBUG [Thread-0-EventThread] root: ZK event: 
2021-03-18 21:55:47,721 DEBUG [Thread-0-EventThread] root: WatchedEvent state:SyncConnected type:None path:null
2021-03-18 21:55:47,749 DEBUG [Thread-0-SendThread(localhost:2181)] org.apache.zookeeper.ClientCnxn: Reading reply session id: 0x10014bd52700038, packet:: clientPath:null serverPath:null finished:false header:: 1,1  replyHeader:: 1,183,0  request:: '/keeper/server40,,v{s{31,s{'world,'anyone}}},1  response:: '/keeper/server40 
2021-03-18 21:55:47,752 DEBUG [Thread-0-SendThread(localhost:2181)] org.apache.zookeeper.ClientCnxn: Reading reply session id: 0x10014bd52700038, packet:: clientPath:null serverPath:null finished:false header:: 2,3  replyHeader:: 2,183,0  request:: '/keeper/server40,T  response:: s{183,183,1616118947721,1616118947721,0,0,0,72080397402374200,0,0,183} 
2021-03-18 21:55:47,779 DEBUG [Thread-0-SendThread(localhost:2181)] org.apache.zookeeper.ClientCnxn: Got notification session id: 0x10014bd52700038
2021-03-18 21:55:47,780 DEBUG [Thread-0-SendThread(localhost:2181)] org.apache.zookeeper.ClientCnxn: Got WatchedEvent state:SyncConnected type:NodeDataChanged path:/keeper/server40 for session id 0x10014bd52700038
2021-03-18 21:55:47,781 DEBUG [Thread-0-EventThread] root: ZK event: 
2021-03-18 21:55:47,781 DEBUG [Thread-0-EventThread] root: WatchedEvent state:SyncConnected type:NodeDataChanged path:/keeper/server40
2021-03-18 21:55:47,782 DEBUG [Thread-0-SendThread(localhost:2181)] org.apache.zookeeper.ClientCnxn: Reading reply session id: 0x10014bd52700038, packet:: clientPath:null serverPath:null finished:false header:: 3,5  replyHeader:: 3,184,0  request:: '/keeper/server40,#3132372e302e302e313a3530303339,0  response:: s{183,184,1616118947721,1616118947753,1,0,0,72080397402374200,15,0,183} 
2021-03-18 21:55:47,782 INFO  [Thread-0] root: Node created at: /keeper/server40
Starting commModule
2021-03-18 21:55:47,788 INFO  [Thread-0] root: Server communication module connected
2021-03-18 21:55:47,789 INFO  [Thread-0] root: Connected to localhost on port 51378
2021-03-18 21:55:47,796 INFO  [Thread-1] root: Message received by server -> Status: INIT_SERVER
received adminmsg
2021-03-18 21:55:47,797 INFO  [Thread-1] root: Message sent by server -> Status: INIT_SERVER_SUCCESS
2021-03-18 21:55:47,797 INFO  [Thread-1] root: Message received by server -> Status: START
received adminmsg
2021-03-18 21:55:47,798 INFO  [Thread-1] root: Message sent by server -> Status: START_SUCCESS
Starting commModule
2021-03-18 21:55:47,804 INFO  [Thread-0] root: Server communication module connected
2021-03-18 21:55:47,805 INFO  [Thread-0] root: Connected to localhost on port 51381
Starting commModule
2021-03-18 21:55:47,812 INFO  [Thread-0] root: Server communication module connected
2021-03-18 21:55:47,813 INFO  [Thread-0] root: Connected to localhost on port 51384
Starting commModule
2021-03-18 21:55:47,818 INFO  [Thread-0] root: Server communication module connected
2021-03-18 21:55:47,818 INFO  [Thread-0] root: Connected to localhost on port 51386
2021-03-18 21:55:47,819 INFO  [Thread-4] root: Message received by server -> Status: UPDATE
received adminmsg
2021-03-18 21:55:47,820 INFO  [Thread-4] root: Message sent by server -> Status: UPDATE_SUCCESS
Starting commModule
2021-03-18 21:55:47,824 INFO  [Thread-0] root: Server communication module connected
2021-03-18 21:55:47,825 INFO  [Thread-0] root: Connected to localhost on port 51388
Starting commModule
2021-03-18 21:55:47,826 INFO  [Thread-0] root: Server communication module connected
2021-03-18 21:55:47,826 INFO  [Thread-0] root: Connected to localhost on port 51390
2021-03-18 21:55:47,827 INFO  [Thread-6] root: Message received by server -> Status: PROPAGATE_ADMIN
received adminmsg
2021-03-18 21:55:47,833 DEBUG [Thread-6] root: Getting successors
2021-03-18 21:55:47,833 DEBUG [Thread-6] root: Got successors
2021-03-18 21:55:47,833 DEBUG [Thread-6] root: Propagating to: 127.0.0.1:50032 127.0.0.1:50039
2021-03-18 21:55:47,836 INFO  [Thread-6] root: Client communication module connected
Starting commModule
2021-03-18 21:55:47,837 INFO  [Thread-0] root: Server communication module connected
2021-03-18 21:55:47,837 INFO  [Thread-6] root: Client communication module connected
2021-03-18 21:55:47,837 DEBUG [Thread-6] root: {}
2021-03-18 21:55:47,837 INFO  [Thread-0] root: Connected to localhost on port 51392
2021-03-18 21:55:47,837 INFO  [Thread-6] root: Message sent by server -> Status: PROPAGATE_SUCCESS
2021-03-18 21:55:49,092 DEBUG [Thread-0-SendThread(localhost:2181)] org.apache.zookeeper.ClientCnxn: Got ping response for session id: 0x10014bd52700038 after 1ms.
2021-03-18 21:55:50,428 DEBUG [Thread-0-SendThread(localhost:2181)] org.apache.zookeeper.ClientCnxn: Got ping response for session id: 0x10014bd52700038 after 1ms.
2021-03-18 21:55:51,762 DEBUG [Thread-0-SendThread(localhost:2181)] org.apache.zookeeper.ClientCnxn: Got ping response for session id: 0x10014bd52700038 after 1ms.
2021-03-18 21:55:53,095 DEBUG [Thread-0-SendThread(localhost:2181)] org.apache.zookeeper.ClientCnxn: Got ping response for session id: 0x10014bd52700038 after 0ms.
2021-03-18 21:55:54,433 DEBUG [Thread-0-SendThread(localhost:2181)] org.apache.zookeeper.ClientCnxn: Got ping response for session id: 0x10014bd52700038 after 0ms.
2021-03-18 21:55:55,771 DEBUG [Thread-0-SendThread(localhost:2181)] org.apache.zookeeper.ClientCnxn: Got ping response for session id: 0x10014bd52700038 after 0ms.
2021-03-18 21:55:57,110 DEBUG [Thread-0-SendThread(localhost:2181)] org.apache.zookeeper.ClientCnxn: Got ping response for session id: 0x10014bd52700038 after 0ms.
Starting commModule
2021-03-18 21:55:57,852 INFO  [Thread-0] root: Server communication module connected
2021-03-18 21:55:57,853 INFO  [Thread-0] root: Connected to localhost on port 51403
2021-03-18 21:55:57,853 INFO  [Thread-8] root: Message received by server -> Status: SHUTDOWN
received adminmsg
2021-03-18 21:55:57,853 DEBUG [Thread-8] root: Closing the program
2021-03-18 21:55:57,854 INFO  [Thread-8] root: Message sent by server -> Status: SHUTDOWN_SUCCESS
2021-03-18 21:55:57,854 ERROR [Thread-0] root: Error! Unable to establish connection. 

java.net.SocketException: Socket closed
	at java.base/java.net.PlainSocketImpl.socketAccept(Native Method)
	at java.base/java.net.AbstractPlainSocketImpl.accept(AbstractPlainSocketImpl.java:458)
	at java.base/java.net.ServerSocket.implAccept(ServerSocket.java:565)
	at java.base/java.net.ServerSocket.accept(ServerSocket.java:533)
	at app_kvServer.KVServer.run(KVServer.java:408)
2021-03-18 21:55:57,856 INFO  [Thread-0] root: Server stopped.
2021-03-18 21:55:57,856 INFO  [Thread-0] root: Clearing KV Storage...
