2021-03-18 22:45:36,545 INFO  [main] root: Creating Storage Files
2021-03-18 22:45:36,546 INFO  [main] root: File created: server98.json
2021-03-18 22:45:36,546 INFO  [main] root: File created: server98_replica_1.json
2021-03-18 22:45:36,546 INFO  [main] root: File created: server98_replica_2.json
2021-03-18 22:45:36,546 INFO  [Thread-0] root: Initialize server ...
2021-03-18 22:45:36,559 INFO  [Thread-0] root: Server listening on port: 50097
2021-03-18 22:45:36,579 INFO  [Thread-0] org.apache.zookeeper.ZooKeeper: Client environment:zookeeper.version=3.6.2--803c7f1a12f85978cb049af5e4ef23bd8b688715, built on 09/04/2020 12:44 GMT
2021-03-18 22:45:36,579 INFO  [Thread-0] org.apache.zookeeper.ZooKeeper: Client environment:host.name=localhost
2021-03-18 22:45:36,579 INFO  [Thread-0] org.apache.zookeeper.ZooKeeper: Client environment:java.version=11.0.10
2021-03-18 22:45:36,579 INFO  [Thread-0] org.apache.zookeeper.ZooKeeper: Client environment:java.vendor=Azul Systems, Inc.
2021-03-18 22:45:36,580 INFO  [Thread-0] org.apache.zookeeper.ZooKeeper: Client environment:java.home=/Users/steve/Library/Java/JavaVirtualMachines/azul-11.0.10/Contents/Home
2021-03-18 22:45:36,580 INFO  [Thread-0] org.apache.zookeeper.ZooKeeper: Client environment:java.class.path=/Users/steve/Desktop/UofT/year4/winter2021/ECE419/milestone3/m3-server.jar
2021-03-18 22:45:36,580 INFO  [Thread-0] org.apache.zookeeper.ZooKeeper: Client environment:java.library.path=/Users/steve/Library/Java/Extensions:/Library/Java/Extensions:/Network/Library/Java/Extensions:/System/Library/Java/Extensions:/usr/lib/java:.
2021-03-18 22:45:36,580 INFO  [Thread-0] org.apache.zookeeper.ZooKeeper: Client environment:java.io.tmpdir=/var/folders/kz/3gb57nkn6ks6_07_dtt5lqvr0000gn/T/
2021-03-18 22:45:36,580 INFO  [Thread-0] org.apache.zookeeper.ZooKeeper: Client environment:java.compiler=<NA>
2021-03-18 22:45:36,580 INFO  [Thread-0] org.apache.zookeeper.ZooKeeper: Client environment:os.name=Mac OS X
2021-03-18 22:45:36,580 INFO  [Thread-0] org.apache.zookeeper.ZooKeeper: Client environment:os.arch=x86_64
2021-03-18 22:45:36,580 INFO  [Thread-0] org.apache.zookeeper.ZooKeeper: Client environment:os.version=10.16
2021-03-18 22:45:36,580 INFO  [Thread-0] org.apache.zookeeper.ZooKeeper: Client environment:user.name=steve
2021-03-18 22:45:36,580 INFO  [Thread-0] org.apache.zookeeper.ZooKeeper: Client environment:user.home=/Users/steve
2021-03-18 22:45:36,580 INFO  [Thread-0] org.apache.zookeeper.ZooKeeper: Client environment:user.dir=/Users/steve
2021-03-18 22:45:36,580 INFO  [Thread-0] org.apache.zookeeper.ZooKeeper: Client environment:os.memory.free=249MB
2021-03-18 22:45:36,580 INFO  [Thread-0] org.apache.zookeeper.ZooKeeper: Client environment:os.memory.max=4096MB
2021-03-18 22:45:36,580 INFO  [Thread-0] org.apache.zookeeper.ZooKeeper: Client environment:os.memory.total=256MB
2021-03-18 22:45:36,583 INFO  [Thread-0] org.apache.zookeeper.ZooKeeper: Initiating client connection, connectString=localhost:2181 sessionTimeout=3000 watcher=app_kvServer.KVServer$1@1b84e5c2
2021-03-18 22:45:36,586 INFO  [Thread-0] org.apache.zookeeper.common.X509Util: Setting -D jdk.tls.rejectClientInitiatedRenegotiation=true to disable client-initiated TLS renegotiation
2021-03-18 22:45:36,597 INFO  [Thread-0] org.apache.zookeeper.ClientCnxnSocket: jute.maxbuffer value is 1048575 Bytes
2021-03-18 22:45:36,603 INFO  [Thread-0] org.apache.zookeeper.ClientCnxn: zookeeper.request.timeout value is 0. feature enabled=false
2021-03-18 22:45:36,612 DEBUG [Thread-0-SendThread(localhost:2181)] org.apache.zookeeper.SaslServerPrincipal: Canonicalized address to localhost
2021-03-18 22:45:36,613 INFO  [Thread-0-SendThread(localhost:2181)] org.apache.zookeeper.ClientCnxn: Opening socket connection to server localhost/127.0.0.1:2181.
2021-03-18 22:45:36,613 INFO  [Thread-0-SendThread(localhost:2181)] org.apache.zookeeper.ClientCnxn: SASL config status: Will not attempt to authenticate using SASL (unknown error)
2021-03-18 22:45:36,629 INFO  [Thread-0-SendThread(localhost:2181)] org.apache.zookeeper.ClientCnxn: Socket connection established, initiating session, client: /127.0.0.1:53222, server: localhost/127.0.0.1:2181
2021-03-18 22:45:36,629 DEBUG [Thread-0-SendThread(localhost:2181)] org.apache.zookeeper.ClientCnxn: Session establishment request sent on localhost/127.0.0.1:2181
2021-03-18 22:45:36,659 TRACE [Thread-0-SendThread(localhost:2181)] org.apache.zookeeper.ClientCnxnSocket: readConnectResult 37 0x[0,0,0,0,0,0,f,ffffffa0,1,0,14,ffffffbd,52,70,0,ffffff97,0,0,0,10,ffffffdd,ffffff91,43,2b,2d,55,2f,ffffff8a,fffffffe,1e,fffffff7,ffffffff,ffffffd8,52,ffffffac,70,0,]
2021-03-18 22:45:36,662 INFO  [Thread-0-SendThread(localhost:2181)] org.apache.zookeeper.ClientCnxn: Session establishment complete on server localhost/127.0.0.1:2181, session id = 0x10014bd52700097, negotiated timeout = 4000
2021-03-18 22:45:36,665 DEBUG [Thread-0-EventThread] root: ZK event: 
2021-03-18 22:45:36,665 DEBUG [Thread-0-EventThread] root: WatchedEvent state:SyncConnected type:None path:null
2021-03-18 22:45:36,693 DEBUG [Thread-0-SendThread(localhost:2181)] org.apache.zookeeper.ClientCnxn: Reading reply session id: 0x10014bd52700097, packet:: clientPath:null serverPath:null finished:false header:: 1,1  replyHeader:: 1,502,0  request:: '/keeper/server98,,v{s{31,s{'world,'anyone}}},1  response:: '/keeper/server98 
2021-03-18 22:45:36,698 DEBUG [Thread-0-SendThread(localhost:2181)] org.apache.zookeeper.ClientCnxn: Reading reply session id: 0x10014bd52700097, packet:: clientPath:null serverPath:null finished:false header:: 2,3  replyHeader:: 2,502,0  request:: '/keeper/server98,T  response:: s{502,502,1616121936665,1616121936665,0,0,0,72080397402374295,0,0,502} 
2021-03-18 22:45:36,724 DEBUG [Thread-0-SendThread(localhost:2181)] org.apache.zookeeper.ClientCnxn: Got notification session id: 0x10014bd52700097
2021-03-18 22:45:36,725 DEBUG [Thread-0-SendThread(localhost:2181)] org.apache.zookeeper.ClientCnxn: Got WatchedEvent state:SyncConnected type:NodeDataChanged path:/keeper/server98 for session id 0x10014bd52700097
2021-03-18 22:45:36,727 DEBUG [Thread-0-EventThread] root: ZK event: 
2021-03-18 22:45:36,727 DEBUG [Thread-0-EventThread] root: WatchedEvent state:SyncConnected type:NodeDataChanged path:/keeper/server98
2021-03-18 22:45:36,727 DEBUG [Thread-0-SendThread(localhost:2181)] org.apache.zookeeper.ClientCnxn: Reading reply session id: 0x10014bd52700097, packet:: clientPath:null serverPath:null finished:false header:: 3,5  replyHeader:: 3,503,0  request:: '/keeper/server98,#3132372e302e302e313a3530303937,0  response:: s{502,503,1616121936665,1616121936699,1,0,0,72080397402374295,15,0,502} 
2021-03-18 22:45:36,728 INFO  [Thread-0] root: Node created at: /keeper/server98
Starting commModule
2021-03-18 22:45:36,734 INFO  [Thread-0] root: Server communication module connected
2021-03-18 22:45:36,735 INFO  [Thread-0] root: Connected to localhost on port 53223
2021-03-18 22:45:36,745 INFO  [Thread-1] root: Message received by server -> Status: INIT_SERVER
received adminmsg
2021-03-18 22:45:36,747 INFO  [Thread-1] root: Message sent by server -> Status: INIT_SERVER_SUCCESS
2021-03-18 22:45:36,748 INFO  [Thread-1] root: Message received by server -> Status: START
received adminmsg
2021-03-18 22:45:36,749 INFO  [Thread-1] root: Message sent by server -> Status: START_SUCCESS
Starting commModule
2021-03-18 22:45:36,749 INFO  [Thread-0] root: Server communication module connected
2021-03-18 22:45:36,750 INFO  [Thread-0] root: Connected to localhost on port 53224
2021-03-18 22:45:36,751 INFO  [Thread-2] root: Message received by server -> Status: UPDATE
received adminmsg
2021-03-18 22:45:36,752 INFO  [Thread-2] root: Message sent by server -> Status: UPDATE_SUCCESS
Starting commModule
2021-03-18 22:45:36,753 INFO  [Thread-0] root: Server communication module connected
2021-03-18 22:45:36,754 INFO  [Thread-0] root: Connected to localhost on port 53225
2021-03-18 22:45:36,755 INFO  [Thread-3] root: Message received by server -> Status: PROPAGATE_ADMIN
received adminmsg
2021-03-18 22:45:36,760 DEBUG [Thread-3] root: Getting successors
2021-03-18 22:45:36,760 DEBUG [Thread-3] root: Got successors
2021-03-18 22:45:36,760 DEBUG [Thread-3] root: Propagating to: 127.0.0.1:50097 127.0.0.1:50097
Starting commModule
2021-03-18 22:45:36,762 INFO  [Thread-0] root: Server communication module connected
2021-03-18 22:45:36,763 INFO  [Thread-3] root: Client communication module connected
2021-03-18 22:45:36,763 INFO  [Thread-0] root: Connected to localhost on port 53226
Starting commModule
2021-03-18 22:45:36,764 INFO  [Thread-3] root: Client communication module connected
2021-03-18 22:45:36,764 DEBUG [Thread-3] root: {}
2021-03-18 22:45:36,764 INFO  [Thread-0] root: Server communication module connected
2021-03-18 22:45:36,764 INFO  [Thread-3] root: Message sent by server -> Status: PROPAGATE_SUCCESS
2021-03-18 22:45:36,765 INFO  [Thread-0] root: Connected to localhost on port 53227
Starting commModule
2021-03-18 22:45:37,402 INFO  [Thread-0] root: Server communication module connected
2021-03-18 22:45:37,403 INFO  [Thread-0] root: Connected to localhost on port 53231
2021-03-18 22:45:37,404 INFO  [Thread-6] root: Message received by server -> Status: UPDATE
received adminmsg
2021-03-18 22:45:37,405 INFO  [Thread-6] root: Message sent by server -> Status: UPDATE_SUCCESS
Starting commModule
2021-03-18 22:45:37,406 INFO  [Thread-0] root: Server communication module connected
2021-03-18 22:45:37,408 INFO  [Thread-0] root: Connected to localhost on port 53232
2021-03-18 22:45:37,409 INFO  [Thread-7] root: Message received by server -> Status: PROPAGATE_ADMIN
received adminmsg
2021-03-18 22:45:37,410 DEBUG [Thread-7] root: Getting successors
2021-03-18 22:45:37,410 DEBUG [Thread-7] root: Got successors
2021-03-18 22:45:37,410 DEBUG [Thread-7] root: Propagating to: 127.0.0.1:50146 127.0.0.1:50097
2021-03-18 22:45:37,411 INFO  [Thread-7] root: Client communication module connected
Starting commModule
2021-03-18 22:45:37,411 INFO  [Thread-0] root: Server communication module connected
2021-03-18 22:45:37,411 INFO  [Thread-7] root: Client communication module connected
2021-03-18 22:45:37,411 DEBUG [Thread-7] root: {}
2021-03-18 22:45:37,412 INFO  [Thread-7] root: Message sent by server -> Status: PROPAGATE_SUCCESS
2021-03-18 22:45:37,412 INFO  [Thread-0] root: Connected to localhost on port 53234
Starting commModule
2021-03-18 22:45:37,412 INFO  [Thread-0] root: Server communication module connected
2021-03-18 22:45:37,413 INFO  [Thread-0] root: Connected to localhost on port 53235
2021-03-18 22:45:37,413 INFO  [Thread-9] root: Message received by server -> Status: MOVE_DATA
received adminmsg
2021-03-18 22:45:37,413 DEBUG [Thread-9] root: Input data: 
2021-03-18 22:45:37,413 DEBUG [Thread-9] root: 99f49d4e02b4bfca988b5d64751d79d6:93625a014b00a421de88c621d6f07590
2021-03-18 22:45:37,413 DEBUG [Thread-9] root: 127.0.0.1:50146
2021-03-18 22:45:37,414 INFO  [Thread-9] root: Client communication module connected
2021-03-18 22:45:37,414 DEBUG [Thread-9] root: Host: 127.0.0.1
2021-03-18 22:45:37,414 DEBUG [Thread-9] root: Port: 50146
2021-03-18 22:45:37,414 DEBUG [Thread-9] root: Range: 99f49d4e02b4bfca988b5d64751d79d6:93625a014b00a421de88c621d6f07590
2021-03-18 22:45:37,414 DEBUG [Thread-9] root: Starting flush data
2021-03-18 22:45:37,414 DEBUG [Thread-9] root: Finished flush data
2021-03-18 22:45:37,414 DEBUG [Thread-9] root: Closing conn
2021-03-18 22:45:37,414 INFO  [Thread-9] root: Connection closed!
2021-03-18 22:45:37,414 DEBUG [Thread-9] root: Closed conn
2021-03-18 22:45:37,415 INFO  [Thread-9] root: Message sent by server -> Status: MOVE_DATA_SUCCESS
Starting commModule
2021-03-18 22:45:37,415 INFO  [Thread-0] root: Server communication module connected
2021-03-18 22:45:37,416 INFO  [Thread-0] root: Connected to localhost on port 53237
2021-03-18 22:45:37,417 INFO  [Thread-10] root: Message received by server -> Status: UPDATE
received adminmsg
2021-03-18 22:45:37,418 INFO  [Thread-10] root: Message sent by server -> Status: UPDATE_SUCCESS
Starting commModule
2021-03-18 22:45:37,423 INFO  [Thread-0] root: Server communication module connected
2021-03-18 22:45:37,424 INFO  [Thread-0] root: Connected to localhost on port 53239
2021-03-18 22:45:37,424 INFO  [Thread-11] root: Message received by server -> Status: PROPAGATE_ADMIN
received adminmsg
2021-03-18 22:45:37,425 DEBUG [Thread-11] root: Getting successors
2021-03-18 22:45:37,425 DEBUG [Thread-11] root: Got successors
2021-03-18 22:45:37,425 DEBUG [Thread-11] root: Propagating to: 127.0.0.1:50146 127.0.0.1:50097
2021-03-18 22:45:37,425 INFO  [Thread-11] root: Client communication module connected
Starting commModule
2021-03-18 22:45:37,426 INFO  [Thread-11] root: Client communication module connected
2021-03-18 22:45:37,426 INFO  [Thread-0] root: Server communication module connected
2021-03-18 22:45:37,426 DEBUG [Thread-11] root: {}
2021-03-18 22:45:37,427 INFO  [Thread-11] root: Message sent by server -> Status: PROPAGATE_SUCCESS
2021-03-18 22:45:37,428 INFO  [Thread-0] root: Connected to localhost on port 53241
Starting commModule
2021-03-18 22:45:37,439 INFO  [Thread-0] root: Server communication module connected
2021-03-18 22:45:37,440 INFO  [Thread-0] root: Connected to localhost on port 53243
Starting commModule
2021-03-18 22:45:37,969 INFO  [Thread-0] root: Server communication module connected
2021-03-18 22:45:37,969 INFO  [Thread-0] root: Connected to localhost on port 53249
2021-03-18 22:45:37,970 INFO  [Thread-14] root: Message received by server -> Status: UPDATE
received adminmsg
2021-03-18 22:45:37,971 INFO  [Thread-14] root: Message sent by server -> Status: UPDATE_SUCCESS
Starting commModule
2021-03-18 22:45:37,975 INFO  [Thread-0] root: Server communication module connected
2021-03-18 22:45:37,975 INFO  [Thread-0] root: Connected to localhost on port 53251
2021-03-18 22:45:37,976 INFO  [Thread-15] root: Message received by server -> Status: PROPAGATE_ADMIN
received adminmsg
2021-03-18 22:45:37,976 DEBUG [Thread-15] root: Getting successors
2021-03-18 22:45:37,976 DEBUG [Thread-15] root: Got successors
2021-03-18 22:45:37,976 DEBUG [Thread-15] root: Propagating to: 127.0.0.1:50059 127.0.0.1:50146
2021-03-18 22:45:37,977 INFO  [Thread-15] root: Client communication module connected
2021-03-18 22:45:37,977 INFO  [Thread-15] root: Client communication module connected
2021-03-18 22:45:37,977 DEBUG [Thread-15] root: {}
2021-03-18 22:45:37,978 INFO  [Thread-15] root: Message sent by server -> Status: PROPAGATE_SUCCESS
Starting commModule
2021-03-18 22:45:37,981 INFO  [Thread-0] root: Server communication module connected
2021-03-18 22:45:37,982 INFO  [Thread-0] root: Connected to localhost on port 53255
Starting commModule
2021-03-18 22:45:37,986 INFO  [Thread-0] root: Server communication module connected
2021-03-18 22:45:37,986 INFO  [Thread-0] root: Connected to localhost on port 53259
2021-03-18 22:45:37,987 INFO  [Thread-17] root: Message received by server -> Status: UPDATE
received adminmsg
2021-03-18 22:45:37,987 INFO  [Thread-17] root: Message sent by server -> Status: UPDATE_SUCCESS
Starting commModule
2021-03-18 22:45:37,993 INFO  [Thread-0] root: Server communication module connected
2021-03-18 22:45:37,994 INFO  [Thread-0] root: Connected to localhost on port 53262
2021-03-18 22:45:37,995 INFO  [Thread-18] root: Message received by server -> Status: PROPAGATE_ADMIN
received adminmsg
2021-03-18 22:45:37,995 DEBUG [Thread-18] root: Getting successors
2021-03-18 22:45:37,995 DEBUG [Thread-18] root: Got successors
2021-03-18 22:45:37,995 DEBUG [Thread-18] root: Propagating to: 127.0.0.1:50059 127.0.0.1:50146
2021-03-18 22:45:37,996 INFO  [Thread-18] root: Client communication module connected
2021-03-18 22:45:37,996 INFO  [Thread-18] root: Client communication module connected
2021-03-18 22:45:37,996 DEBUG [Thread-18] root: {}
2021-03-18 22:45:37,997 INFO  [Thread-18] root: Message sent by server -> Status: PROPAGATE_SUCCESS
Starting commModule
2021-03-18 22:45:37,999 INFO  [Thread-0] root: Server communication module connected
2021-03-18 22:45:38,000 INFO  [Thread-0] root: Connected to localhost on port 53266
Starting commModule
2021-03-18 22:45:38,011 INFO  [Thread-0] root: Server communication module connected
2021-03-18 22:45:38,011 INFO  [Thread-0] root: Connected to localhost on port 53270
2021-03-18 22:45:38,038 DEBUG [Thread-0-SendThread(localhost:2181)] org.apache.zookeeper.ClientCnxn: Got ping response for session id: 0x10014bd52700097 after 1ms.
2021-03-18 22:45:39,375 DEBUG [Thread-0-SendThread(localhost:2181)] org.apache.zookeeper.ClientCnxn: Got ping response for session id: 0x10014bd52700097 after 0ms.
2021-03-18 22:45:40,709 DEBUG [Thread-0-SendThread(localhost:2181)] org.apache.zookeeper.ClientCnxn: Got ping response for session id: 0x10014bd52700097 after 0ms.
2021-03-18 22:45:42,043 DEBUG [Thread-0-SendThread(localhost:2181)] org.apache.zookeeper.ClientCnxn: Got ping response for session id: 0x10014bd52700097 after 0ms.
Starting commModule
2021-03-18 22:45:43,015 INFO  [Thread-0] root: Server communication module connected
2021-03-18 22:45:43,016 INFO  [Thread-0] root: Connected to localhost on port 53273
2021-03-18 22:45:43,017 INFO  [Thread-21] root: Message received by server -> Status: PUT Key: 1 Value: 1
2021-03-18 22:45:43,017 DEBUG [Thread-21] root: In serve
2021-03-18 22:45:43,017 DEBUG [Thread-21] root: Checking if stopped or write locked
2021-03-18 22:45:43,017 DEBUG [Thread-21] root: PUT request being served
2021-03-18 22:45:43,017 DEBUG [Thread-21] root: Checking if it's in range
2021-03-18 22:45:43,025 DEBUG [Thread-21] root: Got hostname and port -> 127.0.0.1:50097
2021-03-18 22:45:43,025 DEBUG [Thread-21] root: Got metadata range: 93625a014b00a421de88c621d6f07591:99f49d4e02b4bfca988b5d64751d79d5
2021-03-18 22:45:43,025 DEBUG [Thread-21] root: 127.0.0.1:50059 -> 99f49d4e02b4bfca988b5d64751d79d6:6644acd684155ed59c07cdb5c5ee2ec
2021-03-18 22:45:43,025 DEBUG [Thread-21] root: 127.0.0.1:50146 -> 6644acd684155ed59c07cdb5c5ee2ed:93625a014b00a421de88c621d6f07590
2021-03-18 22:45:43,025 DEBUG [Thread-21] root: 127.0.0.1:50097 -> 93625a014b00a421de88c621d6f07591:99f49d4e02b4bfca988b5d64751d79d5
2021-03-18 22:45:43,025 DEBUG [Thread-21] root: Got range big ints
2021-03-18 22:45:43,025 DEBUG [Thread-21] root: Range start < range end
2021-03-18 22:45:43,025 DEBUG [Thread-21] root: Done with range check in server
2021-03-18 22:45:43,025 DEBUG [Thread-21] root: Not in range
2021-03-18 22:45:43,028 INFO  [Thread-21] root: Message sent by server -> Status: SERVER_NOT_RESPONSIBLE Key: 1 Value: null
Starting commModule
2021-03-18 22:45:43,043 INFO  [Thread-0] root: Server communication module connected
2021-03-18 22:45:43,043 INFO  [Thread-0] root: Connected to localhost on port 53276
2021-03-18 22:45:43,046 INFO  [Thread-22] root: Message received by server -> Status: PROPAGATE
2021-03-18 22:45:43,046 DEBUG [Thread-22] root: In serve
2021-03-18 22:45:43,046 DEBUG [Thread-22] root: Checking if stopped or write locked
2021-03-18 22:45:43,046 DEBUG [Thread-22] root: Case propagate
2021-03-18 22:45:43,047 DEBUG [Thread-22] root: Passing to server
2021-03-18 22:45:43,047 DEBUG [Thread-22] root: Getting Predecessors
2021-03-18 22:45:43,047 DEBUG [Thread-22] root: Looking for 127.0.0.1:50097
2021-03-18 22:45:43,047 DEBUG [Thread-22] root: [127.0.0.1:50059, 127.0.0.1:50146, 127.0.0.1:50097]
2021-03-18 22:45:43,047 DEBUG [Thread-22] root: Predecessors:
2021-03-18 22:45:43,047 DEBUG [Thread-22] root: [127.0.0.1:50059, 127.0.0.1:50146]
2021-03-18 22:45:43,047 DEBUG [Thread-22] root: Looking for 127.0.0.1:50059
2021-03-18 22:45:43,047 DEBUG [Thread-22] root: Index of predecessor: 0
2021-03-18 22:45:43,047 DEBUG [Thread-22] root: Server Stuff
2021-03-18 22:45:43,047 INFO  [Thread-22] root: Put: key = 1, value = 1
2021-03-18 22:45:43,049 INFO  [Thread-22] root: Message sent by server -> Status: PROPAGATE_SUCCESS Key: null Value: null
Starting commModule
2021-03-18 22:45:43,051 INFO  [Thread-0] root: Server communication module connected
2021-03-18 22:45:43,051 INFO  [Thread-0] root: Connected to localhost on port 53277
2021-03-18 22:45:43,052 INFO  [Thread-23] root: Message received by server -> Status: GET Key: 1 Value: null
2021-03-18 22:45:43,052 DEBUG [Thread-23] root: In serve
2021-03-18 22:45:43,052 DEBUG [Thread-23] root: Checking if stopped or write locked
2021-03-18 22:45:43,052 DEBUG [Thread-23] root: Checking if it's in range
2021-03-18 22:45:43,052 DEBUG [Thread-23] root: Got hostname and port -> 127.0.0.1:50097
2021-03-18 22:45:43,052 DEBUG [Thread-23] root: Got metadata range: 99f49d4e02b4bfca988b5d64751d79d6:99f49d4e02b4bfca988b5d64751d79d5
2021-03-18 22:45:43,052 DEBUG [Thread-23] root: 127.0.0.1:50059 -> 6644acd684155ed59c07cdb5c5ee2ed:6644acd684155ed59c07cdb5c5ee2ec
2021-03-18 22:45:43,052 DEBUG [Thread-23] root: 127.0.0.1:50146 -> 93625a014b00a421de88c621d6f07591:93625a014b00a421de88c621d6f07590
2021-03-18 22:45:43,052 DEBUG [Thread-23] root: 127.0.0.1:50097 -> 99f49d4e02b4bfca988b5d64751d79d6:99f49d4e02b4bfca988b5d64751d79d5
2021-03-18 22:45:43,052 DEBUG [Thread-23] root: Got range big ints
2021-03-18 22:45:43,052 DEBUG [Thread-23] root: Range end < range start
2021-03-18 22:45:43,052 DEBUG [Thread-23] root: Done with range check in server
2021-03-18 22:45:43,052 INFO  [Thread-23] root: Get: key = 1
2021-03-18 22:45:43,053 INFO  [Thread-23] root: Message sent by server -> Status: GET_SUCCESS Key: 1 Value: 1
Starting commModule
2021-03-18 22:45:43,068 INFO  [Thread-0] root: Server communication module connected
2021-03-18 22:45:43,068 INFO  [Thread-24] root: Message received by server -> Status: SHUTDOWN
received adminmsg
2021-03-18 22:45:43,068 INFO  [Thread-0] root: Connected to localhost on port 53280
2021-03-18 22:45:43,069 DEBUG [Thread-24] root: Closing the program
2021-03-18 22:45:43,069 INFO  [Thread-24] root: Message sent by server -> Status: SHUTDOWN_SUCCESS
2021-03-18 22:45:43,069 ERROR [Thread-0] root: Error! Unable to establish connection. 

java.net.SocketException: Socket closed
	at java.base/java.net.PlainSocketImpl.socketAccept(Native Method)
	at java.base/java.net.AbstractPlainSocketImpl.accept(AbstractPlainSocketImpl.java:458)
	at java.base/java.net.ServerSocket.implAccept(ServerSocket.java:565)
	at java.base/java.net.ServerSocket.accept(ServerSocket.java:533)
	at app_kvServer.KVServer.run(KVServer.java:408)
2021-03-18 22:45:43,071 INFO  [Thread-0] root: Server stopped.
2021-03-18 22:45:43,071 INFO  [Thread-0] root: Clearing KV Storage...
