2021-03-19 11:59:03,556 INFO  [Thread-0] root: Initialize server ...
2021-03-19 11:59:03,574 INFO  [Thread-0] root: Server listening on port: 50112
2021-03-19 11:59:03,626 INFO  [Thread-0] org.apache.zookeeper.ZooKeeper: Client environment:zookeeper.version=3.6.2--803c7f1a12f85978cb049af5e4ef23bd8b688715, built on 09/04/2020 12:44 GMT
2021-03-19 11:59:03,626 INFO  [Thread-0] org.apache.zookeeper.ZooKeeper: Client environment:host.name=localhost
2021-03-19 11:59:03,626 INFO  [Thread-0] org.apache.zookeeper.ZooKeeper: Client environment:java.version=11.0.10
2021-03-19 11:59:03,626 INFO  [Thread-0] org.apache.zookeeper.ZooKeeper: Client environment:java.vendor=Azul Systems, Inc.
2021-03-19 11:59:03,626 INFO  [Thread-0] org.apache.zookeeper.ZooKeeper: Client environment:java.home=/Users/steve/Library/Java/JavaVirtualMachines/azul-11.0.10/Contents/Home
2021-03-19 11:59:03,627 INFO  [Thread-0] org.apache.zookeeper.ZooKeeper: Client environment:java.class.path=/Users/steve/Desktop/UofT/year4/winter2021/ECE419/milestone3/m3-server.jar
2021-03-19 11:59:03,627 INFO  [Thread-0] org.apache.zookeeper.ZooKeeper: Client environment:java.library.path=/Users/steve/Library/Java/Extensions:/Library/Java/Extensions:/Network/Library/Java/Extensions:/System/Library/Java/Extensions:/usr/lib/java:.
2021-03-19 11:59:03,627 INFO  [Thread-0] org.apache.zookeeper.ZooKeeper: Client environment:java.io.tmpdir=/var/folders/kz/3gb57nkn6ks6_07_dtt5lqvr0000gn/T/
2021-03-19 11:59:03,627 INFO  [Thread-0] org.apache.zookeeper.ZooKeeper: Client environment:java.compiler=<NA>
2021-03-19 11:59:03,627 INFO  [Thread-0] org.apache.zookeeper.ZooKeeper: Client environment:os.name=Mac OS X
2021-03-19 11:59:03,627 INFO  [Thread-0] org.apache.zookeeper.ZooKeeper: Client environment:os.arch=x86_64
2021-03-19 11:59:03,627 INFO  [Thread-0] org.apache.zookeeper.ZooKeeper: Client environment:os.version=10.16
2021-03-19 11:59:03,627 INFO  [Thread-0] org.apache.zookeeper.ZooKeeper: Client environment:user.name=steve
2021-03-19 11:59:03,627 INFO  [Thread-0] org.apache.zookeeper.ZooKeeper: Client environment:user.home=/Users/steve
2021-03-19 11:59:03,627 INFO  [Thread-0] org.apache.zookeeper.ZooKeeper: Client environment:user.dir=/Users/steve
2021-03-19 11:59:03,628 INFO  [Thread-0] org.apache.zookeeper.ZooKeeper: Client environment:os.memory.free=249MB
2021-03-19 11:59:03,628 INFO  [Thread-0] org.apache.zookeeper.ZooKeeper: Client environment:os.memory.max=4096MB
2021-03-19 11:59:03,628 INFO  [Thread-0] org.apache.zookeeper.ZooKeeper: Client environment:os.memory.total=256MB
2021-03-19 11:59:03,634 INFO  [Thread-0] org.apache.zookeeper.ZooKeeper: Initiating client connection, connectString=localhost:2181 sessionTimeout=3000 watcher=app_kvServer.KVServer$1@24877fd5
2021-03-19 11:59:03,643 INFO  [Thread-0] org.apache.zookeeper.common.X509Util: Setting -D jdk.tls.rejectClientInitiatedRenegotiation=true to disable client-initiated TLS renegotiation
2021-03-19 11:59:03,662 INFO  [Thread-0] org.apache.zookeeper.ClientCnxnSocket: jute.maxbuffer value is 1048575 Bytes
2021-03-19 11:59:03,670 INFO  [Thread-0] org.apache.zookeeper.ClientCnxn: zookeeper.request.timeout value is 0. feature enabled=false
2021-03-19 11:59:03,683 DEBUG [Thread-0-SendThread(localhost:2181)] org.apache.zookeeper.SaslServerPrincipal: Canonicalized address to localhost
2021-03-19 11:59:03,684 INFO  [Thread-0-SendThread(localhost:2181)] org.apache.zookeeper.ClientCnxn: Opening socket connection to server localhost/0:0:0:0:0:0:0:1:2181.
2021-03-19 11:59:03,684 INFO  [Thread-0-SendThread(localhost:2181)] org.apache.zookeeper.ClientCnxn: SASL config status: Will not attempt to authenticate using SASL (unknown error)
2021-03-19 11:59:03,702 INFO  [Thread-0-SendThread(localhost:2181)] org.apache.zookeeper.ClientCnxn: Socket connection established, initiating session, client: /0:0:0:0:0:0:0:1:57674, server: localhost/0:0:0:0:0:0:0:1:2181
2021-03-19 11:59:03,703 DEBUG [Thread-0-SendThread(localhost:2181)] org.apache.zookeeper.ClientCnxn: Session establishment request sent on localhost/0:0:0:0:0:0:0:1:2181
2021-03-19 11:59:03,732 TRACE [Thread-0-SendThread(localhost:2181)] org.apache.zookeeper.ClientCnxnSocket: readConnectResult 37 0x[0,0,0,0,0,0,f,ffffffa0,1,0,14,ffffffbd,52,70,1,7d,0,0,0,10,39,ffffffba,ffffffc4,2b,6e,ffffffd5,fffffffe,ffffff9e,ffffffeb,5d,17,45,ffffffa9,ffffff90,ffffffe8,ffffffd0,0,]
2021-03-19 11:59:03,734 INFO  [Thread-0-SendThread(localhost:2181)] org.apache.zookeeper.ClientCnxn: Session establishment complete on server localhost/0:0:0:0:0:0:0:1:2181, session id = 0x10014bd5270017d, negotiated timeout = 4000
2021-03-19 11:59:03,737 DEBUG [Thread-0-EventThread] root: ZK event: 
2021-03-19 11:59:03,737 DEBUG [Thread-0-EventThread] root: WatchedEvent state:SyncConnected type:None path:null
2021-03-19 11:59:03,766 DEBUG [Thread-0-SendThread(localhost:2181)] org.apache.zookeeper.ClientCnxn: Reading reply session id: 0x10014bd5270017d, packet:: clientPath:null serverPath:null finished:false header:: 1,1  replyHeader:: 1,1222,0  request:: '/keeper/server113,,v{s{31,s{'world,'anyone}}},1  response:: '/keeper/server113 
2021-03-19 11:59:03,775 DEBUG [Thread-0-SendThread(localhost:2181)] org.apache.zookeeper.ClientCnxn: Reading reply session id: 0x10014bd5270017d, packet:: clientPath:null serverPath:null finished:false header:: 2,3  replyHeader:: 2,1222,0  request:: '/keeper/server113,T  response:: s{1222,1222,1616169543737,1616169543737,0,0,0,72080397402374525,0,0,1222} 
2021-03-19 11:59:03,803 DEBUG [Thread-0-SendThread(localhost:2181)] org.apache.zookeeper.ClientCnxn: Got notification session id: 0x10014bd5270017d
2021-03-19 11:59:03,804 DEBUG [Thread-0-SendThread(localhost:2181)] org.apache.zookeeper.ClientCnxn: Got WatchedEvent state:SyncConnected type:NodeDataChanged path:/keeper/server113 for session id 0x10014bd5270017d
2021-03-19 11:59:03,807 DEBUG [Thread-0-EventThread] root: ZK event: 
2021-03-19 11:59:03,807 DEBUG [Thread-0-EventThread] root: WatchedEvent state:SyncConnected type:NodeDataChanged path:/keeper/server113
2021-03-19 11:59:03,808 DEBUG [Thread-0-SendThread(localhost:2181)] org.apache.zookeeper.ClientCnxn: Reading reply session id: 0x10014bd5270017d, packet:: clientPath:null serverPath:null finished:false header:: 3,5  replyHeader:: 3,1223,0  request:: '/keeper/server113,#3132372e302e302e313a3530313132,0  response:: s{1222,1223,1616169543737,1616169543777,1,0,0,72080397402374525,15,0,1222} 
2021-03-19 11:59:03,808 INFO  [Thread-0] root: Node created at: /keeper/server113
Starting commModule
2021-03-19 11:59:03,817 INFO  [Thread-0] root: Server communication module connected
2021-03-19 11:59:03,817 INFO  [Thread-0] root: Connected to localhost on port 57675
2021-03-19 11:59:03,829 INFO  [Thread-1] root: Message received by server -> Status: INIT_SERVER
received adminmsg
2021-03-19 11:59:03,830 INFO  [Thread-1] root: Message sent by server -> Status: INIT_SERVER_SUCCESS
2021-03-19 11:59:03,830 INFO  [Thread-1] root: Message received by server -> Status: START
received adminmsg
2021-03-19 11:59:03,830 INFO  [Thread-1] root: Message sent by server -> Status: START_SUCCESS
Starting commModule
2021-03-19 11:59:03,836 INFO  [Thread-0] root: Server communication module connected
2021-03-19 11:59:03,837 INFO  [Thread-0] root: Connected to localhost on port 57678
Starting commModule
2021-03-19 11:59:03,841 INFO  [Thread-0] root: Server communication module connected
2021-03-19 11:59:03,843 INFO  [Thread-0] root: Connected to localhost on port 57681
Starting commModule
2021-03-19 11:59:03,847 INFO  [Thread-0] root: Server communication module connected
2021-03-19 11:59:03,848 INFO  [Thread-0] root: Connected to localhost on port 57683
2021-03-19 11:59:03,849 INFO  [Thread-4] root: Message received by server -> Status: UPDATE
received adminmsg
2021-03-19 11:59:03,851 INFO  [Thread-4] root: Message sent by server -> Status: UPDATE_SUCCESS
Starting commModule
2021-03-19 11:59:03,854 INFO  [Thread-0] root: Server communication module connected
2021-03-19 11:59:03,855 INFO  [Thread-0] root: Connected to localhost on port 57685
Starting commModule
2021-03-19 11:59:03,856 INFO  [Thread-0] root: Server communication module connected
2021-03-19 11:59:03,856 INFO  [Thread-0] root: Connected to localhost on port 57687
2021-03-19 11:59:03,857 INFO  [Thread-6] root: Message received by server -> Status: PROPAGATE_ADMIN
received adminmsg
2021-03-19 11:59:03,864 DEBUG [Thread-6] root: Getting successors
2021-03-19 11:59:03,864 DEBUG [Thread-6] root: Got successors
2021-03-19 11:59:03,865 DEBUG [Thread-6] root: Propagating to: 127.0.0.1:50032 127.0.0.1:50112
2021-03-19 11:59:03,868 INFO  [Thread-6] root: Client communication module connected
Starting commModule
2021-03-19 11:59:03,869 INFO  [Thread-0] root: Server communication module connected
2021-03-19 11:59:03,869 INFO  [Thread-6] root: Client communication module connected
2021-03-19 11:59:03,869 DEBUG [Thread-6] root: {}
2021-03-19 11:59:03,870 INFO  [Thread-6] root: Message sent by server -> Status: PROPAGATE_SUCCESS
2021-03-19 11:59:03,870 INFO  [Thread-0] root: Connected to localhost on port 57689
2021-03-19 11:59:05,112 DEBUG [Thread-0-SendThread(localhost:2181)] org.apache.zookeeper.ClientCnxn: Got ping response for session id: 0x10014bd5270017d after 0ms.
2021-03-19 11:59:06,447 DEBUG [Thread-0-SendThread(localhost:2181)] org.apache.zookeeper.ClientCnxn: Got ping response for session id: 0x10014bd5270017d after 0ms.
2021-03-19 11:59:07,783 DEBUG [Thread-0-SendThread(localhost:2181)] org.apache.zookeeper.ClientCnxn: Got ping response for session id: 0x10014bd5270017d after 1ms.
2021-03-19 11:59:09,117 DEBUG [Thread-0-SendThread(localhost:2181)] org.apache.zookeeper.ClientCnxn: Got ping response for session id: 0x10014bd5270017d after 0ms.
2021-03-19 11:59:10,454 DEBUG [Thread-0-SendThread(localhost:2181)] org.apache.zookeeper.ClientCnxn: Got ping response for session id: 0x10014bd5270017d after 1ms.
2021-03-19 11:59:11,790 DEBUG [Thread-0-SendThread(localhost:2181)] org.apache.zookeeper.ClientCnxn: Got ping response for session id: 0x10014bd5270017d after 0ms.
2021-03-19 11:59:13,127 DEBUG [Thread-0-SendThread(localhost:2181)] org.apache.zookeeper.ClientCnxn: Got ping response for session id: 0x10014bd5270017d after 1ms.
Starting commModule
2021-03-19 11:59:13,881 INFO  [Thread-0] root: Server communication module connected
2021-03-19 11:59:13,882 INFO  [Thread-0] root: Connected to localhost on port 57692
2021-03-19 11:59:13,882 INFO  [Thread-8] root: Message received by server -> Status: SHUTDOWN
received adminmsg
2021-03-19 11:59:13,882 DEBUG [Thread-8] root: Closing the program
2021-03-19 11:59:13,883 INFO  [Thread-8] root: Message sent by server -> Status: SHUTDOWN_SUCCESS
2021-03-19 11:59:13,883 ERROR [Thread-0] root: Error! Unable to establish connection. 

java.net.SocketException: Socket closed
	at java.base/java.net.PlainSocketImpl.socketAccept(Native Method)
	at java.base/java.net.AbstractPlainSocketImpl.accept(AbstractPlainSocketImpl.java:458)
	at java.base/java.net.ServerSocket.implAccept(ServerSocket.java:565)
	at java.base/java.net.ServerSocket.accept(ServerSocket.java:533)
	at app_kvServer.KVServer.run(KVServer.java:408)
2021-03-19 11:59:13,885 INFO  [Thread-0] root: Server stopped.
2021-03-19 11:59:13,885 INFO  [Thread-0] root: Clearing KV Storage...
2021-03-19 16:18:32,573 INFO  [Thread-0] root: Initialize server ...
2021-03-19 16:18:32,585 INFO  [Thread-0] root: Server listening on port: 50112
2021-03-19 16:18:32,603 INFO  [Thread-0] org.apache.zookeeper.ZooKeeper: Client environment:zookeeper.version=3.6.2--803c7f1a12f85978cb049af5e4ef23bd8b688715, built on 09/04/2020 12:44 GMT
2021-03-19 16:18:32,603 INFO  [Thread-0] org.apache.zookeeper.ZooKeeper: Client environment:host.name=localhost
2021-03-19 16:18:32,603 INFO  [Thread-0] org.apache.zookeeper.ZooKeeper: Client environment:java.version=11.0.10
2021-03-19 16:18:32,603 INFO  [Thread-0] org.apache.zookeeper.ZooKeeper: Client environment:java.vendor=Azul Systems, Inc.
2021-03-19 16:18:32,603 INFO  [Thread-0] org.apache.zookeeper.ZooKeeper: Client environment:java.home=/Users/steve/Library/Java/JavaVirtualMachines/azul-11.0.10/Contents/Home
2021-03-19 16:18:32,604 INFO  [Thread-0] org.apache.zookeeper.ZooKeeper: Client environment:java.class.path=/Users/steve/Desktop/UofT/year4/winter2021/ECE419/milestone3/m3-server.jar
2021-03-19 16:18:32,604 INFO  [Thread-0] org.apache.zookeeper.ZooKeeper: Client environment:java.library.path=/Users/steve/Library/Java/Extensions:/Library/Java/Extensions:/Network/Library/Java/Extensions:/System/Library/Java/Extensions:/usr/lib/java:.
2021-03-19 16:18:32,604 INFO  [Thread-0] org.apache.zookeeper.ZooKeeper: Client environment:java.io.tmpdir=/var/folders/kz/3gb57nkn6ks6_07_dtt5lqvr0000gn/T/
2021-03-19 16:18:32,604 INFO  [Thread-0] org.apache.zookeeper.ZooKeeper: Client environment:java.compiler=<NA>
2021-03-19 16:18:32,604 INFO  [Thread-0] org.apache.zookeeper.ZooKeeper: Client environment:os.name=Mac OS X
2021-03-19 16:18:32,604 INFO  [Thread-0] org.apache.zookeeper.ZooKeeper: Client environment:os.arch=x86_64
2021-03-19 16:18:32,604 INFO  [Thread-0] org.apache.zookeeper.ZooKeeper: Client environment:os.version=10.16
2021-03-19 16:18:32,604 INFO  [Thread-0] org.apache.zookeeper.ZooKeeper: Client environment:user.name=steve
2021-03-19 16:18:32,604 INFO  [Thread-0] org.apache.zookeeper.ZooKeeper: Client environment:user.home=/Users/steve
2021-03-19 16:18:32,604 INFO  [Thread-0] org.apache.zookeeper.ZooKeeper: Client environment:user.dir=/Users/steve
2021-03-19 16:18:32,604 INFO  [Thread-0] org.apache.zookeeper.ZooKeeper: Client environment:os.memory.free=249MB
2021-03-19 16:18:32,604 INFO  [Thread-0] org.apache.zookeeper.ZooKeeper: Client environment:os.memory.max=4096MB
2021-03-19 16:18:32,604 INFO  [Thread-0] org.apache.zookeeper.ZooKeeper: Client environment:os.memory.total=256MB
2021-03-19 16:18:32,607 INFO  [Thread-0] org.apache.zookeeper.ZooKeeper: Initiating client connection, connectString=localhost:2181 sessionTimeout=3000 watcher=app_kvServer.KVServer$1@7a8d20e7
2021-03-19 16:18:32,610 INFO  [Thread-0] org.apache.zookeeper.common.X509Util: Setting -D jdk.tls.rejectClientInitiatedRenegotiation=true to disable client-initiated TLS renegotiation
2021-03-19 16:18:32,620 INFO  [Thread-0] org.apache.zookeeper.ClientCnxnSocket: jute.maxbuffer value is 1048575 Bytes
2021-03-19 16:18:32,627 INFO  [Thread-0] org.apache.zookeeper.ClientCnxn: zookeeper.request.timeout value is 0. feature enabled=false
2021-03-19 16:18:32,636 DEBUG [Thread-0-SendThread(localhost:2181)] org.apache.zookeeper.SaslServerPrincipal: Canonicalized address to localhost
2021-03-19 16:18:32,637 INFO  [Thread-0-SendThread(localhost:2181)] org.apache.zookeeper.ClientCnxn: Opening socket connection to server localhost/127.0.0.1:2181.
2021-03-19 16:18:32,637 INFO  [Thread-0-SendThread(localhost:2181)] org.apache.zookeeper.ClientCnxn: SASL config status: Will not attempt to authenticate using SASL (unknown error)
2021-03-19 16:18:32,651 INFO  [Thread-0-SendThread(localhost:2181)] org.apache.zookeeper.ClientCnxn: Socket connection established, initiating session, client: /127.0.0.1:62460, server: localhost/127.0.0.1:2181
2021-03-19 16:18:32,651 DEBUG [Thread-0-SendThread(localhost:2181)] org.apache.zookeeper.ClientCnxn: Session establishment request sent on localhost/127.0.0.1:2181
2021-03-19 16:18:32,681 TRACE [Thread-0-SendThread(localhost:2181)] org.apache.zookeeper.ClientCnxnSocket: readConnectResult 37 0x[0,0,0,0,0,0,f,ffffffa0,1,0,14,ffffffbd,52,70,1,ffffffeb,0,0,0,10,6b,7b,79,2e,ffffffb3,fffffff9,11,ffffffe0,ffffffe2,ffffff80,7e,43,1c,7f,71,49,0,]
2021-03-19 16:18:32,683 INFO  [Thread-0-SendThread(localhost:2181)] org.apache.zookeeper.ClientCnxn: Session establishment complete on server localhost/127.0.0.1:2181, session id = 0x10014bd527001eb, negotiated timeout = 4000
2021-03-19 16:18:32,685 DEBUG [Thread-0-EventThread] root: ZK event: 
2021-03-19 16:18:32,686 DEBUG [Thread-0-EventThread] root: WatchedEvent state:SyncConnected type:None path:null
2021-03-19 16:18:32,714 DEBUG [Thread-0-SendThread(localhost:2181)] org.apache.zookeeper.ClientCnxn: Reading reply session id: 0x10014bd527001eb, packet:: clientPath:null serverPath:null finished:false header:: 1,1  replyHeader:: 1,1592,0  request:: '/keeper/server113,,v{s{31,s{'world,'anyone}}},1  response:: '/keeper/server113 
2021-03-19 16:18:32,719 DEBUG [Thread-0-SendThread(localhost:2181)] org.apache.zookeeper.ClientCnxn: Reading reply session id: 0x10014bd527001eb, packet:: clientPath:null serverPath:null finished:false header:: 2,3  replyHeader:: 2,1592,0  request:: '/keeper/server113,T  response:: s{1592,1592,1616185112686,1616185112686,0,0,0,72080397402374635,0,0,1592} 
2021-03-19 16:18:32,746 DEBUG [Thread-0-SendThread(localhost:2181)] org.apache.zookeeper.ClientCnxn: Got notification session id: 0x10014bd527001eb
2021-03-19 16:18:32,747 DEBUG [Thread-0-SendThread(localhost:2181)] org.apache.zookeeper.ClientCnxn: Got WatchedEvent state:SyncConnected type:NodeDataChanged path:/keeper/server113 for session id 0x10014bd527001eb
2021-03-19 16:18:32,748 DEBUG [Thread-0-EventThread] root: ZK event: 
2021-03-19 16:18:32,749 DEBUG [Thread-0-EventThread] root: WatchedEvent state:SyncConnected type:NodeDataChanged path:/keeper/server113
2021-03-19 16:18:32,749 DEBUG [Thread-0-SendThread(localhost:2181)] org.apache.zookeeper.ClientCnxn: Reading reply session id: 0x10014bd527001eb, packet:: clientPath:null serverPath:null finished:false header:: 3,5  replyHeader:: 3,1593,0  request:: '/keeper/server113,#3132372e302e302e313a3530313132,0  response:: s{1592,1593,1616185112686,1616185112720,1,0,0,72080397402374635,15,0,1592} 
2021-03-19 16:18:32,749 INFO  [Thread-0] root: Node created at: /keeper/server113
Starting commModule
2021-03-19 16:18:32,757 INFO  [Thread-0] root: Server communication module connected
2021-03-19 16:18:32,757 INFO  [Thread-0] root: Connected to localhost on port 62461
2021-03-19 16:18:32,765 INFO  [Thread-1] root: Message received by server -> Status: INIT_SERVER
received adminmsg
2021-03-19 16:18:32,766 INFO  [Thread-1] root: Message sent by server -> Status: INIT_SERVER_SUCCESS
2021-03-19 16:18:32,767 INFO  [Thread-1] root: Message received by server -> Status: START
received adminmsg
2021-03-19 16:18:32,767 INFO  [Thread-1] root: Message sent by server -> Status: START_SUCCESS
Starting commModule
2021-03-19 16:18:32,808 INFO  [Thread-0] root: Server communication module connected
2021-03-19 16:18:32,808 INFO  [Thread-0] root: Connected to localhost on port 62482
Starting commModule
2021-03-19 16:18:32,811 INFO  [Thread-0] root: Server communication module connected
2021-03-19 16:18:32,812 INFO  [Thread-0] root: Connected to localhost on port 62484
Starting commModule
2021-03-19 16:18:32,814 INFO  [Thread-0] root: Server communication module connected
2021-03-19 16:18:32,815 INFO  [Thread-0] root: Connected to localhost on port 62487
Starting commModule
2021-03-19 16:18:32,832 INFO  [Thread-0] root: Server communication module connected
2021-03-19 16:18:32,832 INFO  [Thread-0] root: Connected to localhost on port 62494
2021-03-19 16:18:32,834 INFO  [Thread-5] root: Message received by server -> Status: UPDATE
received adminmsg
2021-03-19 16:18:32,835 INFO  [Thread-5] root: Message sent by server -> Status: UPDATE_SUCCESS
Starting commModule
2021-03-19 16:18:32,853 INFO  [Thread-0] root: Server communication module connected
2021-03-19 16:18:32,855 INFO  [Thread-0] root: Connected to localhost on port 62509
Starting commModule
2021-03-19 16:18:32,860 INFO  [Thread-0] root: Server communication module connected
2021-03-19 16:18:32,861 INFO  [Thread-0] root: Connected to localhost on port 62511
Starting commModule
2021-03-19 16:18:32,861 INFO  [Thread-0] root: Server communication module connected
2021-03-19 16:18:32,862 INFO  [Thread-0] root: Connected to localhost on port 62513
2021-03-19 16:18:32,863 INFO  [Thread-8] root: Message received by server -> Status: PROPAGATE_ADMIN
received adminmsg
2021-03-19 16:18:32,868 DEBUG [Thread-8] root: Getting successors
2021-03-19 16:18:32,868 DEBUG [Thread-8] root: Got successors
2021-03-19 16:18:32,868 DEBUG [Thread-8] root: Propagating to: 127.0.0.1:50025 127.0.0.1:50126
2021-03-19 16:18:32,870 INFO  [Thread-8] root: Client communication module connected
2021-03-19 16:18:32,871 INFO  [Thread-8] root: Client communication module connected
2021-03-19 16:18:32,871 DEBUG [Thread-8] root: {}
2021-03-19 16:18:32,872 INFO  [Thread-8] root: Message sent by server -> Status: PROPAGATE_SUCCESS
Starting commModule
2021-03-19 16:18:33,389 INFO  [Thread-0] root: Server communication module connected
2021-03-19 16:18:33,390 INFO  [Thread-0] root: Connected to localhost on port 62525
2021-03-19 16:18:33,391 INFO  [Thread-9] root: Message received by server -> Status: UPDATE
received adminmsg
2021-03-19 16:18:33,392 INFO  [Thread-9] root: Message sent by server -> Status: UPDATE_SUCCESS
Starting commModule
2021-03-19 16:18:33,412 INFO  [Thread-0] root: Server communication module connected
2021-03-19 16:18:33,413 INFO  [Thread-0] root: Connected to localhost on port 62542
Starting commModule
2021-03-19 16:18:33,413 INFO  [Thread-0] root: Server communication module connected
2021-03-19 16:18:33,414 INFO  [Thread-0] root: Connected to localhost on port 62544
2021-03-19 16:18:33,415 INFO  [Thread-11] root: Message received by server -> Status: PROPAGATE_ADMIN
received adminmsg
2021-03-19 16:18:33,415 DEBUG [Thread-11] root: Getting successors
2021-03-19 16:18:33,415 DEBUG [Thread-11] root: Got successors
2021-03-19 16:18:33,415 DEBUG [Thread-11] root: Propagating to: 127.0.0.1:50025 127.0.0.1:50126
2021-03-19 16:18:33,416 INFO  [Thread-11] root: Client communication module connected
2021-03-19 16:18:33,416 INFO  [Thread-11] root: Client communication module connected
2021-03-19 16:18:33,416 DEBUG [Thread-11] root: {}
2021-03-19 16:18:33,417 INFO  [Thread-11] root: Message sent by server -> Status: PROPAGATE_SUCCESS
Starting commModule
2021-03-19 16:18:33,435 INFO  [Thread-0] root: Server communication module connected
2021-03-19 16:18:33,435 INFO  [Thread-0] root: Connected to localhost on port 62555
2021-03-19 16:18:33,436 INFO  [Thread-12] root: Message received by server -> Status: UPDATE
received adminmsg
2021-03-19 16:18:33,437 INFO  [Thread-12] root: Message sent by server -> Status: UPDATE_SUCCESS
Starting commModule
2021-03-19 16:18:33,460 INFO  [Thread-0] root: Server communication module connected
2021-03-19 16:18:33,461 INFO  [Thread-0] root: Connected to localhost on port 62573
Starting commModule
2021-03-19 16:18:33,462 INFO  [Thread-0] root: Server communication module connected
2021-03-19 16:18:33,462 INFO  [Thread-0] root: Connected to localhost on port 62575
2021-03-19 16:18:33,463 INFO  [Thread-14] root: Message received by server -> Status: PROPAGATE_ADMIN
received adminmsg
2021-03-19 16:18:33,463 DEBUG [Thread-14] root: Getting successors
2021-03-19 16:18:33,463 DEBUG [Thread-14] root: Got successors
2021-03-19 16:18:33,464 DEBUG [Thread-14] root: Propagating to: 127.0.0.1:50025 127.0.0.1:50126
2021-03-19 16:18:33,464 INFO  [Thread-14] root: Client communication module connected
2021-03-19 16:18:33,465 INFO  [Thread-14] root: Client communication module connected
2021-03-19 16:18:33,465 DEBUG [Thread-14] root: {}
2021-03-19 16:18:33,465 INFO  [Thread-14] root: Message sent by server -> Status: PROPAGATE_SUCCESS
Starting commModule
2021-03-19 16:18:33,476 INFO  [Thread-0] root: Server communication module connected
2021-03-19 16:18:33,476 INFO  [Thread-0] root: Connected to localhost on port 62580
Starting commModule
2021-03-19 16:18:33,493 INFO  [Thread-0] root: Server communication module connected
2021-03-19 16:18:33,494 INFO  [Thread-0] root: Connected to localhost on port 62582
2021-03-19 16:18:33,498 INFO  [Thread-16] root: Message received by server -> Status: GET_METADATA Key: nothing Value: nothing
2021-03-19 16:18:33,499 DEBUG [Thread-16] root: In serve
2021-03-19 16:18:33,500 DEBUG [Thread-16] root: Checking if stopped or write locked
2021-03-19 16:18:33,500 DEBUG [Thread-16] root: Case GET_METADATA
2021-03-19 16:18:33,512 INFO  [Thread-16] root: Message sent by server -> Status: GET_METADATA_SUCCESS Key: nothing Value: nothing
2021-03-19 16:18:33,526 INFO  [Thread-16] root: Message received by server -> Status: PUT Key: 1 Value: MNS1
2021-03-19 16:18:33,526 DEBUG [Thread-16] root: In serve
2021-03-19 16:18:33,526 DEBUG [Thread-16] root: Checking if stopped or write locked
2021-03-19 16:18:33,526 DEBUG [Thread-16] root: PUT request being served
2021-03-19 16:18:33,527 DEBUG [Thread-16] root: Checking if it's in range
2021-03-19 16:18:33,528 DEBUG [Thread-16] root: Got hostname and port -> 127.0.0.1:50112
2021-03-19 16:18:33,528 DEBUG [Thread-16] root: Got metadata range: a98109598267087dfc364fae4cf24579:dcb02541303d7b0586a5702052e3c056
2021-03-19 16:18:33,529 DEBUG [Thread-16] root: 127.0.0.1:50126 -> 13b6d158f03306a6650174d3adf797ad:3f72e738a18e008de24dc31b1c10e52d
2021-03-19 16:18:33,529 DEBUG [Thread-16] root: 127.0.0.1:50115 -> 61ea39762561746102a66ebc0eea7bee:85ddbeae77d3dc962bfb48fdaadc7494
2021-03-19 16:18:33,529 DEBUG [Thread-16] root: 127.0.0.1:50015 -> 85ddbeae77d3dc962bfb48fdaadc7495:97afa5de704f8bf6297962a5f800476d
2021-03-19 16:18:33,529 DEBUG [Thread-16] root: 127.0.0.1:50025 -> dcb02541303d7b0586a5702052e3c057:13b6d158f03306a6650174d3adf797ac
2021-03-19 16:18:33,529 DEBUG [Thread-16] root: 127.0.0.1:50003 -> 9efa48c7a65ce701f7d47cdddd38f9b1:a98109598267087dfc364fae4cf24578
2021-03-19 16:18:33,529 DEBUG [Thread-16] root: 127.0.0.1:50112 -> a98109598267087dfc364fae4cf24579:dcb02541303d7b0586a5702052e3c056
2021-03-19 16:18:33,529 DEBUG [Thread-16] root: 127.0.0.1:50081 -> 3f72e738a18e008de24dc31b1c10e52e:61ea39762561746102a66ebc0eea7bed
2021-03-19 16:18:33,529 DEBUG [Thread-16] root: 127.0.0.1:50092 -> 97afa5de704f8bf6297962a5f800476e:9efa48c7a65ce701f7d47cdddd38f9b0
2021-03-19 16:18:33,529 DEBUG [Thread-16] root: Got range big ints
2021-03-19 16:18:33,529 DEBUG [Thread-16] root: Range start < range end
2021-03-19 16:18:33,529 DEBUG [Thread-16] root: Done with range check in server
2021-03-19 16:18:33,529 DEBUG [Thread-16] root: In range
2021-03-19 16:18:33,529 INFO  [Thread-16] root: Put: key = 1, value = MNS1
2021-03-19 16:18:33,530 DEBUG [Thread-16] root: Getting successors
2021-03-19 16:18:33,530 DEBUG [Thread-16] root: Got successors
2021-03-19 16:18:33,531 DEBUG [Thread-16] root: Propagating to: 127.0.0.1:50025 127.0.0.1:50126
2021-03-19 16:18:33,531 INFO  [Thread-16] root: Client communication module connected
2021-03-19 16:18:33,533 INFO  [Thread-16] root: Client communication module connected
2021-03-19 16:18:33,533 DEBUG [Thread-16] root: {"1":"MNS1"}
2021-03-19 16:18:33,536 INFO  [Thread-16] root: Message sent by client -> Status: PROPAGATE
2021-03-19 16:18:33,536 INFO  [Thread-16] root: Message sent by client -> Status: PROPAGATE
2021-03-19 16:18:33,544 INFO  [Thread-16] root: Message received by client -> Status: PROPAGATE_SUCCESS Key: null Value: null
2021-03-19 16:18:33,546 INFO  [Thread-16] root: Message received by client -> Status: PROPAGATE_SUCCESS Key: null Value: null
2021-03-19 16:18:33,546 INFO  [Thread-16] root: Message sent by server -> Status: PUT_SUCCESS Key: 1 Value: MNS1
2021-03-19 16:18:33,547 INFO  [Thread-16] root: Message received by server -> Status: PUT Key: 2 Value: MNS2
2021-03-19 16:18:33,547 DEBUG [Thread-16] root: In serve
2021-03-19 16:18:33,547 DEBUG [Thread-16] root: Checking if stopped or write locked
2021-03-19 16:18:33,548 DEBUG [Thread-16] root: PUT request being served
2021-03-19 16:18:33,548 DEBUG [Thread-16] root: Checking if it's in range
2021-03-19 16:18:33,548 DEBUG [Thread-16] root: Got hostname and port -> 127.0.0.1:50112
2021-03-19 16:18:33,548 DEBUG [Thread-16] root: Got metadata range: a98109598267087dfc364fae4cf24579:dcb02541303d7b0586a5702052e3c056
2021-03-19 16:18:33,548 DEBUG [Thread-16] root: 127.0.0.1:50126 -> 13b6d158f03306a6650174d3adf797ad:3f72e738a18e008de24dc31b1c10e52d
2021-03-19 16:18:33,548 DEBUG [Thread-16] root: 127.0.0.1:50115 -> 61ea39762561746102a66ebc0eea7bee:85ddbeae77d3dc962bfb48fdaadc7494
2021-03-19 16:18:33,548 DEBUG [Thread-16] root: 127.0.0.1:50015 -> 85ddbeae77d3dc962bfb48fdaadc7495:97afa5de704f8bf6297962a5f800476d
2021-03-19 16:18:33,549 DEBUG [Thread-16] root: 127.0.0.1:50025 -> dcb02541303d7b0586a5702052e3c057:13b6d158f03306a6650174d3adf797ac
2021-03-19 16:18:33,549 DEBUG [Thread-16] root: 127.0.0.1:50003 -> 9efa48c7a65ce701f7d47cdddd38f9b1:a98109598267087dfc364fae4cf24578
2021-03-19 16:18:33,549 DEBUG [Thread-16] root: 127.0.0.1:50112 -> a98109598267087dfc364fae4cf24579:dcb02541303d7b0586a5702052e3c056
2021-03-19 16:18:33,549 DEBUG [Thread-16] root: 127.0.0.1:50081 -> 3f72e738a18e008de24dc31b1c10e52e:61ea39762561746102a66ebc0eea7bed
2021-03-19 16:18:33,549 DEBUG [Thread-16] root: 127.0.0.1:50092 -> 97afa5de704f8bf6297962a5f800476e:9efa48c7a65ce701f7d47cdddd38f9b0
2021-03-19 16:18:33,549 DEBUG [Thread-16] root: Got range big ints
2021-03-19 16:18:33,549 DEBUG [Thread-16] root: Range start < range end
2021-03-19 16:18:33,549 DEBUG [Thread-16] root: Done with range check in server
2021-03-19 16:18:33,549 DEBUG [Thread-16] root: In range
2021-03-19 16:18:33,549 INFO  [Thread-16] root: Put: key = 2, value = MNS2
2021-03-19 16:18:33,550 DEBUG [Thread-16] root: Getting successors
2021-03-19 16:18:33,550 DEBUG [Thread-16] root: Got successors
2021-03-19 16:18:33,551 DEBUG [Thread-16] root: Propagating to: 127.0.0.1:50025 127.0.0.1:50126
2021-03-19 16:18:33,551 INFO  [Thread-16] root: Client communication module connected
2021-03-19 16:18:33,552 INFO  [Thread-16] root: Client communication module connected
2021-03-19 16:18:33,552 DEBUG [Thread-16] root: {"2":"MNS2"}
2021-03-19 16:18:33,552 INFO  [Thread-16] root: Message sent by client -> Status: PROPAGATE
2021-03-19 16:18:33,553 INFO  [Thread-16] root: Message sent by client -> Status: PROPAGATE
2021-03-19 16:18:33,555 INFO  [Thread-16] root: Message received by client -> Status: PROPAGATE_SUCCESS Key: null Value: null
2021-03-19 16:18:33,556 INFO  [Thread-16] root: Message received by client -> Status: PROPAGATE_SUCCESS Key: null Value: null
2021-03-19 16:18:33,556 INFO  [Thread-16] root: Message sent by server -> Status: PUT_SUCCESS Key: 2 Value: MNS2
Starting commModule
2021-03-19 16:18:33,610 INFO  [Thread-0] root: Server communication module connected
2021-03-19 16:18:33,612 INFO  [Thread-0] root: Connected to localhost on port 62591
2021-03-19 16:18:33,615 INFO  [Thread-17] root: Message received by server -> Status: PROPAGATE
2021-03-19 16:18:33,615 DEBUG [Thread-17] root: In serve
2021-03-19 16:18:33,615 DEBUG [Thread-17] root: Checking if stopped or write locked
2021-03-19 16:18:33,615 DEBUG [Thread-17] root: Case propagate
2021-03-19 16:18:33,615 DEBUG [Thread-17] root: Passing to server
2021-03-19 16:18:33,615 DEBUG [Thread-17] root: Getting Predecessors
2021-03-19 16:18:33,615 DEBUG [Thread-17] root: Looking for 127.0.0.1:50112
2021-03-19 16:18:33,615 DEBUG [Thread-17] root: [127.0.0.1:50025, 127.0.0.1:50126, 127.0.0.1:50081, 127.0.0.1:50115, 127.0.0.1:50015, 127.0.0.1:50092, 127.0.0.1:50003, 127.0.0.1:50112]
2021-03-19 16:18:33,615 DEBUG [Thread-17] root: Predecessors:
2021-03-19 16:18:33,615 DEBUG [Thread-17] root: [127.0.0.1:50092, 127.0.0.1:50003]
2021-03-19 16:18:33,616 DEBUG [Thread-17] root: Looking for 127.0.0.1:50003
2021-03-19 16:18:33,616 DEBUG [Thread-17] root: Index of predecessor: 1
2021-03-19 16:18:33,616 DEBUG [Thread-17] root: Server Stuff
2021-03-19 16:18:33,616 INFO  [Thread-17] root: Put: key = 4, value = MNS4
2021-03-19 16:18:33,617 INFO  [Thread-17] root: Message sent by server -> Status: PROPAGATE_SUCCESS Key: null Value: null
Starting commModule
2021-03-19 16:18:33,717 INFO  [Thread-0] root: Server communication module connected
2021-03-19 16:18:33,719 INFO  [Thread-18] root: Message received by server -> Status: GET_METADATA Key: nothing Value: nothing
2021-03-19 16:18:33,719 DEBUG [Thread-18] root: In serve
2021-03-19 16:18:33,719 DEBUG [Thread-18] root: Checking if stopped or write locked
2021-03-19 16:18:33,719 DEBUG [Thread-18] root: Case GET_METADATA
2021-03-19 16:18:33,719 INFO  [Thread-0] root: Connected to localhost on port 62602
2021-03-19 16:18:33,720 INFO  [Thread-18] root: Message sent by server -> Status: GET_METADATA_SUCCESS Key: nothing Value: nothing
2021-03-19 16:18:33,721 INFO  [Thread-18] root: Message received by server -> Status: PUT Key: 8 Value: MNS8
2021-03-19 16:18:33,721 DEBUG [Thread-18] root: In serve
2021-03-19 16:18:33,721 DEBUG [Thread-18] root: Checking if stopped or write locked
2021-03-19 16:18:33,721 DEBUG [Thread-18] root: PUT request being served
2021-03-19 16:18:33,721 DEBUG [Thread-18] root: Checking if it's in range
2021-03-19 16:18:33,722 DEBUG [Thread-18] root: Got hostname and port -> 127.0.0.1:50112
2021-03-19 16:18:33,722 DEBUG [Thread-18] root: Got metadata range: a98109598267087dfc364fae4cf24579:dcb02541303d7b0586a5702052e3c056
2021-03-19 16:18:33,722 DEBUG [Thread-18] root: 127.0.0.1:50126 -> 13b6d158f03306a6650174d3adf797ad:3f72e738a18e008de24dc31b1c10e52d
2021-03-19 16:18:33,722 DEBUG [Thread-18] root: 127.0.0.1:50115 -> 61ea39762561746102a66ebc0eea7bee:85ddbeae77d3dc962bfb48fdaadc7494
2021-03-19 16:18:33,722 DEBUG [Thread-18] root: 127.0.0.1:50015 -> 85ddbeae77d3dc962bfb48fdaadc7495:97afa5de704f8bf6297962a5f800476d
2021-03-19 16:18:33,722 DEBUG [Thread-18] root: 127.0.0.1:50025 -> dcb02541303d7b0586a5702052e3c057:13b6d158f03306a6650174d3adf797ac
2021-03-19 16:18:33,722 DEBUG [Thread-18] root: 127.0.0.1:50003 -> 9efa48c7a65ce701f7d47cdddd38f9b1:a98109598267087dfc364fae4cf24578
2021-03-19 16:18:33,722 DEBUG [Thread-18] root: 127.0.0.1:50112 -> a98109598267087dfc364fae4cf24579:dcb02541303d7b0586a5702052e3c056
2021-03-19 16:18:33,722 DEBUG [Thread-18] root: 127.0.0.1:50081 -> 3f72e738a18e008de24dc31b1c10e52e:61ea39762561746102a66ebc0eea7bed
2021-03-19 16:18:33,722 DEBUG [Thread-18] root: 127.0.0.1:50092 -> 97afa5de704f8bf6297962a5f800476e:9efa48c7a65ce701f7d47cdddd38f9b0
2021-03-19 16:18:33,722 DEBUG [Thread-18] root: Got range big ints
2021-03-19 16:18:33,722 DEBUG [Thread-18] root: Range start < range end
2021-03-19 16:18:33,722 DEBUG [Thread-18] root: Done with range check in server
2021-03-19 16:18:33,722 DEBUG [Thread-18] root: In range
2021-03-19 16:18:33,723 INFO  [Thread-18] root: Put: key = 8, value = MNS8
2021-03-19 16:18:33,723 DEBUG [Thread-18] root: Getting successors
2021-03-19 16:18:33,724 DEBUG [Thread-18] root: Got successors
2021-03-19 16:18:33,724 DEBUG [Thread-18] root: Propagating to: 127.0.0.1:50025 127.0.0.1:50126
2021-03-19 16:18:33,724 INFO  [Thread-18] root: Client communication module connected
2021-03-19 16:18:33,725 INFO  [Thread-18] root: Client communication module connected
2021-03-19 16:18:33,725 DEBUG [Thread-18] root: {"8":"MNS8"}
2021-03-19 16:18:33,727 INFO  [Thread-18] root: Message sent by client -> Status: PROPAGATE
2021-03-19 16:18:33,730 INFO  [Thread-18] root: Message sent by client -> Status: PROPAGATE
2021-03-19 16:18:33,732 INFO  [Thread-18] root: Message received by client -> Status: PROPAGATE_SUCCESS Key: null Value: null
2021-03-19 16:18:33,732 INFO  [Thread-18] root: Message received by client -> Status: PROPAGATE_SUCCESS Key: null Value: null
2021-03-19 16:18:33,733 INFO  [Thread-18] root: Message sent by server -> Status: PUT_SUCCESS Key: 8 Value: MNS8
Starting commModule
2021-03-19 16:18:33,752 INFO  [Thread-0] root: Server communication module connected
2021-03-19 16:18:33,753 INFO  [Thread-0] root: Connected to localhost on port 62608
2021-03-19 16:18:33,754 INFO  [Thread-19] root: Message received by server -> Status: GET_METADATA Key: nothing Value: nothing
2021-03-19 16:18:33,754 DEBUG [Thread-19] root: In serve
2021-03-19 16:18:33,754 DEBUG [Thread-19] root: Checking if stopped or write locked
2021-03-19 16:18:33,754 DEBUG [Thread-19] root: Case GET_METADATA
2021-03-19 16:18:33,755 INFO  [Thread-19] root: Message sent by server -> Status: GET_METADATA_SUCCESS Key: nothing Value: nothing
2021-03-19 16:18:33,755 INFO  [Thread-19] root: Message received by server -> Status: PUT Key: 10 Value: MNS10
2021-03-19 16:18:33,756 DEBUG [Thread-19] root: In serve
2021-03-19 16:18:33,756 DEBUG [Thread-19] root: Checking if stopped or write locked
2021-03-19 16:18:33,756 DEBUG [Thread-19] root: PUT request being served
2021-03-19 16:18:33,756 DEBUG [Thread-19] root: Checking if it's in range
2021-03-19 16:18:33,756 DEBUG [Thread-19] root: Got hostname and port -> 127.0.0.1:50112
2021-03-19 16:18:33,756 DEBUG [Thread-19] root: Got metadata range: a98109598267087dfc364fae4cf24579:dcb02541303d7b0586a5702052e3c056
2021-03-19 16:18:33,756 DEBUG [Thread-19] root: 127.0.0.1:50126 -> 13b6d158f03306a6650174d3adf797ad:3f72e738a18e008de24dc31b1c10e52d
2021-03-19 16:18:33,756 DEBUG [Thread-19] root: 127.0.0.1:50115 -> 61ea39762561746102a66ebc0eea7bee:85ddbeae77d3dc962bfb48fdaadc7494
2021-03-19 16:18:33,756 DEBUG [Thread-19] root: 127.0.0.1:50015 -> 85ddbeae77d3dc962bfb48fdaadc7495:97afa5de704f8bf6297962a5f800476d
2021-03-19 16:18:33,756 DEBUG [Thread-19] root: 127.0.0.1:50025 -> dcb02541303d7b0586a5702052e3c057:13b6d158f03306a6650174d3adf797ac
2021-03-19 16:18:33,756 DEBUG [Thread-19] root: 127.0.0.1:50003 -> 9efa48c7a65ce701f7d47cdddd38f9b1:a98109598267087dfc364fae4cf24578
2021-03-19 16:18:33,756 DEBUG [Thread-19] root: 127.0.0.1:50112 -> a98109598267087dfc364fae4cf24579:dcb02541303d7b0586a5702052e3c056
2021-03-19 16:18:33,756 DEBUG [Thread-19] root: 127.0.0.1:50081 -> 3f72e738a18e008de24dc31b1c10e52e:61ea39762561746102a66ebc0eea7bed
2021-03-19 16:18:33,756 DEBUG [Thread-19] root: 127.0.0.1:50092 -> 97afa5de704f8bf6297962a5f800476e:9efa48c7a65ce701f7d47cdddd38f9b0
2021-03-19 16:18:33,756 DEBUG [Thread-19] root: Got range big ints
2021-03-19 16:18:33,756 DEBUG [Thread-19] root: Range start < range end
2021-03-19 16:18:33,756 DEBUG [Thread-19] root: Done with range check in server
2021-03-19 16:18:33,757 DEBUG [Thread-19] root: In range
2021-03-19 16:18:33,757 INFO  [Thread-19] root: Put: key = 10, value = MNS10
2021-03-19 16:18:33,758 DEBUG [Thread-19] root: Getting successors
2021-03-19 16:18:33,758 DEBUG [Thread-19] root: Got successors
2021-03-19 16:18:33,758 DEBUG [Thread-19] root: Propagating to: 127.0.0.1:50025 127.0.0.1:50126
2021-03-19 16:18:33,759 INFO  [Thread-19] root: Client communication module connected
2021-03-19 16:18:33,760 INFO  [Thread-19] root: Client communication module connected
2021-03-19 16:18:33,760 DEBUG [Thread-19] root: {"10":"MNS10"}
2021-03-19 16:18:33,761 INFO  [Thread-19] root: Message sent by client -> Status: PROPAGATE
2021-03-19 16:18:33,762 INFO  [Thread-19] root: Message sent by client -> Status: PROPAGATE
2021-03-19 16:18:33,788 INFO  [Thread-19] root: Message received by client -> Status: PROPAGATE_SUCCESS Key: null Value: null
2021-03-19 16:18:33,791 INFO  [Thread-19] root: Message received by client -> Status: PROPAGATE_SUCCESS Key: null Value: null
2021-03-19 16:18:33,791 INFO  [Thread-19] root: Message sent by server -> Status: PUT_SUCCESS Key: 10 Value: MNS10
Starting commModule
2021-03-19 16:18:33,875 INFO  [Thread-0] root: Server communication module connected
2021-03-19 16:18:33,876 INFO  [Thread-0] root: Connected to localhost on port 62618
2021-03-19 16:18:33,877 INFO  [Thread-20] root: Message received by server -> Status: GET_METADATA Key: nothing Value: nothing
2021-03-19 16:18:33,877 DEBUG [Thread-20] root: In serve
2021-03-19 16:18:33,877 DEBUG [Thread-20] root: Checking if stopped or write locked
2021-03-19 16:18:33,877 DEBUG [Thread-20] root: Case GET_METADATA
2021-03-19 16:18:33,878 INFO  [Thread-20] root: Message sent by server -> Status: GET_METADATA_SUCCESS Key: nothing Value: nothing
2021-03-19 16:18:33,878 INFO  [Thread-20] root: Message received by server -> Status: PUT Key: 1 Value: null
2021-03-19 16:18:33,878 DEBUG [Thread-20] root: In serve
2021-03-19 16:18:33,878 DEBUG [Thread-20] root: Checking if stopped or write locked
2021-03-19 16:18:33,878 DEBUG [Thread-20] root: PUT request being served
2021-03-19 16:18:33,878 DEBUG [Thread-20] root: Checking if it's in range
2021-03-19 16:18:33,878 DEBUG [Thread-20] root: Got hostname and port -> 127.0.0.1:50112
2021-03-19 16:18:33,878 DEBUG [Thread-20] root: Got metadata range: a98109598267087dfc364fae4cf24579:dcb02541303d7b0586a5702052e3c056
2021-03-19 16:18:33,878 DEBUG [Thread-20] root: 127.0.0.1:50126 -> 13b6d158f03306a6650174d3adf797ad:3f72e738a18e008de24dc31b1c10e52d
2021-03-19 16:18:33,878 DEBUG [Thread-20] root: 127.0.0.1:50115 -> 61ea39762561746102a66ebc0eea7bee:85ddbeae77d3dc962bfb48fdaadc7494
2021-03-19 16:18:33,878 DEBUG [Thread-20] root: 127.0.0.1:50015 -> 85ddbeae77d3dc962bfb48fdaadc7495:97afa5de704f8bf6297962a5f800476d
2021-03-19 16:18:33,878 DEBUG [Thread-20] root: 127.0.0.1:50025 -> dcb02541303d7b0586a5702052e3c057:13b6d158f03306a6650174d3adf797ac
2021-03-19 16:18:33,878 DEBUG [Thread-20] root: 127.0.0.1:50003 -> 9efa48c7a65ce701f7d47cdddd38f9b1:a98109598267087dfc364fae4cf24578
2021-03-19 16:18:33,878 DEBUG [Thread-20] root: 127.0.0.1:50112 -> a98109598267087dfc364fae4cf24579:dcb02541303d7b0586a5702052e3c056
2021-03-19 16:18:33,878 DEBUG [Thread-20] root: 127.0.0.1:50081 -> 3f72e738a18e008de24dc31b1c10e52e:61ea39762561746102a66ebc0eea7bed
2021-03-19 16:18:33,878 DEBUG [Thread-20] root: 127.0.0.1:50092 -> 97afa5de704f8bf6297962a5f800476e:9efa48c7a65ce701f7d47cdddd38f9b0
2021-03-19 16:18:33,879 DEBUG [Thread-20] root: Got range big ints
2021-03-19 16:18:33,879 DEBUG [Thread-20] root: Range start < range end
2021-03-19 16:18:33,879 DEBUG [Thread-20] root: Done with range check in server
2021-03-19 16:18:33,879 DEBUG [Thread-20] root: In range
2021-03-19 16:18:33,879 INFO  [Thread-20] root: Delete: key = 1
2021-03-19 16:18:33,879 INFO  [Thread-20] root: Updating storage
2021-03-19 16:18:33,879 DEBUG [Thread-20] root: Getting successors
2021-03-19 16:18:33,879 DEBUG [Thread-20] root: Got successors
2021-03-19 16:18:33,879 DEBUG [Thread-20] root: Propagating to: 127.0.0.1:50025 127.0.0.1:50126
2021-03-19 16:18:33,880 INFO  [Thread-20] root: Client communication module connected
2021-03-19 16:18:33,881 INFO  [Thread-20] root: Client communication module connected
2021-03-19 16:18:33,881 DEBUG [Thread-20] root: {"1":null}
2021-03-19 16:18:33,881 INFO  [Thread-20] root: Message sent by client -> Status: PROPAGATE
2021-03-19 16:18:33,882 INFO  [Thread-20] root: Message sent by client -> Status: PROPAGATE
2021-03-19 16:18:33,884 INFO  [Thread-20] root: Message received by client -> Status: PROPAGATE_SUCCESS Key: null Value: null
2021-03-19 16:18:33,884 INFO  [Thread-20] root: Message received by client -> Status: PROPAGATE_SUCCESS Key: null Value: null
2021-03-19 16:18:33,885 INFO  [Thread-20] root: Message sent by server -> Status: DELETE_SUCCESS Key: 1 Value: null
2021-03-19 16:18:33,885 INFO  [Thread-20] root: Message received by server -> Status: PUT Key: 2 Value: null
2021-03-19 16:18:33,885 DEBUG [Thread-20] root: In serve
2021-03-19 16:18:33,885 DEBUG [Thread-20] root: Checking if stopped or write locked
2021-03-19 16:18:33,886 DEBUG [Thread-20] root: PUT request being served
2021-03-19 16:18:33,886 DEBUG [Thread-20] root: Checking if it's in range
2021-03-19 16:18:33,886 DEBUG [Thread-20] root: Got hostname and port -> 127.0.0.1:50112
2021-03-19 16:18:33,886 DEBUG [Thread-20] root: Got metadata range: a98109598267087dfc364fae4cf24579:dcb02541303d7b0586a5702052e3c056
2021-03-19 16:18:33,886 DEBUG [Thread-20] root: 127.0.0.1:50126 -> 13b6d158f03306a6650174d3adf797ad:3f72e738a18e008de24dc31b1c10e52d
2021-03-19 16:18:33,886 DEBUG [Thread-20] root: 127.0.0.1:50115 -> 61ea39762561746102a66ebc0eea7bee:85ddbeae77d3dc962bfb48fdaadc7494
2021-03-19 16:18:33,886 DEBUG [Thread-20] root: 127.0.0.1:50015 -> 85ddbeae77d3dc962bfb48fdaadc7495:97afa5de704f8bf6297962a5f800476d
2021-03-19 16:18:33,886 DEBUG [Thread-20] root: 127.0.0.1:50025 -> dcb02541303d7b0586a5702052e3c057:13b6d158f03306a6650174d3adf797ac
2021-03-19 16:18:33,886 DEBUG [Thread-20] root: 127.0.0.1:50003 -> 9efa48c7a65ce701f7d47cdddd38f9b1:a98109598267087dfc364fae4cf24578
2021-03-19 16:18:33,886 DEBUG [Thread-20] root: 127.0.0.1:50112 -> a98109598267087dfc364fae4cf24579:dcb02541303d7b0586a5702052e3c056
2021-03-19 16:18:33,886 DEBUG [Thread-20] root: 127.0.0.1:50081 -> 3f72e738a18e008de24dc31b1c10e52e:61ea39762561746102a66ebc0eea7bed
2021-03-19 16:18:33,886 DEBUG [Thread-20] root: 127.0.0.1:50092 -> 97afa5de704f8bf6297962a5f800476e:9efa48c7a65ce701f7d47cdddd38f9b0
2021-03-19 16:18:33,886 DEBUG [Thread-20] root: Got range big ints
2021-03-19 16:18:33,886 DEBUG [Thread-20] root: Range start < range end
2021-03-19 16:18:33,886 DEBUG [Thread-20] root: Done with range check in server
2021-03-19 16:18:33,886 DEBUG [Thread-20] root: In range
2021-03-19 16:18:33,886 INFO  [Thread-20] root: Delete: key = 2
2021-03-19 16:18:33,887 INFO  [Thread-20] root: Updating storage
2021-03-19 16:18:33,887 DEBUG [Thread-20] root: Getting successors
2021-03-19 16:18:33,887 DEBUG [Thread-20] root: Got successors
2021-03-19 16:18:33,887 DEBUG [Thread-20] root: Propagating to: 127.0.0.1:50025 127.0.0.1:50126
2021-03-19 16:18:33,887 INFO  [Thread-20] root: Client communication module connected
2021-03-19 16:18:33,888 INFO  [Thread-20] root: Client communication module connected
2021-03-19 16:18:33,888 DEBUG [Thread-20] root: {"2":null}
2021-03-19 16:18:33,889 INFO  [Thread-20] root: Message sent by client -> Status: PROPAGATE
2021-03-19 16:18:33,889 INFO  [Thread-20] root: Message sent by client -> Status: PROPAGATE
2021-03-19 16:18:33,895 INFO  [Thread-20] root: Message received by client -> Status: PROPAGATE_SUCCESS Key: null Value: null
2021-03-19 16:18:33,896 INFO  [Thread-20] root: Message received by client -> Status: PROPAGATE_SUCCESS Key: null Value: null
2021-03-19 16:18:33,897 INFO  [Thread-20] root: Message sent by server -> Status: DELETE_SUCCESS Key: 2 Value: null
Starting commModule
2021-03-19 16:18:33,915 INFO  [Thread-0] root: Server communication module connected
2021-03-19 16:18:33,916 INFO  [Thread-0] root: Connected to localhost on port 62627
2021-03-19 16:18:33,917 INFO  [Thread-21] root: Message received by server -> Status: PROPAGATE
2021-03-19 16:18:33,917 DEBUG [Thread-21] root: In serve
2021-03-19 16:18:33,917 DEBUG [Thread-21] root: Checking if stopped or write locked
2021-03-19 16:18:33,917 DEBUG [Thread-21] root: Case propagate
2021-03-19 16:18:33,917 DEBUG [Thread-21] root: Passing to server
2021-03-19 16:18:33,917 DEBUG [Thread-21] root: Getting Predecessors
2021-03-19 16:18:33,917 DEBUG [Thread-21] root: Looking for 127.0.0.1:50112
2021-03-19 16:18:33,917 DEBUG [Thread-21] root: [127.0.0.1:50025, 127.0.0.1:50126, 127.0.0.1:50081, 127.0.0.1:50115, 127.0.0.1:50015, 127.0.0.1:50092, 127.0.0.1:50003, 127.0.0.1:50112]
2021-03-19 16:18:33,917 DEBUG [Thread-21] root: Predecessors:
2021-03-19 16:18:33,917 DEBUG [Thread-21] root: [127.0.0.1:50092, 127.0.0.1:50003]
2021-03-19 16:18:33,917 DEBUG [Thread-21] root: Looking for 127.0.0.1:50003
2021-03-19 16:18:33,917 DEBUG [Thread-21] root: Index of predecessor: 1
2021-03-19 16:18:33,917 DEBUG [Thread-21] root: Server Stuff
2021-03-19 16:18:33,917 INFO  [Thread-21] root: Delete: key = 4
2021-03-19 16:18:33,918 INFO  [Thread-21] root: Updating storage
2021-03-19 16:18:33,918 INFO  [Thread-21] root: Message sent by server -> Status: PROPAGATE_SUCCESS Key: null Value: null
Starting commModule
2021-03-19 16:18:33,953 INFO  [Thread-0] root: Server communication module connected
2021-03-19 16:18:33,953 INFO  [Thread-0] root: Connected to localhost on port 62638
2021-03-19 16:18:33,954 INFO  [Thread-22] root: Message received by server -> Status: GET_METADATA Key: nothing Value: nothing
2021-03-19 16:18:33,954 DEBUG [Thread-22] root: In serve
2021-03-19 16:18:33,954 DEBUG [Thread-22] root: Checking if stopped or write locked
2021-03-19 16:18:33,954 DEBUG [Thread-22] root: Case GET_METADATA
2021-03-19 16:18:33,955 INFO  [Thread-22] root: Message sent by server -> Status: GET_METADATA_SUCCESS Key: nothing Value: nothing
2021-03-19 16:18:33,955 INFO  [Thread-22] root: Message received by server -> Status: PUT Key: 8 Value: null
2021-03-19 16:18:33,955 DEBUG [Thread-22] root: In serve
2021-03-19 16:18:33,955 DEBUG [Thread-22] root: Checking if stopped or write locked
2021-03-19 16:18:33,955 DEBUG [Thread-22] root: PUT request being served
2021-03-19 16:18:33,956 DEBUG [Thread-22] root: Checking if it's in range
2021-03-19 16:18:33,956 DEBUG [Thread-22] root: Got hostname and port -> 127.0.0.1:50112
2021-03-19 16:18:33,956 DEBUG [Thread-22] root: Got metadata range: a98109598267087dfc364fae4cf24579:dcb02541303d7b0586a5702052e3c056
2021-03-19 16:18:33,956 DEBUG [Thread-22] root: 127.0.0.1:50126 -> 13b6d158f03306a6650174d3adf797ad:3f72e738a18e008de24dc31b1c10e52d
2021-03-19 16:18:33,956 DEBUG [Thread-22] root: 127.0.0.1:50115 -> 61ea39762561746102a66ebc0eea7bee:85ddbeae77d3dc962bfb48fdaadc7494
2021-03-19 16:18:33,956 DEBUG [Thread-22] root: 127.0.0.1:50015 -> 85ddbeae77d3dc962bfb48fdaadc7495:97afa5de704f8bf6297962a5f800476d
2021-03-19 16:18:33,956 DEBUG [Thread-22] root: 127.0.0.1:50025 -> dcb02541303d7b0586a5702052e3c057:13b6d158f03306a6650174d3adf797ac
2021-03-19 16:18:33,956 DEBUG [Thread-22] root: 127.0.0.1:50003 -> 9efa48c7a65ce701f7d47cdddd38f9b1:a98109598267087dfc364fae4cf24578
2021-03-19 16:18:33,956 DEBUG [Thread-22] root: 127.0.0.1:50112 -> a98109598267087dfc364fae4cf24579:dcb02541303d7b0586a5702052e3c056
2021-03-19 16:18:33,956 DEBUG [Thread-22] root: 127.0.0.1:50081 -> 3f72e738a18e008de24dc31b1c10e52e:61ea39762561746102a66ebc0eea7bed
2021-03-19 16:18:33,956 DEBUG [Thread-22] root: 127.0.0.1:50092 -> 97afa5de704f8bf6297962a5f800476e:9efa48c7a65ce701f7d47cdddd38f9b0
2021-03-19 16:18:33,956 DEBUG [Thread-22] root: Got range big ints
2021-03-19 16:18:33,956 DEBUG [Thread-22] root: Range start < range end
2021-03-19 16:18:33,956 DEBUG [Thread-22] root: Done with range check in server
2021-03-19 16:18:33,956 DEBUG [Thread-22] root: In range
2021-03-19 16:18:33,956 INFO  [Thread-22] root: Delete: key = 8
2021-03-19 16:18:33,957 INFO  [Thread-22] root: Updating storage
2021-03-19 16:18:33,957 DEBUG [Thread-22] root: Getting successors
2021-03-19 16:18:33,957 DEBUG [Thread-22] root: Got successors
2021-03-19 16:18:33,957 DEBUG [Thread-22] root: Propagating to: 127.0.0.1:50025 127.0.0.1:50126
2021-03-19 16:18:33,958 INFO  [Thread-22] root: Client communication module connected
2021-03-19 16:18:33,958 INFO  [Thread-22] root: Client communication module connected
2021-03-19 16:18:33,958 DEBUG [Thread-22] root: {"8":null}
2021-03-19 16:18:33,959 INFO  [Thread-22] root: Message sent by client -> Status: PROPAGATE
2021-03-19 16:18:33,960 INFO  [Thread-22] root: Message sent by client -> Status: PROPAGATE
2021-03-19 16:18:33,963 INFO  [Thread-22] root: Message received by client -> Status: PROPAGATE_SUCCESS Key: null Value: null
2021-03-19 16:18:33,963 INFO  [Thread-22] root: Message received by client -> Status: PROPAGATE_SUCCESS Key: null Value: null
2021-03-19 16:18:33,963 INFO  [Thread-22] root: Message sent by server -> Status: DELETE_SUCCESS Key: 8 Value: null
Starting commModule
2021-03-19 16:18:33,974 INFO  [Thread-0] root: Server communication module connected
2021-03-19 16:18:33,975 INFO  [Thread-0] root: Connected to localhost on port 62644
2021-03-19 16:18:33,976 INFO  [Thread-23] root: Message received by server -> Status: GET_METADATA Key: nothing Value: nothing
2021-03-19 16:18:33,977 DEBUG [Thread-23] root: In serve
2021-03-19 16:18:33,977 DEBUG [Thread-23] root: Checking if stopped or write locked
2021-03-19 16:18:33,977 DEBUG [Thread-23] root: Case GET_METADATA
2021-03-19 16:18:33,977 INFO  [Thread-23] root: Message sent by server -> Status: GET_METADATA_SUCCESS Key: nothing Value: nothing
2021-03-19 16:18:33,978 INFO  [Thread-23] root: Message received by server -> Status: PUT Key: 10 Value: null
2021-03-19 16:18:33,978 DEBUG [Thread-23] root: In serve
2021-03-19 16:18:33,978 DEBUG [Thread-23] root: Checking if stopped or write locked
2021-03-19 16:18:33,978 DEBUG [Thread-23] root: PUT request being served
2021-03-19 16:18:33,978 DEBUG [Thread-23] root: Checking if it's in range
2021-03-19 16:18:33,978 DEBUG [Thread-23] root: Got hostname and port -> 127.0.0.1:50112
2021-03-19 16:18:33,978 DEBUG [Thread-23] root: Got metadata range: a98109598267087dfc364fae4cf24579:dcb02541303d7b0586a5702052e3c056
2021-03-19 16:18:33,978 DEBUG [Thread-23] root: 127.0.0.1:50126 -> 13b6d158f03306a6650174d3adf797ad:3f72e738a18e008de24dc31b1c10e52d
2021-03-19 16:18:33,978 DEBUG [Thread-23] root: 127.0.0.1:50115 -> 61ea39762561746102a66ebc0eea7bee:85ddbeae77d3dc962bfb48fdaadc7494
2021-03-19 16:18:33,978 DEBUG [Thread-23] root: 127.0.0.1:50015 -> 85ddbeae77d3dc962bfb48fdaadc7495:97afa5de704f8bf6297962a5f800476d
2021-03-19 16:18:33,978 DEBUG [Thread-23] root: 127.0.0.1:50025 -> dcb02541303d7b0586a5702052e3c057:13b6d158f03306a6650174d3adf797ac
2021-03-19 16:18:33,978 DEBUG [Thread-23] root: 127.0.0.1:50003 -> 9efa48c7a65ce701f7d47cdddd38f9b1:a98109598267087dfc364fae4cf24578
2021-03-19 16:18:33,978 DEBUG [Thread-23] root: 127.0.0.1:50112 -> a98109598267087dfc364fae4cf24579:dcb02541303d7b0586a5702052e3c056
2021-03-19 16:18:33,978 DEBUG [Thread-23] root: 127.0.0.1:50081 -> 3f72e738a18e008de24dc31b1c10e52e:61ea39762561746102a66ebc0eea7bed
2021-03-19 16:18:33,978 DEBUG [Thread-23] root: 127.0.0.1:50092 -> 97afa5de704f8bf6297962a5f800476e:9efa48c7a65ce701f7d47cdddd38f9b0
2021-03-19 16:18:33,978 DEBUG [Thread-23] root: Got range big ints
2021-03-19 16:18:33,978 DEBUG [Thread-23] root: Range start < range end
2021-03-19 16:18:33,978 DEBUG [Thread-23] root: Done with range check in server
2021-03-19 16:18:33,978 DEBUG [Thread-23] root: In range
2021-03-19 16:18:33,979 INFO  [Thread-23] root: Delete: key = 10
2021-03-19 16:18:33,979 INFO  [Thread-23] root: Updating storage
2021-03-19 16:18:33,979 DEBUG [Thread-23] root: Getting successors
2021-03-19 16:18:33,979 DEBUG [Thread-23] root: Got successors
2021-03-19 16:18:33,979 DEBUG [Thread-23] root: Propagating to: 127.0.0.1:50025 127.0.0.1:50126
2021-03-19 16:18:33,980 INFO  [Thread-23] root: Client communication module connected
2021-03-19 16:18:33,981 INFO  [Thread-23] root: Client communication module connected
2021-03-19 16:18:33,981 DEBUG [Thread-23] root: {"10":null}
2021-03-19 16:18:33,981 INFO  [Thread-23] root: Message sent by client -> Status: PROPAGATE
2021-03-19 16:18:33,981 INFO  [Thread-23] root: Message sent by client -> Status: PROPAGATE
2021-03-19 16:18:33,983 INFO  [Thread-23] root: Message received by client -> Status: PROPAGATE_SUCCESS Key: null Value: null
2021-03-19 16:18:33,983 INFO  [Thread-23] root: Message received by client -> Status: PROPAGATE_SUCCESS Key: null Value: null
2021-03-19 16:18:33,984 INFO  [Thread-23] root: Message sent by server -> Status: DELETE_SUCCESS Key: 10 Value: null
Starting commModule
2021-03-19 16:18:33,996 INFO  [Thread-0] root: Server communication module connected
2021-03-19 16:18:33,997 INFO  [Thread-24] root: Message received by server -> Status: SHUTDOWN
received adminmsg
2021-03-19 16:18:33,997 DEBUG [Thread-24] root: Closing the program
2021-03-19 16:18:33,998 INFO  [Thread-0] root: Connected to localhost on port 62653
2021-03-19 16:18:33,998 INFO  [Thread-0] root: Server stopped.
2021-03-19 16:18:33,998 INFO  [Thread-0] root: Clearing KV Storage...
2021-03-19 16:18:33,998 INFO  [Thread-24] root: Message sent by server -> Status: SHUTDOWN_SUCCESS
