2021-03-18 22:29:33,122 INFO  [main] root: Creating Storage Files
2021-03-18 22:29:33,123 INFO  [main] root: File created: server90.json
2021-03-18 22:29:33,123 INFO  [main] root: File created: server90_replica_1.json
2021-03-18 22:29:33,123 INFO  [main] root: File created: server90_replica_2.json
2021-03-18 22:29:33,123 INFO  [Thread-0] root: Initialize server ...
2021-03-18 22:29:33,134 INFO  [Thread-0] root: Server listening on port: 50089
2021-03-18 22:29:33,153 INFO  [Thread-0] org.apache.zookeeper.ZooKeeper: Client environment:zookeeper.version=3.6.2--803c7f1a12f85978cb049af5e4ef23bd8b688715, built on 09/04/2020 12:44 GMT
2021-03-18 22:29:33,153 INFO  [Thread-0] org.apache.zookeeper.ZooKeeper: Client environment:host.name=localhost
2021-03-18 22:29:33,153 INFO  [Thread-0] org.apache.zookeeper.ZooKeeper: Client environment:java.version=11.0.10
2021-03-18 22:29:33,153 INFO  [Thread-0] org.apache.zookeeper.ZooKeeper: Client environment:java.vendor=Azul Systems, Inc.
2021-03-18 22:29:33,153 INFO  [Thread-0] org.apache.zookeeper.ZooKeeper: Client environment:java.home=/Users/steve/Library/Java/JavaVirtualMachines/azul-11.0.10/Contents/Home
2021-03-18 22:29:33,153 INFO  [Thread-0] org.apache.zookeeper.ZooKeeper: Client environment:java.class.path=/Users/steve/Desktop/UofT/year4/winter2021/ECE419/milestone3/m3-server.jar
2021-03-18 22:29:33,153 INFO  [Thread-0] org.apache.zookeeper.ZooKeeper: Client environment:java.library.path=/Users/steve/Library/Java/Extensions:/Library/Java/Extensions:/Network/Library/Java/Extensions:/System/Library/Java/Extensions:/usr/lib/java:.
2021-03-18 22:29:33,153 INFO  [Thread-0] org.apache.zookeeper.ZooKeeper: Client environment:java.io.tmpdir=/var/folders/kz/3gb57nkn6ks6_07_dtt5lqvr0000gn/T/
2021-03-18 22:29:33,153 INFO  [Thread-0] org.apache.zookeeper.ZooKeeper: Client environment:java.compiler=<NA>
2021-03-18 22:29:33,153 INFO  [Thread-0] org.apache.zookeeper.ZooKeeper: Client environment:os.name=Mac OS X
2021-03-18 22:29:33,154 INFO  [Thread-0] org.apache.zookeeper.ZooKeeper: Client environment:os.arch=x86_64
2021-03-18 22:29:33,154 INFO  [Thread-0] org.apache.zookeeper.ZooKeeper: Client environment:os.version=10.16
2021-03-18 22:29:33,154 INFO  [Thread-0] org.apache.zookeeper.ZooKeeper: Client environment:user.name=steve
2021-03-18 22:29:33,154 INFO  [Thread-0] org.apache.zookeeper.ZooKeeper: Client environment:user.home=/Users/steve
2021-03-18 22:29:33,154 INFO  [Thread-0] org.apache.zookeeper.ZooKeeper: Client environment:user.dir=/Users/steve
2021-03-18 22:29:33,154 INFO  [Thread-0] org.apache.zookeeper.ZooKeeper: Client environment:os.memory.free=249MB
2021-03-18 22:29:33,154 INFO  [Thread-0] org.apache.zookeeper.ZooKeeper: Client environment:os.memory.max=4096MB
2021-03-18 22:29:33,154 INFO  [Thread-0] org.apache.zookeeper.ZooKeeper: Client environment:os.memory.total=256MB
2021-03-18 22:29:33,157 INFO  [Thread-0] org.apache.zookeeper.ZooKeeper: Initiating client connection, connectString=localhost:2181 sessionTimeout=3000 watcher=app_kvServer.KVServer$1@6f049d8b
2021-03-18 22:29:33,160 INFO  [Thread-0] org.apache.zookeeper.common.X509Util: Setting -D jdk.tls.rejectClientInitiatedRenegotiation=true to disable client-initiated TLS renegotiation
2021-03-18 22:29:33,170 INFO  [Thread-0] org.apache.zookeeper.ClientCnxnSocket: jute.maxbuffer value is 1048575 Bytes
2021-03-18 22:29:33,177 INFO  [Thread-0] org.apache.zookeeper.ClientCnxn: zookeeper.request.timeout value is 0. feature enabled=false
2021-03-18 22:29:33,189 DEBUG [Thread-0-SendThread(localhost:2181)] org.apache.zookeeper.SaslServerPrincipal: Canonicalized address to localhost
2021-03-18 22:29:33,191 INFO  [Thread-0-SendThread(localhost:2181)] org.apache.zookeeper.ClientCnxn: Opening socket connection to server localhost/0:0:0:0:0:0:0:1:2181.
2021-03-18 22:29:33,192 INFO  [Thread-0-SendThread(localhost:2181)] org.apache.zookeeper.ClientCnxn: SASL config status: Will not attempt to authenticate using SASL (unknown error)
2021-03-18 22:29:33,212 INFO  [Thread-0-SendThread(localhost:2181)] org.apache.zookeeper.ClientCnxn: Socket connection established, initiating session, client: /0:0:0:0:0:0:0:1:52328, server: localhost/0:0:0:0:0:0:0:1:2181
2021-03-18 22:29:33,213 DEBUG [Thread-0-SendThread(localhost:2181)] org.apache.zookeeper.ClientCnxn: Session establishment request sent on localhost/0:0:0:0:0:0:0:1:2181
2021-03-18 22:29:33,242 TRACE [Thread-0-SendThread(localhost:2181)] org.apache.zookeeper.ClientCnxnSocket: readConnectResult 37 0x[0,0,0,0,0,0,f,ffffffa0,1,0,14,ffffffbd,52,70,0,64,0,0,0,10,ffffffd8,ffffffb4,ffffffbc,25,ffffffc3,ffffff86,65,60,ffffffdb,27,2d,ffffffdc,13,22,1,ffffff81,0,]
2021-03-18 22:29:33,244 INFO  [Thread-0-SendThread(localhost:2181)] org.apache.zookeeper.ClientCnxn: Session establishment complete on server localhost/0:0:0:0:0:0:0:1:2181, session id = 0x10014bd52700064, negotiated timeout = 4000
2021-03-18 22:29:33,247 DEBUG [Thread-0-EventThread] root: ZK event: 
2021-03-18 22:29:33,247 DEBUG [Thread-0-EventThread] root: WatchedEvent state:SyncConnected type:None path:null
2021-03-18 22:29:33,274 DEBUG [Thread-0-SendThread(localhost:2181)] org.apache.zookeeper.ClientCnxn: Reading reply session id: 0x10014bd52700064, packet:: clientPath:null serverPath:null finished:false header:: 1,1  replyHeader:: 1,335,0  request:: '/keeper/server90,,v{s{31,s{'world,'anyone}}},1  response:: '/keeper/server90 
2021-03-18 22:29:33,278 DEBUG [Thread-0-SendThread(localhost:2181)] org.apache.zookeeper.ClientCnxn: Reading reply session id: 0x10014bd52700064, packet:: clientPath:null serverPath:null finished:false header:: 2,3  replyHeader:: 2,335,0  request:: '/keeper/server90,T  response:: s{335,335,1616120973247,1616120973247,0,0,0,72080397402374244,0,0,335} 
2021-03-18 22:29:33,304 DEBUG [Thread-0-SendThread(localhost:2181)] org.apache.zookeeper.ClientCnxn: Got notification session id: 0x10014bd52700064
2021-03-18 22:29:33,305 DEBUG [Thread-0-SendThread(localhost:2181)] org.apache.zookeeper.ClientCnxn: Got WatchedEvent state:SyncConnected type:NodeDataChanged path:/keeper/server90 for session id 0x10014bd52700064
2021-03-18 22:29:33,306 DEBUG [Thread-0-EventThread] root: ZK event: 
2021-03-18 22:29:33,306 DEBUG [Thread-0-EventThread] root: WatchedEvent state:SyncConnected type:NodeDataChanged path:/keeper/server90
2021-03-18 22:29:33,307 DEBUG [Thread-0-SendThread(localhost:2181)] org.apache.zookeeper.ClientCnxn: Reading reply session id: 0x10014bd52700064, packet:: clientPath:null serverPath:null finished:false header:: 3,5  replyHeader:: 3,336,0  request:: '/keeper/server90,#3132372e302e302e313a3530303839,0  response:: s{335,336,1616120973247,1616120973279,1,0,0,72080397402374244,15,0,335} 
2021-03-18 22:29:33,307 INFO  [Thread-0] root: Node created at: /keeper/server90
Starting commModule
2021-03-18 22:29:33,314 INFO  [Thread-0] root: Server communication module connected
2021-03-18 22:29:33,315 INFO  [Thread-0] root: Connected to localhost on port 52329
2021-03-18 22:29:33,324 INFO  [Thread-1] root: Message received by server -> Status: INIT_SERVER
received adminmsg
2021-03-18 22:29:33,324 INFO  [Thread-1] root: Message sent by server -> Status: INIT_SERVER_SUCCESS
2021-03-18 22:29:33,325 INFO  [Thread-1] root: Message received by server -> Status: START
received adminmsg
2021-03-18 22:29:33,325 INFO  [Thread-1] root: Message sent by server -> Status: START_SUCCESS
Starting commModule
2021-03-18 22:29:33,331 INFO  [Thread-0] root: Server communication module connected
2021-03-18 22:29:33,332 INFO  [Thread-0] root: Connected to localhost on port 52332
Starting commModule
2021-03-18 22:29:33,338 INFO  [Thread-0] root: Server communication module connected
2021-03-18 22:29:33,339 INFO  [Thread-0] root: Connected to localhost on port 52335
Starting commModule
2021-03-18 22:29:33,343 INFO  [Thread-0] root: Server communication module connected
2021-03-18 22:29:33,344 INFO  [Thread-0] root: Connected to localhost on port 52337
2021-03-18 22:29:33,345 INFO  [Thread-4] root: Message received by server -> Status: UPDATE
received adminmsg
2021-03-18 22:29:33,346 INFO  [Thread-4] root: Message sent by server -> Status: UPDATE_SUCCESS
Starting commModule
2021-03-18 22:29:33,349 INFO  [Thread-0] root: Server communication module connected
2021-03-18 22:29:33,349 INFO  [Thread-0] root: Connected to localhost on port 52339
Starting commModule
2021-03-18 22:29:33,350 INFO  [Thread-0] root: Server communication module connected
2021-03-18 22:29:33,351 INFO  [Thread-0] root: Connected to localhost on port 52341
2021-03-18 22:29:33,352 INFO  [Thread-6] root: Message received by server -> Status: PROPAGATE_ADMIN
received adminmsg
2021-03-18 22:29:33,358 DEBUG [Thread-6] root: Getting successors
2021-03-18 22:29:33,358 DEBUG [Thread-6] root: Got successors
2021-03-18 22:29:33,358 DEBUG [Thread-6] root: Propagating to: 127.0.0.1:50090 127.0.0.1:50089
2021-03-18 22:29:33,361 INFO  [Thread-6] root: Client communication module connected
Starting commModule
2021-03-18 22:29:33,361 INFO  [Thread-6] root: Client communication module connected
2021-03-18 22:29:33,361 INFO  [Thread-0] root: Server communication module connected
2021-03-18 22:29:33,361 DEBUG [Thread-6] root: {}
2021-03-18 22:29:33,362 INFO  [Thread-6] root: Message sent by server -> Status: PROPAGATE_SUCCESS
2021-03-18 22:29:33,362 INFO  [Thread-0] root: Connected to localhost on port 52343
Starting commModule
2021-03-18 22:29:33,892 INFO  [Thread-0] root: Server communication module connected
2021-03-18 22:29:33,892 INFO  [Thread-0] root: Connected to localhost on port 52348
2021-03-18 22:29:33,893 INFO  [Thread-8] root: Message received by server -> Status: UPDATE
received adminmsg
2021-03-18 22:29:33,894 INFO  [Thread-8] root: Message sent by server -> Status: UPDATE_SUCCESS
Starting commModule
2021-03-18 22:29:33,897 INFO  [Thread-0] root: Server communication module connected
2021-03-18 22:29:33,897 INFO  [Thread-0] root: Connected to localhost on port 52350
Starting commModule
2021-03-18 22:29:33,898 INFO  [Thread-0] root: Server communication module connected
2021-03-18 22:29:33,899 INFO  [Thread-0] root: Connected to localhost on port 52352
2021-03-18 22:29:33,900 INFO  [Thread-10] root: Message received by server -> Status: PROPAGATE_ADMIN
received adminmsg
2021-03-18 22:29:33,900 DEBUG [Thread-10] root: Getting successors
2021-03-18 22:29:33,900 DEBUG [Thread-10] root: Got successors
2021-03-18 22:29:33,900 DEBUG [Thread-10] root: Propagating to: 127.0.0.1:50064 127.0.0.1:50090
2021-03-18 22:29:33,901 INFO  [Thread-10] root: Client communication module connected
2021-03-18 22:29:33,901 INFO  [Thread-10] root: Client communication module connected
2021-03-18 22:29:33,901 DEBUG [Thread-10] root: {}
2021-03-18 22:29:33,902 INFO  [Thread-10] root: Message sent by server -> Status: PROPAGATE_SUCCESS
Starting commModule
2021-03-18 22:29:33,908 INFO  [Thread-0] root: Server communication module connected
2021-03-18 22:29:33,908 INFO  [Thread-0] root: Connected to localhost on port 52358
2021-03-18 22:29:33,909 INFO  [Thread-11] root: Message received by server -> Status: UPDATE
received adminmsg
2021-03-18 22:29:33,910 INFO  [Thread-11] root: Message sent by server -> Status: UPDATE_SUCCESS
Starting commModule
2021-03-18 22:29:33,915 INFO  [Thread-0] root: Server communication module connected
2021-03-18 22:29:33,916 INFO  [Thread-0] root: Connected to localhost on port 52361
Starting commModule
2021-03-18 22:29:33,917 INFO  [Thread-0] root: Server communication module connected
2021-03-18 22:29:33,917 INFO  [Thread-0] root: Connected to localhost on port 52363
2021-03-18 22:29:33,918 INFO  [Thread-13] root: Message received by server -> Status: PROPAGATE_ADMIN
received adminmsg
2021-03-18 22:29:33,918 DEBUG [Thread-13] root: Getting successors
2021-03-18 22:29:33,918 DEBUG [Thread-13] root: Got successors
2021-03-18 22:29:33,918 DEBUG [Thread-13] root: Propagating to: 127.0.0.1:50064 127.0.0.1:50090
2021-03-18 22:29:33,919 INFO  [Thread-13] root: Client communication module connected
2021-03-18 22:29:33,919 INFO  [Thread-13] root: Client communication module connected
2021-03-18 22:29:33,919 DEBUG [Thread-13] root: {}
2021-03-18 22:29:33,920 INFO  [Thread-13] root: Message sent by server -> Status: PROPAGATE_SUCCESS
Starting commModule
2021-03-18 22:29:33,929 INFO  [Thread-0] root: Server communication module connected
2021-03-18 22:29:33,930 INFO  [Thread-0] root: Connected to localhost on port 52368
Starting commModule
2021-03-18 22:29:33,956 INFO  [Thread-0] root: Server communication module connected
2021-03-18 22:29:33,957 INFO  [Thread-0] root: Connected to localhost on port 52370
2021-03-18 22:29:33,958 INFO  [Thread-15] root: Message received by server -> Status: PUT Key: 1 Value: 1
2021-03-18 22:29:33,958 DEBUG [Thread-15] root: In serve
2021-03-18 22:29:33,958 DEBUG [Thread-15] root: Checking if stopped or write locked
2021-03-18 22:29:33,958 DEBUG [Thread-15] root: PUT request being served
2021-03-18 22:29:33,958 DEBUG [Thread-15] root: Checking if it's in range
2021-03-18 22:29:33,965 DEBUG [Thread-15] root: Got hostname and port -> 127.0.0.1:50089
2021-03-18 22:29:33,965 DEBUG [Thread-15] root: Got metadata range: 8abb14128eacd4c086a7efaed4a37a3f:eac6542808c8591ec45fbbfa21914a1f
2021-03-18 22:29:33,965 DEBUG [Thread-15] root: 127.0.0.1:50090 -> f886891f794aac098538c45c8eee3f6c:8abb14128eacd4c086a7efaed4a37a3e
2021-03-18 22:29:33,965 DEBUG [Thread-15] root: 127.0.0.1:50089 -> 8abb14128eacd4c086a7efaed4a37a3f:eac6542808c8591ec45fbbfa21914a1f
2021-03-18 22:29:33,965 DEBUG [Thread-15] root: 127.0.0.1:50064 -> eac6542808c8591ec45fbbfa21914a20:f886891f794aac098538c45c8eee3f6b
2021-03-18 22:29:33,965 DEBUG [Thread-15] root: Got range big ints
2021-03-18 22:29:33,965 DEBUG [Thread-15] root: Range start < range end
2021-03-18 22:29:33,965 DEBUG [Thread-15] root: Done with range check in server
2021-03-18 22:29:33,965 DEBUG [Thread-15] root: In range
2021-03-18 22:29:33,966 INFO  [Thread-15] root: Put: key = 1, value = 1
2021-03-18 22:29:33,967 DEBUG [Thread-15] root: Getting successors
2021-03-18 22:29:33,967 DEBUG [Thread-15] root: Got successors
2021-03-18 22:29:33,967 DEBUG [Thread-15] root: Propagating to: 127.0.0.1:50064 127.0.0.1:50090
2021-03-18 22:29:33,967 INFO  [Thread-15] root: Client communication module connected
2021-03-18 22:29:33,968 INFO  [Thread-15] root: Client communication module connected
2021-03-18 22:29:33,968 DEBUG [Thread-15] root: {"1":"1"}
2021-03-18 22:29:33,970 INFO  [Thread-15] root: Message sent by client -> Status: PROPAGATE
2021-03-18 22:29:33,970 INFO  [Thread-15] root: Message sent by client -> Status: PROPAGATE
2021-03-18 22:29:33,974 INFO  [Thread-15] root: Message received by client -> Status: PROPAGATE_SUCCESS Key: null Value: null
2021-03-18 22:29:33,975 INFO  [Thread-15] root: Message received by client -> Status: PROPAGATE_SUCCESS Key: null Value: null
2021-03-18 22:29:33,975 INFO  [Thread-15] root: Message sent by server -> Status: PUT_SUCCESS Key: 1 Value: 1
2021-03-18 22:29:34,617 DEBUG [Thread-0-SendThread(localhost:2181)] org.apache.zookeeper.ClientCnxn: Got ping response for session id: 0x10014bd52700064 after 1ms.
2021-03-18 22:29:35,954 DEBUG [Thread-0-SendThread(localhost:2181)] org.apache.zookeeper.ClientCnxn: Got ping response for session id: 0x10014bd52700064 after 1ms.
2021-03-18 22:29:37,287 DEBUG [Thread-0-SendThread(localhost:2181)] org.apache.zookeeper.ClientCnxn: Got ping response for session id: 0x10014bd52700064 after 0ms.
2021-03-18 22:29:38,623 DEBUG [Thread-0-SendThread(localhost:2181)] org.apache.zookeeper.ClientCnxn: Got ping response for session id: 0x10014bd52700064 after 1ms.
2021-03-18 22:29:39,957 DEBUG [Thread-0-SendThread(localhost:2181)] org.apache.zookeeper.ClientCnxn: Got ping response for session id: 0x10014bd52700064 after 1ms.
2021-03-18 22:29:41,291 DEBUG [Thread-0-SendThread(localhost:2181)] org.apache.zookeeper.ClientCnxn: Got ping response for session id: 0x10014bd52700064 after 0ms.
2021-03-18 22:29:42,628 DEBUG [Thread-0-SendThread(localhost:2181)] org.apache.zookeeper.ClientCnxn: Got ping response for session id: 0x10014bd52700064 after 0ms.
2021-03-18 22:29:43,961 DEBUG [Thread-0-SendThread(localhost:2181)] org.apache.zookeeper.ClientCnxn: Got ping response for session id: 0x10014bd52700064 after 0ms.
2021-03-18 22:29:45,296 DEBUG [Thread-0-SendThread(localhost:2181)] org.apache.zookeeper.ClientCnxn: Got ping response for session id: 0x10014bd52700064 after 0ms.
2021-03-18 22:29:46,630 DEBUG [Thread-0-SendThread(localhost:2181)] org.apache.zookeeper.ClientCnxn: Got ping response for session id: 0x10014bd52700064 after 0ms.
2021-03-18 22:29:47,968 DEBUG [Thread-0-SendThread(localhost:2181)] org.apache.zookeeper.ClientCnxn: Got ping response for session id: 0x10014bd52700064 after 1ms.
2021-03-18 22:29:49,303 DEBUG [Thread-0-SendThread(localhost:2181)] org.apache.zookeeper.ClientCnxn: Got ping response for session id: 0x10014bd52700064 after 0ms.
2021-03-18 22:29:50,637 DEBUG [Thread-0-SendThread(localhost:2181)] org.apache.zookeeper.ClientCnxn: Got ping response for session id: 0x10014bd52700064 after 1ms.
2021-03-18 22:29:51,971 DEBUG [Thread-0-SendThread(localhost:2181)] org.apache.zookeeper.ClientCnxn: Got ping response for session id: 0x10014bd52700064 after 0ms.
2021-03-18 22:29:53,306 DEBUG [Thread-0-SendThread(localhost:2181)] org.apache.zookeeper.ClientCnxn: Got ping response for session id: 0x10014bd52700064 after 1ms.
2021-03-18 22:29:54,641 DEBUG [Thread-0-SendThread(localhost:2181)] org.apache.zookeeper.ClientCnxn: Got ping response for session id: 0x10014bd52700064 after 1ms.
2021-03-18 22:29:55,979 DEBUG [Thread-0-SendThread(localhost:2181)] org.apache.zookeeper.ClientCnxn: Got ping response for session id: 0x10014bd52700064 after 1ms.
2021-03-18 22:29:57,315 DEBUG [Thread-0-SendThread(localhost:2181)] org.apache.zookeeper.ClientCnxn: Got ping response for session id: 0x10014bd52700064 after 1ms.
2021-03-18 22:29:58,648 DEBUG [Thread-0-SendThread(localhost:2181)] org.apache.zookeeper.ClientCnxn: Got ping response for session id: 0x10014bd52700064 after 1ms.
2021-03-18 22:29:59,986 DEBUG [Thread-0-SendThread(localhost:2181)] org.apache.zookeeper.ClientCnxn: Got ping response for session id: 0x10014bd52700064 after 0ms.
2021-03-18 22:30:01,320 DEBUG [Thread-0-SendThread(localhost:2181)] org.apache.zookeeper.ClientCnxn: Got ping response for session id: 0x10014bd52700064 after 0ms.
2021-03-18 22:30:02,659 DEBUG [Thread-0-SendThread(localhost:2181)] org.apache.zookeeper.ClientCnxn: Got ping response for session id: 0x10014bd52700064 after 1ms.
2021-03-18 22:30:03,995 DEBUG [Thread-0-SendThread(localhost:2181)] org.apache.zookeeper.ClientCnxn: Got ping response for session id: 0x10014bd52700064 after 1ms.
2021-03-18 22:30:05,329 DEBUG [Thread-0-SendThread(localhost:2181)] org.apache.zookeeper.ClientCnxn: Got ping response for session id: 0x10014bd52700064 after 1ms.
2021-03-18 22:30:06,667 DEBUG [Thread-0-SendThread(localhost:2181)] org.apache.zookeeper.ClientCnxn: Got ping response for session id: 0x10014bd52700064 after 1ms.
2021-03-18 22:30:08,004 DEBUG [Thread-0-SendThread(localhost:2181)] org.apache.zookeeper.ClientCnxn: Got ping response for session id: 0x10014bd52700064 after 1ms.
2021-03-18 22:30:09,337 DEBUG [Thread-0-SendThread(localhost:2181)] org.apache.zookeeper.ClientCnxn: Got ping response for session id: 0x10014bd52700064 after 0ms.
2021-03-18 22:30:10,672 DEBUG [Thread-0-SendThread(localhost:2181)] org.apache.zookeeper.ClientCnxn: Got ping response for session id: 0x10014bd52700064 after 1ms.
2021-03-18 22:30:12,008 DEBUG [Thread-0-SendThread(localhost:2181)] org.apache.zookeeper.ClientCnxn: Got ping response for session id: 0x10014bd52700064 after 0ms.
2021-03-18 22:30:13,342 DEBUG [Thread-0-SendThread(localhost:2181)] org.apache.zookeeper.ClientCnxn: Got ping response for session id: 0x10014bd52700064 after 0ms.
2021-03-18 22:30:14,679 DEBUG [Thread-0-SendThread(localhost:2181)] org.apache.zookeeper.ClientCnxn: Got ping response for session id: 0x10014bd52700064 after 1ms.
2021-03-18 22:30:16,013 DEBUG [Thread-0-SendThread(localhost:2181)] org.apache.zookeeper.ClientCnxn: Got ping response for session id: 0x10014bd52700064 after 0ms.
2021-03-18 22:30:17,351 DEBUG [Thread-0-SendThread(localhost:2181)] org.apache.zookeeper.ClientCnxn: Got ping response for session id: 0x10014bd52700064 after 0ms.
2021-03-18 22:30:18,686 DEBUG [Thread-0-SendThread(localhost:2181)] org.apache.zookeeper.ClientCnxn: Got ping response for session id: 0x10014bd52700064 after 0ms.
2021-03-18 22:30:20,024 DEBUG [Thread-0-SendThread(localhost:2181)] org.apache.zookeeper.ClientCnxn: Got ping response for session id: 0x10014bd52700064 after 0ms.
2021-03-18 22:30:21,361 DEBUG [Thread-0-SendThread(localhost:2181)] org.apache.zookeeper.ClientCnxn: Got ping response for session id: 0x10014bd52700064 after 0ms.
2021-03-18 22:30:22,698 DEBUG [Thread-0-SendThread(localhost:2181)] org.apache.zookeeper.ClientCnxn: Got ping response for session id: 0x10014bd52700064 after 0ms.
2021-03-18 22:30:24,036 DEBUG [Thread-0-SendThread(localhost:2181)] org.apache.zookeeper.ClientCnxn: Got ping response for session id: 0x10014bd52700064 after 0ms.
2021-03-18 22:30:25,375 DEBUG [Thread-0-SendThread(localhost:2181)] org.apache.zookeeper.ClientCnxn: Got ping response for session id: 0x10014bd52700064 after 0ms.
2021-03-18 22:30:26,709 DEBUG [Thread-0-SendThread(localhost:2181)] org.apache.zookeeper.ClientCnxn: Got ping response for session id: 0x10014bd52700064 after 1ms.
2021-03-18 22:30:28,046 DEBUG [Thread-0-SendThread(localhost:2181)] org.apache.zookeeper.ClientCnxn: Got ping response for session id: 0x10014bd52700064 after 1ms.
2021-03-18 22:30:29,382 DEBUG [Thread-0-SendThread(localhost:2181)] org.apache.zookeeper.ClientCnxn: Got ping response for session id: 0x10014bd52700064 after 0ms.
2021-03-18 22:30:30,716 DEBUG [Thread-0-SendThread(localhost:2181)] org.apache.zookeeper.ClientCnxn: Got ping response for session id: 0x10014bd52700064 after 1ms.
2021-03-18 22:30:32,054 DEBUG [Thread-0-SendThread(localhost:2181)] org.apache.zookeeper.ClientCnxn: Got ping response for session id: 0x10014bd52700064 after 0ms.
2021-03-18 22:30:33,387 DEBUG [Thread-0-SendThread(localhost:2181)] org.apache.zookeeper.ClientCnxn: Got ping response for session id: 0x10014bd52700064 after 0ms.
2021-03-18 22:30:34,720 DEBUG [Thread-0-SendThread(localhost:2181)] org.apache.zookeeper.ClientCnxn: Got ping response for session id: 0x10014bd52700064 after 0ms.
2021-03-18 22:30:36,059 DEBUG [Thread-0-SendThread(localhost:2181)] org.apache.zookeeper.ClientCnxn: Got ping response for session id: 0x10014bd52700064 after 0ms.
2021-03-18 22:30:37,397 DEBUG [Thread-0-SendThread(localhost:2181)] org.apache.zookeeper.ClientCnxn: Got ping response for session id: 0x10014bd52700064 after 1ms.
2021-03-18 22:30:38,732 DEBUG [Thread-0-SendThread(localhost:2181)] org.apache.zookeeper.ClientCnxn: Got ping response for session id: 0x10014bd52700064 after 0ms.
2021-03-18 22:30:40,071 DEBUG [Thread-0-SendThread(localhost:2181)] org.apache.zookeeper.ClientCnxn: Got ping response for session id: 0x10014bd52700064 after 0ms.
2021-03-18 22:30:41,408 DEBUG [Thread-0-SendThread(localhost:2181)] org.apache.zookeeper.ClientCnxn: Got ping response for session id: 0x10014bd52700064 after 0ms.
2021-03-18 22:30:42,745 DEBUG [Thread-0-SendThread(localhost:2181)] org.apache.zookeeper.ClientCnxn: Got ping response for session id: 0x10014bd52700064 after 1ms.
2021-03-18 22:30:44,082 DEBUG [Thread-0-SendThread(localhost:2181)] org.apache.zookeeper.ClientCnxn: Got ping response for session id: 0x10014bd52700064 after 0ms.
2021-03-18 22:30:45,420 DEBUG [Thread-0-SendThread(localhost:2181)] org.apache.zookeeper.ClientCnxn: Got ping response for session id: 0x10014bd52700064 after 0ms.
2021-03-18 22:30:46,757 DEBUG [Thread-0-SendThread(localhost:2181)] org.apache.zookeeper.ClientCnxn: Got ping response for session id: 0x10014bd52700064 after 0ms.
2021-03-18 22:30:48,092 DEBUG [Thread-0-SendThread(localhost:2181)] org.apache.zookeeper.ClientCnxn: Got ping response for session id: 0x10014bd52700064 after 0ms.
2021-03-18 22:30:49,430 DEBUG [Thread-0-SendThread(localhost:2181)] org.apache.zookeeper.ClientCnxn: Got ping response for session id: 0x10014bd52700064 after 0ms.
2021-03-18 22:30:50,763 DEBUG [Thread-0-SendThread(localhost:2181)] org.apache.zookeeper.ClientCnxn: Got ping response for session id: 0x10014bd52700064 after 0ms.
2021-03-18 22:30:52,101 DEBUG [Thread-0-SendThread(localhost:2181)] org.apache.zookeeper.ClientCnxn: Got ping response for session id: 0x10014bd52700064 after 0ms.
2021-03-18 22:30:53,436 DEBUG [Thread-0-SendThread(localhost:2181)] org.apache.zookeeper.ClientCnxn: Got ping response for session id: 0x10014bd52700064 after 0ms.
2021-03-18 22:30:54,772 DEBUG [Thread-0-SendThread(localhost:2181)] org.apache.zookeeper.ClientCnxn: Got ping response for session id: 0x10014bd52700064 after 0ms.
2021-03-18 22:30:56,108 DEBUG [Thread-0-SendThread(localhost:2181)] org.apache.zookeeper.ClientCnxn: Got ping response for session id: 0x10014bd52700064 after 0ms.
2021-03-18 22:30:57,445 DEBUG [Thread-0-SendThread(localhost:2181)] org.apache.zookeeper.ClientCnxn: Got ping response for session id: 0x10014bd52700064 after 1ms.
2021-03-18 22:30:58,782 DEBUG [Thread-0-SendThread(localhost:2181)] org.apache.zookeeper.ClientCnxn: Got ping response for session id: 0x10014bd52700064 after 0ms.
2021-03-18 22:31:00,120 DEBUG [Thread-0-SendThread(localhost:2181)] org.apache.zookeeper.ClientCnxn: Got ping response for session id: 0x10014bd52700064 after 0ms.
2021-03-18 22:31:01,454 DEBUG [Thread-0-SendThread(localhost:2181)] org.apache.zookeeper.ClientCnxn: Got ping response for session id: 0x10014bd52700064 after 0ms.
Starting commModule
2021-03-18 22:31:01,702 INFO  [Thread-0] root: Server communication module connected
2021-03-18 22:31:01,702 INFO  [Thread-16] root: Message received by server -> Status: SHUTDOWN
received adminmsg
2021-03-18 22:31:01,703 DEBUG [Thread-16] root: Closing the program
2021-03-18 22:31:01,703 INFO  [Thread-0] root: Connected to localhost on port 52395
2021-03-18 22:31:01,703 INFO  [Thread-0] root: Server stopped.
2021-03-18 22:31:01,703 INFO  [Thread-0] root: Clearing KV Storage...
2021-03-18 22:31:01,703 INFO  [Thread-16] root: Message sent by server -> Status: SHUTDOWN_SUCCESS
2021-03-18 22:44:42,125 INFO  [Thread-0] root: Initialize server ...
2021-03-18 22:44:42,140 INFO  [Thread-0] root: Server listening on port: 50089
2021-03-18 22:44:42,164 INFO  [Thread-0] org.apache.zookeeper.ZooKeeper: Client environment:zookeeper.version=3.6.2--803c7f1a12f85978cb049af5e4ef23bd8b688715, built on 09/04/2020 12:44 GMT
2021-03-18 22:44:42,164 INFO  [Thread-0] org.apache.zookeeper.ZooKeeper: Client environment:host.name=localhost
2021-03-18 22:44:42,164 INFO  [Thread-0] org.apache.zookeeper.ZooKeeper: Client environment:java.version=11.0.10
2021-03-18 22:44:42,164 INFO  [Thread-0] org.apache.zookeeper.ZooKeeper: Client environment:java.vendor=Azul Systems, Inc.
2021-03-18 22:44:42,164 INFO  [Thread-0] org.apache.zookeeper.ZooKeeper: Client environment:java.home=/Users/steve/Library/Java/JavaVirtualMachines/azul-11.0.10/Contents/Home
2021-03-18 22:44:42,164 INFO  [Thread-0] org.apache.zookeeper.ZooKeeper: Client environment:java.class.path=/Users/steve/Desktop/UofT/year4/winter2021/ECE419/milestone3/m3-server.jar
2021-03-18 22:44:42,164 INFO  [Thread-0] org.apache.zookeeper.ZooKeeper: Client environment:java.library.path=/Users/steve/Library/Java/Extensions:/Library/Java/Extensions:/Network/Library/Java/Extensions:/System/Library/Java/Extensions:/usr/lib/java:.
2021-03-18 22:44:42,164 INFO  [Thread-0] org.apache.zookeeper.ZooKeeper: Client environment:java.io.tmpdir=/var/folders/kz/3gb57nkn6ks6_07_dtt5lqvr0000gn/T/
2021-03-18 22:44:42,164 INFO  [Thread-0] org.apache.zookeeper.ZooKeeper: Client environment:java.compiler=<NA>
2021-03-18 22:44:42,165 INFO  [Thread-0] org.apache.zookeeper.ZooKeeper: Client environment:os.name=Mac OS X
2021-03-18 22:44:42,165 INFO  [Thread-0] org.apache.zookeeper.ZooKeeper: Client environment:os.arch=x86_64
2021-03-18 22:44:42,165 INFO  [Thread-0] org.apache.zookeeper.ZooKeeper: Client environment:os.version=10.16
2021-03-18 22:44:42,165 INFO  [Thread-0] org.apache.zookeeper.ZooKeeper: Client environment:user.name=steve
2021-03-18 22:44:42,165 INFO  [Thread-0] org.apache.zookeeper.ZooKeeper: Client environment:user.home=/Users/steve
2021-03-18 22:44:42,165 INFO  [Thread-0] org.apache.zookeeper.ZooKeeper: Client environment:user.dir=/Users/steve
2021-03-18 22:44:42,165 INFO  [Thread-0] org.apache.zookeeper.ZooKeeper: Client environment:os.memory.free=249MB
2021-03-18 22:44:42,165 INFO  [Thread-0] org.apache.zookeeper.ZooKeeper: Client environment:os.memory.max=4096MB
2021-03-18 22:44:42,165 INFO  [Thread-0] org.apache.zookeeper.ZooKeeper: Client environment:os.memory.total=256MB
2021-03-18 22:44:42,168 INFO  [Thread-0] org.apache.zookeeper.ZooKeeper: Initiating client connection, connectString=localhost:2181 sessionTimeout=3000 watcher=app_kvServer.KVServer$1@7a8d20e7
2021-03-18 22:44:42,172 INFO  [Thread-0] org.apache.zookeeper.common.X509Util: Setting -D jdk.tls.rejectClientInitiatedRenegotiation=true to disable client-initiated TLS renegotiation
2021-03-18 22:44:42,185 INFO  [Thread-0] org.apache.zookeeper.ClientCnxnSocket: jute.maxbuffer value is 1048575 Bytes
2021-03-18 22:44:42,193 INFO  [Thread-0] org.apache.zookeeper.ClientCnxn: zookeeper.request.timeout value is 0. feature enabled=false
2021-03-18 22:44:42,204 DEBUG [Thread-0-SendThread(localhost:2181)] org.apache.zookeeper.SaslServerPrincipal: Canonicalized address to localhost
2021-03-18 22:44:42,206 INFO  [Thread-0-SendThread(localhost:2181)] org.apache.zookeeper.ClientCnxn: Opening socket connection to server localhost/127.0.0.1:2181.
2021-03-18 22:44:42,206 INFO  [Thread-0-SendThread(localhost:2181)] org.apache.zookeeper.ClientCnxn: SASL config status: Will not attempt to authenticate using SASL (unknown error)
2021-03-18 22:44:42,223 INFO  [Thread-0-SendThread(localhost:2181)] org.apache.zookeeper.ClientCnxn: Socket connection established, initiating session, client: /127.0.0.1:52857, server: localhost/127.0.0.1:2181
2021-03-18 22:44:42,224 DEBUG [Thread-0-SendThread(localhost:2181)] org.apache.zookeeper.ClientCnxn: Session establishment request sent on localhost/127.0.0.1:2181
2021-03-18 22:44:42,252 TRACE [Thread-0-SendThread(localhost:2181)] org.apache.zookeeper.ClientCnxnSocket: readConnectResult 37 0x[0,0,0,0,0,0,f,ffffffa0,1,0,14,ffffffbd,52,70,0,7f,0,0,0,10,2c,ffffff8b,fffffff1,25,23,ffffffde,ffffff8b,fffffff4,3c,ffffffcd,ffffff8b,55,ffffffa2,52,48,4b,0,]
2021-03-18 22:44:42,253 INFO  [Thread-0-SendThread(localhost:2181)] org.apache.zookeeper.ClientCnxn: Session establishment complete on server localhost/127.0.0.1:2181, session id = 0x10014bd5270007f, negotiated timeout = 4000
2021-03-18 22:44:42,255 DEBUG [Thread-0-EventThread] root: ZK event: 
2021-03-18 22:44:42,256 DEBUG [Thread-0-EventThread] root: WatchedEvent state:SyncConnected type:None path:null
2021-03-18 22:44:42,282 DEBUG [Thread-0-SendThread(localhost:2181)] org.apache.zookeeper.ClientCnxn: Reading reply session id: 0x10014bd5270007f, packet:: clientPath:null serverPath:null finished:false header:: 1,1  replyHeader:: 1,430,0  request:: '/keeper/server90,,v{s{31,s{'world,'anyone}}},1  response:: '/keeper/server90 
2021-03-18 22:44:42,286 DEBUG [Thread-0-SendThread(localhost:2181)] org.apache.zookeeper.ClientCnxn: Reading reply session id: 0x10014bd5270007f, packet:: clientPath:null serverPath:null finished:false header:: 2,3  replyHeader:: 2,430,0  request:: '/keeper/server90,T  response:: s{430,430,1616121882256,1616121882256,0,0,0,72080397402374271,0,0,430} 
2021-03-18 22:44:42,333 DEBUG [Thread-0-SendThread(localhost:2181)] org.apache.zookeeper.ClientCnxn: Got notification session id: 0x10014bd5270007f
2021-03-18 22:44:42,335 DEBUG [Thread-0-SendThread(localhost:2181)] org.apache.zookeeper.ClientCnxn: Got WatchedEvent state:SyncConnected type:NodeDataChanged path:/keeper/server90 for session id 0x10014bd5270007f
2021-03-18 22:44:42,336 DEBUG [Thread-0-EventThread] root: ZK event: 
2021-03-18 22:44:42,336 DEBUG [Thread-0-EventThread] root: WatchedEvent state:SyncConnected type:NodeDataChanged path:/keeper/server90
2021-03-18 22:44:42,337 DEBUG [Thread-0-SendThread(localhost:2181)] org.apache.zookeeper.ClientCnxn: Reading reply session id: 0x10014bd5270007f, packet:: clientPath:null serverPath:null finished:false header:: 3,5  replyHeader:: 3,431,0  request:: '/keeper/server90,#3132372e302e302e313a3530303839,0  response:: s{430,431,1616121882256,1616121882287,1,0,0,72080397402374271,15,0,430} 
2021-03-18 22:44:42,337 INFO  [Thread-0] root: Node created at: /keeper/server90
Starting commModule
2021-03-18 22:44:42,344 INFO  [Thread-0] root: Server communication module connected
2021-03-18 22:44:42,345 INFO  [Thread-0] root: Connected to localhost on port 52858
2021-03-18 22:44:42,354 INFO  [Thread-1] root: Message received by server -> Status: INIT_SERVER
received adminmsg
2021-03-18 22:44:42,355 INFO  [Thread-1] root: Message sent by server -> Status: INIT_SERVER_SUCCESS
2021-03-18 22:44:42,356 INFO  [Thread-1] root: Message received by server -> Status: START
received adminmsg
2021-03-18 22:44:42,356 INFO  [Thread-1] root: Message sent by server -> Status: START_SUCCESS
Starting commModule
2021-03-18 22:44:42,358 INFO  [Thread-0] root: Server communication module connected
2021-03-18 22:44:42,359 INFO  [Thread-0] root: Connected to localhost on port 52859
2021-03-18 22:44:42,360 INFO  [Thread-2] root: Message received by server -> Status: UPDATE
received adminmsg
2021-03-18 22:44:42,361 INFO  [Thread-2] root: Message sent by server -> Status: UPDATE_SUCCESS
Starting commModule
2021-03-18 22:44:42,362 INFO  [Thread-0] root: Server communication module connected
2021-03-18 22:44:42,363 INFO  [Thread-0] root: Connected to localhost on port 52860
2021-03-18 22:44:42,363 INFO  [Thread-3] root: Message received by server -> Status: PROPAGATE_ADMIN
received adminmsg
2021-03-18 22:44:42,368 DEBUG [Thread-3] root: Getting successors
2021-03-18 22:44:42,368 DEBUG [Thread-3] root: Got successors
2021-03-18 22:44:42,368 DEBUG [Thread-3] root: Propagating to: 127.0.0.1:50089 127.0.0.1:50089
Starting commModule
2021-03-18 22:44:42,370 INFO  [Thread-0] root: Server communication module connected
2021-03-18 22:44:42,370 INFO  [Thread-3] root: Client communication module connected
2021-03-18 22:44:42,371 INFO  [Thread-0] root: Connected to localhost on port 52861
Starting commModule
2021-03-18 22:44:42,371 INFO  [Thread-0] root: Server communication module connected
2021-03-18 22:44:42,371 INFO  [Thread-3] root: Client communication module connected
2021-03-18 22:44:42,371 DEBUG [Thread-3] root: {}
2021-03-18 22:44:42,372 INFO  [Thread-0] root: Connected to localhost on port 52862
2021-03-18 22:44:42,372 INFO  [Thread-3] root: Message sent by server -> Status: PROPAGATE_SUCCESS
Starting commModule
2021-03-18 22:44:42,374 INFO  [Thread-0] root: Server communication module connected
2021-03-18 22:44:42,374 INFO  [Thread-0] root: Connected to localhost on port 52863
2021-03-18 22:44:42,377 INFO  [Thread-6] root: Message received by server -> Status: PUT Key: 1 Value: SIA1
2021-03-18 22:44:42,377 DEBUG [Thread-6] root: In serve
2021-03-18 22:44:42,377 DEBUG [Thread-6] root: Checking if stopped or write locked
2021-03-18 22:44:42,378 DEBUG [Thread-6] root: PUT request being served
2021-03-18 22:44:42,378 DEBUG [Thread-6] root: Checking if it's in range
2021-03-18 22:44:42,384 DEBUG [Thread-6] root: Got hostname and port -> 127.0.0.1:50089
2021-03-18 22:44:42,385 DEBUG [Thread-6] root: Got metadata range: eac6542808c8591ec45fbbfa21914a20:eac6542808c8591ec45fbbfa21914a1f
2021-03-18 22:44:42,385 DEBUG [Thread-6] root: 127.0.0.1:50089 -> eac6542808c8591ec45fbbfa21914a20:eac6542808c8591ec45fbbfa21914a1f
2021-03-18 22:44:42,385 DEBUG [Thread-6] root: Got range big ints
2021-03-18 22:44:42,385 DEBUG [Thread-6] root: Range end < range start
2021-03-18 22:44:42,385 DEBUG [Thread-6] root: Done with range check in server
2021-03-18 22:44:42,385 DEBUG [Thread-6] root: In range
2021-03-18 22:44:42,385 INFO  [Thread-6] root: Put: key = 1, value = SIA1
2021-03-18 22:44:42,386 DEBUG [Thread-6] root: Getting successors
2021-03-18 22:44:42,386 DEBUG [Thread-6] root: Got successors
2021-03-18 22:44:42,386 DEBUG [Thread-6] root: Propagating to: 127.0.0.1:50089 127.0.0.1:50089
Starting commModule
2021-03-18 22:44:42,387 INFO  [Thread-0] root: Server communication module connected
2021-03-18 22:44:42,387 INFO  [Thread-6] root: Client communication module connected
2021-03-18 22:44:42,387 INFO  [Thread-0] root: Connected to localhost on port 52864
Starting commModule
2021-03-18 22:44:42,387 INFO  [Thread-0] root: Server communication module connected
2021-03-18 22:44:42,387 INFO  [Thread-6] root: Client communication module connected
2021-03-18 22:44:42,387 DEBUG [Thread-6] root: {"1":"SIA1"}
2021-03-18 22:44:42,388 INFO  [Thread-0] root: Connected to localhost on port 52865
2021-03-18 22:44:42,389 INFO  [Thread-6] root: Message sent by client -> Status: PROPAGATE
2021-03-18 22:44:42,390 INFO  [Thread-7] root: Message received by server -> Status: PROPAGATE
2021-03-18 22:44:42,390 DEBUG [Thread-7] root: In serve
2021-03-18 22:44:42,390 DEBUG [Thread-7] root: Checking if stopped or write locked
2021-03-18 22:44:42,390 INFO  [Thread-6] root: Message sent by client -> Status: PROPAGATE
2021-03-18 22:44:42,390 DEBUG [Thread-7] root: Case propagate
2021-03-18 22:44:42,390 DEBUG [Thread-7] root: Passing to server
2021-03-18 22:44:42,390 DEBUG [Thread-7] root: Getting Predecessors
2021-03-18 22:44:42,390 DEBUG [Thread-7] root: Looking for 127.0.0.1:50089
2021-03-18 22:44:42,390 DEBUG [Thread-7] root: [127.0.0.1:50089]
2021-03-18 22:44:42,390 DEBUG [Thread-7] root: Predecessors:
2021-03-18 22:44:42,390 DEBUG [Thread-7] root: [127.0.0.1:50089, 127.0.0.1:50089]
2021-03-18 22:44:42,391 DEBUG [Thread-7] root: Looking for 127.0.0.1:50089
2021-03-18 22:44:42,390 INFO  [Thread-8] root: Message received by server -> Status: PROPAGATE
2021-03-18 22:44:42,391 DEBUG [Thread-7] root: Index of predecessor: 0
2021-03-18 22:44:42,391 DEBUG [Thread-8] root: In serve
2021-03-18 22:44:42,391 DEBUG [Thread-7] root: Server Stuff
2021-03-18 22:44:42,391 DEBUG [Thread-8] root: Checking if stopped or write locked
2021-03-18 22:44:42,391 DEBUG [Thread-8] root: Case propagate
2021-03-18 22:44:42,391 DEBUG [Thread-8] root: Passing to server
2021-03-18 22:44:42,391 INFO  [Thread-7] root: Put: key = 1, value = SIA1
2021-03-18 22:44:42,391 DEBUG [Thread-8] root: Getting Predecessors
2021-03-18 22:44:42,391 DEBUG [Thread-8] root: Looking for 127.0.0.1:50089
2021-03-18 22:44:42,391 DEBUG [Thread-8] root: [127.0.0.1:50089]
2021-03-18 22:44:42,391 DEBUG [Thread-8] root: Predecessors:
2021-03-18 22:44:42,391 DEBUG [Thread-8] root: [127.0.0.1:50089, 127.0.0.1:50089]
2021-03-18 22:44:42,392 DEBUG [Thread-8] root: Looking for 127.0.0.1:50089
2021-03-18 22:44:42,392 DEBUG [Thread-8] root: Index of predecessor: 0
2021-03-18 22:44:42,392 DEBUG [Thread-8] root: Server Stuff
2021-03-18 22:44:42,392 INFO  [Thread-7] root: Message sent by server -> Status: PROPAGATE_SUCCESS Key: null Value: null
2021-03-18 22:44:42,392 INFO  [Thread-8] root: Put: key = 1, value = SIA1
2021-03-18 22:44:42,392 INFO  [Thread-6] root: Message received by client -> Status: PROPAGATE_SUCCESS Key: null Value: null
2021-03-18 22:44:42,392 INFO  [Thread-8] root: Message sent by server -> Status: PROPAGATE_SUCCESS Key: null Value: null
2021-03-18 22:44:42,393 INFO  [Thread-6] root: Message received by client -> Status: PROPAGATE_SUCCESS Key: null Value: null
2021-03-18 22:44:42,393 INFO  [Thread-6] root: Message sent by server -> Status: PUT_SUCCESS Key: 1 Value: SIA1
2021-03-18 22:44:42,394 INFO  [Thread-6] root: Message received by server -> Status: PUT Key: 2 Value: SIA2
2021-03-18 22:44:42,394 DEBUG [Thread-6] root: In serve
2021-03-18 22:44:42,394 DEBUG [Thread-6] root: Checking if stopped or write locked
2021-03-18 22:44:42,394 DEBUG [Thread-6] root: PUT request being served
2021-03-18 22:44:42,394 DEBUG [Thread-6] root: Checking if it's in range
2021-03-18 22:44:42,394 DEBUG [Thread-6] root: Got hostname and port -> 127.0.0.1:50089
2021-03-18 22:44:42,394 DEBUG [Thread-6] root: Got metadata range: eac6542808c8591ec45fbbfa21914a20:eac6542808c8591ec45fbbfa21914a1f
2021-03-18 22:44:42,394 DEBUG [Thread-6] root: 127.0.0.1:50089 -> eac6542808c8591ec45fbbfa21914a20:eac6542808c8591ec45fbbfa21914a1f
2021-03-18 22:44:42,394 DEBUG [Thread-6] root: Got range big ints
2021-03-18 22:44:42,394 DEBUG [Thread-6] root: Range end < range start
2021-03-18 22:44:42,395 DEBUG [Thread-6] root: Done with range check in server
2021-03-18 22:44:42,395 DEBUG [Thread-6] root: In range
2021-03-18 22:44:42,395 INFO  [Thread-6] root: Put: key = 2, value = SIA2
2021-03-18 22:44:42,395 DEBUG [Thread-6] root: Getting successors
2021-03-18 22:44:42,395 DEBUG [Thread-6] root: Got successors
2021-03-18 22:44:42,395 DEBUG [Thread-6] root: Propagating to: 127.0.0.1:50089 127.0.0.1:50089
Starting commModule
2021-03-18 22:44:42,396 INFO  [Thread-0] root: Server communication module connected
2021-03-18 22:44:42,396 INFO  [Thread-6] root: Client communication module connected
2021-03-18 22:44:42,396 INFO  [Thread-0] root: Connected to localhost on port 52866
Starting commModule
2021-03-18 22:44:42,396 INFO  [Thread-6] root: Client communication module connected
2021-03-18 22:44:42,396 INFO  [Thread-0] root: Server communication module connected
2021-03-18 22:44:42,396 DEBUG [Thread-6] root: {"2":"SIA2"}
2021-03-18 22:44:42,397 INFO  [Thread-0] root: Connected to localhost on port 52867
2021-03-18 22:44:42,397 INFO  [Thread-6] root: Message sent by client -> Status: PROPAGATE
2021-03-18 22:44:42,397 INFO  [Thread-6] root: Message sent by client -> Status: PROPAGATE
2021-03-18 22:44:42,397 INFO  [Thread-9] root: Message received by server -> Status: PROPAGATE
2021-03-18 22:44:42,397 DEBUG [Thread-9] root: In serve
2021-03-18 22:44:42,397 DEBUG [Thread-9] root: Checking if stopped or write locked
2021-03-18 22:44:42,397 DEBUG [Thread-9] root: Case propagate
2021-03-18 22:44:42,398 DEBUG [Thread-9] root: Passing to server
2021-03-18 22:44:42,398 DEBUG [Thread-9] root: Getting Predecessors
2021-03-18 22:44:42,398 DEBUG [Thread-9] root: Looking for 127.0.0.1:50089
2021-03-18 22:44:42,398 DEBUG [Thread-9] root: [127.0.0.1:50089]
2021-03-18 22:44:42,398 INFO  [Thread-10] root: Message received by server -> Status: PROPAGATE
2021-03-18 22:44:42,398 DEBUG [Thread-10] root: In serve
2021-03-18 22:44:42,398 DEBUG [Thread-9] root: Predecessors:
2021-03-18 22:44:42,398 DEBUG [Thread-10] root: Checking if stopped or write locked
2021-03-18 22:44:42,398 DEBUG [Thread-10] root: Case propagate
2021-03-18 22:44:42,398 DEBUG [Thread-10] root: Passing to server
2021-03-18 22:44:42,398 DEBUG [Thread-9] root: [127.0.0.1:50089, 127.0.0.1:50089]
2021-03-18 22:44:42,398 DEBUG [Thread-10] root: Getting Predecessors
2021-03-18 22:44:42,398 DEBUG [Thread-9] root: Looking for 127.0.0.1:50089
2021-03-18 22:44:42,398 DEBUG [Thread-10] root: Looking for 127.0.0.1:50089
2021-03-18 22:44:42,398 DEBUG [Thread-10] root: [127.0.0.1:50089]
2021-03-18 22:44:42,398 DEBUG [Thread-9] root: Index of predecessor: 0
2021-03-18 22:44:42,398 DEBUG [Thread-10] root: Predecessors:
2021-03-18 22:44:42,398 DEBUG [Thread-9] root: Server Stuff
2021-03-18 22:44:42,398 DEBUG [Thread-10] root: [127.0.0.1:50089, 127.0.0.1:50089]
2021-03-18 22:44:42,398 DEBUG [Thread-10] root: Looking for 127.0.0.1:50089
2021-03-18 22:44:42,398 DEBUG [Thread-10] root: Index of predecessor: 0
2021-03-18 22:44:42,399 DEBUG [Thread-10] root: Server Stuff
2021-03-18 22:44:42,399 INFO  [Thread-9] root: Put: key = 2, value = SIA2
2021-03-18 22:44:42,399 INFO  [Thread-10] root: Put: key = 2, value = SIA2
2021-03-18 22:44:42,399 INFO  [Thread-9] root: Message sent by server -> Status: PROPAGATE_SUCCESS Key: null Value: null
2021-03-18 22:44:42,399 INFO  [Thread-6] root: Message received by client -> Status: PROPAGATE_SUCCESS Key: null Value: null
2021-03-18 22:44:42,400 INFO  [Thread-10] root: Message sent by server -> Status: PROPAGATE_SUCCESS Key: null Value: null
2021-03-18 22:44:42,400 INFO  [Thread-6] root: Message received by client -> Status: PROPAGATE_SUCCESS Key: null Value: null
2021-03-18 22:44:42,400 INFO  [Thread-6] root: Message sent by server -> Status: PUT_SUCCESS Key: 2 Value: SIA2
2021-03-18 22:44:42,400 INFO  [Thread-6] root: Message received by server -> Status: PUT Key: 3 Value: SIA3
2021-03-18 22:44:42,400 DEBUG [Thread-6] root: In serve
2021-03-18 22:44:42,400 DEBUG [Thread-6] root: Checking if stopped or write locked
2021-03-18 22:44:42,401 DEBUG [Thread-6] root: PUT request being served
2021-03-18 22:44:42,401 DEBUG [Thread-6] root: Checking if it's in range
2021-03-18 22:44:42,401 DEBUG [Thread-6] root: Got hostname and port -> 127.0.0.1:50089
2021-03-18 22:44:42,401 DEBUG [Thread-6] root: Got metadata range: eac6542808c8591ec45fbbfa21914a20:eac6542808c8591ec45fbbfa21914a1f
2021-03-18 22:44:42,401 DEBUG [Thread-6] root: 127.0.0.1:50089 -> eac6542808c8591ec45fbbfa21914a20:eac6542808c8591ec45fbbfa21914a1f
2021-03-18 22:44:42,401 DEBUG [Thread-6] root: Got range big ints
2021-03-18 22:44:42,401 DEBUG [Thread-6] root: Range end < range start
2021-03-18 22:44:42,401 DEBUG [Thread-6] root: Done with range check in server
2021-03-18 22:44:42,401 DEBUG [Thread-6] root: In range
2021-03-18 22:44:42,401 INFO  [Thread-6] root: Put: key = 3, value = SIA3
2021-03-18 22:44:42,401 DEBUG [Thread-6] root: Getting successors
2021-03-18 22:44:42,401 DEBUG [Thread-6] root: Got successors
2021-03-18 22:44:42,402 DEBUG [Thread-6] root: Propagating to: 127.0.0.1:50089 127.0.0.1:50089
Starting commModule
2021-03-18 22:44:42,402 INFO  [Thread-6] root: Client communication module connected
2021-03-18 22:44:42,402 INFO  [Thread-0] root: Server communication module connected
2021-03-18 22:44:42,402 INFO  [Thread-0] root: Connected to localhost on port 52868
Starting commModule
2021-03-18 22:44:42,403 INFO  [Thread-6] root: Client communication module connected
2021-03-18 22:44:42,403 DEBUG [Thread-6] root: {"3":"SIA3"}
2021-03-18 22:44:42,403 INFO  [Thread-0] root: Server communication module connected
2021-03-18 22:44:42,403 INFO  [Thread-6] root: Message sent by client -> Status: PROPAGATE
2021-03-18 22:44:42,403 INFO  [Thread-0] root: Connected to localhost on port 52869
2021-03-18 22:44:42,403 INFO  [Thread-6] root: Message sent by client -> Status: PROPAGATE
2021-03-18 22:44:42,403 INFO  [Thread-11] root: Message received by server -> Status: PROPAGATE
2021-03-18 22:44:42,404 DEBUG [Thread-11] root: In serve
2021-03-18 22:44:42,404 DEBUG [Thread-11] root: Checking if stopped or write locked
2021-03-18 22:44:42,404 DEBUG [Thread-11] root: Case propagate
2021-03-18 22:44:42,404 DEBUG [Thread-11] root: Passing to server
2021-03-18 22:44:42,404 DEBUG [Thread-11] root: Getting Predecessors
2021-03-18 22:44:42,404 DEBUG [Thread-11] root: Looking for 127.0.0.1:50089
2021-03-18 22:44:42,404 INFO  [Thread-12] root: Message received by server -> Status: PROPAGATE
2021-03-18 22:44:42,404 DEBUG [Thread-11] root: [127.0.0.1:50089]
2021-03-18 22:44:42,404 DEBUG [Thread-11] root: Predecessors:
2021-03-18 22:44:42,404 DEBUG [Thread-11] root: [127.0.0.1:50089, 127.0.0.1:50089]
2021-03-18 22:44:42,404 DEBUG [Thread-11] root: Looking for 127.0.0.1:50089
2021-03-18 22:44:42,404 DEBUG [Thread-11] root: Index of predecessor: 0
2021-03-18 22:44:42,404 DEBUG [Thread-11] root: Server Stuff
2021-03-18 22:44:42,404 DEBUG [Thread-12] root: In serve
2021-03-18 22:44:42,404 DEBUG [Thread-12] root: Checking if stopped or write locked
2021-03-18 22:44:42,404 DEBUG [Thread-12] root: Case propagate
2021-03-18 22:44:42,404 DEBUG [Thread-12] root: Passing to server
2021-03-18 22:44:42,404 DEBUG [Thread-12] root: Getting Predecessors
2021-03-18 22:44:42,404 INFO  [Thread-11] root: Put: key = 3, value = SIA3
2021-03-18 22:44:42,404 DEBUG [Thread-12] root: Looking for 127.0.0.1:50089
2021-03-18 22:44:42,404 DEBUG [Thread-12] root: [127.0.0.1:50089]
2021-03-18 22:44:42,404 DEBUG [Thread-12] root: Predecessors:
2021-03-18 22:44:42,404 DEBUG [Thread-12] root: [127.0.0.1:50089, 127.0.0.1:50089]
2021-03-18 22:44:42,404 DEBUG [Thread-12] root: Looking for 127.0.0.1:50089
2021-03-18 22:44:42,404 DEBUG [Thread-12] root: Index of predecessor: 0
2021-03-18 22:44:42,405 DEBUG [Thread-12] root: Server Stuff
2021-03-18 22:44:42,405 INFO  [Thread-11] root: Message sent by server -> Status: PROPAGATE_SUCCESS Key: null Value: null
2021-03-18 22:44:42,405 INFO  [Thread-12] root: Put: key = 3, value = SIA3
2021-03-18 22:44:42,405 INFO  [Thread-6] root: Message received by client -> Status: PROPAGATE_SUCCESS Key: null Value: null
2021-03-18 22:44:42,405 INFO  [Thread-12] root: Message sent by server -> Status: PROPAGATE_SUCCESS Key: null Value: null
2021-03-18 22:44:42,405 INFO  [Thread-6] root: Message received by client -> Status: PROPAGATE_SUCCESS Key: null Value: null
2021-03-18 22:44:42,405 INFO  [Thread-6] root: Message sent by server -> Status: PUT_SUCCESS Key: 3 Value: SIA3
2021-03-18 22:44:42,406 INFO  [Thread-6] root: Message received by server -> Status: PUT Key: 4 Value: SIA4
2021-03-18 22:44:42,406 DEBUG [Thread-6] root: In serve
2021-03-18 22:44:42,406 DEBUG [Thread-6] root: Checking if stopped or write locked
2021-03-18 22:44:42,406 DEBUG [Thread-6] root: PUT request being served
2021-03-18 22:44:42,406 DEBUG [Thread-6] root: Checking if it's in range
2021-03-18 22:44:42,406 DEBUG [Thread-6] root: Got hostname and port -> 127.0.0.1:50089
2021-03-18 22:44:42,406 DEBUG [Thread-6] root: Got metadata range: eac6542808c8591ec45fbbfa21914a20:eac6542808c8591ec45fbbfa21914a1f
2021-03-18 22:44:42,406 DEBUG [Thread-6] root: 127.0.0.1:50089 -> eac6542808c8591ec45fbbfa21914a20:eac6542808c8591ec45fbbfa21914a1f
2021-03-18 22:44:42,406 DEBUG [Thread-6] root: Got range big ints
2021-03-18 22:44:42,406 DEBUG [Thread-6] root: Range end < range start
2021-03-18 22:44:42,406 DEBUG [Thread-6] root: Done with range check in server
2021-03-18 22:44:42,406 DEBUG [Thread-6] root: In range
2021-03-18 22:44:42,406 INFO  [Thread-6] root: Put: key = 4, value = SIA4
2021-03-18 22:44:42,407 DEBUG [Thread-6] root: Getting successors
2021-03-18 22:44:42,407 DEBUG [Thread-6] root: Got successors
2021-03-18 22:44:42,407 DEBUG [Thread-6] root: Propagating to: 127.0.0.1:50089 127.0.0.1:50089
Starting commModule
2021-03-18 22:44:42,407 INFO  [Thread-6] root: Client communication module connected
2021-03-18 22:44:42,407 INFO  [Thread-0] root: Server communication module connected
2021-03-18 22:44:42,408 INFO  [Thread-0] root: Connected to localhost on port 52870
Starting commModule
2021-03-18 22:44:42,408 INFO  [Thread-0] root: Server communication module connected
2021-03-18 22:44:42,408 INFO  [Thread-6] root: Client communication module connected
2021-03-18 22:44:42,408 DEBUG [Thread-6] root: {"4":"SIA4"}
2021-03-18 22:44:42,408 INFO  [Thread-0] root: Connected to localhost on port 52871
2021-03-18 22:44:42,409 INFO  [Thread-6] root: Message sent by client -> Status: PROPAGATE
2021-03-18 22:44:42,409 INFO  [Thread-13] root: Message received by server -> Status: PROPAGATE
2021-03-18 22:44:42,409 DEBUG [Thread-13] root: In serve
2021-03-18 22:44:42,409 DEBUG [Thread-13] root: Checking if stopped or write locked
2021-03-18 22:44:42,409 DEBUG [Thread-13] root: Case propagate
2021-03-18 22:44:42,409 DEBUG [Thread-13] root: Passing to server
2021-03-18 22:44:42,409 INFO  [Thread-6] root: Message sent by client -> Status: PROPAGATE
2021-03-18 22:44:42,409 DEBUG [Thread-13] root: Getting Predecessors
2021-03-18 22:44:42,409 DEBUG [Thread-13] root: Looking for 127.0.0.1:50089
2021-03-18 22:44:42,409 DEBUG [Thread-13] root: [127.0.0.1:50089]
2021-03-18 22:44:42,409 INFO  [Thread-14] root: Message received by server -> Status: PROPAGATE
2021-03-18 22:44:42,409 DEBUG [Thread-13] root: Predecessors:
2021-03-18 22:44:42,409 DEBUG [Thread-14] root: In serve
2021-03-18 22:44:42,409 DEBUG [Thread-13] root: [127.0.0.1:50089, 127.0.0.1:50089]
2021-03-18 22:44:42,410 DEBUG [Thread-14] root: Checking if stopped or write locked
2021-03-18 22:44:42,410 DEBUG [Thread-14] root: Case propagate
2021-03-18 22:44:42,410 DEBUG [Thread-13] root: Looking for 127.0.0.1:50089
2021-03-18 22:44:42,410 DEBUG [Thread-14] root: Passing to server
2021-03-18 22:44:42,410 DEBUG [Thread-13] root: Index of predecessor: 0
2021-03-18 22:44:42,410 DEBUG [Thread-13] root: Server Stuff
2021-03-18 22:44:42,410 DEBUG [Thread-14] root: Getting Predecessors
2021-03-18 22:44:42,410 DEBUG [Thread-14] root: Looking for 127.0.0.1:50089
2021-03-18 22:44:42,410 DEBUG [Thread-14] root: [127.0.0.1:50089]
2021-03-18 22:44:42,410 DEBUG [Thread-14] root: Predecessors:
2021-03-18 22:44:42,410 DEBUG [Thread-14] root: [127.0.0.1:50089, 127.0.0.1:50089]
2021-03-18 22:44:42,410 INFO  [Thread-13] root: Put: key = 4, value = SIA4
2021-03-18 22:44:42,410 DEBUG [Thread-14] root: Looking for 127.0.0.1:50089
2021-03-18 22:44:42,410 DEBUG [Thread-14] root: Index of predecessor: 0
2021-03-18 22:44:42,410 DEBUG [Thread-14] root: Server Stuff
2021-03-18 22:44:42,410 INFO  [Thread-13] root: Message sent by server -> Status: PROPAGATE_SUCCESS Key: null Value: null
2021-03-18 22:44:42,410 INFO  [Thread-14] root: Put: key = 4, value = SIA4
2021-03-18 22:44:42,411 INFO  [Thread-6] root: Message received by client -> Status: PROPAGATE_SUCCESS Key: null Value: null
2021-03-18 22:44:42,411 INFO  [Thread-14] root: Message sent by server -> Status: PROPAGATE_SUCCESS Key: null Value: null
2021-03-18 22:44:42,411 INFO  [Thread-6] root: Message received by client -> Status: PROPAGATE_SUCCESS Key: null Value: null
2021-03-18 22:44:42,411 INFO  [Thread-6] root: Message sent by server -> Status: PUT_SUCCESS Key: 4 Value: SIA4
Starting commModule
2021-03-18 22:44:42,893 INFO  [Thread-0] root: Server communication module connected
2021-03-18 22:44:42,894 INFO  [Thread-0] root: Connected to localhost on port 52875
2021-03-18 22:44:42,895 INFO  [Thread-15] root: Message received by server -> Status: UPDATE
received adminmsg
2021-03-18 22:44:42,895 INFO  [Thread-15] root: Message sent by server -> Status: UPDATE_SUCCESS
Starting commModule
2021-03-18 22:44:42,896 INFO  [Thread-0] root: Server communication module connected
2021-03-18 22:44:42,897 INFO  [Thread-0] root: Connected to localhost on port 52876
2021-03-18 22:44:42,898 INFO  [Thread-16] root: Message received by server -> Status: PROPAGATE_ADMIN
received adminmsg
2021-03-18 22:44:42,898 DEBUG [Thread-16] root: Getting successors
2021-03-18 22:44:42,898 DEBUG [Thread-16] root: Got successors
2021-03-18 22:44:42,898 DEBUG [Thread-16] root: Propagating to: 127.0.0.1:50036 127.0.0.1:50089
2021-03-18 22:44:42,899 INFO  [Thread-16] root: Client communication module connected
Starting commModule
2021-03-18 22:44:42,899 INFO  [Thread-0] root: Server communication module connected
2021-03-18 22:44:42,899 INFO  [Thread-16] root: Client communication module connected
2021-03-18 22:44:42,899 DEBUG [Thread-16] root: {"1":"SIA1","2":"SIA2","3":"SIA3","4":"SIA4"}
2021-03-18 22:44:42,900 INFO  [Thread-0] root: Connected to localhost on port 52878
2021-03-18 22:44:42,901 INFO  [Thread-16] root: Message sent by client -> Status: PROPAGATE
2021-03-18 22:44:42,901 INFO  [Thread-16] root: Message sent by client -> Status: PROPAGATE
2021-03-18 22:44:42,902 INFO  [Thread-17] root: Message received by server -> Status: PROPAGATE
2021-03-18 22:44:42,902 DEBUG [Thread-17] root: In serve
2021-03-18 22:44:42,902 DEBUG [Thread-17] root: Checking if stopped or write locked
2021-03-18 22:44:42,902 DEBUG [Thread-17] root: Case propagate
2021-03-18 22:44:42,902 DEBUG [Thread-17] root: Passing to server
2021-03-18 22:44:42,902 DEBUG [Thread-17] root: Getting Predecessors
2021-03-18 22:44:42,902 DEBUG [Thread-17] root: Looking for 127.0.0.1:50089
2021-03-18 22:44:42,902 DEBUG [Thread-17] root: [127.0.0.1:50036, 127.0.0.1:50089]
2021-03-18 22:44:42,902 DEBUG [Thread-17] root: Predecessors:
2021-03-18 22:44:42,902 DEBUG [Thread-17] root: [127.0.0.1:50089, 127.0.0.1:50036]
2021-03-18 22:44:42,903 DEBUG [Thread-17] root: Looking for 127.0.0.1:50089
2021-03-18 22:44:42,903 DEBUG [Thread-17] root: Index of predecessor: 0
2021-03-18 22:44:42,903 DEBUG [Thread-17] root: Server Stuff
2021-03-18 22:44:42,903 INFO  [Thread-17] root: Put: key = 1, value = SIA1
2021-03-18 22:44:42,903 INFO  [Thread-17] root: Put: key = 2, value = SIA2
2021-03-18 22:44:42,904 INFO  [Thread-17] root: Put: key = 3, value = SIA3
2021-03-18 22:44:42,904 INFO  [Thread-17] root: Put: key = 4, value = SIA4
2021-03-18 22:44:42,905 INFO  [Thread-17] root: Message sent by server -> Status: PROPAGATE_SUCCESS Key: null Value: null
2021-03-18 22:44:42,915 INFO  [Thread-16] root: Message received by client -> Status: PROPAGATE_SUCCESS Key: null Value: null
2021-03-18 22:44:42,915 INFO  [Thread-16] root: Message received by client -> Status: PROPAGATE_SUCCESS Key: null Value: null
2021-03-18 22:44:42,915 INFO  [Thread-16] root: Message sent by server -> Status: PROPAGATE_SUCCESS
Starting commModule
2021-03-18 22:44:42,916 INFO  [Thread-0] root: Server communication module connected
2021-03-18 22:44:42,917 INFO  [Thread-18] root: Message received by server -> Status: MOVE_DATA
received adminmsg
2021-03-18 22:44:42,917 INFO  [Thread-0] root: Connected to localhost on port 52879
2021-03-18 22:44:42,917 DEBUG [Thread-18] root: Input data: 
2021-03-18 22:44:42,917 DEBUG [Thread-18] root: eac6542808c8591ec45fbbfa21914a20:e65098d2af86c1e2bcc991a809156600
2021-03-18 22:44:42,917 DEBUG [Thread-18] root: 127.0.0.1:50036
2021-03-18 22:44:42,918 INFO  [Thread-18] root: Client communication module connected
2021-03-18 22:44:42,918 DEBUG [Thread-18] root: Host: 127.0.0.1
2021-03-18 22:44:42,918 DEBUG [Thread-18] root: Port: 50036
2021-03-18 22:44:42,918 DEBUG [Thread-18] root: Range: eac6542808c8591ec45fbbfa21914a20:e65098d2af86c1e2bcc991a809156600
2021-03-18 22:44:42,919 DEBUG [Thread-18] root: In interator.
2021-03-18 22:44:42,919 DEBUG [Thread-18] root: Key: 1
2021-03-18 22:44:42,920 DEBUG [Thread-18] root: KeyHash: 261578874264819908609102035485573088411
2021-03-18 22:44:42,920 DEBUG [Thread-18] root: In range? true
2021-03-18 22:44:42,920 DEBUG [Thread-18] root: Adding key to flush
2021-03-18 22:44:42,920 DEBUG [Thread-18] root: Added key to flush
2021-03-18 22:44:42,920 DEBUG [Thread-18] root: Getting key value
2021-03-18 22:44:42,920 DEBUG [Thread-18] root: Got key value
2021-03-18 22:44:42,920 DEBUG [Thread-18] root: KVPair: 1:SIA1
2021-03-18 22:44:42,920 INFO  [Thread-18] root: Message sent by client -> Status: PUT Key: 1 Value: SIA1
Starting commModule
2021-03-18 22:44:42,932 INFO  [Thread-0] root: Server communication module connected
2021-03-18 22:44:42,933 INFO  [Thread-0] root: Connected to localhost on port 52881
2021-03-18 22:44:42,935 INFO  [Thread-19] root: Message received by server -> Status: PROPAGATE
2021-03-18 22:44:42,935 DEBUG [Thread-19] root: In serve
2021-03-18 22:44:42,935 DEBUG [Thread-19] root: Checking if stopped or write locked
2021-03-18 22:44:42,936 DEBUG [Thread-19] root: Case propagate
2021-03-18 22:44:42,936 DEBUG [Thread-19] root: Passing to server
2021-03-18 22:44:42,936 DEBUG [Thread-19] root: Getting Predecessors
2021-03-18 22:44:42,936 DEBUG [Thread-19] root: Looking for 127.0.0.1:50089
2021-03-18 22:44:42,936 DEBUG [Thread-19] root: [127.0.0.1:50036, 127.0.0.1:50089]
2021-03-18 22:44:42,936 DEBUG [Thread-19] root: Predecessors:
2021-03-18 22:44:42,936 DEBUG [Thread-19] root: [127.0.0.1:50089, 127.0.0.1:50036]
2021-03-18 22:44:42,936 DEBUG [Thread-19] root: Looking for 127.0.0.1:50036
2021-03-18 22:44:42,936 DEBUG [Thread-19] root: Index of predecessor: 1
2021-03-18 22:44:42,936 DEBUG [Thread-19] root: Server Stuff
2021-03-18 22:44:42,936 INFO  [Thread-19] root: Put: key = 1, value = SIA1
2021-03-18 22:44:42,937 INFO  [Thread-19] root: Message sent by server -> Status: PROPAGATE_SUCCESS Key: null Value: null
2021-03-18 22:44:42,939 INFO  [Thread-18] root: Message received by client -> Status: PUT_SUCCESS Key: 1 Value: SIA1
2021-03-18 22:44:42,939 DEBUG [Thread-18] root: In interator.
2021-03-18 22:44:42,939 DEBUG [Thread-18] root: Key: 2
2021-03-18 22:44:42,939 DEBUG [Thread-18] root: KeyHash: 266003691477286198901011725417809479212
2021-03-18 22:44:42,939 DEBUG [Thread-18] root: In range? true
2021-03-18 22:44:42,939 DEBUG [Thread-18] root: Adding key to flush
2021-03-18 22:44:42,939 DEBUG [Thread-18] root: Added key to flush
2021-03-18 22:44:42,940 DEBUG [Thread-18] root: Getting key value
2021-03-18 22:44:42,940 DEBUG [Thread-18] root: Got key value
2021-03-18 22:44:42,940 DEBUG [Thread-18] root: KVPair: 2:SIA2
2021-03-18 22:44:42,940 INFO  [Thread-18] root: Message sent by client -> Status: PUT Key: 2 Value: SIA2
Starting commModule
2021-03-18 22:44:42,942 INFO  [Thread-0] root: Server communication module connected
2021-03-18 22:44:42,943 INFO  [Thread-0] root: Connected to localhost on port 52883
2021-03-18 22:44:42,944 INFO  [Thread-20] root: Message received by server -> Status: PROPAGATE
2021-03-18 22:44:42,944 DEBUG [Thread-20] root: In serve
2021-03-18 22:44:42,944 DEBUG [Thread-20] root: Checking if stopped or write locked
2021-03-18 22:44:42,944 DEBUG [Thread-20] root: Case propagate
2021-03-18 22:44:42,944 DEBUG [Thread-20] root: Passing to server
2021-03-18 22:44:42,944 DEBUG [Thread-20] root: Getting Predecessors
2021-03-18 22:44:42,944 DEBUG [Thread-20] root: Looking for 127.0.0.1:50089
2021-03-18 22:44:42,944 DEBUG [Thread-20] root: [127.0.0.1:50036, 127.0.0.1:50089]
2021-03-18 22:44:42,944 DEBUG [Thread-20] root: Predecessors:
2021-03-18 22:44:42,944 DEBUG [Thread-20] root: [127.0.0.1:50089, 127.0.0.1:50036]
2021-03-18 22:44:42,944 DEBUG [Thread-20] root: Looking for 127.0.0.1:50036
2021-03-18 22:44:42,944 DEBUG [Thread-20] root: Index of predecessor: 1
2021-03-18 22:44:42,944 DEBUG [Thread-20] root: Server Stuff
2021-03-18 22:44:42,945 INFO  [Thread-20] root: Put: key = 2, value = SIA2
2021-03-18 22:44:42,945 INFO  [Thread-20] root: Message sent by server -> Status: PROPAGATE_SUCCESS Key: null Value: null
2021-03-18 22:44:42,947 INFO  [Thread-18] root: Message received by client -> Status: PUT_SUCCESS Key: 2 Value: SIA2
2021-03-18 22:44:42,947 DEBUG [Thread-18] root: In interator.
2021-03-18 22:44:42,947 DEBUG [Thread-18] root: Key: 3
2021-03-18 22:44:42,947 DEBUG [Thread-18] root: KeyHash: 314755909755515592000481005244904880883
2021-03-18 22:44:42,947 DEBUG [Thread-18] root: In range? true
2021-03-18 22:44:42,947 DEBUG [Thread-18] root: Adding key to flush
2021-03-18 22:44:42,947 DEBUG [Thread-18] root: Added key to flush
2021-03-18 22:44:42,947 DEBUG [Thread-18] root: Getting key value
2021-03-18 22:44:42,947 DEBUG [Thread-18] root: Got key value
2021-03-18 22:44:42,947 DEBUG [Thread-18] root: KVPair: 3:SIA3
2021-03-18 22:44:42,947 INFO  [Thread-18] root: Message sent by client -> Status: PUT Key: 3 Value: SIA3
Starting commModule
2021-03-18 22:44:42,950 INFO  [Thread-0] root: Server communication module connected
2021-03-18 22:44:42,950 INFO  [Thread-0] root: Connected to localhost on port 52885
2021-03-18 22:44:42,951 INFO  [Thread-21] root: Message received by server -> Status: PROPAGATE
2021-03-18 22:44:42,951 DEBUG [Thread-21] root: In serve
2021-03-18 22:44:42,952 DEBUG [Thread-21] root: Checking if stopped or write locked
2021-03-18 22:44:42,952 DEBUG [Thread-21] root: Case propagate
2021-03-18 22:44:42,952 DEBUG [Thread-21] root: Passing to server
2021-03-18 22:44:42,952 DEBUG [Thread-21] root: Getting Predecessors
2021-03-18 22:44:42,952 DEBUG [Thread-21] root: Looking for 127.0.0.1:50089
2021-03-18 22:44:42,952 DEBUG [Thread-21] root: [127.0.0.1:50036, 127.0.0.1:50089]
2021-03-18 22:44:42,952 DEBUG [Thread-21] root: Predecessors:
2021-03-18 22:44:42,952 DEBUG [Thread-21] root: [127.0.0.1:50089, 127.0.0.1:50036]
2021-03-18 22:44:42,952 DEBUG [Thread-21] root: Looking for 127.0.0.1:50036
2021-03-18 22:44:42,952 DEBUG [Thread-21] root: Index of predecessor: 1
2021-03-18 22:44:42,952 DEBUG [Thread-21] root: Server Stuff
2021-03-18 22:44:42,952 INFO  [Thread-21] root: Put: key = 3, value = SIA3
2021-03-18 22:44:42,953 INFO  [Thread-21] root: Message sent by server -> Status: PROPAGATE_SUCCESS Key: null Value: null
2021-03-18 22:44:42,954 INFO  [Thread-18] root: Message received by client -> Status: PUT_SUCCESS Key: 3 Value: SIA3
2021-03-18 22:44:42,954 DEBUG [Thread-18] root: In interator.
2021-03-18 22:44:42,954 DEBUG [Thread-18] root: Key: 4
2021-03-18 22:44:42,954 DEBUG [Thread-18] root: KeyHash: 223974724102701384270894320508706361900
2021-03-18 22:44:42,954 DEBUG [Thread-18] root: In range? true
2021-03-18 22:44:42,955 DEBUG [Thread-18] root: Adding key to flush
2021-03-18 22:44:42,955 DEBUG [Thread-18] root: Added key to flush
2021-03-18 22:44:42,955 DEBUG [Thread-18] root: Getting key value
2021-03-18 22:44:42,955 DEBUG [Thread-18] root: Got key value
2021-03-18 22:44:42,955 DEBUG [Thread-18] root: KVPair: 4:SIA4
2021-03-18 22:44:42,955 INFO  [Thread-18] root: Message sent by client -> Status: PUT Key: 4 Value: SIA4
Starting commModule
2021-03-18 22:44:42,957 INFO  [Thread-0] root: Server communication module connected
2021-03-18 22:44:42,957 INFO  [Thread-0] root: Connected to localhost on port 52887
2021-03-18 22:44:42,958 INFO  [Thread-22] root: Message received by server -> Status: PROPAGATE
2021-03-18 22:44:42,958 DEBUG [Thread-22] root: In serve
2021-03-18 22:44:42,958 DEBUG [Thread-22] root: Checking if stopped or write locked
2021-03-18 22:44:42,958 DEBUG [Thread-22] root: Case propagate
2021-03-18 22:44:42,958 DEBUG [Thread-22] root: Passing to server
2021-03-18 22:44:42,958 DEBUG [Thread-22] root: Getting Predecessors
2021-03-18 22:44:42,958 DEBUG [Thread-22] root: Looking for 127.0.0.1:50089
2021-03-18 22:44:42,958 DEBUG [Thread-22] root: [127.0.0.1:50036, 127.0.0.1:50089]
2021-03-18 22:44:42,958 DEBUG [Thread-22] root: Predecessors:
2021-03-18 22:44:42,958 DEBUG [Thread-22] root: [127.0.0.1:50089, 127.0.0.1:50036]
2021-03-18 22:44:42,958 DEBUG [Thread-22] root: Looking for 127.0.0.1:50036
2021-03-18 22:44:42,958 DEBUG [Thread-22] root: Index of predecessor: 1
2021-03-18 22:44:42,958 DEBUG [Thread-22] root: Server Stuff
2021-03-18 22:44:42,959 INFO  [Thread-22] root: Put: key = 4, value = SIA4
2021-03-18 22:44:42,959 INFO  [Thread-22] root: Message sent by server -> Status: PROPAGATE_SUCCESS Key: null Value: null
2021-03-18 22:44:42,961 INFO  [Thread-18] root: Message received by client -> Status: PUT_SUCCESS Key: 4 Value: SIA4
2021-03-18 22:44:42,961 DEBUG [Thread-18] root: Starting flush data
2021-03-18 22:44:42,961 INFO  [Thread-18] root: Delete: key = 1
2021-03-18 22:44:42,962 INFO  [Thread-18] root: Updating storage
2021-03-18 22:44:42,962 INFO  [Thread-18] root: Delete: key = 2
2021-03-18 22:44:42,962 INFO  [Thread-18] root: Updating storage
2021-03-18 22:44:42,962 INFO  [Thread-18] root: Delete: key = 3
2021-03-18 22:44:42,962 INFO  [Thread-18] root: Updating storage
2021-03-18 22:44:42,963 INFO  [Thread-18] root: Delete: key = 4
2021-03-18 22:44:42,963 INFO  [Thread-18] root: Updating storage
2021-03-18 22:44:42,963 DEBUG [Thread-18] root: Finished flush data
2021-03-18 22:44:42,963 DEBUG [Thread-18] root: Closing conn
2021-03-18 22:44:42,963 INFO  [Thread-18] root: Connection closed!
2021-03-18 22:44:42,963 DEBUG [Thread-18] root: Closed conn
2021-03-18 22:44:42,963 INFO  [Thread-18] root: Message sent by server -> Status: MOVE_DATA_SUCCESS
Starting commModule
2021-03-18 22:44:42,965 INFO  [Thread-0] root: Server communication module connected
2021-03-18 22:44:42,965 INFO  [Thread-0] root: Connected to localhost on port 52889
2021-03-18 22:44:42,966 INFO  [Thread-23] root: Message received by server -> Status: UPDATE
received adminmsg
2021-03-18 22:44:42,966 INFO  [Thread-23] root: Message sent by server -> Status: UPDATE_SUCCESS
Starting commModule
2021-03-18 22:44:42,970 INFO  [Thread-0] root: Server communication module connected
2021-03-18 22:44:42,971 INFO  [Thread-0] root: Connected to localhost on port 52891
2021-03-18 22:44:42,971 INFO  [Thread-24] root: Message received by server -> Status: PROPAGATE_ADMIN
received adminmsg
2021-03-18 22:44:42,971 DEBUG [Thread-24] root: Getting successors
2021-03-18 22:44:42,971 DEBUG [Thread-24] root: Got successors
2021-03-18 22:44:42,971 DEBUG [Thread-24] root: Propagating to: 127.0.0.1:50036 127.0.0.1:50089
2021-03-18 22:44:42,972 INFO  [Thread-24] root: Client communication module connected
Starting commModule
2021-03-18 22:44:42,972 INFO  [Thread-0] root: Server communication module connected
2021-03-18 22:44:42,972 INFO  [Thread-24] root: Client communication module connected
2021-03-18 22:44:42,972 DEBUG [Thread-24] root: {}
2021-03-18 22:44:42,973 INFO  [Thread-24] root: Message sent by server -> Status: PROPAGATE_SUCCESS
2021-03-18 22:44:42,973 INFO  [Thread-0] root: Connected to localhost on port 52893
Starting commModule
2021-03-18 22:44:42,976 INFO  [Thread-0] root: Server communication module connected
2021-03-18 22:44:42,976 INFO  [Thread-0] root: Connected to localhost on port 52895
2021-03-18 22:44:42,977 INFO  [Thread-26] root: Message received by server -> Status: PROPAGATE
2021-03-18 22:44:42,977 DEBUG [Thread-26] root: In serve
2021-03-18 22:44:42,977 DEBUG [Thread-26] root: Checking if stopped or write locked
2021-03-18 22:44:42,977 DEBUG [Thread-26] root: Case propagate
2021-03-18 22:44:42,977 DEBUG [Thread-26] root: Passing to server
2021-03-18 22:44:42,978 DEBUG [Thread-26] root: Getting Predecessors
2021-03-18 22:44:42,978 DEBUG [Thread-26] root: Looking for 127.0.0.1:50089
2021-03-18 22:44:42,978 DEBUG [Thread-26] root: [127.0.0.1:50036, 127.0.0.1:50089]
2021-03-18 22:44:42,978 DEBUG [Thread-26] root: Predecessors:
2021-03-18 22:44:42,978 DEBUG [Thread-26] root: [127.0.0.1:50089, 127.0.0.1:50036]
2021-03-18 22:44:42,978 DEBUG [Thread-26] root: Looking for 127.0.0.1:50036
2021-03-18 22:44:42,978 DEBUG [Thread-26] root: Index of predecessor: 1
2021-03-18 22:44:42,978 DEBUG [Thread-26] root: Server Stuff
2021-03-18 22:44:42,978 INFO  [Thread-26] root: Put: key = 1, value = SIA1
2021-03-18 22:44:42,978 INFO  [Thread-26] root: Put: key = 2, value = SIA2
2021-03-18 22:44:42,979 INFO  [Thread-26] root: Put: key = 3, value = SIA3
2021-03-18 22:44:42,979 INFO  [Thread-26] root: Put: key = 4, value = SIA4
2021-03-18 22:44:42,980 INFO  [Thread-26] root: Message sent by server -> Status: PROPAGATE_SUCCESS Key: null Value: null
2021-03-18 22:44:42,981 INFO  [Thread-6] root: Message received by server -> Status: GET Key: 1 Value: 
2021-03-18 22:44:42,982 DEBUG [Thread-6] root: In serve
2021-03-18 22:44:42,982 DEBUG [Thread-6] root: Checking if stopped or write locked
2021-03-18 22:44:42,982 DEBUG [Thread-6] root: Checking if it's in range
2021-03-18 22:44:42,982 DEBUG [Thread-6] root: Got hostname and port -> 127.0.0.1:50089
2021-03-18 22:44:42,982 DEBUG [Thread-6] root: Got metadata range: eac6542808c8591ec45fbbfa21914a20:eac6542808c8591ec45fbbfa21914a1f
2021-03-18 22:44:42,982 DEBUG [Thread-6] root: 127.0.0.1:50089 -> eac6542808c8591ec45fbbfa21914a20:eac6542808c8591ec45fbbfa21914a1f
2021-03-18 22:44:42,982 DEBUG [Thread-6] root: 127.0.0.1:50036 -> e65098d2af86c1e2bcc991a809156601:e65098d2af86c1e2bcc991a809156600
2021-03-18 22:44:42,982 DEBUG [Thread-6] root: Got range big ints
2021-03-18 22:44:42,982 DEBUG [Thread-6] root: Range end < range start
2021-03-18 22:44:42,982 DEBUG [Thread-6] root: Done with range check in server
2021-03-18 22:44:42,982 INFO  [Thread-6] root: Get: key = 1
2021-03-18 22:44:42,983 INFO  [Thread-6] root: Message sent by server -> Status: GET_SUCCESS Key: 1 Value: SIA1
2021-03-18 22:44:42,983 INFO  [Thread-6] root: Message received by server -> Status: GET Key: 2 Value: 
2021-03-18 22:44:42,983 DEBUG [Thread-6] root: In serve
2021-03-18 22:44:42,983 DEBUG [Thread-6] root: Checking if stopped or write locked
2021-03-18 22:44:42,983 DEBUG [Thread-6] root: Checking if it's in range
2021-03-18 22:44:42,983 DEBUG [Thread-6] root: Got hostname and port -> 127.0.0.1:50089
2021-03-18 22:44:42,983 DEBUG [Thread-6] root: Got metadata range: eac6542808c8591ec45fbbfa21914a20:eac6542808c8591ec45fbbfa21914a1f
2021-03-18 22:44:42,983 DEBUG [Thread-6] root: 127.0.0.1:50089 -> eac6542808c8591ec45fbbfa21914a20:eac6542808c8591ec45fbbfa21914a1f
2021-03-18 22:44:42,983 DEBUG [Thread-6] root: 127.0.0.1:50036 -> e65098d2af86c1e2bcc991a809156601:e65098d2af86c1e2bcc991a809156600
2021-03-18 22:44:42,984 DEBUG [Thread-6] root: Got range big ints
2021-03-18 22:44:42,984 DEBUG [Thread-6] root: Range end < range start
2021-03-18 22:44:42,984 DEBUG [Thread-6] root: Done with range check in server
2021-03-18 22:44:42,984 INFO  [Thread-6] root: Get: key = 2
2021-03-18 22:44:42,984 INFO  [Thread-6] root: Message sent by server -> Status: GET_SUCCESS Key: 2 Value: SIA2
2021-03-18 22:44:42,984 INFO  [Thread-6] root: Message received by server -> Status: GET Key: 3 Value: 
2021-03-18 22:44:42,984 DEBUG [Thread-6] root: In serve
2021-03-18 22:44:42,984 DEBUG [Thread-6] root: Checking if stopped or write locked
2021-03-18 22:44:42,985 DEBUG [Thread-6] root: Checking if it's in range
2021-03-18 22:44:42,985 DEBUG [Thread-6] root: Got hostname and port -> 127.0.0.1:50089
2021-03-18 22:44:42,985 DEBUG [Thread-6] root: Got metadata range: eac6542808c8591ec45fbbfa21914a20:eac6542808c8591ec45fbbfa21914a1f
2021-03-18 22:44:42,985 DEBUG [Thread-6] root: 127.0.0.1:50089 -> eac6542808c8591ec45fbbfa21914a20:eac6542808c8591ec45fbbfa21914a1f
2021-03-18 22:44:42,985 DEBUG [Thread-6] root: 127.0.0.1:50036 -> e65098d2af86c1e2bcc991a809156601:e65098d2af86c1e2bcc991a809156600
2021-03-18 22:44:42,985 DEBUG [Thread-6] root: Got range big ints
2021-03-18 22:44:42,985 DEBUG [Thread-6] root: Range end < range start
2021-03-18 22:44:42,985 DEBUG [Thread-6] root: Done with range check in server
2021-03-18 22:44:42,985 INFO  [Thread-6] root: Get: key = 3
2021-03-18 22:44:42,985 INFO  [Thread-6] root: Message sent by server -> Status: GET_SUCCESS Key: 3 Value: SIA3
2021-03-18 22:44:42,986 INFO  [Thread-6] root: Message received by server -> Status: GET Key: 4 Value: 
2021-03-18 22:44:42,986 DEBUG [Thread-6] root: In serve
2021-03-18 22:44:42,986 DEBUG [Thread-6] root: Checking if stopped or write locked
2021-03-18 22:44:42,986 DEBUG [Thread-6] root: Checking if it's in range
2021-03-18 22:44:42,986 DEBUG [Thread-6] root: Got hostname and port -> 127.0.0.1:50089
2021-03-18 22:44:42,986 DEBUG [Thread-6] root: Got metadata range: eac6542808c8591ec45fbbfa21914a20:eac6542808c8591ec45fbbfa21914a1f
2021-03-18 22:44:42,986 DEBUG [Thread-6] root: 127.0.0.1:50089 -> eac6542808c8591ec45fbbfa21914a20:eac6542808c8591ec45fbbfa21914a1f
2021-03-18 22:44:42,986 DEBUG [Thread-6] root: 127.0.0.1:50036 -> e65098d2af86c1e2bcc991a809156601:e65098d2af86c1e2bcc991a809156600
2021-03-18 22:44:42,986 DEBUG [Thread-6] root: Got range big ints
2021-03-18 22:44:42,986 DEBUG [Thread-6] root: Range end < range start
2021-03-18 22:44:42,986 DEBUG [Thread-6] root: Done with range check in server
2021-03-18 22:44:42,986 INFO  [Thread-6] root: Get: key = 4
2021-03-18 22:44:42,987 INFO  [Thread-6] root: Message sent by server -> Status: GET_SUCCESS Key: 4 Value: SIA4
2021-03-18 22:44:42,987 INFO  [Thread-6] root: Message received by server -> Status: PUT Key: 1 Value: null
2021-03-18 22:44:42,988 DEBUG [Thread-6] root: In serve
2021-03-18 22:44:42,988 DEBUG [Thread-6] root: Checking if stopped or write locked
2021-03-18 22:44:42,988 DEBUG [Thread-6] root: PUT request being served
2021-03-18 22:44:42,988 DEBUG [Thread-6] root: Checking if it's in range
2021-03-18 22:44:42,988 DEBUG [Thread-6] root: Got hostname and port -> 127.0.0.1:50089
2021-03-18 22:44:42,988 DEBUG [Thread-6] root: Got metadata range: e65098d2af86c1e2bcc991a809156601:eac6542808c8591ec45fbbfa21914a1f
2021-03-18 22:44:42,988 DEBUG [Thread-6] root: 127.0.0.1:50089 -> e65098d2af86c1e2bcc991a809156601:eac6542808c8591ec45fbbfa21914a1f
2021-03-18 22:44:42,988 DEBUG [Thread-6] root: 127.0.0.1:50036 -> eac6542808c8591ec45fbbfa21914a20:e65098d2af86c1e2bcc991a809156600
2021-03-18 22:44:42,988 DEBUG [Thread-6] root: Got range big ints
2021-03-18 22:44:42,988 DEBUG [Thread-6] root: Range start < range end
2021-03-18 22:44:42,988 DEBUG [Thread-6] root: Done with range check in server
2021-03-18 22:44:42,988 DEBUG [Thread-6] root: Not in range
2021-03-18 22:44:42,989 INFO  [Thread-6] root: Message sent by server -> Status: SERVER_NOT_RESPONSIBLE Key: 1 Value: null
Starting commModule
2021-03-18 22:44:42,993 INFO  [Thread-0] root: Server communication module connected
2021-03-18 22:44:42,994 INFO  [Thread-0] root: Connected to localhost on port 52898
2021-03-18 22:44:42,995 INFO  [Thread-27] root: Message received by server -> Status: PROPAGATE
2021-03-18 22:44:42,995 DEBUG [Thread-27] root: In serve
2021-03-18 22:44:42,995 DEBUG [Thread-27] root: Checking if stopped or write locked
2021-03-18 22:44:42,995 DEBUG [Thread-27] root: Case propagate
2021-03-18 22:44:42,995 DEBUG [Thread-27] root: Passing to server
2021-03-18 22:44:42,995 DEBUG [Thread-27] root: Getting Predecessors
2021-03-18 22:44:42,995 DEBUG [Thread-27] root: Looking for 127.0.0.1:50089
2021-03-18 22:44:42,995 DEBUG [Thread-27] root: [127.0.0.1:50036, 127.0.0.1:50089]
2021-03-18 22:44:42,995 DEBUG [Thread-27] root: Predecessors:
2021-03-18 22:44:42,995 DEBUG [Thread-27] root: [127.0.0.1:50089, 127.0.0.1:50036]
2021-03-18 22:44:42,995 DEBUG [Thread-27] root: Looking for 127.0.0.1:50036
2021-03-18 22:44:42,995 DEBUG [Thread-27] root: Index of predecessor: 1
2021-03-18 22:44:42,995 DEBUG [Thread-27] root: Server Stuff
2021-03-18 22:44:42,995 INFO  [Thread-27] root: Delete: key = 1
2021-03-18 22:44:42,996 INFO  [Thread-27] root: Updating storage
2021-03-18 22:44:42,996 INFO  [Thread-27] root: Message sent by server -> Status: PROPAGATE_SUCCESS Key: null Value: null
Starting commModule
2021-03-18 22:44:42,999 INFO  [Thread-0] root: Server communication module connected
2021-03-18 22:44:43,000 INFO  [Thread-0] root: Connected to localhost on port 52900
2021-03-18 22:44:43,001 INFO  [Thread-28] root: Message received by server -> Status: PROPAGATE
2021-03-18 22:44:43,001 DEBUG [Thread-28] root: In serve
2021-03-18 22:44:43,001 DEBUG [Thread-28] root: Checking if stopped or write locked
2021-03-18 22:44:43,001 DEBUG [Thread-28] root: Case propagate
2021-03-18 22:44:43,001 DEBUG [Thread-28] root: Passing to server
2021-03-18 22:44:43,001 DEBUG [Thread-28] root: Getting Predecessors
2021-03-18 22:44:43,001 DEBUG [Thread-28] root: Looking for 127.0.0.1:50089
2021-03-18 22:44:43,001 DEBUG [Thread-28] root: [127.0.0.1:50036, 127.0.0.1:50089]
2021-03-18 22:44:43,001 DEBUG [Thread-28] root: Predecessors:
2021-03-18 22:44:43,001 DEBUG [Thread-28] root: [127.0.0.1:50089, 127.0.0.1:50036]
2021-03-18 22:44:43,001 DEBUG [Thread-28] root: Looking for 127.0.0.1:50036
2021-03-18 22:44:43,001 DEBUG [Thread-28] root: Index of predecessor: 1
2021-03-18 22:44:43,001 DEBUG [Thread-28] root: Server Stuff
2021-03-18 22:44:43,001 INFO  [Thread-28] root: Delete: key = 2
2021-03-18 22:44:43,001 INFO  [Thread-28] root: Updating storage
2021-03-18 22:44:43,002 INFO  [Thread-28] root: Message sent by server -> Status: PROPAGATE_SUCCESS Key: null Value: null
Starting commModule
2021-03-18 22:44:43,005 INFO  [Thread-0] root: Server communication module connected
2021-03-18 22:44:43,005 INFO  [Thread-0] root: Connected to localhost on port 52902
2021-03-18 22:44:43,006 INFO  [Thread-29] root: Message received by server -> Status: PROPAGATE
2021-03-18 22:44:43,006 DEBUG [Thread-29] root: In serve
2021-03-18 22:44:43,006 DEBUG [Thread-29] root: Checking if stopped or write locked
2021-03-18 22:44:43,006 DEBUG [Thread-29] root: Case propagate
2021-03-18 22:44:43,006 DEBUG [Thread-29] root: Passing to server
2021-03-18 22:44:43,006 DEBUG [Thread-29] root: Getting Predecessors
2021-03-18 22:44:43,006 DEBUG [Thread-29] root: Looking for 127.0.0.1:50089
2021-03-18 22:44:43,006 DEBUG [Thread-29] root: [127.0.0.1:50036, 127.0.0.1:50089]
2021-03-18 22:44:43,006 DEBUG [Thread-29] root: Predecessors:
2021-03-18 22:44:43,006 DEBUG [Thread-29] root: [127.0.0.1:50089, 127.0.0.1:50036]
2021-03-18 22:44:43,006 DEBUG [Thread-29] root: Looking for 127.0.0.1:50036
2021-03-18 22:44:43,006 DEBUG [Thread-29] root: Index of predecessor: 1
2021-03-18 22:44:43,006 DEBUG [Thread-29] root: Server Stuff
2021-03-18 22:44:43,007 INFO  [Thread-29] root: Delete: key = 3
2021-03-18 22:44:43,007 INFO  [Thread-29] root: Updating storage
2021-03-18 22:44:43,007 INFO  [Thread-29] root: Message sent by server -> Status: PROPAGATE_SUCCESS Key: null Value: null
Starting commModule
2021-03-18 22:44:43,010 INFO  [Thread-0] root: Server communication module connected
2021-03-18 22:44:43,010 INFO  [Thread-0] root: Connected to localhost on port 52904
2021-03-18 22:44:43,011 INFO  [Thread-30] root: Message received by server -> Status: PROPAGATE
2021-03-18 22:44:43,011 DEBUG [Thread-30] root: In serve
2021-03-18 22:44:43,011 DEBUG [Thread-30] root: Checking if stopped or write locked
2021-03-18 22:44:43,011 DEBUG [Thread-30] root: Case propagate
2021-03-18 22:44:43,011 DEBUG [Thread-30] root: Passing to server
2021-03-18 22:44:43,011 DEBUG [Thread-30] root: Getting Predecessors
2021-03-18 22:44:43,011 DEBUG [Thread-30] root: Looking for 127.0.0.1:50089
2021-03-18 22:44:43,011 DEBUG [Thread-30] root: [127.0.0.1:50036, 127.0.0.1:50089]
2021-03-18 22:44:43,011 DEBUG [Thread-30] root: Predecessors:
2021-03-18 22:44:43,011 DEBUG [Thread-30] root: [127.0.0.1:50089, 127.0.0.1:50036]
2021-03-18 22:44:43,011 DEBUG [Thread-30] root: Looking for 127.0.0.1:50036
2021-03-18 22:44:43,011 DEBUG [Thread-30] root: Index of predecessor: 1
2021-03-18 22:44:43,011 DEBUG [Thread-30] root: Server Stuff
2021-03-18 22:44:43,011 INFO  [Thread-30] root: Delete: key = 4
2021-03-18 22:44:43,011 INFO  [Thread-30] root: Updating storage
2021-03-18 22:44:43,012 INFO  [Thread-30] root: Message sent by server -> Status: PROPAGATE_SUCCESS Key: null Value: null
Starting commModule
2021-03-18 22:44:43,014 INFO  [Thread-0] root: Server communication module connected
2021-03-18 22:44:43,014 INFO  [Thread-0] root: Connected to localhost on port 52906
2021-03-18 22:44:43,014 INFO  [Thread-31] root: Message received by server -> Status: SHUTDOWN
received adminmsg
2021-03-18 22:44:43,014 DEBUG [Thread-31] root: Closing the program
2021-03-18 22:44:43,015 INFO  [Thread-31] root: Message sent by server -> Status: SHUTDOWN_SUCCESS
2021-03-18 22:44:43,015 ERROR [Thread-0] root: Error! Unable to establish connection. 

java.net.SocketException: Socket closed
	at java.base/java.net.PlainSocketImpl.socketAccept(Native Method)
	at java.base/java.net.AbstractPlainSocketImpl.accept(AbstractPlainSocketImpl.java:458)
	at java.base/java.net.ServerSocket.implAccept(ServerSocket.java:565)
	at java.base/java.net.ServerSocket.accept(ServerSocket.java:533)
	at app_kvServer.KVServer.run(KVServer.java:408)
2021-03-18 22:44:43,017 INFO  [Thread-0] root: Server stopped.
2021-03-18 22:44:43,017 INFO  [Thread-0] root: Clearing KV Storage...
