2021-03-18 22:31:07,907 INFO  [main] root: Creating Storage Files
2021-03-18 22:31:07,907 INFO  [main] root: File created: server70.json
2021-03-18 22:31:07,908 INFO  [main] root: File created: server70_replica_1.json
2021-03-18 22:31:07,908 INFO  [main] root: File created: server70_replica_2.json
2021-03-18 22:31:07,908 INFO  [Thread-0] root: Initialize server ...
2021-03-18 22:31:07,923 INFO  [Thread-0] root: Server listening on port: 50069
2021-03-18 22:31:07,944 INFO  [Thread-0] org.apache.zookeeper.ZooKeeper: Client environment:zookeeper.version=3.6.2--803c7f1a12f85978cb049af5e4ef23bd8b688715, built on 09/04/2020 12:44 GMT
2021-03-18 22:31:07,944 INFO  [Thread-0] org.apache.zookeeper.ZooKeeper: Client environment:host.name=localhost
2021-03-18 22:31:07,945 INFO  [Thread-0] org.apache.zookeeper.ZooKeeper: Client environment:java.version=11.0.10
2021-03-18 22:31:07,945 INFO  [Thread-0] org.apache.zookeeper.ZooKeeper: Client environment:java.vendor=Azul Systems, Inc.
2021-03-18 22:31:07,945 INFO  [Thread-0] org.apache.zookeeper.ZooKeeper: Client environment:java.home=/Users/steve/Library/Java/JavaVirtualMachines/azul-11.0.10/Contents/Home
2021-03-18 22:31:07,945 INFO  [Thread-0] org.apache.zookeeper.ZooKeeper: Client environment:java.class.path=/Users/steve/Desktop/UofT/year4/winter2021/ECE419/milestone3/m3-server.jar
2021-03-18 22:31:07,945 INFO  [Thread-0] org.apache.zookeeper.ZooKeeper: Client environment:java.library.path=/Users/steve/Library/Java/Extensions:/Library/Java/Extensions:/Network/Library/Java/Extensions:/System/Library/Java/Extensions:/usr/lib/java:.
2021-03-18 22:31:07,945 INFO  [Thread-0] org.apache.zookeeper.ZooKeeper: Client environment:java.io.tmpdir=/var/folders/kz/3gb57nkn6ks6_07_dtt5lqvr0000gn/T/
2021-03-18 22:31:07,945 INFO  [Thread-0] org.apache.zookeeper.ZooKeeper: Client environment:java.compiler=<NA>
2021-03-18 22:31:07,945 INFO  [Thread-0] org.apache.zookeeper.ZooKeeper: Client environment:os.name=Mac OS X
2021-03-18 22:31:07,945 INFO  [Thread-0] org.apache.zookeeper.ZooKeeper: Client environment:os.arch=x86_64
2021-03-18 22:31:07,945 INFO  [Thread-0] org.apache.zookeeper.ZooKeeper: Client environment:os.version=10.16
2021-03-18 22:31:07,946 INFO  [Thread-0] org.apache.zookeeper.ZooKeeper: Client environment:user.name=steve
2021-03-18 22:31:07,946 INFO  [Thread-0] org.apache.zookeeper.ZooKeeper: Client environment:user.home=/Users/steve
2021-03-18 22:31:07,946 INFO  [Thread-0] org.apache.zookeeper.ZooKeeper: Client environment:user.dir=/Users/steve
2021-03-18 22:31:07,946 INFO  [Thread-0] org.apache.zookeeper.ZooKeeper: Client environment:os.memory.free=249MB
2021-03-18 22:31:07,946 INFO  [Thread-0] org.apache.zookeeper.ZooKeeper: Client environment:os.memory.max=4096MB
2021-03-18 22:31:07,946 INFO  [Thread-0] org.apache.zookeeper.ZooKeeper: Client environment:os.memory.total=256MB
2021-03-18 22:31:07,950 INFO  [Thread-0] org.apache.zookeeper.ZooKeeper: Initiating client connection, connectString=localhost:2181 sessionTimeout=3000 watcher=app_kvServer.KVServer$1@1b84e5c2
2021-03-18 22:31:07,954 INFO  [Thread-0] org.apache.zookeeper.common.X509Util: Setting -D jdk.tls.rejectClientInitiatedRenegotiation=true to disable client-initiated TLS renegotiation
2021-03-18 22:31:07,966 INFO  [Thread-0] org.apache.zookeeper.ClientCnxnSocket: jute.maxbuffer value is 1048575 Bytes
2021-03-18 22:31:07,973 INFO  [Thread-0] org.apache.zookeeper.ClientCnxn: zookeeper.request.timeout value is 0. feature enabled=false
2021-03-18 22:31:07,984 DEBUG [Thread-0-SendThread(localhost:2181)] org.apache.zookeeper.SaslServerPrincipal: Canonicalized address to localhost
2021-03-18 22:31:07,985 INFO  [Thread-0-SendThread(localhost:2181)] org.apache.zookeeper.ClientCnxn: Opening socket connection to server localhost/0:0:0:0:0:0:0:1:2181.
2021-03-18 22:31:07,985 INFO  [Thread-0-SendThread(localhost:2181)] org.apache.zookeeper.ClientCnxn: SASL config status: Will not attempt to authenticate using SASL (unknown error)
2021-03-18 22:31:08,001 INFO  [Thread-0-SendThread(localhost:2181)] org.apache.zookeeper.ClientCnxn: Socket connection established, initiating session, client: /0:0:0:0:0:0:0:1:52423, server: localhost/0:0:0:0:0:0:0:1:2181
2021-03-18 22:31:08,002 DEBUG [Thread-0-SendThread(localhost:2181)] org.apache.zookeeper.ClientCnxn: Session establishment request sent on localhost/0:0:0:0:0:0:0:1:2181
2021-03-18 22:31:08,032 TRACE [Thread-0-SendThread(localhost:2181)] org.apache.zookeeper.ClientCnxnSocket: readConnectResult 37 0x[0,0,0,0,0,0,f,ffffffa0,1,0,14,ffffffbd,52,70,0,69,0,0,0,10,37,5a,ffffff9f,25,ffffffe3,0,ffffffc2,ffffffb8,ffffffa5,76,31,ffffffb5,35,ffffffce,67,ffffff82,0,]
2021-03-18 22:31:08,035 INFO  [Thread-0-SendThread(localhost:2181)] org.apache.zookeeper.ClientCnxn: Session establishment complete on server localhost/0:0:0:0:0:0:0:1:2181, session id = 0x10014bd52700069, negotiated timeout = 4000
2021-03-18 22:31:08,039 DEBUG [Thread-0-EventThread] root: ZK event: 
2021-03-18 22:31:08,039 DEBUG [Thread-0-EventThread] root: WatchedEvent state:SyncConnected type:None path:null
2021-03-18 22:31:08,067 DEBUG [Thread-0-SendThread(localhost:2181)] org.apache.zookeeper.ClientCnxn: Reading reply session id: 0x10014bd52700069, packet:: clientPath:null serverPath:null finished:false header:: 1,1  replyHeader:: 1,352,0  request:: '/keeper/server70,,v{s{31,s{'world,'anyone}}},1  response:: '/keeper/server70 
2021-03-18 22:31:08,072 DEBUG [Thread-0-SendThread(localhost:2181)] org.apache.zookeeper.ClientCnxn: Reading reply session id: 0x10014bd52700069, packet:: clientPath:null serverPath:null finished:false header:: 2,3  replyHeader:: 2,352,0  request:: '/keeper/server70,T  response:: s{352,352,1616121068039,1616121068039,0,0,0,72080397402374249,0,0,352} 
2021-03-18 22:31:08,099 DEBUG [Thread-0-SendThread(localhost:2181)] org.apache.zookeeper.ClientCnxn: Got notification session id: 0x10014bd52700069
2021-03-18 22:31:08,100 DEBUG [Thread-0-SendThread(localhost:2181)] org.apache.zookeeper.ClientCnxn: Got WatchedEvent state:SyncConnected type:NodeDataChanged path:/keeper/server70 for session id 0x10014bd52700069
2021-03-18 22:31:08,102 DEBUG [Thread-0-EventThread] root: ZK event: 
2021-03-18 22:31:08,102 DEBUG [Thread-0-EventThread] root: WatchedEvent state:SyncConnected type:NodeDataChanged path:/keeper/server70
2021-03-18 22:31:08,103 DEBUG [Thread-0-SendThread(localhost:2181)] org.apache.zookeeper.ClientCnxn: Reading reply session id: 0x10014bd52700069, packet:: clientPath:null serverPath:null finished:false header:: 3,5  replyHeader:: 3,353,0  request:: '/keeper/server70,#3132372e302e302e313a3530303639,0  response:: s{352,353,1616121068039,1616121068073,1,0,0,72080397402374249,15,0,352} 
2021-03-18 22:31:08,103 INFO  [Thread-0] root: Node created at: /keeper/server70
Starting commModule
2021-03-18 22:31:08,111 INFO  [Thread-0] root: Server communication module connected
2021-03-18 22:31:08,111 INFO  [Thread-0] root: Connected to localhost on port 52424
2021-03-18 22:31:08,120 INFO  [Thread-1] root: Message received by server -> Status: INIT_SERVER
received adminmsg
2021-03-18 22:31:08,121 INFO  [Thread-1] root: Message sent by server -> Status: INIT_SERVER_SUCCESS
2021-03-18 22:31:08,121 INFO  [Thread-1] root: Message received by server -> Status: START
received adminmsg
2021-03-18 22:31:08,121 INFO  [Thread-1] root: Message sent by server -> Status: START_SUCCESS
Starting commModule
2021-03-18 22:31:08,131 INFO  [Thread-0] root: Server communication module connected
2021-03-18 22:31:08,132 INFO  [Thread-0] root: Connected to localhost on port 52428
Starting commModule
2021-03-18 22:31:08,136 INFO  [Thread-0] root: Server communication module connected
2021-03-18 22:31:08,137 INFO  [Thread-0] root: Connected to localhost on port 52432
Starting commModule
2021-03-18 22:31:08,140 INFO  [Thread-0] root: Server communication module connected
2021-03-18 22:31:08,141 INFO  [Thread-0] root: Connected to localhost on port 52434
Starting commModule
2021-03-18 22:31:08,147 INFO  [Thread-0] root: Server communication module connected
2021-03-18 22:31:08,148 INFO  [Thread-0] root: Connected to localhost on port 52437
2021-03-18 22:31:08,148 INFO  [Thread-5] root: Message received by server -> Status: UPDATE
received adminmsg
2021-03-18 22:31:08,150 INFO  [Thread-5] root: Message sent by server -> Status: UPDATE_SUCCESS
Starting commModule
2021-03-18 22:31:08,153 INFO  [Thread-0] root: Server communication module connected
2021-03-18 22:31:08,155 INFO  [Thread-0] root: Connected to localhost on port 52439
Starting commModule
2021-03-18 22:31:08,159 INFO  [Thread-0] root: Server communication module connected
2021-03-18 22:31:08,160 INFO  [Thread-0] root: Connected to localhost on port 52443
Starting commModule
2021-03-18 22:31:08,160 INFO  [Thread-0] root: Server communication module connected
2021-03-18 22:31:08,161 INFO  [Thread-0] root: Connected to localhost on port 52444
2021-03-18 22:31:08,162 INFO  [Thread-8] root: Message received by server -> Status: PROPAGATE_ADMIN
received adminmsg
2021-03-18 22:31:08,168 DEBUG [Thread-8] root: Getting successors
2021-03-18 22:31:08,168 DEBUG [Thread-8] root: Got successors
2021-03-18 22:31:08,168 DEBUG [Thread-8] root: Propagating to: 127.0.0.1:50056 127.0.0.1:50065
2021-03-18 22:31:08,172 INFO  [Thread-8] root: Client communication module connected
2021-03-18 22:31:08,173 INFO  [Thread-8] root: Client communication module connected
2021-03-18 22:31:08,173 DEBUG [Thread-8] root: {}
2021-03-18 22:31:08,173 INFO  [Thread-8] root: Message sent by server -> Status: PROPAGATE_SUCCESS
Starting commModule
2021-03-18 22:31:08,205 INFO  [Thread-0] root: Server communication module connected
2021-03-18 22:31:08,206 INFO  [Thread-0] root: Connected to localhost on port 52448
2021-03-18 22:31:08,207 INFO  [Thread-9] root: Message received by server -> Status: PUT Key: 1 Value: 1
2021-03-18 22:31:08,207 DEBUG [Thread-9] root: In serve
2021-03-18 22:31:08,207 DEBUG [Thread-9] root: Checking if stopped or write locked
2021-03-18 22:31:08,207 DEBUG [Thread-9] root: PUT request being served
2021-03-18 22:31:08,208 DEBUG [Thread-9] root: Checking if it's in range
2021-03-18 22:31:08,215 DEBUG [Thread-9] root: Got hostname and port -> 127.0.0.1:50069
2021-03-18 22:31:08,215 DEBUG [Thread-9] root: Got metadata range: 2c6ed99e5244f3eeabdede7297c35790:f4ccb63b80be29359185f75c721c8ce1
2021-03-18 22:31:08,215 DEBUG [Thread-9] root: 127.0.0.1:50056 -> f4ccb63b80be29359185f75c721c8ce2:f9fb1276c71869d677da47b732f55a25
2021-03-18 22:31:08,215 DEBUG [Thread-9] root: 127.0.0.1:50069 -> 2c6ed99e5244f3eeabdede7297c35790:f4ccb63b80be29359185f75c721c8ce1
2021-03-18 22:31:08,216 DEBUG [Thread-9] root: 127.0.0.1:50065 -> f9fb1276c71869d677da47b732f55a26:2c6ed99e5244f3eeabdede7297c3578f
2021-03-18 22:31:08,216 DEBUG [Thread-9] root: Got range big ints
2021-03-18 22:31:08,216 DEBUG [Thread-9] root: Range start < range end
2021-03-18 22:31:08,216 DEBUG [Thread-9] root: Done with range check in server
2021-03-18 22:31:08,216 DEBUG [Thread-9] root: In range
2021-03-18 22:31:08,217 INFO  [Thread-9] root: Put: key = 1, value = 1
2021-03-18 22:31:08,217 DEBUG [Thread-9] root: Getting successors
2021-03-18 22:31:08,217 DEBUG [Thread-9] root: Got successors
2021-03-18 22:31:08,218 DEBUG [Thread-9] root: Propagating to: 127.0.0.1:50056 127.0.0.1:50065
2021-03-18 22:31:08,218 INFO  [Thread-9] root: Client communication module connected
2021-03-18 22:31:08,218 INFO  [Thread-9] root: Client communication module connected
2021-03-18 22:31:08,219 DEBUG [Thread-9] root: {"1":"1"}
2021-03-18 22:31:08,221 INFO  [Thread-9] root: Message sent by client -> Status: PROPAGATE
2021-03-18 22:31:08,221 INFO  [Thread-9] root: Message sent by client -> Status: PROPAGATE
2021-03-18 22:31:08,224 INFO  [Thread-9] root: Message received by client -> Status: PROPAGATE_SUCCESS Key: null Value: null
2021-03-18 22:31:08,225 INFO  [Thread-9] root: Message received by client -> Status: PROPAGATE_SUCCESS Key: null Value: null
2021-03-18 22:31:08,225 INFO  [Thread-9] root: Message sent by server -> Status: PUT_SUCCESS Key: 1 Value: 1
2021-03-18 22:31:09,410 DEBUG [Thread-0-SendThread(localhost:2181)] org.apache.zookeeper.ClientCnxn: Got ping response for session id: 0x10014bd52700069 after 1ms.
2021-03-18 22:31:10,746 DEBUG [Thread-0-SendThread(localhost:2181)] org.apache.zookeeper.ClientCnxn: Got ping response for session id: 0x10014bd52700069 after 1ms.
2021-03-18 22:31:12,085 DEBUG [Thread-0-SendThread(localhost:2181)] org.apache.zookeeper.ClientCnxn: Got ping response for session id: 0x10014bd52700069 after 1ms.
2021-03-18 22:31:13,420 DEBUG [Thread-0-SendThread(localhost:2181)] org.apache.zookeeper.ClientCnxn: Got ping response for session id: 0x10014bd52700069 after 0ms.
2021-03-18 22:31:14,754 DEBUG [Thread-0-SendThread(localhost:2181)] org.apache.zookeeper.ClientCnxn: Got ping response for session id: 0x10014bd52700069 after 0ms.
2021-03-18 22:31:16,090 DEBUG [Thread-0-SendThread(localhost:2181)] org.apache.zookeeper.ClientCnxn: Got ping response for session id: 0x10014bd52700069 after 1ms.
2021-03-18 22:31:17,427 DEBUG [Thread-0-SendThread(localhost:2181)] org.apache.zookeeper.ClientCnxn: Got ping response for session id: 0x10014bd52700069 after 1ms.
2021-03-18 22:31:18,761 DEBUG [Thread-0-SendThread(localhost:2181)] org.apache.zookeeper.ClientCnxn: Got ping response for session id: 0x10014bd52700069 after 1ms.
2021-03-18 22:31:20,095 DEBUG [Thread-0-SendThread(localhost:2181)] org.apache.zookeeper.ClientCnxn: Got ping response for session id: 0x10014bd52700069 after 0ms.
2021-03-18 22:31:21,432 DEBUG [Thread-0-SendThread(localhost:2181)] org.apache.zookeeper.ClientCnxn: Got ping response for session id: 0x10014bd52700069 after 0ms.
2021-03-18 22:31:22,771 DEBUG [Thread-0-SendThread(localhost:2181)] org.apache.zookeeper.ClientCnxn: Got ping response for session id: 0x10014bd52700069 after 0ms.
2021-03-18 22:31:24,108 DEBUG [Thread-0-SendThread(localhost:2181)] org.apache.zookeeper.ClientCnxn: Got ping response for session id: 0x10014bd52700069 after 1ms.
2021-03-18 22:31:25,443 DEBUG [Thread-0-SendThread(localhost:2181)] org.apache.zookeeper.ClientCnxn: Got ping response for session id: 0x10014bd52700069 after 1ms.
2021-03-18 22:31:26,778 DEBUG [Thread-0-SendThread(localhost:2181)] org.apache.zookeeper.ClientCnxn: Got ping response for session id: 0x10014bd52700069 after 1ms.
2021-03-18 22:31:28,116 DEBUG [Thread-0-SendThread(localhost:2181)] org.apache.zookeeper.ClientCnxn: Got ping response for session id: 0x10014bd52700069 after 1ms.
2021-03-18 22:31:29,451 DEBUG [Thread-0-SendThread(localhost:2181)] org.apache.zookeeper.ClientCnxn: Got ping response for session id: 0x10014bd52700069 after 2ms.
2021-03-18 22:31:30,786 DEBUG [Thread-0-SendThread(localhost:2181)] org.apache.zookeeper.ClientCnxn: Got ping response for session id: 0x10014bd52700069 after 1ms.
2021-03-18 22:31:32,121 DEBUG [Thread-0-SendThread(localhost:2181)] org.apache.zookeeper.ClientCnxn: Got ping response for session id: 0x10014bd52700069 after 0ms.
2021-03-18 22:31:33,456 DEBUG [Thread-0-SendThread(localhost:2181)] org.apache.zookeeper.ClientCnxn: Got ping response for session id: 0x10014bd52700069 after 0ms.
2021-03-18 22:31:34,796 DEBUG [Thread-0-SendThread(localhost:2181)] org.apache.zookeeper.ClientCnxn: Got ping response for session id: 0x10014bd52700069 after 1ms.
2021-03-18 22:31:36,131 DEBUG [Thread-0-SendThread(localhost:2181)] org.apache.zookeeper.ClientCnxn: Got ping response for session id: 0x10014bd52700069 after 1ms.
2021-03-18 22:31:37,468 DEBUG [Thread-0-SendThread(localhost:2181)] org.apache.zookeeper.ClientCnxn: Got ping response for session id: 0x10014bd52700069 after 0ms.
2021-03-18 22:31:38,805 DEBUG [Thread-0-SendThread(localhost:2181)] org.apache.zookeeper.ClientCnxn: Got ping response for session id: 0x10014bd52700069 after 0ms.
2021-03-18 22:31:40,141 DEBUG [Thread-0-SendThread(localhost:2181)] org.apache.zookeeper.ClientCnxn: Got ping response for session id: 0x10014bd52700069 after 0ms.
2021-03-18 22:31:41,476 DEBUG [Thread-0-SendThread(localhost:2181)] org.apache.zookeeper.ClientCnxn: Got ping response for session id: 0x10014bd52700069 after 0ms.
2021-03-18 22:31:42,815 DEBUG [Thread-0-SendThread(localhost:2181)] org.apache.zookeeper.ClientCnxn: Got ping response for session id: 0x10014bd52700069 after 0ms.
2021-03-18 22:31:44,154 DEBUG [Thread-0-SendThread(localhost:2181)] org.apache.zookeeper.ClientCnxn: Got ping response for session id: 0x10014bd52700069 after 1ms.
2021-03-18 22:31:45,489 DEBUG [Thread-0-SendThread(localhost:2181)] org.apache.zookeeper.ClientCnxn: Got ping response for session id: 0x10014bd52700069 after 0ms.
2021-03-18 22:31:46,824 DEBUG [Thread-0-SendThread(localhost:2181)] org.apache.zookeeper.ClientCnxn: Got ping response for session id: 0x10014bd52700069 after 0ms.
2021-03-18 22:31:48,161 DEBUG [Thread-0-SendThread(localhost:2181)] org.apache.zookeeper.ClientCnxn: Got ping response for session id: 0x10014bd52700069 after 0ms.
2021-03-18 22:31:49,498 DEBUG [Thread-0-SendThread(localhost:2181)] org.apache.zookeeper.ClientCnxn: Got ping response for session id: 0x10014bd52700069 after 0ms.
2021-03-18 22:31:50,836 DEBUG [Thread-0-SendThread(localhost:2181)] org.apache.zookeeper.ClientCnxn: Got ping response for session id: 0x10014bd52700069 after 0ms.
2021-03-18 22:31:52,174 DEBUG [Thread-0-SendThread(localhost:2181)] org.apache.zookeeper.ClientCnxn: Got ping response for session id: 0x10014bd52700069 after 0ms.
2021-03-18 22:31:53,514 DEBUG [Thread-0-SendThread(localhost:2181)] org.apache.zookeeper.ClientCnxn: Got ping response for session id: 0x10014bd52700069 after 1ms.
2021-03-18 22:31:54,849 DEBUG [Thread-0-SendThread(localhost:2181)] org.apache.zookeeper.ClientCnxn: Got ping response for session id: 0x10014bd52700069 after 0ms.
2021-03-18 22:31:56,185 DEBUG [Thread-0-SendThread(localhost:2181)] org.apache.zookeeper.ClientCnxn: Got ping response for session id: 0x10014bd52700069 after 0ms.
2021-03-18 22:31:57,522 DEBUG [Thread-0-SendThread(localhost:2181)] org.apache.zookeeper.ClientCnxn: Got ping response for session id: 0x10014bd52700069 after 1ms.
2021-03-18 22:31:58,855 DEBUG [Thread-0-SendThread(localhost:2181)] org.apache.zookeeper.ClientCnxn: Got ping response for session id: 0x10014bd52700069 after 0ms.
2021-03-18 22:32:00,193 DEBUG [Thread-0-SendThread(localhost:2181)] org.apache.zookeeper.ClientCnxn: Got ping response for session id: 0x10014bd52700069 after 1ms.
2021-03-18 22:32:01,527 DEBUG [Thread-0-SendThread(localhost:2181)] org.apache.zookeeper.ClientCnxn: Got ping response for session id: 0x10014bd52700069 after 0ms.
2021-03-18 22:32:02,863 DEBUG [Thread-0-SendThread(localhost:2181)] org.apache.zookeeper.ClientCnxn: Got ping response for session id: 0x10014bd52700069 after 0ms.
2021-03-18 22:32:04,199 DEBUG [Thread-0-SendThread(localhost:2181)] org.apache.zookeeper.ClientCnxn: Got ping response for session id: 0x10014bd52700069 after 0ms.
2021-03-18 22:32:05,537 DEBUG [Thread-0-SendThread(localhost:2181)] org.apache.zookeeper.ClientCnxn: Got ping response for session id: 0x10014bd52700069 after 0ms.
2021-03-18 22:32:06,873 DEBUG [Thread-0-SendThread(localhost:2181)] org.apache.zookeeper.ClientCnxn: Got ping response for session id: 0x10014bd52700069 after 0ms.
2021-03-18 22:32:08,207 DEBUG [Thread-0-SendThread(localhost:2181)] org.apache.zookeeper.ClientCnxn: Got ping response for session id: 0x10014bd52700069 after 0ms.
2021-03-18 22:32:09,544 DEBUG [Thread-0-SendThread(localhost:2181)] org.apache.zookeeper.ClientCnxn: Got ping response for session id: 0x10014bd52700069 after 0ms.
2021-03-18 22:32:10,881 DEBUG [Thread-0-SendThread(localhost:2181)] org.apache.zookeeper.ClientCnxn: Got ping response for session id: 0x10014bd52700069 after 1ms.
2021-03-18 22:32:12,217 DEBUG [Thread-0-SendThread(localhost:2181)] org.apache.zookeeper.ClientCnxn: Got ping response for session id: 0x10014bd52700069 after 1ms.
2021-03-18 22:32:13,553 DEBUG [Thread-0-SendThread(localhost:2181)] org.apache.zookeeper.ClientCnxn: Got ping response for session id: 0x10014bd52700069 after 0ms.
2021-03-18 22:32:14,888 DEBUG [Thread-0-SendThread(localhost:2181)] org.apache.zookeeper.ClientCnxn: Got ping response for session id: 0x10014bd52700069 after 0ms.
2021-03-18 22:32:16,222 DEBUG [Thread-0-SendThread(localhost:2181)] org.apache.zookeeper.ClientCnxn: Got ping response for session id: 0x10014bd52700069 after 0ms.
2021-03-18 22:32:17,561 DEBUG [Thread-0-SendThread(localhost:2181)] org.apache.zookeeper.ClientCnxn: Got ping response for session id: 0x10014bd52700069 after 1ms.
2021-03-18 22:32:18,894 DEBUG [Thread-0-SendThread(localhost:2181)] org.apache.zookeeper.ClientCnxn: Got ping response for session id: 0x10014bd52700069 after 0ms.
2021-03-18 22:32:20,228 DEBUG [Thread-0-SendThread(localhost:2181)] org.apache.zookeeper.ClientCnxn: Got ping response for session id: 0x10014bd52700069 after 0ms.
2021-03-18 22:32:21,565 DEBUG [Thread-0-SendThread(localhost:2181)] org.apache.zookeeper.ClientCnxn: Got ping response for session id: 0x10014bd52700069 after 0ms.
Starting commModule
2021-03-18 22:32:22,495 INFO  [Thread-0] root: Server communication module connected
2021-03-18 22:32:22,496 INFO  [Thread-10] root: Message received by server -> Status: SHUTDOWN
received adminmsg
2021-03-18 22:32:22,496 DEBUG [Thread-10] root: Closing the program
2021-03-18 22:32:22,497 INFO  [Thread-10] root: Message sent by server -> Status: SHUTDOWN_SUCCESS
2021-03-18 22:32:22,497 INFO  [Thread-0] root: Connected to localhost on port 52464
2021-03-18 22:32:22,497 INFO  [Thread-0] root: Server stopped.
2021-03-18 22:32:22,498 INFO  [Thread-0] root: Clearing KV Storage...
