2021-03-18 23:05:50,529 INFO  [main] root: Creating Storage Files
2021-03-18 23:05:50,530 INFO  [main] root: File created: server15.json
2021-03-18 23:05:50,530 INFO  [main] root: File created: server15_replica_1.json
2021-03-18 23:05:50,530 INFO  [main] root: File created: server15_replica_2.json
2021-03-18 23:05:50,530 INFO  [Thread-0] root: Initialize server ...
2021-03-18 23:05:50,542 INFO  [Thread-0] root: Server listening on port: 50014
2021-03-18 23:05:50,561 INFO  [Thread-0] org.apache.zookeeper.ZooKeeper: Client environment:zookeeper.version=3.6.2--803c7f1a12f85978cb049af5e4ef23bd8b688715, built on 09/04/2020 12:44 GMT
2021-03-18 23:05:50,561 INFO  [Thread-0] org.apache.zookeeper.ZooKeeper: Client environment:host.name=localhost
2021-03-18 23:05:50,561 INFO  [Thread-0] org.apache.zookeeper.ZooKeeper: Client environment:java.version=11.0.10
2021-03-18 23:05:50,561 INFO  [Thread-0] org.apache.zookeeper.ZooKeeper: Client environment:java.vendor=Azul Systems, Inc.
2021-03-18 23:05:50,561 INFO  [Thread-0] org.apache.zookeeper.ZooKeeper: Client environment:java.home=/Users/steve/Library/Java/JavaVirtualMachines/azul-11.0.10/Contents/Home
2021-03-18 23:05:50,561 INFO  [Thread-0] org.apache.zookeeper.ZooKeeper: Client environment:java.class.path=/Users/steve/Desktop/UofT/year4/winter2021/ECE419/milestone3/m3-server.jar
2021-03-18 23:05:50,562 INFO  [Thread-0] org.apache.zookeeper.ZooKeeper: Client environment:java.library.path=/Users/steve/Library/Java/Extensions:/Library/Java/Extensions:/Network/Library/Java/Extensions:/System/Library/Java/Extensions:/usr/lib/java:.
2021-03-18 23:05:50,562 INFO  [Thread-0] org.apache.zookeeper.ZooKeeper: Client environment:java.io.tmpdir=/var/folders/kz/3gb57nkn6ks6_07_dtt5lqvr0000gn/T/
2021-03-18 23:05:50,562 INFO  [Thread-0] org.apache.zookeeper.ZooKeeper: Client environment:java.compiler=<NA>
2021-03-18 23:05:50,562 INFO  [Thread-0] org.apache.zookeeper.ZooKeeper: Client environment:os.name=Mac OS X
2021-03-18 23:05:50,562 INFO  [Thread-0] org.apache.zookeeper.ZooKeeper: Client environment:os.arch=x86_64
2021-03-18 23:05:50,562 INFO  [Thread-0] org.apache.zookeeper.ZooKeeper: Client environment:os.version=10.16
2021-03-18 23:05:50,562 INFO  [Thread-0] org.apache.zookeeper.ZooKeeper: Client environment:user.name=steve
2021-03-18 23:05:50,562 INFO  [Thread-0] org.apache.zookeeper.ZooKeeper: Client environment:user.home=/Users/steve
2021-03-18 23:05:50,562 INFO  [Thread-0] org.apache.zookeeper.ZooKeeper: Client environment:user.dir=/Users/steve
2021-03-18 23:05:50,562 INFO  [Thread-0] org.apache.zookeeper.ZooKeeper: Client environment:os.memory.free=249MB
2021-03-18 23:05:50,562 INFO  [Thread-0] org.apache.zookeeper.ZooKeeper: Client environment:os.memory.max=4096MB
2021-03-18 23:05:50,562 INFO  [Thread-0] org.apache.zookeeper.ZooKeeper: Client environment:os.memory.total=256MB
2021-03-18 23:05:50,566 INFO  [Thread-0] org.apache.zookeeper.ZooKeeper: Initiating client connection, connectString=localhost:2181 sessionTimeout=3000 watcher=app_kvServer.KVServer$1@1b84e5c2
2021-03-18 23:05:50,570 INFO  [Thread-0] org.apache.zookeeper.common.X509Util: Setting -D jdk.tls.rejectClientInitiatedRenegotiation=true to disable client-initiated TLS renegotiation
2021-03-18 23:05:50,580 INFO  [Thread-0] org.apache.zookeeper.ClientCnxnSocket: jute.maxbuffer value is 1048575 Bytes
2021-03-18 23:05:50,587 INFO  [Thread-0] org.apache.zookeeper.ClientCnxn: zookeeper.request.timeout value is 0. feature enabled=false
2021-03-18 23:05:50,596 DEBUG [Thread-0-SendThread(localhost:2181)] org.apache.zookeeper.SaslServerPrincipal: Canonicalized address to localhost
2021-03-18 23:05:50,609 INFO  [Thread-0-SendThread(localhost:2181)] org.apache.zookeeper.ClientCnxn: Opening socket connection to server localhost/127.0.0.1:2181.
2021-03-18 23:05:50,610 INFO  [Thread-0-SendThread(localhost:2181)] org.apache.zookeeper.ClientCnxn: SASL config status: Will not attempt to authenticate using SASL (unknown error)
2021-03-18 23:05:50,623 INFO  [Thread-0-SendThread(localhost:2181)] org.apache.zookeeper.ClientCnxn: Socket connection established, initiating session, client: /127.0.0.1:53590, server: localhost/127.0.0.1:2181
2021-03-18 23:05:50,624 DEBUG [Thread-0-SendThread(localhost:2181)] org.apache.zookeeper.ClientCnxn: Session establishment request sent on localhost/127.0.0.1:2181
2021-03-18 23:05:50,652 TRACE [Thread-0-SendThread(localhost:2181)] org.apache.zookeeper.ClientCnxnSocket: readConnectResult 37 0x[0,0,0,0,0,0,f,ffffffa0,1,0,14,ffffffbd,52,70,0,ffffffac,0,0,0,10,1d,ffffffef,fffffff4,29,ffffffcb,2b,ffffffe7,ffffffdf,ffffff99,7,fffffff5,ffffffa9,fffffff7,ffffffc9,3e,1a,0,]
2021-03-18 23:05:50,655 INFO  [Thread-0-SendThread(localhost:2181)] org.apache.zookeeper.ClientCnxn: Session establishment complete on server localhost/127.0.0.1:2181, session id = 0x10014bd527000ac, negotiated timeout = 4000
2021-03-18 23:05:50,658 DEBUG [Thread-0-EventThread] root: ZK event: 
2021-03-18 23:05:50,658 DEBUG [Thread-0-EventThread] root: WatchedEvent state:SyncConnected type:None path:null
2021-03-18 23:05:50,686 DEBUG [Thread-0-SendThread(localhost:2181)] org.apache.zookeeper.ClientCnxn: Reading reply session id: 0x10014bd527000ac, packet:: clientPath:null serverPath:null finished:false header:: 1,1  replyHeader:: 1,567,0  request:: '/keeper/server15,,v{s{31,s{'world,'anyone}}},1  response:: '/keeper/server15 
2021-03-18 23:05:50,691 DEBUG [Thread-0-SendThread(localhost:2181)] org.apache.zookeeper.ClientCnxn: Reading reply session id: 0x10014bd527000ac, packet:: clientPath:null serverPath:null finished:false header:: 2,3  replyHeader:: 2,567,0  request:: '/keeper/server15,T  response:: s{567,567,1616123150658,1616123150658,0,0,0,72080397402374316,0,0,567} 
2021-03-18 23:05:50,718 DEBUG [Thread-0-SendThread(localhost:2181)] org.apache.zookeeper.ClientCnxn: Got notification session id: 0x10014bd527000ac
2021-03-18 23:05:50,719 DEBUG [Thread-0-SendThread(localhost:2181)] org.apache.zookeeper.ClientCnxn: Got WatchedEvent state:SyncConnected type:NodeDataChanged path:/keeper/server15 for session id 0x10014bd527000ac
2021-03-18 23:05:50,721 DEBUG [Thread-0-EventThread] root: ZK event: 
2021-03-18 23:05:50,721 DEBUG [Thread-0-EventThread] root: WatchedEvent state:SyncConnected type:NodeDataChanged path:/keeper/server15
2021-03-18 23:05:50,722 DEBUG [Thread-0-SendThread(localhost:2181)] org.apache.zookeeper.ClientCnxn: Reading reply session id: 0x10014bd527000ac, packet:: clientPath:null serverPath:null finished:false header:: 3,5  replyHeader:: 3,568,0  request:: '/keeper/server15,#3132372e302e302e313a3530303134,0  response:: s{567,568,1616123150658,1616123150692,1,0,0,72080397402374316,15,0,567} 
2021-03-18 23:05:50,722 INFO  [Thread-0] root: Node created at: /keeper/server15
Starting commModule
2021-03-18 23:05:50,730 INFO  [Thread-0] root: Server communication module connected
2021-03-18 23:05:50,731 INFO  [Thread-0] root: Connected to localhost on port 53591
2021-03-18 23:05:50,738 INFO  [Thread-1] root: Message received by server -> Status: INIT_SERVER
received adminmsg
2021-03-18 23:05:50,739 INFO  [Thread-1] root: Message sent by server -> Status: INIT_SERVER_SUCCESS
2021-03-18 23:05:50,740 INFO  [Thread-1] root: Message received by server -> Status: START
received adminmsg
2021-03-18 23:05:50,740 INFO  [Thread-1] root: Message sent by server -> Status: START_SUCCESS
Starting commModule
2021-03-18 23:05:50,741 INFO  [Thread-0] root: Server communication module connected
2021-03-18 23:05:50,741 INFO  [Thread-0] root: Connected to localhost on port 53592
2021-03-18 23:05:50,742 INFO  [Thread-2] root: Message received by server -> Status: UPDATE
received adminmsg
2021-03-18 23:05:50,743 INFO  [Thread-2] root: Message sent by server -> Status: UPDATE_SUCCESS
Starting commModule
2021-03-18 23:05:50,744 INFO  [Thread-0] root: Server communication module connected
2021-03-18 23:05:50,745 INFO  [Thread-0] root: Connected to localhost on port 53593
2021-03-18 23:05:50,745 INFO  [Thread-3] root: Message received by server -> Status: PROPAGATE_ADMIN
received adminmsg
2021-03-18 23:05:50,750 DEBUG [Thread-3] root: Getting successors
2021-03-18 23:05:50,750 DEBUG [Thread-3] root: Got successors
2021-03-18 23:05:50,751 DEBUG [Thread-3] root: Propagating to: 127.0.0.1:50014 127.0.0.1:50014
Starting commModule
2021-03-18 23:05:50,753 INFO  [Thread-0] root: Server communication module connected
2021-03-18 23:05:50,753 INFO  [Thread-3] root: Client communication module connected
2021-03-18 23:05:50,753 INFO  [Thread-0] root: Connected to localhost on port 53594
Starting commModule
2021-03-18 23:05:50,754 INFO  [Thread-0] root: Server communication module connected
2021-03-18 23:05:50,754 INFO  [Thread-3] root: Client communication module connected
2021-03-18 23:05:50,754 DEBUG [Thread-3] root: {}
2021-03-18 23:05:50,754 INFO  [Thread-0] root: Connected to localhost on port 53595
2021-03-18 23:05:50,754 INFO  [Thread-3] root: Message sent by server -> Status: PROPAGATE_SUCCESS
Starting commModule
2021-03-18 23:05:51,263 INFO  [Thread-0] root: Server communication module connected
2021-03-18 23:05:51,264 INFO  [Thread-0] root: Connected to localhost on port 53599
2021-03-18 23:05:51,264 INFO  [Thread-6] root: Message received by server -> Status: UPDATE
received adminmsg
2021-03-18 23:05:51,265 INFO  [Thread-6] root: Message sent by server -> Status: UPDATE_SUCCESS
Starting commModule
2021-03-18 23:05:51,266 INFO  [Thread-0] root: Server communication module connected
2021-03-18 23:05:51,267 INFO  [Thread-0] root: Connected to localhost on port 53600
2021-03-18 23:05:51,267 INFO  [Thread-7] root: Message received by server -> Status: PROPAGATE_ADMIN
received adminmsg
2021-03-18 23:05:51,268 DEBUG [Thread-7] root: Getting successors
2021-03-18 23:05:51,268 DEBUG [Thread-7] root: Got successors
2021-03-18 23:05:51,268 DEBUG [Thread-7] root: Propagating to: 127.0.0.1:50072 127.0.0.1:50014
2021-03-18 23:05:51,268 INFO  [Thread-7] root: Client communication module connected
Starting commModule
2021-03-18 23:05:51,269 INFO  [Thread-0] root: Server communication module connected
2021-03-18 23:05:51,269 INFO  [Thread-7] root: Client communication module connected
2021-03-18 23:05:51,269 DEBUG [Thread-7] root: {}
2021-03-18 23:05:51,269 INFO  [Thread-7] root: Message sent by server -> Status: PROPAGATE_SUCCESS
2021-03-18 23:05:51,269 INFO  [Thread-0] root: Connected to localhost on port 53602
Starting commModule
2021-03-18 23:05:51,270 INFO  [Thread-0] root: Server communication module connected
2021-03-18 23:05:51,270 INFO  [Thread-0] root: Connected to localhost on port 53603
2021-03-18 23:05:51,270 INFO  [Thread-9] root: Message received by server -> Status: MOVE_DATA
received adminmsg
2021-03-18 23:05:51,271 DEBUG [Thread-9] root: Input data: 
2021-03-18 23:05:51,271 DEBUG [Thread-9] root: c98f070ad535b44eb9ff4469c98a00f4:d09d6563811a15ee4f6cc53e97daad9b
2021-03-18 23:05:51,271 DEBUG [Thread-9] root: 127.0.0.1:50072
2021-03-18 23:05:51,271 INFO  [Thread-9] root: Client communication module connected
2021-03-18 23:05:51,272 DEBUG [Thread-9] root: Host: 127.0.0.1
2021-03-18 23:05:51,272 DEBUG [Thread-9] root: Port: 50072
2021-03-18 23:05:51,272 DEBUG [Thread-9] root: Range: c98f070ad535b44eb9ff4469c98a00f4:d09d6563811a15ee4f6cc53e97daad9b
2021-03-18 23:05:51,272 DEBUG [Thread-9] root: Starting flush data
2021-03-18 23:05:51,272 DEBUG [Thread-9] root: Finished flush data
2021-03-18 23:05:51,272 DEBUG [Thread-9] root: Closing conn
2021-03-18 23:05:51,272 INFO  [Thread-9] root: Connection closed!
2021-03-18 23:05:51,272 DEBUG [Thread-9] root: Closed conn
2021-03-18 23:05:51,272 INFO  [Thread-9] root: Message sent by server -> Status: MOVE_DATA_SUCCESS
Starting commModule
2021-03-18 23:05:51,273 INFO  [Thread-0] root: Server communication module connected
2021-03-18 23:05:51,274 INFO  [Thread-0] root: Connected to localhost on port 53605
2021-03-18 23:05:51,274 INFO  [Thread-10] root: Message received by server -> Status: UPDATE
received adminmsg
2021-03-18 23:05:51,275 INFO  [Thread-10] root: Message sent by server -> Status: UPDATE_SUCCESS
Starting commModule
2021-03-18 23:05:51,279 INFO  [Thread-0] root: Server communication module connected
2021-03-18 23:05:51,279 INFO  [Thread-0] root: Connected to localhost on port 53607
2021-03-18 23:05:51,280 INFO  [Thread-11] root: Message received by server -> Status: PROPAGATE_ADMIN
received adminmsg
2021-03-18 23:05:51,280 DEBUG [Thread-11] root: Getting successors
2021-03-18 23:05:51,280 DEBUG [Thread-11] root: Got successors
2021-03-18 23:05:51,280 DEBUG [Thread-11] root: Propagating to: 127.0.0.1:50072 127.0.0.1:50014
2021-03-18 23:05:51,281 INFO  [Thread-11] root: Client communication module connected
Starting commModule
2021-03-18 23:05:51,281 INFO  [Thread-11] root: Client communication module connected
2021-03-18 23:05:51,281 INFO  [Thread-0] root: Server communication module connected
2021-03-18 23:05:51,281 DEBUG [Thread-11] root: {}
2021-03-18 23:05:51,282 INFO  [Thread-11] root: Message sent by server -> Status: PROPAGATE_SUCCESS
2021-03-18 23:05:51,282 INFO  [Thread-0] root: Connected to localhost on port 53609
Starting commModule
2021-03-18 23:05:51,292 INFO  [Thread-0] root: Server communication module connected
2021-03-18 23:05:51,292 INFO  [Thread-0] root: Connected to localhost on port 53611
Starting commModule
2021-03-18 23:05:51,860 INFO  [Thread-0] root: Server communication module connected
2021-03-18 23:05:51,861 INFO  [Thread-0] root: Connected to localhost on port 53616
2021-03-18 23:05:51,862 INFO  [Thread-14] root: Message received by server -> Status: UPDATE
received adminmsg
2021-03-18 23:05:51,862 INFO  [Thread-14] root: Message sent by server -> Status: UPDATE_SUCCESS
Starting commModule
2021-03-18 23:05:51,866 INFO  [Thread-0] root: Server communication module connected
2021-03-18 23:05:51,867 INFO  [Thread-0] root: Connected to localhost on port 53618
2021-03-18 23:05:51,868 INFO  [Thread-15] root: Message received by server -> Status: PROPAGATE_ADMIN
received adminmsg
2021-03-18 23:05:51,868 DEBUG [Thread-15] root: Getting successors
2021-03-18 23:05:51,868 DEBUG [Thread-15] root: Got successors
2021-03-18 23:05:51,869 DEBUG [Thread-15] root: Propagating to: 127.0.0.1:50072 127.0.0.1:50082
2021-03-18 23:05:51,869 INFO  [Thread-15] root: Client communication module connected
2021-03-18 23:05:51,870 INFO  [Thread-15] root: Client communication module connected
2021-03-18 23:05:51,870 DEBUG [Thread-15] root: {}
2021-03-18 23:05:51,870 INFO  [Thread-15] root: Message sent by server -> Status: PROPAGATE_SUCCESS
Starting commModule
2021-03-18 23:05:51,874 INFO  [Thread-0] root: Server communication module connected
2021-03-18 23:05:51,875 INFO  [Thread-0] root: Connected to localhost on port 53623
Starting commModule
2021-03-18 23:05:51,875 INFO  [Thread-0] root: Server communication module connected
2021-03-18 23:05:51,876 INFO  [Thread-0] root: Connected to localhost on port 53624
2021-03-18 23:05:51,876 INFO  [Thread-17] root: Message received by server -> Status: MOVE_DATA
received adminmsg
2021-03-18 23:05:51,876 DEBUG [Thread-17] root: Input data: 
2021-03-18 23:05:51,876 DEBUG [Thread-17] root: d09d6563811a15ee4f6cc53e97daad9c:9b7294000c236929bbd4b55cabd1b8ea
2021-03-18 23:05:51,876 DEBUG [Thread-17] root: 127.0.0.1:50082
2021-03-18 23:05:51,877 INFO  [Thread-17] root: Client communication module connected
2021-03-18 23:05:51,877 DEBUG [Thread-17] root: Host: 127.0.0.1
2021-03-18 23:05:51,877 DEBUG [Thread-17] root: Port: 50082
2021-03-18 23:05:51,877 DEBUG [Thread-17] root: Range: d09d6563811a15ee4f6cc53e97daad9c:9b7294000c236929bbd4b55cabd1b8ea
2021-03-18 23:05:51,877 DEBUG [Thread-17] root: Starting flush data
2021-03-18 23:05:51,877 DEBUG [Thread-17] root: Finished flush data
2021-03-18 23:05:51,877 DEBUG [Thread-17] root: Closing conn
2021-03-18 23:05:51,877 INFO  [Thread-17] root: Connection closed!
2021-03-18 23:05:51,877 DEBUG [Thread-17] root: Closed conn
2021-03-18 23:05:51,878 INFO  [Thread-17] root: Message sent by server -> Status: MOVE_DATA_SUCCESS
Starting commModule
2021-03-18 23:05:51,879 INFO  [Thread-0] root: Server communication module connected
2021-03-18 23:05:51,879 INFO  [Thread-0] root: Connected to localhost on port 53626
2021-03-18 23:05:51,880 INFO  [Thread-18] root: Message received by server -> Status: UPDATE
received adminmsg
2021-03-18 23:05:51,880 INFO  [Thread-18] root: Message sent by server -> Status: UPDATE_SUCCESS
Starting commModule
2021-03-18 23:05:51,887 INFO  [Thread-0] root: Server communication module connected
2021-03-18 23:05:51,888 INFO  [Thread-0] root: Connected to localhost on port 53629
2021-03-18 23:05:51,888 INFO  [Thread-19] root: Message received by server -> Status: PROPAGATE_ADMIN
received adminmsg
2021-03-18 23:05:51,889 DEBUG [Thread-19] root: Getting successors
2021-03-18 23:05:51,889 DEBUG [Thread-19] root: Got successors
2021-03-18 23:05:51,889 DEBUG [Thread-19] root: Propagating to: 127.0.0.1:50072 127.0.0.1:50082
2021-03-18 23:05:51,889 INFO  [Thread-19] root: Client communication module connected
2021-03-18 23:05:51,890 INFO  [Thread-19] root: Client communication module connected
2021-03-18 23:05:51,890 DEBUG [Thread-19] root: {}
2021-03-18 23:05:51,890 INFO  [Thread-19] root: Message sent by server -> Status: PROPAGATE_SUCCESS
Starting commModule
2021-03-18 23:05:51,894 INFO  [Thread-0] root: Server communication module connected
2021-03-18 23:05:51,894 INFO  [Thread-0] root: Connected to localhost on port 53634
Starting commModule
2021-03-18 23:05:51,905 INFO  [Thread-0] root: Server communication module connected
2021-03-18 23:05:51,905 INFO  [Thread-0] root: Connected to localhost on port 53636
2021-03-18 23:05:52,030 DEBUG [Thread-0-SendThread(localhost:2181)] org.apache.zookeeper.ClientCnxn: Got ping response for session id: 0x10014bd527000ac after 1ms.
2021-03-18 23:05:53,364 DEBUG [Thread-0-SendThread(localhost:2181)] org.apache.zookeeper.ClientCnxn: Got ping response for session id: 0x10014bd527000ac after 1ms.
2021-03-18 23:05:54,699 DEBUG [Thread-0-SendThread(localhost:2181)] org.apache.zookeeper.ClientCnxn: Got ping response for session id: 0x10014bd527000ac after 1ms.
2021-03-18 23:05:56,034 DEBUG [Thread-0-SendThread(localhost:2181)] org.apache.zookeeper.ClientCnxn: Got ping response for session id: 0x10014bd527000ac after 0ms.
Starting commModule
2021-03-18 23:05:56,920 INFO  [Thread-0] root: Server communication module connected
2021-03-18 23:05:56,921 INFO  [Thread-0] root: Connected to localhost on port 53639
2021-03-18 23:05:56,924 INFO  [Thread-22] root: Message received by server -> Status: PUT Key: 1 Value: 1
2021-03-18 23:05:56,924 DEBUG [Thread-22] root: In serve
2021-03-18 23:05:56,925 DEBUG [Thread-22] root: Checking if stopped or write locked
2021-03-18 23:05:56,925 DEBUG [Thread-22] root: PUT request being served
2021-03-18 23:05:56,925 DEBUG [Thread-22] root: Checking if it's in range
2021-03-18 23:05:56,933 DEBUG [Thread-22] root: Got hostname and port -> 127.0.0.1:50014
2021-03-18 23:05:56,933 DEBUG [Thread-22] root: Got metadata range: 9b7294000c236929bbd4b55cabd1b8eb:c98f070ad535b44eb9ff4469c98a00f3
2021-03-18 23:05:56,933 DEBUG [Thread-22] root: 127.0.0.1:50014 -> 9b7294000c236929bbd4b55cabd1b8eb:c98f070ad535b44eb9ff4469c98a00f3
2021-03-18 23:05:56,933 DEBUG [Thread-22] root: 127.0.0.1:50072 -> c98f070ad535b44eb9ff4469c98a00f4:d09d6563811a15ee4f6cc53e97daad9b
2021-03-18 23:05:56,933 DEBUG [Thread-22] root: 127.0.0.1:50082 -> d09d6563811a15ee4f6cc53e97daad9c:9b7294000c236929bbd4b55cabd1b8ea
2021-03-18 23:05:56,933 DEBUG [Thread-22] root: Got range big ints
2021-03-18 23:05:56,933 DEBUG [Thread-22] root: Range start < range end
2021-03-18 23:05:56,933 DEBUG [Thread-22] root: Done with range check in server
2021-03-18 23:05:56,933 DEBUG [Thread-22] root: In range
2021-03-18 23:05:56,934 INFO  [Thread-22] root: Put: key = 1, value = 1
2021-03-18 23:05:56,935 DEBUG [Thread-22] root: Getting successors
2021-03-18 23:05:56,935 DEBUG [Thread-22] root: Got successors
2021-03-18 23:05:56,935 DEBUG [Thread-22] root: Propagating to: 127.0.0.1:50072 127.0.0.1:50082
2021-03-18 23:05:56,936 INFO  [Thread-22] root: Client communication module connected
2021-03-18 23:05:56,936 INFO  [Thread-22] root: Client communication module connected
2021-03-18 23:05:56,936 DEBUG [Thread-22] root: {"1":"1"}
2021-03-18 23:05:56,938 INFO  [Thread-22] root: Message sent by client -> Status: PROPAGATE
2021-03-18 23:05:56,939 INFO  [Thread-22] root: Message sent by client -> Status: PROPAGATE
2021-03-18 23:05:56,943 INFO  [Thread-22] root: Message received by client -> Status: PROPAGATE_SUCCESS Key: null Value: null
2021-03-18 23:05:56,945 INFO  [Thread-22] root: Message received by client -> Status: PROPAGATE_SUCCESS Key: null Value: null
2021-03-18 23:05:56,945 INFO  [Thread-22] root: Message sent by server -> Status: PUT_SUCCESS Key: 1 Value: 1
Starting commModule
2021-03-18 23:05:56,947 INFO  [Thread-0] root: Server communication module connected
2021-03-18 23:05:56,947 INFO  [Thread-0] root: Connected to localhost on port 53642
2021-03-18 23:05:56,948 INFO  [Thread-23] root: Message received by server -> Status: GET Key: 1 Value: null
2021-03-18 23:05:56,948 DEBUG [Thread-23] root: In serve
2021-03-18 23:05:56,948 DEBUG [Thread-23] root: Checking if stopped or write locked
2021-03-18 23:05:56,948 DEBUG [Thread-23] root: Checking if it's in range
2021-03-18 23:05:56,948 DEBUG [Thread-23] root: Got hostname and port -> 127.0.0.1:50014
2021-03-18 23:05:56,948 DEBUG [Thread-23] root: Got metadata range: c98f070ad535b44eb9ff4469c98a00f4:c98f070ad535b44eb9ff4469c98a00f3
2021-03-18 23:05:56,948 DEBUG [Thread-23] root: 127.0.0.1:50014 -> c98f070ad535b44eb9ff4469c98a00f4:c98f070ad535b44eb9ff4469c98a00f3
2021-03-18 23:05:56,948 DEBUG [Thread-23] root: 127.0.0.1:50072 -> d09d6563811a15ee4f6cc53e97daad9c:d09d6563811a15ee4f6cc53e97daad9b
2021-03-18 23:05:56,948 DEBUG [Thread-23] root: 127.0.0.1:50082 -> 9b7294000c236929bbd4b55cabd1b8eb:9b7294000c236929bbd4b55cabd1b8ea
2021-03-18 23:05:56,948 DEBUG [Thread-23] root: Got range big ints
2021-03-18 23:05:56,948 DEBUG [Thread-23] root: Range end < range start
2021-03-18 23:05:56,948 DEBUG [Thread-23] root: Done with range check in server
2021-03-18 23:05:56,949 INFO  [Thread-23] root: Get: key = 1
2021-03-18 23:05:56,950 INFO  [Thread-23] root: Message sent by server -> Status: GET_SUCCESS Key: 1 Value: 1
Starting commModule
2021-03-18 23:05:56,997 INFO  [Thread-0] root: Server communication module connected
2021-03-18 23:05:56,997 INFO  [Thread-0] root: Connected to localhost on port 53645
2021-03-18 23:05:56,997 INFO  [Thread-24] root: Message received by server -> Status: SHUTDOWN
received adminmsg
2021-03-18 23:05:56,997 DEBUG [Thread-24] root: Closing the program
2021-03-18 23:05:56,998 INFO  [Thread-24] root: Message sent by server -> Status: SHUTDOWN_SUCCESS
2021-03-18 23:05:56,998 ERROR [Thread-0] root: Error! Unable to establish connection. 

java.net.SocketException: Socket closed
	at java.base/java.net.PlainSocketImpl.socketAccept(Native Method)
	at java.base/java.net.AbstractPlainSocketImpl.accept(AbstractPlainSocketImpl.java:458)
	at java.base/java.net.ServerSocket.implAccept(ServerSocket.java:565)
	at java.base/java.net.ServerSocket.accept(ServerSocket.java:533)
	at app_kvServer.KVServer.run(KVServer.java:408)
2021-03-18 23:05:57,000 INFO  [Thread-0] root: Server stopped.
2021-03-18 23:05:57,000 INFO  [Thread-0] root: Clearing KV Storage...
