2021-03-18 21:43:20,919 INFO  [main] root: Creating Storage Files
2021-03-18 21:43:20,920 INFO  [main] root: File created: server48.json
2021-03-18 21:43:20,920 INFO  [main] root: File created: server48_replica_1.json
2021-03-18 21:43:20,921 INFO  [main] root: File created: server48_replica_2.json
2021-03-18 21:43:20,921 INFO  [Thread-0] root: Initialize server ...
2021-03-18 21:43:20,942 INFO  [Thread-0] root: Server listening on port: 50047
2021-03-18 21:43:20,977 INFO  [Thread-0] org.apache.zookeeper.ZooKeeper: Client environment:zookeeper.version=3.6.2--803c7f1a12f85978cb049af5e4ef23bd8b688715, built on 09/04/2020 12:44 GMT
2021-03-18 21:43:20,977 INFO  [Thread-0] org.apache.zookeeper.ZooKeeper: Client environment:host.name=localhost
2021-03-18 21:43:20,977 INFO  [Thread-0] org.apache.zookeeper.ZooKeeper: Client environment:java.version=11.0.10
2021-03-18 21:43:20,977 INFO  [Thread-0] org.apache.zookeeper.ZooKeeper: Client environment:java.vendor=Azul Systems, Inc.
2021-03-18 21:43:20,977 INFO  [Thread-0] org.apache.zookeeper.ZooKeeper: Client environment:java.home=/Users/steve/Library/Java/JavaVirtualMachines/azul-11.0.10/Contents/Home
2021-03-18 21:43:20,977 INFO  [Thread-0] org.apache.zookeeper.ZooKeeper: Client environment:java.class.path=/Users/steve/Desktop/UofT/year4/winter2021/ECE419/milestone3/m3-server.jar
2021-03-18 21:43:20,977 INFO  [Thread-0] org.apache.zookeeper.ZooKeeper: Client environment:java.library.path=/Users/steve/Library/Java/Extensions:/Library/Java/Extensions:/Network/Library/Java/Extensions:/System/Library/Java/Extensions:/usr/lib/java:.
2021-03-18 21:43:20,977 INFO  [Thread-0] org.apache.zookeeper.ZooKeeper: Client environment:java.io.tmpdir=/var/folders/kz/3gb57nkn6ks6_07_dtt5lqvr0000gn/T/
2021-03-18 21:43:20,978 INFO  [Thread-0] org.apache.zookeeper.ZooKeeper: Client environment:java.compiler=<NA>
2021-03-18 21:43:20,978 INFO  [Thread-0] org.apache.zookeeper.ZooKeeper: Client environment:os.name=Mac OS X
2021-03-18 21:43:20,978 INFO  [Thread-0] org.apache.zookeeper.ZooKeeper: Client environment:os.arch=x86_64
2021-03-18 21:43:20,978 INFO  [Thread-0] org.apache.zookeeper.ZooKeeper: Client environment:os.version=10.16
2021-03-18 21:43:20,978 INFO  [Thread-0] org.apache.zookeeper.ZooKeeper: Client environment:user.name=steve
2021-03-18 21:43:20,978 INFO  [Thread-0] org.apache.zookeeper.ZooKeeper: Client environment:user.home=/Users/steve
2021-03-18 21:43:20,978 INFO  [Thread-0] org.apache.zookeeper.ZooKeeper: Client environment:user.dir=/Users/steve
2021-03-18 21:43:20,978 INFO  [Thread-0] org.apache.zookeeper.ZooKeeper: Client environment:os.memory.free=249MB
2021-03-18 21:43:20,978 INFO  [Thread-0] org.apache.zookeeper.ZooKeeper: Client environment:os.memory.max=4096MB
2021-03-18 21:43:20,978 INFO  [Thread-0] org.apache.zookeeper.ZooKeeper: Client environment:os.memory.total=256MB
2021-03-18 21:43:20,984 INFO  [Thread-0] org.apache.zookeeper.ZooKeeper: Initiating client connection, connectString=localhost:2181 sessionTimeout=3000 watcher=app_kvServer.KVServer$1@7cceab42
2021-03-18 21:43:20,990 INFO  [Thread-0] org.apache.zookeeper.common.X509Util: Setting -D jdk.tls.rejectClientInitiatedRenegotiation=true to disable client-initiated TLS renegotiation
2021-03-18 21:43:21,007 INFO  [Thread-0] org.apache.zookeeper.ClientCnxnSocket: jute.maxbuffer value is 1048575 Bytes
2021-03-18 21:43:21,020 INFO  [Thread-0] org.apache.zookeeper.ClientCnxn: zookeeper.request.timeout value is 0. feature enabled=false
2021-03-18 21:43:21,036 DEBUG [Thread-0-SendThread(localhost:2181)] org.apache.zookeeper.SaslServerPrincipal: Canonicalized address to localhost
2021-03-18 21:43:21,037 INFO  [Thread-0-SendThread(localhost:2181)] org.apache.zookeeper.ClientCnxn: Opening socket connection to server localhost/127.0.0.1:2181.
2021-03-18 21:43:21,038 INFO  [Thread-0-SendThread(localhost:2181)] org.apache.zookeeper.ClientCnxn: SASL config status: Will not attempt to authenticate using SASL (unknown error)
2021-03-18 21:43:21,058 INFO  [Thread-0-SendThread(localhost:2181)] org.apache.zookeeper.ClientCnxn: Socket connection established, initiating session, client: /127.0.0.1:50587, server: localhost/127.0.0.1:2181
2021-03-18 21:43:21,059 DEBUG [Thread-0-SendThread(localhost:2181)] org.apache.zookeeper.ClientCnxn: Session establishment request sent on localhost/127.0.0.1:2181
2021-03-18 21:43:21,093 TRACE [Thread-0-SendThread(localhost:2181)] org.apache.zookeeper.ClientCnxnSocket: readConnectResult 37 0x[0,0,0,0,0,0,f,ffffffa0,1,0,14,ffffffbd,52,70,0,18,0,0,0,10,ffffffc9,ffffffc0,36,28,47,ffffff9f,31,52,66,ffffffe8,ffffff9c,ffffff8c,ffffffcb,68,57,fffffffc,0,]
2021-03-18 21:43:21,094 INFO  [Thread-0-SendThread(localhost:2181)] org.apache.zookeeper.ClientCnxn: Session establishment complete on server localhost/127.0.0.1:2181, session id = 0x10014bd52700018, negotiated timeout = 4000
2021-03-18 21:43:21,098 DEBUG [Thread-0-EventThread] root: ZK event: 
2021-03-18 21:43:21,098 DEBUG [Thread-0-EventThread] root: WatchedEvent state:SyncConnected type:None path:null
2021-03-18 21:43:21,152 DEBUG [Thread-0-SendThread(localhost:2181)] org.apache.zookeeper.ClientCnxn: Reading reply session id: 0x10014bd52700018, packet:: clientPath:null serverPath:null finished:false header:: 1,1  replyHeader:: 1,76,0  request:: '/keeper/server48,,v{s{31,s{'world,'anyone}}},1  response:: '/keeper/server48 
2021-03-18 21:43:21,158 DEBUG [Thread-0-SendThread(localhost:2181)] org.apache.zookeeper.ClientCnxn: Reading reply session id: 0x10014bd52700018, packet:: clientPath:null serverPath:null finished:false header:: 2,3  replyHeader:: 2,76,0  request:: '/keeper/server48,T  response:: s{76,76,1616118201098,1616118201098,0,0,0,72080397402374168,0,0,76} 
2021-03-18 21:43:21,186 DEBUG [Thread-0-SendThread(localhost:2181)] org.apache.zookeeper.ClientCnxn: Got notification session id: 0x10014bd52700018
2021-03-18 21:43:21,187 DEBUG [Thread-0-SendThread(localhost:2181)] org.apache.zookeeper.ClientCnxn: Got WatchedEvent state:SyncConnected type:NodeDataChanged path:/keeper/server48 for session id 0x10014bd52700018
2021-03-18 21:43:21,189 DEBUG [Thread-0-EventThread] root: ZK event: 
2021-03-18 21:43:21,189 DEBUG [Thread-0-EventThread] root: WatchedEvent state:SyncConnected type:NodeDataChanged path:/keeper/server48
2021-03-18 21:43:21,190 DEBUG [Thread-0-SendThread(localhost:2181)] org.apache.zookeeper.ClientCnxn: Reading reply session id: 0x10014bd52700018, packet:: clientPath:null serverPath:null finished:false header:: 3,5  replyHeader:: 3,77,0  request:: '/keeper/server48,#3132372e302e302e313a3530303437,0  response:: s{76,77,1616118201098,1616118201160,1,0,0,72080397402374168,15,0,76} 
2021-03-18 21:43:21,190 INFO  [Thread-0] root: Node created at: /keeper/server48
Starting commModule
2021-03-18 21:43:21,200 INFO  [Thread-0] root: Server communication module connected
2021-03-18 21:43:21,201 INFO  [Thread-0] root: Connected to localhost on port 50588
2021-03-18 21:43:21,217 INFO  [Thread-1] root: Message received by server -> Status: INIT_SERVER
received adminmsg
2021-03-18 21:43:21,219 INFO  [Thread-1] root: Message sent by server -> Status: INIT_SERVER_SUCCESS
2021-03-18 21:43:21,221 INFO  [Thread-1] root: Message received by server -> Status: START
received adminmsg
2021-03-18 21:43:21,221 INFO  [Thread-1] root: Message sent by server -> Status: START_SUCCESS
Starting commModule
2021-03-18 21:43:21,242 INFO  [Thread-0] root: Server communication module connected
2021-03-18 21:43:21,243 INFO  [Thread-0] root: Connected to localhost on port 50592
Starting commModule
2021-03-18 21:43:21,250 INFO  [Thread-0] root: Server communication module connected
2021-03-18 21:43:21,251 INFO  [Thread-0] root: Connected to localhost on port 50596
Starting commModule
2021-03-18 21:43:21,277 INFO  [Thread-0] root: Server communication module connected
2021-03-18 21:43:21,278 INFO  [Thread-0] root: Connected to localhost on port 50598
Starting commModule
2021-03-18 21:43:21,286 INFO  [Thread-0] root: Server communication module connected
2021-03-18 21:43:21,287 INFO  [Thread-0] root: Connected to localhost on port 50601
2021-03-18 21:43:21,288 INFO  [Thread-5] root: Message received by server -> Status: UPDATE
received adminmsg
2021-03-18 21:43:21,290 INFO  [Thread-5] root: Message sent by server -> Status: UPDATE_SUCCESS
Starting commModule
2021-03-18 21:43:21,294 INFO  [Thread-0] root: Server communication module connected
2021-03-18 21:43:21,295 INFO  [Thread-0] root: Connected to localhost on port 50603
Starting commModule
2021-03-18 21:43:21,303 INFO  [Thread-0] root: Server communication module connected
2021-03-18 21:43:21,304 INFO  [Thread-0] root: Connected to localhost on port 50607
Starting commModule
2021-03-18 21:43:21,304 INFO  [Thread-0] root: Server communication module connected
2021-03-18 21:43:21,305 INFO  [Thread-0] root: Connected to localhost on port 50608
2021-03-18 21:43:21,306 INFO  [Thread-8] root: Message received by server -> Status: PROPAGATE_ADMIN
received adminmsg
2021-03-18 21:43:21,311 DEBUG [Thread-8] root: Getting successors
2021-03-18 21:43:21,311 DEBUG [Thread-8] root: Got successors
2021-03-18 21:43:21,312 DEBUG [Thread-8] root: Propagating to: 127.0.0.1:50131 127.0.0.1:50072
2021-03-18 21:43:21,315 INFO  [Thread-8] root: Client communication module connected
2021-03-18 21:43:21,315 INFO  [Thread-8] root: Client communication module connected
2021-03-18 21:43:21,315 DEBUG [Thread-8] root: {}
2021-03-18 21:43:21,316 INFO  [Thread-8] root: Message sent by server -> Status: PROPAGATE_SUCCESS
Starting commModule
2021-03-18 21:43:21,994 INFO  [Thread-0] root: Server communication module connected
2021-03-18 21:43:21,994 INFO  [Thread-0] root: Connected to localhost on port 50616
2021-03-18 21:43:21,995 INFO  [Thread-9] root: Message received by server -> Status: UPDATE
received adminmsg
2021-03-18 21:43:21,996 INFO  [Thread-9] root: Message sent by server -> Status: UPDATE_SUCCESS
Starting commModule
2021-03-18 21:43:22,000 INFO  [Thread-0] root: Server communication module connected
2021-03-18 21:43:22,000 INFO  [Thread-0] root: Connected to localhost on port 50619
Starting commModule
2021-03-18 21:43:22,005 INFO  [Thread-0] root: Server communication module connected
2021-03-18 21:43:22,006 INFO  [Thread-0] root: Connected to localhost on port 50623
2021-03-18 21:43:22,006 INFO  [Thread-11] root: Message received by server -> Status: PROPAGATE_ADMIN
received adminmsg
2021-03-18 21:43:22,007 DEBUG [Thread-11] root: Getting successors
2021-03-18 21:43:22,007 DEBUG [Thread-11] root: Got successors
2021-03-18 21:43:22,007 DEBUG [Thread-11] root: Propagating to: 127.0.0.1:50131 127.0.0.1:50072
2021-03-18 21:43:22,008 INFO  [Thread-11] root: Client communication module connected
2021-03-18 21:43:22,008 INFO  [Thread-11] root: Client communication module connected
2021-03-18 21:43:22,009 DEBUG [Thread-11] root: {}
2021-03-18 21:43:22,009 INFO  [Thread-11] root: Message sent by server -> Status: PROPAGATE_SUCCESS
Starting commModule
2021-03-18 21:43:22,009 INFO  [Thread-0] root: Server communication module connected
2021-03-18 21:43:22,010 INFO  [Thread-0] root: Connected to localhost on port 50626
2021-03-18 21:43:22,010 INFO  [Thread-12] root: Message received by server -> Status: MOVE_DATA
received adminmsg
2021-03-18 21:43:22,010 DEBUG [Thread-12] root: Input data: 
2021-03-18 21:43:22,010 DEBUG [Thread-12] root: d09d6563811a15ee4f6cc53e97daad9c:18cfc044cd1b4dc053d5f85bfbefb888
2021-03-18 21:43:22,010 DEBUG [Thread-12] root: 127.0.0.1:50032
2021-03-18 21:43:22,011 INFO  [Thread-12] root: Client communication module connected
2021-03-18 21:43:22,011 DEBUG [Thread-12] root: Host: 127.0.0.1
2021-03-18 21:43:22,011 DEBUG [Thread-12] root: Port: 50032
2021-03-18 21:43:22,011 DEBUG [Thread-12] root: Range: d09d6563811a15ee4f6cc53e97daad9c:18cfc044cd1b4dc053d5f85bfbefb888
2021-03-18 21:43:22,012 DEBUG [Thread-12] root: Starting flush data
2021-03-18 21:43:22,012 DEBUG [Thread-12] root: Finished flush data
2021-03-18 21:43:22,012 DEBUG [Thread-12] root: Closing conn
2021-03-18 21:43:22,012 INFO  [Thread-12] root: Connection closed!
2021-03-18 21:43:22,012 DEBUG [Thread-12] root: Closed conn
2021-03-18 21:43:22,012 INFO  [Thread-12] root: Message sent by server -> Status: MOVE_DATA_SUCCESS
Starting commModule
2021-03-18 21:43:22,018 INFO  [Thread-0] root: Server communication module connected
2021-03-18 21:43:22,019 INFO  [Thread-0] root: Connected to localhost on port 50630
2021-03-18 21:43:22,020 INFO  [Thread-13] root: Message received by server -> Status: UPDATE
received adminmsg
2021-03-18 21:43:22,020 INFO  [Thread-13] root: Message sent by server -> Status: UPDATE_SUCCESS
Starting commModule
2021-03-18 21:43:22,027 INFO  [Thread-0] root: Server communication module connected
2021-03-18 21:43:22,028 INFO  [Thread-0] root: Connected to localhost on port 50634
Starting commModule
2021-03-18 21:43:22,033 INFO  [Thread-0] root: Server communication module connected
2021-03-18 21:43:22,033 INFO  [Thread-0] root: Connected to localhost on port 50638
2021-03-18 21:43:22,034 INFO  [Thread-15] root: Message received by server -> Status: PROPAGATE_ADMIN
received adminmsg
2021-03-18 21:43:22,034 DEBUG [Thread-15] root: Getting successors
2021-03-18 21:43:22,034 DEBUG [Thread-15] root: Got successors
2021-03-18 21:43:22,035 DEBUG [Thread-15] root: Propagating to: 127.0.0.1:50131 127.0.0.1:50072
2021-03-18 21:43:22,035 INFO  [Thread-15] root: Client communication module connected
2021-03-18 21:43:22,036 INFO  [Thread-15] root: Client communication module connected
2021-03-18 21:43:22,036 DEBUG [Thread-15] root: {}
2021-03-18 21:43:22,036 INFO  [Thread-15] root: Message sent by server -> Status: PROPAGATE_SUCCESS
Starting commModule
2021-03-18 21:43:22,045 INFO  [Thread-0] root: Server communication module connected
2021-03-18 21:43:22,046 INFO  [Thread-0] root: Connected to localhost on port 50642
Starting commModule
2021-03-18 21:43:22,050 INFO  [Thread-0] root: Server communication module connected
2021-03-18 21:43:22,051 INFO  [Thread-17] root: Message received by server -> Status: STOP
received adminmsg
2021-03-18 21:43:22,051 INFO  [Thread-0] root: Connected to localhost on port 50644
2021-03-18 21:43:22,051 INFO  [Thread-17] root: Message sent by server -> Status: STOP_SUCCESS
2021-03-18 21:43:22,498 DEBUG [Thread-0-SendThread(localhost:2181)] org.apache.zookeeper.ClientCnxn: Got ping response for session id: 0x10014bd52700018 after 0ms.
2021-03-18 21:43:23,836 DEBUG [Thread-0-SendThread(localhost:2181)] org.apache.zookeeper.ClientCnxn: Got ping response for session id: 0x10014bd52700018 after 0ms.
2021-03-18 21:43:25,172 DEBUG [Thread-0-SendThread(localhost:2181)] org.apache.zookeeper.ClientCnxn: Got ping response for session id: 0x10014bd52700018 after 1ms.
2021-03-18 21:43:26,508 DEBUG [Thread-0-SendThread(localhost:2181)] org.apache.zookeeper.ClientCnxn: Got ping response for session id: 0x10014bd52700018 after 0ms.
2021-03-18 21:43:27,845 DEBUG [Thread-0-SendThread(localhost:2181)] org.apache.zookeeper.ClientCnxn: Got ping response for session id: 0x10014bd52700018 after 1ms.
2021-03-18 21:43:29,183 DEBUG [Thread-0-SendThread(localhost:2181)] org.apache.zookeeper.ClientCnxn: Got ping response for session id: 0x10014bd52700018 after 0ms.
2021-03-18 21:43:30,517 DEBUG [Thread-0-SendThread(localhost:2181)] org.apache.zookeeper.ClientCnxn: Got ping response for session id: 0x10014bd52700018 after 0ms.
2021-03-18 21:43:31,852 DEBUG [Thread-0-SendThread(localhost:2181)] org.apache.zookeeper.ClientCnxn: Got ping response for session id: 0x10014bd52700018 after 1ms.
2021-03-18 21:43:33,187 DEBUG [Thread-0-SendThread(localhost:2181)] org.apache.zookeeper.ClientCnxn: Got ping response for session id: 0x10014bd52700018 after 1ms.
2021-03-18 21:43:34,523 DEBUG [Thread-0-SendThread(localhost:2181)] org.apache.zookeeper.ClientCnxn: Got ping response for session id: 0x10014bd52700018 after 0ms.
2021-03-18 21:43:35,860 DEBUG [Thread-0-SendThread(localhost:2181)] org.apache.zookeeper.ClientCnxn: Got ping response for session id: 0x10014bd52700018 after 1ms.
2021-03-18 21:43:37,199 DEBUG [Thread-0-SendThread(localhost:2181)] org.apache.zookeeper.ClientCnxn: Got ping response for session id: 0x10014bd52700018 after 1ms.
2021-03-18 21:43:38,532 DEBUG [Thread-0-SendThread(localhost:2181)] org.apache.zookeeper.ClientCnxn: Got ping response for session id: 0x10014bd52700018 after 0ms.
2021-03-18 21:43:39,871 DEBUG [Thread-0-SendThread(localhost:2181)] org.apache.zookeeper.ClientCnxn: Got ping response for session id: 0x10014bd52700018 after 1ms.
2021-03-18 21:43:41,208 DEBUG [Thread-0-SendThread(localhost:2181)] org.apache.zookeeper.ClientCnxn: Got ping response for session id: 0x10014bd52700018 after 1ms.
2021-03-18 21:43:42,546 DEBUG [Thread-0-SendThread(localhost:2181)] org.apache.zookeeper.ClientCnxn: Got ping response for session id: 0x10014bd52700018 after 1ms.
2021-03-18 21:43:43,885 DEBUG [Thread-0-SendThread(localhost:2181)] org.apache.zookeeper.ClientCnxn: Got ping response for session id: 0x10014bd52700018 after 1ms.
2021-03-18 21:43:45,219 DEBUG [Thread-0-SendThread(localhost:2181)] org.apache.zookeeper.ClientCnxn: Got ping response for session id: 0x10014bd52700018 after 0ms.
2021-03-18 21:43:46,555 DEBUG [Thread-0-SendThread(localhost:2181)] org.apache.zookeeper.ClientCnxn: Got ping response for session id: 0x10014bd52700018 after 0ms.
2021-03-18 21:43:47,889 DEBUG [Thread-0-SendThread(localhost:2181)] org.apache.zookeeper.ClientCnxn: Got ping response for session id: 0x10014bd52700018 after 1ms.
2021-03-18 21:43:49,227 DEBUG [Thread-0-SendThread(localhost:2181)] org.apache.zookeeper.ClientCnxn: Got ping response for session id: 0x10014bd52700018 after 1ms.
2021-03-18 21:43:50,564 DEBUG [Thread-0-SendThread(localhost:2181)] org.apache.zookeeper.ClientCnxn: Got ping response for session id: 0x10014bd52700018 after 1ms.
2021-03-18 21:43:51,898 DEBUG [Thread-0-SendThread(localhost:2181)] org.apache.zookeeper.ClientCnxn: Got ping response for session id: 0x10014bd52700018 after 0ms.
2021-03-18 21:43:53,236 DEBUG [Thread-0-SendThread(localhost:2181)] org.apache.zookeeper.ClientCnxn: Got ping response for session id: 0x10014bd52700018 after 1ms.
2021-03-18 21:43:54,571 DEBUG [Thread-0-SendThread(localhost:2181)] org.apache.zookeeper.ClientCnxn: Got ping response for session id: 0x10014bd52700018 after 0ms.
2021-03-18 21:43:55,907 DEBUG [Thread-0-SendThread(localhost:2181)] org.apache.zookeeper.ClientCnxn: Got ping response for session id: 0x10014bd52700018 after 1ms.
2021-03-18 21:43:57,245 DEBUG [Thread-0-SendThread(localhost:2181)] org.apache.zookeeper.ClientCnxn: Got ping response for session id: 0x10014bd52700018 after 0ms.
2021-03-18 21:43:58,599 DEBUG [Thread-0-SendThread(localhost:2181)] org.apache.zookeeper.ClientCnxn: Got ping response for session id: 0x10014bd52700018 after 1ms.
2021-03-18 21:43:59,936 DEBUG [Thread-0-SendThread(localhost:2181)] org.apache.zookeeper.ClientCnxn: Got ping response for session id: 0x10014bd52700018 after 1ms.
2021-03-18 21:44:01,269 DEBUG [Thread-0-SendThread(localhost:2181)] org.apache.zookeeper.ClientCnxn: Got ping response for session id: 0x10014bd52700018 after 0ms.
2021-03-18 21:44:02,606 DEBUG [Thread-0-SendThread(localhost:2181)] org.apache.zookeeper.ClientCnxn: Got ping response for session id: 0x10014bd52700018 after 1ms.
2021-03-18 21:44:03,941 DEBUG [Thread-0-SendThread(localhost:2181)] org.apache.zookeeper.ClientCnxn: Got ping response for session id: 0x10014bd52700018 after 0ms.
2021-03-18 21:44:05,275 DEBUG [Thread-0-SendThread(localhost:2181)] org.apache.zookeeper.ClientCnxn: Got ping response for session id: 0x10014bd52700018 after 0ms.
2021-03-18 21:44:06,612 DEBUG [Thread-0-SendThread(localhost:2181)] org.apache.zookeeper.ClientCnxn: Got ping response for session id: 0x10014bd52700018 after 0ms.
2021-03-18 21:44:07,949 DEBUG [Thread-0-SendThread(localhost:2181)] org.apache.zookeeper.ClientCnxn: Got ping response for session id: 0x10014bd52700018 after 0ms.
2021-03-18 21:44:09,286 DEBUG [Thread-0-SendThread(localhost:2181)] org.apache.zookeeper.ClientCnxn: Got ping response for session id: 0x10014bd52700018 after 0ms.
2021-03-18 21:44:10,623 DEBUG [Thread-0-SendThread(localhost:2181)] org.apache.zookeeper.ClientCnxn: Got ping response for session id: 0x10014bd52700018 after 0ms.
2021-03-18 21:44:11,956 DEBUG [Thread-0-SendThread(localhost:2181)] org.apache.zookeeper.ClientCnxn: Got ping response for session id: 0x10014bd52700018 after 0ms.
2021-03-18 21:44:13,292 DEBUG [Thread-0-SendThread(localhost:2181)] org.apache.zookeeper.ClientCnxn: Got ping response for session id: 0x10014bd52700018 after 1ms.
2021-03-18 21:44:14,630 DEBUG [Thread-0-SendThread(localhost:2181)] org.apache.zookeeper.ClientCnxn: Got ping response for session id: 0x10014bd52700018 after 1ms.
2021-03-18 21:44:15,967 DEBUG [Thread-0-SendThread(localhost:2181)] org.apache.zookeeper.ClientCnxn: Got ping response for session id: 0x10014bd52700018 after 0ms.
2021-03-18 21:44:17,302 DEBUG [Thread-0-SendThread(localhost:2181)] org.apache.zookeeper.ClientCnxn: Got ping response for session id: 0x10014bd52700018 after 0ms.
2021-03-18 21:44:18,640 DEBUG [Thread-0-SendThread(localhost:2181)] org.apache.zookeeper.ClientCnxn: Got ping response for session id: 0x10014bd52700018 after 1ms.
2021-03-18 21:44:19,973 DEBUG [Thread-0-SendThread(localhost:2181)] org.apache.zookeeper.ClientCnxn: Got ping response for session id: 0x10014bd52700018 after 0ms.
2021-03-18 21:44:21,313 DEBUG [Thread-0-SendThread(localhost:2181)] org.apache.zookeeper.ClientCnxn: Got ping response for session id: 0x10014bd52700018 after 1ms.
2021-03-18 21:44:22,649 DEBUG [Thread-0-SendThread(localhost:2181)] org.apache.zookeeper.ClientCnxn: Got ping response for session id: 0x10014bd52700018 after 0ms.
2021-03-18 21:44:23,986 DEBUG [Thread-0-SendThread(localhost:2181)] org.apache.zookeeper.ClientCnxn: Got ping response for session id: 0x10014bd52700018 after 0ms.
2021-03-18 21:44:25,326 DEBUG [Thread-0-SendThread(localhost:2181)] org.apache.zookeeper.ClientCnxn: Got ping response for session id: 0x10014bd52700018 after 1ms.
2021-03-18 21:44:26,663 DEBUG [Thread-0-SendThread(localhost:2181)] org.apache.zookeeper.ClientCnxn: Got ping response for session id: 0x10014bd52700018 after 0ms.
2021-03-18 21:44:28,001 DEBUG [Thread-0-SendThread(localhost:2181)] org.apache.zookeeper.ClientCnxn: Got ping response for session id: 0x10014bd52700018 after 0ms.
2021-03-18 21:44:29,336 DEBUG [Thread-0-SendThread(localhost:2181)] org.apache.zookeeper.ClientCnxn: Got ping response for session id: 0x10014bd52700018 after 0ms.
2021-03-18 21:44:30,672 DEBUG [Thread-0-SendThread(localhost:2181)] org.apache.zookeeper.ClientCnxn: Got ping response for session id: 0x10014bd52700018 after 0ms.
2021-03-18 21:44:32,009 DEBUG [Thread-0-SendThread(localhost:2181)] org.apache.zookeeper.ClientCnxn: Got ping response for session id: 0x10014bd52700018 after 0ms.
2021-03-18 21:44:33,343 DEBUG [Thread-0-SendThread(localhost:2181)] org.apache.zookeeper.ClientCnxn: Got ping response for session id: 0x10014bd52700018 after 1ms.
2021-03-18 21:44:34,676 DEBUG [Thread-0-SendThread(localhost:2181)] org.apache.zookeeper.ClientCnxn: Got ping response for session id: 0x10014bd52700018 after 0ms.
2021-03-18 21:44:36,012 DEBUG [Thread-0-SendThread(localhost:2181)] org.apache.zookeeper.ClientCnxn: Got ping response for session id: 0x10014bd52700018 after 0ms.
2021-03-18 21:44:37,349 DEBUG [Thread-0-SendThread(localhost:2181)] org.apache.zookeeper.ClientCnxn: Got ping response for session id: 0x10014bd52700018 after 0ms.
2021-03-18 21:44:38,686 DEBUG [Thread-0-SendThread(localhost:2181)] org.apache.zookeeper.ClientCnxn: Got ping response for session id: 0x10014bd52700018 after 1ms.
2021-03-18 21:44:40,024 DEBUG [Thread-0-SendThread(localhost:2181)] org.apache.zookeeper.ClientCnxn: Got ping response for session id: 0x10014bd52700018 after 1ms.
2021-03-18 21:44:41,360 DEBUG [Thread-0-SendThread(localhost:2181)] org.apache.zookeeper.ClientCnxn: Got ping response for session id: 0x10014bd52700018 after 0ms.
2021-03-18 21:44:42,698 DEBUG [Thread-0-SendThread(localhost:2181)] org.apache.zookeeper.ClientCnxn: Got ping response for session id: 0x10014bd52700018 after 0ms.
2021-03-18 21:44:44,036 DEBUG [Thread-0-SendThread(localhost:2181)] org.apache.zookeeper.ClientCnxn: Got ping response for session id: 0x10014bd52700018 after 0ms.
2021-03-18 21:44:45,370 DEBUG [Thread-0-SendThread(localhost:2181)] org.apache.zookeeper.ClientCnxn: Got ping response for session id: 0x10014bd52700018 after 0ms.
2021-03-18 21:44:46,707 DEBUG [Thread-0-SendThread(localhost:2181)] org.apache.zookeeper.ClientCnxn: Got ping response for session id: 0x10014bd52700018 after 0ms.
2021-03-18 21:44:48,042 DEBUG [Thread-0-SendThread(localhost:2181)] org.apache.zookeeper.ClientCnxn: Got ping response for session id: 0x10014bd52700018 after 0ms.
2021-03-18 21:44:49,380 DEBUG [Thread-0-SendThread(localhost:2181)] org.apache.zookeeper.ClientCnxn: Got ping response for session id: 0x10014bd52700018 after 0ms.
2021-03-18 21:44:50,719 DEBUG [Thread-0-SendThread(localhost:2181)] org.apache.zookeeper.ClientCnxn: Got ping response for session id: 0x10014bd52700018 after 0ms.
2021-03-18 21:44:52,055 DEBUG [Thread-0-SendThread(localhost:2181)] org.apache.zookeeper.ClientCnxn: Got ping response for session id: 0x10014bd52700018 after 1ms.
2021-03-18 21:44:53,390 DEBUG [Thread-0-SendThread(localhost:2181)] org.apache.zookeeper.ClientCnxn: Got ping response for session id: 0x10014bd52700018 after 0ms.
2021-03-18 21:44:54,723 DEBUG [Thread-0-SendThread(localhost:2181)] org.apache.zookeeper.ClientCnxn: Got ping response for session id: 0x10014bd52700018 after 0ms.
2021-03-18 21:44:56,060 DEBUG [Thread-0-SendThread(localhost:2181)] org.apache.zookeeper.ClientCnxn: Got ping response for session id: 0x10014bd52700018 after 0ms.
2021-03-18 21:44:57,394 DEBUG [Thread-0-SendThread(localhost:2181)] org.apache.zookeeper.ClientCnxn: Got ping response for session id: 0x10014bd52700018 after 0ms.
2021-03-18 21:44:58,732 DEBUG [Thread-0-SendThread(localhost:2181)] org.apache.zookeeper.ClientCnxn: Got ping response for session id: 0x10014bd52700018 after 0ms.
Starting commModule
2021-03-18 21:44:59,910 INFO  [Thread-0] root: Server communication module connected
2021-03-18 21:44:59,911 INFO  [Thread-0] root: Connected to localhost on port 50668
2021-03-18 21:44:59,912 INFO  [Thread-18] root: Message received by server -> Status: UPDATE
received adminmsg
2021-03-18 21:44:59,912 INFO  [Thread-18] root: Message sent by server -> Status: UPDATE_SUCCESS
Starting commModule
2021-03-18 21:44:59,919 INFO  [Thread-0] root: Server communication module connected
2021-03-18 21:44:59,920 INFO  [Thread-0] root: Connected to localhost on port 50671
Starting commModule
2021-03-18 21:44:59,925 INFO  [Thread-0] root: Server communication module connected
2021-03-18 21:44:59,926 INFO  [Thread-0] root: Connected to localhost on port 50675
Starting commModule
2021-03-18 21:44:59,927 INFO  [Thread-0] root: Server communication module connected
2021-03-18 21:44:59,928 INFO  [Thread-0] root: Connected to localhost on port 50676
2021-03-18 21:44:59,929 INFO  [Thread-21] root: Message received by server -> Status: PROPAGATE_ADMIN
received adminmsg
2021-03-18 21:44:59,929 DEBUG [Thread-21] root: Getting successors
2021-03-18 21:44:59,929 DEBUG [Thread-21] root: Got successors
2021-03-18 21:44:59,930 DEBUG [Thread-21] root: Propagating to: 127.0.0.1:50131 127.0.0.1:50093
2021-03-18 21:44:59,930 INFO  [Thread-21] root: Client communication module connected
2021-03-18 21:44:59,931 INFO  [Thread-21] root: Client communication module connected
2021-03-18 21:44:59,931 DEBUG [Thread-21] root: {}
2021-03-18 21:44:59,931 INFO  [Thread-21] root: Message sent by server -> Status: PROPAGATE_SUCCESS
Starting commModule
2021-03-18 21:44:59,966 INFO  [Thread-0] root: Server communication module connected
2021-03-18 21:44:59,967 INFO  [Thread-0] root: Connected to localhost on port 50686
2021-03-18 21:44:59,968 INFO  [Thread-22] root: Message received by server -> Status: UPDATE
received adminmsg
2021-03-18 21:44:59,969 INFO  [Thread-22] root: Message sent by server -> Status: UPDATE_SUCCESS
Starting commModule
2021-03-18 21:44:59,982 INFO  [Thread-0] root: Server communication module connected
2021-03-18 21:44:59,983 INFO  [Thread-0] root: Connected to localhost on port 50690
Starting commModule
2021-03-18 21:45:00,006 INFO  [Thread-0] root: Server communication module connected
2021-03-18 21:45:00,008 INFO  [Thread-0] root: Connected to localhost on port 50694
Starting commModule
2021-03-18 21:45:00,009 INFO  [Thread-0] root: Server communication module connected
2021-03-18 21:45:00,010 INFO  [Thread-0] root: Connected to localhost on port 50695
2021-03-18 21:45:00,010 INFO  [Thread-25] root: Message received by server -> Status: PROPAGATE_ADMIN
received adminmsg
2021-03-18 21:45:00,011 DEBUG [Thread-25] root: Getting successors
2021-03-18 21:45:00,011 DEBUG [Thread-25] root: Got successors
2021-03-18 21:45:00,011 DEBUG [Thread-25] root: Propagating to: 127.0.0.1:50131 127.0.0.1:50093
2021-03-18 21:45:00,012 INFO  [Thread-25] root: Client communication module connected
2021-03-18 21:45:00,013 INFO  [Thread-25] root: Client communication module connected
2021-03-18 21:45:00,014 DEBUG [Thread-25] root: {}
2021-03-18 21:45:00,014 INFO  [Thread-25] root: Message sent by server -> Status: PROPAGATE_SUCCESS
2021-03-18 21:45:00,068 DEBUG [Thread-0-SendThread(localhost:2181)] org.apache.zookeeper.ClientCnxn: Got ping response for session id: 0x10014bd52700018 after 0ms.
Starting commModule
2021-03-18 21:45:00,854 INFO  [Thread-0] root: Server communication module connected
2021-03-18 21:45:00,855 INFO  [Thread-0] root: Connected to localhost on port 50709
2021-03-18 21:45:00,855 INFO  [Thread-26] root: Message received by server -> Status: UPDATE
received adminmsg
2021-03-18 21:45:00,856 INFO  [Thread-26] root: Message sent by server -> Status: UPDATE_SUCCESS
Starting commModule
2021-03-18 21:45:00,870 INFO  [Thread-0] root: Server communication module connected
2021-03-18 21:45:00,872 INFO  [Thread-0] root: Connected to localhost on port 50714
Starting commModule
2021-03-18 21:45:00,880 INFO  [Thread-0] root: Server communication module connected
2021-03-18 21:45:00,881 INFO  [Thread-0] root: Connected to localhost on port 50718
2021-03-18 21:45:00,882 INFO  [Thread-28] root: Message received by server -> Status: PROPAGATE_ADMIN
received adminmsg
2021-03-18 21:45:00,882 DEBUG [Thread-28] root: Getting successors
2021-03-18 21:45:00,882 DEBUG [Thread-28] root: Got successors
2021-03-18 21:45:00,883 DEBUG [Thread-28] root: Propagating to: 127.0.0.1:50131 127.0.0.1:50093
2021-03-18 21:45:00,883 INFO  [Thread-28] root: Client communication module connected
2021-03-18 21:45:00,884 INFO  [Thread-28] root: Client communication module connected
2021-03-18 21:45:00,885 DEBUG [Thread-28] root: {}
2021-03-18 21:45:00,885 INFO  [Thread-28] root: Message sent by server -> Status: PROPAGATE_SUCCESS
Starting commModule
2021-03-18 21:45:00,899 INFO  [Thread-0] root: Server communication module connected
2021-03-18 21:45:00,900 INFO  [Thread-29] root: Message received by server -> Status: MOVE_DATA
received adminmsg
2021-03-18 21:45:00,900 INFO  [Thread-0] root: Connected to localhost on port 50727
2021-03-18 21:45:00,900 DEBUG [Thread-29] root: Input data: 
2021-03-18 21:45:00,901 DEBUG [Thread-29] root: 18cfc044cd1b4dc053d5f85bfbefb889:18d72fb047cfa96bf76b263790df36fd
2021-03-18 21:45:00,901 DEBUG [Thread-29] root: 127.0.0.1:50009
2021-03-18 21:45:00,902 INFO  [Thread-29] root: Client communication module connected
2021-03-18 21:45:00,902 DEBUG [Thread-29] root: Host: 127.0.0.1
2021-03-18 21:45:00,902 DEBUG [Thread-29] root: Port: 50009
2021-03-18 21:45:00,902 DEBUG [Thread-29] root: Range: 18cfc044cd1b4dc053d5f85bfbefb889:18d72fb047cfa96bf76b263790df36fd
2021-03-18 21:45:00,902 DEBUG [Thread-29] root: Starting flush data
2021-03-18 21:45:00,902 DEBUG [Thread-29] root: Finished flush data
2021-03-18 21:45:00,902 DEBUG [Thread-29] root: Closing conn
2021-03-18 21:45:00,902 INFO  [Thread-29] root: Connection closed!
2021-03-18 21:45:00,902 DEBUG [Thread-29] root: Closed conn
2021-03-18 21:45:00,903 INFO  [Thread-29] root: Message sent by server -> Status: MOVE_DATA_SUCCESS
Starting commModule
2021-03-18 21:45:00,912 INFO  [Thread-0] root: Server communication module connected
2021-03-18 21:45:00,914 INFO  [Thread-0] root: Connected to localhost on port 50731
2021-03-18 21:45:00,915 INFO  [Thread-30] root: Message received by server -> Status: UPDATE
received adminmsg
2021-03-18 21:45:00,916 INFO  [Thread-30] root: Message sent by server -> Status: UPDATE_SUCCESS
Starting commModule
2021-03-18 21:45:00,932 INFO  [Thread-0] root: Server communication module connected
2021-03-18 21:45:00,933 INFO  [Thread-0] root: Connected to localhost on port 50737
Starting commModule
2021-03-18 21:45:00,938 INFO  [Thread-0] root: Server communication module connected
2021-03-18 21:45:00,939 INFO  [Thread-0] root: Connected to localhost on port 50741
2021-03-18 21:45:00,940 INFO  [Thread-32] root: Message received by server -> Status: PROPAGATE_ADMIN
received adminmsg
2021-03-18 21:45:00,940 DEBUG [Thread-32] root: Getting successors
2021-03-18 21:45:00,940 DEBUG [Thread-32] root: Got successors
2021-03-18 21:45:00,940 DEBUG [Thread-32] root: Propagating to: 127.0.0.1:50131 127.0.0.1:50093
2021-03-18 21:45:00,941 INFO  [Thread-32] root: Client communication module connected
2021-03-18 21:45:00,941 INFO  [Thread-32] root: Client communication module connected
2021-03-18 21:45:00,941 DEBUG [Thread-32] root: {}
2021-03-18 21:45:00,941 INFO  [Thread-32] root: Message sent by server -> Status: PROPAGATE_SUCCESS
Starting commModule
2021-03-18 21:45:00,960 INFO  [Thread-0] root: Server communication module connected
2021-03-18 21:45:00,961 INFO  [Thread-0] root: Connected to localhost on port 50751
2021-03-18 21:45:01,403 DEBUG [Thread-0-SendThread(localhost:2181)] org.apache.zookeeper.ClientCnxn: Got ping response for session id: 0x10014bd52700018 after 0ms.
2021-03-18 21:45:02,738 DEBUG [Thread-0-SendThread(localhost:2181)] org.apache.zookeeper.ClientCnxn: Got ping response for session id: 0x10014bd52700018 after 0ms.
2021-03-18 21:45:04,074 DEBUG [Thread-0-SendThread(localhost:2181)] org.apache.zookeeper.ClientCnxn: Got ping response for session id: 0x10014bd52700018 after 0ms.
2021-03-18 21:45:05,410 DEBUG [Thread-0-SendThread(localhost:2181)] org.apache.zookeeper.ClientCnxn: Got ping response for session id: 0x10014bd52700018 after 0ms.
2021-03-18 21:45:06,745 DEBUG [Thread-0-SendThread(localhost:2181)] org.apache.zookeeper.ClientCnxn: Got ping response for session id: 0x10014bd52700018 after 0ms.
2021-03-18 21:45:08,080 DEBUG [Thread-0-SendThread(localhost:2181)] org.apache.zookeeper.ClientCnxn: Got ping response for session id: 0x10014bd52700018 after 1ms.
2021-03-18 21:45:09,417 DEBUG [Thread-0-SendThread(localhost:2181)] org.apache.zookeeper.ClientCnxn: Got ping response for session id: 0x10014bd52700018 after 0ms.
2021-03-18 21:45:10,751 DEBUG [Thread-0-SendThread(localhost:2181)] org.apache.zookeeper.ClientCnxn: Got ping response for session id: 0x10014bd52700018 after 0ms.
2021-03-18 21:45:12,087 DEBUG [Thread-0-SendThread(localhost:2181)] org.apache.zookeeper.ClientCnxn: Got ping response for session id: 0x10014bd52700018 after 0ms.
2021-03-18 21:45:13,422 DEBUG [Thread-0-SendThread(localhost:2181)] org.apache.zookeeper.ClientCnxn: Got ping response for session id: 0x10014bd52700018 after 0ms.
2021-03-18 21:45:14,757 DEBUG [Thread-0-SendThread(localhost:2181)] org.apache.zookeeper.ClientCnxn: Got ping response for session id: 0x10014bd52700018 after 0ms.
2021-03-18 21:45:16,095 DEBUG [Thread-0-SendThread(localhost:2181)] org.apache.zookeeper.ClientCnxn: Got ping response for session id: 0x10014bd52700018 after 6ms.
2021-03-18 21:45:17,426 DEBUG [Thread-0-SendThread(localhost:2181)] org.apache.zookeeper.ClientCnxn: Got ping response for session id: 0x10014bd52700018 after 0ms.
2021-03-18 21:45:18,764 DEBUG [Thread-0-SendThread(localhost:2181)] org.apache.zookeeper.ClientCnxn: Got ping response for session id: 0x10014bd52700018 after 0ms.
2021-03-18 21:45:20,102 DEBUG [Thread-0-SendThread(localhost:2181)] org.apache.zookeeper.ClientCnxn: Got ping response for session id: 0x10014bd52700018 after 1ms.
2021-03-18 21:45:21,437 DEBUG [Thread-0-SendThread(localhost:2181)] org.apache.zookeeper.ClientCnxn: Got ping response for session id: 0x10014bd52700018 after 0ms.
2021-03-18 21:45:22,769 DEBUG [Thread-0-SendThread(localhost:2181)] org.apache.zookeeper.ClientCnxn: Got ping response for session id: 0x10014bd52700018 after 0ms.
2021-03-18 21:45:24,107 DEBUG [Thread-0-SendThread(localhost:2181)] org.apache.zookeeper.ClientCnxn: Got ping response for session id: 0x10014bd52700018 after 0ms.
2021-03-18 21:45:25,442 DEBUG [Thread-0-SendThread(localhost:2181)] org.apache.zookeeper.ClientCnxn: Got ping response for session id: 0x10014bd52700018 after 0ms.
2021-03-18 21:45:26,779 DEBUG [Thread-0-SendThread(localhost:2181)] org.apache.zookeeper.ClientCnxn: Got ping response for session id: 0x10014bd52700018 after 0ms.
2021-03-18 21:45:28,113 DEBUG [Thread-0-SendThread(localhost:2181)] org.apache.zookeeper.ClientCnxn: Got ping response for session id: 0x10014bd52700018 after 0ms.
2021-03-18 21:45:29,451 DEBUG [Thread-0-SendThread(localhost:2181)] org.apache.zookeeper.ClientCnxn: Got ping response for session id: 0x10014bd52700018 after 0ms.
2021-03-18 21:45:30,787 DEBUG [Thread-0-SendThread(localhost:2181)] org.apache.zookeeper.ClientCnxn: Got ping response for session id: 0x10014bd52700018 after 0ms.
2021-03-18 21:45:32,122 DEBUG [Thread-0-SendThread(localhost:2181)] org.apache.zookeeper.ClientCnxn: Got ping response for session id: 0x10014bd52700018 after 0ms.
2021-03-18 21:45:33,461 DEBUG [Thread-0-SendThread(localhost:2181)] org.apache.zookeeper.ClientCnxn: Got ping response for session id: 0x10014bd52700018 after 2ms.
2021-03-18 21:45:34,793 DEBUG [Thread-0-SendThread(localhost:2181)] org.apache.zookeeper.ClientCnxn: Got ping response for session id: 0x10014bd52700018 after 0ms.
2021-03-18 21:45:36,131 DEBUG [Thread-0-SendThread(localhost:2181)] org.apache.zookeeper.ClientCnxn: Got ping response for session id: 0x10014bd52700018 after 0ms.
2021-03-18 21:45:37,468 DEBUG [Thread-0-SendThread(localhost:2181)] org.apache.zookeeper.ClientCnxn: Got ping response for session id: 0x10014bd52700018 after 0ms.
2021-03-18 21:45:38,806 DEBUG [Thread-0-SendThread(localhost:2181)] org.apache.zookeeper.ClientCnxn: Got ping response for session id: 0x10014bd52700018 after 1ms.
2021-03-18 21:45:40,143 DEBUG [Thread-0-SendThread(localhost:2181)] org.apache.zookeeper.ClientCnxn: Got ping response for session id: 0x10014bd52700018 after 0ms.
2021-03-18 21:45:41,478 DEBUG [Thread-0-SendThread(localhost:2181)] org.apache.zookeeper.ClientCnxn: Got ping response for session id: 0x10014bd52700018 after 1ms.
2021-03-18 21:45:42,814 DEBUG [Thread-0-SendThread(localhost:2181)] org.apache.zookeeper.ClientCnxn: Got ping response for session id: 0x10014bd52700018 after 0ms.
2021-03-18 21:45:44,150 DEBUG [Thread-0-SendThread(localhost:2181)] org.apache.zookeeper.ClientCnxn: Got ping response for session id: 0x10014bd52700018 after 1ms.
2021-03-18 21:45:45,485 DEBUG [Thread-0-SendThread(localhost:2181)] org.apache.zookeeper.ClientCnxn: Got ping response for session id: 0x10014bd52700018 after 0ms.
2021-03-18 21:45:46,820 DEBUG [Thread-0-SendThread(localhost:2181)] org.apache.zookeeper.ClientCnxn: Got ping response for session id: 0x10014bd52700018 after 1ms.
2021-03-18 21:45:48,159 DEBUG [Thread-0-SendThread(localhost:2181)] org.apache.zookeeper.ClientCnxn: Got ping response for session id: 0x10014bd52700018 after 0ms.
2021-03-18 21:45:49,496 DEBUG [Thread-0-SendThread(localhost:2181)] org.apache.zookeeper.ClientCnxn: Got ping response for session id: 0x10014bd52700018 after 1ms.
2021-03-18 21:45:50,833 DEBUG [Thread-0-SendThread(localhost:2181)] org.apache.zookeeper.ClientCnxn: Got ping response for session id: 0x10014bd52700018 after 0ms.
2021-03-18 21:45:52,169 DEBUG [Thread-0-SendThread(localhost:2181)] org.apache.zookeeper.ClientCnxn: Got ping response for session id: 0x10014bd52700018 after 0ms.
2021-03-18 21:45:53,503 DEBUG [Thread-0-SendThread(localhost:2181)] org.apache.zookeeper.ClientCnxn: Got ping response for session id: 0x10014bd52700018 after 0ms.
2021-03-18 21:45:54,837 DEBUG [Thread-0-SendThread(localhost:2181)] org.apache.zookeeper.ClientCnxn: Got ping response for session id: 0x10014bd52700018 after 0ms.
2021-03-18 21:45:56,172 DEBUG [Thread-0-SendThread(localhost:2181)] org.apache.zookeeper.ClientCnxn: Got ping response for session id: 0x10014bd52700018 after 0ms.
2021-03-18 21:45:57,508 DEBUG [Thread-0-SendThread(localhost:2181)] org.apache.zookeeper.ClientCnxn: Got ping response for session id: 0x10014bd52700018 after 1ms.
2021-03-18 21:45:58,845 DEBUG [Thread-0-SendThread(localhost:2181)] org.apache.zookeeper.ClientCnxn: Got ping response for session id: 0x10014bd52700018 after 1ms.
2021-03-18 21:46:00,180 DEBUG [Thread-0-SendThread(localhost:2181)] org.apache.zookeeper.ClientCnxn: Got ping response for session id: 0x10014bd52700018 after 1ms.
2021-03-18 21:46:01,515 DEBUG [Thread-0-SendThread(localhost:2181)] org.apache.zookeeper.ClientCnxn: Got ping response for session id: 0x10014bd52700018 after 0ms.
2021-03-18 21:46:02,852 DEBUG [Thread-0-SendThread(localhost:2181)] org.apache.zookeeper.ClientCnxn: Got ping response for session id: 0x10014bd52700018 after 0ms.
2021-03-18 21:46:04,186 DEBUG [Thread-0-SendThread(localhost:2181)] org.apache.zookeeper.ClientCnxn: Got ping response for session id: 0x10014bd52700018 after 0ms.
2021-03-18 21:46:05,520 DEBUG [Thread-0-SendThread(localhost:2181)] org.apache.zookeeper.ClientCnxn: Got ping response for session id: 0x10014bd52700018 after 0ms.
2021-03-18 21:46:06,854 DEBUG [Thread-0-SendThread(localhost:2181)] org.apache.zookeeper.ClientCnxn: Got ping response for session id: 0x10014bd52700018 after 1ms.
2021-03-18 21:46:08,193 DEBUG [Thread-0-SendThread(localhost:2181)] org.apache.zookeeper.ClientCnxn: Got ping response for session id: 0x10014bd52700018 after 1ms.
2021-03-18 21:46:09,527 DEBUG [Thread-0-SendThread(localhost:2181)] org.apache.zookeeper.ClientCnxn: Got ping response for session id: 0x10014bd52700018 after 0ms.
2021-03-18 21:46:10,863 DEBUG [Thread-0-SendThread(localhost:2181)] org.apache.zookeeper.ClientCnxn: Got ping response for session id: 0x10014bd52700018 after 0ms.
2021-03-18 21:46:12,200 DEBUG [Thread-0-SendThread(localhost:2181)] org.apache.zookeeper.ClientCnxn: Got ping response for session id: 0x10014bd52700018 after 0ms.
2021-03-18 21:46:13,535 DEBUG [Thread-0-SendThread(localhost:2181)] org.apache.zookeeper.ClientCnxn: Got ping response for session id: 0x10014bd52700018 after 0ms.
2021-03-18 21:46:14,871 DEBUG [Thread-0-SendThread(localhost:2181)] org.apache.zookeeper.ClientCnxn: Got ping response for session id: 0x10014bd52700018 after 0ms.
2021-03-18 21:46:16,208 DEBUG [Thread-0-SendThread(localhost:2181)] org.apache.zookeeper.ClientCnxn: Got ping response for session id: 0x10014bd52700018 after 0ms.
2021-03-18 21:46:17,546 DEBUG [Thread-0-SendThread(localhost:2181)] org.apache.zookeeper.ClientCnxn: Got ping response for session id: 0x10014bd52700018 after 0ms.
2021-03-18 21:46:18,879 DEBUG [Thread-0-SendThread(localhost:2181)] org.apache.zookeeper.ClientCnxn: Got ping response for session id: 0x10014bd52700018 after 0ms.
Starting commModule
2021-03-18 21:46:19,140 INFO  [Thread-0] root: Server communication module connected
2021-03-18 21:46:19,141 INFO  [Thread-0] root: Connected to localhost on port 50773
2021-03-18 21:46:19,142 INFO  [Thread-34] root: Message received by server -> Status: UPDATE
received adminmsg
2021-03-18 21:46:19,142 INFO  [Thread-34] root: Message sent by server -> Status: UPDATE_SUCCESS
Starting commModule
2021-03-18 21:46:19,153 INFO  [Thread-0] root: Server communication module connected
2021-03-18 21:46:19,154 INFO  [Thread-0] root: Connected to localhost on port 50778
Starting commModule
2021-03-18 21:46:19,158 INFO  [Thread-0] root: Server communication module connected
2021-03-18 21:46:19,158 INFO  [Thread-0] root: Connected to localhost on port 50780
Starting commModule
2021-03-18 21:46:19,164 INFO  [Thread-0] root: Server communication module connected
2021-03-18 21:46:19,165 INFO  [Thread-0] root: Connected to localhost on port 50785
2021-03-18 21:46:19,166 INFO  [Thread-37] root: Message received by server -> Status: PROPAGATE_ADMIN
received adminmsg
2021-03-18 21:46:19,166 DEBUG [Thread-37] root: Getting successors
2021-03-18 21:46:19,166 DEBUG [Thread-37] root: Got successors
2021-03-18 21:46:19,166 DEBUG [Thread-37] root: Propagating to: 127.0.0.1:50131 127.0.0.1:50008
2021-03-18 21:46:19,167 INFO  [Thread-37] root: Client communication module connected
2021-03-18 21:46:19,168 INFO  [Thread-37] root: Client communication module connected
2021-03-18 21:46:19,168 DEBUG [Thread-37] root: {}
2021-03-18 21:46:19,168 INFO  [Thread-37] root: Message sent by server -> Status: PROPAGATE_SUCCESS
Starting commModule
2021-03-18 21:46:19,224 INFO  [Thread-0] root: Server communication module connected
2021-03-18 21:46:19,225 INFO  [Thread-0] root: Connected to localhost on port 50799
2021-03-18 21:46:19,226 INFO  [Thread-38] root: Message received by server -> Status: UPDATE
received adminmsg
2021-03-18 21:46:19,227 INFO  [Thread-38] root: Message sent by server -> Status: UPDATE_SUCCESS
Starting commModule
2021-03-18 21:46:19,248 INFO  [Thread-0] root: Server communication module connected
2021-03-18 21:46:19,249 INFO  [Thread-0] root: Connected to localhost on port 50805
Starting commModule
2021-03-18 21:46:19,254 INFO  [Thread-0] root: Server communication module connected
2021-03-18 21:46:19,255 INFO  [Thread-0] root: Connected to localhost on port 50807
Starting commModule
2021-03-18 21:46:19,263 INFO  [Thread-0] root: Server communication module connected
2021-03-18 21:46:19,263 INFO  [Thread-0] root: Connected to localhost on port 50812
2021-03-18 21:46:19,264 INFO  [Thread-41] root: Message received by server -> Status: PROPAGATE_ADMIN
received adminmsg
2021-03-18 21:46:19,265 DEBUG [Thread-41] root: Getting successors
2021-03-18 21:46:19,265 DEBUG [Thread-41] root: Got successors
2021-03-18 21:46:19,265 DEBUG [Thread-41] root: Propagating to: 127.0.0.1:50131 127.0.0.1:50008
2021-03-18 21:46:19,265 INFO  [Thread-41] root: Client communication module connected
2021-03-18 21:46:19,266 INFO  [Thread-41] root: Client communication module connected
2021-03-18 21:46:19,266 DEBUG [Thread-41] root: {}
2021-03-18 21:46:19,266 INFO  [Thread-41] root: Message sent by server -> Status: PROPAGATE_SUCCESS
Starting commModule
2021-03-18 21:46:20,083 INFO  [Thread-0] root: Server communication module connected
2021-03-18 21:46:20,084 INFO  [Thread-0] root: Connected to localhost on port 50830
2021-03-18 21:46:20,084 INFO  [Thread-42] root: Message received by server -> Status: UPDATE
received adminmsg
2021-03-18 21:46:20,085 INFO  [Thread-42] root: Message sent by server -> Status: UPDATE_SUCCESS
Starting commModule
2021-03-18 21:46:20,104 INFO  [Thread-0] root: Server communication module connected
2021-03-18 21:46:20,105 INFO  [Thread-0] root: Connected to localhost on port 50839
Starting commModule
2021-03-18 21:46:20,110 INFO  [Thread-0] root: Server communication module connected
2021-03-18 21:46:20,110 INFO  [Thread-0] root: Connected to localhost on port 50843
2021-03-18 21:46:20,111 INFO  [Thread-44] root: Message received by server -> Status: PROPAGATE_ADMIN
received adminmsg
2021-03-18 21:46:20,111 DEBUG [Thread-44] root: Getting successors
2021-03-18 21:46:20,111 DEBUG [Thread-44] root: Got successors
2021-03-18 21:46:20,111 DEBUG [Thread-44] root: Propagating to: 127.0.0.1:50131 127.0.0.1:50008
2021-03-18 21:46:20,112 INFO  [Thread-44] root: Client communication module connected
2021-03-18 21:46:20,112 INFO  [Thread-44] root: Client communication module connected
2021-03-18 21:46:20,112 DEBUG [Thread-44] root: {}
2021-03-18 21:46:20,112 INFO  [Thread-44] root: Message sent by server -> Status: PROPAGATE_SUCCESS
Starting commModule
2021-03-18 21:46:20,128 INFO  [Thread-0] root: Server communication module connected
2021-03-18 21:46:20,129 INFO  [Thread-0] root: Connected to localhost on port 50855
2021-03-18 21:46:20,129 INFO  [Thread-45] root: Message received by server -> Status: MOVE_DATA
received adminmsg
2021-03-18 21:46:20,129 DEBUG [Thread-45] root: Input data: 
2021-03-18 21:46:20,129 DEBUG [Thread-45] root: 18d72fb047cfa96bf76b263790df36fe:35f846d9c3991875c332a2e96ed6e008
2021-03-18 21:46:20,129 DEBUG [Thread-45] root: 127.0.0.1:50107
2021-03-18 21:46:20,130 INFO  [Thread-45] root: Client communication module connected
2021-03-18 21:46:20,131 DEBUG [Thread-45] root: Host: 127.0.0.1
2021-03-18 21:46:20,131 DEBUG [Thread-45] root: Port: 50107
2021-03-18 21:46:20,131 DEBUG [Thread-45] root: Range: 18d72fb047cfa96bf76b263790df36fe:35f846d9c3991875c332a2e96ed6e008
2021-03-18 21:46:20,131 DEBUG [Thread-45] root: Starting flush data
2021-03-18 21:46:20,131 DEBUG [Thread-45] root: Finished flush data
2021-03-18 21:46:20,131 DEBUG [Thread-45] root: Closing conn
2021-03-18 21:46:20,131 INFO  [Thread-45] root: Connection closed!
2021-03-18 21:46:20,131 DEBUG [Thread-45] root: Closed conn
2021-03-18 21:46:20,131 INFO  [Thread-45] root: Message sent by server -> Status: MOVE_DATA_SUCCESS
Starting commModule
2021-03-18 21:46:20,145 INFO  [Thread-0] root: Server communication module connected
2021-03-18 21:46:20,146 INFO  [Thread-0] root: Connected to localhost on port 50860
2021-03-18 21:46:20,152 INFO  [Thread-46] root: Message received by server -> Status: UPDATE
received adminmsg
2021-03-18 21:46:20,156 INFO  [Thread-46] root: Message sent by server -> Status: UPDATE_SUCCESS
Starting commModule
2021-03-18 21:46:20,187 INFO  [Thread-0] root: Server communication module connected
2021-03-18 21:46:20,188 INFO  [Thread-0] root: Connected to localhost on port 50870
Starting commModule
2021-03-18 21:46:20,195 INFO  [Thread-0] root: Server communication module connected
2021-03-18 21:46:20,196 INFO  [Thread-0] root: Connected to localhost on port 50874
2021-03-18 21:46:20,197 INFO  [Thread-48] root: Message received by server -> Status: PROPAGATE_ADMIN
received adminmsg
2021-03-18 21:46:20,197 DEBUG [Thread-48] root: Getting successors
2021-03-18 21:46:20,198 DEBUG [Thread-48] root: Got successors
2021-03-18 21:46:20,198 DEBUG [Thread-48] root: Propagating to: 127.0.0.1:50131 127.0.0.1:50008
2021-03-18 21:46:20,198 INFO  [Thread-48] root: Client communication module connected
2021-03-18 21:46:20,199 INFO  [Thread-48] root: Client communication module connected
2021-03-18 21:46:20,199 DEBUG [Thread-48] root: {}
2021-03-18 21:46:20,199 INFO  [Thread-48] root: Message sent by server -> Status: PROPAGATE_SUCCESS
2021-03-18 21:46:20,217 DEBUG [Thread-0-SendThread(localhost:2181)] org.apache.zookeeper.ClientCnxn: Got ping response for session id: 0x10014bd52700018 after 0ms.
Starting commModule
2021-03-18 21:46:20,228 INFO  [Thread-0] root: Server communication module connected
2021-03-18 21:46:20,228 INFO  [Thread-0] root: Connected to localhost on port 50887
2021-03-18 21:46:21,554 DEBUG [Thread-0-SendThread(localhost:2181)] org.apache.zookeeper.ClientCnxn: Got ping response for session id: 0x10014bd52700018 after 0ms.
2021-03-18 21:46:22,887 DEBUG [Thread-0-SendThread(localhost:2181)] org.apache.zookeeper.ClientCnxn: Got ping response for session id: 0x10014bd52700018 after 0ms.
2021-03-18 21:46:24,225 DEBUG [Thread-0-SendThread(localhost:2181)] org.apache.zookeeper.ClientCnxn: Got ping response for session id: 0x10014bd52700018 after 0ms.
2021-03-18 21:46:25,562 DEBUG [Thread-0-SendThread(localhost:2181)] org.apache.zookeeper.ClientCnxn: Got ping response for session id: 0x10014bd52700018 after 0ms.
2021-03-18 21:46:26,901 DEBUG [Thread-0-SendThread(localhost:2181)] org.apache.zookeeper.ClientCnxn: Got ping response for session id: 0x10014bd52700018 after 0ms.
2021-03-18 21:46:28,234 DEBUG [Thread-0-SendThread(localhost:2181)] org.apache.zookeeper.ClientCnxn: Got ping response for session id: 0x10014bd52700018 after 0ms.
2021-03-18 21:46:29,571 DEBUG [Thread-0-SendThread(localhost:2181)] org.apache.zookeeper.ClientCnxn: Got ping response for session id: 0x10014bd52700018 after 0ms.
Starting commModule
2021-03-18 21:46:30,249 INFO  [Thread-0] root: Server communication module connected
2021-03-18 21:46:30,250 INFO  [Thread-50] root: Message received by server -> Status: SHUTDOWN
received adminmsg
2021-03-18 21:46:30,250 INFO  [Thread-0] root: Connected to localhost on port 50894
2021-03-18 21:46:30,250 DEBUG [Thread-50] root: Closing the program
2021-03-18 21:46:30,250 INFO  [Thread-50] root: Message sent by server -> Status: SHUTDOWN_SUCCESS
2021-03-18 21:46:30,251 ERROR [Thread-0] root: Error! Unable to establish connection. 

java.net.SocketException: Socket closed
	at java.base/java.net.PlainSocketImpl.socketAccept(Native Method)
	at java.base/java.net.AbstractPlainSocketImpl.accept(AbstractPlainSocketImpl.java:458)
	at java.base/java.net.ServerSocket.implAccept(ServerSocket.java:565)
	at java.base/java.net.ServerSocket.accept(ServerSocket.java:533)
	at app_kvServer.KVServer.run(KVServer.java:408)
2021-03-18 21:46:30,253 INFO  [Thread-0] root: Server stopped.
2021-03-18 21:46:30,253 INFO  [Thread-0] root: Clearing KV Storage...
