2021-03-19 10:35:22,674 INFO  [Thread-0] root: Initialize server ...
2021-03-19 10:35:22,687 INFO  [Thread-0] root: Server listening on port: 50044
2021-03-19 10:35:22,704 INFO  [Thread-0] org.apache.zookeeper.ZooKeeper: Client environment:zookeeper.version=3.6.2--803c7f1a12f85978cb049af5e4ef23bd8b688715, built on 09/04/2020 12:44 GMT
2021-03-19 10:35:22,705 INFO  [Thread-0] org.apache.zookeeper.ZooKeeper: Client environment:host.name=localhost
2021-03-19 10:35:22,705 INFO  [Thread-0] org.apache.zookeeper.ZooKeeper: Client environment:java.version=11.0.10
2021-03-19 10:35:22,705 INFO  [Thread-0] org.apache.zookeeper.ZooKeeper: Client environment:java.vendor=Azul Systems, Inc.
2021-03-19 10:35:22,705 INFO  [Thread-0] org.apache.zookeeper.ZooKeeper: Client environment:java.home=/Users/steve/Library/Java/JavaVirtualMachines/azul-11.0.10/Contents/Home
2021-03-19 10:35:22,705 INFO  [Thread-0] org.apache.zookeeper.ZooKeeper: Client environment:java.class.path=/Users/steve/Desktop/UofT/year4/winter2021/ECE419/milestone3/m3-server.jar
2021-03-19 10:35:22,705 INFO  [Thread-0] org.apache.zookeeper.ZooKeeper: Client environment:java.library.path=/Users/steve/Library/Java/Extensions:/Library/Java/Extensions:/Network/Library/Java/Extensions:/System/Library/Java/Extensions:/usr/lib/java:.
2021-03-19 10:35:22,705 INFO  [Thread-0] org.apache.zookeeper.ZooKeeper: Client environment:java.io.tmpdir=/var/folders/kz/3gb57nkn6ks6_07_dtt5lqvr0000gn/T/
2021-03-19 10:35:22,705 INFO  [Thread-0] org.apache.zookeeper.ZooKeeper: Client environment:java.compiler=<NA>
2021-03-19 10:35:22,705 INFO  [Thread-0] org.apache.zookeeper.ZooKeeper: Client environment:os.name=Mac OS X
2021-03-19 10:35:22,705 INFO  [Thread-0] org.apache.zookeeper.ZooKeeper: Client environment:os.arch=x86_64
2021-03-19 10:35:22,705 INFO  [Thread-0] org.apache.zookeeper.ZooKeeper: Client environment:os.version=10.16
2021-03-19 10:35:22,705 INFO  [Thread-0] org.apache.zookeeper.ZooKeeper: Client environment:user.name=steve
2021-03-19 10:35:22,705 INFO  [Thread-0] org.apache.zookeeper.ZooKeeper: Client environment:user.home=/Users/steve
2021-03-19 10:35:22,705 INFO  [Thread-0] org.apache.zookeeper.ZooKeeper: Client environment:user.dir=/Users/steve
2021-03-19 10:35:22,705 INFO  [Thread-0] org.apache.zookeeper.ZooKeeper: Client environment:os.memory.free=249MB
2021-03-19 10:35:22,705 INFO  [Thread-0] org.apache.zookeeper.ZooKeeper: Client environment:os.memory.max=4096MB
2021-03-19 10:35:22,706 INFO  [Thread-0] org.apache.zookeeper.ZooKeeper: Client environment:os.memory.total=256MB
2021-03-19 10:35:22,708 INFO  [Thread-0] org.apache.zookeeper.ZooKeeper: Initiating client connection, connectString=localhost:2181 sessionTimeout=3000 watcher=app_kvServer.KVServer$1@7a8d20e7
2021-03-19 10:35:22,712 INFO  [Thread-0] org.apache.zookeeper.common.X509Util: Setting -D jdk.tls.rejectClientInitiatedRenegotiation=true to disable client-initiated TLS renegotiation
2021-03-19 10:35:22,723 INFO  [Thread-0] org.apache.zookeeper.ClientCnxnSocket: jute.maxbuffer value is 1048575 Bytes
2021-03-19 10:35:22,729 INFO  [Thread-0] org.apache.zookeeper.ClientCnxn: zookeeper.request.timeout value is 0. feature enabled=false
2021-03-19 10:35:22,738 DEBUG [Thread-0-SendThread(localhost:2181)] org.apache.zookeeper.SaslServerPrincipal: Canonicalized address to localhost
2021-03-19 10:35:22,739 INFO  [Thread-0-SendThread(localhost:2181)] org.apache.zookeeper.ClientCnxn: Opening socket connection to server localhost/127.0.0.1:2181.
2021-03-19 10:35:22,739 INFO  [Thread-0-SendThread(localhost:2181)] org.apache.zookeeper.ClientCnxn: SASL config status: Will not attempt to authenticate using SASL (unknown error)
2021-03-19 10:35:22,754 INFO  [Thread-0-SendThread(localhost:2181)] org.apache.zookeeper.ClientCnxn: Socket connection established, initiating session, client: /127.0.0.1:55892, server: localhost/127.0.0.1:2181
2021-03-19 10:35:22,754 DEBUG [Thread-0-SendThread(localhost:2181)] org.apache.zookeeper.ClientCnxn: Session establishment request sent on localhost/127.0.0.1:2181
2021-03-19 10:35:22,784 TRACE [Thread-0-SendThread(localhost:2181)] org.apache.zookeeper.ClientCnxnSocket: readConnectResult 37 0x[0,0,0,0,0,0,f,ffffffa0,1,0,14,ffffffbd,52,70,1,3c,0,0,0,10,5f,54,42,2d,ffffffd0,ffffffa1,4c,22,ffffffa7,5d,ffffffdf,3f,ffffffed,ffffffd2,ffffffb1,ffffffbe,0,]
2021-03-19 10:35:22,786 INFO  [Thread-0-SendThread(localhost:2181)] org.apache.zookeeper.ClientCnxn: Session establishment complete on server localhost/127.0.0.1:2181, session id = 0x10014bd5270013c, negotiated timeout = 4000
2021-03-19 10:35:22,789 DEBUG [Thread-0-EventThread] root: ZK event: 
2021-03-19 10:35:22,789 DEBUG [Thread-0-EventThread] root: WatchedEvent state:SyncConnected type:None path:null
2021-03-19 10:35:22,818 DEBUG [Thread-0-SendThread(localhost:2181)] org.apache.zookeeper.ClientCnxn: Reading reply session id: 0x10014bd5270013c, packet:: clientPath:null serverPath:null finished:false header:: 1,1  replyHeader:: 1,1015,0  request:: '/keeper/server45,,v{s{31,s{'world,'anyone}}},1  response:: '/keeper/server45 
2021-03-19 10:35:22,822 DEBUG [Thread-0-SendThread(localhost:2181)] org.apache.zookeeper.ClientCnxn: Reading reply session id: 0x10014bd5270013c, packet:: clientPath:null serverPath:null finished:false header:: 2,3  replyHeader:: 2,1015,0  request:: '/keeper/server45,T  response:: s{1015,1015,1616164522790,1616164522790,0,0,0,72080397402374460,0,0,1015} 
2021-03-19 10:35:22,849 DEBUG [Thread-0-SendThread(localhost:2181)] org.apache.zookeeper.ClientCnxn: Got notification session id: 0x10014bd5270013c
2021-03-19 10:35:22,850 DEBUG [Thread-0-SendThread(localhost:2181)] org.apache.zookeeper.ClientCnxn: Got WatchedEvent state:SyncConnected type:NodeDataChanged path:/keeper/server45 for session id 0x10014bd5270013c
2021-03-19 10:35:22,852 DEBUG [Thread-0-EventThread] root: ZK event: 
2021-03-19 10:35:22,852 DEBUG [Thread-0-EventThread] root: WatchedEvent state:SyncConnected type:NodeDataChanged path:/keeper/server45
2021-03-19 10:35:22,852 DEBUG [Thread-0-SendThread(localhost:2181)] org.apache.zookeeper.ClientCnxn: Reading reply session id: 0x10014bd5270013c, packet:: clientPath:null serverPath:null finished:false header:: 3,5  replyHeader:: 3,1016,0  request:: '/keeper/server45,#3132372e302e302e313a3530303434,0  response:: s{1015,1016,1616164522790,1616164522823,1,0,0,72080397402374460,15,0,1015} 
2021-03-19 10:35:22,853 INFO  [Thread-0] root: Node created at: /keeper/server45
Starting commModule
2021-03-19 10:35:22,860 INFO  [Thread-0] root: Server communication module connected
2021-03-19 10:35:22,881 INFO  [Thread-0] root: Connected to localhost on port 55893
2021-03-19 10:35:22,891 INFO  [Thread-1] root: Message received by server -> Status: INIT_SERVER
received adminmsg
2021-03-19 10:35:22,891 INFO  [Thread-1] root: Message sent by server -> Status: INIT_SERVER_SUCCESS
2021-03-19 10:35:22,892 INFO  [Thread-1] root: Message received by server -> Status: START
received adminmsg
2021-03-19 10:35:22,892 INFO  [Thread-1] root: Message sent by server -> Status: START_SUCCESS
Starting commModule
2021-03-19 10:35:22,893 INFO  [Thread-0] root: Server communication module connected
2021-03-19 10:35:22,893 INFO  [Thread-0] root: Connected to localhost on port 55894
2021-03-19 10:35:22,894 INFO  [Thread-2] root: Message received by server -> Status: UPDATE
received adminmsg
2021-03-19 10:35:22,895 INFO  [Thread-2] root: Message sent by server -> Status: UPDATE_SUCCESS
Starting commModule
2021-03-19 10:35:22,896 INFO  [Thread-0] root: Server communication module connected
2021-03-19 10:35:22,896 INFO  [Thread-0] root: Connected to localhost on port 55895
2021-03-19 10:35:22,897 INFO  [Thread-3] root: Message received by server -> Status: PROPAGATE_ADMIN
received adminmsg
2021-03-19 10:35:22,902 DEBUG [Thread-3] root: Getting successors
2021-03-19 10:35:22,902 DEBUG [Thread-3] root: Got successors
2021-03-19 10:35:22,903 DEBUG [Thread-3] root: Propagating to: 127.0.0.1:50044 127.0.0.1:50044
Starting commModule
2021-03-19 10:35:22,905 INFO  [Thread-0] root: Server communication module connected
2021-03-19 10:35:22,905 INFO  [Thread-3] root: Client communication module connected
2021-03-19 10:35:22,906 INFO  [Thread-0] root: Connected to localhost on port 55896
Starting commModule
2021-03-19 10:35:22,906 INFO  [Thread-0] root: Server communication module connected
2021-03-19 10:35:22,906 INFO  [Thread-3] root: Client communication module connected
2021-03-19 10:35:22,906 DEBUG [Thread-3] root: {}
2021-03-19 10:35:22,906 INFO  [Thread-0] root: Connected to localhost on port 55897
2021-03-19 10:35:22,907 INFO  [Thread-3] root: Message sent by server -> Status: PROPAGATE_SUCCESS
Starting commModule
2021-03-19 10:35:23,471 INFO  [Thread-0] root: Server communication module connected
2021-03-19 10:35:23,472 INFO  [Thread-0] root: Connected to localhost on port 55901
2021-03-19 10:35:23,473 INFO  [Thread-6] root: Message received by server -> Status: UPDATE
received adminmsg
2021-03-19 10:35:23,473 INFO  [Thread-6] root: Message sent by server -> Status: UPDATE_SUCCESS
Starting commModule
2021-03-19 10:35:23,474 INFO  [Thread-0] root: Server communication module connected
2021-03-19 10:35:23,475 INFO  [Thread-0] root: Connected to localhost on port 55902
2021-03-19 10:35:23,475 INFO  [Thread-7] root: Message received by server -> Status: PROPAGATE_ADMIN
received adminmsg
2021-03-19 10:35:23,475 DEBUG [Thread-7] root: Getting successors
2021-03-19 10:35:23,475 DEBUG [Thread-7] root: Got successors
2021-03-19 10:35:23,475 DEBUG [Thread-7] root: Propagating to: 127.0.0.1:50059 127.0.0.1:50044
2021-03-19 10:35:23,476 INFO  [Thread-7] root: Client communication module connected
Starting commModule
2021-03-19 10:35:23,476 INFO  [Thread-7] root: Client communication module connected
2021-03-19 10:35:23,476 INFO  [Thread-0] root: Server communication module connected
2021-03-19 10:35:23,476 DEBUG [Thread-7] root: {}
2021-03-19 10:35:23,477 INFO  [Thread-7] root: Message sent by server -> Status: PROPAGATE_SUCCESS
2021-03-19 10:35:23,477 INFO  [Thread-0] root: Connected to localhost on port 55904
Starting commModule
2021-03-19 10:35:23,477 INFO  [Thread-0] root: Server communication module connected
2021-03-19 10:35:23,478 INFO  [Thread-0] root: Connected to localhost on port 55905
2021-03-19 10:35:23,478 INFO  [Thread-9] root: Message received by server -> Status: MOVE_DATA
received adminmsg
2021-03-19 10:35:23,478 DEBUG [Thread-9] root: Input data: 
2021-03-19 10:35:23,478 DEBUG [Thread-9] root: 9a3a600fb37e53cfca034a242016b37c:6644acd684155ed59c07cdb5c5ee2ec
2021-03-19 10:35:23,478 DEBUG [Thread-9] root: 127.0.0.1:50059
2021-03-19 10:35:23,479 INFO  [Thread-9] root: Client communication module connected
2021-03-19 10:35:23,479 DEBUG [Thread-9] root: Host: 127.0.0.1
2021-03-19 10:35:23,479 DEBUG [Thread-9] root: Port: 50059
2021-03-19 10:35:23,479 DEBUG [Thread-9] root: Range: 9a3a600fb37e53cfca034a242016b37c:6644acd684155ed59c07cdb5c5ee2ec
2021-03-19 10:35:23,479 DEBUG [Thread-9] root: Starting flush data
2021-03-19 10:35:23,479 DEBUG [Thread-9] root: Finished flush data
2021-03-19 10:35:23,479 DEBUG [Thread-9] root: Closing conn
2021-03-19 10:35:23,479 INFO  [Thread-9] root: Connection closed!
2021-03-19 10:35:23,479 DEBUG [Thread-9] root: Closed conn
2021-03-19 10:35:23,479 INFO  [Thread-9] root: Message sent by server -> Status: MOVE_DATA_SUCCESS
Starting commModule
2021-03-19 10:35:23,480 INFO  [Thread-0] root: Server communication module connected
2021-03-19 10:35:23,481 INFO  [Thread-0] root: Connected to localhost on port 55907
2021-03-19 10:35:23,481 INFO  [Thread-10] root: Message received by server -> Status: UPDATE
received adminmsg
2021-03-19 10:35:23,482 INFO  [Thread-10] root: Message sent by server -> Status: UPDATE_SUCCESS
Starting commModule
2021-03-19 10:35:23,486 INFO  [Thread-0] root: Server communication module connected
2021-03-19 10:35:23,486 INFO  [Thread-0] root: Connected to localhost on port 55909
2021-03-19 10:35:23,487 INFO  [Thread-11] root: Message received by server -> Status: PROPAGATE_ADMIN
received adminmsg
2021-03-19 10:35:23,487 DEBUG [Thread-11] root: Getting successors
2021-03-19 10:35:23,487 DEBUG [Thread-11] root: Got successors
2021-03-19 10:35:23,487 DEBUG [Thread-11] root: Propagating to: 127.0.0.1:50059 127.0.0.1:50044
2021-03-19 10:35:23,488 INFO  [Thread-11] root: Client communication module connected
Starting commModule
2021-03-19 10:35:23,488 INFO  [Thread-11] root: Client communication module connected
2021-03-19 10:35:23,488 INFO  [Thread-0] root: Server communication module connected
2021-03-19 10:35:23,488 DEBUG [Thread-11] root: {}
2021-03-19 10:35:23,489 INFO  [Thread-11] root: Message sent by server -> Status: PROPAGATE_SUCCESS
2021-03-19 10:35:23,489 INFO  [Thread-0] root: Connected to localhost on port 55911
Starting commModule
2021-03-19 10:35:23,498 INFO  [Thread-0] root: Server communication module connected
2021-03-19 10:35:23,498 INFO  [Thread-0] root: Connected to localhost on port 55913
Starting commModule
2021-03-19 10:35:23,499 INFO  [Thread-0] root: Server communication module connected
2021-03-19 10:35:23,500 INFO  [Thread-0] root: Connected to localhost on port 55915
2021-03-19 10:35:23,500 INFO  [Thread-14] root: Message received by server -> Status: STOP
received adminmsg
2021-03-19 10:35:23,500 INFO  [Thread-14] root: Message sent by server -> Status: STOP_SUCCESS
2021-03-19 10:35:24,159 DEBUG [Thread-0-SendThread(localhost:2181)] org.apache.zookeeper.ClientCnxn: Got ping response for session id: 0x10014bd5270013c after 1ms.
2021-03-19 10:35:25,497 DEBUG [Thread-0-SendThread(localhost:2181)] org.apache.zookeeper.ClientCnxn: Got ping response for session id: 0x10014bd5270013c after 0ms.
2021-03-19 10:35:26,836 DEBUG [Thread-0-SendThread(localhost:2181)] org.apache.zookeeper.ClientCnxn: Got ping response for session id: 0x10014bd5270013c after 1ms.
2021-03-19 10:35:28,171 DEBUG [Thread-0-SendThread(localhost:2181)] org.apache.zookeeper.ClientCnxn: Got ping response for session id: 0x10014bd5270013c after 1ms.
2021-03-19 10:35:29,509 DEBUG [Thread-0-SendThread(localhost:2181)] org.apache.zookeeper.ClientCnxn: Got ping response for session id: 0x10014bd5270013c after 1ms.
2021-03-19 10:35:30,847 DEBUG [Thread-0-SendThread(localhost:2181)] org.apache.zookeeper.ClientCnxn: Got ping response for session id: 0x10014bd5270013c after 1ms.
2021-03-19 10:35:32,183 DEBUG [Thread-0-SendThread(localhost:2181)] org.apache.zookeeper.ClientCnxn: Got ping response for session id: 0x10014bd5270013c after 0ms.
Starting commModule
2021-03-19 10:35:33,503 INFO  [Thread-0] root: Server communication module connected
2021-03-19 10:35:33,505 INFO  [Thread-0] root: Connected to localhost on port 55917
2021-03-19 10:35:33,505 INFO  [Thread-15] root: Message received by server -> Status: SHUTDOWN
received adminmsg
2021-03-19 10:35:33,505 DEBUG [Thread-15] root: Closing the program
2021-03-19 10:35:33,507 INFO  [Thread-15] root: Message sent by server -> Status: SHUTDOWN_SUCCESS
2021-03-19 10:35:33,507 ERROR [Thread-0] root: Error! Unable to establish connection. 

java.net.SocketException: Socket closed
	at java.base/java.net.PlainSocketImpl.socketAccept(Native Method)
	at java.base/java.net.AbstractPlainSocketImpl.accept(AbstractPlainSocketImpl.java:458)
	at java.base/java.net.ServerSocket.implAccept(ServerSocket.java:565)
	at java.base/java.net.ServerSocket.accept(ServerSocket.java:533)
	at app_kvServer.KVServer.run(KVServer.java:408)
2021-03-19 10:35:33,510 INFO  [Thread-0] root: Server stopped.
2021-03-19 10:35:33,510 INFO  [Thread-0] root: Clearing KV Storage...
