2021-03-18 22:26:05,772 INFO  [main] root: Creating Storage Files
2021-03-18 22:26:05,772 INFO  [main] root: File created: server66.json
2021-03-18 22:26:05,773 INFO  [main] root: File created: server66_replica_1.json
2021-03-18 22:26:05,773 INFO  [main] root: File created: server66_replica_2.json
2021-03-18 22:26:05,773 INFO  [Thread-0] root: Initialize server ...
2021-03-18 22:26:05,786 INFO  [Thread-0] root: Server listening on port: 50065
2021-03-18 22:26:05,806 INFO  [Thread-0] org.apache.zookeeper.ZooKeeper: Client environment:zookeeper.version=3.6.2--803c7f1a12f85978cb049af5e4ef23bd8b688715, built on 09/04/2020 12:44 GMT
2021-03-18 22:26:05,806 INFO  [Thread-0] org.apache.zookeeper.ZooKeeper: Client environment:host.name=localhost
2021-03-18 22:26:05,806 INFO  [Thread-0] org.apache.zookeeper.ZooKeeper: Client environment:java.version=11.0.10
2021-03-18 22:26:05,806 INFO  [Thread-0] org.apache.zookeeper.ZooKeeper: Client environment:java.vendor=Azul Systems, Inc.
2021-03-18 22:26:05,806 INFO  [Thread-0] org.apache.zookeeper.ZooKeeper: Client environment:java.home=/Users/steve/Library/Java/JavaVirtualMachines/azul-11.0.10/Contents/Home
2021-03-18 22:26:05,806 INFO  [Thread-0] org.apache.zookeeper.ZooKeeper: Client environment:java.class.path=/Users/steve/Desktop/UofT/year4/winter2021/ECE419/milestone3/m3-server.jar
2021-03-18 22:26:05,806 INFO  [Thread-0] org.apache.zookeeper.ZooKeeper: Client environment:java.library.path=/Users/steve/Library/Java/Extensions:/Library/Java/Extensions:/Network/Library/Java/Extensions:/System/Library/Java/Extensions:/usr/lib/java:.
2021-03-18 22:26:05,807 INFO  [Thread-0] org.apache.zookeeper.ZooKeeper: Client environment:java.io.tmpdir=/var/folders/kz/3gb57nkn6ks6_07_dtt5lqvr0000gn/T/
2021-03-18 22:26:05,807 INFO  [Thread-0] org.apache.zookeeper.ZooKeeper: Client environment:java.compiler=<NA>
2021-03-18 22:26:05,807 INFO  [Thread-0] org.apache.zookeeper.ZooKeeper: Client environment:os.name=Mac OS X
2021-03-18 22:26:05,807 INFO  [Thread-0] org.apache.zookeeper.ZooKeeper: Client environment:os.arch=x86_64
2021-03-18 22:26:05,807 INFO  [Thread-0] org.apache.zookeeper.ZooKeeper: Client environment:os.version=10.16
2021-03-18 22:26:05,807 INFO  [Thread-0] org.apache.zookeeper.ZooKeeper: Client environment:user.name=steve
2021-03-18 22:26:05,807 INFO  [Thread-0] org.apache.zookeeper.ZooKeeper: Client environment:user.home=/Users/steve
2021-03-18 22:26:05,807 INFO  [Thread-0] org.apache.zookeeper.ZooKeeper: Client environment:user.dir=/Users/steve
2021-03-18 22:26:05,807 INFO  [Thread-0] org.apache.zookeeper.ZooKeeper: Client environment:os.memory.free=249MB
2021-03-18 22:26:05,807 INFO  [Thread-0] org.apache.zookeeper.ZooKeeper: Client environment:os.memory.max=4096MB
2021-03-18 22:26:05,807 INFO  [Thread-0] org.apache.zookeeper.ZooKeeper: Client environment:os.memory.total=256MB
2021-03-18 22:26:05,810 INFO  [Thread-0] org.apache.zookeeper.ZooKeeper: Initiating client connection, connectString=localhost:2181 sessionTimeout=3000 watcher=app_kvServer.KVServer$1@6f049d8b
2021-03-18 22:26:05,813 INFO  [Thread-0] org.apache.zookeeper.common.X509Util: Setting -D jdk.tls.rejectClientInitiatedRenegotiation=true to disable client-initiated TLS renegotiation
2021-03-18 22:26:05,826 INFO  [Thread-0] org.apache.zookeeper.ClientCnxnSocket: jute.maxbuffer value is 1048575 Bytes
2021-03-18 22:26:05,833 INFO  [Thread-0] org.apache.zookeeper.ClientCnxn: zookeeper.request.timeout value is 0. feature enabled=false
2021-03-18 22:26:05,842 DEBUG [Thread-0-SendThread(localhost:2181)] org.apache.zookeeper.SaslServerPrincipal: Canonicalized address to localhost
2021-03-18 22:26:05,843 INFO  [Thread-0-SendThread(localhost:2181)] org.apache.zookeeper.ClientCnxn: Opening socket connection to server localhost/127.0.0.1:2181.
2021-03-18 22:26:05,843 INFO  [Thread-0-SendThread(localhost:2181)] org.apache.zookeeper.ClientCnxn: SASL config status: Will not attempt to authenticate using SASL (unknown error)
2021-03-18 22:26:05,858 INFO  [Thread-0-SendThread(localhost:2181)] org.apache.zookeeper.ClientCnxn: Socket connection established, initiating session, client: /127.0.0.1:52139, server: localhost/127.0.0.1:2181
2021-03-18 22:26:05,859 DEBUG [Thread-0-SendThread(localhost:2181)] org.apache.zookeeper.ClientCnxn: Session establishment request sent on localhost/127.0.0.1:2181
2021-03-18 22:26:05,889 TRACE [Thread-0-SendThread(localhost:2181)] org.apache.zookeeper.ClientCnxnSocket: readConnectResult 37 0x[0,0,0,0,0,0,f,ffffffa0,1,0,14,ffffffbd,52,70,0,59,0,0,0,10,ffffffa3,26,ffffffb9,26,ffffffe5,ffffffd2,ffffffe3,ffffffce,ffffffaa,ffffffe8,ffffffd4,ffffff91,ffffff87,26,ffffff8e,e,0,]
2021-03-18 22:26:05,891 INFO  [Thread-0-SendThread(localhost:2181)] org.apache.zookeeper.ClientCnxn: Session establishment complete on server localhost/127.0.0.1:2181, session id = 0x10014bd52700059, negotiated timeout = 4000
2021-03-18 22:26:05,895 DEBUG [Thread-0-EventThread] root: ZK event: 
2021-03-18 22:26:05,895 DEBUG [Thread-0-EventThread] root: WatchedEvent state:SyncConnected type:None path:null
2021-03-18 22:26:05,924 DEBUG [Thread-0-SendThread(localhost:2181)] org.apache.zookeeper.ClientCnxn: Reading reply session id: 0x10014bd52700059, packet:: clientPath:null serverPath:null finished:false header:: 1,1  replyHeader:: 1,296,0  request:: '/keeper/server66,,v{s{31,s{'world,'anyone}}},1  response:: '/keeper/server66 
2021-03-18 22:26:05,929 DEBUG [Thread-0-SendThread(localhost:2181)] org.apache.zookeeper.ClientCnxn: Reading reply session id: 0x10014bd52700059, packet:: clientPath:null serverPath:null finished:false header:: 2,3  replyHeader:: 2,296,0  request:: '/keeper/server66,T  response:: s{296,296,1616120765895,1616120765895,0,0,0,72080397402374233,0,0,296} 
2021-03-18 22:26:05,955 DEBUG [Thread-0-SendThread(localhost:2181)] org.apache.zookeeper.ClientCnxn: Got notification session id: 0x10014bd52700059
2021-03-18 22:26:05,956 DEBUG [Thread-0-SendThread(localhost:2181)] org.apache.zookeeper.ClientCnxn: Got WatchedEvent state:SyncConnected type:NodeDataChanged path:/keeper/server66 for session id 0x10014bd52700059
2021-03-18 22:26:05,957 DEBUG [Thread-0-EventThread] root: ZK event: 
2021-03-18 22:26:05,957 DEBUG [Thread-0-EventThread] root: WatchedEvent state:SyncConnected type:NodeDataChanged path:/keeper/server66
2021-03-18 22:26:05,958 DEBUG [Thread-0-SendThread(localhost:2181)] org.apache.zookeeper.ClientCnxn: Reading reply session id: 0x10014bd52700059, packet:: clientPath:null serverPath:null finished:false header:: 3,5  replyHeader:: 3,297,0  request:: '/keeper/server66,#3132372e302e302e313a3530303635,0  response:: s{296,297,1616120765895,1616120765929,1,0,0,72080397402374233,15,0,296} 
2021-03-18 22:26:05,958 INFO  [Thread-0] root: Node created at: /keeper/server66
Starting commModule
2021-03-18 22:26:05,965 INFO  [Thread-0] root: Server communication module connected
2021-03-18 22:26:05,966 INFO  [Thread-0] root: Connected to localhost on port 52140
2021-03-18 22:26:05,974 INFO  [Thread-1] root: Message received by server -> Status: INIT_SERVER
received adminmsg
2021-03-18 22:26:05,974 INFO  [Thread-1] root: Message sent by server -> Status: INIT_SERVER_SUCCESS
2021-03-18 22:26:05,975 INFO  [Thread-1] root: Message received by server -> Status: START
received adminmsg
2021-03-18 22:26:05,975 INFO  [Thread-1] root: Message sent by server -> Status: START_SUCCESS
Starting commModule
2021-03-18 22:26:05,984 INFO  [Thread-0] root: Server communication module connected
2021-03-18 22:26:05,985 INFO  [Thread-0] root: Connected to localhost on port 52144
Starting commModule
2021-03-18 22:26:05,989 INFO  [Thread-0] root: Server communication module connected
2021-03-18 22:26:05,989 INFO  [Thread-0] root: Connected to localhost on port 52148
Starting commModule
2021-03-18 22:26:05,992 INFO  [Thread-0] root: Server communication module connected
2021-03-18 22:26:05,993 INFO  [Thread-0] root: Connected to localhost on port 52150
Starting commModule
2021-03-18 22:26:05,999 INFO  [Thread-0] root: Server communication module connected
2021-03-18 22:26:05,999 INFO  [Thread-0] root: Connected to localhost on port 52153
2021-03-18 22:26:06,000 INFO  [Thread-5] root: Message received by server -> Status: UPDATE
received adminmsg
2021-03-18 22:26:06,001 INFO  [Thread-5] root: Message sent by server -> Status: UPDATE_SUCCESS
Starting commModule
2021-03-18 22:26:06,004 INFO  [Thread-0] root: Server communication module connected
2021-03-18 22:26:06,005 INFO  [Thread-0] root: Connected to localhost on port 52155
Starting commModule
2021-03-18 22:26:06,009 INFO  [Thread-0] root: Server communication module connected
2021-03-18 22:26:06,010 INFO  [Thread-0] root: Connected to localhost on port 52159
Starting commModule
2021-03-18 22:26:06,010 INFO  [Thread-0] root: Server communication module connected
2021-03-18 22:26:06,011 INFO  [Thread-0] root: Connected to localhost on port 52160
2021-03-18 22:26:06,011 INFO  [Thread-8] root: Message received by server -> Status: PROPAGATE_ADMIN
received adminmsg
2021-03-18 22:26:06,016 DEBUG [Thread-8] root: Getting successors
2021-03-18 22:26:06,016 DEBUG [Thread-8] root: Got successors
2021-03-18 22:26:06,017 DEBUG [Thread-8] root: Propagating to: 127.0.0.1:50086 127.0.0.1:50102
2021-03-18 22:26:06,019 INFO  [Thread-8] root: Client communication module connected
2021-03-18 22:26:06,020 INFO  [Thread-8] root: Client communication module connected
2021-03-18 22:26:06,020 DEBUG [Thread-8] root: {}
2021-03-18 22:26:06,020 INFO  [Thread-8] root: Message sent by server -> Status: PROPAGATE_SUCCESS
Starting commModule
2021-03-18 22:26:06,046 INFO  [Thread-0] root: Server communication module connected
2021-03-18 22:26:06,046 INFO  [Thread-0] root: Connected to localhost on port 52164
2021-03-18 22:26:06,050 INFO  [Thread-9] root: Message received by server -> Status: PROPAGATE
2021-03-18 22:26:06,050 DEBUG [Thread-9] root: In serve
2021-03-18 22:26:06,050 DEBUG [Thread-9] root: Checking if stopped or write locked
2021-03-18 22:26:06,050 DEBUG [Thread-9] root: Case propagate
2021-03-18 22:26:06,050 DEBUG [Thread-9] root: Passing to server
2021-03-18 22:26:06,050 DEBUG [Thread-9] root: Getting Predecessors
2021-03-18 22:26:06,050 DEBUG [Thread-9] root: Looking for 127.0.0.1:50065
2021-03-18 22:26:06,050 DEBUG [Thread-9] root: [127.0.0.1:50065, 127.0.0.1:50086, 127.0.0.1:50102]
2021-03-18 22:26:06,050 DEBUG [Thread-9] root: Predecessors:
2021-03-18 22:26:06,051 DEBUG [Thread-9] root: [127.0.0.1:50086, 127.0.0.1:50102]
2021-03-18 22:26:06,051 DEBUG [Thread-9] root: Looking for 127.0.0.1:50102
2021-03-18 22:26:06,051 DEBUG [Thread-9] root: Index of predecessor: 1
2021-03-18 22:26:06,051 DEBUG [Thread-9] root: Server Stuff
2021-03-18 22:26:06,051 INFO  [Thread-9] root: Put: key = 1, value = 1
2021-03-18 22:26:06,053 INFO  [Thread-9] root: Message sent by server -> Status: PROPAGATE_SUCCESS Key: null Value: null
2021-03-18 22:26:07,267 DEBUG [Thread-0-SendThread(localhost:2181)] org.apache.zookeeper.ClientCnxn: Got ping response for session id: 0x10014bd52700059 after 0ms.
2021-03-18 22:26:08,604 DEBUG [Thread-0-SendThread(localhost:2181)] org.apache.zookeeper.ClientCnxn: Got ping response for session id: 0x10014bd52700059 after 1ms.
2021-03-18 22:26:09,942 DEBUG [Thread-0-SendThread(localhost:2181)] org.apache.zookeeper.ClientCnxn: Got ping response for session id: 0x10014bd52700059 after 1ms.
2021-03-18 22:26:11,280 DEBUG [Thread-0-SendThread(localhost:2181)] org.apache.zookeeper.ClientCnxn: Got ping response for session id: 0x10014bd52700059 after 1ms.
2021-03-18 22:26:12,618 DEBUG [Thread-0-SendThread(localhost:2181)] org.apache.zookeeper.ClientCnxn: Got ping response for session id: 0x10014bd52700059 after 1ms.
2021-03-18 22:26:13,954 DEBUG [Thread-0-SendThread(localhost:2181)] org.apache.zookeeper.ClientCnxn: Got ping response for session id: 0x10014bd52700059 after 1ms.
2021-03-18 22:26:15,293 DEBUG [Thread-0-SendThread(localhost:2181)] org.apache.zookeeper.ClientCnxn: Got ping response for session id: 0x10014bd52700059 after 1ms.
2021-03-18 22:26:16,627 DEBUG [Thread-0-SendThread(localhost:2181)] org.apache.zookeeper.ClientCnxn: Got ping response for session id: 0x10014bd52700059 after 0ms.
2021-03-18 22:26:17,962 DEBUG [Thread-0-SendThread(localhost:2181)] org.apache.zookeeper.ClientCnxn: Got ping response for session id: 0x10014bd52700059 after 1ms.
2021-03-18 22:26:19,300 DEBUG [Thread-0-SendThread(localhost:2181)] org.apache.zookeeper.ClientCnxn: Got ping response for session id: 0x10014bd52700059 after 1ms.
2021-03-18 22:26:20,638 DEBUG [Thread-0-SendThread(localhost:2181)] org.apache.zookeeper.ClientCnxn: Got ping response for session id: 0x10014bd52700059 after 0ms.
2021-03-18 22:26:21,971 DEBUG [Thread-0-SendThread(localhost:2181)] org.apache.zookeeper.ClientCnxn: Got ping response for session id: 0x10014bd52700059 after 1ms.
2021-03-18 22:26:23,307 DEBUG [Thread-0-SendThread(localhost:2181)] org.apache.zookeeper.ClientCnxn: Got ping response for session id: 0x10014bd52700059 after 1ms.
2021-03-18 22:26:24,643 DEBUG [Thread-0-SendThread(localhost:2181)] org.apache.zookeeper.ClientCnxn: Got ping response for session id: 0x10014bd52700059 after 0ms.
2021-03-18 22:26:25,978 DEBUG [Thread-0-SendThread(localhost:2181)] org.apache.zookeeper.ClientCnxn: Got ping response for session id: 0x10014bd52700059 after 0ms.
2021-03-18 22:26:27,317 DEBUG [Thread-0-SendThread(localhost:2181)] org.apache.zookeeper.ClientCnxn: Got ping response for session id: 0x10014bd52700059 after 1ms.
2021-03-18 22:26:28,653 DEBUG [Thread-0-SendThread(localhost:2181)] org.apache.zookeeper.ClientCnxn: Got ping response for session id: 0x10014bd52700059 after 0ms.
2021-03-18 22:26:29,989 DEBUG [Thread-0-SendThread(localhost:2181)] org.apache.zookeeper.ClientCnxn: Got ping response for session id: 0x10014bd52700059 after 0ms.
2021-03-18 22:26:31,326 DEBUG [Thread-0-SendThread(localhost:2181)] org.apache.zookeeper.ClientCnxn: Got ping response for session id: 0x10014bd52700059 after 0ms.
2021-03-18 22:26:32,659 DEBUG [Thread-0-SendThread(localhost:2181)] org.apache.zookeeper.ClientCnxn: Got ping response for session id: 0x10014bd52700059 after 1ms.
2021-03-18 22:26:33,993 DEBUG [Thread-0-SendThread(localhost:2181)] org.apache.zookeeper.ClientCnxn: Got ping response for session id: 0x10014bd52700059 after 0ms.
2021-03-18 22:26:35,332 DEBUG [Thread-0-SendThread(localhost:2181)] org.apache.zookeeper.ClientCnxn: Got ping response for session id: 0x10014bd52700059 after 0ms.
2021-03-18 22:26:36,670 DEBUG [Thread-0-SendThread(localhost:2181)] org.apache.zookeeper.ClientCnxn: Got ping response for session id: 0x10014bd52700059 after 0ms.
2021-03-18 22:26:38,003 DEBUG [Thread-0-SendThread(localhost:2181)] org.apache.zookeeper.ClientCnxn: Got ping response for session id: 0x10014bd52700059 after 0ms.
2021-03-18 22:26:39,337 DEBUG [Thread-0-SendThread(localhost:2181)] org.apache.zookeeper.ClientCnxn: Got ping response for session id: 0x10014bd52700059 after 0ms.
Starting commModule
2021-03-18 22:26:39,780 INFO  [Thread-0] root: Server communication module connected
2021-03-18 22:26:39,782 INFO  [Thread-0] root: Connected to localhost on port 52176
2021-03-18 22:26:39,790 INFO  [Thread-10] root: Message received by server -> Status: SHUTDOWN
received adminmsg
2021-03-18 22:26:39,790 DEBUG [Thread-10] root: Closing the program
2021-03-18 22:26:39,791 INFO  [Thread-10] root: Message sent by server -> Status: SHUTDOWN_SUCCESS
2021-03-18 22:26:39,792 ERROR [Thread-0] root: Error! Unable to establish connection. 

java.net.SocketException: Socket closed
	at java.base/java.net.PlainSocketImpl.socketAccept(Native Method)
	at java.base/java.net.AbstractPlainSocketImpl.accept(AbstractPlainSocketImpl.java:458)
	at java.base/java.net.ServerSocket.implAccept(ServerSocket.java:565)
	at java.base/java.net.ServerSocket.accept(ServerSocket.java:533)
	at app_kvServer.KVServer.run(KVServer.java:408)
2021-03-18 22:26:39,794 INFO  [Thread-0] root: Server stopped.
2021-03-18 22:26:39,794 INFO  [Thread-0] root: Clearing KV Storage...
2021-03-18 22:31:06,584 INFO  [Thread-0] root: Initialize server ...
2021-03-18 22:31:06,598 INFO  [Thread-0] root: Server listening on port: 50065
2021-03-18 22:31:06,623 INFO  [Thread-0] org.apache.zookeeper.ZooKeeper: Client environment:zookeeper.version=3.6.2--803c7f1a12f85978cb049af5e4ef23bd8b688715, built on 09/04/2020 12:44 GMT
2021-03-18 22:31:06,623 INFO  [Thread-0] org.apache.zookeeper.ZooKeeper: Client environment:host.name=localhost
2021-03-18 22:31:06,623 INFO  [Thread-0] org.apache.zookeeper.ZooKeeper: Client environment:java.version=11.0.10
2021-03-18 22:31:06,623 INFO  [Thread-0] org.apache.zookeeper.ZooKeeper: Client environment:java.vendor=Azul Systems, Inc.
2021-03-18 22:31:06,623 INFO  [Thread-0] org.apache.zookeeper.ZooKeeper: Client environment:java.home=/Users/steve/Library/Java/JavaVirtualMachines/azul-11.0.10/Contents/Home
2021-03-18 22:31:06,623 INFO  [Thread-0] org.apache.zookeeper.ZooKeeper: Client environment:java.class.path=/Users/steve/Desktop/UofT/year4/winter2021/ECE419/milestone3/m3-server.jar
2021-03-18 22:31:06,623 INFO  [Thread-0] org.apache.zookeeper.ZooKeeper: Client environment:java.library.path=/Users/steve/Library/Java/Extensions:/Library/Java/Extensions:/Network/Library/Java/Extensions:/System/Library/Java/Extensions:/usr/lib/java:.
2021-03-18 22:31:06,623 INFO  [Thread-0] org.apache.zookeeper.ZooKeeper: Client environment:java.io.tmpdir=/var/folders/kz/3gb57nkn6ks6_07_dtt5lqvr0000gn/T/
2021-03-18 22:31:06,623 INFO  [Thread-0] org.apache.zookeeper.ZooKeeper: Client environment:java.compiler=<NA>
2021-03-18 22:31:06,623 INFO  [Thread-0] org.apache.zookeeper.ZooKeeper: Client environment:os.name=Mac OS X
2021-03-18 22:31:06,623 INFO  [Thread-0] org.apache.zookeeper.ZooKeeper: Client environment:os.arch=x86_64
2021-03-18 22:31:06,624 INFO  [Thread-0] org.apache.zookeeper.ZooKeeper: Client environment:os.version=10.16
2021-03-18 22:31:06,624 INFO  [Thread-0] org.apache.zookeeper.ZooKeeper: Client environment:user.name=steve
2021-03-18 22:31:06,624 INFO  [Thread-0] org.apache.zookeeper.ZooKeeper: Client environment:user.home=/Users/steve
2021-03-18 22:31:06,624 INFO  [Thread-0] org.apache.zookeeper.ZooKeeper: Client environment:user.dir=/Users/steve
2021-03-18 22:31:06,624 INFO  [Thread-0] org.apache.zookeeper.ZooKeeper: Client environment:os.memory.free=249MB
2021-03-18 22:31:06,624 INFO  [Thread-0] org.apache.zookeeper.ZooKeeper: Client environment:os.memory.max=4096MB
2021-03-18 22:31:06,624 INFO  [Thread-0] org.apache.zookeeper.ZooKeeper: Client environment:os.memory.total=256MB
2021-03-18 22:31:06,628 INFO  [Thread-0] org.apache.zookeeper.ZooKeeper: Initiating client connection, connectString=localhost:2181 sessionTimeout=3000 watcher=app_kvServer.KVServer$1@7a8d20e7
2021-03-18 22:31:06,632 INFO  [Thread-0] org.apache.zookeeper.common.X509Util: Setting -D jdk.tls.rejectClientInitiatedRenegotiation=true to disable client-initiated TLS renegotiation
2021-03-18 22:31:06,645 INFO  [Thread-0] org.apache.zookeeper.ClientCnxnSocket: jute.maxbuffer value is 1048575 Bytes
2021-03-18 22:31:06,653 INFO  [Thread-0] org.apache.zookeeper.ClientCnxn: zookeeper.request.timeout value is 0. feature enabled=false
2021-03-18 22:31:06,663 DEBUG [Thread-0-SendThread(localhost:2181)] org.apache.zookeeper.SaslServerPrincipal: Canonicalized address to localhost
2021-03-18 22:31:06,664 INFO  [Thread-0-SendThread(localhost:2181)] org.apache.zookeeper.ClientCnxn: Opening socket connection to server localhost/127.0.0.1:2181.
2021-03-18 22:31:06,664 INFO  [Thread-0-SendThread(localhost:2181)] org.apache.zookeeper.ClientCnxn: SASL config status: Will not attempt to authenticate using SASL (unknown error)
2021-03-18 22:31:06,680 INFO  [Thread-0-SendThread(localhost:2181)] org.apache.zookeeper.ClientCnxn: Socket connection established, initiating session, client: /127.0.0.1:52398, server: localhost/127.0.0.1:2181
2021-03-18 22:31:06,681 DEBUG [Thread-0-SendThread(localhost:2181)] org.apache.zookeeper.ClientCnxn: Session establishment request sent on localhost/127.0.0.1:2181
2021-03-18 22:31:06,710 TRACE [Thread-0-SendThread(localhost:2181)] org.apache.zookeeper.ClientCnxnSocket: readConnectResult 37 0x[0,0,0,0,0,0,f,ffffffa0,1,0,14,ffffffbd,52,70,0,67,0,0,0,10,ffffffc5,ffffff93,ffffffc2,25,23,3b,ffffff86,1b,ffffffe6,ffffffe4,ffffffc5,ffffffb0,3f,ffffff99,ffffffec,ffffffb3,0,]
2021-03-18 22:31:06,713 INFO  [Thread-0-SendThread(localhost:2181)] org.apache.zookeeper.ClientCnxn: Session establishment complete on server localhost/127.0.0.1:2181, session id = 0x10014bd52700067, negotiated timeout = 4000
2021-03-18 22:31:06,717 DEBUG [Thread-0-EventThread] root: ZK event: 
2021-03-18 22:31:06,718 DEBUG [Thread-0-EventThread] root: WatchedEvent state:SyncConnected type:None path:null
2021-03-18 22:31:06,747 DEBUG [Thread-0-SendThread(localhost:2181)] org.apache.zookeeper.ClientCnxn: Reading reply session id: 0x10014bd52700067, packet:: clientPath:null serverPath:null finished:false header:: 1,1  replyHeader:: 1,346,0  request:: '/keeper/server66,,v{s{31,s{'world,'anyone}}},1  response:: '/keeper/server66 
2021-03-18 22:31:06,752 DEBUG [Thread-0-SendThread(localhost:2181)] org.apache.zookeeper.ClientCnxn: Reading reply session id: 0x10014bd52700067, packet:: clientPath:null serverPath:null finished:false header:: 2,3  replyHeader:: 2,346,0  request:: '/keeper/server66,T  response:: s{346,346,1616121066718,1616121066718,0,0,0,72080397402374247,0,0,346} 
2021-03-18 22:31:06,779 DEBUG [Thread-0-SendThread(localhost:2181)] org.apache.zookeeper.ClientCnxn: Got notification session id: 0x10014bd52700067
2021-03-18 22:31:06,781 DEBUG [Thread-0-SendThread(localhost:2181)] org.apache.zookeeper.ClientCnxn: Got WatchedEvent state:SyncConnected type:NodeDataChanged path:/keeper/server66 for session id 0x10014bd52700067
2021-03-18 22:31:06,782 DEBUG [Thread-0-EventThread] root: ZK event: 
2021-03-18 22:31:06,783 DEBUG [Thread-0-EventThread] root: WatchedEvent state:SyncConnected type:NodeDataChanged path:/keeper/server66
2021-03-18 22:31:06,784 DEBUG [Thread-0-SendThread(localhost:2181)] org.apache.zookeeper.ClientCnxn: Reading reply session id: 0x10014bd52700067, packet:: clientPath:null serverPath:null finished:false header:: 3,5  replyHeader:: 3,347,0  request:: '/keeper/server66,#3132372e302e302e313a3530303635,0  response:: s{346,347,1616121066718,1616121066753,1,0,0,72080397402374247,15,0,346} 
2021-03-18 22:31:06,784 INFO  [Thread-0] root: Node created at: /keeper/server66
Starting commModule
2021-03-18 22:31:06,791 INFO  [Thread-0] root: Server communication module connected
2021-03-18 22:31:06,792 INFO  [Thread-0] root: Connected to localhost on port 52399
2021-03-18 22:31:06,800 INFO  [Thread-1] root: Message received by server -> Status: INIT_SERVER
received adminmsg
2021-03-18 22:31:06,801 INFO  [Thread-1] root: Message sent by server -> Status: INIT_SERVER_SUCCESS
2021-03-18 22:31:06,802 INFO  [Thread-1] root: Message received by server -> Status: START
received adminmsg
2021-03-18 22:31:06,802 INFO  [Thread-1] root: Message sent by server -> Status: START_SUCCESS
Starting commModule
2021-03-18 22:31:06,803 INFO  [Thread-0] root: Server communication module connected
2021-03-18 22:31:06,804 INFO  [Thread-0] root: Connected to localhost on port 52400
2021-03-18 22:31:06,805 INFO  [Thread-2] root: Message received by server -> Status: UPDATE
received adminmsg
2021-03-18 22:31:06,806 INFO  [Thread-2] root: Message sent by server -> Status: UPDATE_SUCCESS
Starting commModule
2021-03-18 22:31:06,807 INFO  [Thread-0] root: Server communication module connected
2021-03-18 22:31:06,808 INFO  [Thread-0] root: Connected to localhost on port 52401
2021-03-18 22:31:06,809 INFO  [Thread-3] root: Message received by server -> Status: PROPAGATE_ADMIN
received adminmsg
2021-03-18 22:31:06,814 DEBUG [Thread-3] root: Getting successors
2021-03-18 22:31:06,814 DEBUG [Thread-3] root: Got successors
2021-03-18 22:31:06,814 DEBUG [Thread-3] root: Propagating to: 127.0.0.1:50065 127.0.0.1:50065
Starting commModule
2021-03-18 22:31:06,817 INFO  [Thread-0] root: Server communication module connected
2021-03-18 22:31:06,817 INFO  [Thread-3] root: Client communication module connected
2021-03-18 22:31:06,817 INFO  [Thread-0] root: Connected to localhost on port 52402
Starting commModule
2021-03-18 22:31:06,818 INFO  [Thread-0] root: Server communication module connected
2021-03-18 22:31:06,818 INFO  [Thread-3] root: Client communication module connected
2021-03-18 22:31:06,818 DEBUG [Thread-3] root: {}
2021-03-18 22:31:06,818 INFO  [Thread-0] root: Connected to localhost on port 52403
2021-03-18 22:31:06,818 INFO  [Thread-3] root: Message sent by server -> Status: PROPAGATE_SUCCESS
Starting commModule
2021-03-18 22:31:07,429 INFO  [Thread-0] root: Server communication module connected
2021-03-18 22:31:07,430 INFO  [Thread-0] root: Connected to localhost on port 52407
2021-03-18 22:31:07,430 INFO  [Thread-6] root: Message received by server -> Status: UPDATE
received adminmsg
2021-03-18 22:31:07,431 INFO  [Thread-6] root: Message sent by server -> Status: UPDATE_SUCCESS
Starting commModule
2021-03-18 22:31:07,432 INFO  [Thread-0] root: Server communication module connected
2021-03-18 22:31:07,432 INFO  [Thread-0] root: Connected to localhost on port 52408
2021-03-18 22:31:07,433 INFO  [Thread-7] root: Message received by server -> Status: PROPAGATE_ADMIN
received adminmsg
2021-03-18 22:31:07,433 DEBUG [Thread-7] root: Getting successors
2021-03-18 22:31:07,433 DEBUG [Thread-7] root: Got successors
2021-03-18 22:31:07,433 DEBUG [Thread-7] root: Propagating to: 127.0.0.1:50056 127.0.0.1:50065
2021-03-18 22:31:07,433 INFO  [Thread-7] root: Client communication module connected
Starting commModule
2021-03-18 22:31:07,434 INFO  [Thread-0] root: Server communication module connected
2021-03-18 22:31:07,434 INFO  [Thread-7] root: Client communication module connected
2021-03-18 22:31:07,434 DEBUG [Thread-7] root: {}
2021-03-18 22:31:07,434 INFO  [Thread-7] root: Message sent by server -> Status: PROPAGATE_SUCCESS
2021-03-18 22:31:07,434 INFO  [Thread-0] root: Connected to localhost on port 52410
Starting commModule
2021-03-18 22:31:07,435 INFO  [Thread-0] root: Server communication module connected
2021-03-18 22:31:07,436 INFO  [Thread-0] root: Connected to localhost on port 52411
2021-03-18 22:31:07,441 INFO  [Thread-9] root: Message received by server -> Status: MOVE_DATA
received adminmsg
2021-03-18 22:31:07,441 DEBUG [Thread-9] root: Input data: 
2021-03-18 22:31:07,441 DEBUG [Thread-9] root: 2c6ed99e5244f3eeabdede7297c35790:f9fb1276c71869d677da47b732f55a25
2021-03-18 22:31:07,441 DEBUG [Thread-9] root: 127.0.0.1:50056
2021-03-18 22:31:07,442 INFO  [Thread-9] root: Client communication module connected
2021-03-18 22:31:07,442 DEBUG [Thread-9] root: Host: 127.0.0.1
2021-03-18 22:31:07,442 DEBUG [Thread-9] root: Port: 50056
2021-03-18 22:31:07,442 DEBUG [Thread-9] root: Range: 2c6ed99e5244f3eeabdede7297c35790:f9fb1276c71869d677da47b732f55a25
2021-03-18 22:31:07,442 DEBUG [Thread-9] root: Starting flush data
2021-03-18 22:31:07,442 DEBUG [Thread-9] root: Finished flush data
2021-03-18 22:31:07,442 DEBUG [Thread-9] root: Closing conn
2021-03-18 22:31:07,442 INFO  [Thread-9] root: Connection closed!
2021-03-18 22:31:07,442 DEBUG [Thread-9] root: Closed conn
2021-03-18 22:31:07,443 INFO  [Thread-9] root: Message sent by server -> Status: MOVE_DATA_SUCCESS
Starting commModule
2021-03-18 22:31:07,445 INFO  [Thread-0] root: Server communication module connected
2021-03-18 22:31:07,447 INFO  [Thread-0] root: Connected to localhost on port 52413
2021-03-18 22:31:07,448 INFO  [Thread-10] root: Message received by server -> Status: UPDATE
received adminmsg
2021-03-18 22:31:07,449 INFO  [Thread-10] root: Message sent by server -> Status: UPDATE_SUCCESS
Starting commModule
2021-03-18 22:31:07,454 INFO  [Thread-0] root: Server communication module connected
2021-03-18 22:31:07,456 INFO  [Thread-0] root: Connected to localhost on port 52415
2021-03-18 22:31:07,457 INFO  [Thread-11] root: Message received by server -> Status: PROPAGATE_ADMIN
received adminmsg
2021-03-18 22:31:07,457 DEBUG [Thread-11] root: Getting successors
2021-03-18 22:31:07,457 DEBUG [Thread-11] root: Got successors
2021-03-18 22:31:07,458 DEBUG [Thread-11] root: Propagating to: 127.0.0.1:50056 127.0.0.1:50065
2021-03-18 22:31:07,458 INFO  [Thread-11] root: Client communication module connected
Starting commModule
2021-03-18 22:31:07,459 INFO  [Thread-0] root: Server communication module connected
2021-03-18 22:31:07,459 INFO  [Thread-11] root: Client communication module connected
2021-03-18 22:31:07,460 DEBUG [Thread-11] root: {}
2021-03-18 22:31:07,461 INFO  [Thread-11] root: Message sent by server -> Status: PROPAGATE_SUCCESS
2021-03-18 22:31:07,461 INFO  [Thread-0] root: Connected to localhost on port 52417
Starting commModule
2021-03-18 22:31:07,474 INFO  [Thread-0] root: Server communication module connected
2021-03-18 22:31:07,474 INFO  [Thread-0] root: Connected to localhost on port 52419
2021-03-18 22:31:08,099 DEBUG [Thread-0-SendThread(localhost:2181)] org.apache.zookeeper.ClientCnxn: Got ping response for session id: 0x10014bd52700067 after 11ms.
Starting commModule
2021-03-18 22:31:08,122 INFO  [Thread-0] root: Server communication module connected
2021-03-18 22:31:08,123 INFO  [Thread-0] root: Connected to localhost on port 52425
2021-03-18 22:31:08,124 INFO  [Thread-14] root: Message received by server -> Status: UPDATE
received adminmsg
2021-03-18 22:31:08,125 INFO  [Thread-14] root: Message sent by server -> Status: UPDATE_SUCCESS
Starting commModule
2021-03-18 22:31:08,129 INFO  [Thread-0] root: Server communication module connected
2021-03-18 22:31:08,130 INFO  [Thread-0] root: Connected to localhost on port 52427
2021-03-18 22:31:08,130 INFO  [Thread-15] root: Message received by server -> Status: PROPAGATE_ADMIN
received adminmsg
2021-03-18 22:31:08,130 DEBUG [Thread-15] root: Getting successors
2021-03-18 22:31:08,130 DEBUG [Thread-15] root: Got successors
2021-03-18 22:31:08,131 DEBUG [Thread-15] root: Propagating to: 127.0.0.1:50069 127.0.0.1:50056
2021-03-18 22:31:08,131 INFO  [Thread-15] root: Client communication module connected
2021-03-18 22:31:08,132 INFO  [Thread-15] root: Client communication module connected
2021-03-18 22:31:08,132 DEBUG [Thread-15] root: {}
2021-03-18 22:31:08,132 INFO  [Thread-15] root: Message sent by server -> Status: PROPAGATE_SUCCESS
Starting commModule
2021-03-18 22:31:08,136 INFO  [Thread-0] root: Server communication module connected
2021-03-18 22:31:08,137 INFO  [Thread-0] root: Connected to localhost on port 52431
Starting commModule
2021-03-18 22:31:08,142 INFO  [Thread-0] root: Server communication module connected
2021-03-18 22:31:08,142 INFO  [Thread-0] root: Connected to localhost on port 52435
2021-03-18 22:31:08,143 INFO  [Thread-17] root: Message received by server -> Status: UPDATE
received adminmsg
2021-03-18 22:31:08,143 INFO  [Thread-17] root: Message sent by server -> Status: UPDATE_SUCCESS
Starting commModule
2021-03-18 22:31:08,150 INFO  [Thread-0] root: Server communication module connected
2021-03-18 22:31:08,151 INFO  [Thread-0] root: Connected to localhost on port 52438
2021-03-18 22:31:08,152 INFO  [Thread-18] root: Message received by server -> Status: PROPAGATE_ADMIN
received adminmsg
2021-03-18 22:31:08,152 DEBUG [Thread-18] root: Getting successors
2021-03-18 22:31:08,152 DEBUG [Thread-18] root: Got successors
2021-03-18 22:31:08,152 DEBUG [Thread-18] root: Propagating to: 127.0.0.1:50069 127.0.0.1:50056
2021-03-18 22:31:08,153 INFO  [Thread-18] root: Client communication module connected
2021-03-18 22:31:08,153 INFO  [Thread-18] root: Client communication module connected
2021-03-18 22:31:08,153 DEBUG [Thread-18] root: {}
2021-03-18 22:31:08,153 INFO  [Thread-18] root: Message sent by server -> Status: PROPAGATE_SUCCESS
Starting commModule
2021-03-18 22:31:08,159 INFO  [Thread-0] root: Server communication module connected
2021-03-18 22:31:08,159 INFO  [Thread-0] root: Connected to localhost on port 52442
Starting commModule
2021-03-18 22:31:08,173 INFO  [Thread-0] root: Server communication module connected
2021-03-18 22:31:08,174 INFO  [Thread-0] root: Connected to localhost on port 52446
Starting commModule
2021-03-18 22:31:08,186 INFO  [Thread-0] root: Server communication module connected
2021-03-18 22:31:08,187 INFO  [Thread-0] root: Connected to localhost on port 52447
2021-03-18 22:31:08,191 INFO  [Thread-21] root: Message received by server -> Status: PUT Key: 1 Value: 1
2021-03-18 22:31:08,191 DEBUG [Thread-21] root: In serve
2021-03-18 22:31:08,191 DEBUG [Thread-21] root: Checking if stopped or write locked
2021-03-18 22:31:08,191 DEBUG [Thread-21] root: PUT request being served
2021-03-18 22:31:08,192 DEBUG [Thread-21] root: Checking if it's in range
2021-03-18 22:31:08,200 DEBUG [Thread-21] root: Got hostname and port -> 127.0.0.1:50065
2021-03-18 22:31:08,200 DEBUG [Thread-21] root: Got metadata range: f9fb1276c71869d677da47b732f55a26:2c6ed99e5244f3eeabdede7297c3578f
2021-03-18 22:31:08,200 DEBUG [Thread-21] root: 127.0.0.1:50056 -> f4ccb63b80be29359185f75c721c8ce2:f9fb1276c71869d677da47b732f55a25
2021-03-18 22:31:08,200 DEBUG [Thread-21] root: 127.0.0.1:50069 -> 2c6ed99e5244f3eeabdede7297c35790:f4ccb63b80be29359185f75c721c8ce1
2021-03-18 22:31:08,200 DEBUG [Thread-21] root: 127.0.0.1:50065 -> f9fb1276c71869d677da47b732f55a26:2c6ed99e5244f3eeabdede7297c3578f
2021-03-18 22:31:08,201 DEBUG [Thread-21] root: Got range big ints
2021-03-18 22:31:08,201 DEBUG [Thread-21] root: Range end < range start
2021-03-18 22:31:08,201 DEBUG [Thread-21] root: Done with range check in server
2021-03-18 22:31:08,201 DEBUG [Thread-21] root: Not in range
2021-03-18 22:31:08,203 INFO  [Thread-21] root: Message sent by server -> Status: SERVER_NOT_RESPONSIBLE Key: 1 Value: null
Starting commModule
2021-03-18 22:31:08,218 INFO  [Thread-0] root: Server communication module connected
2021-03-18 22:31:08,219 INFO  [Thread-0] root: Connected to localhost on port 52450
2021-03-18 22:31:08,222 INFO  [Thread-22] root: Message received by server -> Status: PROPAGATE
2021-03-18 22:31:08,222 DEBUG [Thread-22] root: In serve
2021-03-18 22:31:08,222 DEBUG [Thread-22] root: Checking if stopped or write locked
2021-03-18 22:31:08,222 DEBUG [Thread-22] root: Case propagate
2021-03-18 22:31:08,222 DEBUG [Thread-22] root: Passing to server
2021-03-18 22:31:08,222 DEBUG [Thread-22] root: Getting Predecessors
2021-03-18 22:31:08,222 DEBUG [Thread-22] root: Looking for 127.0.0.1:50065
2021-03-18 22:31:08,222 DEBUG [Thread-22] root: [127.0.0.1:50065, 127.0.0.1:50069, 127.0.0.1:50056]
2021-03-18 22:31:08,223 DEBUG [Thread-22] root: Predecessors:
2021-03-18 22:31:08,223 DEBUG [Thread-22] root: [127.0.0.1:50069, 127.0.0.1:50056]
2021-03-18 22:31:08,223 DEBUG [Thread-22] root: Looking for 127.0.0.1:50069
2021-03-18 22:31:08,223 DEBUG [Thread-22] root: Index of predecessor: 0
2021-03-18 22:31:08,223 DEBUG [Thread-22] root: Server Stuff
2021-03-18 22:31:08,223 INFO  [Thread-22] root: Put: key = 1, value = 1
2021-03-18 22:31:08,224 INFO  [Thread-22] root: Message sent by server -> Status: PROPAGATE_SUCCESS Key: null Value: null
Starting commModule
2021-03-18 22:31:08,226 INFO  [Thread-0] root: Server communication module connected
2021-03-18 22:31:08,227 INFO  [Thread-0] root: Connected to localhost on port 52451
2021-03-18 22:31:09,425 DEBUG [Thread-0-SendThread(localhost:2181)] org.apache.zookeeper.ClientCnxn: Got ping response for session id: 0x10014bd52700067 after 0ms.
2021-03-18 22:31:10,764 DEBUG [Thread-0-SendThread(localhost:2181)] org.apache.zookeeper.ClientCnxn: Got ping response for session id: 0x10014bd52700067 after 1ms.
2021-03-18 22:31:12,122 DEBUG [Thread-0-SendThread(localhost:2181)] org.apache.zookeeper.ClientCnxn: Got ping response for session id: 0x10014bd52700067 after 19ms.
2021-03-18 22:31:13,440 DEBUG [Thread-0-SendThread(localhost:2181)] org.apache.zookeeper.ClientCnxn: Got ping response for session id: 0x10014bd52700067 after 0ms.
2021-03-18 22:31:14,775 DEBUG [Thread-0-SendThread(localhost:2181)] org.apache.zookeeper.ClientCnxn: Got ping response for session id: 0x10014bd52700067 after 0ms.
2021-03-18 22:31:16,111 DEBUG [Thread-0-SendThread(localhost:2181)] org.apache.zookeeper.ClientCnxn: Got ping response for session id: 0x10014bd52700067 after 1ms.
2021-03-18 22:31:17,445 DEBUG [Thread-0-SendThread(localhost:2181)] org.apache.zookeeper.ClientCnxn: Got ping response for session id: 0x10014bd52700067 after 1ms.
2021-03-18 22:31:18,783 DEBUG [Thread-0-SendThread(localhost:2181)] org.apache.zookeeper.ClientCnxn: Got ping response for session id: 0x10014bd52700067 after 1ms.
2021-03-18 22:31:20,121 DEBUG [Thread-0-SendThread(localhost:2181)] org.apache.zookeeper.ClientCnxn: Got ping response for session id: 0x10014bd52700067 after 1ms.
2021-03-18 22:31:21,456 DEBUG [Thread-0-SendThread(localhost:2181)] org.apache.zookeeper.ClientCnxn: Got ping response for session id: 0x10014bd52700067 after 0ms.
2021-03-18 22:31:22,790 DEBUG [Thread-0-SendThread(localhost:2181)] org.apache.zookeeper.ClientCnxn: Got ping response for session id: 0x10014bd52700067 after 0ms.
2021-03-18 22:31:24,125 DEBUG [Thread-0-SendThread(localhost:2181)] org.apache.zookeeper.ClientCnxn: Got ping response for session id: 0x10014bd52700067 after 1ms.
2021-03-18 22:31:25,460 DEBUG [Thread-0-SendThread(localhost:2181)] org.apache.zookeeper.ClientCnxn: Got ping response for session id: 0x10014bd52700067 after 1ms.
2021-03-18 22:31:26,795 DEBUG [Thread-0-SendThread(localhost:2181)] org.apache.zookeeper.ClientCnxn: Got ping response for session id: 0x10014bd52700067 after 2ms.
2021-03-18 22:31:28,134 DEBUG [Thread-0-SendThread(localhost:2181)] org.apache.zookeeper.ClientCnxn: Got ping response for session id: 0x10014bd52700067 after 1ms.
2021-03-18 22:31:29,471 DEBUG [Thread-0-SendThread(localhost:2181)] org.apache.zookeeper.ClientCnxn: Got ping response for session id: 0x10014bd52700067 after 1ms.
2021-03-18 22:31:30,805 DEBUG [Thread-0-SendThread(localhost:2181)] org.apache.zookeeper.ClientCnxn: Got ping response for session id: 0x10014bd52700067 after 1ms.
2021-03-18 22:31:32,142 DEBUG [Thread-0-SendThread(localhost:2181)] org.apache.zookeeper.ClientCnxn: Got ping response for session id: 0x10014bd52700067 after 1ms.
2021-03-18 22:31:33,477 DEBUG [Thread-0-SendThread(localhost:2181)] org.apache.zookeeper.ClientCnxn: Got ping response for session id: 0x10014bd52700067 after 1ms.
2021-03-18 22:31:34,811 DEBUG [Thread-0-SendThread(localhost:2181)] org.apache.zookeeper.ClientCnxn: Got ping response for session id: 0x10014bd52700067 after 1ms.
2021-03-18 22:31:36,146 DEBUG [Thread-0-SendThread(localhost:2181)] org.apache.zookeeper.ClientCnxn: Got ping response for session id: 0x10014bd52700067 after 1ms.
2021-03-18 22:31:37,482 DEBUG [Thread-0-SendThread(localhost:2181)] org.apache.zookeeper.ClientCnxn: Got ping response for session id: 0x10014bd52700067 after 0ms.
2021-03-18 22:31:38,815 DEBUG [Thread-0-SendThread(localhost:2181)] org.apache.zookeeper.ClientCnxn: Got ping response for session id: 0x10014bd52700067 after 0ms.
2021-03-18 22:31:40,153 DEBUG [Thread-0-SendThread(localhost:2181)] org.apache.zookeeper.ClientCnxn: Got ping response for session id: 0x10014bd52700067 after 0ms.
2021-03-18 22:31:41,488 DEBUG [Thread-0-SendThread(localhost:2181)] org.apache.zookeeper.ClientCnxn: Got ping response for session id: 0x10014bd52700067 after 0ms.
2021-03-18 22:31:42,821 DEBUG [Thread-0-SendThread(localhost:2181)] org.apache.zookeeper.ClientCnxn: Got ping response for session id: 0x10014bd52700067 after 0ms.
2021-03-18 22:31:44,156 DEBUG [Thread-0-SendThread(localhost:2181)] org.apache.zookeeper.ClientCnxn: Got ping response for session id: 0x10014bd52700067 after 0ms.
2021-03-18 22:31:45,489 DEBUG [Thread-0-SendThread(localhost:2181)] org.apache.zookeeper.ClientCnxn: Got ping response for session id: 0x10014bd52700067 after 0ms.
2021-03-18 22:31:46,824 DEBUG [Thread-0-SendThread(localhost:2181)] org.apache.zookeeper.ClientCnxn: Got ping response for session id: 0x10014bd52700067 after 0ms.
2021-03-18 22:31:48,161 DEBUG [Thread-0-SendThread(localhost:2181)] org.apache.zookeeper.ClientCnxn: Got ping response for session id: 0x10014bd52700067 after 0ms.
2021-03-18 22:31:49,498 DEBUG [Thread-0-SendThread(localhost:2181)] org.apache.zookeeper.ClientCnxn: Got ping response for session id: 0x10014bd52700067 after 0ms.
2021-03-18 22:31:50,836 DEBUG [Thread-0-SendThread(localhost:2181)] org.apache.zookeeper.ClientCnxn: Got ping response for session id: 0x10014bd52700067 after 0ms.
2021-03-18 22:31:52,174 DEBUG [Thread-0-SendThread(localhost:2181)] org.apache.zookeeper.ClientCnxn: Got ping response for session id: 0x10014bd52700067 after 0ms.
2021-03-18 22:31:53,514 DEBUG [Thread-0-SendThread(localhost:2181)] org.apache.zookeeper.ClientCnxn: Got ping response for session id: 0x10014bd52700067 after 1ms.
2021-03-18 22:31:54,847 DEBUG [Thread-0-SendThread(localhost:2181)] org.apache.zookeeper.ClientCnxn: Got ping response for session id: 0x10014bd52700067 after 0ms.
2021-03-18 22:31:56,182 DEBUG [Thread-0-SendThread(localhost:2181)] org.apache.zookeeper.ClientCnxn: Got ping response for session id: 0x10014bd52700067 after 0ms.
2021-03-18 22:31:57,520 DEBUG [Thread-0-SendThread(localhost:2181)] org.apache.zookeeper.ClientCnxn: Got ping response for session id: 0x10014bd52700067 after 0ms.
2021-03-18 22:31:58,855 DEBUG [Thread-0-SendThread(localhost:2181)] org.apache.zookeeper.ClientCnxn: Got ping response for session id: 0x10014bd52700067 after 0ms.
2021-03-18 22:32:00,193 DEBUG [Thread-0-SendThread(localhost:2181)] org.apache.zookeeper.ClientCnxn: Got ping response for session id: 0x10014bd52700067 after 1ms.
2021-03-18 22:32:01,528 DEBUG [Thread-0-SendThread(localhost:2181)] org.apache.zookeeper.ClientCnxn: Got ping response for session id: 0x10014bd52700067 after 0ms.
2021-03-18 22:32:02,863 DEBUG [Thread-0-SendThread(localhost:2181)] org.apache.zookeeper.ClientCnxn: Got ping response for session id: 0x10014bd52700067 after 0ms.
2021-03-18 22:32:04,199 DEBUG [Thread-0-SendThread(localhost:2181)] org.apache.zookeeper.ClientCnxn: Got ping response for session id: 0x10014bd52700067 after 0ms.
2021-03-18 22:32:05,537 DEBUG [Thread-0-SendThread(localhost:2181)] org.apache.zookeeper.ClientCnxn: Got ping response for session id: 0x10014bd52700067 after 0ms.
2021-03-18 22:32:06,873 DEBUG [Thread-0-SendThread(localhost:2181)] org.apache.zookeeper.ClientCnxn: Got ping response for session id: 0x10014bd52700067 after 0ms.
2021-03-18 22:32:08,206 DEBUG [Thread-0-SendThread(localhost:2181)] org.apache.zookeeper.ClientCnxn: Got ping response for session id: 0x10014bd52700067 after 0ms.
2021-03-18 22:32:09,541 DEBUG [Thread-0-SendThread(localhost:2181)] org.apache.zookeeper.ClientCnxn: Got ping response for session id: 0x10014bd52700067 after 1ms.
2021-03-18 22:32:10,877 DEBUG [Thread-0-SendThread(localhost:2181)] org.apache.zookeeper.ClientCnxn: Got ping response for session id: 0x10014bd52700067 after 1ms.
2021-03-18 22:32:12,213 DEBUG [Thread-0-SendThread(localhost:2181)] org.apache.zookeeper.ClientCnxn: Got ping response for session id: 0x10014bd52700067 after 0ms.
2021-03-18 22:32:13,550 DEBUG [Thread-0-SendThread(localhost:2181)] org.apache.zookeeper.ClientCnxn: Got ping response for session id: 0x10014bd52700067 after 1ms.
2021-03-18 22:32:14,887 DEBUG [Thread-0-SendThread(localhost:2181)] org.apache.zookeeper.ClientCnxn: Got ping response for session id: 0x10014bd52700067 after 0ms.
2021-03-18 22:32:16,222 DEBUG [Thread-0-SendThread(localhost:2181)] org.apache.zookeeper.ClientCnxn: Got ping response for session id: 0x10014bd52700067 after 0ms.
2021-03-18 22:32:17,561 DEBUG [Thread-0-SendThread(localhost:2181)] org.apache.zookeeper.ClientCnxn: Got ping response for session id: 0x10014bd52700067 after 1ms.
2021-03-18 22:32:18,894 DEBUG [Thread-0-SendThread(localhost:2181)] org.apache.zookeeper.ClientCnxn: Got ping response for session id: 0x10014bd52700067 after 0ms.
2021-03-18 22:32:20,228 DEBUG [Thread-0-SendThread(localhost:2181)] org.apache.zookeeper.ClientCnxn: Got ping response for session id: 0x10014bd52700067 after 0ms.
2021-03-18 22:32:21,565 DEBUG [Thread-0-SendThread(localhost:2181)] org.apache.zookeeper.ClientCnxn: Got ping response for session id: 0x10014bd52700067 after 0ms.
Starting commModule
2021-03-18 22:32:22,472 INFO  [Thread-0] root: Server communication module connected
2021-03-18 22:32:22,474 INFO  [Thread-0] root: Connected to localhost on port 52462
2021-03-18 22:32:22,483 INFO  [Thread-24] root: Message received by server -> Status: SHUTDOWN
received adminmsg
2021-03-18 22:32:22,483 DEBUG [Thread-24] root: Closing the program
2021-03-18 22:32:22,484 INFO  [Thread-24] root: Message sent by server -> Status: SHUTDOWN_SUCCESS
2021-03-18 22:32:22,484 ERROR [Thread-0] root: Error! Unable to establish connection. 

java.net.SocketException: Socket closed
	at java.base/java.net.PlainSocketImpl.socketAccept(Native Method)
	at java.base/java.net.AbstractPlainSocketImpl.accept(AbstractPlainSocketImpl.java:458)
	at java.base/java.net.ServerSocket.implAccept(ServerSocket.java:565)
	at java.base/java.net.ServerSocket.accept(ServerSocket.java:533)
	at app_kvServer.KVServer.run(KVServer.java:408)
2021-03-18 22:32:22,486 INFO  [Thread-0] root: Server stopped.
2021-03-18 22:32:22,486 INFO  [Thread-0] root: Clearing KV Storage...
