2021-03-19 10:35:38,704 INFO  [main] root: Creating Storage Files
2021-03-19 10:35:38,705 INFO  [main] root: File created: server19.json
2021-03-19 10:35:38,705 INFO  [main] root: File created: server19_replica_1.json
2021-03-19 10:35:38,705 INFO  [main] root: File created: server19_replica_2.json
2021-03-19 10:35:38,705 INFO  [Thread-0] root: Initialize server ...
2021-03-19 10:35:38,718 INFO  [Thread-0] root: Server listening on port: 50018
2021-03-19 10:35:38,741 INFO  [Thread-0] org.apache.zookeeper.ZooKeeper: Client environment:zookeeper.version=3.6.2--803c7f1a12f85978cb049af5e4ef23bd8b688715, built on 09/04/2020 12:44 GMT
2021-03-19 10:35:38,741 INFO  [Thread-0] org.apache.zookeeper.ZooKeeper: Client environment:host.name=localhost
2021-03-19 10:35:38,741 INFO  [Thread-0] org.apache.zookeeper.ZooKeeper: Client environment:java.version=11.0.10
2021-03-19 10:35:38,741 INFO  [Thread-0] org.apache.zookeeper.ZooKeeper: Client environment:java.vendor=Azul Systems, Inc.
2021-03-19 10:35:38,741 INFO  [Thread-0] org.apache.zookeeper.ZooKeeper: Client environment:java.home=/Users/steve/Library/Java/JavaVirtualMachines/azul-11.0.10/Contents/Home
2021-03-19 10:35:38,741 INFO  [Thread-0] org.apache.zookeeper.ZooKeeper: Client environment:java.class.path=/Users/steve/Desktop/UofT/year4/winter2021/ECE419/milestone3/m3-server.jar
2021-03-19 10:35:38,742 INFO  [Thread-0] org.apache.zookeeper.ZooKeeper: Client environment:java.library.path=/Users/steve/Library/Java/Extensions:/Library/Java/Extensions:/Network/Library/Java/Extensions:/System/Library/Java/Extensions:/usr/lib/java:.
2021-03-19 10:35:38,742 INFO  [Thread-0] org.apache.zookeeper.ZooKeeper: Client environment:java.io.tmpdir=/var/folders/kz/3gb57nkn6ks6_07_dtt5lqvr0000gn/T/
2021-03-19 10:35:38,742 INFO  [Thread-0] org.apache.zookeeper.ZooKeeper: Client environment:java.compiler=<NA>
2021-03-19 10:35:38,742 INFO  [Thread-0] org.apache.zookeeper.ZooKeeper: Client environment:os.name=Mac OS X
2021-03-19 10:35:38,742 INFO  [Thread-0] org.apache.zookeeper.ZooKeeper: Client environment:os.arch=x86_64
2021-03-19 10:35:38,742 INFO  [Thread-0] org.apache.zookeeper.ZooKeeper: Client environment:os.version=10.16
2021-03-19 10:35:38,742 INFO  [Thread-0] org.apache.zookeeper.ZooKeeper: Client environment:user.name=steve
2021-03-19 10:35:38,742 INFO  [Thread-0] org.apache.zookeeper.ZooKeeper: Client environment:user.home=/Users/steve
2021-03-19 10:35:38,742 INFO  [Thread-0] org.apache.zookeeper.ZooKeeper: Client environment:user.dir=/Users/steve
2021-03-19 10:35:38,742 INFO  [Thread-0] org.apache.zookeeper.ZooKeeper: Client environment:os.memory.free=249MB
2021-03-19 10:35:38,742 INFO  [Thread-0] org.apache.zookeeper.ZooKeeper: Client environment:os.memory.max=4096MB
2021-03-19 10:35:38,742 INFO  [Thread-0] org.apache.zookeeper.ZooKeeper: Client environment:os.memory.total=256MB
2021-03-19 10:35:38,746 INFO  [Thread-0] org.apache.zookeeper.ZooKeeper: Initiating client connection, connectString=localhost:2181 sessionTimeout=3000 watcher=app_kvServer.KVServer$1@6f049d8b
2021-03-19 10:35:38,751 INFO  [Thread-0] org.apache.zookeeper.common.X509Util: Setting -D jdk.tls.rejectClientInitiatedRenegotiation=true to disable client-initiated TLS renegotiation
2021-03-19 10:35:38,767 INFO  [Thread-0] org.apache.zookeeper.ClientCnxnSocket: jute.maxbuffer value is 1048575 Bytes
2021-03-19 10:35:38,778 INFO  [Thread-0] org.apache.zookeeper.ClientCnxn: zookeeper.request.timeout value is 0. feature enabled=false
2021-03-19 10:35:38,792 DEBUG [Thread-0-SendThread(localhost:2181)] org.apache.zookeeper.SaslServerPrincipal: Canonicalized address to localhost
2021-03-19 10:35:38,794 INFO  [Thread-0-SendThread(localhost:2181)] org.apache.zookeeper.ClientCnxn: Opening socket connection to server localhost/0:0:0:0:0:0:0:1:2181.
2021-03-19 10:35:38,794 INFO  [Thread-0-SendThread(localhost:2181)] org.apache.zookeeper.ClientCnxn: SASL config status: Will not attempt to authenticate using SASL (unknown error)
2021-03-19 10:35:38,815 INFO  [Thread-0-SendThread(localhost:2181)] org.apache.zookeeper.ClientCnxn: Socket connection established, initiating session, client: /0:0:0:0:0:0:0:1:55921, server: localhost/0:0:0:0:0:0:0:1:2181
2021-03-19 10:35:38,816 DEBUG [Thread-0-SendThread(localhost:2181)] org.apache.zookeeper.ClientCnxn: Session establishment request sent on localhost/0:0:0:0:0:0:0:1:2181
2021-03-19 10:35:38,845 TRACE [Thread-0-SendThread(localhost:2181)] org.apache.zookeeper.ClientCnxnSocket: readConnectResult 37 0x[0,0,0,0,0,0,f,ffffffa0,1,0,14,ffffffbd,52,70,1,3f,0,0,0,10,4c,33,48,2d,30,56,6d,ffffffdd,ffffffb2,1a,78,14,19,4a,ffffff9d,fffffff1,0,]
2021-03-19 10:35:38,847 INFO  [Thread-0-SendThread(localhost:2181)] org.apache.zookeeper.ClientCnxn: Session establishment complete on server localhost/0:0:0:0:0:0:0:1:2181, session id = 0x10014bd5270013f, negotiated timeout = 4000
2021-03-19 10:35:38,849 DEBUG [Thread-0-EventThread] root: ZK event: 
2021-03-19 10:35:38,849 DEBUG [Thread-0-EventThread] root: WatchedEvent state:SyncConnected type:None path:null
2021-03-19 10:35:38,877 DEBUG [Thread-0-SendThread(localhost:2181)] org.apache.zookeeper.ClientCnxn: Reading reply session id: 0x10014bd5270013f, packet:: clientPath:null serverPath:null finished:false header:: 1,1  replyHeader:: 1,1024,0  request:: '/keeper/server19,,v{s{31,s{'world,'anyone}}},1  response:: '/keeper/server19 
2021-03-19 10:35:38,882 DEBUG [Thread-0-SendThread(localhost:2181)] org.apache.zookeeper.ClientCnxn: Reading reply session id: 0x10014bd5270013f, packet:: clientPath:null serverPath:null finished:false header:: 2,3  replyHeader:: 2,1024,0  request:: '/keeper/server19,T  response:: s{1024,1024,1616164538849,1616164538849,0,0,0,72080397402374463,0,0,1024} 
2021-03-19 10:35:38,908 DEBUG [Thread-0-SendThread(localhost:2181)] org.apache.zookeeper.ClientCnxn: Got notification session id: 0x10014bd5270013f
2021-03-19 10:35:38,909 DEBUG [Thread-0-SendThread(localhost:2181)] org.apache.zookeeper.ClientCnxn: Got WatchedEvent state:SyncConnected type:NodeDataChanged path:/keeper/server19 for session id 0x10014bd5270013f
2021-03-19 10:35:38,910 DEBUG [Thread-0-EventThread] root: ZK event: 
2021-03-19 10:35:38,910 DEBUG [Thread-0-EventThread] root: WatchedEvent state:SyncConnected type:NodeDataChanged path:/keeper/server19
2021-03-19 10:35:38,911 DEBUG [Thread-0-SendThread(localhost:2181)] org.apache.zookeeper.ClientCnxn: Reading reply session id: 0x10014bd5270013f, packet:: clientPath:null serverPath:null finished:false header:: 3,5  replyHeader:: 3,1025,0  request:: '/keeper/server19,#3132372e302e302e313a3530303138,0  response:: s{1024,1025,1616164538849,1616164538882,1,0,0,72080397402374463,15,0,1024} 
2021-03-19 10:35:38,911 INFO  [Thread-0] root: Node created at: /keeper/server19
Starting commModule
2021-03-19 10:35:38,918 INFO  [Thread-0] root: Server communication module connected
2021-03-19 10:35:38,919 INFO  [Thread-0] root: Connected to localhost on port 55922
2021-03-19 10:35:38,928 INFO  [Thread-1] root: Message received by server -> Status: INIT_SERVER
received adminmsg
2021-03-19 10:35:38,929 INFO  [Thread-1] root: Message sent by server -> Status: INIT_SERVER_SUCCESS
2021-03-19 10:35:38,929 INFO  [Thread-1] root: Message received by server -> Status: START
received adminmsg
2021-03-19 10:35:38,929 INFO  [Thread-1] root: Message sent by server -> Status: START_SUCCESS
Starting commModule
2021-03-19 10:35:38,930 INFO  [Thread-0] root: Server communication module connected
2021-03-19 10:35:38,930 INFO  [Thread-0] root: Connected to localhost on port 55923
2021-03-19 10:35:38,931 INFO  [Thread-2] root: Message received by server -> Status: UPDATE
received adminmsg
2021-03-19 10:35:38,932 INFO  [Thread-2] root: Message sent by server -> Status: UPDATE_SUCCESS
Starting commModule
2021-03-19 10:35:38,933 INFO  [Thread-0] root: Server communication module connected
2021-03-19 10:35:38,933 INFO  [Thread-0] root: Connected to localhost on port 55924
2021-03-19 10:35:38,934 INFO  [Thread-3] root: Message received by server -> Status: PROPAGATE_ADMIN
received adminmsg
2021-03-19 10:35:38,939 DEBUG [Thread-3] root: Getting successors
2021-03-19 10:35:38,940 DEBUG [Thread-3] root: Got successors
2021-03-19 10:35:38,940 DEBUG [Thread-3] root: Propagating to: 127.0.0.1:50018 127.0.0.1:50018
Starting commModule
2021-03-19 10:35:38,943 INFO  [Thread-0] root: Server communication module connected
2021-03-19 10:35:38,943 INFO  [Thread-3] root: Client communication module connected
2021-03-19 10:35:38,943 INFO  [Thread-0] root: Connected to localhost on port 55925
Starting commModule
2021-03-19 10:35:38,944 INFO  [Thread-0] root: Server communication module connected
2021-03-19 10:35:38,944 INFO  [Thread-3] root: Client communication module connected
2021-03-19 10:35:38,944 DEBUG [Thread-3] root: {}
2021-03-19 10:35:38,944 INFO  [Thread-0] root: Connected to localhost on port 55926
2021-03-19 10:35:38,944 INFO  [Thread-3] root: Message sent by server -> Status: PROPAGATE_SUCCESS
Starting commModule
2021-03-19 10:35:39,474 INFO  [Thread-0] root: Server communication module connected
2021-03-19 10:35:39,475 INFO  [Thread-0] root: Connected to localhost on port 55930
2021-03-19 10:35:39,476 INFO  [Thread-6] root: Message received by server -> Status: UPDATE
received adminmsg
2021-03-19 10:35:39,476 INFO  [Thread-6] root: Message sent by server -> Status: UPDATE_SUCCESS
Starting commModule
2021-03-19 10:35:39,477 INFO  [Thread-0] root: Server communication module connected
2021-03-19 10:35:39,478 INFO  [Thread-0] root: Connected to localhost on port 55931
2021-03-19 10:35:39,478 INFO  [Thread-7] root: Message received by server -> Status: PROPAGATE_ADMIN
received adminmsg
2021-03-19 10:35:39,479 DEBUG [Thread-7] root: Getting successors
2021-03-19 10:35:39,479 DEBUG [Thread-7] root: Got successors
2021-03-19 10:35:39,479 DEBUG [Thread-7] root: Propagating to: 127.0.0.1:50093 127.0.0.1:50018
2021-03-19 10:35:39,479 INFO  [Thread-7] root: Client communication module connected
Starting commModule
2021-03-19 10:35:39,480 INFO  [Thread-0] root: Server communication module connected
2021-03-19 10:35:39,480 INFO  [Thread-7] root: Client communication module connected
2021-03-19 10:35:39,480 DEBUG [Thread-7] root: {}
2021-03-19 10:35:39,480 INFO  [Thread-7] root: Message sent by server -> Status: PROPAGATE_SUCCESS
2021-03-19 10:35:39,480 INFO  [Thread-0] root: Connected to localhost on port 55933
Starting commModule
2021-03-19 10:35:39,481 INFO  [Thread-0] root: Server communication module connected
2021-03-19 10:35:39,481 INFO  [Thread-0] root: Connected to localhost on port 55934
2021-03-19 10:35:39,481 INFO  [Thread-9] root: Message received by server -> Status: MOVE_DATA
received adminmsg
2021-03-19 10:35:39,482 DEBUG [Thread-9] root: Input data: 
2021-03-19 10:35:39,482 DEBUG [Thread-9] root: 9495fb970238b6455b6b6e4cac497dfd:a54779ff0aff7edf1941f9534107087e
2021-03-19 10:35:39,482 DEBUG [Thread-9] root: 127.0.0.1:50093
2021-03-19 10:35:39,482 INFO  [Thread-9] root: Client communication module connected
2021-03-19 10:35:39,483 DEBUG [Thread-9] root: Host: 127.0.0.1
2021-03-19 10:35:39,483 DEBUG [Thread-9] root: Port: 50093
2021-03-19 10:35:39,483 DEBUG [Thread-9] root: Range: 9495fb970238b6455b6b6e4cac497dfd:a54779ff0aff7edf1941f9534107087e
2021-03-19 10:35:39,483 DEBUG [Thread-9] root: Starting flush data
2021-03-19 10:35:39,483 DEBUG [Thread-9] root: Finished flush data
2021-03-19 10:35:39,483 DEBUG [Thread-9] root: Closing conn
2021-03-19 10:35:39,483 INFO  [Thread-9] root: Connection closed!
2021-03-19 10:35:39,483 DEBUG [Thread-9] root: Closed conn
2021-03-19 10:35:39,483 INFO  [Thread-9] root: Message sent by server -> Status: MOVE_DATA_SUCCESS
Starting commModule
2021-03-19 10:35:39,484 INFO  [Thread-0] root: Server communication module connected
2021-03-19 10:35:39,485 INFO  [Thread-0] root: Connected to localhost on port 55936
2021-03-19 10:35:39,485 INFO  [Thread-10] root: Message received by server -> Status: UPDATE
received adminmsg
2021-03-19 10:35:39,486 INFO  [Thread-10] root: Message sent by server -> Status: UPDATE_SUCCESS
Starting commModule
2021-03-19 10:35:39,489 INFO  [Thread-0] root: Server communication module connected
2021-03-19 10:35:39,490 INFO  [Thread-0] root: Connected to localhost on port 55938
2021-03-19 10:35:39,491 INFO  [Thread-11] root: Message received by server -> Status: PROPAGATE_ADMIN
received adminmsg
2021-03-19 10:35:39,491 DEBUG [Thread-11] root: Getting successors
2021-03-19 10:35:39,491 DEBUG [Thread-11] root: Got successors
2021-03-19 10:35:39,491 DEBUG [Thread-11] root: Propagating to: 127.0.0.1:50093 127.0.0.1:50018
2021-03-19 10:35:39,492 INFO  [Thread-11] root: Client communication module connected
Starting commModule
2021-03-19 10:35:39,492 INFO  [Thread-0] root: Server communication module connected
2021-03-19 10:35:39,492 INFO  [Thread-11] root: Client communication module connected
2021-03-19 10:35:39,492 DEBUG [Thread-11] root: {}
2021-03-19 10:35:39,493 INFO  [Thread-11] root: Message sent by server -> Status: PROPAGATE_SUCCESS
2021-03-19 10:35:39,493 INFO  [Thread-0] root: Connected to localhost on port 55940
Starting commModule
2021-03-19 10:35:39,502 INFO  [Thread-0] root: Server communication module connected
2021-03-19 10:35:39,503 INFO  [Thread-0] root: Connected to localhost on port 55942
Starting commModule
2021-03-19 10:35:40,048 INFO  [Thread-0] root: Server communication module connected
2021-03-19 10:35:40,048 INFO  [Thread-0] root: Connected to localhost on port 55947
2021-03-19 10:35:40,049 INFO  [Thread-14] root: Message received by server -> Status: UPDATE
received adminmsg
2021-03-19 10:35:40,050 INFO  [Thread-14] root: Message sent by server -> Status: UPDATE_SUCCESS
Starting commModule
2021-03-19 10:35:40,054 INFO  [Thread-0] root: Server communication module connected
2021-03-19 10:35:40,054 INFO  [Thread-0] root: Connected to localhost on port 55949
2021-03-19 10:35:40,055 INFO  [Thread-15] root: Message received by server -> Status: PROPAGATE_ADMIN
received adminmsg
2021-03-19 10:35:40,056 DEBUG [Thread-15] root: Getting successors
2021-03-19 10:35:40,056 DEBUG [Thread-15] root: Got successors
2021-03-19 10:35:40,056 DEBUG [Thread-15] root: Propagating to: 127.0.0.1:50093 127.0.0.1:50126
2021-03-19 10:35:40,057 INFO  [Thread-15] root: Client communication module connected
2021-03-19 10:35:40,057 INFO  [Thread-15] root: Client communication module connected
2021-03-19 10:35:40,058 DEBUG [Thread-15] root: {}
2021-03-19 10:35:40,058 INFO  [Thread-15] root: Message sent by server -> Status: PROPAGATE_SUCCESS
Starting commModule
2021-03-19 10:35:40,062 INFO  [Thread-0] root: Server communication module connected
2021-03-19 10:35:40,063 INFO  [Thread-0] root: Connected to localhost on port 55954
Starting commModule
2021-03-19 10:35:40,063 INFO  [Thread-0] root: Server communication module connected
2021-03-19 10:35:40,063 INFO  [Thread-0] root: Connected to localhost on port 55955
2021-03-19 10:35:40,063 INFO  [Thread-17] root: Message received by server -> Status: MOVE_DATA
received adminmsg
2021-03-19 10:35:40,064 DEBUG [Thread-17] root: Input data: 
2021-03-19 10:35:40,064 DEBUG [Thread-17] root: a54779ff0aff7edf1941f9534107087f:3f72e738a18e008de24dc31b1c10e52d
2021-03-19 10:35:40,064 DEBUG [Thread-17] root: 127.0.0.1:50126
2021-03-19 10:35:40,064 INFO  [Thread-17] root: Client communication module connected
2021-03-19 10:35:40,064 DEBUG [Thread-17] root: Host: 127.0.0.1
2021-03-19 10:35:40,064 DEBUG [Thread-17] root: Port: 50126
2021-03-19 10:35:40,064 DEBUG [Thread-17] root: Range: a54779ff0aff7edf1941f9534107087f:3f72e738a18e008de24dc31b1c10e52d
2021-03-19 10:35:40,064 DEBUG [Thread-17] root: Starting flush data
2021-03-19 10:35:40,064 DEBUG [Thread-17] root: Finished flush data
2021-03-19 10:35:40,065 DEBUG [Thread-17] root: Closing conn
2021-03-19 10:35:40,065 INFO  [Thread-17] root: Connection closed!
2021-03-19 10:35:40,065 DEBUG [Thread-17] root: Closed conn
2021-03-19 10:35:40,065 INFO  [Thread-17] root: Message sent by server -> Status: MOVE_DATA_SUCCESS
Starting commModule
2021-03-19 10:35:40,066 INFO  [Thread-0] root: Server communication module connected
2021-03-19 10:35:40,066 INFO  [Thread-0] root: Connected to localhost on port 55957
2021-03-19 10:35:40,067 INFO  [Thread-18] root: Message received by server -> Status: UPDATE
received adminmsg
2021-03-19 10:35:40,067 INFO  [Thread-18] root: Message sent by server -> Status: UPDATE_SUCCESS
Starting commModule
2021-03-19 10:35:40,074 INFO  [Thread-0] root: Server communication module connected
2021-03-19 10:35:40,074 INFO  [Thread-0] root: Connected to localhost on port 55960
2021-03-19 10:35:40,075 INFO  [Thread-19] root: Message received by server -> Status: PROPAGATE_ADMIN
received adminmsg
2021-03-19 10:35:40,075 DEBUG [Thread-19] root: Getting successors
2021-03-19 10:35:40,075 DEBUG [Thread-19] root: Got successors
2021-03-19 10:35:40,075 DEBUG [Thread-19] root: Propagating to: 127.0.0.1:50093 127.0.0.1:50126
2021-03-19 10:35:40,076 INFO  [Thread-19] root: Client communication module connected
2021-03-19 10:35:40,076 INFO  [Thread-19] root: Client communication module connected
2021-03-19 10:35:40,076 DEBUG [Thread-19] root: {}
2021-03-19 10:35:40,077 INFO  [Thread-19] root: Message sent by server -> Status: PROPAGATE_SUCCESS
Starting commModule
2021-03-19 10:35:40,080 INFO  [Thread-0] root: Server communication module connected
2021-03-19 10:35:40,081 INFO  [Thread-0] root: Connected to localhost on port 55965
Starting commModule
2021-03-19 10:35:40,090 INFO  [Thread-0] root: Server communication module connected
2021-03-19 10:35:40,090 INFO  [Thread-0] root: Connected to localhost on port 55967
2021-03-19 10:35:40,221 DEBUG [Thread-0-SendThread(localhost:2181)] org.apache.zookeeper.ClientCnxn: Got ping response for session id: 0x10014bd5270013f after 0ms.
2021-03-19 10:35:41,559 DEBUG [Thread-0-SendThread(localhost:2181)] org.apache.zookeeper.ClientCnxn: Got ping response for session id: 0x10014bd5270013f after 1ms.
2021-03-19 10:35:42,894 DEBUG [Thread-0-SendThread(localhost:2181)] org.apache.zookeeper.ClientCnxn: Got ping response for session id: 0x10014bd5270013f after 0ms.
2021-03-19 10:35:44,231 DEBUG [Thread-0-SendThread(localhost:2181)] org.apache.zookeeper.ClientCnxn: Got ping response for session id: 0x10014bd5270013f after 0ms.
Starting commModule
2021-03-19 10:35:45,095 INFO  [Thread-0] root: Server communication module connected
2021-03-19 10:35:45,097 INFO  [Thread-0] root: Connected to localhost on port 55972
2021-03-19 10:35:45,098 INFO  [Thread-22] root: Message received by server -> Status: GET_METADATA Key: nothing Value: nothing
2021-03-19 10:35:45,099 DEBUG [Thread-22] root: In serve
2021-03-19 10:35:45,099 DEBUG [Thread-22] root: Checking if stopped or write locked
2021-03-19 10:35:45,099 DEBUG [Thread-22] root: Case GET_METADATA
2021-03-19 10:35:45,108 INFO  [Thread-22] root: Message sent by server -> Status: GET_METADATA_SUCCESS Key: nothing Value: nothing
Starting commModule
2021-03-19 10:35:45,125 INFO  [Thread-0] root: Server communication module connected
2021-03-19 10:35:45,126 INFO  [Thread-0] root: Connected to localhost on port 55974
2021-03-19 10:35:45,128 INFO  [Thread-23] root: Message received by server -> Status: PROPAGATE
2021-03-19 10:35:45,128 DEBUG [Thread-23] root: In serve
2021-03-19 10:35:45,128 DEBUG [Thread-23] root: Checking if stopped or write locked
2021-03-19 10:35:45,128 DEBUG [Thread-23] root: Case propagate
2021-03-19 10:35:45,128 DEBUG [Thread-23] root: Passing to server
2021-03-19 10:35:45,128 DEBUG [Thread-23] root: Getting Predecessors
2021-03-19 10:35:45,128 DEBUG [Thread-23] root: Looking for 127.0.0.1:50018
2021-03-19 10:35:45,128 DEBUG [Thread-23] root: [127.0.0.1:50126, 127.0.0.1:50018, 127.0.0.1:50093]
2021-03-19 10:35:45,128 DEBUG [Thread-23] root: Predecessors:
2021-03-19 10:35:45,128 DEBUG [Thread-23] root: [127.0.0.1:50093, 127.0.0.1:50126]
2021-03-19 10:35:45,129 DEBUG [Thread-23] root: Looking for 127.0.0.1:50126
2021-03-19 10:35:45,129 DEBUG [Thread-23] root: Index of predecessor: 1
2021-03-19 10:35:45,129 DEBUG [Thread-23] root: Server Stuff
2021-03-19 10:35:45,129 INFO  [Thread-23] root: Put: key = 1, value = 1
2021-03-19 10:35:45,131 INFO  [Thread-23] root: Message sent by server -> Status: PROPAGATE_SUCCESS Key: null Value: null
Starting commModule
2021-03-19 10:35:45,133 INFO  [Thread-0] root: Server communication module connected
2021-03-19 10:35:45,134 INFO  [Thread-0] root: Connected to localhost on port 55976
2021-03-19 10:35:45,134 INFO  [Thread-24] root: Message received by server -> Status: GET Key: 1 Value: null
2021-03-19 10:35:45,134 DEBUG [Thread-24] root: In serve
2021-03-19 10:35:45,134 DEBUG [Thread-24] root: Checking if stopped or write locked
2021-03-19 10:35:45,134 DEBUG [Thread-24] root: Checking if it's in range
2021-03-19 10:35:45,136 DEBUG [Thread-24] root: Got hostname and port -> 127.0.0.1:50018
2021-03-19 10:35:45,136 DEBUG [Thread-24] root: Got metadata range: 9495fb970238b6455b6b6e4cac497dfd:9495fb970238b6455b6b6e4cac497dfc
2021-03-19 10:35:45,136 DEBUG [Thread-24] root: 127.0.0.1:50126 -> 3f72e738a18e008de24dc31b1c10e52e:3f72e738a18e008de24dc31b1c10e52d
2021-03-19 10:35:45,136 DEBUG [Thread-24] root: 127.0.0.1:50018 -> 9495fb970238b6455b6b6e4cac497dfd:9495fb970238b6455b6b6e4cac497dfc
2021-03-19 10:35:45,136 DEBUG [Thread-24] root: 127.0.0.1:50093 -> a54779ff0aff7edf1941f9534107087f:a54779ff0aff7edf1941f9534107087e
2021-03-19 10:35:45,136 DEBUG [Thread-24] root: Got range big ints
2021-03-19 10:35:45,136 DEBUG [Thread-24] root: Range end < range start
2021-03-19 10:35:45,136 DEBUG [Thread-24] root: Done with range check in server
2021-03-19 10:35:45,136 INFO  [Thread-24] root: Get: key = 1
2021-03-19 10:35:45,137 INFO  [Thread-24] root: Message sent by server -> Status: GET_SUCCESS Key: 1 Value: 1
Starting commModule
2021-03-19 10:35:45,155 INFO  [Thread-0] root: Server communication module connected
2021-03-19 10:35:45,156 INFO  [Thread-0] root: Connected to localhost on port 55979
2021-03-19 10:35:45,156 INFO  [Thread-25] root: Message received by server -> Status: SHUTDOWN
received adminmsg
2021-03-19 10:35:45,156 DEBUG [Thread-25] root: Closing the program
2021-03-19 10:35:45,156 INFO  [Thread-25] root: Message sent by server -> Status: SHUTDOWN_SUCCESS
2021-03-19 10:35:45,157 ERROR [Thread-0] root: Error! Unable to establish connection. 

java.net.SocketException: Socket closed
	at java.base/java.net.PlainSocketImpl.socketAccept(Native Method)
	at java.base/java.net.AbstractPlainSocketImpl.accept(AbstractPlainSocketImpl.java:458)
	at java.base/java.net.ServerSocket.implAccept(ServerSocket.java:565)
	at java.base/java.net.ServerSocket.accept(ServerSocket.java:533)
	at app_kvServer.KVServer.run(KVServer.java:408)
2021-03-19 10:35:45,159 INFO  [Thread-0] root: Server stopped.
2021-03-19 10:35:45,159 INFO  [Thread-0] root: Clearing KV Storage...
