2021-03-18 22:45:21,121 INFO  [main] root: Creating Storage Files
2021-03-18 22:45:21,121 INFO  [main] root: File created: server47.json
2021-03-18 22:45:21,121 INFO  [main] root: File created: server47_replica_1.json
2021-03-18 22:45:21,121 INFO  [main] root: File created: server47_replica_2.json
2021-03-18 22:45:21,122 INFO  [Thread-0] root: Initialize server ...
2021-03-18 22:45:21,134 INFO  [Thread-0] root: Server listening on port: 50046
2021-03-18 22:45:21,154 INFO  [Thread-0] org.apache.zookeeper.ZooKeeper: Client environment:zookeeper.version=3.6.2--803c7f1a12f85978cb049af5e4ef23bd8b688715, built on 09/04/2020 12:44 GMT
2021-03-18 22:45:21,154 INFO  [Thread-0] org.apache.zookeeper.ZooKeeper: Client environment:host.name=localhost
2021-03-18 22:45:21,154 INFO  [Thread-0] org.apache.zookeeper.ZooKeeper: Client environment:java.version=11.0.10
2021-03-18 22:45:21,154 INFO  [Thread-0] org.apache.zookeeper.ZooKeeper: Client environment:java.vendor=Azul Systems, Inc.
2021-03-18 22:45:21,154 INFO  [Thread-0] org.apache.zookeeper.ZooKeeper: Client environment:java.home=/Users/steve/Library/Java/JavaVirtualMachines/azul-11.0.10/Contents/Home
2021-03-18 22:45:21,155 INFO  [Thread-0] org.apache.zookeeper.ZooKeeper: Client environment:java.class.path=/Users/steve/Desktop/UofT/year4/winter2021/ECE419/milestone3/m3-server.jar
2021-03-18 22:45:21,155 INFO  [Thread-0] org.apache.zookeeper.ZooKeeper: Client environment:java.library.path=/Users/steve/Library/Java/Extensions:/Library/Java/Extensions:/Network/Library/Java/Extensions:/System/Library/Java/Extensions:/usr/lib/java:.
2021-03-18 22:45:21,155 INFO  [Thread-0] org.apache.zookeeper.ZooKeeper: Client environment:java.io.tmpdir=/var/folders/kz/3gb57nkn6ks6_07_dtt5lqvr0000gn/T/
2021-03-18 22:45:21,155 INFO  [Thread-0] org.apache.zookeeper.ZooKeeper: Client environment:java.compiler=<NA>
2021-03-18 22:45:21,155 INFO  [Thread-0] org.apache.zookeeper.ZooKeeper: Client environment:os.name=Mac OS X
2021-03-18 22:45:21,155 INFO  [Thread-0] org.apache.zookeeper.ZooKeeper: Client environment:os.arch=x86_64
2021-03-18 22:45:21,155 INFO  [Thread-0] org.apache.zookeeper.ZooKeeper: Client environment:os.version=10.16
2021-03-18 22:45:21,155 INFO  [Thread-0] org.apache.zookeeper.ZooKeeper: Client environment:user.name=steve
2021-03-18 22:45:21,155 INFO  [Thread-0] org.apache.zookeeper.ZooKeeper: Client environment:user.home=/Users/steve
2021-03-18 22:45:21,155 INFO  [Thread-0] org.apache.zookeeper.ZooKeeper: Client environment:user.dir=/Users/steve
2021-03-18 22:45:21,155 INFO  [Thread-0] org.apache.zookeeper.ZooKeeper: Client environment:os.memory.free=249MB
2021-03-18 22:45:21,155 INFO  [Thread-0] org.apache.zookeeper.ZooKeeper: Client environment:os.memory.max=4096MB
2021-03-18 22:45:21,155 INFO  [Thread-0] org.apache.zookeeper.ZooKeeper: Client environment:os.memory.total=256MB
2021-03-18 22:45:21,158 INFO  [Thread-0] org.apache.zookeeper.ZooKeeper: Initiating client connection, connectString=localhost:2181 sessionTimeout=3000 watcher=app_kvServer.KVServer$1@7cceab42
2021-03-18 22:45:21,162 INFO  [Thread-0] org.apache.zookeeper.common.X509Util: Setting -D jdk.tls.rejectClientInitiatedRenegotiation=true to disable client-initiated TLS renegotiation
2021-03-18 22:45:21,172 INFO  [Thread-0] org.apache.zookeeper.ClientCnxnSocket: jute.maxbuffer value is 1048575 Bytes
2021-03-18 22:45:21,179 INFO  [Thread-0] org.apache.zookeeper.ClientCnxn: zookeeper.request.timeout value is 0. feature enabled=false
2021-03-18 22:45:21,188 DEBUG [Thread-0-SendThread(localhost:2181)] org.apache.zookeeper.SaslServerPrincipal: Canonicalized address to localhost
2021-03-18 22:45:21,190 INFO  [Thread-0-SendThread(localhost:2181)] org.apache.zookeeper.ClientCnxn: Opening socket connection to server localhost/127.0.0.1:2181.
2021-03-18 22:45:21,190 INFO  [Thread-0-SendThread(localhost:2181)] org.apache.zookeeper.ClientCnxn: SASL config status: Will not attempt to authenticate using SASL (unknown error)
2021-03-18 22:45:21,206 INFO  [Thread-0-SendThread(localhost:2181)] org.apache.zookeeper.ClientCnxn: Socket connection established, initiating session, client: /127.0.0.1:53200, server: localhost/127.0.0.1:2181
2021-03-18 22:45:21,206 DEBUG [Thread-0-SendThread(localhost:2181)] org.apache.zookeeper.ClientCnxn: Session establishment request sent on localhost/127.0.0.1:2181
2021-03-18 22:45:21,236 TRACE [Thread-0-SendThread(localhost:2181)] org.apache.zookeeper.ClientCnxnSocket: readConnectResult 37 0x[0,0,0,0,0,0,f,ffffffa0,1,0,14,ffffffbd,52,70,0,ffffff95,0,0,0,10,3,ffffffd4,37,2b,6d,ffffffec,ffffffed,13,ffffffe9,ffffffa4,ffffffc5,56,ffffff80,64,ffffffd5,a,0,]
2021-03-18 22:45:21,237 INFO  [Thread-0-SendThread(localhost:2181)] org.apache.zookeeper.ClientCnxn: Session establishment complete on server localhost/127.0.0.1:2181, session id = 0x10014bd52700095, negotiated timeout = 4000
2021-03-18 22:45:21,240 DEBUG [Thread-0-EventThread] root: ZK event: 
2021-03-18 22:45:21,240 DEBUG [Thread-0-EventThread] root: WatchedEvent state:SyncConnected type:None path:null
2021-03-18 22:45:21,268 DEBUG [Thread-0-SendThread(localhost:2181)] org.apache.zookeeper.ClientCnxn: Reading reply session id: 0x10014bd52700095, packet:: clientPath:null serverPath:null finished:false header:: 1,1  replyHeader:: 1,496,0  request:: '/keeper/server47,,v{s{31,s{'world,'anyone}}},1  response:: '/keeper/server47 
2021-03-18 22:45:21,273 DEBUG [Thread-0-SendThread(localhost:2181)] org.apache.zookeeper.ClientCnxn: Reading reply session id: 0x10014bd52700095, packet:: clientPath:null serverPath:null finished:false header:: 2,3  replyHeader:: 2,496,0  request:: '/keeper/server47,T  response:: s{496,496,1616121921240,1616121921240,0,0,0,72080397402374293,0,0,496} 
2021-03-18 22:45:21,300 DEBUG [Thread-0-SendThread(localhost:2181)] org.apache.zookeeper.ClientCnxn: Got notification session id: 0x10014bd52700095
2021-03-18 22:45:21,301 DEBUG [Thread-0-SendThread(localhost:2181)] org.apache.zookeeper.ClientCnxn: Got WatchedEvent state:SyncConnected type:NodeDataChanged path:/keeper/server47 for session id 0x10014bd52700095
2021-03-18 22:45:21,303 DEBUG [Thread-0-EventThread] root: ZK event: 
2021-03-18 22:45:21,303 DEBUG [Thread-0-EventThread] root: WatchedEvent state:SyncConnected type:NodeDataChanged path:/keeper/server47
2021-03-18 22:45:21,304 DEBUG [Thread-0-SendThread(localhost:2181)] org.apache.zookeeper.ClientCnxn: Reading reply session id: 0x10014bd52700095, packet:: clientPath:null serverPath:null finished:false header:: 3,5  replyHeader:: 3,497,0  request:: '/keeper/server47,#3132372e302e302e313a3530303436,0  response:: s{496,497,1616121921240,1616121921274,1,0,0,72080397402374293,15,0,496} 
2021-03-18 22:45:21,304 INFO  [Thread-0] root: Node created at: /keeper/server47
Starting commModule
2021-03-18 22:45:21,312 INFO  [Thread-0] root: Server communication module connected
2021-03-18 22:45:21,312 INFO  [Thread-0] root: Connected to localhost on port 53201
2021-03-18 22:45:21,321 INFO  [Thread-1] root: Message received by server -> Status: INIT_SERVER
received adminmsg
2021-03-18 22:45:21,322 INFO  [Thread-1] root: Message sent by server -> Status: INIT_SERVER_SUCCESS
2021-03-18 22:45:21,322 INFO  [Thread-1] root: Message received by server -> Status: START
received adminmsg
2021-03-18 22:45:21,322 INFO  [Thread-1] root: Message sent by server -> Status: START_SUCCESS
Starting commModule
2021-03-18 22:45:21,328 INFO  [Thread-0] root: Server communication module connected
2021-03-18 22:45:21,329 INFO  [Thread-0] root: Connected to localhost on port 53204
Starting commModule
2021-03-18 22:45:21,331 INFO  [Thread-0] root: Server communication module connected
2021-03-18 22:45:21,332 INFO  [Thread-0] root: Connected to localhost on port 53207
Starting commModule
2021-03-18 22:45:21,335 INFO  [Thread-0] root: Server communication module connected
2021-03-18 22:45:21,336 INFO  [Thread-0] root: Connected to localhost on port 53209
2021-03-18 22:45:21,336 INFO  [Thread-4] root: Message received by server -> Status: UPDATE
received adminmsg
2021-03-18 22:45:21,337 INFO  [Thread-4] root: Message sent by server -> Status: UPDATE_SUCCESS
Starting commModule
2021-03-18 22:45:21,340 INFO  [Thread-0] root: Server communication module connected
2021-03-18 22:45:21,341 INFO  [Thread-0] root: Connected to localhost on port 53211
Starting commModule
2021-03-18 22:45:21,341 INFO  [Thread-0] root: Server communication module connected
2021-03-18 22:45:21,342 INFO  [Thread-0] root: Connected to localhost on port 53213
2021-03-18 22:45:21,343 INFO  [Thread-6] root: Message received by server -> Status: PROPAGATE_ADMIN
received adminmsg
2021-03-18 22:45:21,348 DEBUG [Thread-6] root: Getting successors
2021-03-18 22:45:21,348 DEBUG [Thread-6] root: Got successors
2021-03-18 22:45:21,349 DEBUG [Thread-6] root: Propagating to: 127.0.0.1:50104 127.0.0.1:50046
2021-03-18 22:45:21,351 INFO  [Thread-6] root: Client communication module connected
Starting commModule
2021-03-18 22:45:21,352 INFO  [Thread-0] root: Server communication module connected
2021-03-18 22:45:21,352 INFO  [Thread-6] root: Client communication module connected
2021-03-18 22:45:21,352 DEBUG [Thread-6] root: {}
2021-03-18 22:45:21,352 INFO  [Thread-6] root: Message sent by server -> Status: PROPAGATE_SUCCESS
2021-03-18 22:45:21,352 INFO  [Thread-0] root: Connected to localhost on port 53215
2021-03-18 22:45:22,610 DEBUG [Thread-0-SendThread(localhost:2181)] org.apache.zookeeper.ClientCnxn: Got ping response for session id: 0x10014bd52700095 after 0ms.
2021-03-18 22:45:23,947 DEBUG [Thread-0-SendThread(localhost:2181)] org.apache.zookeeper.ClientCnxn: Got ping response for session id: 0x10014bd52700095 after 0ms.
2021-03-18 22:45:25,283 DEBUG [Thread-0-SendThread(localhost:2181)] org.apache.zookeeper.ClientCnxn: Got ping response for session id: 0x10014bd52700095 after 1ms.
2021-03-18 22:45:26,617 DEBUG [Thread-0-SendThread(localhost:2181)] org.apache.zookeeper.ClientCnxn: Got ping response for session id: 0x10014bd52700095 after 1ms.
2021-03-18 22:45:27,954 DEBUG [Thread-0-SendThread(localhost:2181)] org.apache.zookeeper.ClientCnxn: Got ping response for session id: 0x10014bd52700095 after 1ms.
2021-03-18 22:45:29,291 DEBUG [Thread-0-SendThread(localhost:2181)] org.apache.zookeeper.ClientCnxn: Got ping response for session id: 0x10014bd52700095 after 0ms.
2021-03-18 22:45:30,625 DEBUG [Thread-0-SendThread(localhost:2181)] org.apache.zookeeper.ClientCnxn: Got ping response for session id: 0x10014bd52700095 after 0ms.
Starting commModule
2021-03-18 22:45:31,364 INFO  [Thread-0] root: Server communication module connected
2021-03-18 22:45:31,365 INFO  [Thread-0] root: Connected to localhost on port 53219
2021-03-18 22:45:31,365 INFO  [Thread-8] root: Message received by server -> Status: SHUTDOWN
received adminmsg
2021-03-18 22:45:31,365 DEBUG [Thread-8] root: Closing the program
2021-03-18 22:45:31,366 INFO  [Thread-8] root: Message sent by server -> Status: SHUTDOWN_SUCCESS
2021-03-18 22:45:31,367 ERROR [Thread-0] root: Error! Unable to establish connection. 

java.net.SocketException: Socket closed
	at java.base/java.net.PlainSocketImpl.socketAccept(Native Method)
	at java.base/java.net.AbstractPlainSocketImpl.accept(AbstractPlainSocketImpl.java:458)
	at java.base/java.net.ServerSocket.implAccept(ServerSocket.java:565)
	at java.base/java.net.ServerSocket.accept(ServerSocket.java:533)
	at app_kvServer.KVServer.run(KVServer.java:408)
2021-03-18 22:45:31,370 INFO  [Thread-0] root: Server stopped.
2021-03-18 22:45:31,370 INFO  [Thread-0] root: Clearing KV Storage...
