2021-02-25 17:38:45,101 [myid:] - INFO  [main:QuorumPeerConfig@174] - Reading configuration from: /Users/steve/Desktop/UofT/year4/winter2021/ECE419/milestone2/apache-zookeeper-3.6.2-bin/bin/../conf/zoo.cfg
2021-02-25 17:38:45,114 [myid:] - INFO  [main:QuorumPeerConfig@460] - clientPortAddress is 0.0.0.0:2181
2021-02-25 17:38:45,114 [myid:] - INFO  [main:QuorumPeerConfig@464] - secureClientPort is not set
2021-02-25 17:38:45,115 [myid:] - INFO  [main:QuorumPeerConfig@480] - observerMasterPort is not set
2021-02-25 17:38:45,115 [myid:] - INFO  [main:QuorumPeerConfig@497] - metricsProvider.className is org.apache.zookeeper.metrics.impl.DefaultMetricsProvider
2021-02-25 17:38:45,116 [myid:] - INFO  [main:DatadirCleanupManager@78] - autopurge.snapRetainCount set to 3
2021-02-25 17:38:45,116 [myid:] - INFO  [main:DatadirCleanupManager@79] - autopurge.purgeInterval set to 0
2021-02-25 17:38:45,116 [myid:] - INFO  [main:DatadirCleanupManager@101] - Purge task is not scheduled.
2021-02-25 17:38:45,116 [myid:] - WARN  [main:QuorumPeerMain@138] - Either no config or no quorum defined in config, running in standalone mode
2021-02-25 17:38:45,119 [myid:] - INFO  [main:ManagedUtil@44] - Log4j 1.2 jmx support found and enabled.
2021-02-25 17:38:45,126 [myid:] - INFO  [main:QuorumPeerConfig@174] - Reading configuration from: /Users/steve/Desktop/UofT/year4/winter2021/ECE419/milestone2/apache-zookeeper-3.6.2-bin/bin/../conf/zoo.cfg
2021-02-25 17:38:45,127 [myid:] - INFO  [main:QuorumPeerConfig@460] - clientPortAddress is 0.0.0.0:2181
2021-02-25 17:38:45,127 [myid:] - INFO  [main:QuorumPeerConfig@464] - secureClientPort is not set
2021-02-25 17:38:45,127 [myid:] - INFO  [main:QuorumPeerConfig@480] - observerMasterPort is not set
2021-02-25 17:38:45,127 [myid:] - INFO  [main:QuorumPeerConfig@497] - metricsProvider.className is org.apache.zookeeper.metrics.impl.DefaultMetricsProvider
2021-02-25 17:38:45,127 [myid:] - INFO  [main:ZooKeeperServerMain@122] - Starting server
2021-02-25 17:38:45,137 [myid:] - INFO  [main:ServerMetrics@62] - ServerMetrics initialized with provider org.apache.zookeeper.metrics.impl.DefaultMetricsProvider@568ff82
2021-02-25 17:38:45,139 [myid:] - INFO  [main:FileTxnSnapLog@124] - zookeeper.snapshot.trust.empty : false
2021-02-25 17:38:45,146 [myid:] - INFO  [main:ZookeeperBanner@42] - 
2021-02-25 17:38:45,146 [myid:] - INFO  [main:ZookeeperBanner@42] -   ______                  _                                          
2021-02-25 17:38:45,146 [myid:] - INFO  [main:ZookeeperBanner@42] -  |___  /                 | |                                         
2021-02-25 17:38:45,146 [myid:] - INFO  [main:ZookeeperBanner@42] -     / /    ___     ___   | | __   ___    ___   _ __     ___   _ __   
2021-02-25 17:38:45,146 [myid:] - INFO  [main:ZookeeperBanner@42] -    / /    / _ \   / _ \  | |/ /  / _ \  / _ \ | '_ \   / _ \ | '__|
2021-02-25 17:38:45,146 [myid:] - INFO  [main:ZookeeperBanner@42] -   / /__  | (_) | | (_) | |   <  |  __/ |  __/ | |_) | |  __/ | |    
2021-02-25 17:38:45,146 [myid:] - INFO  [main:ZookeeperBanner@42] -  /_____|  \___/   \___/  |_|\_\  \___|  \___| | .__/   \___| |_|
2021-02-25 17:38:45,146 [myid:] - INFO  [main:ZookeeperBanner@42] -                                               | |                     
2021-02-25 17:38:45,146 [myid:] - INFO  [main:ZookeeperBanner@42] -                                               |_|                     
2021-02-25 17:38:45,146 [myid:] - INFO  [main:ZookeeperBanner@42] - 
2021-02-25 17:38:45,148 [myid:] - INFO  [main:Environment@98] - Server environment:zookeeper.version=3.6.2--803c7f1a12f85978cb049af5e4ef23bd8b688715, built on 09/04/2020 12:44 GMT
2021-02-25 17:38:45,148 [myid:] - INFO  [main:Environment@98] - Server environment:host.name=localhost
2021-02-25 17:38:45,148 [myid:] - INFO  [main:Environment@98] - Server environment:java.version=11.0.2
2021-02-25 17:38:45,148 [myid:] - INFO  [main:Environment@98] - Server environment:java.vendor=Oracle Corporation
2021-02-25 17:38:45,148 [myid:] - INFO  [main:Environment@98] - Server environment:java.home=/Library/Java/JavaVirtualMachines/jdk-11.0.2.jdk/Contents/Home
2021-02-25 17:38:45,148 [myid:] - INFO  [main:Environment@98] - Server environment:java.class.path=/Users/steve/Desktop/UofT/year4/winter2021/ECE419/milestone2/apache-zookeeper-3.6.2-bin/bin/../zookeeper-server/target/classes:/Users/steve/Desktop/UofT/year4/winter2021/ECE419/milestone2/apache-zookeeper-3.6.2-bin/bin/../build/classes:/Users/steve/Desktop/UofT/year4/winter2021/ECE419/milestone2/apache-zookeeper-3.6.2-bin/bin/../zookeeper-server/target/lib/*.jar:/Users/steve/Desktop/UofT/year4/winter2021/ECE419/milestone2/apache-zookeeper-3.6.2-bin/bin/../build/lib/*.jar:/Users/steve/Desktop/UofT/year4/winter2021/ECE419/milestone2/apache-zookeeper-3.6.2-bin/bin/../lib/zookeeper-prometheus-metrics-3.6.2.jar:/Users/steve/Desktop/UofT/year4/winter2021/ECE419/milestone2/apache-zookeeper-3.6.2-bin/bin/../lib/zookeeper-jute-3.6.2.jar:/Users/steve/Desktop/UofT/year4/winter2021/ECE419/milestone2/apache-zookeeper-3.6.2-bin/bin/../lib/zookeeper-3.6.2.jar:/Users/steve/Desktop/UofT/year4/winter2021/ECE419/milestone2/apache-zookeeper-3.6.2-bin/bin/../lib/snappy-java-1.1.7.jar:/Users/steve/Desktop/UofT/year4/winter2021/ECE419/milestone2/apache-zookeeper-3.6.2-bin/bin/../lib/slf4j-log4j12-1.7.25.jar:/Users/steve/Desktop/UofT/year4/winter2021/ECE419/milestone2/apache-zookeeper-3.6.2-bin/bin/../lib/slf4j-api-1.7.25.jar:/Users/steve/Desktop/UofT/year4/winter2021/ECE419/milestone2/apache-zookeeper-3.6.2-bin/bin/../lib/simpleclient_servlet-0.6.0.jar:/Users/steve/Desktop/UofT/year4/winter2021/ECE419/milestone2/apache-zookeeper-3.6.2-bin/bin/../lib/simpleclient_hotspot-0.6.0.jar:/Users/steve/Desktop/UofT/year4/winter2021/ECE419/milestone2/apache-zookeeper-3.6.2-bin/bin/../lib/simpleclient_common-0.6.0.jar:/Users/steve/Desktop/UofT/year4/winter2021/ECE419/milestone2/apache-zookeeper-3.6.2-bin/bin/../lib/simpleclient-0.6.0.jar:/Users/steve/Desktop/UofT/year4/winter2021/ECE419/milestone2/apache-zookeeper-3.6.2-bin/bin/../lib/netty-transport-native-unix-common-4.1.50.Final.jar:/Users/steve/Desktop/UofT/year4/winter2021/ECE419/milestone2/apache-zookeeper-3.6.2-bin/bin/../lib/netty-transport-native-epoll-4.1.50.Final.jar:/Users/steve/Desktop/UofT/year4/winter2021/ECE419/milestone2/apache-zookeeper-3.6.2-bin/bin/../lib/netty-transport-4.1.50.Final.jar:/Users/steve/Desktop/UofT/year4/winter2021/ECE419/milestone2/apache-zookeeper-3.6.2-bin/bin/../lib/netty-resolver-4.1.50.Final.jar:/Users/steve/Desktop/UofT/year4/winter2021/ECE419/milestone2/apache-zookeeper-3.6.2-bin/bin/../lib/netty-handler-4.1.50.Final.jar:/Users/steve/Desktop/UofT/year4/winter2021/ECE419/milestone2/apache-zookeeper-3.6.2-bin/bin/../lib/netty-common-4.1.50.Final.jar:/Users/steve/Desktop/UofT/year4/winter2021/ECE419/milestone2/apache-zookeeper-3.6.2-bin/bin/../lib/netty-codec-4.1.50.Final.jar:/Users/steve/Desktop/UofT/year4/winter2021/ECE419/milestone2/apache-zookeeper-3.6.2-bin/bin/../lib/netty-buffer-4.1.50.Final.jar:/Users/steve/Desktop/UofT/year4/winter2021/ECE419/milestone2/apache-zookeeper-3.6.2-bin/bin/../lib/metrics-core-3.2.5.jar:/Users/steve/Desktop/UofT/year4/winter2021/ECE419/milestone2/apache-zookeeper-3.6.2-bin/bin/../lib/log4j-1.2.17.jar:/Users/steve/Desktop/UofT/year4/winter2021/ECE419/milestone2/apache-zookeeper-3.6.2-bin/bin/../lib/json-simple-1.1.1.jar:/Users/steve/Desktop/UofT/year4/winter2021/ECE419/milestone2/apache-zookeeper-3.6.2-bin/bin/../lib/jline-2.14.6.jar:/Users/steve/Desktop/UofT/year4/winter2021/ECE419/milestone2/apache-zookeeper-3.6.2-bin/bin/../lib/jetty-util-9.4.24.v20191120.jar:/Users/steve/Desktop/UofT/year4/winter2021/ECE419/milestone2/apache-zookeeper-3.6.2-bin/bin/../lib/jetty-servlet-9.4.24.v20191120.jar:/Users/steve/Desktop/UofT/year4/winter2021/ECE419/milestone2/apache-zookeeper-3.6.2-bin/bin/../lib/jetty-server-9.4.24.v20191120.jar:/Users/steve/Desktop/UofT/year4/winter2021/ECE419/milestone2/apache-zookeeper-3.6.2-bin/bin/../lib/jetty-security-9.4.24.v20191120.jar:/Users/steve/Desktop/UofT/year4/winter2021/ECE419/milestone2/apache-zookeeper-3.6.2-bin/bin/../lib/jetty-io-9.4.24.v20191120.jar:/Users/steve/Desktop/UofT/year4/winter2021/ECE419/milestone2/apache-zookeeper-3.6.2-bin/bin/../lib/jetty-http-9.4.24.v20191120.jar:/Users/steve/Desktop/UofT/year4/winter2021/ECE419/milestone2/apache-zookeeper-3.6.2-bin/bin/../lib/javax.servlet-api-3.1.0.jar:/Users/steve/Desktop/UofT/year4/winter2021/ECE419/milestone2/apache-zookeeper-3.6.2-bin/bin/../lib/jackson-databind-2.10.3.jar:/Users/steve/Desktop/UofT/year4/winter2021/ECE419/milestone2/apache-zookeeper-3.6.2-bin/bin/../lib/jackson-core-2.10.3.jar:/Users/steve/Desktop/UofT/year4/winter2021/ECE419/milestone2/apache-zookeeper-3.6.2-bin/bin/../lib/jackson-annotations-2.10.3.jar:/Users/steve/Desktop/UofT/year4/winter2021/ECE419/milestone2/apache-zookeeper-3.6.2-bin/bin/../lib/commons-lang-2.6.jar:/Users/steve/Desktop/UofT/year4/winter2021/ECE419/milestone2/apache-zookeeper-3.6.2-bin/bin/../lib/commons-cli-1.2.jar:/Users/steve/Desktop/UofT/year4/winter2021/ECE419/milestone2/apache-zookeeper-3.6.2-bin/bin/../lib/audience-annotations-0.5.0.jar:/Users/steve/Desktop/UofT/year4/winter2021/ECE419/milestone2/apache-zookeeper-3.6.2-bin/bin/../zookeeper-*.jar:/Users/steve/Desktop/UofT/year4/winter2021/ECE419/milestone2/apache-zookeeper-3.6.2-bin/bin/../zookeeper-server/src/main/resources/lib/*.jar:/Users/steve/Desktop/UofT/year4/winter2021/ECE419/milestone2/apache-zookeeper-3.6.2-bin/bin/../conf:
2021-02-25 17:38:45,149 [myid:] - INFO  [main:Environment@98] - Server environment:java.library.path=/Users/steve/Library/Java/Extensions:/Library/Java/Extensions:/Network/Library/Java/Extensions:/System/Library/Java/Extensions:/usr/lib/java:.
2021-02-25 17:38:45,149 [myid:] - INFO  [main:Environment@98] - Server environment:java.io.tmpdir=/var/folders/kz/3gb57nkn6ks6_07_dtt5lqvr0000gn/T/
2021-02-25 17:38:45,149 [myid:] - INFO  [main:Environment@98] - Server environment:java.compiler=<NA>
2021-02-25 17:38:45,149 [myid:] - INFO  [main:Environment@98] - Server environment:os.name=Mac OS X
2021-02-25 17:38:45,149 [myid:] - INFO  [main:Environment@98] - Server environment:os.arch=x86_64
2021-02-25 17:38:45,149 [myid:] - INFO  [main:Environment@98] - Server environment:os.version=10.16
2021-02-25 17:38:45,149 [myid:] - INFO  [main:Environment@98] - Server environment:user.name=steve
2021-02-25 17:38:45,149 [myid:] - INFO  [main:Environment@98] - Server environment:user.home=/Users/steve
2021-02-25 17:38:45,149 [myid:] - INFO  [main:Environment@98] - Server environment:user.dir=/Users/steve/Desktop/UofT/year4/winter2021/ECE419/milestone2/apache-zookeeper-3.6.2-bin/bin
2021-02-25 17:38:45,149 [myid:] - INFO  [main:Environment@98] - Server environment:os.memory.free=241MB
2021-02-25 17:38:45,149 [myid:] - INFO  [main:Environment@98] - Server environment:os.memory.max=1000MB
2021-02-25 17:38:45,150 [myid:] - INFO  [main:Environment@98] - Server environment:os.memory.total=256MB
2021-02-25 17:38:45,150 [myid:] - INFO  [main:ZooKeeperServer@129] - zookeeper.enableEagerACLCheck = false
2021-02-25 17:38:45,150 [myid:] - INFO  [main:ZooKeeperServer@137] - zookeeper.digest.enabled = true
2021-02-25 17:38:45,150 [myid:] - INFO  [main:ZooKeeperServer@141] - zookeeper.closeSessionTxn.enabled = true
2021-02-25 17:38:45,150 [myid:] - INFO  [main:ZooKeeperServer@1444] - zookeeper.flushDelay=0
2021-02-25 17:38:45,150 [myid:] - INFO  [main:ZooKeeperServer@1453] - zookeeper.maxWriteQueuePollTime=0
2021-02-25 17:38:45,150 [myid:] - INFO  [main:ZooKeeperServer@1462] - zookeeper.maxBatchSize=1000
2021-02-25 17:38:45,150 [myid:] - INFO  [main:ZooKeeperServer@243] - zookeeper.intBufferStartingSizeBytes = 1024
2021-02-25 17:38:45,151 [myid:] - INFO  [main:BlueThrottle@141] - Weighed connection throttling is disabled
2021-02-25 17:38:45,152 [myid:] - INFO  [main:ZooKeeperServer@1256] - minSessionTimeout set to 4000
2021-02-25 17:38:45,152 [myid:] - INFO  [main:ZooKeeperServer@1265] - maxSessionTimeout set to 40000
2021-02-25 17:38:45,153 [myid:] - INFO  [main:ResponseCache@45] - Response cache size is initialized with value 400.
2021-02-25 17:38:45,153 [myid:] - INFO  [main:ResponseCache@45] - Response cache size is initialized with value 400.
2021-02-25 17:38:45,154 [myid:] - INFO  [main:RequestPathMetricsCollector@111] - zookeeper.pathStats.slotCapacity = 60
2021-02-25 17:38:45,154 [myid:] - INFO  [main:RequestPathMetricsCollector@112] - zookeeper.pathStats.slotDuration = 15
2021-02-25 17:38:45,154 [myid:] - INFO  [main:RequestPathMetricsCollector@113] - zookeeper.pathStats.maxDepth = 6
2021-02-25 17:38:45,154 [myid:] - INFO  [main:RequestPathMetricsCollector@114] - zookeeper.pathStats.initialDelay = 5
2021-02-25 17:38:45,154 [myid:] - INFO  [main:RequestPathMetricsCollector@115] - zookeeper.pathStats.delay = 5
2021-02-25 17:38:45,154 [myid:] - INFO  [main:RequestPathMetricsCollector@116] - zookeeper.pathStats.enabled = false
2021-02-25 17:38:45,156 [myid:] - INFO  [main:ZooKeeperServer@1481] - The max bytes for all large requests are set to 104857600
2021-02-25 17:38:45,156 [myid:] - INFO  [main:ZooKeeperServer@1495] - The large request threshold is set to -1
2021-02-25 17:38:45,156 [myid:] - INFO  [main:ZooKeeperServer@339] - Created server with tickTime 2000 minSessionTimeout 4000 maxSessionTimeout 40000 clientPortListenBacklog -1 datadir /tmp/zookeeper/version-2 snapdir /tmp/zookeeper/version-2
2021-02-25 17:38:45,172 [myid:] - INFO  [main:Log@169] - Logging initialized @641ms to org.eclipse.jetty.util.log.Slf4jLog
2021-02-25 17:38:45,224 [myid:] - WARN  [main:ContextHandler@1520] - o.e.j.s.ServletContextHandler@48e1f6c7{/,null,UNAVAILABLE} contextPath ends with /*
2021-02-25 17:38:45,224 [myid:] - WARN  [main:ContextHandler@1531] - Empty contextPath
2021-02-25 17:38:45,238 [myid:] - INFO  [main:Server@359] - jetty-9.4.24.v20191120; built: 2019-11-20T21:37:49.771Z; git: 363d5f2df3a8a28de40604320230664b9c793c16; jvm 11.0.2+9-LTS
2021-02-25 17:38:45,264 [myid:] - INFO  [main:DefaultSessionIdManager@333] - DefaultSessionIdManager workerName=node0
2021-02-25 17:38:45,264 [myid:] - INFO  [main:DefaultSessionIdManager@338] - No SessionScavenger set, using defaults
2021-02-25 17:38:45,265 [myid:] - INFO  [main:HouseKeeper@140] - node0 Scavenging every 600000ms
2021-02-25 17:38:45,267 [myid:] - WARN  [main:ConstraintSecurityHandler@757] - ServletContext@o.e.j.s.ServletContextHandler@48e1f6c7{/,null,STARTING} has uncovered http methods for path: /*
2021-02-25 17:38:45,273 [myid:] - INFO  [main:ContextHandler@825] - Started o.e.j.s.ServletContextHandler@48e1f6c7{/,null,AVAILABLE}
2021-02-25 17:38:45,287 [myid:] - INFO  [main:AbstractConnector@330] - Started ServerConnector@cb0755b{HTTP/1.1,[http/1.1]}{0.0.0.0:8080}
2021-02-25 17:38:45,288 [myid:] - INFO  [main:Server@399] - Started @756ms
2021-02-25 17:38:45,288 [myid:] - INFO  [main:JettyAdminServer@182] - Started AdminServer on address 0.0.0.0, port 8080 and command URL /commands
2021-02-25 17:38:45,292 [myid:] - INFO  [main:ServerCnxnFactory@169] - Using org.apache.zookeeper.server.NIOServerCnxnFactory as server connection factory
2021-02-25 17:38:45,293 [myid:] - WARN  [main:ServerCnxnFactory@309] - maxCnxns is not configured, using default value 0.
2021-02-25 17:38:45,294 [myid:] - INFO  [main:NIOServerCnxnFactory@666] - Configuring NIO connection handler with 10s sessionless connection timeout, 2 selector thread(s), 24 worker threads, and 64 kB direct buffers.
2021-02-25 17:38:45,295 [myid:] - INFO  [main:NIOServerCnxnFactory@674] - binding to port 0.0.0.0/0.0.0.0:2181
2021-02-25 17:38:45,306 [myid:] - INFO  [main:WatchManagerFactory@42] - Using org.apache.zookeeper.server.watch.WatchManager as watch manager
2021-02-25 17:38:45,307 [myid:] - INFO  [main:WatchManagerFactory@42] - Using org.apache.zookeeper.server.watch.WatchManager as watch manager
2021-02-25 17:38:45,308 [myid:] - INFO  [main:ZKDatabase@132] - zookeeper.snapshotSizeFactor = 0.33
2021-02-25 17:38:45,308 [myid:] - INFO  [main:ZKDatabase@152] - zookeeper.commitLogCount=500
2021-02-25 17:38:45,310 [myid:] - INFO  [main:SnapStream@61] - zookeeper.snapshot.compression.method = CHECKED
2021-02-25 17:38:45,313 [myid:] - INFO  [main:FileSnap@85] - Reading snapshot /tmp/zookeeper/version-2/snapshot.14
2021-02-25 17:38:45,317 [myid:] - INFO  [main:DataTree@1730] - The digest in the snapshot has digest version of 2, , with zxid as 0x14, and digest value as 3337553477
2021-02-25 17:38:45,330 [myid:] - INFO  [main:ZKAuditProvider@42] - ZooKeeper audit is disabled.
2021-02-25 17:38:45,331 [myid:] - INFO  [main:FileTxnSnapLog@363] - 16 txns loaded in 10 ms
2021-02-25 17:38:45,331 [myid:] - INFO  [main:ZKDatabase@289] - Snapshot loaded in 23 ms, highest zxid is 0x24, digest is 8001823779
2021-02-25 17:38:45,331 [myid:] - INFO  [main:FileTxnSnapLog@470] - Snapshotting: 0x24 to /tmp/zookeeper/version-2/snapshot.24
2021-02-25 17:38:45,333 [myid:] - INFO  [main:ZooKeeperServer@529] - Snapshot taken in 2 ms
2021-02-25 17:38:45,340 [myid:] - INFO  [ProcessThread(sid:0 cport:2181)::PrepRequestProcessor@136] - PrepRequestProcessor (sid:0) started, reconfigEnabled=false
2021-02-25 17:38:45,340 [myid:] - INFO  [main:RequestThrottler@74] - zookeeper.request_throttler.shutdownTimeout = 10000
2021-02-25 17:38:45,348 [myid:] - INFO  [main:ContainerManager@83] - Using checkIntervalMs=60000 maxPerMinute=10000 maxNeverUsedIntervalMs=0
2021-02-25 17:38:50,639 [myid:] - INFO  [SessionTracker:ZooKeeperServer@610] - Expiring session 0x10014fe1696000c, timeout of 4000ms exceeded
2021-02-25 17:38:50,641 [myid:] - INFO  [SyncThread:0:FileTxnLog@284] - Creating new log file: log.25
